[2024-09-21 12:04:53,130] {processor.py:153} INFO - Started process (PID=67) to work on /home/airflow/.local/lib/python3.7/site-packages/airflow/example_dags/example_external_task_marker_dag.py
[2024-09-21 12:04:53,138] {processor.py:641} INFO - Processing file /home/airflow/.local/lib/python3.7/site-packages/airflow/example_dags/example_external_task_marker_dag.py for tasks to queue
[2024-09-21 12:04:53,138] {logging_mixin.py:115} INFO - [2024-09-21 12:04:53,138] {dagbag.py:507} INFO - Filling up the DagBag from /home/airflow/.local/lib/python3.7/site-packages/airflow/example_dags/example_external_task_marker_dag.py
[2024-09-21 12:04:53,174] {processor.py:651} INFO - DAG(s) dict_keys(['example_external_task_marker_parent', 'example_external_task_marker_child']) retrieved from /home/airflow/.local/lib/python3.7/site-packages/airflow/example_dags/example_external_task_marker_dag.py
[2024-09-21 12:04:53,411] {logging_mixin.py:115} INFO - [2024-09-21 12:04:53,411] {dag.py:2379} INFO - Sync 2 DAGs
[2024-09-21 12:04:53,495] {logging_mixin.py:115} INFO - [2024-09-21 12:04:53,495] {dag.py:2927} INFO - Setting next_dagrun for example_external_task_marker_child to None, run_after=None
[2024-09-21 12:04:53,496] {logging_mixin.py:115} INFO - [2024-09-21 12:04:53,496] {dag.py:2927} INFO - Setting next_dagrun for example_external_task_marker_parent to None, run_after=None
[2024-09-21 12:04:53,585] {processor.py:161} INFO - Processing /home/airflow/.local/lib/python3.7/site-packages/airflow/example_dags/example_external_task_marker_dag.py took 0.478 seconds
[2024-09-21 12:05:23,813] {processor.py:153} INFO - Started process (PID=128) to work on /home/airflow/.local/lib/python3.7/site-packages/airflow/example_dags/example_external_task_marker_dag.py
[2024-09-21 12:05:23,814] {processor.py:641} INFO - Processing file /home/airflow/.local/lib/python3.7/site-packages/airflow/example_dags/example_external_task_marker_dag.py for tasks to queue
[2024-09-21 12:05:23,814] {logging_mixin.py:115} INFO - [2024-09-21 12:05:23,814] {dagbag.py:507} INFO - Filling up the DagBag from /home/airflow/.local/lib/python3.7/site-packages/airflow/example_dags/example_external_task_marker_dag.py
[2024-09-21 12:05:23,819] {processor.py:651} INFO - DAG(s) dict_keys(['example_external_task_marker_parent', 'example_external_task_marker_child']) retrieved from /home/airflow/.local/lib/python3.7/site-packages/airflow/example_dags/example_external_task_marker_dag.py
[2024-09-21 12:05:23,853] {logging_mixin.py:115} INFO - [2024-09-21 12:05:23,853] {dag.py:2379} INFO - Sync 2 DAGs
[2024-09-21 12:05:23,873] {logging_mixin.py:115} INFO - [2024-09-21 12:05:23,873] {dag.py:2927} INFO - Setting next_dagrun for example_external_task_marker_child to None, run_after=None
[2024-09-21 12:05:23,873] {logging_mixin.py:115} INFO - [2024-09-21 12:05:23,873] {dag.py:2927} INFO - Setting next_dagrun for example_external_task_marker_parent to None, run_after=None
[2024-09-21 12:05:23,917] {processor.py:161} INFO - Processing /home/airflow/.local/lib/python3.7/site-packages/airflow/example_dags/example_external_task_marker_dag.py took 0.109 seconds
[2024-09-21 12:05:54,753] {processor.py:153} INFO - Started process (PID=171) to work on /home/airflow/.local/lib/python3.7/site-packages/airflow/example_dags/example_external_task_marker_dag.py
[2024-09-21 12:05:54,755] {processor.py:641} INFO - Processing file /home/airflow/.local/lib/python3.7/site-packages/airflow/example_dags/example_external_task_marker_dag.py for tasks to queue
[2024-09-21 12:05:54,755] {logging_mixin.py:115} INFO - [2024-09-21 12:05:54,755] {dagbag.py:507} INFO - Filling up the DagBag from /home/airflow/.local/lib/python3.7/site-packages/airflow/example_dags/example_external_task_marker_dag.py
[2024-09-21 12:05:54,762] {processor.py:651} INFO - DAG(s) dict_keys(['example_external_task_marker_parent', 'example_external_task_marker_child']) retrieved from /home/airflow/.local/lib/python3.7/site-packages/airflow/example_dags/example_external_task_marker_dag.py
[2024-09-21 12:05:54,811] {logging_mixin.py:115} INFO - [2024-09-21 12:05:54,811] {dag.py:2379} INFO - Sync 2 DAGs
[2024-09-21 12:05:54,837] {logging_mixin.py:115} INFO - [2024-09-21 12:05:54,837] {dag.py:2927} INFO - Setting next_dagrun for example_external_task_marker_child to None, run_after=None
[2024-09-21 12:05:54,837] {logging_mixin.py:115} INFO - [2024-09-21 12:05:54,837] {dag.py:2927} INFO - Setting next_dagrun for example_external_task_marker_parent to None, run_after=None
[2024-09-21 12:05:54,851] {processor.py:161} INFO - Processing /home/airflow/.local/lib/python3.7/site-packages/airflow/example_dags/example_external_task_marker_dag.py took 0.104 seconds
[2024-09-21 12:06:24,882] {processor.py:153} INFO - Started process (PID=211) to work on /home/airflow/.local/lib/python3.7/site-packages/airflow/example_dags/example_external_task_marker_dag.py
[2024-09-21 12:06:24,883] {processor.py:641} INFO - Processing file /home/airflow/.local/lib/python3.7/site-packages/airflow/example_dags/example_external_task_marker_dag.py for tasks to queue
[2024-09-21 12:06:24,883] {logging_mixin.py:115} INFO - [2024-09-21 12:06:24,883] {dagbag.py:507} INFO - Filling up the DagBag from /home/airflow/.local/lib/python3.7/site-packages/airflow/example_dags/example_external_task_marker_dag.py
[2024-09-21 12:06:24,887] {processor.py:651} INFO - DAG(s) dict_keys(['example_external_task_marker_parent', 'example_external_task_marker_child']) retrieved from /home/airflow/.local/lib/python3.7/site-packages/airflow/example_dags/example_external_task_marker_dag.py
[2024-09-21 12:06:24,923] {logging_mixin.py:115} INFO - [2024-09-21 12:06:24,923] {dag.py:2379} INFO - Sync 2 DAGs
[2024-09-21 12:06:24,945] {logging_mixin.py:115} INFO - [2024-09-21 12:06:24,944] {dag.py:2927} INFO - Setting next_dagrun for example_external_task_marker_child to None, run_after=None
[2024-09-21 12:06:24,945] {logging_mixin.py:115} INFO - [2024-09-21 12:06:24,945] {dag.py:2927} INFO - Setting next_dagrun for example_external_task_marker_parent to None, run_after=None
[2024-09-21 12:06:24,956] {processor.py:161} INFO - Processing /home/airflow/.local/lib/python3.7/site-packages/airflow/example_dags/example_external_task_marker_dag.py took 0.076 seconds
[2024-09-21 12:06:55,997] {processor.py:153} INFO - Started process (PID=260) to work on /home/airflow/.local/lib/python3.7/site-packages/airflow/example_dags/example_external_task_marker_dag.py
[2024-09-21 12:06:55,998] {processor.py:641} INFO - Processing file /home/airflow/.local/lib/python3.7/site-packages/airflow/example_dags/example_external_task_marker_dag.py for tasks to queue
[2024-09-21 12:06:55,999] {logging_mixin.py:115} INFO - [2024-09-21 12:06:55,999] {dagbag.py:507} INFO - Filling up the DagBag from /home/airflow/.local/lib/python3.7/site-packages/airflow/example_dags/example_external_task_marker_dag.py
[2024-09-21 12:06:56,004] {processor.py:651} INFO - DAG(s) dict_keys(['example_external_task_marker_parent', 'example_external_task_marker_child']) retrieved from /home/airflow/.local/lib/python3.7/site-packages/airflow/example_dags/example_external_task_marker_dag.py
[2024-09-21 12:06:56,043] {logging_mixin.py:115} INFO - [2024-09-21 12:06:56,043] {dag.py:2379} INFO - Sync 2 DAGs
[2024-09-21 12:06:56,063] {logging_mixin.py:115} INFO - [2024-09-21 12:06:56,063] {dag.py:2927} INFO - Setting next_dagrun for example_external_task_marker_child to None, run_after=None
[2024-09-21 12:06:56,064] {logging_mixin.py:115} INFO - [2024-09-21 12:06:56,063] {dag.py:2927} INFO - Setting next_dagrun for example_external_task_marker_parent to None, run_after=None
[2024-09-21 12:06:56,074] {processor.py:161} INFO - Processing /home/airflow/.local/lib/python3.7/site-packages/airflow/example_dags/example_external_task_marker_dag.py took 0.080 seconds
[2024-09-21 12:07:26,664] {processor.py:153} INFO - Started process (PID=302) to work on /home/airflow/.local/lib/python3.7/site-packages/airflow/example_dags/example_external_task_marker_dag.py
[2024-09-21 12:07:26,664] {processor.py:641} INFO - Processing file /home/airflow/.local/lib/python3.7/site-packages/airflow/example_dags/example_external_task_marker_dag.py for tasks to queue
[2024-09-21 12:07:26,665] {logging_mixin.py:115} INFO - [2024-09-21 12:07:26,665] {dagbag.py:507} INFO - Filling up the DagBag from /home/airflow/.local/lib/python3.7/site-packages/airflow/example_dags/example_external_task_marker_dag.py
[2024-09-21 12:07:26,668] {processor.py:651} INFO - DAG(s) dict_keys(['example_external_task_marker_parent', 'example_external_task_marker_child']) retrieved from /home/airflow/.local/lib/python3.7/site-packages/airflow/example_dags/example_external_task_marker_dag.py
[2024-09-21 12:07:26,704] {logging_mixin.py:115} INFO - [2024-09-21 12:07:26,704] {dag.py:2379} INFO - Sync 2 DAGs
[2024-09-21 12:07:26,724] {logging_mixin.py:115} INFO - [2024-09-21 12:07:26,724] {dag.py:2927} INFO - Setting next_dagrun for example_external_task_marker_child to None, run_after=None
[2024-09-21 12:07:26,724] {logging_mixin.py:115} INFO - [2024-09-21 12:07:26,724] {dag.py:2927} INFO - Setting next_dagrun for example_external_task_marker_parent to None, run_after=None
[2024-09-21 12:07:26,734] {processor.py:161} INFO - Processing /home/airflow/.local/lib/python3.7/site-packages/airflow/example_dags/example_external_task_marker_dag.py took 0.072 seconds
[2024-09-21 12:07:57,116] {processor.py:153} INFO - Started process (PID=343) to work on /home/airflow/.local/lib/python3.7/site-packages/airflow/example_dags/example_external_task_marker_dag.py
[2024-09-21 12:07:57,117] {processor.py:641} INFO - Processing file /home/airflow/.local/lib/python3.7/site-packages/airflow/example_dags/example_external_task_marker_dag.py for tasks to queue
[2024-09-21 12:07:57,117] {logging_mixin.py:115} INFO - [2024-09-21 12:07:57,117] {dagbag.py:507} INFO - Filling up the DagBag from /home/airflow/.local/lib/python3.7/site-packages/airflow/example_dags/example_external_task_marker_dag.py
[2024-09-21 12:07:57,123] {processor.py:651} INFO - DAG(s) dict_keys(['example_external_task_marker_parent', 'example_external_task_marker_child']) retrieved from /home/airflow/.local/lib/python3.7/site-packages/airflow/example_dags/example_external_task_marker_dag.py
[2024-09-21 12:07:57,166] {logging_mixin.py:115} INFO - [2024-09-21 12:07:57,166] {dag.py:2379} INFO - Sync 2 DAGs
[2024-09-21 12:07:57,193] {logging_mixin.py:115} INFO - [2024-09-21 12:07:57,193] {dag.py:2927} INFO - Setting next_dagrun for example_external_task_marker_child to None, run_after=None
[2024-09-21 12:07:57,194] {logging_mixin.py:115} INFO - [2024-09-21 12:07:57,193] {dag.py:2927} INFO - Setting next_dagrun for example_external_task_marker_parent to None, run_after=None
[2024-09-21 12:07:57,207] {processor.py:161} INFO - Processing /home/airflow/.local/lib/python3.7/site-packages/airflow/example_dags/example_external_task_marker_dag.py took 0.094 seconds
[2024-09-21 12:08:27,313] {processor.py:153} INFO - Started process (PID=384) to work on /home/airflow/.local/lib/python3.7/site-packages/airflow/example_dags/example_external_task_marker_dag.py
[2024-09-21 12:08:27,314] {processor.py:641} INFO - Processing file /home/airflow/.local/lib/python3.7/site-packages/airflow/example_dags/example_external_task_marker_dag.py for tasks to queue
[2024-09-21 12:08:27,315] {logging_mixin.py:115} INFO - [2024-09-21 12:08:27,315] {dagbag.py:507} INFO - Filling up the DagBag from /home/airflow/.local/lib/python3.7/site-packages/airflow/example_dags/example_external_task_marker_dag.py
[2024-09-21 12:08:27,321] {processor.py:651} INFO - DAG(s) dict_keys(['example_external_task_marker_parent', 'example_external_task_marker_child']) retrieved from /home/airflow/.local/lib/python3.7/site-packages/airflow/example_dags/example_external_task_marker_dag.py
[2024-09-21 12:08:27,358] {logging_mixin.py:115} INFO - [2024-09-21 12:08:27,357] {dag.py:2379} INFO - Sync 2 DAGs
[2024-09-21 12:08:27,379] {logging_mixin.py:115} INFO - [2024-09-21 12:08:27,379] {dag.py:2927} INFO - Setting next_dagrun for example_external_task_marker_child to None, run_after=None
[2024-09-21 12:08:27,379] {logging_mixin.py:115} INFO - [2024-09-21 12:08:27,379] {dag.py:2927} INFO - Setting next_dagrun for example_external_task_marker_parent to None, run_after=None
[2024-09-21 12:08:27,391] {processor.py:161} INFO - Processing /home/airflow/.local/lib/python3.7/site-packages/airflow/example_dags/example_external_task_marker_dag.py took 0.083 seconds
[2024-09-21 12:08:58,590] {processor.py:153} INFO - Started process (PID=426) to work on /home/airflow/.local/lib/python3.7/site-packages/airflow/example_dags/example_external_task_marker_dag.py
[2024-09-21 12:08:58,590] {processor.py:641} INFO - Processing file /home/airflow/.local/lib/python3.7/site-packages/airflow/example_dags/example_external_task_marker_dag.py for tasks to queue
[2024-09-21 12:08:58,591] {logging_mixin.py:115} INFO - [2024-09-21 12:08:58,591] {dagbag.py:507} INFO - Filling up the DagBag from /home/airflow/.local/lib/python3.7/site-packages/airflow/example_dags/example_external_task_marker_dag.py
[2024-09-21 12:08:58,594] {processor.py:651} INFO - DAG(s) dict_keys(['example_external_task_marker_parent', 'example_external_task_marker_child']) retrieved from /home/airflow/.local/lib/python3.7/site-packages/airflow/example_dags/example_external_task_marker_dag.py
[2024-09-21 12:08:58,630] {logging_mixin.py:115} INFO - [2024-09-21 12:08:58,630] {dag.py:2379} INFO - Sync 2 DAGs
[2024-09-21 12:08:58,655] {logging_mixin.py:115} INFO - [2024-09-21 12:08:58,655] {dag.py:2927} INFO - Setting next_dagrun for example_external_task_marker_child to None, run_after=None
[2024-09-21 12:08:58,655] {logging_mixin.py:115} INFO - [2024-09-21 12:08:58,655] {dag.py:2927} INFO - Setting next_dagrun for example_external_task_marker_parent to None, run_after=None
[2024-09-21 12:08:58,664] {processor.py:161} INFO - Processing /home/airflow/.local/lib/python3.7/site-packages/airflow/example_dags/example_external_task_marker_dag.py took 0.077 seconds
[2024-09-21 12:09:30,042] {processor.py:153} INFO - Started process (PID=468) to work on /home/airflow/.local/lib/python3.7/site-packages/airflow/example_dags/example_external_task_marker_dag.py
[2024-09-21 12:09:30,043] {processor.py:641} INFO - Processing file /home/airflow/.local/lib/python3.7/site-packages/airflow/example_dags/example_external_task_marker_dag.py for tasks to queue
[2024-09-21 12:09:30,044] {logging_mixin.py:115} INFO - [2024-09-21 12:09:30,043] {dagbag.py:507} INFO - Filling up the DagBag from /home/airflow/.local/lib/python3.7/site-packages/airflow/example_dags/example_external_task_marker_dag.py
[2024-09-21 12:09:30,059] {processor.py:651} INFO - DAG(s) dict_keys(['example_external_task_marker_parent', 'example_external_task_marker_child']) retrieved from /home/airflow/.local/lib/python3.7/site-packages/airflow/example_dags/example_external_task_marker_dag.py
[2024-09-21 12:09:30,296] {logging_mixin.py:115} INFO - [2024-09-21 12:09:30,296] {dag.py:2379} INFO - Sync 2 DAGs
[2024-09-21 12:09:30,332] {logging_mixin.py:115} INFO - [2024-09-21 12:09:30,332] {dag.py:2927} INFO - Setting next_dagrun for example_external_task_marker_child to None, run_after=None
[2024-09-21 12:09:30,332] {logging_mixin.py:115} INFO - [2024-09-21 12:09:30,332] {dag.py:2927} INFO - Setting next_dagrun for example_external_task_marker_parent to None, run_after=None
[2024-09-21 12:09:30,357] {processor.py:161} INFO - Processing /home/airflow/.local/lib/python3.7/site-packages/airflow/example_dags/example_external_task_marker_dag.py took 0.322 seconds
[2024-09-21 12:10:42,754] {processor.py:153} INFO - Started process (PID=516) to work on /home/airflow/.local/lib/python3.7/site-packages/airflow/example_dags/example_external_task_marker_dag.py
[2024-09-21 12:10:42,755] {processor.py:641} INFO - Processing file /home/airflow/.local/lib/python3.7/site-packages/airflow/example_dags/example_external_task_marker_dag.py for tasks to queue
[2024-09-21 12:10:42,756] {logging_mixin.py:115} INFO - [2024-09-21 12:10:42,756] {dagbag.py:507} INFO - Filling up the DagBag from /home/airflow/.local/lib/python3.7/site-packages/airflow/example_dags/example_external_task_marker_dag.py
[2024-09-21 12:10:42,760] {processor.py:651} INFO - DAG(s) dict_keys(['example_external_task_marker_parent', 'example_external_task_marker_child']) retrieved from /home/airflow/.local/lib/python3.7/site-packages/airflow/example_dags/example_external_task_marker_dag.py
[2024-09-21 12:10:42,807] {logging_mixin.py:115} INFO - [2024-09-21 12:10:42,807] {dag.py:2379} INFO - Sync 2 DAGs
[2024-09-21 12:10:42,833] {logging_mixin.py:115} INFO - [2024-09-21 12:10:42,833] {dag.py:2927} INFO - Setting next_dagrun for example_external_task_marker_child to None, run_after=None
[2024-09-21 12:10:42,834] {logging_mixin.py:115} INFO - [2024-09-21 12:10:42,833] {dag.py:2927} INFO - Setting next_dagrun for example_external_task_marker_parent to None, run_after=None
[2024-09-21 12:10:42,846] {processor.py:161} INFO - Processing /home/airflow/.local/lib/python3.7/site-packages/airflow/example_dags/example_external_task_marker_dag.py took 0.095 seconds
[2024-09-21 12:21:28,583] {processor.py:153} INFO - Started process (PID=61) to work on /home/airflow/.local/lib/python3.7/site-packages/airflow/example_dags/example_external_task_marker_dag.py
[2024-09-21 12:21:28,586] {processor.py:641} INFO - Processing file /home/airflow/.local/lib/python3.7/site-packages/airflow/example_dags/example_external_task_marker_dag.py for tasks to queue
[2024-09-21 12:21:28,587] {logging_mixin.py:115} INFO - [2024-09-21 12:21:28,586] {dagbag.py:507} INFO - Filling up the DagBag from /home/airflow/.local/lib/python3.7/site-packages/airflow/example_dags/example_external_task_marker_dag.py
[2024-09-21 12:21:28,609] {processor.py:651} INFO - DAG(s) dict_keys(['example_external_task_marker_parent', 'example_external_task_marker_child']) retrieved from /home/airflow/.local/lib/python3.7/site-packages/airflow/example_dags/example_external_task_marker_dag.py
[2024-09-21 12:21:28,742] {logging_mixin.py:115} INFO - [2024-09-21 12:21:28,742] {dag.py:2379} INFO - Sync 2 DAGs
[2024-09-21 12:21:28,779] {logging_mixin.py:115} INFO - [2024-09-21 12:21:28,779] {dag.py:2927} INFO - Setting next_dagrun for example_external_task_marker_child to None, run_after=None
[2024-09-21 12:21:28,780] {logging_mixin.py:115} INFO - [2024-09-21 12:21:28,780] {dag.py:2927} INFO - Setting next_dagrun for example_external_task_marker_parent to None, run_after=None
[2024-09-21 12:21:28,801] {processor.py:161} INFO - Processing /home/airflow/.local/lib/python3.7/site-packages/airflow/example_dags/example_external_task_marker_dag.py took 0.222 seconds
[2024-09-21 12:21:59,568] {processor.py:153} INFO - Started process (PID=124) to work on /home/airflow/.local/lib/python3.7/site-packages/airflow/example_dags/example_external_task_marker_dag.py
[2024-09-21 12:21:59,569] {processor.py:641} INFO - Processing file /home/airflow/.local/lib/python3.7/site-packages/airflow/example_dags/example_external_task_marker_dag.py for tasks to queue
[2024-09-21 12:21:59,570] {logging_mixin.py:115} INFO - [2024-09-21 12:21:59,570] {dagbag.py:507} INFO - Filling up the DagBag from /home/airflow/.local/lib/python3.7/site-packages/airflow/example_dags/example_external_task_marker_dag.py
[2024-09-21 12:21:59,578] {processor.py:651} INFO - DAG(s) dict_keys(['example_external_task_marker_parent', 'example_external_task_marker_child']) retrieved from /home/airflow/.local/lib/python3.7/site-packages/airflow/example_dags/example_external_task_marker_dag.py
[2024-09-21 12:21:59,632] {logging_mixin.py:115} INFO - [2024-09-21 12:21:59,632] {dag.py:2379} INFO - Sync 2 DAGs
[2024-09-21 12:21:59,658] {logging_mixin.py:115} INFO - [2024-09-21 12:21:59,658] {dag.py:2927} INFO - Setting next_dagrun for example_external_task_marker_child to None, run_after=None
[2024-09-21 12:21:59,658] {logging_mixin.py:115} INFO - [2024-09-21 12:21:59,658] {dag.py:2927} INFO - Setting next_dagrun for example_external_task_marker_parent to None, run_after=None
[2024-09-21 12:21:59,674] {processor.py:161} INFO - Processing /home/airflow/.local/lib/python3.7/site-packages/airflow/example_dags/example_external_task_marker_dag.py took 0.109 seconds
[2024-09-21 12:22:29,949] {processor.py:153} INFO - Started process (PID=174) to work on /home/airflow/.local/lib/python3.7/site-packages/airflow/example_dags/example_external_task_marker_dag.py
[2024-09-21 12:22:29,950] {processor.py:641} INFO - Processing file /home/airflow/.local/lib/python3.7/site-packages/airflow/example_dags/example_external_task_marker_dag.py for tasks to queue
[2024-09-21 12:22:29,951] {logging_mixin.py:115} INFO - [2024-09-21 12:22:29,951] {dagbag.py:507} INFO - Filling up the DagBag from /home/airflow/.local/lib/python3.7/site-packages/airflow/example_dags/example_external_task_marker_dag.py
[2024-09-21 12:22:29,955] {processor.py:651} INFO - DAG(s) dict_keys(['example_external_task_marker_parent', 'example_external_task_marker_child']) retrieved from /home/airflow/.local/lib/python3.7/site-packages/airflow/example_dags/example_external_task_marker_dag.py
[2024-09-21 12:22:29,997] {logging_mixin.py:115} INFO - [2024-09-21 12:22:29,997] {dag.py:2379} INFO - Sync 2 DAGs
[2024-09-21 12:22:30,018] {logging_mixin.py:115} INFO - [2024-09-21 12:22:30,018] {dag.py:2927} INFO - Setting next_dagrun for example_external_task_marker_child to None, run_after=None
[2024-09-21 12:22:30,018] {logging_mixin.py:115} INFO - [2024-09-21 12:22:30,018] {dag.py:2927} INFO - Setting next_dagrun for example_external_task_marker_parent to None, run_after=None
[2024-09-21 12:22:30,028] {processor.py:161} INFO - Processing /home/airflow/.local/lib/python3.7/site-packages/airflow/example_dags/example_external_task_marker_dag.py took 0.083 seconds
[2024-09-21 12:23:00,237] {processor.py:153} INFO - Started process (PID=217) to work on /home/airflow/.local/lib/python3.7/site-packages/airflow/example_dags/example_external_task_marker_dag.py
[2024-09-21 12:23:00,237] {processor.py:641} INFO - Processing file /home/airflow/.local/lib/python3.7/site-packages/airflow/example_dags/example_external_task_marker_dag.py for tasks to queue
[2024-09-21 12:23:00,238] {logging_mixin.py:115} INFO - [2024-09-21 12:23:00,238] {dagbag.py:507} INFO - Filling up the DagBag from /home/airflow/.local/lib/python3.7/site-packages/airflow/example_dags/example_external_task_marker_dag.py
[2024-09-21 12:23:00,242] {processor.py:651} INFO - DAG(s) dict_keys(['example_external_task_marker_parent', 'example_external_task_marker_child']) retrieved from /home/airflow/.local/lib/python3.7/site-packages/airflow/example_dags/example_external_task_marker_dag.py
[2024-09-21 12:23:00,280] {logging_mixin.py:115} INFO - [2024-09-21 12:23:00,280] {dag.py:2379} INFO - Sync 2 DAGs
[2024-09-21 12:23:00,301] {logging_mixin.py:115} INFO - [2024-09-21 12:23:00,301] {dag.py:2927} INFO - Setting next_dagrun for example_external_task_marker_child to None, run_after=None
[2024-09-21 12:23:00,301] {logging_mixin.py:115} INFO - [2024-09-21 12:23:00,301] {dag.py:2927} INFO - Setting next_dagrun for example_external_task_marker_parent to None, run_after=None
[2024-09-21 12:23:00,311] {processor.py:161} INFO - Processing /home/airflow/.local/lib/python3.7/site-packages/airflow/example_dags/example_external_task_marker_dag.py took 0.077 seconds
[2024-09-21 12:23:30,741] {processor.py:153} INFO - Started process (PID=258) to work on /home/airflow/.local/lib/python3.7/site-packages/airflow/example_dags/example_external_task_marker_dag.py
[2024-09-21 12:23:30,742] {processor.py:641} INFO - Processing file /home/airflow/.local/lib/python3.7/site-packages/airflow/example_dags/example_external_task_marker_dag.py for tasks to queue
[2024-09-21 12:23:30,742] {logging_mixin.py:115} INFO - [2024-09-21 12:23:30,742] {dagbag.py:507} INFO - Filling up the DagBag from /home/airflow/.local/lib/python3.7/site-packages/airflow/example_dags/example_external_task_marker_dag.py
[2024-09-21 12:23:30,746] {processor.py:651} INFO - DAG(s) dict_keys(['example_external_task_marker_parent', 'example_external_task_marker_child']) retrieved from /home/airflow/.local/lib/python3.7/site-packages/airflow/example_dags/example_external_task_marker_dag.py
[2024-09-21 12:23:30,786] {logging_mixin.py:115} INFO - [2024-09-21 12:23:30,786] {dag.py:2379} INFO - Sync 2 DAGs
[2024-09-21 12:23:30,807] {logging_mixin.py:115} INFO - [2024-09-21 12:23:30,807] {dag.py:2927} INFO - Setting next_dagrun for example_external_task_marker_child to None, run_after=None
[2024-09-21 12:23:30,807] {logging_mixin.py:115} INFO - [2024-09-21 12:23:30,807] {dag.py:2927} INFO - Setting next_dagrun for example_external_task_marker_parent to None, run_after=None
[2024-09-21 12:23:30,818] {processor.py:161} INFO - Processing /home/airflow/.local/lib/python3.7/site-packages/airflow/example_dags/example_external_task_marker_dag.py took 0.080 seconds
[2024-09-21 12:24:01,162] {processor.py:153} INFO - Started process (PID=300) to work on /home/airflow/.local/lib/python3.7/site-packages/airflow/example_dags/example_external_task_marker_dag.py
[2024-09-21 12:24:01,163] {processor.py:641} INFO - Processing file /home/airflow/.local/lib/python3.7/site-packages/airflow/example_dags/example_external_task_marker_dag.py for tasks to queue
[2024-09-21 12:24:01,164] {logging_mixin.py:115} INFO - [2024-09-21 12:24:01,164] {dagbag.py:507} INFO - Filling up the DagBag from /home/airflow/.local/lib/python3.7/site-packages/airflow/example_dags/example_external_task_marker_dag.py
[2024-09-21 12:24:01,169] {processor.py:651} INFO - DAG(s) dict_keys(['example_external_task_marker_parent', 'example_external_task_marker_child']) retrieved from /home/airflow/.local/lib/python3.7/site-packages/airflow/example_dags/example_external_task_marker_dag.py
[2024-09-21 12:24:01,207] {logging_mixin.py:115} INFO - [2024-09-21 12:24:01,206] {dag.py:2379} INFO - Sync 2 DAGs
[2024-09-21 12:24:01,227] {logging_mixin.py:115} INFO - [2024-09-21 12:24:01,227] {dag.py:2927} INFO - Setting next_dagrun for example_external_task_marker_child to None, run_after=None
[2024-09-21 12:24:01,227] {logging_mixin.py:115} INFO - [2024-09-21 12:24:01,227] {dag.py:2927} INFO - Setting next_dagrun for example_external_task_marker_parent to None, run_after=None
[2024-09-21 12:24:01,238] {processor.py:161} INFO - Processing /home/airflow/.local/lib/python3.7/site-packages/airflow/example_dags/example_external_task_marker_dag.py took 0.082 seconds
[2024-09-21 12:24:32,105] {processor.py:153} INFO - Started process (PID=342) to work on /home/airflow/.local/lib/python3.7/site-packages/airflow/example_dags/example_external_task_marker_dag.py
[2024-09-21 12:24:32,107] {processor.py:641} INFO - Processing file /home/airflow/.local/lib/python3.7/site-packages/airflow/example_dags/example_external_task_marker_dag.py for tasks to queue
[2024-09-21 12:24:32,107] {logging_mixin.py:115} INFO - [2024-09-21 12:24:32,107] {dagbag.py:507} INFO - Filling up the DagBag from /home/airflow/.local/lib/python3.7/site-packages/airflow/example_dags/example_external_task_marker_dag.py
[2024-09-21 12:24:32,113] {processor.py:651} INFO - DAG(s) dict_keys(['example_external_task_marker_parent', 'example_external_task_marker_child']) retrieved from /home/airflow/.local/lib/python3.7/site-packages/airflow/example_dags/example_external_task_marker_dag.py
[2024-09-21 12:24:32,157] {logging_mixin.py:115} INFO - [2024-09-21 12:24:32,157] {dag.py:2379} INFO - Sync 2 DAGs
[2024-09-21 12:24:32,181] {logging_mixin.py:115} INFO - [2024-09-21 12:24:32,180] {dag.py:2927} INFO - Setting next_dagrun for example_external_task_marker_child to None, run_after=None
[2024-09-21 12:24:32,181] {logging_mixin.py:115} INFO - [2024-09-21 12:24:32,181] {dag.py:2927} INFO - Setting next_dagrun for example_external_task_marker_parent to None, run_after=None
[2024-09-21 12:24:32,194] {processor.py:161} INFO - Processing /home/airflow/.local/lib/python3.7/site-packages/airflow/example_dags/example_external_task_marker_dag.py took 0.094 seconds
[2024-09-21 12:25:02,659] {processor.py:153} INFO - Started process (PID=384) to work on /home/airflow/.local/lib/python3.7/site-packages/airflow/example_dags/example_external_task_marker_dag.py
[2024-09-21 12:25:02,660] {processor.py:641} INFO - Processing file /home/airflow/.local/lib/python3.7/site-packages/airflow/example_dags/example_external_task_marker_dag.py for tasks to queue
[2024-09-21 12:25:02,660] {logging_mixin.py:115} INFO - [2024-09-21 12:25:02,660] {dagbag.py:507} INFO - Filling up the DagBag from /home/airflow/.local/lib/python3.7/site-packages/airflow/example_dags/example_external_task_marker_dag.py
[2024-09-21 12:25:02,667] {processor.py:651} INFO - DAG(s) dict_keys(['example_external_task_marker_parent', 'example_external_task_marker_child']) retrieved from /home/airflow/.local/lib/python3.7/site-packages/airflow/example_dags/example_external_task_marker_dag.py
[2024-09-21 12:25:02,705] {logging_mixin.py:115} INFO - [2024-09-21 12:25:02,705] {dag.py:2379} INFO - Sync 2 DAGs
[2024-09-21 12:25:02,728] {logging_mixin.py:115} INFO - [2024-09-21 12:25:02,728] {dag.py:2927} INFO - Setting next_dagrun for example_external_task_marker_child to None, run_after=None
[2024-09-21 12:25:02,728] {logging_mixin.py:115} INFO - [2024-09-21 12:25:02,728] {dag.py:2927} INFO - Setting next_dagrun for example_external_task_marker_parent to None, run_after=None
[2024-09-21 12:25:02,741] {processor.py:161} INFO - Processing /home/airflow/.local/lib/python3.7/site-packages/airflow/example_dags/example_external_task_marker_dag.py took 0.088 seconds
[2024-09-21 12:25:33,044] {processor.py:153} INFO - Started process (PID=426) to work on /home/airflow/.local/lib/python3.7/site-packages/airflow/example_dags/example_external_task_marker_dag.py
[2024-09-21 12:25:33,044] {processor.py:641} INFO - Processing file /home/airflow/.local/lib/python3.7/site-packages/airflow/example_dags/example_external_task_marker_dag.py for tasks to queue
[2024-09-21 12:25:33,045] {logging_mixin.py:115} INFO - [2024-09-21 12:25:33,045] {dagbag.py:507} INFO - Filling up the DagBag from /home/airflow/.local/lib/python3.7/site-packages/airflow/example_dags/example_external_task_marker_dag.py
[2024-09-21 12:25:33,048] {processor.py:651} INFO - DAG(s) dict_keys(['example_external_task_marker_parent', 'example_external_task_marker_child']) retrieved from /home/airflow/.local/lib/python3.7/site-packages/airflow/example_dags/example_external_task_marker_dag.py
[2024-09-21 12:25:33,086] {logging_mixin.py:115} INFO - [2024-09-21 12:25:33,086] {dag.py:2379} INFO - Sync 2 DAGs
[2024-09-21 12:25:33,108] {logging_mixin.py:115} INFO - [2024-09-21 12:25:33,108] {dag.py:2927} INFO - Setting next_dagrun for example_external_task_marker_child to None, run_after=None
[2024-09-21 12:25:33,108] {logging_mixin.py:115} INFO - [2024-09-21 12:25:33,108] {dag.py:2927} INFO - Setting next_dagrun for example_external_task_marker_parent to None, run_after=None
[2024-09-21 12:25:33,118] {processor.py:161} INFO - Processing /home/airflow/.local/lib/python3.7/site-packages/airflow/example_dags/example_external_task_marker_dag.py took 0.078 seconds
[2024-09-21 12:26:03,316] {processor.py:153} INFO - Started process (PID=467) to work on /home/airflow/.local/lib/python3.7/site-packages/airflow/example_dags/example_external_task_marker_dag.py
[2024-09-21 12:26:03,317] {processor.py:641} INFO - Processing file /home/airflow/.local/lib/python3.7/site-packages/airflow/example_dags/example_external_task_marker_dag.py for tasks to queue
[2024-09-21 12:26:03,318] {logging_mixin.py:115} INFO - [2024-09-21 12:26:03,317] {dagbag.py:507} INFO - Filling up the DagBag from /home/airflow/.local/lib/python3.7/site-packages/airflow/example_dags/example_external_task_marker_dag.py
[2024-09-21 12:26:03,323] {processor.py:651} INFO - DAG(s) dict_keys(['example_external_task_marker_parent', 'example_external_task_marker_child']) retrieved from /home/airflow/.local/lib/python3.7/site-packages/airflow/example_dags/example_external_task_marker_dag.py
[2024-09-21 12:26:03,360] {logging_mixin.py:115} INFO - [2024-09-21 12:26:03,360] {dag.py:2379} INFO - Sync 2 DAGs
[2024-09-21 12:26:03,385] {logging_mixin.py:115} INFO - [2024-09-21 12:26:03,385] {dag.py:2927} INFO - Setting next_dagrun for example_external_task_marker_child to None, run_after=None
[2024-09-21 12:26:03,385] {logging_mixin.py:115} INFO - [2024-09-21 12:26:03,385] {dag.py:2927} INFO - Setting next_dagrun for example_external_task_marker_parent to None, run_after=None
[2024-09-21 12:26:03,396] {processor.py:161} INFO - Processing /home/airflow/.local/lib/python3.7/site-packages/airflow/example_dags/example_external_task_marker_dag.py took 0.085 seconds
[2024-09-21 12:26:33,444] {processor.py:153} INFO - Started process (PID=508) to work on /home/airflow/.local/lib/python3.7/site-packages/airflow/example_dags/example_external_task_marker_dag.py
[2024-09-21 12:26:33,444] {processor.py:641} INFO - Processing file /home/airflow/.local/lib/python3.7/site-packages/airflow/example_dags/example_external_task_marker_dag.py for tasks to queue
[2024-09-21 12:26:33,444] {logging_mixin.py:115} INFO - [2024-09-21 12:26:33,444] {dagbag.py:507} INFO - Filling up the DagBag from /home/airflow/.local/lib/python3.7/site-packages/airflow/example_dags/example_external_task_marker_dag.py
[2024-09-21 12:26:33,448] {processor.py:651} INFO - DAG(s) dict_keys(['example_external_task_marker_parent', 'example_external_task_marker_child']) retrieved from /home/airflow/.local/lib/python3.7/site-packages/airflow/example_dags/example_external_task_marker_dag.py
[2024-09-21 12:26:33,482] {logging_mixin.py:115} INFO - [2024-09-21 12:26:33,482] {dag.py:2379} INFO - Sync 2 DAGs
[2024-09-21 12:26:33,502] {logging_mixin.py:115} INFO - [2024-09-21 12:26:33,502] {dag.py:2927} INFO - Setting next_dagrun for example_external_task_marker_child to None, run_after=None
[2024-09-21 12:26:33,502] {logging_mixin.py:115} INFO - [2024-09-21 12:26:33,502] {dag.py:2927} INFO - Setting next_dagrun for example_external_task_marker_parent to None, run_after=None
[2024-09-21 12:26:33,513] {processor.py:161} INFO - Processing /home/airflow/.local/lib/python3.7/site-packages/airflow/example_dags/example_external_task_marker_dag.py took 0.072 seconds
[2024-09-21 12:27:03,791] {processor.py:153} INFO - Started process (PID=550) to work on /home/airflow/.local/lib/python3.7/site-packages/airflow/example_dags/example_external_task_marker_dag.py
[2024-09-21 12:27:03,791] {processor.py:641} INFO - Processing file /home/airflow/.local/lib/python3.7/site-packages/airflow/example_dags/example_external_task_marker_dag.py for tasks to queue
[2024-09-21 12:27:03,792] {logging_mixin.py:115} INFO - [2024-09-21 12:27:03,792] {dagbag.py:507} INFO - Filling up the DagBag from /home/airflow/.local/lib/python3.7/site-packages/airflow/example_dags/example_external_task_marker_dag.py
[2024-09-21 12:27:03,796] {processor.py:651} INFO - DAG(s) dict_keys(['example_external_task_marker_parent', 'example_external_task_marker_child']) retrieved from /home/airflow/.local/lib/python3.7/site-packages/airflow/example_dags/example_external_task_marker_dag.py
[2024-09-21 12:27:03,833] {logging_mixin.py:115} INFO - [2024-09-21 12:27:03,833] {dag.py:2379} INFO - Sync 2 DAGs
[2024-09-21 12:27:03,858] {logging_mixin.py:115} INFO - [2024-09-21 12:27:03,858] {dag.py:2927} INFO - Setting next_dagrun for example_external_task_marker_child to None, run_after=None
[2024-09-21 12:27:03,859] {logging_mixin.py:115} INFO - [2024-09-21 12:27:03,859] {dag.py:2927} INFO - Setting next_dagrun for example_external_task_marker_parent to None, run_after=None
[2024-09-21 12:27:03,870] {processor.py:161} INFO - Processing /home/airflow/.local/lib/python3.7/site-packages/airflow/example_dags/example_external_task_marker_dag.py took 0.082 seconds
[2024-09-21 12:27:34,043] {processor.py:153} INFO - Started process (PID=592) to work on /home/airflow/.local/lib/python3.7/site-packages/airflow/example_dags/example_external_task_marker_dag.py
[2024-09-21 12:27:34,044] {processor.py:641} INFO - Processing file /home/airflow/.local/lib/python3.7/site-packages/airflow/example_dags/example_external_task_marker_dag.py for tasks to queue
[2024-09-21 12:27:34,045] {logging_mixin.py:115} INFO - [2024-09-21 12:27:34,045] {dagbag.py:507} INFO - Filling up the DagBag from /home/airflow/.local/lib/python3.7/site-packages/airflow/example_dags/example_external_task_marker_dag.py
[2024-09-21 12:27:34,049] {processor.py:651} INFO - DAG(s) dict_keys(['example_external_task_marker_parent', 'example_external_task_marker_child']) retrieved from /home/airflow/.local/lib/python3.7/site-packages/airflow/example_dags/example_external_task_marker_dag.py
[2024-09-21 12:27:34,085] {logging_mixin.py:115} INFO - [2024-09-21 12:27:34,085] {dag.py:2379} INFO - Sync 2 DAGs
[2024-09-21 12:27:34,110] {logging_mixin.py:115} INFO - [2024-09-21 12:27:34,109] {dag.py:2927} INFO - Setting next_dagrun for example_external_task_marker_child to None, run_after=None
[2024-09-21 12:27:34,110] {logging_mixin.py:115} INFO - [2024-09-21 12:27:34,110] {dag.py:2927} INFO - Setting next_dagrun for example_external_task_marker_parent to None, run_after=None
[2024-09-21 12:27:34,121] {processor.py:161} INFO - Processing /home/airflow/.local/lib/python3.7/site-packages/airflow/example_dags/example_external_task_marker_dag.py took 0.083 seconds
[2024-09-21 12:28:04,304] {processor.py:153} INFO - Started process (PID=633) to work on /home/airflow/.local/lib/python3.7/site-packages/airflow/example_dags/example_external_task_marker_dag.py
[2024-09-21 12:28:04,305] {processor.py:641} INFO - Processing file /home/airflow/.local/lib/python3.7/site-packages/airflow/example_dags/example_external_task_marker_dag.py for tasks to queue
[2024-09-21 12:28:04,305] {logging_mixin.py:115} INFO - [2024-09-21 12:28:04,305] {dagbag.py:507} INFO - Filling up the DagBag from /home/airflow/.local/lib/python3.7/site-packages/airflow/example_dags/example_external_task_marker_dag.py
[2024-09-21 12:28:04,308] {processor.py:651} INFO - DAG(s) dict_keys(['example_external_task_marker_parent', 'example_external_task_marker_child']) retrieved from /home/airflow/.local/lib/python3.7/site-packages/airflow/example_dags/example_external_task_marker_dag.py
[2024-09-21 12:28:04,345] {logging_mixin.py:115} INFO - [2024-09-21 12:28:04,345] {dag.py:2379} INFO - Sync 2 DAGs
[2024-09-21 12:28:04,367] {logging_mixin.py:115} INFO - [2024-09-21 12:28:04,366] {dag.py:2927} INFO - Setting next_dagrun for example_external_task_marker_child to None, run_after=None
[2024-09-21 12:28:04,367] {logging_mixin.py:115} INFO - [2024-09-21 12:28:04,367] {dag.py:2927} INFO - Setting next_dagrun for example_external_task_marker_parent to None, run_after=None
[2024-09-21 12:28:04,377] {processor.py:161} INFO - Processing /home/airflow/.local/lib/python3.7/site-packages/airflow/example_dags/example_external_task_marker_dag.py took 0.075 seconds
[2024-09-21 12:28:34,489] {processor.py:153} INFO - Started process (PID=675) to work on /home/airflow/.local/lib/python3.7/site-packages/airflow/example_dags/example_external_task_marker_dag.py
[2024-09-21 12:28:34,490] {processor.py:641} INFO - Processing file /home/airflow/.local/lib/python3.7/site-packages/airflow/example_dags/example_external_task_marker_dag.py for tasks to queue
[2024-09-21 12:28:34,490] {logging_mixin.py:115} INFO - [2024-09-21 12:28:34,490] {dagbag.py:507} INFO - Filling up the DagBag from /home/airflow/.local/lib/python3.7/site-packages/airflow/example_dags/example_external_task_marker_dag.py
[2024-09-21 12:28:34,495] {processor.py:651} INFO - DAG(s) dict_keys(['example_external_task_marker_parent', 'example_external_task_marker_child']) retrieved from /home/airflow/.local/lib/python3.7/site-packages/airflow/example_dags/example_external_task_marker_dag.py
[2024-09-21 12:28:34,542] {logging_mixin.py:115} INFO - [2024-09-21 12:28:34,542] {dag.py:2379} INFO - Sync 2 DAGs
[2024-09-21 12:28:34,566] {logging_mixin.py:115} INFO - [2024-09-21 12:28:34,566] {dag.py:2927} INFO - Setting next_dagrun for example_external_task_marker_child to None, run_after=None
[2024-09-21 12:28:34,566] {logging_mixin.py:115} INFO - [2024-09-21 12:28:34,566] {dag.py:2927} INFO - Setting next_dagrun for example_external_task_marker_parent to None, run_after=None
[2024-09-21 12:28:34,580] {processor.py:161} INFO - Processing /home/airflow/.local/lib/python3.7/site-packages/airflow/example_dags/example_external_task_marker_dag.py took 0.095 seconds
[2024-09-21 12:29:04,611] {processor.py:153} INFO - Started process (PID=717) to work on /home/airflow/.local/lib/python3.7/site-packages/airflow/example_dags/example_external_task_marker_dag.py
[2024-09-21 12:29:04,612] {processor.py:641} INFO - Processing file /home/airflow/.local/lib/python3.7/site-packages/airflow/example_dags/example_external_task_marker_dag.py for tasks to queue
[2024-09-21 12:29:04,612] {logging_mixin.py:115} INFO - [2024-09-21 12:29:04,612] {dagbag.py:507} INFO - Filling up the DagBag from /home/airflow/.local/lib/python3.7/site-packages/airflow/example_dags/example_external_task_marker_dag.py
[2024-09-21 12:29:04,616] {processor.py:651} INFO - DAG(s) dict_keys(['example_external_task_marker_parent', 'example_external_task_marker_child']) retrieved from /home/airflow/.local/lib/python3.7/site-packages/airflow/example_dags/example_external_task_marker_dag.py
[2024-09-21 12:29:04,651] {logging_mixin.py:115} INFO - [2024-09-21 12:29:04,651] {dag.py:2379} INFO - Sync 2 DAGs
[2024-09-21 12:29:04,672] {logging_mixin.py:115} INFO - [2024-09-21 12:29:04,672] {dag.py:2927} INFO - Setting next_dagrun for example_external_task_marker_child to None, run_after=None
[2024-09-21 12:29:04,672] {logging_mixin.py:115} INFO - [2024-09-21 12:29:04,672] {dag.py:2927} INFO - Setting next_dagrun for example_external_task_marker_parent to None, run_after=None
[2024-09-21 12:29:04,683] {processor.py:161} INFO - Processing /home/airflow/.local/lib/python3.7/site-packages/airflow/example_dags/example_external_task_marker_dag.py took 0.075 seconds
[2024-09-21 12:29:34,806] {processor.py:153} INFO - Started process (PID=759) to work on /home/airflow/.local/lib/python3.7/site-packages/airflow/example_dags/example_external_task_marker_dag.py
[2024-09-21 12:29:34,807] {processor.py:641} INFO - Processing file /home/airflow/.local/lib/python3.7/site-packages/airflow/example_dags/example_external_task_marker_dag.py for tasks to queue
[2024-09-21 12:29:34,807] {logging_mixin.py:115} INFO - [2024-09-21 12:29:34,807] {dagbag.py:507} INFO - Filling up the DagBag from /home/airflow/.local/lib/python3.7/site-packages/airflow/example_dags/example_external_task_marker_dag.py
[2024-09-21 12:29:34,811] {processor.py:651} INFO - DAG(s) dict_keys(['example_external_task_marker_parent', 'example_external_task_marker_child']) retrieved from /home/airflow/.local/lib/python3.7/site-packages/airflow/example_dags/example_external_task_marker_dag.py
[2024-09-21 12:29:34,848] {logging_mixin.py:115} INFO - [2024-09-21 12:29:34,848] {dag.py:2379} INFO - Sync 2 DAGs
[2024-09-21 12:29:34,866] {logging_mixin.py:115} INFO - [2024-09-21 12:29:34,866] {dag.py:2927} INFO - Setting next_dagrun for example_external_task_marker_child to None, run_after=None
[2024-09-21 12:29:34,867] {logging_mixin.py:115} INFO - [2024-09-21 12:29:34,867] {dag.py:2927} INFO - Setting next_dagrun for example_external_task_marker_parent to None, run_after=None
[2024-09-21 12:29:34,877] {processor.py:161} INFO - Processing /home/airflow/.local/lib/python3.7/site-packages/airflow/example_dags/example_external_task_marker_dag.py took 0.074 seconds
[2024-09-21 12:30:05,862] {processor.py:153} INFO - Started process (PID=801) to work on /home/airflow/.local/lib/python3.7/site-packages/airflow/example_dags/example_external_task_marker_dag.py
[2024-09-21 12:30:05,863] {processor.py:641} INFO - Processing file /home/airflow/.local/lib/python3.7/site-packages/airflow/example_dags/example_external_task_marker_dag.py for tasks to queue
[2024-09-21 12:30:05,864] {logging_mixin.py:115} INFO - [2024-09-21 12:30:05,864] {dagbag.py:507} INFO - Filling up the DagBag from /home/airflow/.local/lib/python3.7/site-packages/airflow/example_dags/example_external_task_marker_dag.py
[2024-09-21 12:30:05,870] {processor.py:651} INFO - DAG(s) dict_keys(['example_external_task_marker_parent', 'example_external_task_marker_child']) retrieved from /home/airflow/.local/lib/python3.7/site-packages/airflow/example_dags/example_external_task_marker_dag.py
[2024-09-21 12:30:05,911] {logging_mixin.py:115} INFO - [2024-09-21 12:30:05,911] {dag.py:2379} INFO - Sync 2 DAGs
[2024-09-21 12:30:05,930] {logging_mixin.py:115} INFO - [2024-09-21 12:30:05,930] {dag.py:2927} INFO - Setting next_dagrun for example_external_task_marker_child to None, run_after=None
[2024-09-21 12:30:05,930] {logging_mixin.py:115} INFO - [2024-09-21 12:30:05,930] {dag.py:2927} INFO - Setting next_dagrun for example_external_task_marker_parent to None, run_after=None
[2024-09-21 12:30:05,941] {processor.py:161} INFO - Processing /home/airflow/.local/lib/python3.7/site-packages/airflow/example_dags/example_external_task_marker_dag.py took 0.083 seconds
[2024-09-21 12:30:36,823] {processor.py:153} INFO - Started process (PID=843) to work on /home/airflow/.local/lib/python3.7/site-packages/airflow/example_dags/example_external_task_marker_dag.py
[2024-09-21 12:30:36,824] {processor.py:641} INFO - Processing file /home/airflow/.local/lib/python3.7/site-packages/airflow/example_dags/example_external_task_marker_dag.py for tasks to queue
[2024-09-21 12:30:36,825] {logging_mixin.py:115} INFO - [2024-09-21 12:30:36,825] {dagbag.py:507} INFO - Filling up the DagBag from /home/airflow/.local/lib/python3.7/site-packages/airflow/example_dags/example_external_task_marker_dag.py
[2024-09-21 12:30:36,831] {processor.py:651} INFO - DAG(s) dict_keys(['example_external_task_marker_parent', 'example_external_task_marker_child']) retrieved from /home/airflow/.local/lib/python3.7/site-packages/airflow/example_dags/example_external_task_marker_dag.py
[2024-09-21 12:30:36,871] {logging_mixin.py:115} INFO - [2024-09-21 12:30:36,871] {dag.py:2379} INFO - Sync 2 DAGs
[2024-09-21 12:30:36,895] {logging_mixin.py:115} INFO - [2024-09-21 12:30:36,894] {dag.py:2927} INFO - Setting next_dagrun for example_external_task_marker_child to None, run_after=None
[2024-09-21 12:30:36,895] {logging_mixin.py:115} INFO - [2024-09-21 12:30:36,895] {dag.py:2927} INFO - Setting next_dagrun for example_external_task_marker_parent to None, run_after=None
[2024-09-21 12:30:36,907] {processor.py:161} INFO - Processing /home/airflow/.local/lib/python3.7/site-packages/airflow/example_dags/example_external_task_marker_dag.py took 0.087 seconds
[2024-09-21 12:35:10,072] {processor.py:153} INFO - Started process (PID=60) to work on /home/airflow/.local/lib/python3.7/site-packages/airflow/example_dags/example_external_task_marker_dag.py
[2024-09-21 12:35:10,073] {processor.py:641} INFO - Processing file /home/airflow/.local/lib/python3.7/site-packages/airflow/example_dags/example_external_task_marker_dag.py for tasks to queue
[2024-09-21 12:35:10,073] {logging_mixin.py:115} INFO - [2024-09-21 12:35:10,073] {dagbag.py:507} INFO - Filling up the DagBag from /home/airflow/.local/lib/python3.7/site-packages/airflow/example_dags/example_external_task_marker_dag.py
[2024-09-21 12:35:10,087] {processor.py:651} INFO - DAG(s) dict_keys(['example_external_task_marker_parent', 'example_external_task_marker_child']) retrieved from /home/airflow/.local/lib/python3.7/site-packages/airflow/example_dags/example_external_task_marker_dag.py
[2024-09-21 12:35:10,181] {logging_mixin.py:115} INFO - [2024-09-21 12:35:10,181] {dag.py:2379} INFO - Sync 2 DAGs
[2024-09-21 12:35:10,234] {logging_mixin.py:115} INFO - [2024-09-21 12:35:10,234] {dag.py:2927} INFO - Setting next_dagrun for example_external_task_marker_child to None, run_after=None
[2024-09-21 12:35:10,234] {logging_mixin.py:115} INFO - [2024-09-21 12:35:10,234] {dag.py:2927} INFO - Setting next_dagrun for example_external_task_marker_parent to None, run_after=None
[2024-09-21 12:35:10,266] {processor.py:161} INFO - Processing /home/airflow/.local/lib/python3.7/site-packages/airflow/example_dags/example_external_task_marker_dag.py took 0.198 seconds
[2024-09-21 12:35:41,146] {processor.py:153} INFO - Started process (PID=122) to work on /home/airflow/.local/lib/python3.7/site-packages/airflow/example_dags/example_external_task_marker_dag.py
[2024-09-21 12:35:41,147] {processor.py:641} INFO - Processing file /home/airflow/.local/lib/python3.7/site-packages/airflow/example_dags/example_external_task_marker_dag.py for tasks to queue
[2024-09-21 12:35:41,147] {logging_mixin.py:115} INFO - [2024-09-21 12:35:41,147] {dagbag.py:507} INFO - Filling up the DagBag from /home/airflow/.local/lib/python3.7/site-packages/airflow/example_dags/example_external_task_marker_dag.py
[2024-09-21 12:35:41,153] {processor.py:651} INFO - DAG(s) dict_keys(['example_external_task_marker_parent', 'example_external_task_marker_child']) retrieved from /home/airflow/.local/lib/python3.7/site-packages/airflow/example_dags/example_external_task_marker_dag.py
[2024-09-21 12:35:41,210] {logging_mixin.py:115} INFO - [2024-09-21 12:35:41,210] {dag.py:2379} INFO - Sync 2 DAGs
[2024-09-21 12:35:41,241] {logging_mixin.py:115} INFO - [2024-09-21 12:35:41,241] {dag.py:2927} INFO - Setting next_dagrun for example_external_task_marker_child to None, run_after=None
[2024-09-21 12:35:41,241] {logging_mixin.py:115} INFO - [2024-09-21 12:35:41,241] {dag.py:2927} INFO - Setting next_dagrun for example_external_task_marker_parent to None, run_after=None
[2024-09-21 12:35:41,258] {processor.py:161} INFO - Processing /home/airflow/.local/lib/python3.7/site-packages/airflow/example_dags/example_external_task_marker_dag.py took 0.118 seconds
[2024-09-21 12:36:11,540] {processor.py:153} INFO - Started process (PID=164) to work on /home/airflow/.local/lib/python3.7/site-packages/airflow/example_dags/example_external_task_marker_dag.py
[2024-09-21 12:36:11,541] {processor.py:641} INFO - Processing file /home/airflow/.local/lib/python3.7/site-packages/airflow/example_dags/example_external_task_marker_dag.py for tasks to queue
[2024-09-21 12:36:11,542] {logging_mixin.py:115} INFO - [2024-09-21 12:36:11,542] {dagbag.py:507} INFO - Filling up the DagBag from /home/airflow/.local/lib/python3.7/site-packages/airflow/example_dags/example_external_task_marker_dag.py
[2024-09-21 12:36:11,547] {processor.py:651} INFO - DAG(s) dict_keys(['example_external_task_marker_parent', 'example_external_task_marker_child']) retrieved from /home/airflow/.local/lib/python3.7/site-packages/airflow/example_dags/example_external_task_marker_dag.py
[2024-09-21 12:36:11,596] {logging_mixin.py:115} INFO - [2024-09-21 12:36:11,596] {dag.py:2379} INFO - Sync 2 DAGs
[2024-09-21 12:36:11,624] {logging_mixin.py:115} INFO - [2024-09-21 12:36:11,624] {dag.py:2927} INFO - Setting next_dagrun for example_external_task_marker_child to None, run_after=None
[2024-09-21 12:36:11,624] {logging_mixin.py:115} INFO - [2024-09-21 12:36:11,624] {dag.py:2927} INFO - Setting next_dagrun for example_external_task_marker_parent to None, run_after=None
[2024-09-21 12:36:11,637] {processor.py:161} INFO - Processing /home/airflow/.local/lib/python3.7/site-packages/airflow/example_dags/example_external_task_marker_dag.py took 0.101 seconds
[2024-09-21 12:36:41,833] {processor.py:153} INFO - Started process (PID=205) to work on /home/airflow/.local/lib/python3.7/site-packages/airflow/example_dags/example_external_task_marker_dag.py
[2024-09-21 12:36:41,834] {processor.py:641} INFO - Processing file /home/airflow/.local/lib/python3.7/site-packages/airflow/example_dags/example_external_task_marker_dag.py for tasks to queue
[2024-09-21 12:36:41,835] {logging_mixin.py:115} INFO - [2024-09-21 12:36:41,834] {dagbag.py:507} INFO - Filling up the DagBag from /home/airflow/.local/lib/python3.7/site-packages/airflow/example_dags/example_external_task_marker_dag.py
[2024-09-21 12:36:41,839] {processor.py:651} INFO - DAG(s) dict_keys(['example_external_task_marker_parent', 'example_external_task_marker_child']) retrieved from /home/airflow/.local/lib/python3.7/site-packages/airflow/example_dags/example_external_task_marker_dag.py
[2024-09-21 12:36:41,887] {logging_mixin.py:115} INFO - [2024-09-21 12:36:41,887] {dag.py:2379} INFO - Sync 2 DAGs
[2024-09-21 12:36:41,915] {logging_mixin.py:115} INFO - [2024-09-21 12:36:41,915] {dag.py:2927} INFO - Setting next_dagrun for example_external_task_marker_child to None, run_after=None
[2024-09-21 12:36:41,915] {logging_mixin.py:115} INFO - [2024-09-21 12:36:41,915] {dag.py:2927} INFO - Setting next_dagrun for example_external_task_marker_parent to None, run_after=None
[2024-09-21 12:36:41,929] {processor.py:161} INFO - Processing /home/airflow/.local/lib/python3.7/site-packages/airflow/example_dags/example_external_task_marker_dag.py took 0.100 seconds
[2024-09-21 12:37:12,893] {processor.py:153} INFO - Started process (PID=253) to work on /home/airflow/.local/lib/python3.7/site-packages/airflow/example_dags/example_external_task_marker_dag.py
[2024-09-21 12:37:12,894] {processor.py:641} INFO - Processing file /home/airflow/.local/lib/python3.7/site-packages/airflow/example_dags/example_external_task_marker_dag.py for tasks to queue
[2024-09-21 12:37:12,896] {logging_mixin.py:115} INFO - [2024-09-21 12:37:12,895] {dagbag.py:507} INFO - Filling up the DagBag from /home/airflow/.local/lib/python3.7/site-packages/airflow/example_dags/example_external_task_marker_dag.py
[2024-09-21 12:37:12,902] {processor.py:651} INFO - DAG(s) dict_keys(['example_external_task_marker_parent', 'example_external_task_marker_child']) retrieved from /home/airflow/.local/lib/python3.7/site-packages/airflow/example_dags/example_external_task_marker_dag.py
[2024-09-21 12:37:12,958] {logging_mixin.py:115} INFO - [2024-09-21 12:37:12,958] {dag.py:2379} INFO - Sync 2 DAGs
[2024-09-21 12:37:12,990] {logging_mixin.py:115} INFO - [2024-09-21 12:37:12,990] {dag.py:2927} INFO - Setting next_dagrun for example_external_task_marker_child to None, run_after=None
[2024-09-21 12:37:12,990] {logging_mixin.py:115} INFO - [2024-09-21 12:37:12,990] {dag.py:2927} INFO - Setting next_dagrun for example_external_task_marker_parent to None, run_after=None
[2024-09-21 12:37:13,006] {processor.py:161} INFO - Processing /home/airflow/.local/lib/python3.7/site-packages/airflow/example_dags/example_external_task_marker_dag.py took 0.120 seconds
[2024-09-21 20:17:46,892] {processor.py:153} INFO - Started process (PID=70) to work on /home/airflow/.local/lib/python3.7/site-packages/airflow/example_dags/example_external_task_marker_dag.py
[2024-09-21 20:17:46,893] {processor.py:641} INFO - Processing file /home/airflow/.local/lib/python3.7/site-packages/airflow/example_dags/example_external_task_marker_dag.py for tasks to queue
[2024-09-21 20:17:46,893] {logging_mixin.py:115} INFO - [2024-09-21 20:17:46,893] {dagbag.py:507} INFO - Filling up the DagBag from /home/airflow/.local/lib/python3.7/site-packages/airflow/example_dags/example_external_task_marker_dag.py
[2024-09-21 20:17:46,903] {processor.py:651} INFO - DAG(s) dict_keys(['example_external_task_marker_parent', 'example_external_task_marker_child']) retrieved from /home/airflow/.local/lib/python3.7/site-packages/airflow/example_dags/example_external_task_marker_dag.py
[2024-09-21 20:17:47,014] {logging_mixin.py:115} INFO - [2024-09-21 20:17:47,014] {dag.py:2379} INFO - Sync 2 DAGs
[2024-09-21 20:17:47,071] {logging_mixin.py:115} INFO - [2024-09-21 20:17:47,071] {dag.py:2927} INFO - Setting next_dagrun for example_external_task_marker_child to None, run_after=None
[2024-09-21 20:17:47,071] {logging_mixin.py:115} INFO - [2024-09-21 20:17:47,071] {dag.py:2927} INFO - Setting next_dagrun for example_external_task_marker_parent to None, run_after=None
[2024-09-21 20:17:47,113] {processor.py:161} INFO - Processing /home/airflow/.local/lib/python3.7/site-packages/airflow/example_dags/example_external_task_marker_dag.py took 0.224 seconds
[2024-09-21 20:18:17,532] {processor.py:153} INFO - Started process (PID=148) to work on /home/airflow/.local/lib/python3.7/site-packages/airflow/example_dags/example_external_task_marker_dag.py
[2024-09-21 20:18:17,533] {processor.py:641} INFO - Processing file /home/airflow/.local/lib/python3.7/site-packages/airflow/example_dags/example_external_task_marker_dag.py for tasks to queue
[2024-09-21 20:18:17,533] {logging_mixin.py:115} INFO - [2024-09-21 20:18:17,533] {dagbag.py:507} INFO - Filling up the DagBag from /home/airflow/.local/lib/python3.7/site-packages/airflow/example_dags/example_external_task_marker_dag.py
[2024-09-21 20:18:17,538] {processor.py:651} INFO - DAG(s) dict_keys(['example_external_task_marker_parent', 'example_external_task_marker_child']) retrieved from /home/airflow/.local/lib/python3.7/site-packages/airflow/example_dags/example_external_task_marker_dag.py
[2024-09-21 20:18:17,582] {logging_mixin.py:115} INFO - [2024-09-21 20:18:17,582] {dag.py:2379} INFO - Sync 2 DAGs
[2024-09-21 20:18:17,607] {logging_mixin.py:115} INFO - [2024-09-21 20:18:17,607] {dag.py:2927} INFO - Setting next_dagrun for example_external_task_marker_child to None, run_after=None
[2024-09-21 20:18:17,607] {logging_mixin.py:115} INFO - [2024-09-21 20:18:17,607] {dag.py:2927} INFO - Setting next_dagrun for example_external_task_marker_parent to None, run_after=None
[2024-09-21 20:18:17,620] {processor.py:161} INFO - Processing /home/airflow/.local/lib/python3.7/site-packages/airflow/example_dags/example_external_task_marker_dag.py took 0.090 seconds
[2024-09-21 20:18:48,682] {processor.py:153} INFO - Started process (PID=189) to work on /home/airflow/.local/lib/python3.7/site-packages/airflow/example_dags/example_external_task_marker_dag.py
[2024-09-21 20:18:48,682] {processor.py:641} INFO - Processing file /home/airflow/.local/lib/python3.7/site-packages/airflow/example_dags/example_external_task_marker_dag.py for tasks to queue
[2024-09-21 20:18:48,683] {logging_mixin.py:115} INFO - [2024-09-21 20:18:48,683] {dagbag.py:507} INFO - Filling up the DagBag from /home/airflow/.local/lib/python3.7/site-packages/airflow/example_dags/example_external_task_marker_dag.py
[2024-09-21 20:18:48,688] {processor.py:651} INFO - DAG(s) dict_keys(['example_external_task_marker_parent', 'example_external_task_marker_child']) retrieved from /home/airflow/.local/lib/python3.7/site-packages/airflow/example_dags/example_external_task_marker_dag.py
[2024-09-21 20:18:48,739] {logging_mixin.py:115} INFO - [2024-09-21 20:18:48,739] {dag.py:2379} INFO - Sync 2 DAGs
[2024-09-21 20:18:48,767] {logging_mixin.py:115} INFO - [2024-09-21 20:18:48,767] {dag.py:2927} INFO - Setting next_dagrun for example_external_task_marker_child to None, run_after=None
[2024-09-21 20:18:48,768] {logging_mixin.py:115} INFO - [2024-09-21 20:18:48,767] {dag.py:2927} INFO - Setting next_dagrun for example_external_task_marker_parent to None, run_after=None
[2024-09-21 20:18:48,782] {processor.py:161} INFO - Processing /home/airflow/.local/lib/python3.7/site-packages/airflow/example_dags/example_external_task_marker_dag.py took 0.104 seconds
[2024-09-21 20:19:18,938] {processor.py:153} INFO - Started process (PID=231) to work on /home/airflow/.local/lib/python3.7/site-packages/airflow/example_dags/example_external_task_marker_dag.py
[2024-09-21 20:19:18,938] {processor.py:641} INFO - Processing file /home/airflow/.local/lib/python3.7/site-packages/airflow/example_dags/example_external_task_marker_dag.py for tasks to queue
[2024-09-21 20:19:18,939] {logging_mixin.py:115} INFO - [2024-09-21 20:19:18,939] {dagbag.py:507} INFO - Filling up the DagBag from /home/airflow/.local/lib/python3.7/site-packages/airflow/example_dags/example_external_task_marker_dag.py
[2024-09-21 20:19:18,942] {processor.py:651} INFO - DAG(s) dict_keys(['example_external_task_marker_parent', 'example_external_task_marker_child']) retrieved from /home/airflow/.local/lib/python3.7/site-packages/airflow/example_dags/example_external_task_marker_dag.py
[2024-09-21 20:19:18,995] {logging_mixin.py:115} INFO - [2024-09-21 20:19:18,995] {dag.py:2379} INFO - Sync 2 DAGs
[2024-09-21 20:19:19,023] {logging_mixin.py:115} INFO - [2024-09-21 20:19:19,023] {dag.py:2927} INFO - Setting next_dagrun for example_external_task_marker_child to None, run_after=None
[2024-09-21 20:19:19,023] {logging_mixin.py:115} INFO - [2024-09-21 20:19:19,023] {dag.py:2927} INFO - Setting next_dagrun for example_external_task_marker_parent to None, run_after=None
[2024-09-21 20:19:19,043] {processor.py:161} INFO - Processing /home/airflow/.local/lib/python3.7/site-packages/airflow/example_dags/example_external_task_marker_dag.py took 0.108 seconds
[2024-09-21 22:29:09,811] {processor.py:153} INFO - Started process (PID=75) to work on /home/airflow/.local/lib/python3.7/site-packages/airflow/example_dags/example_external_task_marker_dag.py
[2024-09-21 22:29:09,814] {processor.py:641} INFO - Processing file /home/airflow/.local/lib/python3.7/site-packages/airflow/example_dags/example_external_task_marker_dag.py for tasks to queue
[2024-09-21 22:29:09,815] {logging_mixin.py:115} INFO - [2024-09-21 22:29:09,815] {dagbag.py:507} INFO - Filling up the DagBag from /home/airflow/.local/lib/python3.7/site-packages/airflow/example_dags/example_external_task_marker_dag.py
[2024-09-21 22:29:09,835] {processor.py:651} INFO - DAG(s) dict_keys(['example_external_task_marker_parent', 'example_external_task_marker_child']) retrieved from /home/airflow/.local/lib/python3.7/site-packages/airflow/example_dags/example_external_task_marker_dag.py
[2024-09-21 22:29:10,009] {logging_mixin.py:115} INFO - [2024-09-21 22:29:10,008] {dag.py:2379} INFO - Sync 2 DAGs
[2024-09-21 22:29:10,093] {logging_mixin.py:115} INFO - [2024-09-21 22:29:10,092] {dag.py:2927} INFO - Setting next_dagrun for example_external_task_marker_child to None, run_after=None
[2024-09-21 22:29:10,093] {logging_mixin.py:115} INFO - [2024-09-21 22:29:10,093] {dag.py:2927} INFO - Setting next_dagrun for example_external_task_marker_parent to None, run_after=None
[2024-09-21 22:29:10,133] {processor.py:161} INFO - Processing /home/airflow/.local/lib/python3.7/site-packages/airflow/example_dags/example_external_task_marker_dag.py took 0.329 seconds
