[2024-09-21 12:04:55,616] {processor.py:153} INFO - Started process (PID=84) to work on /home/airflow/.local/lib/python3.7/site-packages/airflow/example_dags/example_branch_operator_decorator.py
[2024-09-21 12:04:55,616] {processor.py:641} INFO - Processing file /home/airflow/.local/lib/python3.7/site-packages/airflow/example_dags/example_branch_operator_decorator.py for tasks to queue
[2024-09-21 12:04:55,617] {logging_mixin.py:115} INFO - [2024-09-21 12:04:55,617] {dagbag.py:507} INFO - Filling up the DagBag from /home/airflow/.local/lib/python3.7/site-packages/airflow/example_dags/example_branch_operator_decorator.py
[2024-09-21 12:04:55,666] {processor.py:651} INFO - DAG(s) dict_keys(['example_branch_python_operator_decorator']) retrieved from /home/airflow/.local/lib/python3.7/site-packages/airflow/example_dags/example_branch_operator_decorator.py
[2024-09-21 12:04:55,787] {logging_mixin.py:115} INFO - [2024-09-21 12:04:55,787] {dag.py:2379} INFO - Sync 1 DAGs
[2024-09-21 12:04:55,862] {logging_mixin.py:115} INFO - [2024-09-21 12:04:55,862] {dag.py:2927} INFO - Setting next_dagrun for example_branch_python_operator_decorator to 2024-09-20T00:00:00+00:00, run_after=2024-09-21T00:00:00+00:00
[2024-09-21 12:04:55,889] {processor.py:161} INFO - Processing /home/airflow/.local/lib/python3.7/site-packages/airflow/example_dags/example_branch_operator_decorator.py took 0.283 seconds
[2024-09-21 12:05:26,904] {processor.py:153} INFO - Started process (PID=139) to work on /home/airflow/.local/lib/python3.7/site-packages/airflow/example_dags/example_branch_operator_decorator.py
[2024-09-21 12:05:26,907] {processor.py:641} INFO - Processing file /home/airflow/.local/lib/python3.7/site-packages/airflow/example_dags/example_branch_operator_decorator.py for tasks to queue
[2024-09-21 12:05:26,908] {logging_mixin.py:115} INFO - [2024-09-21 12:05:26,908] {dagbag.py:507} INFO - Filling up the DagBag from /home/airflow/.local/lib/python3.7/site-packages/airflow/example_dags/example_branch_operator_decorator.py
[2024-09-21 12:05:26,975] {processor.py:651} INFO - DAG(s) dict_keys(['example_branch_python_operator_decorator']) retrieved from /home/airflow/.local/lib/python3.7/site-packages/airflow/example_dags/example_branch_operator_decorator.py
[2024-09-21 12:05:27,051] {logging_mixin.py:115} INFO - [2024-09-21 12:05:27,051] {dag.py:2379} INFO - Sync 1 DAGs
[2024-09-21 12:05:27,101] {logging_mixin.py:115} INFO - [2024-09-21 12:05:27,101] {dag.py:2927} INFO - Setting next_dagrun for example_branch_python_operator_decorator to 2024-09-20T00:00:00+00:00, run_after=2024-09-21T00:00:00+00:00
[2024-09-21 12:05:27,121] {processor.py:161} INFO - Processing /home/airflow/.local/lib/python3.7/site-packages/airflow/example_dags/example_branch_operator_decorator.py took 0.225 seconds
[2024-09-21 12:05:57,467] {processor.py:153} INFO - Started process (PID=181) to work on /home/airflow/.local/lib/python3.7/site-packages/airflow/example_dags/example_branch_operator_decorator.py
[2024-09-21 12:05:57,468] {processor.py:641} INFO - Processing file /home/airflow/.local/lib/python3.7/site-packages/airflow/example_dags/example_branch_operator_decorator.py for tasks to queue
[2024-09-21 12:05:57,468] {logging_mixin.py:115} INFO - [2024-09-21 12:05:57,468] {dagbag.py:507} INFO - Filling up the DagBag from /home/airflow/.local/lib/python3.7/site-packages/airflow/example_dags/example_branch_operator_decorator.py
[2024-09-21 12:05:57,483] {processor.py:651} INFO - DAG(s) dict_keys(['example_branch_python_operator_decorator']) retrieved from /home/airflow/.local/lib/python3.7/site-packages/airflow/example_dags/example_branch_operator_decorator.py
[2024-09-21 12:05:57,507] {logging_mixin.py:115} INFO - [2024-09-21 12:05:57,506] {dag.py:2379} INFO - Sync 1 DAGs
[2024-09-21 12:05:57,528] {logging_mixin.py:115} INFO - [2024-09-21 12:05:57,528] {dag.py:2927} INFO - Setting next_dagrun for example_branch_python_operator_decorator to 2024-09-20T00:00:00+00:00, run_after=2024-09-21T00:00:00+00:00
[2024-09-21 12:05:57,538] {processor.py:161} INFO - Processing /home/airflow/.local/lib/python3.7/site-packages/airflow/example_dags/example_branch_operator_decorator.py took 0.073 seconds
[2024-09-21 12:06:27,814] {processor.py:153} INFO - Started process (PID=222) to work on /home/airflow/.local/lib/python3.7/site-packages/airflow/example_dags/example_branch_operator_decorator.py
[2024-09-21 12:06:27,815] {processor.py:641} INFO - Processing file /home/airflow/.local/lib/python3.7/site-packages/airflow/example_dags/example_branch_operator_decorator.py for tasks to queue
[2024-09-21 12:06:27,816] {logging_mixin.py:115} INFO - [2024-09-21 12:06:27,815] {dagbag.py:507} INFO - Filling up the DagBag from /home/airflow/.local/lib/python3.7/site-packages/airflow/example_dags/example_branch_operator_decorator.py
[2024-09-21 12:06:27,830] {processor.py:651} INFO - DAG(s) dict_keys(['example_branch_python_operator_decorator']) retrieved from /home/airflow/.local/lib/python3.7/site-packages/airflow/example_dags/example_branch_operator_decorator.py
[2024-09-21 12:06:27,853] {logging_mixin.py:115} INFO - [2024-09-21 12:06:27,853] {dag.py:2379} INFO - Sync 1 DAGs
[2024-09-21 12:06:27,875] {logging_mixin.py:115} INFO - [2024-09-21 12:06:27,875] {dag.py:2927} INFO - Setting next_dagrun for example_branch_python_operator_decorator to 2024-09-20T00:00:00+00:00, run_after=2024-09-21T00:00:00+00:00
[2024-09-21 12:06:27,884] {processor.py:161} INFO - Processing /home/airflow/.local/lib/python3.7/site-packages/airflow/example_dags/example_branch_operator_decorator.py took 0.075 seconds
[2024-09-21 12:06:58,558] {processor.py:153} INFO - Started process (PID=270) to work on /home/airflow/.local/lib/python3.7/site-packages/airflow/example_dags/example_branch_operator_decorator.py
[2024-09-21 12:06:58,559] {processor.py:641} INFO - Processing file /home/airflow/.local/lib/python3.7/site-packages/airflow/example_dags/example_branch_operator_decorator.py for tasks to queue
[2024-09-21 12:06:58,559] {logging_mixin.py:115} INFO - [2024-09-21 12:06:58,559] {dagbag.py:507} INFO - Filling up the DagBag from /home/airflow/.local/lib/python3.7/site-packages/airflow/example_dags/example_branch_operator_decorator.py
[2024-09-21 12:06:58,573] {processor.py:651} INFO - DAG(s) dict_keys(['example_branch_python_operator_decorator']) retrieved from /home/airflow/.local/lib/python3.7/site-packages/airflow/example_dags/example_branch_operator_decorator.py
[2024-09-21 12:06:58,594] {logging_mixin.py:115} INFO - [2024-09-21 12:06:58,594] {dag.py:2379} INFO - Sync 1 DAGs
[2024-09-21 12:06:58,614] {logging_mixin.py:115} INFO - [2024-09-21 12:06:58,614] {dag.py:2927} INFO - Setting next_dagrun for example_branch_python_operator_decorator to 2024-09-20T00:00:00+00:00, run_after=2024-09-21T00:00:00+00:00
[2024-09-21 12:06:58,624] {processor.py:161} INFO - Processing /home/airflow/.local/lib/python3.7/site-packages/airflow/example_dags/example_branch_operator_decorator.py took 0.068 seconds
[2024-09-21 12:07:29,218] {processor.py:153} INFO - Started process (PID=312) to work on /home/airflow/.local/lib/python3.7/site-packages/airflow/example_dags/example_branch_operator_decorator.py
[2024-09-21 12:07:29,219] {processor.py:641} INFO - Processing file /home/airflow/.local/lib/python3.7/site-packages/airflow/example_dags/example_branch_operator_decorator.py for tasks to queue
[2024-09-21 12:07:29,219] {logging_mixin.py:115} INFO - [2024-09-21 12:07:29,219] {dagbag.py:507} INFO - Filling up the DagBag from /home/airflow/.local/lib/python3.7/site-packages/airflow/example_dags/example_branch_operator_decorator.py
[2024-09-21 12:07:29,235] {processor.py:651} INFO - DAG(s) dict_keys(['example_branch_python_operator_decorator']) retrieved from /home/airflow/.local/lib/python3.7/site-packages/airflow/example_dags/example_branch_operator_decorator.py
[2024-09-21 12:07:29,260] {logging_mixin.py:115} INFO - [2024-09-21 12:07:29,260] {dag.py:2379} INFO - Sync 1 DAGs
[2024-09-21 12:07:29,282] {logging_mixin.py:115} INFO - [2024-09-21 12:07:29,282] {dag.py:2927} INFO - Setting next_dagrun for example_branch_python_operator_decorator to 2024-09-20T00:00:00+00:00, run_after=2024-09-21T00:00:00+00:00
[2024-09-21 12:07:29,293] {processor.py:161} INFO - Processing /home/airflow/.local/lib/python3.7/site-packages/airflow/example_dags/example_branch_operator_decorator.py took 0.078 seconds
[2024-09-21 12:07:59,733] {processor.py:153} INFO - Started process (PID=353) to work on /home/airflow/.local/lib/python3.7/site-packages/airflow/example_dags/example_branch_operator_decorator.py
[2024-09-21 12:07:59,734] {processor.py:641} INFO - Processing file /home/airflow/.local/lib/python3.7/site-packages/airflow/example_dags/example_branch_operator_decorator.py for tasks to queue
[2024-09-21 12:07:59,735] {logging_mixin.py:115} INFO - [2024-09-21 12:07:59,735] {dagbag.py:507} INFO - Filling up the DagBag from /home/airflow/.local/lib/python3.7/site-packages/airflow/example_dags/example_branch_operator_decorator.py
[2024-09-21 12:07:59,756] {processor.py:651} INFO - DAG(s) dict_keys(['example_branch_python_operator_decorator']) retrieved from /home/airflow/.local/lib/python3.7/site-packages/airflow/example_dags/example_branch_operator_decorator.py
[2024-09-21 12:07:59,780] {logging_mixin.py:115} INFO - [2024-09-21 12:07:59,780] {dag.py:2379} INFO - Sync 1 DAGs
[2024-09-21 12:07:59,801] {logging_mixin.py:115} INFO - [2024-09-21 12:07:59,801] {dag.py:2927} INFO - Setting next_dagrun for example_branch_python_operator_decorator to 2024-09-20T00:00:00+00:00, run_after=2024-09-21T00:00:00+00:00
[2024-09-21 12:07:59,810] {processor.py:161} INFO - Processing /home/airflow/.local/lib/python3.7/site-packages/airflow/example_dags/example_branch_operator_decorator.py took 0.082 seconds
[2024-09-21 12:08:29,870] {processor.py:153} INFO - Started process (PID=394) to work on /home/airflow/.local/lib/python3.7/site-packages/airflow/example_dags/example_branch_operator_decorator.py
[2024-09-21 12:08:29,871] {processor.py:641} INFO - Processing file /home/airflow/.local/lib/python3.7/site-packages/airflow/example_dags/example_branch_operator_decorator.py for tasks to queue
[2024-09-21 12:08:29,872] {logging_mixin.py:115} INFO - [2024-09-21 12:08:29,872] {dagbag.py:507} INFO - Filling up the DagBag from /home/airflow/.local/lib/python3.7/site-packages/airflow/example_dags/example_branch_operator_decorator.py
[2024-09-21 12:08:29,888] {processor.py:651} INFO - DAG(s) dict_keys(['example_branch_python_operator_decorator']) retrieved from /home/airflow/.local/lib/python3.7/site-packages/airflow/example_dags/example_branch_operator_decorator.py
[2024-09-21 12:08:29,912] {logging_mixin.py:115} INFO - [2024-09-21 12:08:29,912] {dag.py:2379} INFO - Sync 1 DAGs
[2024-09-21 12:08:29,931] {logging_mixin.py:115} INFO - [2024-09-21 12:08:29,931] {dag.py:2927} INFO - Setting next_dagrun for example_branch_python_operator_decorator to 2024-09-20T00:00:00+00:00, run_after=2024-09-21T00:00:00+00:00
[2024-09-21 12:08:29,941] {processor.py:161} INFO - Processing /home/airflow/.local/lib/python3.7/site-packages/airflow/example_dags/example_branch_operator_decorator.py took 0.076 seconds
[2024-09-21 12:09:00,400] {processor.py:153} INFO - Started process (PID=436) to work on /home/airflow/.local/lib/python3.7/site-packages/airflow/example_dags/example_branch_operator_decorator.py
[2024-09-21 12:09:00,401] {processor.py:641} INFO - Processing file /home/airflow/.local/lib/python3.7/site-packages/airflow/example_dags/example_branch_operator_decorator.py for tasks to queue
[2024-09-21 12:09:00,401] {logging_mixin.py:115} INFO - [2024-09-21 12:09:00,401] {dagbag.py:507} INFO - Filling up the DagBag from /home/airflow/.local/lib/python3.7/site-packages/airflow/example_dags/example_branch_operator_decorator.py
[2024-09-21 12:09:00,427] {processor.py:651} INFO - DAG(s) dict_keys(['example_branch_python_operator_decorator']) retrieved from /home/airflow/.local/lib/python3.7/site-packages/airflow/example_dags/example_branch_operator_decorator.py
[2024-09-21 12:09:00,479] {logging_mixin.py:115} INFO - [2024-09-21 12:09:00,479] {dag.py:2379} INFO - Sync 1 DAGs
[2024-09-21 12:09:00,543] {logging_mixin.py:115} INFO - [2024-09-21 12:09:00,543] {dag.py:2927} INFO - Setting next_dagrun for example_branch_python_operator_decorator to 2024-09-20T00:00:00+00:00, run_after=2024-09-21T00:00:00+00:00
[2024-09-21 12:09:00,568] {processor.py:161} INFO - Processing /home/airflow/.local/lib/python3.7/site-packages/airflow/example_dags/example_branch_operator_decorator.py took 0.173 seconds
[2024-09-21 12:09:31,466] {processor.py:153} INFO - Started process (PID=478) to work on /home/airflow/.local/lib/python3.7/site-packages/airflow/example_dags/example_branch_operator_decorator.py
[2024-09-21 12:09:31,466] {processor.py:641} INFO - Processing file /home/airflow/.local/lib/python3.7/site-packages/airflow/example_dags/example_branch_operator_decorator.py for tasks to queue
[2024-09-21 12:09:31,467] {logging_mixin.py:115} INFO - [2024-09-21 12:09:31,467] {dagbag.py:507} INFO - Filling up the DagBag from /home/airflow/.local/lib/python3.7/site-packages/airflow/example_dags/example_branch_operator_decorator.py
[2024-09-21 12:09:31,489] {processor.py:651} INFO - DAG(s) dict_keys(['example_branch_python_operator_decorator']) retrieved from /home/airflow/.local/lib/python3.7/site-packages/airflow/example_dags/example_branch_operator_decorator.py
[2024-09-21 12:09:31,530] {logging_mixin.py:115} INFO - [2024-09-21 12:09:31,530] {dag.py:2379} INFO - Sync 1 DAGs
[2024-09-21 12:09:31,579] {logging_mixin.py:115} INFO - [2024-09-21 12:09:31,579] {dag.py:2927} INFO - Setting next_dagrun for example_branch_python_operator_decorator to 2024-09-20T00:00:00+00:00, run_after=2024-09-21T00:00:00+00:00
[2024-09-21 12:09:31,601] {processor.py:161} INFO - Processing /home/airflow/.local/lib/python3.7/site-packages/airflow/example_dags/example_branch_operator_decorator.py took 0.138 seconds
[2024-09-21 12:10:43,573] {processor.py:153} INFO - Started process (PID=526) to work on /home/airflow/.local/lib/python3.7/site-packages/airflow/example_dags/example_branch_operator_decorator.py
[2024-09-21 12:10:43,575] {processor.py:641} INFO - Processing file /home/airflow/.local/lib/python3.7/site-packages/airflow/example_dags/example_branch_operator_decorator.py for tasks to queue
[2024-09-21 12:10:43,575] {logging_mixin.py:115} INFO - [2024-09-21 12:10:43,575] {dagbag.py:507} INFO - Filling up the DagBag from /home/airflow/.local/lib/python3.7/site-packages/airflow/example_dags/example_branch_operator_decorator.py
[2024-09-21 12:10:43,597] {processor.py:651} INFO - DAG(s) dict_keys(['example_branch_python_operator_decorator']) retrieved from /home/airflow/.local/lib/python3.7/site-packages/airflow/example_dags/example_branch_operator_decorator.py
[2024-09-21 12:10:43,627] {logging_mixin.py:115} INFO - [2024-09-21 12:10:43,627] {dag.py:2379} INFO - Sync 1 DAGs
[2024-09-21 12:10:43,655] {logging_mixin.py:115} INFO - [2024-09-21 12:10:43,655] {dag.py:2927} INFO - Setting next_dagrun for example_branch_python_operator_decorator to 2024-09-20T00:00:00+00:00, run_after=2024-09-21T00:00:00+00:00
[2024-09-21 12:10:43,669] {processor.py:161} INFO - Processing /home/airflow/.local/lib/python3.7/site-packages/airflow/example_dags/example_branch_operator_decorator.py took 0.100 seconds
[2024-09-21 12:21:31,224] {processor.py:153} INFO - Started process (PID=78) to work on /home/airflow/.local/lib/python3.7/site-packages/airflow/example_dags/example_branch_operator_decorator.py
[2024-09-21 12:21:31,230] {processor.py:641} INFO - Processing file /home/airflow/.local/lib/python3.7/site-packages/airflow/example_dags/example_branch_operator_decorator.py for tasks to queue
[2024-09-21 12:21:31,231] {logging_mixin.py:115} INFO - [2024-09-21 12:21:31,231] {dagbag.py:507} INFO - Filling up the DagBag from /home/airflow/.local/lib/python3.7/site-packages/airflow/example_dags/example_branch_operator_decorator.py
[2024-09-21 12:21:31,312] {processor.py:651} INFO - DAG(s) dict_keys(['example_branch_python_operator_decorator']) retrieved from /home/airflow/.local/lib/python3.7/site-packages/airflow/example_dags/example_branch_operator_decorator.py
[2024-09-21 12:21:31,421] {logging_mixin.py:115} INFO - [2024-09-21 12:21:31,421] {dag.py:2379} INFO - Sync 1 DAGs
[2024-09-21 12:21:31,545] {logging_mixin.py:115} INFO - [2024-09-21 12:21:31,545] {dag.py:2927} INFO - Setting next_dagrun for example_branch_python_operator_decorator to 2024-09-20T00:00:00+00:00, run_after=2024-09-21T00:00:00+00:00
[2024-09-21 12:21:31,602] {processor.py:161} INFO - Processing /home/airflow/.local/lib/python3.7/site-packages/airflow/example_dags/example_branch_operator_decorator.py took 0.398 seconds
[2024-09-21 12:22:02,323] {processor.py:153} INFO - Started process (PID=134) to work on /home/airflow/.local/lib/python3.7/site-packages/airflow/example_dags/example_branch_operator_decorator.py
[2024-09-21 12:22:02,325] {processor.py:641} INFO - Processing file /home/airflow/.local/lib/python3.7/site-packages/airflow/example_dags/example_branch_operator_decorator.py for tasks to queue
[2024-09-21 12:22:02,325] {logging_mixin.py:115} INFO - [2024-09-21 12:22:02,325] {dagbag.py:507} INFO - Filling up the DagBag from /home/airflow/.local/lib/python3.7/site-packages/airflow/example_dags/example_branch_operator_decorator.py
[2024-09-21 12:22:02,359] {processor.py:651} INFO - DAG(s) dict_keys(['example_branch_python_operator_decorator']) retrieved from /home/airflow/.local/lib/python3.7/site-packages/airflow/example_dags/example_branch_operator_decorator.py
[2024-09-21 12:22:02,404] {logging_mixin.py:115} INFO - [2024-09-21 12:22:02,404] {dag.py:2379} INFO - Sync 1 DAGs
[2024-09-21 12:22:02,462] {logging_mixin.py:115} INFO - [2024-09-21 12:22:02,462] {dag.py:2927} INFO - Setting next_dagrun for example_branch_python_operator_decorator to 2024-09-20T00:00:00+00:00, run_after=2024-09-21T00:00:00+00:00
[2024-09-21 12:22:02,480] {processor.py:161} INFO - Processing /home/airflow/.local/lib/python3.7/site-packages/airflow/example_dags/example_branch_operator_decorator.py took 0.162 seconds
[2024-09-21 12:22:32,603] {processor.py:153} INFO - Started process (PID=184) to work on /home/airflow/.local/lib/python3.7/site-packages/airflow/example_dags/example_branch_operator_decorator.py
[2024-09-21 12:22:32,605] {processor.py:641} INFO - Processing file /home/airflow/.local/lib/python3.7/site-packages/airflow/example_dags/example_branch_operator_decorator.py for tasks to queue
[2024-09-21 12:22:32,605] {logging_mixin.py:115} INFO - [2024-09-21 12:22:32,605] {dagbag.py:507} INFO - Filling up the DagBag from /home/airflow/.local/lib/python3.7/site-packages/airflow/example_dags/example_branch_operator_decorator.py
[2024-09-21 12:22:32,623] {processor.py:651} INFO - DAG(s) dict_keys(['example_branch_python_operator_decorator']) retrieved from /home/airflow/.local/lib/python3.7/site-packages/airflow/example_dags/example_branch_operator_decorator.py
[2024-09-21 12:22:32,654] {logging_mixin.py:115} INFO - [2024-09-21 12:22:32,654] {dag.py:2379} INFO - Sync 1 DAGs
[2024-09-21 12:22:32,676] {logging_mixin.py:115} INFO - [2024-09-21 12:22:32,675] {dag.py:2927} INFO - Setting next_dagrun for example_branch_python_operator_decorator to 2024-09-20T00:00:00+00:00, run_after=2024-09-21T00:00:00+00:00
[2024-09-21 12:22:32,686] {processor.py:161} INFO - Processing /home/airflow/.local/lib/python3.7/site-packages/airflow/example_dags/example_branch_operator_decorator.py took 0.089 seconds
[2024-09-21 12:23:02,822] {processor.py:153} INFO - Started process (PID=227) to work on /home/airflow/.local/lib/python3.7/site-packages/airflow/example_dags/example_branch_operator_decorator.py
[2024-09-21 12:23:02,823] {processor.py:641} INFO - Processing file /home/airflow/.local/lib/python3.7/site-packages/airflow/example_dags/example_branch_operator_decorator.py for tasks to queue
[2024-09-21 12:23:02,824] {logging_mixin.py:115} INFO - [2024-09-21 12:23:02,824] {dagbag.py:507} INFO - Filling up the DagBag from /home/airflow/.local/lib/python3.7/site-packages/airflow/example_dags/example_branch_operator_decorator.py
[2024-09-21 12:23:02,841] {processor.py:651} INFO - DAG(s) dict_keys(['example_branch_python_operator_decorator']) retrieved from /home/airflow/.local/lib/python3.7/site-packages/airflow/example_dags/example_branch_operator_decorator.py
[2024-09-21 12:23:02,866] {logging_mixin.py:115} INFO - [2024-09-21 12:23:02,866] {dag.py:2379} INFO - Sync 1 DAGs
[2024-09-21 12:23:02,887] {logging_mixin.py:115} INFO - [2024-09-21 12:23:02,887] {dag.py:2927} INFO - Setting next_dagrun for example_branch_python_operator_decorator to 2024-09-20T00:00:00+00:00, run_after=2024-09-21T00:00:00+00:00
[2024-09-21 12:23:02,898] {processor.py:161} INFO - Processing /home/airflow/.local/lib/python3.7/site-packages/airflow/example_dags/example_branch_operator_decorator.py took 0.081 seconds
[2024-09-21 12:23:33,283] {processor.py:153} INFO - Started process (PID=268) to work on /home/airflow/.local/lib/python3.7/site-packages/airflow/example_dags/example_branch_operator_decorator.py
[2024-09-21 12:23:33,284] {processor.py:641} INFO - Processing file /home/airflow/.local/lib/python3.7/site-packages/airflow/example_dags/example_branch_operator_decorator.py for tasks to queue
[2024-09-21 12:23:33,285] {logging_mixin.py:115} INFO - [2024-09-21 12:23:33,285] {dagbag.py:507} INFO - Filling up the DagBag from /home/airflow/.local/lib/python3.7/site-packages/airflow/example_dags/example_branch_operator_decorator.py
[2024-09-21 12:23:33,300] {processor.py:651} INFO - DAG(s) dict_keys(['example_branch_python_operator_decorator']) retrieved from /home/airflow/.local/lib/python3.7/site-packages/airflow/example_dags/example_branch_operator_decorator.py
[2024-09-21 12:23:33,322] {logging_mixin.py:115} INFO - [2024-09-21 12:23:33,322] {dag.py:2379} INFO - Sync 1 DAGs
[2024-09-21 12:23:33,343] {logging_mixin.py:115} INFO - [2024-09-21 12:23:33,343] {dag.py:2927} INFO - Setting next_dagrun for example_branch_python_operator_decorator to 2024-09-20T00:00:00+00:00, run_after=2024-09-21T00:00:00+00:00
[2024-09-21 12:23:33,353] {processor.py:161} INFO - Processing /home/airflow/.local/lib/python3.7/site-packages/airflow/example_dags/example_branch_operator_decorator.py took 0.075 seconds
[2024-09-21 12:24:03,616] {processor.py:153} INFO - Started process (PID=310) to work on /home/airflow/.local/lib/python3.7/site-packages/airflow/example_dags/example_branch_operator_decorator.py
[2024-09-21 12:24:03,620] {processor.py:641} INFO - Processing file /home/airflow/.local/lib/python3.7/site-packages/airflow/example_dags/example_branch_operator_decorator.py for tasks to queue
[2024-09-21 12:24:03,620] {logging_mixin.py:115} INFO - [2024-09-21 12:24:03,620] {dagbag.py:507} INFO - Filling up the DagBag from /home/airflow/.local/lib/python3.7/site-packages/airflow/example_dags/example_branch_operator_decorator.py
[2024-09-21 12:24:03,638] {processor.py:651} INFO - DAG(s) dict_keys(['example_branch_python_operator_decorator']) retrieved from /home/airflow/.local/lib/python3.7/site-packages/airflow/example_dags/example_branch_operator_decorator.py
[2024-09-21 12:24:03,662] {logging_mixin.py:115} INFO - [2024-09-21 12:24:03,662] {dag.py:2379} INFO - Sync 1 DAGs
[2024-09-21 12:24:03,684] {logging_mixin.py:115} INFO - [2024-09-21 12:24:03,684] {dag.py:2927} INFO - Setting next_dagrun for example_branch_python_operator_decorator to 2024-09-20T00:00:00+00:00, run_after=2024-09-21T00:00:00+00:00
[2024-09-21 12:24:03,694] {processor.py:161} INFO - Processing /home/airflow/.local/lib/python3.7/site-packages/airflow/example_dags/example_branch_operator_decorator.py took 0.082 seconds
[2024-09-21 12:24:33,897] {processor.py:153} INFO - Started process (PID=352) to work on /home/airflow/.local/lib/python3.7/site-packages/airflow/example_dags/example_branch_operator_decorator.py
[2024-09-21 12:24:33,898] {processor.py:641} INFO - Processing file /home/airflow/.local/lib/python3.7/site-packages/airflow/example_dags/example_branch_operator_decorator.py for tasks to queue
[2024-09-21 12:24:33,898] {logging_mixin.py:115} INFO - [2024-09-21 12:24:33,898] {dagbag.py:507} INFO - Filling up the DagBag from /home/airflow/.local/lib/python3.7/site-packages/airflow/example_dags/example_branch_operator_decorator.py
[2024-09-21 12:24:33,917] {processor.py:651} INFO - DAG(s) dict_keys(['example_branch_python_operator_decorator']) retrieved from /home/airflow/.local/lib/python3.7/site-packages/airflow/example_dags/example_branch_operator_decorator.py
[2024-09-21 12:24:33,949] {logging_mixin.py:115} INFO - [2024-09-21 12:24:33,949] {dag.py:2379} INFO - Sync 1 DAGs
[2024-09-21 12:24:33,972] {logging_mixin.py:115} INFO - [2024-09-21 12:24:33,972] {dag.py:2927} INFO - Setting next_dagrun for example_branch_python_operator_decorator to 2024-09-20T00:00:00+00:00, run_after=2024-09-21T00:00:00+00:00
[2024-09-21 12:24:33,988] {processor.py:161} INFO - Processing /home/airflow/.local/lib/python3.7/site-packages/airflow/example_dags/example_branch_operator_decorator.py took 0.095 seconds
[2024-09-21 12:25:04,240] {processor.py:153} INFO - Started process (PID=393) to work on /home/airflow/.local/lib/python3.7/site-packages/airflow/example_dags/example_branch_operator_decorator.py
[2024-09-21 12:25:04,250] {processor.py:641} INFO - Processing file /home/airflow/.local/lib/python3.7/site-packages/airflow/example_dags/example_branch_operator_decorator.py for tasks to queue
[2024-09-21 12:25:04,251] {logging_mixin.py:115} INFO - [2024-09-21 12:25:04,250] {dagbag.py:507} INFO - Filling up the DagBag from /home/airflow/.local/lib/python3.7/site-packages/airflow/example_dags/example_branch_operator_decorator.py
[2024-09-21 12:25:04,266] {processor.py:651} INFO - DAG(s) dict_keys(['example_branch_python_operator_decorator']) retrieved from /home/airflow/.local/lib/python3.7/site-packages/airflow/example_dags/example_branch_operator_decorator.py
[2024-09-21 12:25:04,292] {logging_mixin.py:115} INFO - [2024-09-21 12:25:04,292] {dag.py:2379} INFO - Sync 1 DAGs
[2024-09-21 12:25:04,313] {logging_mixin.py:115} INFO - [2024-09-21 12:25:04,313] {dag.py:2927} INFO - Setting next_dagrun for example_branch_python_operator_decorator to 2024-09-20T00:00:00+00:00, run_after=2024-09-21T00:00:00+00:00
[2024-09-21 12:25:04,322] {processor.py:161} INFO - Processing /home/airflow/.local/lib/python3.7/site-packages/airflow/example_dags/example_branch_operator_decorator.py took 0.087 seconds
[2024-09-21 12:25:34,618] {processor.py:153} INFO - Started process (PID=436) to work on /home/airflow/.local/lib/python3.7/site-packages/airflow/example_dags/example_branch_operator_decorator.py
[2024-09-21 12:25:34,621] {processor.py:641} INFO - Processing file /home/airflow/.local/lib/python3.7/site-packages/airflow/example_dags/example_branch_operator_decorator.py for tasks to queue
[2024-09-21 12:25:34,622] {logging_mixin.py:115} INFO - [2024-09-21 12:25:34,621] {dagbag.py:507} INFO - Filling up the DagBag from /home/airflow/.local/lib/python3.7/site-packages/airflow/example_dags/example_branch_operator_decorator.py
[2024-09-21 12:25:34,641] {processor.py:651} INFO - DAG(s) dict_keys(['example_branch_python_operator_decorator']) retrieved from /home/airflow/.local/lib/python3.7/site-packages/airflow/example_dags/example_branch_operator_decorator.py
[2024-09-21 12:25:34,673] {logging_mixin.py:115} INFO - [2024-09-21 12:25:34,672] {dag.py:2379} INFO - Sync 1 DAGs
[2024-09-21 12:25:34,694] {logging_mixin.py:115} INFO - [2024-09-21 12:25:34,694] {dag.py:2927} INFO - Setting next_dagrun for example_branch_python_operator_decorator to 2024-09-20T00:00:00+00:00, run_after=2024-09-21T00:00:00+00:00
[2024-09-21 12:25:34,706] {processor.py:161} INFO - Processing /home/airflow/.local/lib/python3.7/site-packages/airflow/example_dags/example_branch_operator_decorator.py took 0.093 seconds
[2024-09-21 12:26:04,852] {processor.py:153} INFO - Started process (PID=476) to work on /home/airflow/.local/lib/python3.7/site-packages/airflow/example_dags/example_branch_operator_decorator.py
[2024-09-21 12:26:04,854] {processor.py:641} INFO - Processing file /home/airflow/.local/lib/python3.7/site-packages/airflow/example_dags/example_branch_operator_decorator.py for tasks to queue
[2024-09-21 12:26:04,855] {logging_mixin.py:115} INFO - [2024-09-21 12:26:04,855] {dagbag.py:507} INFO - Filling up the DagBag from /home/airflow/.local/lib/python3.7/site-packages/airflow/example_dags/example_branch_operator_decorator.py
[2024-09-21 12:26:04,871] {processor.py:651} INFO - DAG(s) dict_keys(['example_branch_python_operator_decorator']) retrieved from /home/airflow/.local/lib/python3.7/site-packages/airflow/example_dags/example_branch_operator_decorator.py
[2024-09-21 12:26:04,894] {logging_mixin.py:115} INFO - [2024-09-21 12:26:04,894] {dag.py:2379} INFO - Sync 1 DAGs
[2024-09-21 12:26:04,918] {logging_mixin.py:115} INFO - [2024-09-21 12:26:04,917] {dag.py:2927} INFO - Setting next_dagrun for example_branch_python_operator_decorator to 2024-09-20T00:00:00+00:00, run_after=2024-09-21T00:00:00+00:00
[2024-09-21 12:26:04,930] {processor.py:161} INFO - Processing /home/airflow/.local/lib/python3.7/site-packages/airflow/example_dags/example_branch_operator_decorator.py took 0.080 seconds
[2024-09-21 12:26:35,031] {processor.py:153} INFO - Started process (PID=518) to work on /home/airflow/.local/lib/python3.7/site-packages/airflow/example_dags/example_branch_operator_decorator.py
[2024-09-21 12:26:35,032] {processor.py:641} INFO - Processing file /home/airflow/.local/lib/python3.7/site-packages/airflow/example_dags/example_branch_operator_decorator.py for tasks to queue
[2024-09-21 12:26:35,032] {logging_mixin.py:115} INFO - [2024-09-21 12:26:35,032] {dagbag.py:507} INFO - Filling up the DagBag from /home/airflow/.local/lib/python3.7/site-packages/airflow/example_dags/example_branch_operator_decorator.py
[2024-09-21 12:26:35,050] {processor.py:651} INFO - DAG(s) dict_keys(['example_branch_python_operator_decorator']) retrieved from /home/airflow/.local/lib/python3.7/site-packages/airflow/example_dags/example_branch_operator_decorator.py
[2024-09-21 12:26:35,074] {logging_mixin.py:115} INFO - [2024-09-21 12:26:35,074] {dag.py:2379} INFO - Sync 1 DAGs
[2024-09-21 12:26:35,095] {logging_mixin.py:115} INFO - [2024-09-21 12:26:35,095] {dag.py:2927} INFO - Setting next_dagrun for example_branch_python_operator_decorator to 2024-09-20T00:00:00+00:00, run_after=2024-09-21T00:00:00+00:00
[2024-09-21 12:26:35,105] {processor.py:161} INFO - Processing /home/airflow/.local/lib/python3.7/site-packages/airflow/example_dags/example_branch_operator_decorator.py took 0.077 seconds
[2024-09-21 12:27:05,538] {processor.py:153} INFO - Started process (PID=560) to work on /home/airflow/.local/lib/python3.7/site-packages/airflow/example_dags/example_branch_operator_decorator.py
[2024-09-21 12:27:05,548] {processor.py:641} INFO - Processing file /home/airflow/.local/lib/python3.7/site-packages/airflow/example_dags/example_branch_operator_decorator.py for tasks to queue
[2024-09-21 12:27:05,549] {logging_mixin.py:115} INFO - [2024-09-21 12:27:05,549] {dagbag.py:507} INFO - Filling up the DagBag from /home/airflow/.local/lib/python3.7/site-packages/airflow/example_dags/example_branch_operator_decorator.py
[2024-09-21 12:27:05,571] {processor.py:651} INFO - DAG(s) dict_keys(['example_branch_python_operator_decorator']) retrieved from /home/airflow/.local/lib/python3.7/site-packages/airflow/example_dags/example_branch_operator_decorator.py
[2024-09-21 12:27:05,593] {logging_mixin.py:115} INFO - [2024-09-21 12:27:05,593] {dag.py:2379} INFO - Sync 1 DAGs
[2024-09-21 12:27:05,615] {logging_mixin.py:115} INFO - [2024-09-21 12:27:05,615] {dag.py:2927} INFO - Setting next_dagrun for example_branch_python_operator_decorator to 2024-09-20T00:00:00+00:00, run_after=2024-09-21T00:00:00+00:00
[2024-09-21 12:27:05,626] {processor.py:161} INFO - Processing /home/airflow/.local/lib/python3.7/site-packages/airflow/example_dags/example_branch_operator_decorator.py took 0.093 seconds
[2024-09-21 12:27:35,706] {processor.py:153} INFO - Started process (PID=602) to work on /home/airflow/.local/lib/python3.7/site-packages/airflow/example_dags/example_branch_operator_decorator.py
[2024-09-21 12:27:35,706] {processor.py:641} INFO - Processing file /home/airflow/.local/lib/python3.7/site-packages/airflow/example_dags/example_branch_operator_decorator.py for tasks to queue
[2024-09-21 12:27:35,707] {logging_mixin.py:115} INFO - [2024-09-21 12:27:35,707] {dagbag.py:507} INFO - Filling up the DagBag from /home/airflow/.local/lib/python3.7/site-packages/airflow/example_dags/example_branch_operator_decorator.py
[2024-09-21 12:27:35,724] {processor.py:651} INFO - DAG(s) dict_keys(['example_branch_python_operator_decorator']) retrieved from /home/airflow/.local/lib/python3.7/site-packages/airflow/example_dags/example_branch_operator_decorator.py
[2024-09-21 12:27:35,752] {logging_mixin.py:115} INFO - [2024-09-21 12:27:35,752] {dag.py:2379} INFO - Sync 1 DAGs
[2024-09-21 12:27:35,773] {logging_mixin.py:115} INFO - [2024-09-21 12:27:35,773] {dag.py:2927} INFO - Setting next_dagrun for example_branch_python_operator_decorator to 2024-09-20T00:00:00+00:00, run_after=2024-09-21T00:00:00+00:00
[2024-09-21 12:27:35,785] {processor.py:161} INFO - Processing /home/airflow/.local/lib/python3.7/site-packages/airflow/example_dags/example_branch_operator_decorator.py took 0.084 seconds
[2024-09-21 12:28:06,026] {processor.py:153} INFO - Started process (PID=644) to work on /home/airflow/.local/lib/python3.7/site-packages/airflow/example_dags/example_branch_operator_decorator.py
[2024-09-21 12:28:06,027] {processor.py:641} INFO - Processing file /home/airflow/.local/lib/python3.7/site-packages/airflow/example_dags/example_branch_operator_decorator.py for tasks to queue
[2024-09-21 12:28:06,028] {logging_mixin.py:115} INFO - [2024-09-21 12:28:06,028] {dagbag.py:507} INFO - Filling up the DagBag from /home/airflow/.local/lib/python3.7/site-packages/airflow/example_dags/example_branch_operator_decorator.py
[2024-09-21 12:28:06,043] {processor.py:651} INFO - DAG(s) dict_keys(['example_branch_python_operator_decorator']) retrieved from /home/airflow/.local/lib/python3.7/site-packages/airflow/example_dags/example_branch_operator_decorator.py
[2024-09-21 12:28:06,066] {logging_mixin.py:115} INFO - [2024-09-21 12:28:06,066] {dag.py:2379} INFO - Sync 1 DAGs
[2024-09-21 12:28:06,088] {logging_mixin.py:115} INFO - [2024-09-21 12:28:06,088] {dag.py:2927} INFO - Setting next_dagrun for example_branch_python_operator_decorator to 2024-09-20T00:00:00+00:00, run_after=2024-09-21T00:00:00+00:00
[2024-09-21 12:28:06,097] {processor.py:161} INFO - Processing /home/airflow/.local/lib/python3.7/site-packages/airflow/example_dags/example_branch_operator_decorator.py took 0.076 seconds
[2024-09-21 12:28:36,574] {processor.py:153} INFO - Started process (PID=686) to work on /home/airflow/.local/lib/python3.7/site-packages/airflow/example_dags/example_branch_operator_decorator.py
[2024-09-21 12:28:36,575] {processor.py:641} INFO - Processing file /home/airflow/.local/lib/python3.7/site-packages/airflow/example_dags/example_branch_operator_decorator.py for tasks to queue
[2024-09-21 12:28:36,576] {logging_mixin.py:115} INFO - [2024-09-21 12:28:36,576] {dagbag.py:507} INFO - Filling up the DagBag from /home/airflow/.local/lib/python3.7/site-packages/airflow/example_dags/example_branch_operator_decorator.py
[2024-09-21 12:28:36,591] {processor.py:651} INFO - DAG(s) dict_keys(['example_branch_python_operator_decorator']) retrieved from /home/airflow/.local/lib/python3.7/site-packages/airflow/example_dags/example_branch_operator_decorator.py
[2024-09-21 12:28:36,614] {logging_mixin.py:115} INFO - [2024-09-21 12:28:36,614] {dag.py:2379} INFO - Sync 1 DAGs
[2024-09-21 12:28:36,635] {logging_mixin.py:115} INFO - [2024-09-21 12:28:36,635] {dag.py:2927} INFO - Setting next_dagrun for example_branch_python_operator_decorator to 2024-09-20T00:00:00+00:00, run_after=2024-09-21T00:00:00+00:00
[2024-09-21 12:28:36,645] {processor.py:161} INFO - Processing /home/airflow/.local/lib/python3.7/site-packages/airflow/example_dags/example_branch_operator_decorator.py took 0.075 seconds
[2024-09-21 12:29:07,424] {processor.py:153} INFO - Started process (PID=728) to work on /home/airflow/.local/lib/python3.7/site-packages/airflow/example_dags/example_branch_operator_decorator.py
[2024-09-21 12:29:07,426] {processor.py:641} INFO - Processing file /home/airflow/.local/lib/python3.7/site-packages/airflow/example_dags/example_branch_operator_decorator.py for tasks to queue
[2024-09-21 12:29:07,427] {logging_mixin.py:115} INFO - [2024-09-21 12:29:07,426] {dagbag.py:507} INFO - Filling up the DagBag from /home/airflow/.local/lib/python3.7/site-packages/airflow/example_dags/example_branch_operator_decorator.py
[2024-09-21 12:29:07,443] {processor.py:651} INFO - DAG(s) dict_keys(['example_branch_python_operator_decorator']) retrieved from /home/airflow/.local/lib/python3.7/site-packages/airflow/example_dags/example_branch_operator_decorator.py
[2024-09-21 12:29:07,467] {logging_mixin.py:115} INFO - [2024-09-21 12:29:07,467] {dag.py:2379} INFO - Sync 1 DAGs
[2024-09-21 12:29:07,487] {logging_mixin.py:115} INFO - [2024-09-21 12:29:07,487] {dag.py:2927} INFO - Setting next_dagrun for example_branch_python_operator_decorator to 2024-09-20T00:00:00+00:00, run_after=2024-09-21T00:00:00+00:00
[2024-09-21 12:29:07,497] {processor.py:161} INFO - Processing /home/airflow/.local/lib/python3.7/site-packages/airflow/example_dags/example_branch_operator_decorator.py took 0.077 seconds
[2024-09-21 12:29:37,537] {processor.py:153} INFO - Started process (PID=770) to work on /home/airflow/.local/lib/python3.7/site-packages/airflow/example_dags/example_branch_operator_decorator.py
[2024-09-21 12:29:37,537] {processor.py:641} INFO - Processing file /home/airflow/.local/lib/python3.7/site-packages/airflow/example_dags/example_branch_operator_decorator.py for tasks to queue
[2024-09-21 12:29:37,537] {logging_mixin.py:115} INFO - [2024-09-21 12:29:37,537] {dagbag.py:507} INFO - Filling up the DagBag from /home/airflow/.local/lib/python3.7/site-packages/airflow/example_dags/example_branch_operator_decorator.py
[2024-09-21 12:29:37,552] {processor.py:651} INFO - DAG(s) dict_keys(['example_branch_python_operator_decorator']) retrieved from /home/airflow/.local/lib/python3.7/site-packages/airflow/example_dags/example_branch_operator_decorator.py
[2024-09-21 12:29:37,575] {logging_mixin.py:115} INFO - [2024-09-21 12:29:37,575] {dag.py:2379} INFO - Sync 1 DAGs
[2024-09-21 12:29:37,598] {logging_mixin.py:115} INFO - [2024-09-21 12:29:37,597] {dag.py:2927} INFO - Setting next_dagrun for example_branch_python_operator_decorator to 2024-09-20T00:00:00+00:00, run_after=2024-09-21T00:00:00+00:00
[2024-09-21 12:29:37,608] {processor.py:161} INFO - Processing /home/airflow/.local/lib/python3.7/site-packages/airflow/example_dags/example_branch_operator_decorator.py took 0.074 seconds
[2024-09-21 12:30:08,502] {processor.py:153} INFO - Started process (PID=812) to work on /home/airflow/.local/lib/python3.7/site-packages/airflow/example_dags/example_branch_operator_decorator.py
[2024-09-21 12:30:08,503] {processor.py:641} INFO - Processing file /home/airflow/.local/lib/python3.7/site-packages/airflow/example_dags/example_branch_operator_decorator.py for tasks to queue
[2024-09-21 12:30:08,504] {logging_mixin.py:115} INFO - [2024-09-21 12:30:08,503] {dagbag.py:507} INFO - Filling up the DagBag from /home/airflow/.local/lib/python3.7/site-packages/airflow/example_dags/example_branch_operator_decorator.py
[2024-09-21 12:30:08,521] {processor.py:651} INFO - DAG(s) dict_keys(['example_branch_python_operator_decorator']) retrieved from /home/airflow/.local/lib/python3.7/site-packages/airflow/example_dags/example_branch_operator_decorator.py
[2024-09-21 12:30:08,545] {logging_mixin.py:115} INFO - [2024-09-21 12:30:08,545] {dag.py:2379} INFO - Sync 1 DAGs
[2024-09-21 12:30:08,569] {logging_mixin.py:115} INFO - [2024-09-21 12:30:08,569] {dag.py:2927} INFO - Setting next_dagrun for example_branch_python_operator_decorator to 2024-09-20T00:00:00+00:00, run_after=2024-09-21T00:00:00+00:00
[2024-09-21 12:30:08,580] {processor.py:161} INFO - Processing /home/airflow/.local/lib/python3.7/site-packages/airflow/example_dags/example_branch_operator_decorator.py took 0.082 seconds
[2024-09-21 12:30:39,708] {processor.py:153} INFO - Started process (PID=854) to work on /home/airflow/.local/lib/python3.7/site-packages/airflow/example_dags/example_branch_operator_decorator.py
[2024-09-21 12:30:39,708] {processor.py:641} INFO - Processing file /home/airflow/.local/lib/python3.7/site-packages/airflow/example_dags/example_branch_operator_decorator.py for tasks to queue
[2024-09-21 12:30:39,709] {logging_mixin.py:115} INFO - [2024-09-21 12:30:39,709] {dagbag.py:507} INFO - Filling up the DagBag from /home/airflow/.local/lib/python3.7/site-packages/airflow/example_dags/example_branch_operator_decorator.py
[2024-09-21 12:30:39,724] {processor.py:651} INFO - DAG(s) dict_keys(['example_branch_python_operator_decorator']) retrieved from /home/airflow/.local/lib/python3.7/site-packages/airflow/example_dags/example_branch_operator_decorator.py
[2024-09-21 12:30:39,748] {logging_mixin.py:115} INFO - [2024-09-21 12:30:39,748] {dag.py:2379} INFO - Sync 1 DAGs
[2024-09-21 12:30:39,771] {logging_mixin.py:115} INFO - [2024-09-21 12:30:39,771] {dag.py:2927} INFO - Setting next_dagrun for example_branch_python_operator_decorator to 2024-09-20T00:00:00+00:00, run_after=2024-09-21T00:00:00+00:00
[2024-09-21 12:30:39,781] {processor.py:161} INFO - Processing /home/airflow/.local/lib/python3.7/site-packages/airflow/example_dags/example_branch_operator_decorator.py took 0.077 seconds
[2024-09-21 12:35:11,749] {processor.py:153} INFO - Started process (PID=70) to work on /home/airflow/.local/lib/python3.7/site-packages/airflow/example_dags/example_branch_operator_decorator.py
[2024-09-21 12:35:11,754] {processor.py:641} INFO - Processing file /home/airflow/.local/lib/python3.7/site-packages/airflow/example_dags/example_branch_operator_decorator.py for tasks to queue
[2024-09-21 12:35:11,754] {logging_mixin.py:115} INFO - [2024-09-21 12:35:11,754] {dagbag.py:507} INFO - Filling up the DagBag from /home/airflow/.local/lib/python3.7/site-packages/airflow/example_dags/example_branch_operator_decorator.py
[2024-09-21 12:35:11,798] {processor.py:651} INFO - DAG(s) dict_keys(['example_branch_python_operator_decorator']) retrieved from /home/airflow/.local/lib/python3.7/site-packages/airflow/example_dags/example_branch_operator_decorator.py
[2024-09-21 12:35:11,858] {logging_mixin.py:115} INFO - [2024-09-21 12:35:11,858] {dag.py:2379} INFO - Sync 1 DAGs
[2024-09-21 12:35:11,891] {logging_mixin.py:115} INFO - [2024-09-21 12:35:11,891] {dag.py:2927} INFO - Setting next_dagrun for example_branch_python_operator_decorator to 2024-09-20T00:00:00+00:00, run_after=2024-09-21T00:00:00+00:00
[2024-09-21 12:35:11,913] {processor.py:161} INFO - Processing /home/airflow/.local/lib/python3.7/site-packages/airflow/example_dags/example_branch_operator_decorator.py took 0.170 seconds
[2024-09-21 12:35:42,175] {processor.py:153} INFO - Started process (PID=132) to work on /home/airflow/.local/lib/python3.7/site-packages/airflow/example_dags/example_branch_operator_decorator.py
[2024-09-21 12:35:42,176] {processor.py:641} INFO - Processing file /home/airflow/.local/lib/python3.7/site-packages/airflow/example_dags/example_branch_operator_decorator.py for tasks to queue
[2024-09-21 12:35:42,177] {logging_mixin.py:115} INFO - [2024-09-21 12:35:42,177] {dagbag.py:507} INFO - Filling up the DagBag from /home/airflow/.local/lib/python3.7/site-packages/airflow/example_dags/example_branch_operator_decorator.py
[2024-09-21 12:35:42,200] {processor.py:651} INFO - DAG(s) dict_keys(['example_branch_python_operator_decorator']) retrieved from /home/airflow/.local/lib/python3.7/site-packages/airflow/example_dags/example_branch_operator_decorator.py
[2024-09-21 12:35:42,236] {logging_mixin.py:115} INFO - [2024-09-21 12:35:42,236] {dag.py:2379} INFO - Sync 1 DAGs
[2024-09-21 12:35:42,268] {logging_mixin.py:115} INFO - [2024-09-21 12:35:42,268] {dag.py:2927} INFO - Setting next_dagrun for example_branch_python_operator_decorator to 2024-09-20T00:00:00+00:00, run_after=2024-09-21T00:00:00+00:00
[2024-09-21 12:35:42,285] {processor.py:161} INFO - Processing /home/airflow/.local/lib/python3.7/site-packages/airflow/example_dags/example_branch_operator_decorator.py took 0.114 seconds
[2024-09-21 12:36:12,498] {processor.py:153} INFO - Started process (PID=174) to work on /home/airflow/.local/lib/python3.7/site-packages/airflow/example_dags/example_branch_operator_decorator.py
[2024-09-21 12:36:12,499] {processor.py:641} INFO - Processing file /home/airflow/.local/lib/python3.7/site-packages/airflow/example_dags/example_branch_operator_decorator.py for tasks to queue
[2024-09-21 12:36:12,499] {logging_mixin.py:115} INFO - [2024-09-21 12:36:12,499] {dagbag.py:507} INFO - Filling up the DagBag from /home/airflow/.local/lib/python3.7/site-packages/airflow/example_dags/example_branch_operator_decorator.py
[2024-09-21 12:36:12,525] {processor.py:651} INFO - DAG(s) dict_keys(['example_branch_python_operator_decorator']) retrieved from /home/airflow/.local/lib/python3.7/site-packages/airflow/example_dags/example_branch_operator_decorator.py
[2024-09-21 12:36:12,560] {logging_mixin.py:115} INFO - [2024-09-21 12:36:12,559] {dag.py:2379} INFO - Sync 1 DAGs
[2024-09-21 12:36:12,592] {logging_mixin.py:115} INFO - [2024-09-21 12:36:12,592] {dag.py:2927} INFO - Setting next_dagrun for example_branch_python_operator_decorator to 2024-09-20T00:00:00+00:00, run_after=2024-09-21T00:00:00+00:00
[2024-09-21 12:36:12,609] {processor.py:161} INFO - Processing /home/airflow/.local/lib/python3.7/site-packages/airflow/example_dags/example_branch_operator_decorator.py took 0.117 seconds
[2024-09-21 12:36:43,036] {processor.py:153} INFO - Started process (PID=216) to work on /home/airflow/.local/lib/python3.7/site-packages/airflow/example_dags/example_branch_operator_decorator.py
[2024-09-21 12:36:43,037] {processor.py:641} INFO - Processing file /home/airflow/.local/lib/python3.7/site-packages/airflow/example_dags/example_branch_operator_decorator.py for tasks to queue
[2024-09-21 12:36:43,038] {logging_mixin.py:115} INFO - [2024-09-21 12:36:43,038] {dagbag.py:507} INFO - Filling up the DagBag from /home/airflow/.local/lib/python3.7/site-packages/airflow/example_dags/example_branch_operator_decorator.py
[2024-09-21 12:36:43,059] {processor.py:651} INFO - DAG(s) dict_keys(['example_branch_python_operator_decorator']) retrieved from /home/airflow/.local/lib/python3.7/site-packages/airflow/example_dags/example_branch_operator_decorator.py
[2024-09-21 12:36:43,090] {logging_mixin.py:115} INFO - [2024-09-21 12:36:43,090] {dag.py:2379} INFO - Sync 1 DAGs
[2024-09-21 12:36:43,119] {logging_mixin.py:115} INFO - [2024-09-21 12:36:43,119] {dag.py:2927} INFO - Setting next_dagrun for example_branch_python_operator_decorator to 2024-09-20T00:00:00+00:00, run_after=2024-09-21T00:00:00+00:00
[2024-09-21 12:36:43,133] {processor.py:161} INFO - Processing /home/airflow/.local/lib/python3.7/site-packages/airflow/example_dags/example_branch_operator_decorator.py took 0.100 seconds
[2024-09-21 12:37:13,755] {processor.py:153} INFO - Started process (PID=263) to work on /home/airflow/.local/lib/python3.7/site-packages/airflow/example_dags/example_branch_operator_decorator.py
[2024-09-21 12:37:13,756] {processor.py:641} INFO - Processing file /home/airflow/.local/lib/python3.7/site-packages/airflow/example_dags/example_branch_operator_decorator.py for tasks to queue
[2024-09-21 12:37:13,757] {logging_mixin.py:115} INFO - [2024-09-21 12:37:13,757] {dagbag.py:507} INFO - Filling up the DagBag from /home/airflow/.local/lib/python3.7/site-packages/airflow/example_dags/example_branch_operator_decorator.py
[2024-09-21 12:37:13,786] {processor.py:651} INFO - DAG(s) dict_keys(['example_branch_python_operator_decorator']) retrieved from /home/airflow/.local/lib/python3.7/site-packages/airflow/example_dags/example_branch_operator_decorator.py
[2024-09-21 12:37:13,818] {logging_mixin.py:115} INFO - [2024-09-21 12:37:13,818] {dag.py:2379} INFO - Sync 1 DAGs
[2024-09-21 12:37:13,850] {logging_mixin.py:115} INFO - [2024-09-21 12:37:13,850] {dag.py:2927} INFO - Setting next_dagrun for example_branch_python_operator_decorator to 2024-09-20T00:00:00+00:00, run_after=2024-09-21T00:00:00+00:00
[2024-09-21 12:37:13,865] {processor.py:161} INFO - Processing /home/airflow/.local/lib/python3.7/site-packages/airflow/example_dags/example_branch_operator_decorator.py took 0.115 seconds
