[2024-09-21 12:04:51,233] {processor.py:153} INFO - Started process (PID=54) to work on /home/airflow/.local/lib/python3.7/site-packages/airflow/example_dags/example_short_circuit_operator.py
[2024-09-21 12:04:51,234] {processor.py:641} INFO - Processing file /home/airflow/.local/lib/python3.7/site-packages/airflow/example_dags/example_short_circuit_operator.py for tasks to queue
[2024-09-21 12:04:51,235] {logging_mixin.py:115} INFO - [2024-09-21 12:04:51,235] {dagbag.py:507} INFO - Filling up the DagBag from /home/airflow/.local/lib/python3.7/site-packages/airflow/example_dags/example_short_circuit_operator.py
[2024-09-21 12:04:51,249] {processor.py:651} INFO - DAG(s) dict_keys(['example_short_circuit_operator']) retrieved from /home/airflow/.local/lib/python3.7/site-packages/airflow/example_dags/example_short_circuit_operator.py
[2024-09-21 12:04:51,322] {logging_mixin.py:115} INFO - [2024-09-21 12:04:51,322] {dag.py:2379} INFO - Sync 1 DAGs
[2024-09-21 12:04:51,402] {logging_mixin.py:115} INFO - [2024-09-21 12:04:51,401] {dag.py:2927} INFO - Setting next_dagrun for example_short_circuit_operator to 2024-09-20T12:04:51.401517+00:00, run_after=2024-09-21T12:04:51.401517+00:00
[2024-09-21 12:04:51,467] {processor.py:161} INFO - Processing /home/airflow/.local/lib/python3.7/site-packages/airflow/example_dags/example_short_circuit_operator.py took 0.242 seconds
[2024-09-21 12:05:21,772] {processor.py:153} INFO - Started process (PID=122) to work on /home/airflow/.local/lib/python3.7/site-packages/airflow/example_dags/example_short_circuit_operator.py
[2024-09-21 12:05:21,773] {processor.py:641} INFO - Processing file /home/airflow/.local/lib/python3.7/site-packages/airflow/example_dags/example_short_circuit_operator.py for tasks to queue
[2024-09-21 12:05:21,774] {logging_mixin.py:115} INFO - [2024-09-21 12:05:21,774] {dagbag.py:507} INFO - Filling up the DagBag from /home/airflow/.local/lib/python3.7/site-packages/airflow/example_dags/example_short_circuit_operator.py
[2024-09-21 12:05:21,788] {processor.py:651} INFO - DAG(s) dict_keys(['example_short_circuit_operator']) retrieved from /home/airflow/.local/lib/python3.7/site-packages/airflow/example_dags/example_short_circuit_operator.py
[2024-09-21 12:05:21,835] {logging_mixin.py:115} INFO - [2024-09-21 12:05:21,835] {dag.py:2379} INFO - Sync 1 DAGs
[2024-09-21 12:05:21,870] {logging_mixin.py:115} INFO - [2024-09-21 12:05:21,870] {dag.py:2927} INFO - Setting next_dagrun for example_short_circuit_operator to 2024-09-20T12:05:21.868886+00:00, run_after=2024-09-21T12:05:21.868886+00:00
[2024-09-21 12:05:21,892] {processor.py:161} INFO - Processing /home/airflow/.local/lib/python3.7/site-packages/airflow/example_dags/example_short_circuit_operator.py took 0.123 seconds
[2024-09-21 12:05:52,543] {processor.py:153} INFO - Started process (PID=163) to work on /home/airflow/.local/lib/python3.7/site-packages/airflow/example_dags/example_short_circuit_operator.py
[2024-09-21 12:05:52,544] {processor.py:641} INFO - Processing file /home/airflow/.local/lib/python3.7/site-packages/airflow/example_dags/example_short_circuit_operator.py for tasks to queue
[2024-09-21 12:05:52,545] {logging_mixin.py:115} INFO - [2024-09-21 12:05:52,545] {dagbag.py:507} INFO - Filling up the DagBag from /home/airflow/.local/lib/python3.7/site-packages/airflow/example_dags/example_short_circuit_operator.py
[2024-09-21 12:05:52,555] {processor.py:651} INFO - DAG(s) dict_keys(['example_short_circuit_operator']) retrieved from /home/airflow/.local/lib/python3.7/site-packages/airflow/example_dags/example_short_circuit_operator.py
[2024-09-21 12:05:52,580] {logging_mixin.py:115} INFO - [2024-09-21 12:05:52,580] {dag.py:2379} INFO - Sync 1 DAGs
[2024-09-21 12:05:52,599] {logging_mixin.py:115} INFO - [2024-09-21 12:05:52,599] {dag.py:2927} INFO - Setting next_dagrun for example_short_circuit_operator to 2024-09-20T12:05:52.599023+00:00, run_after=2024-09-21T12:05:52.599023+00:00
[2024-09-21 12:05:52,612] {processor.py:161} INFO - Processing /home/airflow/.local/lib/python3.7/site-packages/airflow/example_dags/example_short_circuit_operator.py took 0.072 seconds
[2024-09-21 12:06:23,135] {processor.py:153} INFO - Started process (PID=204) to work on /home/airflow/.local/lib/python3.7/site-packages/airflow/example_dags/example_short_circuit_operator.py
[2024-09-21 12:06:23,135] {processor.py:641} INFO - Processing file /home/airflow/.local/lib/python3.7/site-packages/airflow/example_dags/example_short_circuit_operator.py for tasks to queue
[2024-09-21 12:06:23,136] {logging_mixin.py:115} INFO - [2024-09-21 12:06:23,136] {dagbag.py:507} INFO - Filling up the DagBag from /home/airflow/.local/lib/python3.7/site-packages/airflow/example_dags/example_short_circuit_operator.py
[2024-09-21 12:06:23,150] {processor.py:651} INFO - DAG(s) dict_keys(['example_short_circuit_operator']) retrieved from /home/airflow/.local/lib/python3.7/site-packages/airflow/example_dags/example_short_circuit_operator.py
[2024-09-21 12:06:23,186] {logging_mixin.py:115} INFO - [2024-09-21 12:06:23,185] {dag.py:2379} INFO - Sync 1 DAGs
[2024-09-21 12:06:23,212] {logging_mixin.py:115} INFO - [2024-09-21 12:06:23,212] {dag.py:2927} INFO - Setting next_dagrun for example_short_circuit_operator to 2024-09-20T12:06:23.212229+00:00, run_after=2024-09-21T12:06:23.212229+00:00
[2024-09-21 12:06:23,225] {processor.py:161} INFO - Processing /home/airflow/.local/lib/python3.7/site-packages/airflow/example_dags/example_short_circuit_operator.py took 0.094 seconds
[2024-09-21 12:06:53,351] {processor.py:153} INFO - Started process (PID=252) to work on /home/airflow/.local/lib/python3.7/site-packages/airflow/example_dags/example_short_circuit_operator.py
[2024-09-21 12:06:53,351] {processor.py:641} INFO - Processing file /home/airflow/.local/lib/python3.7/site-packages/airflow/example_dags/example_short_circuit_operator.py for tasks to queue
[2024-09-21 12:06:53,352] {logging_mixin.py:115} INFO - [2024-09-21 12:06:53,352] {dagbag.py:507} INFO - Filling up the DagBag from /home/airflow/.local/lib/python3.7/site-packages/airflow/example_dags/example_short_circuit_operator.py
[2024-09-21 12:06:53,359] {processor.py:651} INFO - DAG(s) dict_keys(['example_short_circuit_operator']) retrieved from /home/airflow/.local/lib/python3.7/site-packages/airflow/example_dags/example_short_circuit_operator.py
[2024-09-21 12:06:53,385] {logging_mixin.py:115} INFO - [2024-09-21 12:06:53,385] {dag.py:2379} INFO - Sync 1 DAGs
[2024-09-21 12:06:53,404] {logging_mixin.py:115} INFO - [2024-09-21 12:06:53,404] {dag.py:2927} INFO - Setting next_dagrun for example_short_circuit_operator to 2024-09-20T12:06:53.404130+00:00, run_after=2024-09-21T12:06:53.404130+00:00
[2024-09-21 12:06:53,416] {processor.py:161} INFO - Processing /home/airflow/.local/lib/python3.7/site-packages/airflow/example_dags/example_short_circuit_operator.py took 0.068 seconds
[2024-09-21 12:07:23,698] {processor.py:153} INFO - Started process (PID=294) to work on /home/airflow/.local/lib/python3.7/site-packages/airflow/example_dags/example_short_circuit_operator.py
[2024-09-21 12:07:23,699] {processor.py:641} INFO - Processing file /home/airflow/.local/lib/python3.7/site-packages/airflow/example_dags/example_short_circuit_operator.py for tasks to queue
[2024-09-21 12:07:23,700] {logging_mixin.py:115} INFO - [2024-09-21 12:07:23,699] {dagbag.py:507} INFO - Filling up the DagBag from /home/airflow/.local/lib/python3.7/site-packages/airflow/example_dags/example_short_circuit_operator.py
[2024-09-21 12:07:23,710] {processor.py:651} INFO - DAG(s) dict_keys(['example_short_circuit_operator']) retrieved from /home/airflow/.local/lib/python3.7/site-packages/airflow/example_dags/example_short_circuit_operator.py
[2024-09-21 12:07:23,737] {logging_mixin.py:115} INFO - [2024-09-21 12:07:23,737] {dag.py:2379} INFO - Sync 1 DAGs
[2024-09-21 12:07:23,757] {logging_mixin.py:115} INFO - [2024-09-21 12:07:23,757] {dag.py:2927} INFO - Setting next_dagrun for example_short_circuit_operator to 2024-09-20T12:07:23.757038+00:00, run_after=2024-09-21T12:07:23.757038+00:00
[2024-09-21 12:07:23,770] {processor.py:161} INFO - Processing /home/airflow/.local/lib/python3.7/site-packages/airflow/example_dags/example_short_circuit_operator.py took 0.077 seconds
[2024-09-21 12:07:54,190] {processor.py:153} INFO - Started process (PID=335) to work on /home/airflow/.local/lib/python3.7/site-packages/airflow/example_dags/example_short_circuit_operator.py
[2024-09-21 12:07:54,191] {processor.py:641} INFO - Processing file /home/airflow/.local/lib/python3.7/site-packages/airflow/example_dags/example_short_circuit_operator.py for tasks to queue
[2024-09-21 12:07:54,191] {logging_mixin.py:115} INFO - [2024-09-21 12:07:54,191] {dagbag.py:507} INFO - Filling up the DagBag from /home/airflow/.local/lib/python3.7/site-packages/airflow/example_dags/example_short_circuit_operator.py
[2024-09-21 12:07:54,198] {processor.py:651} INFO - DAG(s) dict_keys(['example_short_circuit_operator']) retrieved from /home/airflow/.local/lib/python3.7/site-packages/airflow/example_dags/example_short_circuit_operator.py
[2024-09-21 12:07:54,221] {logging_mixin.py:115} INFO - [2024-09-21 12:07:54,221] {dag.py:2379} INFO - Sync 1 DAGs
[2024-09-21 12:07:54,240] {logging_mixin.py:115} INFO - [2024-09-21 12:07:54,240] {dag.py:2927} INFO - Setting next_dagrun for example_short_circuit_operator to 2024-09-20T12:07:54.240051+00:00, run_after=2024-09-21T12:07:54.240051+00:00
[2024-09-21 12:07:54,252] {processor.py:161} INFO - Processing /home/airflow/.local/lib/python3.7/site-packages/airflow/example_dags/example_short_circuit_operator.py took 0.064 seconds
[2024-09-21 12:08:24,711] {processor.py:153} INFO - Started process (PID=376) to work on /home/airflow/.local/lib/python3.7/site-packages/airflow/example_dags/example_short_circuit_operator.py
[2024-09-21 12:08:24,712] {processor.py:641} INFO - Processing file /home/airflow/.local/lib/python3.7/site-packages/airflow/example_dags/example_short_circuit_operator.py for tasks to queue
[2024-09-21 12:08:24,712] {logging_mixin.py:115} INFO - [2024-09-21 12:08:24,712] {dagbag.py:507} INFO - Filling up the DagBag from /home/airflow/.local/lib/python3.7/site-packages/airflow/example_dags/example_short_circuit_operator.py
[2024-09-21 12:08:24,722] {processor.py:651} INFO - DAG(s) dict_keys(['example_short_circuit_operator']) retrieved from /home/airflow/.local/lib/python3.7/site-packages/airflow/example_dags/example_short_circuit_operator.py
[2024-09-21 12:08:24,746] {logging_mixin.py:115} INFO - [2024-09-21 12:08:24,746] {dag.py:2379} INFO - Sync 1 DAGs
[2024-09-21 12:08:24,766] {logging_mixin.py:115} INFO - [2024-09-21 12:08:24,766] {dag.py:2927} INFO - Setting next_dagrun for example_short_circuit_operator to 2024-09-20T12:08:24.765790+00:00, run_after=2024-09-21T12:08:24.765790+00:00
[2024-09-21 12:08:24,776] {processor.py:161} INFO - Processing /home/airflow/.local/lib/python3.7/site-packages/airflow/example_dags/example_short_circuit_operator.py took 0.071 seconds
[2024-09-21 12:08:54,916] {processor.py:153} INFO - Started process (PID=418) to work on /home/airflow/.local/lib/python3.7/site-packages/airflow/example_dags/example_short_circuit_operator.py
[2024-09-21 12:08:54,917] {processor.py:641} INFO - Processing file /home/airflow/.local/lib/python3.7/site-packages/airflow/example_dags/example_short_circuit_operator.py for tasks to queue
[2024-09-21 12:08:54,917] {logging_mixin.py:115} INFO - [2024-09-21 12:08:54,917] {dagbag.py:507} INFO - Filling up the DagBag from /home/airflow/.local/lib/python3.7/site-packages/airflow/example_dags/example_short_circuit_operator.py
[2024-09-21 12:08:54,927] {processor.py:651} INFO - DAG(s) dict_keys(['example_short_circuit_operator']) retrieved from /home/airflow/.local/lib/python3.7/site-packages/airflow/example_dags/example_short_circuit_operator.py
[2024-09-21 12:08:54,954] {logging_mixin.py:115} INFO - [2024-09-21 12:08:54,954] {dag.py:2379} INFO - Sync 1 DAGs
[2024-09-21 12:08:54,976] {logging_mixin.py:115} INFO - [2024-09-21 12:08:54,976] {dag.py:2927} INFO - Setting next_dagrun for example_short_circuit_operator to 2024-09-20T12:08:54.975773+00:00, run_after=2024-09-21T12:08:54.975773+00:00
[2024-09-21 12:08:54,988] {processor.py:161} INFO - Processing /home/airflow/.local/lib/python3.7/site-packages/airflow/example_dags/example_short_circuit_operator.py took 0.074 seconds
[2024-09-21 12:09:25,702] {processor.py:153} INFO - Started process (PID=460) to work on /home/airflow/.local/lib/python3.7/site-packages/airflow/example_dags/example_short_circuit_operator.py
[2024-09-21 12:09:25,703] {processor.py:641} INFO - Processing file /home/airflow/.local/lib/python3.7/site-packages/airflow/example_dags/example_short_circuit_operator.py for tasks to queue
[2024-09-21 12:09:25,703] {logging_mixin.py:115} INFO - [2024-09-21 12:09:25,703] {dagbag.py:507} INFO - Filling up the DagBag from /home/airflow/.local/lib/python3.7/site-packages/airflow/example_dags/example_short_circuit_operator.py
[2024-09-21 12:09:25,718] {processor.py:651} INFO - DAG(s) dict_keys(['example_short_circuit_operator']) retrieved from /home/airflow/.local/lib/python3.7/site-packages/airflow/example_dags/example_short_circuit_operator.py
[2024-09-21 12:09:25,779] {logging_mixin.py:115} INFO - [2024-09-21 12:09:25,779] {dag.py:2379} INFO - Sync 1 DAGs
[2024-09-21 12:09:25,810] {logging_mixin.py:115} INFO - [2024-09-21 12:09:25,810] {dag.py:2927} INFO - Setting next_dagrun for example_short_circuit_operator to 2024-09-20T12:09:25.809543+00:00, run_after=2024-09-21T12:09:25.809543+00:00
[2024-09-21 12:09:25,834] {processor.py:161} INFO - Processing /home/airflow/.local/lib/python3.7/site-packages/airflow/example_dags/example_short_circuit_operator.py took 0.139 seconds
[2024-09-21 12:10:41,896] {processor.py:153} INFO - Started process (PID=509) to work on /home/airflow/.local/lib/python3.7/site-packages/airflow/example_dags/example_short_circuit_operator.py
[2024-09-21 12:10:41,897] {processor.py:641} INFO - Processing file /home/airflow/.local/lib/python3.7/site-packages/airflow/example_dags/example_short_circuit_operator.py for tasks to queue
[2024-09-21 12:10:41,898] {logging_mixin.py:115} INFO - [2024-09-21 12:10:41,897] {dagbag.py:507} INFO - Filling up the DagBag from /home/airflow/.local/lib/python3.7/site-packages/airflow/example_dags/example_short_circuit_operator.py
[2024-09-21 12:10:41,911] {processor.py:651} INFO - DAG(s) dict_keys(['example_short_circuit_operator']) retrieved from /home/airflow/.local/lib/python3.7/site-packages/airflow/example_dags/example_short_circuit_operator.py
[2024-09-21 12:10:41,948] {logging_mixin.py:115} INFO - [2024-09-21 12:10:41,948] {dag.py:2379} INFO - Sync 1 DAGs
[2024-09-21 12:10:41,977] {logging_mixin.py:115} INFO - [2024-09-21 12:10:41,977] {dag.py:2927} INFO - Setting next_dagrun for example_short_circuit_operator to 2024-09-20T12:10:41.976788+00:00, run_after=2024-09-21T12:10:41.976788+00:00
[2024-09-21 12:10:41,994] {processor.py:161} INFO - Processing /home/airflow/.local/lib/python3.7/site-packages/airflow/example_dags/example_short_circuit_operator.py took 0.101 seconds
[2024-09-21 12:21:26,990] {processor.py:153} INFO - Started process (PID=54) to work on /home/airflow/.local/lib/python3.7/site-packages/airflow/example_dags/example_short_circuit_operator.py
[2024-09-21 12:21:26,991] {processor.py:641} INFO - Processing file /home/airflow/.local/lib/python3.7/site-packages/airflow/example_dags/example_short_circuit_operator.py for tasks to queue
[2024-09-21 12:21:26,992] {logging_mixin.py:115} INFO - [2024-09-21 12:21:26,992] {dagbag.py:507} INFO - Filling up the DagBag from /home/airflow/.local/lib/python3.7/site-packages/airflow/example_dags/example_short_circuit_operator.py
[2024-09-21 12:21:27,005] {processor.py:651} INFO - DAG(s) dict_keys(['example_short_circuit_operator']) retrieved from /home/airflow/.local/lib/python3.7/site-packages/airflow/example_dags/example_short_circuit_operator.py
[2024-09-21 12:21:27,057] {logging_mixin.py:115} INFO - [2024-09-21 12:21:27,057] {dag.py:2379} INFO - Sync 1 DAGs
[2024-09-21 12:21:27,086] {logging_mixin.py:115} INFO - [2024-09-21 12:21:27,086] {dag.py:2927} INFO - Setting next_dagrun for example_short_circuit_operator to 2024-09-20T12:21:27.086017+00:00, run_after=2024-09-21T12:21:27.086017+00:00
[2024-09-21 12:21:27,104] {processor.py:161} INFO - Processing /home/airflow/.local/lib/python3.7/site-packages/airflow/example_dags/example_short_circuit_operator.py took 0.118 seconds
[2024-09-21 12:21:57,881] {processor.py:153} INFO - Started process (PID=117) to work on /home/airflow/.local/lib/python3.7/site-packages/airflow/example_dags/example_short_circuit_operator.py
[2024-09-21 12:21:57,882] {processor.py:641} INFO - Processing file /home/airflow/.local/lib/python3.7/site-packages/airflow/example_dags/example_short_circuit_operator.py for tasks to queue
[2024-09-21 12:21:57,882] {logging_mixin.py:115} INFO - [2024-09-21 12:21:57,882] {dagbag.py:507} INFO - Filling up the DagBag from /home/airflow/.local/lib/python3.7/site-packages/airflow/example_dags/example_short_circuit_operator.py
[2024-09-21 12:21:57,891] {processor.py:651} INFO - DAG(s) dict_keys(['example_short_circuit_operator']) retrieved from /home/airflow/.local/lib/python3.7/site-packages/airflow/example_dags/example_short_circuit_operator.py
[2024-09-21 12:21:57,920] {logging_mixin.py:115} INFO - [2024-09-21 12:21:57,920] {dag.py:2379} INFO - Sync 1 DAGs
[2024-09-21 12:21:57,946] {logging_mixin.py:115} INFO - [2024-09-21 12:21:57,946] {dag.py:2927} INFO - Setting next_dagrun for example_short_circuit_operator to 2024-09-20T12:21:57.945986+00:00, run_after=2024-09-21T12:21:57.945986+00:00
[2024-09-21 12:21:57,960] {processor.py:161} INFO - Processing /home/airflow/.local/lib/python3.7/site-packages/airflow/example_dags/example_short_circuit_operator.py took 0.082 seconds
[2024-09-21 12:22:28,040] {processor.py:153} INFO - Started process (PID=166) to work on /home/airflow/.local/lib/python3.7/site-packages/airflow/example_dags/example_short_circuit_operator.py
[2024-09-21 12:22:28,041] {processor.py:641} INFO - Processing file /home/airflow/.local/lib/python3.7/site-packages/airflow/example_dags/example_short_circuit_operator.py for tasks to queue
[2024-09-21 12:22:28,041] {logging_mixin.py:115} INFO - [2024-09-21 12:22:28,041] {dagbag.py:507} INFO - Filling up the DagBag from /home/airflow/.local/lib/python3.7/site-packages/airflow/example_dags/example_short_circuit_operator.py
[2024-09-21 12:22:28,049] {processor.py:651} INFO - DAG(s) dict_keys(['example_short_circuit_operator']) retrieved from /home/airflow/.local/lib/python3.7/site-packages/airflow/example_dags/example_short_circuit_operator.py
[2024-09-21 12:22:28,072] {logging_mixin.py:115} INFO - [2024-09-21 12:22:28,072] {dag.py:2379} INFO - Sync 1 DAGs
[2024-09-21 12:22:28,091] {logging_mixin.py:115} INFO - [2024-09-21 12:22:28,091] {dag.py:2927} INFO - Setting next_dagrun for example_short_circuit_operator to 2024-09-20T12:22:28.090898+00:00, run_after=2024-09-21T12:22:28.090898+00:00
[2024-09-21 12:22:28,101] {processor.py:161} INFO - Processing /home/airflow/.local/lib/python3.7/site-packages/airflow/example_dags/example_short_circuit_operator.py took 0.064 seconds
[2024-09-21 12:22:58,709] {processor.py:153} INFO - Started process (PID=209) to work on /home/airflow/.local/lib/python3.7/site-packages/airflow/example_dags/example_short_circuit_operator.py
[2024-09-21 12:22:58,710] {processor.py:641} INFO - Processing file /home/airflow/.local/lib/python3.7/site-packages/airflow/example_dags/example_short_circuit_operator.py for tasks to queue
[2024-09-21 12:22:58,710] {logging_mixin.py:115} INFO - [2024-09-21 12:22:58,710] {dagbag.py:507} INFO - Filling up the DagBag from /home/airflow/.local/lib/python3.7/site-packages/airflow/example_dags/example_short_circuit_operator.py
[2024-09-21 12:22:58,719] {processor.py:651} INFO - DAG(s) dict_keys(['example_short_circuit_operator']) retrieved from /home/airflow/.local/lib/python3.7/site-packages/airflow/example_dags/example_short_circuit_operator.py
[2024-09-21 12:22:58,744] {logging_mixin.py:115} INFO - [2024-09-21 12:22:58,744] {dag.py:2379} INFO - Sync 1 DAGs
[2024-09-21 12:22:58,765] {logging_mixin.py:115} INFO - [2024-09-21 12:22:58,765] {dag.py:2927} INFO - Setting next_dagrun for example_short_circuit_operator to 2024-09-20T12:22:58.765182+00:00, run_after=2024-09-21T12:22:58.765182+00:00
[2024-09-21 12:22:58,777] {processor.py:161} INFO - Processing /home/airflow/.local/lib/python3.7/site-packages/airflow/example_dags/example_short_circuit_operator.py took 0.071 seconds
[2024-09-21 12:23:28,955] {processor.py:153} INFO - Started process (PID=250) to work on /home/airflow/.local/lib/python3.7/site-packages/airflow/example_dags/example_short_circuit_operator.py
[2024-09-21 12:23:28,956] {processor.py:641} INFO - Processing file /home/airflow/.local/lib/python3.7/site-packages/airflow/example_dags/example_short_circuit_operator.py for tasks to queue
[2024-09-21 12:23:28,957] {logging_mixin.py:115} INFO - [2024-09-21 12:23:28,957] {dagbag.py:507} INFO - Filling up the DagBag from /home/airflow/.local/lib/python3.7/site-packages/airflow/example_dags/example_short_circuit_operator.py
[2024-09-21 12:23:28,966] {processor.py:651} INFO - DAG(s) dict_keys(['example_short_circuit_operator']) retrieved from /home/airflow/.local/lib/python3.7/site-packages/airflow/example_dags/example_short_circuit_operator.py
[2024-09-21 12:23:28,994] {logging_mixin.py:115} INFO - [2024-09-21 12:23:28,994] {dag.py:2379} INFO - Sync 1 DAGs
[2024-09-21 12:23:29,016] {logging_mixin.py:115} INFO - [2024-09-21 12:23:29,016] {dag.py:2927} INFO - Setting next_dagrun for example_short_circuit_operator to 2024-09-20T12:23:29.016036+00:00, run_after=2024-09-21T12:23:29.016036+00:00
[2024-09-21 12:23:29,028] {processor.py:161} INFO - Processing /home/airflow/.local/lib/python3.7/site-packages/airflow/example_dags/example_short_circuit_operator.py took 0.075 seconds
[2024-09-21 12:23:59,547] {processor.py:153} INFO - Started process (PID=292) to work on /home/airflow/.local/lib/python3.7/site-packages/airflow/example_dags/example_short_circuit_operator.py
[2024-09-21 12:23:59,548] {processor.py:641} INFO - Processing file /home/airflow/.local/lib/python3.7/site-packages/airflow/example_dags/example_short_circuit_operator.py for tasks to queue
[2024-09-21 12:23:59,549] {logging_mixin.py:115} INFO - [2024-09-21 12:23:59,549] {dagbag.py:507} INFO - Filling up the DagBag from /home/airflow/.local/lib/python3.7/site-packages/airflow/example_dags/example_short_circuit_operator.py
[2024-09-21 12:23:59,558] {processor.py:651} INFO - DAG(s) dict_keys(['example_short_circuit_operator']) retrieved from /home/airflow/.local/lib/python3.7/site-packages/airflow/example_dags/example_short_circuit_operator.py
[2024-09-21 12:23:59,584] {logging_mixin.py:115} INFO - [2024-09-21 12:23:59,584] {dag.py:2379} INFO - Sync 1 DAGs
[2024-09-21 12:23:59,604] {logging_mixin.py:115} INFO - [2024-09-21 12:23:59,604] {dag.py:2927} INFO - Setting next_dagrun for example_short_circuit_operator to 2024-09-20T12:23:59.604650+00:00, run_after=2024-09-21T12:23:59.604650+00:00
[2024-09-21 12:23:59,614] {processor.py:161} INFO - Processing /home/airflow/.local/lib/python3.7/site-packages/airflow/example_dags/example_short_circuit_operator.py took 0.072 seconds
[2024-09-21 12:24:30,561] {processor.py:153} INFO - Started process (PID=335) to work on /home/airflow/.local/lib/python3.7/site-packages/airflow/example_dags/example_short_circuit_operator.py
[2024-09-21 12:24:30,562] {processor.py:641} INFO - Processing file /home/airflow/.local/lib/python3.7/site-packages/airflow/example_dags/example_short_circuit_operator.py for tasks to queue
[2024-09-21 12:24:30,562] {logging_mixin.py:115} INFO - [2024-09-21 12:24:30,562] {dagbag.py:507} INFO - Filling up the DagBag from /home/airflow/.local/lib/python3.7/site-packages/airflow/example_dags/example_short_circuit_operator.py
[2024-09-21 12:24:30,569] {processor.py:651} INFO - DAG(s) dict_keys(['example_short_circuit_operator']) retrieved from /home/airflow/.local/lib/python3.7/site-packages/airflow/example_dags/example_short_circuit_operator.py
[2024-09-21 12:24:30,593] {logging_mixin.py:115} INFO - [2024-09-21 12:24:30,593] {dag.py:2379} INFO - Sync 1 DAGs
[2024-09-21 12:24:30,614] {logging_mixin.py:115} INFO - [2024-09-21 12:24:30,614] {dag.py:2927} INFO - Setting next_dagrun for example_short_circuit_operator to 2024-09-20T12:24:30.614128+00:00, run_after=2024-09-21T12:24:30.614128+00:00
[2024-09-21 12:24:30,624] {processor.py:161} INFO - Processing /home/airflow/.local/lib/python3.7/site-packages/airflow/example_dags/example_short_circuit_operator.py took 0.067 seconds
[2024-09-21 12:25:01,182] {processor.py:153} INFO - Started process (PID=377) to work on /home/airflow/.local/lib/python3.7/site-packages/airflow/example_dags/example_short_circuit_operator.py
[2024-09-21 12:25:01,183] {processor.py:641} INFO - Processing file /home/airflow/.local/lib/python3.7/site-packages/airflow/example_dags/example_short_circuit_operator.py for tasks to queue
[2024-09-21 12:25:01,184] {logging_mixin.py:115} INFO - [2024-09-21 12:25:01,184] {dagbag.py:507} INFO - Filling up the DagBag from /home/airflow/.local/lib/python3.7/site-packages/airflow/example_dags/example_short_circuit_operator.py
[2024-09-21 12:25:01,192] {processor.py:651} INFO - DAG(s) dict_keys(['example_short_circuit_operator']) retrieved from /home/airflow/.local/lib/python3.7/site-packages/airflow/example_dags/example_short_circuit_operator.py
[2024-09-21 12:25:01,215] {logging_mixin.py:115} INFO - [2024-09-21 12:25:01,215] {dag.py:2379} INFO - Sync 1 DAGs
[2024-09-21 12:25:01,235] {logging_mixin.py:115} INFO - [2024-09-21 12:25:01,235] {dag.py:2927} INFO - Setting next_dagrun for example_short_circuit_operator to 2024-09-20T12:25:01.234846+00:00, run_after=2024-09-21T12:25:01.234846+00:00
[2024-09-21 12:25:01,244] {processor.py:161} INFO - Processing /home/airflow/.local/lib/python3.7/site-packages/airflow/example_dags/example_short_circuit_operator.py took 0.067 seconds
[2024-09-21 12:25:31,267] {processor.py:153} INFO - Started process (PID=418) to work on /home/airflow/.local/lib/python3.7/site-packages/airflow/example_dags/example_short_circuit_operator.py
[2024-09-21 12:25:31,268] {processor.py:641} INFO - Processing file /home/airflow/.local/lib/python3.7/site-packages/airflow/example_dags/example_short_circuit_operator.py for tasks to queue
[2024-09-21 12:25:31,269] {logging_mixin.py:115} INFO - [2024-09-21 12:25:31,269] {dagbag.py:507} INFO - Filling up the DagBag from /home/airflow/.local/lib/python3.7/site-packages/airflow/example_dags/example_short_circuit_operator.py
[2024-09-21 12:25:31,278] {processor.py:651} INFO - DAG(s) dict_keys(['example_short_circuit_operator']) retrieved from /home/airflow/.local/lib/python3.7/site-packages/airflow/example_dags/example_short_circuit_operator.py
[2024-09-21 12:25:31,302] {logging_mixin.py:115} INFO - [2024-09-21 12:25:31,302] {dag.py:2379} INFO - Sync 1 DAGs
[2024-09-21 12:25:31,322] {logging_mixin.py:115} INFO - [2024-09-21 12:25:31,322] {dag.py:2927} INFO - Setting next_dagrun for example_short_circuit_operator to 2024-09-20T12:25:31.322071+00:00, run_after=2024-09-21T12:25:31.322071+00:00
[2024-09-21 12:25:31,332] {processor.py:161} INFO - Processing /home/airflow/.local/lib/python3.7/site-packages/airflow/example_dags/example_short_circuit_operator.py took 0.070 seconds
[2024-09-21 12:26:01,672] {processor.py:153} INFO - Started process (PID=459) to work on /home/airflow/.local/lib/python3.7/site-packages/airflow/example_dags/example_short_circuit_operator.py
[2024-09-21 12:26:01,672] {processor.py:641} INFO - Processing file /home/airflow/.local/lib/python3.7/site-packages/airflow/example_dags/example_short_circuit_operator.py for tasks to queue
[2024-09-21 12:26:01,673] {logging_mixin.py:115} INFO - [2024-09-21 12:26:01,673] {dagbag.py:507} INFO - Filling up the DagBag from /home/airflow/.local/lib/python3.7/site-packages/airflow/example_dags/example_short_circuit_operator.py
[2024-09-21 12:26:01,680] {processor.py:651} INFO - DAG(s) dict_keys(['example_short_circuit_operator']) retrieved from /home/airflow/.local/lib/python3.7/site-packages/airflow/example_dags/example_short_circuit_operator.py
[2024-09-21 12:26:01,706] {logging_mixin.py:115} INFO - [2024-09-21 12:26:01,706] {dag.py:2379} INFO - Sync 1 DAGs
[2024-09-21 12:26:01,727] {logging_mixin.py:115} INFO - [2024-09-21 12:26:01,726] {dag.py:2927} INFO - Setting next_dagrun for example_short_circuit_operator to 2024-09-20T12:26:01.726599+00:00, run_after=2024-09-21T12:26:01.726599+00:00
[2024-09-21 12:26:01,737] {processor.py:161} INFO - Processing /home/airflow/.local/lib/python3.7/site-packages/airflow/example_dags/example_short_circuit_operator.py took 0.068 seconds
[2024-09-21 12:26:31,893] {processor.py:153} INFO - Started process (PID=501) to work on /home/airflow/.local/lib/python3.7/site-packages/airflow/example_dags/example_short_circuit_operator.py
[2024-09-21 12:26:31,893] {processor.py:641} INFO - Processing file /home/airflow/.local/lib/python3.7/site-packages/airflow/example_dags/example_short_circuit_operator.py for tasks to queue
[2024-09-21 12:26:31,893] {logging_mixin.py:115} INFO - [2024-09-21 12:26:31,893] {dagbag.py:507} INFO - Filling up the DagBag from /home/airflow/.local/lib/python3.7/site-packages/airflow/example_dags/example_short_circuit_operator.py
[2024-09-21 12:26:31,902] {processor.py:651} INFO - DAG(s) dict_keys(['example_short_circuit_operator']) retrieved from /home/airflow/.local/lib/python3.7/site-packages/airflow/example_dags/example_short_circuit_operator.py
[2024-09-21 12:26:31,927] {logging_mixin.py:115} INFO - [2024-09-21 12:26:31,927] {dag.py:2379} INFO - Sync 1 DAGs
[2024-09-21 12:26:31,949] {logging_mixin.py:115} INFO - [2024-09-21 12:26:31,949] {dag.py:2927} INFO - Setting next_dagrun for example_short_circuit_operator to 2024-09-20T12:26:31.949433+00:00, run_after=2024-09-21T12:26:31.949433+00:00
[2024-09-21 12:26:31,961] {processor.py:161} INFO - Processing /home/airflow/.local/lib/python3.7/site-packages/airflow/example_dags/example_short_circuit_operator.py took 0.071 seconds
[2024-09-21 12:27:02,103] {processor.py:153} INFO - Started process (PID=543) to work on /home/airflow/.local/lib/python3.7/site-packages/airflow/example_dags/example_short_circuit_operator.py
[2024-09-21 12:27:02,104] {processor.py:641} INFO - Processing file /home/airflow/.local/lib/python3.7/site-packages/airflow/example_dags/example_short_circuit_operator.py for tasks to queue
[2024-09-21 12:27:02,104] {logging_mixin.py:115} INFO - [2024-09-21 12:27:02,104] {dagbag.py:507} INFO - Filling up the DagBag from /home/airflow/.local/lib/python3.7/site-packages/airflow/example_dags/example_short_circuit_operator.py
[2024-09-21 12:27:02,113] {processor.py:651} INFO - DAG(s) dict_keys(['example_short_circuit_operator']) retrieved from /home/airflow/.local/lib/python3.7/site-packages/airflow/example_dags/example_short_circuit_operator.py
[2024-09-21 12:27:02,136] {logging_mixin.py:115} INFO - [2024-09-21 12:27:02,136] {dag.py:2379} INFO - Sync 1 DAGs
[2024-09-21 12:27:02,155] {logging_mixin.py:115} INFO - [2024-09-21 12:27:02,155] {dag.py:2927} INFO - Setting next_dagrun for example_short_circuit_operator to 2024-09-20T12:27:02.155196+00:00, run_after=2024-09-21T12:27:02.155196+00:00
[2024-09-21 12:27:02,165] {processor.py:161} INFO - Processing /home/airflow/.local/lib/python3.7/site-packages/airflow/example_dags/example_short_circuit_operator.py took 0.064 seconds
[2024-09-21 12:27:32,666] {processor.py:153} INFO - Started process (PID=585) to work on /home/airflow/.local/lib/python3.7/site-packages/airflow/example_dags/example_short_circuit_operator.py
[2024-09-21 12:27:32,667] {processor.py:641} INFO - Processing file /home/airflow/.local/lib/python3.7/site-packages/airflow/example_dags/example_short_circuit_operator.py for tasks to queue
[2024-09-21 12:27:32,667] {logging_mixin.py:115} INFO - [2024-09-21 12:27:32,667] {dagbag.py:507} INFO - Filling up the DagBag from /home/airflow/.local/lib/python3.7/site-packages/airflow/example_dags/example_short_circuit_operator.py
[2024-09-21 12:27:32,675] {processor.py:651} INFO - DAG(s) dict_keys(['example_short_circuit_operator']) retrieved from /home/airflow/.local/lib/python3.7/site-packages/airflow/example_dags/example_short_circuit_operator.py
[2024-09-21 12:27:32,699] {logging_mixin.py:115} INFO - [2024-09-21 12:27:32,698] {dag.py:2379} INFO - Sync 1 DAGs
[2024-09-21 12:27:32,718] {logging_mixin.py:115} INFO - [2024-09-21 12:27:32,718] {dag.py:2927} INFO - Setting next_dagrun for example_short_circuit_operator to 2024-09-20T12:27:32.718612+00:00, run_after=2024-09-21T12:27:32.718612+00:00
[2024-09-21 12:27:32,728] {processor.py:161} INFO - Processing /home/airflow/.local/lib/python3.7/site-packages/airflow/example_dags/example_short_circuit_operator.py took 0.064 seconds
[2024-09-21 12:28:02,923] {processor.py:153} INFO - Started process (PID=627) to work on /home/airflow/.local/lib/python3.7/site-packages/airflow/example_dags/example_short_circuit_operator.py
[2024-09-21 12:28:02,924] {processor.py:641} INFO - Processing file /home/airflow/.local/lib/python3.7/site-packages/airflow/example_dags/example_short_circuit_operator.py for tasks to queue
[2024-09-21 12:28:02,924] {logging_mixin.py:115} INFO - [2024-09-21 12:28:02,924] {dagbag.py:507} INFO - Filling up the DagBag from /home/airflow/.local/lib/python3.7/site-packages/airflow/example_dags/example_short_circuit_operator.py
[2024-09-21 12:28:02,932] {processor.py:651} INFO - DAG(s) dict_keys(['example_short_circuit_operator']) retrieved from /home/airflow/.local/lib/python3.7/site-packages/airflow/example_dags/example_short_circuit_operator.py
[2024-09-21 12:28:02,956] {logging_mixin.py:115} INFO - [2024-09-21 12:28:02,956] {dag.py:2379} INFO - Sync 1 DAGs
[2024-09-21 12:28:02,976] {logging_mixin.py:115} INFO - [2024-09-21 12:28:02,976] {dag.py:2927} INFO - Setting next_dagrun for example_short_circuit_operator to 2024-09-20T12:28:02.976003+00:00, run_after=2024-09-21T12:28:02.976003+00:00
[2024-09-21 12:28:02,986] {processor.py:161} INFO - Processing /home/airflow/.local/lib/python3.7/site-packages/airflow/example_dags/example_short_circuit_operator.py took 0.066 seconds
[2024-09-21 12:28:33,106] {processor.py:153} INFO - Started process (PID=669) to work on /home/airflow/.local/lib/python3.7/site-packages/airflow/example_dags/example_short_circuit_operator.py
[2024-09-21 12:28:33,107] {processor.py:641} INFO - Processing file /home/airflow/.local/lib/python3.7/site-packages/airflow/example_dags/example_short_circuit_operator.py for tasks to queue
[2024-09-21 12:28:33,107] {logging_mixin.py:115} INFO - [2024-09-21 12:28:33,107] {dagbag.py:507} INFO - Filling up the DagBag from /home/airflow/.local/lib/python3.7/site-packages/airflow/example_dags/example_short_circuit_operator.py
[2024-09-21 12:28:33,115] {processor.py:651} INFO - DAG(s) dict_keys(['example_short_circuit_operator']) retrieved from /home/airflow/.local/lib/python3.7/site-packages/airflow/example_dags/example_short_circuit_operator.py
[2024-09-21 12:28:33,142] {logging_mixin.py:115} INFO - [2024-09-21 12:28:33,141] {dag.py:2379} INFO - Sync 1 DAGs
[2024-09-21 12:28:33,160] {logging_mixin.py:115} INFO - [2024-09-21 12:28:33,160] {dag.py:2927} INFO - Setting next_dagrun for example_short_circuit_operator to 2024-09-20T12:28:33.159976+00:00, run_after=2024-09-21T12:28:33.159976+00:00
[2024-09-21 12:28:33,170] {processor.py:161} INFO - Processing /home/airflow/.local/lib/python3.7/site-packages/airflow/example_dags/example_short_circuit_operator.py took 0.067 seconds
[2024-09-21 12:29:03,429] {processor.py:153} INFO - Started process (PID=711) to work on /home/airflow/.local/lib/python3.7/site-packages/airflow/example_dags/example_short_circuit_operator.py
[2024-09-21 12:29:03,430] {processor.py:641} INFO - Processing file /home/airflow/.local/lib/python3.7/site-packages/airflow/example_dags/example_short_circuit_operator.py for tasks to queue
[2024-09-21 12:29:03,431] {logging_mixin.py:115} INFO - [2024-09-21 12:29:03,431] {dagbag.py:507} INFO - Filling up the DagBag from /home/airflow/.local/lib/python3.7/site-packages/airflow/example_dags/example_short_circuit_operator.py
[2024-09-21 12:29:03,440] {processor.py:651} INFO - DAG(s) dict_keys(['example_short_circuit_operator']) retrieved from /home/airflow/.local/lib/python3.7/site-packages/airflow/example_dags/example_short_circuit_operator.py
[2024-09-21 12:29:03,463] {logging_mixin.py:115} INFO - [2024-09-21 12:29:03,463] {dag.py:2379} INFO - Sync 1 DAGs
[2024-09-21 12:29:03,482] {logging_mixin.py:115} INFO - [2024-09-21 12:29:03,482] {dag.py:2927} INFO - Setting next_dagrun for example_short_circuit_operator to 2024-09-20T12:29:03.482306+00:00, run_after=2024-09-21T12:29:03.482306+00:00
[2024-09-21 12:29:03,492] {processor.py:161} INFO - Processing /home/airflow/.local/lib/python3.7/site-packages/airflow/example_dags/example_short_circuit_operator.py took 0.068 seconds
[2024-09-21 12:29:33,525] {processor.py:153} INFO - Started process (PID=753) to work on /home/airflow/.local/lib/python3.7/site-packages/airflow/example_dags/example_short_circuit_operator.py
[2024-09-21 12:29:33,525] {processor.py:641} INFO - Processing file /home/airflow/.local/lib/python3.7/site-packages/airflow/example_dags/example_short_circuit_operator.py for tasks to queue
[2024-09-21 12:29:33,525] {logging_mixin.py:115} INFO - [2024-09-21 12:29:33,525] {dagbag.py:507} INFO - Filling up the DagBag from /home/airflow/.local/lib/python3.7/site-packages/airflow/example_dags/example_short_circuit_operator.py
[2024-09-21 12:29:33,532] {processor.py:651} INFO - DAG(s) dict_keys(['example_short_circuit_operator']) retrieved from /home/airflow/.local/lib/python3.7/site-packages/airflow/example_dags/example_short_circuit_operator.py
[2024-09-21 12:29:33,558] {logging_mixin.py:115} INFO - [2024-09-21 12:29:33,558] {dag.py:2379} INFO - Sync 1 DAGs
[2024-09-21 12:29:33,577] {logging_mixin.py:115} INFO - [2024-09-21 12:29:33,577] {dag.py:2927} INFO - Setting next_dagrun for example_short_circuit_operator to 2024-09-20T12:29:33.576923+00:00, run_after=2024-09-21T12:29:33.576923+00:00
[2024-09-21 12:29:33,586] {processor.py:161} INFO - Processing /home/airflow/.local/lib/python3.7/site-packages/airflow/example_dags/example_short_circuit_operator.py took 0.064 seconds
[2024-09-21 12:30:04,498] {processor.py:153} INFO - Started process (PID=795) to work on /home/airflow/.local/lib/python3.7/site-packages/airflow/example_dags/example_short_circuit_operator.py
[2024-09-21 12:30:04,498] {processor.py:641} INFO - Processing file /home/airflow/.local/lib/python3.7/site-packages/airflow/example_dags/example_short_circuit_operator.py for tasks to queue
[2024-09-21 12:30:04,499] {logging_mixin.py:115} INFO - [2024-09-21 12:30:04,499] {dagbag.py:507} INFO - Filling up the DagBag from /home/airflow/.local/lib/python3.7/site-packages/airflow/example_dags/example_short_circuit_operator.py
[2024-09-21 12:30:04,506] {processor.py:651} INFO - DAG(s) dict_keys(['example_short_circuit_operator']) retrieved from /home/airflow/.local/lib/python3.7/site-packages/airflow/example_dags/example_short_circuit_operator.py
[2024-09-21 12:30:04,530] {logging_mixin.py:115} INFO - [2024-09-21 12:30:04,530] {dag.py:2379} INFO - Sync 1 DAGs
[2024-09-21 12:30:04,549] {logging_mixin.py:115} INFO - [2024-09-21 12:30:04,549] {dag.py:2927} INFO - Setting next_dagrun for example_short_circuit_operator to 2024-09-20T12:30:04.549131+00:00, run_after=2024-09-21T12:30:04.549131+00:00
[2024-09-21 12:30:04,560] {processor.py:161} INFO - Processing /home/airflow/.local/lib/python3.7/site-packages/airflow/example_dags/example_short_circuit_operator.py took 0.065 seconds
[2024-09-21 12:30:35,519] {processor.py:153} INFO - Started process (PID=837) to work on /home/airflow/.local/lib/python3.7/site-packages/airflow/example_dags/example_short_circuit_operator.py
[2024-09-21 12:30:35,520] {processor.py:641} INFO - Processing file /home/airflow/.local/lib/python3.7/site-packages/airflow/example_dags/example_short_circuit_operator.py for tasks to queue
[2024-09-21 12:30:35,520] {logging_mixin.py:115} INFO - [2024-09-21 12:30:35,520] {dagbag.py:507} INFO - Filling up the DagBag from /home/airflow/.local/lib/python3.7/site-packages/airflow/example_dags/example_short_circuit_operator.py
[2024-09-21 12:30:35,529] {processor.py:651} INFO - DAG(s) dict_keys(['example_short_circuit_operator']) retrieved from /home/airflow/.local/lib/python3.7/site-packages/airflow/example_dags/example_short_circuit_operator.py
[2024-09-21 12:30:35,555] {logging_mixin.py:115} INFO - [2024-09-21 12:30:35,555] {dag.py:2379} INFO - Sync 1 DAGs
[2024-09-21 12:30:35,576] {logging_mixin.py:115} INFO - [2024-09-21 12:30:35,576] {dag.py:2927} INFO - Setting next_dagrun for example_short_circuit_operator to 2024-09-20T12:30:35.575938+00:00, run_after=2024-09-21T12:30:35.575938+00:00
[2024-09-21 12:30:35,587] {processor.py:161} INFO - Processing /home/airflow/.local/lib/python3.7/site-packages/airflow/example_dags/example_short_circuit_operator.py took 0.070 seconds
[2024-09-21 12:35:08,989] {processor.py:153} INFO - Started process (PID=53) to work on /home/airflow/.local/lib/python3.7/site-packages/airflow/example_dags/example_short_circuit_operator.py
[2024-09-21 12:35:08,993] {processor.py:641} INFO - Processing file /home/airflow/.local/lib/python3.7/site-packages/airflow/example_dags/example_short_circuit_operator.py for tasks to queue
[2024-09-21 12:35:08,994] {logging_mixin.py:115} INFO - [2024-09-21 12:35:08,994] {dagbag.py:507} INFO - Filling up the DagBag from /home/airflow/.local/lib/python3.7/site-packages/airflow/example_dags/example_short_circuit_operator.py
[2024-09-21 12:35:09,008] {processor.py:651} INFO - DAG(s) dict_keys(['example_short_circuit_operator']) retrieved from /home/airflow/.local/lib/python3.7/site-packages/airflow/example_dags/example_short_circuit_operator.py
[2024-09-21 12:35:09,057] {logging_mixin.py:115} INFO - [2024-09-21 12:35:09,057] {dag.py:2379} INFO - Sync 1 DAGs
[2024-09-21 12:35:09,105] {logging_mixin.py:115} INFO - [2024-09-21 12:35:09,105] {dag.py:2927} INFO - Setting next_dagrun for example_short_circuit_operator to 2024-09-20T12:35:09.105156+00:00, run_after=2024-09-21T12:35:09.105156+00:00
[2024-09-21 12:35:09,132] {processor.py:161} INFO - Processing /home/airflow/.local/lib/python3.7/site-packages/airflow/example_dags/example_short_circuit_operator.py took 0.147 seconds
[2024-09-21 12:35:39,315] {processor.py:153} INFO - Started process (PID=115) to work on /home/airflow/.local/lib/python3.7/site-packages/airflow/example_dags/example_short_circuit_operator.py
[2024-09-21 12:35:39,316] {processor.py:641} INFO - Processing file /home/airflow/.local/lib/python3.7/site-packages/airflow/example_dags/example_short_circuit_operator.py for tasks to queue
[2024-09-21 12:35:39,316] {logging_mixin.py:115} INFO - [2024-09-21 12:35:39,316] {dagbag.py:507} INFO - Filling up the DagBag from /home/airflow/.local/lib/python3.7/site-packages/airflow/example_dags/example_short_circuit_operator.py
[2024-09-21 12:35:39,328] {processor.py:651} INFO - DAG(s) dict_keys(['example_short_circuit_operator']) retrieved from /home/airflow/.local/lib/python3.7/site-packages/airflow/example_dags/example_short_circuit_operator.py
[2024-09-21 12:35:39,365] {logging_mixin.py:115} INFO - [2024-09-21 12:35:39,365] {dag.py:2379} INFO - Sync 1 DAGs
[2024-09-21 12:35:39,396] {logging_mixin.py:115} INFO - [2024-09-21 12:35:39,396] {dag.py:2927} INFO - Setting next_dagrun for example_short_circuit_operator to 2024-09-20T12:35:39.395545+00:00, run_after=2024-09-21T12:35:39.395545+00:00
[2024-09-21 12:35:39,412] {processor.py:161} INFO - Processing /home/airflow/.local/lib/python3.7/site-packages/airflow/example_dags/example_short_circuit_operator.py took 0.101 seconds
[2024-09-21 12:36:09,511] {processor.py:153} INFO - Started process (PID=156) to work on /home/airflow/.local/lib/python3.7/site-packages/airflow/example_dags/example_short_circuit_operator.py
[2024-09-21 12:36:09,511] {processor.py:641} INFO - Processing file /home/airflow/.local/lib/python3.7/site-packages/airflow/example_dags/example_short_circuit_operator.py for tasks to queue
[2024-09-21 12:36:09,512] {logging_mixin.py:115} INFO - [2024-09-21 12:36:09,511] {dagbag.py:507} INFO - Filling up the DagBag from /home/airflow/.local/lib/python3.7/site-packages/airflow/example_dags/example_short_circuit_operator.py
[2024-09-21 12:36:09,522] {processor.py:651} INFO - DAG(s) dict_keys(['example_short_circuit_operator']) retrieved from /home/airflow/.local/lib/python3.7/site-packages/airflow/example_dags/example_short_circuit_operator.py
[2024-09-21 12:36:09,552] {logging_mixin.py:115} INFO - [2024-09-21 12:36:09,552] {dag.py:2379} INFO - Sync 1 DAGs
[2024-09-21 12:36:09,580] {logging_mixin.py:115} INFO - [2024-09-21 12:36:09,580] {dag.py:2927} INFO - Setting next_dagrun for example_short_circuit_operator to 2024-09-20T12:36:09.579736+00:00, run_after=2024-09-21T12:36:09.579736+00:00
[2024-09-21 12:36:09,594] {processor.py:161} INFO - Processing /home/airflow/.local/lib/python3.7/site-packages/airflow/example_dags/example_short_circuit_operator.py took 0.087 seconds
[2024-09-21 12:36:39,949] {processor.py:153} INFO - Started process (PID=198) to work on /home/airflow/.local/lib/python3.7/site-packages/airflow/example_dags/example_short_circuit_operator.py
[2024-09-21 12:36:39,950] {processor.py:641} INFO - Processing file /home/airflow/.local/lib/python3.7/site-packages/airflow/example_dags/example_short_circuit_operator.py for tasks to queue
[2024-09-21 12:36:39,950] {logging_mixin.py:115} INFO - [2024-09-21 12:36:39,950] {dagbag.py:507} INFO - Filling up the DagBag from /home/airflow/.local/lib/python3.7/site-packages/airflow/example_dags/example_short_circuit_operator.py
[2024-09-21 12:36:39,963] {processor.py:651} INFO - DAG(s) dict_keys(['example_short_circuit_operator']) retrieved from /home/airflow/.local/lib/python3.7/site-packages/airflow/example_dags/example_short_circuit_operator.py
[2024-09-21 12:36:39,999] {logging_mixin.py:115} INFO - [2024-09-21 12:36:39,999] {dag.py:2379} INFO - Sync 1 DAGs
[2024-09-21 12:36:40,028] {logging_mixin.py:115} INFO - [2024-09-21 12:36:40,028] {dag.py:2927} INFO - Setting next_dagrun for example_short_circuit_operator to 2024-09-20T12:36:40.028481+00:00, run_after=2024-09-21T12:36:40.028481+00:00
[2024-09-21 12:36:40,045] {processor.py:161} INFO - Processing /home/airflow/.local/lib/python3.7/site-packages/airflow/example_dags/example_short_circuit_operator.py took 0.101 seconds
[2024-09-21 12:37:10,422] {processor.py:153} INFO - Started process (PID=245) to work on /home/airflow/.local/lib/python3.7/site-packages/airflow/example_dags/example_short_circuit_operator.py
[2024-09-21 12:37:10,422] {processor.py:641} INFO - Processing file /home/airflow/.local/lib/python3.7/site-packages/airflow/example_dags/example_short_circuit_operator.py for tasks to queue
[2024-09-21 12:37:10,423] {logging_mixin.py:115} INFO - [2024-09-21 12:37:10,423] {dagbag.py:507} INFO - Filling up the DagBag from /home/airflow/.local/lib/python3.7/site-packages/airflow/example_dags/example_short_circuit_operator.py
[2024-09-21 12:37:10,437] {processor.py:651} INFO - DAG(s) dict_keys(['example_short_circuit_operator']) retrieved from /home/airflow/.local/lib/python3.7/site-packages/airflow/example_dags/example_short_circuit_operator.py
[2024-09-21 12:37:10,474] {logging_mixin.py:115} INFO - [2024-09-21 12:37:10,474] {dag.py:2379} INFO - Sync 1 DAGs
[2024-09-21 12:37:10,506] {logging_mixin.py:115} INFO - [2024-09-21 12:37:10,506] {dag.py:2927} INFO - Setting next_dagrun for example_short_circuit_operator to 2024-09-20T12:37:10.505892+00:00, run_after=2024-09-21T12:37:10.505892+00:00
[2024-09-21 12:37:10,524] {processor.py:161} INFO - Processing /home/airflow/.local/lib/python3.7/site-packages/airflow/example_dags/example_short_circuit_operator.py took 0.107 seconds
