[2024-09-21 12:04:54,742] {processor.py:153} INFO - Started process (PID=80) to work on /home/airflow/.local/lib/python3.7/site-packages/airflow/example_dags/example_xcomargs.py
[2024-09-21 12:04:54,743] {processor.py:641} INFO - Processing file /home/airflow/.local/lib/python3.7/site-packages/airflow/example_dags/example_xcomargs.py for tasks to queue
[2024-09-21 12:04:54,744] {logging_mixin.py:115} INFO - [2024-09-21 12:04:54,744] {dagbag.py:507} INFO - Filling up the DagBag from /home/airflow/.local/lib/python3.7/site-packages/airflow/example_dags/example_xcomargs.py
[2024-09-21 12:04:54,782] {processor.py:651} INFO - DAG(s) dict_keys(['example_xcom_args', 'example_xcom_args_with_operators']) retrieved from /home/airflow/.local/lib/python3.7/site-packages/airflow/example_dags/example_xcomargs.py
[2024-09-21 12:04:55,000] {logging_mixin.py:115} INFO - [2024-09-21 12:04:55,000] {dag.py:2379} INFO - Sync 2 DAGs
[2024-09-21 12:04:55,473] {logging_mixin.py:115} INFO - [2024-09-21 12:04:55,473] {dag.py:2927} INFO - Setting next_dagrun for example_xcom_args to None, run_after=None
[2024-09-21 12:04:55,473] {logging_mixin.py:115} INFO - [2024-09-21 12:04:55,473] {dag.py:2927} INFO - Setting next_dagrun for example_xcom_args_with_operators to None, run_after=None
[2024-09-21 12:04:55,523] {processor.py:161} INFO - Processing /home/airflow/.local/lib/python3.7/site-packages/airflow/example_dags/example_xcomargs.py took 0.786 seconds
[2024-09-21 12:05:25,924] {processor.py:153} INFO - Started process (PID=135) to work on /home/airflow/.local/lib/python3.7/site-packages/airflow/example_dags/example_xcomargs.py
[2024-09-21 12:05:25,929] {processor.py:641} INFO - Processing file /home/airflow/.local/lib/python3.7/site-packages/airflow/example_dags/example_xcomargs.py for tasks to queue
[2024-09-21 12:05:25,930] {logging_mixin.py:115} INFO - [2024-09-21 12:05:25,930] {dagbag.py:507} INFO - Filling up the DagBag from /home/airflow/.local/lib/python3.7/site-packages/airflow/example_dags/example_xcomargs.py
[2024-09-21 12:05:25,975] {processor.py:651} INFO - DAG(s) dict_keys(['example_xcom_args', 'example_xcom_args_with_operators']) retrieved from /home/airflow/.local/lib/python3.7/site-packages/airflow/example_dags/example_xcomargs.py
[2024-09-21 12:05:26,194] {logging_mixin.py:115} INFO - [2024-09-21 12:05:26,194] {dag.py:2379} INFO - Sync 2 DAGs
[2024-09-21 12:05:26,692] {logging_mixin.py:115} INFO - [2024-09-21 12:05:26,692] {dag.py:2927} INFO - Setting next_dagrun for example_xcom_args to None, run_after=None
[2024-09-21 12:05:26,790] {logging_mixin.py:115} INFO - [2024-09-21 12:05:26,790] {dag.py:2927} INFO - Setting next_dagrun for example_xcom_args_with_operators to None, run_after=None
[2024-09-21 12:05:26,882] {processor.py:161} INFO - Processing /home/airflow/.local/lib/python3.7/site-packages/airflow/example_dags/example_xcomargs.py took 0.962 seconds
[2024-09-21 12:05:57,174] {processor.py:153} INFO - Started process (PID=177) to work on /home/airflow/.local/lib/python3.7/site-packages/airflow/example_dags/example_xcomargs.py
[2024-09-21 12:05:57,175] {processor.py:641} INFO - Processing file /home/airflow/.local/lib/python3.7/site-packages/airflow/example_dags/example_xcomargs.py for tasks to queue
[2024-09-21 12:05:57,176] {logging_mixin.py:115} INFO - [2024-09-21 12:05:57,175] {dagbag.py:507} INFO - Filling up the DagBag from /home/airflow/.local/lib/python3.7/site-packages/airflow/example_dags/example_xcomargs.py
[2024-09-21 12:05:57,192] {processor.py:651} INFO - DAG(s) dict_keys(['example_xcom_args', 'example_xcom_args_with_operators']) retrieved from /home/airflow/.local/lib/python3.7/site-packages/airflow/example_dags/example_xcomargs.py
[2024-09-21 12:05:57,259] {logging_mixin.py:115} INFO - [2024-09-21 12:05:57,258] {dag.py:2379} INFO - Sync 2 DAGs
[2024-09-21 12:05:57,440] {logging_mixin.py:115} INFO - [2024-09-21 12:05:57,440] {dag.py:2927} INFO - Setting next_dagrun for example_xcom_args to None, run_after=None
[2024-09-21 12:05:57,441] {logging_mixin.py:115} INFO - [2024-09-21 12:05:57,441] {dag.py:2927} INFO - Setting next_dagrun for example_xcom_args_with_operators to None, run_after=None
[2024-09-21 12:05:57,452] {processor.py:161} INFO - Processing /home/airflow/.local/lib/python3.7/site-packages/airflow/example_dags/example_xcomargs.py took 0.281 seconds
[2024-09-21 12:06:27,487] {processor.py:153} INFO - Started process (PID=220) to work on /home/airflow/.local/lib/python3.7/site-packages/airflow/example_dags/example_xcomargs.py
[2024-09-21 12:06:27,487] {processor.py:641} INFO - Processing file /home/airflow/.local/lib/python3.7/site-packages/airflow/example_dags/example_xcomargs.py for tasks to queue
[2024-09-21 12:06:27,487] {logging_mixin.py:115} INFO - [2024-09-21 12:06:27,487] {dagbag.py:507} INFO - Filling up the DagBag from /home/airflow/.local/lib/python3.7/site-packages/airflow/example_dags/example_xcomargs.py
[2024-09-21 12:06:27,502] {processor.py:651} INFO - DAG(s) dict_keys(['example_xcom_args', 'example_xcom_args_with_operators']) retrieved from /home/airflow/.local/lib/python3.7/site-packages/airflow/example_dags/example_xcomargs.py
[2024-09-21 12:06:27,559] {logging_mixin.py:115} INFO - [2024-09-21 12:06:27,559] {dag.py:2379} INFO - Sync 2 DAGs
[2024-09-21 12:06:27,687] {logging_mixin.py:115} INFO - [2024-09-21 12:06:27,687] {dag.py:2927} INFO - Setting next_dagrun for example_xcom_args to None, run_after=None
[2024-09-21 12:06:27,687] {logging_mixin.py:115} INFO - [2024-09-21 12:06:27,687] {dag.py:2927} INFO - Setting next_dagrun for example_xcom_args_with_operators to None, run_after=None
[2024-09-21 12:06:27,708] {processor.py:161} INFO - Processing /home/airflow/.local/lib/python3.7/site-packages/airflow/example_dags/example_xcomargs.py took 0.224 seconds
[2024-09-21 12:06:58,271] {processor.py:153} INFO - Started process (PID=266) to work on /home/airflow/.local/lib/python3.7/site-packages/airflow/example_dags/example_xcomargs.py
[2024-09-21 12:06:58,272] {processor.py:641} INFO - Processing file /home/airflow/.local/lib/python3.7/site-packages/airflow/example_dags/example_xcomargs.py for tasks to queue
[2024-09-21 12:06:58,273] {logging_mixin.py:115} INFO - [2024-09-21 12:06:58,273] {dagbag.py:507} INFO - Filling up the DagBag from /home/airflow/.local/lib/python3.7/site-packages/airflow/example_dags/example_xcomargs.py
[2024-09-21 12:06:58,290] {processor.py:651} INFO - DAG(s) dict_keys(['example_xcom_args', 'example_xcom_args_with_operators']) retrieved from /home/airflow/.local/lib/python3.7/site-packages/airflow/example_dags/example_xcomargs.py
[2024-09-21 12:06:58,351] {logging_mixin.py:115} INFO - [2024-09-21 12:06:58,351] {dag.py:2379} INFO - Sync 2 DAGs
[2024-09-21 12:06:58,529] {logging_mixin.py:115} INFO - [2024-09-21 12:06:58,529] {dag.py:2927} INFO - Setting next_dagrun for example_xcom_args to None, run_after=None
[2024-09-21 12:06:58,529] {logging_mixin.py:115} INFO - [2024-09-21 12:06:58,529] {dag.py:2927} INFO - Setting next_dagrun for example_xcom_args_with_operators to None, run_after=None
[2024-09-21 12:06:58,540] {processor.py:161} INFO - Processing /home/airflow/.local/lib/python3.7/site-packages/airflow/example_dags/example_xcomargs.py took 0.272 seconds
[2024-09-21 12:07:28,940] {processor.py:153} INFO - Started process (PID=308) to work on /home/airflow/.local/lib/python3.7/site-packages/airflow/example_dags/example_xcomargs.py
[2024-09-21 12:07:28,941] {processor.py:641} INFO - Processing file /home/airflow/.local/lib/python3.7/site-packages/airflow/example_dags/example_xcomargs.py for tasks to queue
[2024-09-21 12:07:28,942] {logging_mixin.py:115} INFO - [2024-09-21 12:07:28,942] {dagbag.py:507} INFO - Filling up the DagBag from /home/airflow/.local/lib/python3.7/site-packages/airflow/example_dags/example_xcomargs.py
[2024-09-21 12:07:28,960] {processor.py:651} INFO - DAG(s) dict_keys(['example_xcom_args', 'example_xcom_args_with_operators']) retrieved from /home/airflow/.local/lib/python3.7/site-packages/airflow/example_dags/example_xcomargs.py
[2024-09-21 12:07:29,026] {logging_mixin.py:115} INFO - [2024-09-21 12:07:29,026] {dag.py:2379} INFO - Sync 2 DAGs
[2024-09-21 12:07:29,189] {logging_mixin.py:115} INFO - [2024-09-21 12:07:29,189] {dag.py:2927} INFO - Setting next_dagrun for example_xcom_args to None, run_after=None
[2024-09-21 12:07:29,189] {logging_mixin.py:115} INFO - [2024-09-21 12:07:29,189] {dag.py:2927} INFO - Setting next_dagrun for example_xcom_args_with_operators to None, run_after=None
[2024-09-21 12:07:29,200] {processor.py:161} INFO - Processing /home/airflow/.local/lib/python3.7/site-packages/airflow/example_dags/example_xcomargs.py took 0.262 seconds
[2024-09-21 12:07:59,464] {processor.py:153} INFO - Started process (PID=349) to work on /home/airflow/.local/lib/python3.7/site-packages/airflow/example_dags/example_xcomargs.py
[2024-09-21 12:07:59,465] {processor.py:641} INFO - Processing file /home/airflow/.local/lib/python3.7/site-packages/airflow/example_dags/example_xcomargs.py for tasks to queue
[2024-09-21 12:07:59,465] {logging_mixin.py:115} INFO - [2024-09-21 12:07:59,465] {dagbag.py:507} INFO - Filling up the DagBag from /home/airflow/.local/lib/python3.7/site-packages/airflow/example_dags/example_xcomargs.py
[2024-09-21 12:07:59,482] {processor.py:651} INFO - DAG(s) dict_keys(['example_xcom_args', 'example_xcom_args_with_operators']) retrieved from /home/airflow/.local/lib/python3.7/site-packages/airflow/example_dags/example_xcomargs.py
[2024-09-21 12:07:59,542] {logging_mixin.py:115} INFO - [2024-09-21 12:07:59,542] {dag.py:2379} INFO - Sync 2 DAGs
[2024-09-21 12:07:59,698] {logging_mixin.py:115} INFO - [2024-09-21 12:07:59,698] {dag.py:2927} INFO - Setting next_dagrun for example_xcom_args to None, run_after=None
[2024-09-21 12:07:59,698] {logging_mixin.py:115} INFO - [2024-09-21 12:07:59,698] {dag.py:2927} INFO - Setting next_dagrun for example_xcom_args_with_operators to None, run_after=None
[2024-09-21 12:07:59,709] {processor.py:161} INFO - Processing /home/airflow/.local/lib/python3.7/site-packages/airflow/example_dags/example_xcomargs.py took 0.248 seconds
[2024-09-21 12:08:29,781] {processor.py:153} INFO - Started process (PID=392) to work on /home/airflow/.local/lib/python3.7/site-packages/airflow/example_dags/example_xcomargs.py
[2024-09-21 12:08:29,782] {processor.py:641} INFO - Processing file /home/airflow/.local/lib/python3.7/site-packages/airflow/example_dags/example_xcomargs.py for tasks to queue
[2024-09-21 12:08:29,783] {logging_mixin.py:115} INFO - [2024-09-21 12:08:29,783] {dagbag.py:507} INFO - Filling up the DagBag from /home/airflow/.local/lib/python3.7/site-packages/airflow/example_dags/example_xcomargs.py
[2024-09-21 12:08:29,798] {processor.py:651} INFO - DAG(s) dict_keys(['example_xcom_args', 'example_xcom_args_with_operators']) retrieved from /home/airflow/.local/lib/python3.7/site-packages/airflow/example_dags/example_xcomargs.py
[2024-09-21 12:08:29,823] {logging_mixin.py:115} INFO - [2024-09-21 12:08:29,823] {dag.py:2379} INFO - Sync 2 DAGs
[2024-09-21 12:08:29,841] {logging_mixin.py:115} INFO - [2024-09-21 12:08:29,841] {dag.py:2927} INFO - Setting next_dagrun for example_xcom_args to None, run_after=None
[2024-09-21 12:08:29,841] {logging_mixin.py:115} INFO - [2024-09-21 12:08:29,841] {dag.py:2927} INFO - Setting next_dagrun for example_xcom_args_with_operators to None, run_after=None
[2024-09-21 12:08:29,851] {processor.py:161} INFO - Processing /home/airflow/.local/lib/python3.7/site-packages/airflow/example_dags/example_xcomargs.py took 0.075 seconds
[2024-09-21 12:09:00,015] {processor.py:153} INFO - Started process (PID=434) to work on /home/airflow/.local/lib/python3.7/site-packages/airflow/example_dags/example_xcomargs.py
[2024-09-21 12:09:00,016] {processor.py:641} INFO - Processing file /home/airflow/.local/lib/python3.7/site-packages/airflow/example_dags/example_xcomargs.py for tasks to queue
[2024-09-21 12:09:00,017] {logging_mixin.py:115} INFO - [2024-09-21 12:09:00,017] {dagbag.py:507} INFO - Filling up the DagBag from /home/airflow/.local/lib/python3.7/site-packages/airflow/example_dags/example_xcomargs.py
[2024-09-21 12:09:00,042] {processor.py:651} INFO - DAG(s) dict_keys(['example_xcom_args', 'example_xcom_args_with_operators']) retrieved from /home/airflow/.local/lib/python3.7/site-packages/airflow/example_dags/example_xcomargs.py
[2024-09-21 12:09:00,144] {logging_mixin.py:115} INFO - [2024-09-21 12:09:00,144] {dag.py:2379} INFO - Sync 2 DAGs
[2024-09-21 12:09:00,351] {logging_mixin.py:115} INFO - [2024-09-21 12:09:00,351] {dag.py:2927} INFO - Setting next_dagrun for example_xcom_args to None, run_after=None
[2024-09-21 12:09:00,351] {logging_mixin.py:115} INFO - [2024-09-21 12:09:00,351] {dag.py:2927} INFO - Setting next_dagrun for example_xcom_args_with_operators to None, run_after=None
[2024-09-21 12:09:00,364] {processor.py:161} INFO - Processing /home/airflow/.local/lib/python3.7/site-packages/airflow/example_dags/example_xcomargs.py took 0.354 seconds
[2024-09-21 12:09:30,682] {processor.py:153} INFO - Started process (PID=474) to work on /home/airflow/.local/lib/python3.7/site-packages/airflow/example_dags/example_xcomargs.py
[2024-09-21 12:09:30,683] {processor.py:641} INFO - Processing file /home/airflow/.local/lib/python3.7/site-packages/airflow/example_dags/example_xcomargs.py for tasks to queue
[2024-09-21 12:09:30,684] {logging_mixin.py:115} INFO - [2024-09-21 12:09:30,684] {dagbag.py:507} INFO - Filling up the DagBag from /home/airflow/.local/lib/python3.7/site-packages/airflow/example_dags/example_xcomargs.py
[2024-09-21 12:09:30,706] {processor.py:651} INFO - DAG(s) dict_keys(['example_xcom_args', 'example_xcom_args_with_operators']) retrieved from /home/airflow/.local/lib/python3.7/site-packages/airflow/example_dags/example_xcomargs.py
[2024-09-21 12:09:30,790] {logging_mixin.py:115} INFO - [2024-09-21 12:09:30,790] {dag.py:2379} INFO - Sync 2 DAGs
[2024-09-21 12:09:31,100] {logging_mixin.py:115} INFO - [2024-09-21 12:09:31,100] {dag.py:2927} INFO - Setting next_dagrun for example_xcom_args to None, run_after=None
[2024-09-21 12:09:31,100] {logging_mixin.py:115} INFO - [2024-09-21 12:09:31,100] {dag.py:2927} INFO - Setting next_dagrun for example_xcom_args_with_operators to None, run_after=None
[2024-09-21 12:09:31,125] {processor.py:161} INFO - Processing /home/airflow/.local/lib/python3.7/site-packages/airflow/example_dags/example_xcomargs.py took 0.447 seconds
[2024-09-21 12:10:43,219] {processor.py:153} INFO - Started process (PID=522) to work on /home/airflow/.local/lib/python3.7/site-packages/airflow/example_dags/example_xcomargs.py
[2024-09-21 12:10:43,220] {processor.py:641} INFO - Processing file /home/airflow/.local/lib/python3.7/site-packages/airflow/example_dags/example_xcomargs.py for tasks to queue
[2024-09-21 12:10:43,221] {logging_mixin.py:115} INFO - [2024-09-21 12:10:43,221] {dagbag.py:507} INFO - Filling up the DagBag from /home/airflow/.local/lib/python3.7/site-packages/airflow/example_dags/example_xcomargs.py
[2024-09-21 12:10:43,244] {processor.py:651} INFO - DAG(s) dict_keys(['example_xcom_args', 'example_xcom_args_with_operators']) retrieved from /home/airflow/.local/lib/python3.7/site-packages/airflow/example_dags/example_xcomargs.py
[2024-09-21 12:10:43,510] {logging_mixin.py:115} INFO - [2024-09-21 12:10:43,509] {dag.py:2379} INFO - Sync 2 DAGs
[2024-09-21 12:10:43,529] {logging_mixin.py:115} INFO - [2024-09-21 12:10:43,529] {dag.py:2927} INFO - Setting next_dagrun for example_xcom_args to None, run_after=None
[2024-09-21 12:10:43,529] {logging_mixin.py:115} INFO - [2024-09-21 12:10:43,529] {dag.py:2927} INFO - Setting next_dagrun for example_xcom_args_with_operators to None, run_after=None
[2024-09-21 12:10:43,544] {processor.py:161} INFO - Processing /home/airflow/.local/lib/python3.7/site-packages/airflow/example_dags/example_xcomargs.py took 0.330 seconds
[2024-09-21 12:21:29,905] {processor.py:153} INFO - Started process (PID=67) to work on /home/airflow/.local/lib/python3.7/site-packages/airflow/example_dags/example_xcomargs.py
[2024-09-21 12:21:29,907] {processor.py:641} INFO - Processing file /home/airflow/.local/lib/python3.7/site-packages/airflow/example_dags/example_xcomargs.py for tasks to queue
[2024-09-21 12:21:29,918] {logging_mixin.py:115} INFO - [2024-09-21 12:21:29,909] {dagbag.py:507} INFO - Filling up the DagBag from /home/airflow/.local/lib/python3.7/site-packages/airflow/example_dags/example_xcomargs.py
[2024-09-21 12:21:29,999] {processor.py:651} INFO - DAG(s) dict_keys(['example_xcom_args', 'example_xcom_args_with_operators']) retrieved from /home/airflow/.local/lib/python3.7/site-packages/airflow/example_dags/example_xcomargs.py
[2024-09-21 12:21:30,417] {logging_mixin.py:115} INFO - [2024-09-21 12:21:30,417] {dag.py:2379} INFO - Sync 2 DAGs
[2024-09-21 12:21:31,139] {logging_mixin.py:115} INFO - [2024-09-21 12:21:31,138] {dag.py:2927} INFO - Setting next_dagrun for example_xcom_args to None, run_after=None
[2024-09-21 12:21:31,139] {logging_mixin.py:115} INFO - [2024-09-21 12:21:31,139] {dag.py:2927} INFO - Setting next_dagrun for example_xcom_args_with_operators to None, run_after=None
[2024-09-21 12:21:31,186] {processor.py:161} INFO - Processing /home/airflow/.local/lib/python3.7/site-packages/airflow/example_dags/example_xcomargs.py took 1.311 seconds
[2024-09-21 12:22:01,311] {processor.py:153} INFO - Started process (PID=133) to work on /home/airflow/.local/lib/python3.7/site-packages/airflow/example_dags/example_xcomargs.py
[2024-09-21 12:22:01,312] {processor.py:641} INFO - Processing file /home/airflow/.local/lib/python3.7/site-packages/airflow/example_dags/example_xcomargs.py for tasks to queue
[2024-09-21 12:22:01,312] {logging_mixin.py:115} INFO - [2024-09-21 12:22:01,312] {dagbag.py:507} INFO - Filling up the DagBag from /home/airflow/.local/lib/python3.7/site-packages/airflow/example_dags/example_xcomargs.py
[2024-09-21 12:22:01,326] {processor.py:651} INFO - DAG(s) dict_keys(['example_xcom_args', 'example_xcom_args_with_operators']) retrieved from /home/airflow/.local/lib/python3.7/site-packages/airflow/example_dags/example_xcomargs.py
[2024-09-21 12:22:01,384] {logging_mixin.py:115} INFO - [2024-09-21 12:22:01,384] {dag.py:2379} INFO - Sync 2 DAGs
[2024-09-21 12:22:01,508] {logging_mixin.py:115} INFO - [2024-09-21 12:22:01,508] {dag.py:2927} INFO - Setting next_dagrun for example_xcom_args to None, run_after=None
[2024-09-21 12:22:01,509] {logging_mixin.py:115} INFO - [2024-09-21 12:22:01,509] {dag.py:2927} INFO - Setting next_dagrun for example_xcom_args_with_operators to None, run_after=None
[2024-09-21 12:22:01,520] {processor.py:161} INFO - Processing /home/airflow/.local/lib/python3.7/site-packages/airflow/example_dags/example_xcomargs.py took 0.211 seconds
[2024-09-21 12:22:31,591] {processor.py:153} INFO - Started process (PID=183) to work on /home/airflow/.local/lib/python3.7/site-packages/airflow/example_dags/example_xcomargs.py
[2024-09-21 12:22:31,592] {processor.py:641} INFO - Processing file /home/airflow/.local/lib/python3.7/site-packages/airflow/example_dags/example_xcomargs.py for tasks to queue
[2024-09-21 12:22:31,592] {logging_mixin.py:115} INFO - [2024-09-21 12:22:31,592] {dagbag.py:507} INFO - Filling up the DagBag from /home/airflow/.local/lib/python3.7/site-packages/airflow/example_dags/example_xcomargs.py
[2024-09-21 12:22:31,617] {processor.py:651} INFO - DAG(s) dict_keys(['example_xcom_args', 'example_xcom_args_with_operators']) retrieved from /home/airflow/.local/lib/python3.7/site-packages/airflow/example_dags/example_xcomargs.py
[2024-09-21 12:22:31,694] {logging_mixin.py:115} INFO - [2024-09-21 12:22:31,694] {dag.py:2379} INFO - Sync 2 DAGs
[2024-09-21 12:22:31,914] {logging_mixin.py:115} INFO - [2024-09-21 12:22:31,914] {dag.py:2927} INFO - Setting next_dagrun for example_xcom_args to None, run_after=None
[2024-09-21 12:22:31,914] {logging_mixin.py:115} INFO - [2024-09-21 12:22:31,914] {dag.py:2927} INFO - Setting next_dagrun for example_xcom_args_with_operators to None, run_after=None
[2024-09-21 12:22:31,936] {processor.py:161} INFO - Processing /home/airflow/.local/lib/python3.7/site-packages/airflow/example_dags/example_xcomargs.py took 0.350 seconds
[2024-09-21 12:23:02,813] {processor.py:153} INFO - Started process (PID=226) to work on /home/airflow/.local/lib/python3.7/site-packages/airflow/example_dags/example_xcomargs.py
[2024-09-21 12:23:02,823] {processor.py:641} INFO - Processing file /home/airflow/.local/lib/python3.7/site-packages/airflow/example_dags/example_xcomargs.py for tasks to queue
[2024-09-21 12:23:02,824] {logging_mixin.py:115} INFO - [2024-09-21 12:23:02,824] {dagbag.py:507} INFO - Filling up the DagBag from /home/airflow/.local/lib/python3.7/site-packages/airflow/example_dags/example_xcomargs.py
[2024-09-21 12:23:02,839] {processor.py:651} INFO - DAG(s) dict_keys(['example_xcom_args', 'example_xcom_args_with_operators']) retrieved from /home/airflow/.local/lib/python3.7/site-packages/airflow/example_dags/example_xcomargs.py
[2024-09-21 12:23:02,898] {logging_mixin.py:115} INFO - [2024-09-21 12:23:02,897] {dag.py:2379} INFO - Sync 2 DAGs
[2024-09-21 12:23:03,040] {logging_mixin.py:115} INFO - [2024-09-21 12:23:03,040] {dag.py:2927} INFO - Setting next_dagrun for example_xcom_args to None, run_after=None
[2024-09-21 12:23:03,040] {logging_mixin.py:115} INFO - [2024-09-21 12:23:03,040] {dag.py:2927} INFO - Setting next_dagrun for example_xcom_args_with_operators to None, run_after=None
[2024-09-21 12:23:03,054] {processor.py:161} INFO - Processing /home/airflow/.local/lib/python3.7/site-packages/airflow/example_dags/example_xcomargs.py took 0.245 seconds
[2024-09-21 12:23:33,275] {processor.py:153} INFO - Started process (PID=267) to work on /home/airflow/.local/lib/python3.7/site-packages/airflow/example_dags/example_xcomargs.py
[2024-09-21 12:23:33,276] {processor.py:641} INFO - Processing file /home/airflow/.local/lib/python3.7/site-packages/airflow/example_dags/example_xcomargs.py for tasks to queue
[2024-09-21 12:23:33,276] {logging_mixin.py:115} INFO - [2024-09-21 12:23:33,276] {dagbag.py:507} INFO - Filling up the DagBag from /home/airflow/.local/lib/python3.7/site-packages/airflow/example_dags/example_xcomargs.py
[2024-09-21 12:23:33,291] {processor.py:651} INFO - DAG(s) dict_keys(['example_xcom_args', 'example_xcom_args_with_operators']) retrieved from /home/airflow/.local/lib/python3.7/site-packages/airflow/example_dags/example_xcomargs.py
[2024-09-21 12:23:33,349] {logging_mixin.py:115} INFO - [2024-09-21 12:23:33,349] {dag.py:2379} INFO - Sync 2 DAGs
[2024-09-21 12:23:33,503] {logging_mixin.py:115} INFO - [2024-09-21 12:23:33,503] {dag.py:2927} INFO - Setting next_dagrun for example_xcom_args to None, run_after=None
[2024-09-21 12:23:33,503] {logging_mixin.py:115} INFO - [2024-09-21 12:23:33,503] {dag.py:2927} INFO - Setting next_dagrun for example_xcom_args_with_operators to None, run_after=None
[2024-09-21 12:23:33,514] {processor.py:161} INFO - Processing /home/airflow/.local/lib/python3.7/site-packages/airflow/example_dags/example_xcomargs.py took 0.244 seconds
[2024-09-21 12:24:03,609] {processor.py:153} INFO - Started process (PID=309) to work on /home/airflow/.local/lib/python3.7/site-packages/airflow/example_dags/example_xcomargs.py
[2024-09-21 12:24:03,619] {processor.py:641} INFO - Processing file /home/airflow/.local/lib/python3.7/site-packages/airflow/example_dags/example_xcomargs.py for tasks to queue
[2024-09-21 12:24:03,620] {logging_mixin.py:115} INFO - [2024-09-21 12:24:03,620] {dagbag.py:507} INFO - Filling up the DagBag from /home/airflow/.local/lib/python3.7/site-packages/airflow/example_dags/example_xcomargs.py
[2024-09-21 12:24:03,642] {processor.py:651} INFO - DAG(s) dict_keys(['example_xcom_args', 'example_xcom_args_with_operators']) retrieved from /home/airflow/.local/lib/python3.7/site-packages/airflow/example_dags/example_xcomargs.py
[2024-09-21 12:24:03,666] {logging_mixin.py:115} INFO - [2024-09-21 12:24:03,666] {dag.py:2379} INFO - Sync 2 DAGs
[2024-09-21 12:24:03,685] {logging_mixin.py:115} INFO - [2024-09-21 12:24:03,685] {dag.py:2927} INFO - Setting next_dagrun for example_xcom_args to None, run_after=None
[2024-09-21 12:24:03,685] {logging_mixin.py:115} INFO - [2024-09-21 12:24:03,685] {dag.py:2927} INFO - Setting next_dagrun for example_xcom_args_with_operators to None, run_after=None
[2024-09-21 12:24:03,696] {processor.py:161} INFO - Processing /home/airflow/.local/lib/python3.7/site-packages/airflow/example_dags/example_xcomargs.py took 0.092 seconds
[2024-09-21 12:24:33,890] {processor.py:153} INFO - Started process (PID=351) to work on /home/airflow/.local/lib/python3.7/site-packages/airflow/example_dags/example_xcomargs.py
[2024-09-21 12:24:33,891] {processor.py:641} INFO - Processing file /home/airflow/.local/lib/python3.7/site-packages/airflow/example_dags/example_xcomargs.py for tasks to queue
[2024-09-21 12:24:33,891] {logging_mixin.py:115} INFO - [2024-09-21 12:24:33,891] {dagbag.py:507} INFO - Filling up the DagBag from /home/airflow/.local/lib/python3.7/site-packages/airflow/example_dags/example_xcomargs.py
[2024-09-21 12:24:33,912] {processor.py:651} INFO - DAG(s) dict_keys(['example_xcom_args', 'example_xcom_args_with_operators']) retrieved from /home/airflow/.local/lib/python3.7/site-packages/airflow/example_dags/example_xcomargs.py
[2024-09-21 12:24:33,995] {logging_mixin.py:115} INFO - [2024-09-21 12:24:33,995] {dag.py:2379} INFO - Sync 2 DAGs
[2024-09-21 12:24:34,211] {logging_mixin.py:115} INFO - [2024-09-21 12:24:34,211] {dag.py:2927} INFO - Setting next_dagrun for example_xcom_args to None, run_after=None
[2024-09-21 12:24:34,212] {logging_mixin.py:115} INFO - [2024-09-21 12:24:34,212] {dag.py:2927} INFO - Setting next_dagrun for example_xcom_args_with_operators to None, run_after=None
[2024-09-21 12:24:34,225] {processor.py:161} INFO - Processing /home/airflow/.local/lib/python3.7/site-packages/airflow/example_dags/example_xcomargs.py took 0.340 seconds
[2024-09-21 12:25:04,339] {processor.py:153} INFO - Started process (PID=395) to work on /home/airflow/.local/lib/python3.7/site-packages/airflow/example_dags/example_xcomargs.py
[2024-09-21 12:25:04,340] {processor.py:641} INFO - Processing file /home/airflow/.local/lib/python3.7/site-packages/airflow/example_dags/example_xcomargs.py for tasks to queue
[2024-09-21 12:25:04,340] {logging_mixin.py:115} INFO - [2024-09-21 12:25:04,340] {dagbag.py:507} INFO - Filling up the DagBag from /home/airflow/.local/lib/python3.7/site-packages/airflow/example_dags/example_xcomargs.py
[2024-09-21 12:25:04,354] {processor.py:651} INFO - DAG(s) dict_keys(['example_xcom_args', 'example_xcom_args_with_operators']) retrieved from /home/airflow/.local/lib/python3.7/site-packages/airflow/example_dags/example_xcomargs.py
[2024-09-21 12:25:04,415] {logging_mixin.py:115} INFO - [2024-09-21 12:25:04,415] {dag.py:2379} INFO - Sync 2 DAGs
[2024-09-21 12:25:04,558] {logging_mixin.py:115} INFO - [2024-09-21 12:25:04,558] {dag.py:2927} INFO - Setting next_dagrun for example_xcom_args to None, run_after=None
[2024-09-21 12:25:04,559] {logging_mixin.py:115} INFO - [2024-09-21 12:25:04,559] {dag.py:2927} INFO - Setting next_dagrun for example_xcom_args_with_operators to None, run_after=None
[2024-09-21 12:25:04,570] {processor.py:161} INFO - Processing /home/airflow/.local/lib/python3.7/site-packages/airflow/example_dags/example_xcomargs.py took 0.233 seconds
[2024-09-21 12:25:34,611] {processor.py:153} INFO - Started process (PID=435) to work on /home/airflow/.local/lib/python3.7/site-packages/airflow/example_dags/example_xcomargs.py
[2024-09-21 12:25:34,621] {processor.py:641} INFO - Processing file /home/airflow/.local/lib/python3.7/site-packages/airflow/example_dags/example_xcomargs.py for tasks to queue
[2024-09-21 12:25:34,621] {logging_mixin.py:115} INFO - [2024-09-21 12:25:34,621] {dagbag.py:507} INFO - Filling up the DagBag from /home/airflow/.local/lib/python3.7/site-packages/airflow/example_dags/example_xcomargs.py
[2024-09-21 12:25:34,638] {processor.py:651} INFO - DAG(s) dict_keys(['example_xcom_args', 'example_xcom_args_with_operators']) retrieved from /home/airflow/.local/lib/python3.7/site-packages/airflow/example_dags/example_xcomargs.py
[2024-09-21 12:25:34,715] {logging_mixin.py:115} INFO - [2024-09-21 12:25:34,714] {dag.py:2379} INFO - Sync 2 DAGs
[2024-09-21 12:25:34,872] {logging_mixin.py:115} INFO - [2024-09-21 12:25:34,872] {dag.py:2927} INFO - Setting next_dagrun for example_xcom_args to None, run_after=None
[2024-09-21 12:25:34,872] {logging_mixin.py:115} INFO - [2024-09-21 12:25:34,872] {dag.py:2927} INFO - Setting next_dagrun for example_xcom_args_with_operators to None, run_after=None
[2024-09-21 12:25:34,883] {processor.py:161} INFO - Processing /home/airflow/.local/lib/python3.7/site-packages/airflow/example_dags/example_xcomargs.py took 0.277 seconds
[2024-09-21 12:26:04,949] {processor.py:153} INFO - Started process (PID=478) to work on /home/airflow/.local/lib/python3.7/site-packages/airflow/example_dags/example_xcomargs.py
[2024-09-21 12:26:04,950] {processor.py:641} INFO - Processing file /home/airflow/.local/lib/python3.7/site-packages/airflow/example_dags/example_xcomargs.py for tasks to queue
[2024-09-21 12:26:04,950] {logging_mixin.py:115} INFO - [2024-09-21 12:26:04,950] {dagbag.py:507} INFO - Filling up the DagBag from /home/airflow/.local/lib/python3.7/site-packages/airflow/example_dags/example_xcomargs.py
[2024-09-21 12:26:04,965] {processor.py:651} INFO - DAG(s) dict_keys(['example_xcom_args', 'example_xcom_args_with_operators']) retrieved from /home/airflow/.local/lib/python3.7/site-packages/airflow/example_dags/example_xcomargs.py
[2024-09-21 12:26:05,025] {logging_mixin.py:115} INFO - [2024-09-21 12:26:05,025] {dag.py:2379} INFO - Sync 2 DAGs
[2024-09-21 12:26:05,157] {logging_mixin.py:115} INFO - [2024-09-21 12:26:05,157] {dag.py:2927} INFO - Setting next_dagrun for example_xcom_args to None, run_after=None
[2024-09-21 12:26:05,157] {logging_mixin.py:115} INFO - [2024-09-21 12:26:05,157] {dag.py:2927} INFO - Setting next_dagrun for example_xcom_args_with_operators to None, run_after=None
[2024-09-21 12:26:05,168] {processor.py:161} INFO - Processing /home/airflow/.local/lib/python3.7/site-packages/airflow/example_dags/example_xcomargs.py took 0.221 seconds
[2024-09-21 12:26:36,044] {processor.py:153} INFO - Started process (PID=520) to work on /home/airflow/.local/lib/python3.7/site-packages/airflow/example_dags/example_xcomargs.py
[2024-09-21 12:26:36,044] {processor.py:641} INFO - Processing file /home/airflow/.local/lib/python3.7/site-packages/airflow/example_dags/example_xcomargs.py for tasks to queue
[2024-09-21 12:26:36,045] {logging_mixin.py:115} INFO - [2024-09-21 12:26:36,045] {dagbag.py:507} INFO - Filling up the DagBag from /home/airflow/.local/lib/python3.7/site-packages/airflow/example_dags/example_xcomargs.py
[2024-09-21 12:26:36,062] {processor.py:651} INFO - DAG(s) dict_keys(['example_xcom_args', 'example_xcom_args_with_operators']) retrieved from /home/airflow/.local/lib/python3.7/site-packages/airflow/example_dags/example_xcomargs.py
[2024-09-21 12:26:36,232] {logging_mixin.py:115} INFO - [2024-09-21 12:26:36,232] {dag.py:2379} INFO - Sync 2 DAGs
[2024-09-21 12:26:36,249] {logging_mixin.py:115} INFO - [2024-09-21 12:26:36,249] {dag.py:2927} INFO - Setting next_dagrun for example_xcom_args to None, run_after=None
[2024-09-21 12:26:36,249] {logging_mixin.py:115} INFO - [2024-09-21 12:26:36,249] {dag.py:2927} INFO - Setting next_dagrun for example_xcom_args_with_operators to None, run_after=None
[2024-09-21 12:26:36,271] {processor.py:161} INFO - Processing /home/airflow/.local/lib/python3.7/site-packages/airflow/example_dags/example_xcomargs.py took 0.231 seconds
[2024-09-21 12:27:06,642] {processor.py:153} INFO - Started process (PID=562) to work on /home/airflow/.local/lib/python3.7/site-packages/airflow/example_dags/example_xcomargs.py
[2024-09-21 12:27:06,647] {processor.py:641} INFO - Processing file /home/airflow/.local/lib/python3.7/site-packages/airflow/example_dags/example_xcomargs.py for tasks to queue
[2024-09-21 12:27:06,647] {logging_mixin.py:115} INFO - [2024-09-21 12:27:06,647] {dagbag.py:507} INFO - Filling up the DagBag from /home/airflow/.local/lib/python3.7/site-packages/airflow/example_dags/example_xcomargs.py
[2024-09-21 12:27:06,662] {processor.py:651} INFO - DAG(s) dict_keys(['example_xcom_args', 'example_xcom_args_with_operators']) retrieved from /home/airflow/.local/lib/python3.7/site-packages/airflow/example_dags/example_xcomargs.py
[2024-09-21 12:27:06,873] {logging_mixin.py:115} INFO - [2024-09-21 12:27:06,873] {dag.py:2379} INFO - Sync 2 DAGs
[2024-09-21 12:27:06,890] {logging_mixin.py:115} INFO - [2024-09-21 12:27:06,890] {dag.py:2927} INFO - Setting next_dagrun for example_xcom_args to None, run_after=None
[2024-09-21 12:27:06,890] {logging_mixin.py:115} INFO - [2024-09-21 12:27:06,890] {dag.py:2927} INFO - Setting next_dagrun for example_xcom_args_with_operators to None, run_after=None
[2024-09-21 12:27:06,901] {processor.py:161} INFO - Processing /home/airflow/.local/lib/python3.7/site-packages/airflow/example_dags/example_xcomargs.py took 0.262 seconds
[2024-09-21 12:27:36,992] {processor.py:153} INFO - Started process (PID=606) to work on /home/airflow/.local/lib/python3.7/site-packages/airflow/example_dags/example_xcomargs.py
[2024-09-21 12:27:36,993] {processor.py:641} INFO - Processing file /home/airflow/.local/lib/python3.7/site-packages/airflow/example_dags/example_xcomargs.py for tasks to queue
[2024-09-21 12:27:36,993] {logging_mixin.py:115} INFO - [2024-09-21 12:27:36,993] {dagbag.py:507} INFO - Filling up the DagBag from /home/airflow/.local/lib/python3.7/site-packages/airflow/example_dags/example_xcomargs.py
[2024-09-21 12:27:37,010] {processor.py:651} INFO - DAG(s) dict_keys(['example_xcom_args', 'example_xcom_args_with_operators']) retrieved from /home/airflow/.local/lib/python3.7/site-packages/airflow/example_dags/example_xcomargs.py
[2024-09-21 12:27:37,263] {logging_mixin.py:115} INFO - [2024-09-21 12:27:37,263] {dag.py:2379} INFO - Sync 2 DAGs
[2024-09-21 12:27:37,281] {logging_mixin.py:115} INFO - [2024-09-21 12:27:37,281] {dag.py:2927} INFO - Setting next_dagrun for example_xcom_args to None, run_after=None
[2024-09-21 12:27:37,281] {logging_mixin.py:115} INFO - [2024-09-21 12:27:37,281] {dag.py:2927} INFO - Setting next_dagrun for example_xcom_args_with_operators to None, run_after=None
[2024-09-21 12:27:37,293] {processor.py:161} INFO - Processing /home/airflow/.local/lib/python3.7/site-packages/airflow/example_dags/example_xcomargs.py took 0.305 seconds
[2024-09-21 12:28:08,305] {processor.py:153} INFO - Started process (PID=650) to work on /home/airflow/.local/lib/python3.7/site-packages/airflow/example_dags/example_xcomargs.py
[2024-09-21 12:28:08,316] {processor.py:641} INFO - Processing file /home/airflow/.local/lib/python3.7/site-packages/airflow/example_dags/example_xcomargs.py for tasks to queue
[2024-09-21 12:28:08,317] {logging_mixin.py:115} INFO - [2024-09-21 12:28:08,317] {dagbag.py:507} INFO - Filling up the DagBag from /home/airflow/.local/lib/python3.7/site-packages/airflow/example_dags/example_xcomargs.py
[2024-09-21 12:28:08,344] {processor.py:651} INFO - DAG(s) dict_keys(['example_xcom_args', 'example_xcom_args_with_operators']) retrieved from /home/airflow/.local/lib/python3.7/site-packages/airflow/example_dags/example_xcomargs.py
[2024-09-21 12:28:08,614] {logging_mixin.py:115} INFO - [2024-09-21 12:28:08,614] {dag.py:2379} INFO - Sync 2 DAGs
[2024-09-21 12:28:08,633] {logging_mixin.py:115} INFO - [2024-09-21 12:28:08,633] {dag.py:2927} INFO - Setting next_dagrun for example_xcom_args to None, run_after=None
[2024-09-21 12:28:08,633] {logging_mixin.py:115} INFO - [2024-09-21 12:28:08,633] {dag.py:2927} INFO - Setting next_dagrun for example_xcom_args_with_operators to None, run_after=None
[2024-09-21 12:28:08,647] {processor.py:161} INFO - Processing /home/airflow/.local/lib/python3.7/site-packages/airflow/example_dags/example_xcomargs.py took 0.350 seconds
[2024-09-21 12:28:38,800] {processor.py:153} INFO - Started process (PID=692) to work on /home/airflow/.local/lib/python3.7/site-packages/airflow/example_dags/example_xcomargs.py
[2024-09-21 12:28:38,810] {processor.py:641} INFO - Processing file /home/airflow/.local/lib/python3.7/site-packages/airflow/example_dags/example_xcomargs.py for tasks to queue
[2024-09-21 12:28:38,811] {logging_mixin.py:115} INFO - [2024-09-21 12:28:38,811] {dagbag.py:507} INFO - Filling up the DagBag from /home/airflow/.local/lib/python3.7/site-packages/airflow/example_dags/example_xcomargs.py
[2024-09-21 12:28:38,835] {processor.py:651} INFO - DAG(s) dict_keys(['example_xcom_args', 'example_xcom_args_with_operators']) retrieved from /home/airflow/.local/lib/python3.7/site-packages/airflow/example_dags/example_xcomargs.py
[2024-09-21 12:28:39,035] {logging_mixin.py:115} INFO - [2024-09-21 12:28:39,035] {dag.py:2379} INFO - Sync 2 DAGs
[2024-09-21 12:28:39,053] {logging_mixin.py:115} INFO - [2024-09-21 12:28:39,053] {dag.py:2927} INFO - Setting next_dagrun for example_xcom_args to None, run_after=None
[2024-09-21 12:28:39,053] {logging_mixin.py:115} INFO - [2024-09-21 12:28:39,053] {dag.py:2927} INFO - Setting next_dagrun for example_xcom_args_with_operators to None, run_after=None
[2024-09-21 12:28:39,065] {processor.py:161} INFO - Processing /home/airflow/.local/lib/python3.7/site-packages/airflow/example_dags/example_xcomargs.py took 0.270 seconds
[2024-09-21 12:29:09,681] {processor.py:153} INFO - Started process (PID=734) to work on /home/airflow/.local/lib/python3.7/site-packages/airflow/example_dags/example_xcomargs.py
[2024-09-21 12:29:09,682] {processor.py:641} INFO - Processing file /home/airflow/.local/lib/python3.7/site-packages/airflow/example_dags/example_xcomargs.py for tasks to queue
[2024-09-21 12:29:09,682] {logging_mixin.py:115} INFO - [2024-09-21 12:29:09,682] {dagbag.py:507} INFO - Filling up the DagBag from /home/airflow/.local/lib/python3.7/site-packages/airflow/example_dags/example_xcomargs.py
[2024-09-21 12:29:09,699] {processor.py:651} INFO - DAG(s) dict_keys(['example_xcom_args', 'example_xcom_args_with_operators']) retrieved from /home/airflow/.local/lib/python3.7/site-packages/airflow/example_dags/example_xcomargs.py
[2024-09-21 12:29:09,898] {logging_mixin.py:115} INFO - [2024-09-21 12:29:09,898] {dag.py:2379} INFO - Sync 2 DAGs
[2024-09-21 12:29:09,916] {logging_mixin.py:115} INFO - [2024-09-21 12:29:09,916] {dag.py:2927} INFO - Setting next_dagrun for example_xcom_args to None, run_after=None
[2024-09-21 12:29:09,916] {logging_mixin.py:115} INFO - [2024-09-21 12:29:09,916] {dag.py:2927} INFO - Setting next_dagrun for example_xcom_args_with_operators to None, run_after=None
[2024-09-21 12:29:09,927] {processor.py:161} INFO - Processing /home/airflow/.local/lib/python3.7/site-packages/airflow/example_dags/example_xcomargs.py took 0.252 seconds
[2024-09-21 12:29:39,977] {processor.py:153} INFO - Started process (PID=778) to work on /home/airflow/.local/lib/python3.7/site-packages/airflow/example_dags/example_xcomargs.py
[2024-09-21 12:29:39,978] {processor.py:641} INFO - Processing file /home/airflow/.local/lib/python3.7/site-packages/airflow/example_dags/example_xcomargs.py for tasks to queue
[2024-09-21 12:29:39,978] {logging_mixin.py:115} INFO - [2024-09-21 12:29:39,978] {dagbag.py:507} INFO - Filling up the DagBag from /home/airflow/.local/lib/python3.7/site-packages/airflow/example_dags/example_xcomargs.py
[2024-09-21 12:29:39,993] {processor.py:651} INFO - DAG(s) dict_keys(['example_xcom_args', 'example_xcom_args_with_operators']) retrieved from /home/airflow/.local/lib/python3.7/site-packages/airflow/example_dags/example_xcomargs.py
[2024-09-21 12:29:40,180] {logging_mixin.py:115} INFO - [2024-09-21 12:29:40,180] {dag.py:2379} INFO - Sync 2 DAGs
[2024-09-21 12:29:40,197] {logging_mixin.py:115} INFO - [2024-09-21 12:29:40,197] {dag.py:2927} INFO - Setting next_dagrun for example_xcom_args to None, run_after=None
[2024-09-21 12:29:40,197] {logging_mixin.py:115} INFO - [2024-09-21 12:29:40,197] {dag.py:2927} INFO - Setting next_dagrun for example_xcom_args_with_operators to None, run_after=None
[2024-09-21 12:29:40,209] {processor.py:161} INFO - Processing /home/airflow/.local/lib/python3.7/site-packages/airflow/example_dags/example_xcomargs.py took 0.234 seconds
[2024-09-21 12:30:10,821] {processor.py:153} INFO - Started process (PID=818) to work on /home/airflow/.local/lib/python3.7/site-packages/airflow/example_dags/example_xcomargs.py
[2024-09-21 12:30:10,831] {processor.py:641} INFO - Processing file /home/airflow/.local/lib/python3.7/site-packages/airflow/example_dags/example_xcomargs.py for tasks to queue
[2024-09-21 12:30:10,832] {logging_mixin.py:115} INFO - [2024-09-21 12:30:10,832] {dagbag.py:507} INFO - Filling up the DagBag from /home/airflow/.local/lib/python3.7/site-packages/airflow/example_dags/example_xcomargs.py
[2024-09-21 12:30:10,855] {processor.py:651} INFO - DAG(s) dict_keys(['example_xcom_args', 'example_xcom_args_with_operators']) retrieved from /home/airflow/.local/lib/python3.7/site-packages/airflow/example_dags/example_xcomargs.py
[2024-09-21 12:30:11,080] {logging_mixin.py:115} INFO - [2024-09-21 12:30:11,080] {dag.py:2379} INFO - Sync 2 DAGs
[2024-09-21 12:30:11,099] {logging_mixin.py:115} INFO - [2024-09-21 12:30:11,099] {dag.py:2927} INFO - Setting next_dagrun for example_xcom_args to None, run_after=None
[2024-09-21 12:30:11,099] {logging_mixin.py:115} INFO - [2024-09-21 12:30:11,099] {dag.py:2927} INFO - Setting next_dagrun for example_xcom_args_with_operators to None, run_after=None
[2024-09-21 12:30:11,111] {processor.py:161} INFO - Processing /home/airflow/.local/lib/python3.7/site-packages/airflow/example_dags/example_xcomargs.py took 0.295 seconds
[2024-09-21 12:30:41,172] {processor.py:153} INFO - Started process (PID=862) to work on /home/airflow/.local/lib/python3.7/site-packages/airflow/example_dags/example_xcomargs.py
[2024-09-21 12:30:41,173] {processor.py:641} INFO - Processing file /home/airflow/.local/lib/python3.7/site-packages/airflow/example_dags/example_xcomargs.py for tasks to queue
[2024-09-21 12:30:41,173] {logging_mixin.py:115} INFO - [2024-09-21 12:30:41,173] {dagbag.py:507} INFO - Filling up the DagBag from /home/airflow/.local/lib/python3.7/site-packages/airflow/example_dags/example_xcomargs.py
[2024-09-21 12:30:41,188] {processor.py:651} INFO - DAG(s) dict_keys(['example_xcom_args', 'example_xcom_args_with_operators']) retrieved from /home/airflow/.local/lib/python3.7/site-packages/airflow/example_dags/example_xcomargs.py
[2024-09-21 12:30:41,371] {logging_mixin.py:115} INFO - [2024-09-21 12:30:41,371] {dag.py:2379} INFO - Sync 2 DAGs
[2024-09-21 12:30:41,388] {logging_mixin.py:115} INFO - [2024-09-21 12:30:41,388] {dag.py:2927} INFO - Setting next_dagrun for example_xcom_args to None, run_after=None
[2024-09-21 12:30:41,389] {logging_mixin.py:115} INFO - [2024-09-21 12:30:41,388] {dag.py:2927} INFO - Setting next_dagrun for example_xcom_args_with_operators to None, run_after=None
[2024-09-21 12:30:41,401] {processor.py:161} INFO - Processing /home/airflow/.local/lib/python3.7/site-packages/airflow/example_dags/example_xcomargs.py took 0.231 seconds
[2024-09-21 12:35:11,067] {processor.py:153} INFO - Started process (PID=66) to work on /home/airflow/.local/lib/python3.7/site-packages/airflow/example_dags/example_xcomargs.py
[2024-09-21 12:35:11,069] {processor.py:641} INFO - Processing file /home/airflow/.local/lib/python3.7/site-packages/airflow/example_dags/example_xcomargs.py for tasks to queue
[2024-09-21 12:35:11,075] {logging_mixin.py:115} INFO - [2024-09-21 12:35:11,075] {dagbag.py:507} INFO - Filling up the DagBag from /home/airflow/.local/lib/python3.7/site-packages/airflow/example_dags/example_xcomargs.py
[2024-09-21 12:35:11,103] {processor.py:651} INFO - DAG(s) dict_keys(['example_xcom_args', 'example_xcom_args_with_operators']) retrieved from /home/airflow/.local/lib/python3.7/site-packages/airflow/example_dags/example_xcomargs.py
[2024-09-21 12:35:11,283] {logging_mixin.py:115} INFO - [2024-09-21 12:35:11,283] {dag.py:2379} INFO - Sync 2 DAGs
[2024-09-21 12:35:11,643] {logging_mixin.py:115} INFO - [2024-09-21 12:35:11,643] {dag.py:2927} INFO - Setting next_dagrun for example_xcom_args to None, run_after=None
[2024-09-21 12:35:11,643] {logging_mixin.py:115} INFO - [2024-09-21 12:35:11,643] {dag.py:2927} INFO - Setting next_dagrun for example_xcom_args_with_operators to None, run_after=None
[2024-09-21 12:35:11,689] {processor.py:161} INFO - Processing /home/airflow/.local/lib/python3.7/site-packages/airflow/example_dags/example_xcomargs.py took 0.626 seconds
[2024-09-21 12:35:41,793] {processor.py:153} INFO - Started process (PID=129) to work on /home/airflow/.local/lib/python3.7/site-packages/airflow/example_dags/example_xcomargs.py
[2024-09-21 12:35:41,794] {processor.py:641} INFO - Processing file /home/airflow/.local/lib/python3.7/site-packages/airflow/example_dags/example_xcomargs.py for tasks to queue
[2024-09-21 12:35:41,795] {logging_mixin.py:115} INFO - [2024-09-21 12:35:41,795] {dagbag.py:507} INFO - Filling up the DagBag from /home/airflow/.local/lib/python3.7/site-packages/airflow/example_dags/example_xcomargs.py
[2024-09-21 12:35:41,818] {processor.py:651} INFO - DAG(s) dict_keys(['example_xcom_args', 'example_xcom_args_with_operators']) retrieved from /home/airflow/.local/lib/python3.7/site-packages/airflow/example_dags/example_xcomargs.py
[2024-09-21 12:35:41,920] {logging_mixin.py:115} INFO - [2024-09-21 12:35:41,919] {dag.py:2379} INFO - Sync 2 DAGs
[2024-09-21 12:35:42,172] {logging_mixin.py:115} INFO - [2024-09-21 12:35:42,172] {dag.py:2927} INFO - Setting next_dagrun for example_xcom_args to None, run_after=None
[2024-09-21 12:35:42,172] {logging_mixin.py:115} INFO - [2024-09-21 12:35:42,172] {dag.py:2927} INFO - Setting next_dagrun for example_xcom_args_with_operators to None, run_after=None
[2024-09-21 12:35:42,191] {processor.py:161} INFO - Processing /home/airflow/.local/lib/python3.7/site-packages/airflow/example_dags/example_xcomargs.py took 0.403 seconds
[2024-09-21 12:36:12,249] {processor.py:153} INFO - Started process (PID=171) to work on /home/airflow/.local/lib/python3.7/site-packages/airflow/example_dags/example_xcomargs.py
[2024-09-21 12:36:12,249] {processor.py:641} INFO - Processing file /home/airflow/.local/lib/python3.7/site-packages/airflow/example_dags/example_xcomargs.py for tasks to queue
[2024-09-21 12:36:12,250] {logging_mixin.py:115} INFO - [2024-09-21 12:36:12,250] {dagbag.py:507} INFO - Filling up the DagBag from /home/airflow/.local/lib/python3.7/site-packages/airflow/example_dags/example_xcomargs.py
[2024-09-21 12:36:12,270] {processor.py:651} INFO - DAG(s) dict_keys(['example_xcom_args', 'example_xcom_args_with_operators']) retrieved from /home/airflow/.local/lib/python3.7/site-packages/airflow/example_dags/example_xcomargs.py
[2024-09-21 12:36:12,361] {logging_mixin.py:115} INFO - [2024-09-21 12:36:12,360] {dag.py:2379} INFO - Sync 2 DAGs
[2024-09-21 12:36:12,571] {logging_mixin.py:115} INFO - [2024-09-21 12:36:12,571] {dag.py:2927} INFO - Setting next_dagrun for example_xcom_args to None, run_after=None
[2024-09-21 12:36:12,571] {logging_mixin.py:115} INFO - [2024-09-21 12:36:12,571] {dag.py:2927} INFO - Setting next_dagrun for example_xcom_args_with_operators to None, run_after=None
[2024-09-21 12:36:12,590] {processor.py:161} INFO - Processing /home/airflow/.local/lib/python3.7/site-packages/airflow/example_dags/example_xcomargs.py took 0.345 seconds
[2024-09-21 12:36:42,631] {processor.py:153} INFO - Started process (PID=215) to work on /home/airflow/.local/lib/python3.7/site-packages/airflow/example_dags/example_xcomargs.py
[2024-09-21 12:36:42,632] {processor.py:641} INFO - Processing file /home/airflow/.local/lib/python3.7/site-packages/airflow/example_dags/example_xcomargs.py for tasks to queue
[2024-09-21 12:36:42,632] {logging_mixin.py:115} INFO - [2024-09-21 12:36:42,632] {dagbag.py:507} INFO - Filling up the DagBag from /home/airflow/.local/lib/python3.7/site-packages/airflow/example_dags/example_xcomargs.py
[2024-09-21 12:36:42,654] {processor.py:651} INFO - DAG(s) dict_keys(['example_xcom_args', 'example_xcom_args_with_operators']) retrieved from /home/airflow/.local/lib/python3.7/site-packages/airflow/example_dags/example_xcomargs.py
[2024-09-21 12:36:42,772] {logging_mixin.py:115} INFO - [2024-09-21 12:36:42,772] {dag.py:2379} INFO - Sync 2 DAGs
[2024-09-21 12:36:42,996] {logging_mixin.py:115} INFO - [2024-09-21 12:36:42,996] {dag.py:2927} INFO - Setting next_dagrun for example_xcom_args to None, run_after=None
[2024-09-21 12:36:42,996] {logging_mixin.py:115} INFO - [2024-09-21 12:36:42,996] {dag.py:2927} INFO - Setting next_dagrun for example_xcom_args_with_operators to None, run_after=None
[2024-09-21 12:36:43,011] {processor.py:161} INFO - Processing /home/airflow/.local/lib/python3.7/site-packages/airflow/example_dags/example_xcomargs.py took 0.383 seconds
[2024-09-21 12:37:13,384] {processor.py:153} INFO - Started process (PID=260) to work on /home/airflow/.local/lib/python3.7/site-packages/airflow/example_dags/example_xcomargs.py
[2024-09-21 12:37:13,384] {processor.py:641} INFO - Processing file /home/airflow/.local/lib/python3.7/site-packages/airflow/example_dags/example_xcomargs.py for tasks to queue
[2024-09-21 12:37:13,385] {logging_mixin.py:115} INFO - [2024-09-21 12:37:13,385] {dagbag.py:507} INFO - Filling up the DagBag from /home/airflow/.local/lib/python3.7/site-packages/airflow/example_dags/example_xcomargs.py
[2024-09-21 12:37:13,409] {processor.py:651} INFO - DAG(s) dict_keys(['example_xcom_args', 'example_xcom_args_with_operators']) retrieved from /home/airflow/.local/lib/python3.7/site-packages/airflow/example_dags/example_xcomargs.py
[2024-09-21 12:37:13,508] {logging_mixin.py:115} INFO - [2024-09-21 12:37:13,508] {dag.py:2379} INFO - Sync 2 DAGs
[2024-09-21 12:37:13,706] {logging_mixin.py:115} INFO - [2024-09-21 12:37:13,706] {dag.py:2927} INFO - Setting next_dagrun for example_xcom_args to None, run_after=None
[2024-09-21 12:37:13,706] {logging_mixin.py:115} INFO - [2024-09-21 12:37:13,706] {dag.py:2927} INFO - Setting next_dagrun for example_xcom_args_with_operators to None, run_after=None
[2024-09-21 12:37:13,723] {processor.py:161} INFO - Processing /home/airflow/.local/lib/python3.7/site-packages/airflow/example_dags/example_xcomargs.py took 0.346 seconds
