[2024-09-21 12:04:54,065] {processor.py:153} INFO - Started process (PID=77) to work on /home/airflow/.local/lib/python3.7/site-packages/airflow/example_dags/example_skip_dag.py
[2024-09-21 12:04:54,066] {processor.py:641} INFO - Processing file /home/airflow/.local/lib/python3.7/site-packages/airflow/example_dags/example_skip_dag.py for tasks to queue
[2024-09-21 12:04:54,067] {logging_mixin.py:115} INFO - [2024-09-21 12:04:54,067] {dagbag.py:507} INFO - Filling up the DagBag from /home/airflow/.local/lib/python3.7/site-packages/airflow/example_dags/example_skip_dag.py
[2024-09-21 12:04:54,090] {processor.py:651} INFO - DAG(s) dict_keys(['example_skip_dag']) retrieved from /home/airflow/.local/lib/python3.7/site-packages/airflow/example_dags/example_skip_dag.py
[2024-09-21 12:04:54,163] {logging_mixin.py:115} INFO - [2024-09-21 12:04:54,163] {dag.py:2379} INFO - Sync 1 DAGs
[2024-09-21 12:04:54,233] {logging_mixin.py:115} INFO - [2024-09-21 12:04:54,233] {dag.py:2927} INFO - Setting next_dagrun for example_skip_dag to 2024-09-20T12:04:54.232647+00:00, run_after=2024-09-21T12:04:54.232647+00:00
[2024-09-21 12:04:54,273] {processor.py:161} INFO - Processing /home/airflow/.local/lib/python3.7/site-packages/airflow/example_dags/example_skip_dag.py took 0.224 seconds
[2024-09-21 12:05:24,580] {processor.py:153} INFO - Started process (PID=132) to work on /home/airflow/.local/lib/python3.7/site-packages/airflow/example_dags/example_skip_dag.py
[2024-09-21 12:05:24,581] {processor.py:641} INFO - Processing file /home/airflow/.local/lib/python3.7/site-packages/airflow/example_dags/example_skip_dag.py for tasks to queue
[2024-09-21 12:05:24,581] {logging_mixin.py:115} INFO - [2024-09-21 12:05:24,581] {dagbag.py:507} INFO - Filling up the DagBag from /home/airflow/.local/lib/python3.7/site-packages/airflow/example_dags/example_skip_dag.py
[2024-09-21 12:05:24,588] {processor.py:651} INFO - DAG(s) dict_keys(['example_skip_dag']) retrieved from /home/airflow/.local/lib/python3.7/site-packages/airflow/example_dags/example_skip_dag.py
[2024-09-21 12:05:24,631] {logging_mixin.py:115} INFO - [2024-09-21 12:05:24,630] {dag.py:2379} INFO - Sync 1 DAGs
[2024-09-21 12:05:24,662] {logging_mixin.py:115} INFO - [2024-09-21 12:05:24,662] {dag.py:2927} INFO - Setting next_dagrun for example_skip_dag to 2024-09-20T12:05:24.662239+00:00, run_after=2024-09-21T12:05:24.662239+00:00
[2024-09-21 12:05:24,677] {processor.py:161} INFO - Processing /home/airflow/.local/lib/python3.7/site-packages/airflow/example_dags/example_skip_dag.py took 0.102 seconds
[2024-09-21 12:05:54,979] {processor.py:153} INFO - Started process (PID=174) to work on /home/airflow/.local/lib/python3.7/site-packages/airflow/example_dags/example_skip_dag.py
[2024-09-21 12:05:54,979] {processor.py:641} INFO - Processing file /home/airflow/.local/lib/python3.7/site-packages/airflow/example_dags/example_skip_dag.py for tasks to queue
[2024-09-21 12:05:54,980] {logging_mixin.py:115} INFO - [2024-09-21 12:05:54,980] {dagbag.py:507} INFO - Filling up the DagBag from /home/airflow/.local/lib/python3.7/site-packages/airflow/example_dags/example_skip_dag.py
[2024-09-21 12:05:54,985] {processor.py:651} INFO - DAG(s) dict_keys(['example_skip_dag']) retrieved from /home/airflow/.local/lib/python3.7/site-packages/airflow/example_dags/example_skip_dag.py
[2024-09-21 12:05:55,009] {logging_mixin.py:115} INFO - [2024-09-21 12:05:55,009] {dag.py:2379} INFO - Sync 1 DAGs
[2024-09-21 12:05:55,035] {logging_mixin.py:115} INFO - [2024-09-21 12:05:55,035] {dag.py:2927} INFO - Setting next_dagrun for example_skip_dag to 2024-09-20T12:05:55.034901+00:00, run_after=2024-09-21T12:05:55.034901+00:00
[2024-09-21 12:05:55,052] {processor.py:161} INFO - Processing /home/airflow/.local/lib/python3.7/site-packages/airflow/example_dags/example_skip_dag.py took 0.076 seconds
[2024-09-21 12:06:25,101] {processor.py:153} INFO - Started process (PID=214) to work on /home/airflow/.local/lib/python3.7/site-packages/airflow/example_dags/example_skip_dag.py
[2024-09-21 12:06:25,102] {processor.py:641} INFO - Processing file /home/airflow/.local/lib/python3.7/site-packages/airflow/example_dags/example_skip_dag.py for tasks to queue
[2024-09-21 12:06:25,103] {logging_mixin.py:115} INFO - [2024-09-21 12:06:25,103] {dagbag.py:507} INFO - Filling up the DagBag from /home/airflow/.local/lib/python3.7/site-packages/airflow/example_dags/example_skip_dag.py
[2024-09-21 12:06:25,109] {processor.py:651} INFO - DAG(s) dict_keys(['example_skip_dag']) retrieved from /home/airflow/.local/lib/python3.7/site-packages/airflow/example_dags/example_skip_dag.py
[2024-09-21 12:06:25,141] {logging_mixin.py:115} INFO - [2024-09-21 12:06:25,141] {dag.py:2379} INFO - Sync 1 DAGs
[2024-09-21 12:06:25,166] {logging_mixin.py:115} INFO - [2024-09-21 12:06:25,166] {dag.py:2927} INFO - Setting next_dagrun for example_skip_dag to 2024-09-20T12:06:25.166266+00:00, run_after=2024-09-21T12:06:25.166266+00:00
[2024-09-21 12:06:25,177] {processor.py:161} INFO - Processing /home/airflow/.local/lib/python3.7/site-packages/airflow/example_dags/example_skip_dag.py took 0.080 seconds
[2024-09-21 12:06:56,092] {processor.py:153} INFO - Started process (PID=262) to work on /home/airflow/.local/lib/python3.7/site-packages/airflow/example_dags/example_skip_dag.py
[2024-09-21 12:06:56,093] {processor.py:641} INFO - Processing file /home/airflow/.local/lib/python3.7/site-packages/airflow/example_dags/example_skip_dag.py for tasks to queue
[2024-09-21 12:06:56,094] {logging_mixin.py:115} INFO - [2024-09-21 12:06:56,094] {dagbag.py:507} INFO - Filling up the DagBag from /home/airflow/.local/lib/python3.7/site-packages/airflow/example_dags/example_skip_dag.py
[2024-09-21 12:06:56,098] {processor.py:651} INFO - DAG(s) dict_keys(['example_skip_dag']) retrieved from /home/airflow/.local/lib/python3.7/site-packages/airflow/example_dags/example_skip_dag.py
[2024-09-21 12:06:56,134] {logging_mixin.py:115} INFO - [2024-09-21 12:06:56,134] {dag.py:2379} INFO - Sync 1 DAGs
[2024-09-21 12:06:56,154] {logging_mixin.py:115} INFO - [2024-09-21 12:06:56,154] {dag.py:2927} INFO - Setting next_dagrun for example_skip_dag to 2024-09-20T12:06:56.153872+00:00, run_after=2024-09-21T12:06:56.153872+00:00
[2024-09-21 12:06:56,164] {processor.py:161} INFO - Processing /home/airflow/.local/lib/python3.7/site-packages/airflow/example_dags/example_skip_dag.py took 0.074 seconds
[2024-09-21 12:07:26,753] {processor.py:153} INFO - Started process (PID=304) to work on /home/airflow/.local/lib/python3.7/site-packages/airflow/example_dags/example_skip_dag.py
[2024-09-21 12:07:26,754] {processor.py:641} INFO - Processing file /home/airflow/.local/lib/python3.7/site-packages/airflow/example_dags/example_skip_dag.py for tasks to queue
[2024-09-21 12:07:26,755] {logging_mixin.py:115} INFO - [2024-09-21 12:07:26,755] {dagbag.py:507} INFO - Filling up the DagBag from /home/airflow/.local/lib/python3.7/site-packages/airflow/example_dags/example_skip_dag.py
[2024-09-21 12:07:26,761] {processor.py:651} INFO - DAG(s) dict_keys(['example_skip_dag']) retrieved from /home/airflow/.local/lib/python3.7/site-packages/airflow/example_dags/example_skip_dag.py
[2024-09-21 12:07:26,791] {logging_mixin.py:115} INFO - [2024-09-21 12:07:26,791] {dag.py:2379} INFO - Sync 1 DAGs
[2024-09-21 12:07:26,813] {logging_mixin.py:115} INFO - [2024-09-21 12:07:26,813] {dag.py:2927} INFO - Setting next_dagrun for example_skip_dag to 2024-09-20T12:07:26.813551+00:00, run_after=2024-09-21T12:07:26.813551+00:00
[2024-09-21 12:07:26,825] {processor.py:161} INFO - Processing /home/airflow/.local/lib/python3.7/site-packages/airflow/example_dags/example_skip_dag.py took 0.076 seconds
[2024-09-21 12:07:57,261] {processor.py:153} INFO - Started process (PID=346) to work on /home/airflow/.local/lib/python3.7/site-packages/airflow/example_dags/example_skip_dag.py
[2024-09-21 12:07:57,261] {processor.py:641} INFO - Processing file /home/airflow/.local/lib/python3.7/site-packages/airflow/example_dags/example_skip_dag.py for tasks to queue
[2024-09-21 12:07:57,262] {logging_mixin.py:115} INFO - [2024-09-21 12:07:57,262] {dagbag.py:507} INFO - Filling up the DagBag from /home/airflow/.local/lib/python3.7/site-packages/airflow/example_dags/example_skip_dag.py
[2024-09-21 12:07:57,268] {processor.py:651} INFO - DAG(s) dict_keys(['example_skip_dag']) retrieved from /home/airflow/.local/lib/python3.7/site-packages/airflow/example_dags/example_skip_dag.py
[2024-09-21 12:07:57,295] {logging_mixin.py:115} INFO - [2024-09-21 12:07:57,295] {dag.py:2379} INFO - Sync 1 DAGs
[2024-09-21 12:07:57,319] {logging_mixin.py:115} INFO - [2024-09-21 12:07:57,319] {dag.py:2927} INFO - Setting next_dagrun for example_skip_dag to 2024-09-20T12:07:57.318754+00:00, run_after=2024-09-21T12:07:57.318754+00:00
[2024-09-21 12:07:57,332] {processor.py:161} INFO - Processing /home/airflow/.local/lib/python3.7/site-packages/airflow/example_dags/example_skip_dag.py took 0.076 seconds
[2024-09-21 12:08:27,406] {processor.py:153} INFO - Started process (PID=386) to work on /home/airflow/.local/lib/python3.7/site-packages/airflow/example_dags/example_skip_dag.py
[2024-09-21 12:08:27,407] {processor.py:641} INFO - Processing file /home/airflow/.local/lib/python3.7/site-packages/airflow/example_dags/example_skip_dag.py for tasks to queue
[2024-09-21 12:08:27,407] {logging_mixin.py:115} INFO - [2024-09-21 12:08:27,407] {dagbag.py:507} INFO - Filling up the DagBag from /home/airflow/.local/lib/python3.7/site-packages/airflow/example_dags/example_skip_dag.py
[2024-09-21 12:08:27,412] {processor.py:651} INFO - DAG(s) dict_keys(['example_skip_dag']) retrieved from /home/airflow/.local/lib/python3.7/site-packages/airflow/example_dags/example_skip_dag.py
[2024-09-21 12:08:27,441] {logging_mixin.py:115} INFO - [2024-09-21 12:08:27,441] {dag.py:2379} INFO - Sync 1 DAGs
[2024-09-21 12:08:27,464] {logging_mixin.py:115} INFO - [2024-09-21 12:08:27,464] {dag.py:2927} INFO - Setting next_dagrun for example_skip_dag to 2024-09-20T12:08:27.464198+00:00, run_after=2024-09-21T12:08:27.464198+00:00
[2024-09-21 12:08:27,476] {processor.py:161} INFO - Processing /home/airflow/.local/lib/python3.7/site-packages/airflow/example_dags/example_skip_dag.py took 0.073 seconds
[2024-09-21 12:08:58,680] {processor.py:153} INFO - Started process (PID=428) to work on /home/airflow/.local/lib/python3.7/site-packages/airflow/example_dags/example_skip_dag.py
[2024-09-21 12:08:58,681] {processor.py:641} INFO - Processing file /home/airflow/.local/lib/python3.7/site-packages/airflow/example_dags/example_skip_dag.py for tasks to queue
[2024-09-21 12:08:58,681] {logging_mixin.py:115} INFO - [2024-09-21 12:08:58,681] {dagbag.py:507} INFO - Filling up the DagBag from /home/airflow/.local/lib/python3.7/site-packages/airflow/example_dags/example_skip_dag.py
[2024-09-21 12:08:58,686] {processor.py:651} INFO - DAG(s) dict_keys(['example_skip_dag']) retrieved from /home/airflow/.local/lib/python3.7/site-packages/airflow/example_dags/example_skip_dag.py
[2024-09-21 12:08:58,709] {logging_mixin.py:115} INFO - [2024-09-21 12:08:58,709] {dag.py:2379} INFO - Sync 1 DAGs
[2024-09-21 12:08:58,730] {logging_mixin.py:115} INFO - [2024-09-21 12:08:58,730] {dag.py:2927} INFO - Setting next_dagrun for example_skip_dag to 2024-09-20T12:08:58.730418+00:00, run_after=2024-09-21T12:08:58.730418+00:00
[2024-09-21 12:08:58,741] {processor.py:161} INFO - Processing /home/airflow/.local/lib/python3.7/site-packages/airflow/example_dags/example_skip_dag.py took 0.064 seconds
[2024-09-21 12:09:30,364] {processor.py:153} INFO - Started process (PID=470) to work on /home/airflow/.local/lib/python3.7/site-packages/airflow/example_dags/example_skip_dag.py
[2024-09-21 12:09:30,366] {processor.py:641} INFO - Processing file /home/airflow/.local/lib/python3.7/site-packages/airflow/example_dags/example_skip_dag.py for tasks to queue
[2024-09-21 12:09:30,367] {logging_mixin.py:115} INFO - [2024-09-21 12:09:30,366] {dagbag.py:507} INFO - Filling up the DagBag from /home/airflow/.local/lib/python3.7/site-packages/airflow/example_dags/example_skip_dag.py
[2024-09-21 12:09:30,381] {processor.py:651} INFO - DAG(s) dict_keys(['example_skip_dag']) retrieved from /home/airflow/.local/lib/python3.7/site-packages/airflow/example_dags/example_skip_dag.py
[2024-09-21 12:09:30,439] {logging_mixin.py:115} INFO - [2024-09-21 12:09:30,439] {dag.py:2379} INFO - Sync 1 DAGs
[2024-09-21 12:09:30,499] {logging_mixin.py:115} INFO - [2024-09-21 12:09:30,499] {dag.py:2927} INFO - Setting next_dagrun for example_skip_dag to 2024-09-20T12:09:30.498925+00:00, run_after=2024-09-21T12:09:30.498925+00:00
[2024-09-21 12:09:30,550] {processor.py:161} INFO - Processing /home/airflow/.local/lib/python3.7/site-packages/airflow/example_dags/example_skip_dag.py took 0.191 seconds
[2024-09-21 12:10:42,889] {processor.py:153} INFO - Started process (PID=519) to work on /home/airflow/.local/lib/python3.7/site-packages/airflow/example_dags/example_skip_dag.py
[2024-09-21 12:10:42,890] {processor.py:641} INFO - Processing file /home/airflow/.local/lib/python3.7/site-packages/airflow/example_dags/example_skip_dag.py for tasks to queue
[2024-09-21 12:10:42,891] {logging_mixin.py:115} INFO - [2024-09-21 12:10:42,890] {dagbag.py:507} INFO - Filling up the DagBag from /home/airflow/.local/lib/python3.7/site-packages/airflow/example_dags/example_skip_dag.py
[2024-09-21 12:10:42,897] {processor.py:651} INFO - DAG(s) dict_keys(['example_skip_dag']) retrieved from /home/airflow/.local/lib/python3.7/site-packages/airflow/example_dags/example_skip_dag.py
[2024-09-21 12:10:42,928] {logging_mixin.py:115} INFO - [2024-09-21 12:10:42,928] {dag.py:2379} INFO - Sync 1 DAGs
[2024-09-21 12:10:42,954] {logging_mixin.py:115} INFO - [2024-09-21 12:10:42,953] {dag.py:2927} INFO - Setting next_dagrun for example_skip_dag to 2024-09-20T12:10:42.953578+00:00, run_after=2024-09-21T12:10:42.953578+00:00
[2024-09-21 12:10:42,968] {processor.py:161} INFO - Processing /home/airflow/.local/lib/python3.7/site-packages/airflow/example_dags/example_skip_dag.py took 0.082 seconds
[2024-09-21 12:21:28,953] {processor.py:153} INFO - Started process (PID=64) to work on /home/airflow/.local/lib/python3.7/site-packages/airflow/example_dags/example_skip_dag.py
[2024-09-21 12:21:28,957] {processor.py:641} INFO - Processing file /home/airflow/.local/lib/python3.7/site-packages/airflow/example_dags/example_skip_dag.py for tasks to queue
[2024-09-21 12:21:28,958] {logging_mixin.py:115} INFO - [2024-09-21 12:21:28,958] {dagbag.py:507} INFO - Filling up the DagBag from /home/airflow/.local/lib/python3.7/site-packages/airflow/example_dags/example_skip_dag.py
[2024-09-21 12:21:28,979] {processor.py:651} INFO - DAG(s) dict_keys(['example_skip_dag']) retrieved from /home/airflow/.local/lib/python3.7/site-packages/airflow/example_dags/example_skip_dag.py
[2024-09-21 12:21:29,057] {logging_mixin.py:115} INFO - [2024-09-21 12:21:29,057] {dag.py:2379} INFO - Sync 1 DAGs
[2024-09-21 12:21:29,141] {logging_mixin.py:115} INFO - [2024-09-21 12:21:29,141] {dag.py:2927} INFO - Setting next_dagrun for example_skip_dag to 2024-09-20T12:21:29.141158+00:00, run_after=2024-09-21T12:21:29.141158+00:00
[2024-09-21 12:21:29,162] {processor.py:161} INFO - Processing /home/airflow/.local/lib/python3.7/site-packages/airflow/example_dags/example_skip_dag.py took 0.221 seconds
[2024-09-21 12:21:59,741] {processor.py:153} INFO - Started process (PID=126) to work on /home/airflow/.local/lib/python3.7/site-packages/airflow/example_dags/example_skip_dag.py
[2024-09-21 12:21:59,742] {processor.py:641} INFO - Processing file /home/airflow/.local/lib/python3.7/site-packages/airflow/example_dags/example_skip_dag.py for tasks to queue
[2024-09-21 12:21:59,743] {logging_mixin.py:115} INFO - [2024-09-21 12:21:59,743] {dagbag.py:507} INFO - Filling up the DagBag from /home/airflow/.local/lib/python3.7/site-packages/airflow/example_dags/example_skip_dag.py
[2024-09-21 12:21:59,748] {processor.py:651} INFO - DAG(s) dict_keys(['example_skip_dag']) retrieved from /home/airflow/.local/lib/python3.7/site-packages/airflow/example_dags/example_skip_dag.py
[2024-09-21 12:21:59,776] {logging_mixin.py:115} INFO - [2024-09-21 12:21:59,776] {dag.py:2379} INFO - Sync 1 DAGs
[2024-09-21 12:21:59,805] {logging_mixin.py:115} INFO - [2024-09-21 12:21:59,804] {dag.py:2927} INFO - Setting next_dagrun for example_skip_dag to 2024-09-20T12:21:59.804672+00:00, run_after=2024-09-21T12:21:59.804672+00:00
[2024-09-21 12:21:59,820] {processor.py:161} INFO - Processing /home/airflow/.local/lib/python3.7/site-packages/airflow/example_dags/example_skip_dag.py took 0.082 seconds
[2024-09-21 12:22:30,111] {processor.py:153} INFO - Started process (PID=176) to work on /home/airflow/.local/lib/python3.7/site-packages/airflow/example_dags/example_skip_dag.py
[2024-09-21 12:22:30,112] {processor.py:641} INFO - Processing file /home/airflow/.local/lib/python3.7/site-packages/airflow/example_dags/example_skip_dag.py for tasks to queue
[2024-09-21 12:22:30,113] {logging_mixin.py:115} INFO - [2024-09-21 12:22:30,113] {dagbag.py:507} INFO - Filling up the DagBag from /home/airflow/.local/lib/python3.7/site-packages/airflow/example_dags/example_skip_dag.py
[2024-09-21 12:22:30,122] {processor.py:651} INFO - DAG(s) dict_keys(['example_skip_dag']) retrieved from /home/airflow/.local/lib/python3.7/site-packages/airflow/example_dags/example_skip_dag.py
[2024-09-21 12:22:30,168] {logging_mixin.py:115} INFO - [2024-09-21 12:22:30,168] {dag.py:2379} INFO - Sync 1 DAGs
[2024-09-21 12:22:30,199] {logging_mixin.py:115} INFO - [2024-09-21 12:22:30,199] {dag.py:2927} INFO - Setting next_dagrun for example_skip_dag to 2024-09-20T12:22:30.198723+00:00, run_after=2024-09-21T12:22:30.198723+00:00
[2024-09-21 12:22:30,219] {processor.py:161} INFO - Processing /home/airflow/.local/lib/python3.7/site-packages/airflow/example_dags/example_skip_dag.py took 0.114 seconds
[2024-09-21 12:23:00,368] {processor.py:153} INFO - Started process (PID=219) to work on /home/airflow/.local/lib/python3.7/site-packages/airflow/example_dags/example_skip_dag.py
[2024-09-21 12:23:00,369] {processor.py:641} INFO - Processing file /home/airflow/.local/lib/python3.7/site-packages/airflow/example_dags/example_skip_dag.py for tasks to queue
[2024-09-21 12:23:00,369] {logging_mixin.py:115} INFO - [2024-09-21 12:23:00,369] {dagbag.py:507} INFO - Filling up the DagBag from /home/airflow/.local/lib/python3.7/site-packages/airflow/example_dags/example_skip_dag.py
[2024-09-21 12:23:00,373] {processor.py:651} INFO - DAG(s) dict_keys(['example_skip_dag']) retrieved from /home/airflow/.local/lib/python3.7/site-packages/airflow/example_dags/example_skip_dag.py
[2024-09-21 12:23:00,399] {logging_mixin.py:115} INFO - [2024-09-21 12:23:00,399] {dag.py:2379} INFO - Sync 1 DAGs
[2024-09-21 12:23:00,419] {logging_mixin.py:115} INFO - [2024-09-21 12:23:00,419] {dag.py:2927} INFO - Setting next_dagrun for example_skip_dag to 2024-09-20T12:23:00.419589+00:00, run_after=2024-09-21T12:23:00.419589+00:00
[2024-09-21 12:23:00,430] {processor.py:161} INFO - Processing /home/airflow/.local/lib/python3.7/site-packages/airflow/example_dags/example_skip_dag.py took 0.065 seconds
[2024-09-21 12:23:30,883] {processor.py:153} INFO - Started process (PID=260) to work on /home/airflow/.local/lib/python3.7/site-packages/airflow/example_dags/example_skip_dag.py
[2024-09-21 12:23:30,884] {processor.py:641} INFO - Processing file /home/airflow/.local/lib/python3.7/site-packages/airflow/example_dags/example_skip_dag.py for tasks to queue
[2024-09-21 12:23:30,884] {logging_mixin.py:115} INFO - [2024-09-21 12:23:30,884] {dagbag.py:507} INFO - Filling up the DagBag from /home/airflow/.local/lib/python3.7/site-packages/airflow/example_dags/example_skip_dag.py
[2024-09-21 12:23:30,888] {processor.py:651} INFO - DAG(s) dict_keys(['example_skip_dag']) retrieved from /home/airflow/.local/lib/python3.7/site-packages/airflow/example_dags/example_skip_dag.py
[2024-09-21 12:23:30,911] {logging_mixin.py:115} INFO - [2024-09-21 12:23:30,911] {dag.py:2379} INFO - Sync 1 DAGs
[2024-09-21 12:23:30,933] {logging_mixin.py:115} INFO - [2024-09-21 12:23:30,933] {dag.py:2927} INFO - Setting next_dagrun for example_skip_dag to 2024-09-20T12:23:30.932882+00:00, run_after=2024-09-21T12:23:30.932882+00:00
[2024-09-21 12:23:30,944] {processor.py:161} INFO - Processing /home/airflow/.local/lib/python3.7/site-packages/airflow/example_dags/example_skip_dag.py took 0.063 seconds
[2024-09-21 12:24:01,306] {processor.py:153} INFO - Started process (PID=302) to work on /home/airflow/.local/lib/python3.7/site-packages/airflow/example_dags/example_skip_dag.py
[2024-09-21 12:24:01,306] {processor.py:641} INFO - Processing file /home/airflow/.local/lib/python3.7/site-packages/airflow/example_dags/example_skip_dag.py for tasks to queue
[2024-09-21 12:24:01,307] {logging_mixin.py:115} INFO - [2024-09-21 12:24:01,307] {dagbag.py:507} INFO - Filling up the DagBag from /home/airflow/.local/lib/python3.7/site-packages/airflow/example_dags/example_skip_dag.py
[2024-09-21 12:24:01,311] {processor.py:651} INFO - DAG(s) dict_keys(['example_skip_dag']) retrieved from /home/airflow/.local/lib/python3.7/site-packages/airflow/example_dags/example_skip_dag.py
[2024-09-21 12:24:01,338] {logging_mixin.py:115} INFO - [2024-09-21 12:24:01,337] {dag.py:2379} INFO - Sync 1 DAGs
[2024-09-21 12:24:01,360] {logging_mixin.py:115} INFO - [2024-09-21 12:24:01,360] {dag.py:2927} INFO - Setting next_dagrun for example_skip_dag to 2024-09-20T12:24:01.360029+00:00, run_after=2024-09-21T12:24:01.360029+00:00
[2024-09-21 12:24:01,370] {processor.py:161} INFO - Processing /home/airflow/.local/lib/python3.7/site-packages/airflow/example_dags/example_skip_dag.py took 0.067 seconds
[2024-09-21 12:24:32,313] {processor.py:153} INFO - Started process (PID=344) to work on /home/airflow/.local/lib/python3.7/site-packages/airflow/example_dags/example_skip_dag.py
[2024-09-21 12:24:32,313] {processor.py:641} INFO - Processing file /home/airflow/.local/lib/python3.7/site-packages/airflow/example_dags/example_skip_dag.py for tasks to queue
[2024-09-21 12:24:32,314] {logging_mixin.py:115} INFO - [2024-09-21 12:24:32,314] {dagbag.py:507} INFO - Filling up the DagBag from /home/airflow/.local/lib/python3.7/site-packages/airflow/example_dags/example_skip_dag.py
[2024-09-21 12:24:32,320] {processor.py:651} INFO - DAG(s) dict_keys(['example_skip_dag']) retrieved from /home/airflow/.local/lib/python3.7/site-packages/airflow/example_dags/example_skip_dag.py
[2024-09-21 12:24:32,359] {logging_mixin.py:115} INFO - [2024-09-21 12:24:32,359] {dag.py:2379} INFO - Sync 1 DAGs
[2024-09-21 12:24:32,400] {logging_mixin.py:115} INFO - [2024-09-21 12:24:32,400] {dag.py:2927} INFO - Setting next_dagrun for example_skip_dag to 2024-09-20T12:24:32.399635+00:00, run_after=2024-09-21T12:24:32.399635+00:00
[2024-09-21 12:24:32,414] {processor.py:161} INFO - Processing /home/airflow/.local/lib/python3.7/site-packages/airflow/example_dags/example_skip_dag.py took 0.105 seconds
[2024-09-21 12:25:02,821] {processor.py:153} INFO - Started process (PID=386) to work on /home/airflow/.local/lib/python3.7/site-packages/airflow/example_dags/example_skip_dag.py
[2024-09-21 12:25:02,821] {processor.py:641} INFO - Processing file /home/airflow/.local/lib/python3.7/site-packages/airflow/example_dags/example_skip_dag.py for tasks to queue
[2024-09-21 12:25:02,822] {logging_mixin.py:115} INFO - [2024-09-21 12:25:02,822] {dagbag.py:507} INFO - Filling up the DagBag from /home/airflow/.local/lib/python3.7/site-packages/airflow/example_dags/example_skip_dag.py
[2024-09-21 12:25:02,829] {processor.py:651} INFO - DAG(s) dict_keys(['example_skip_dag']) retrieved from /home/airflow/.local/lib/python3.7/site-packages/airflow/example_dags/example_skip_dag.py
[2024-09-21 12:25:02,855] {logging_mixin.py:115} INFO - [2024-09-21 12:25:02,855] {dag.py:2379} INFO - Sync 1 DAGs
[2024-09-21 12:25:02,881] {logging_mixin.py:115} INFO - [2024-09-21 12:25:02,881] {dag.py:2927} INFO - Setting next_dagrun for example_skip_dag to 2024-09-20T12:25:02.881415+00:00, run_after=2024-09-21T12:25:02.881415+00:00
[2024-09-21 12:25:02,892] {processor.py:161} INFO - Processing /home/airflow/.local/lib/python3.7/site-packages/airflow/example_dags/example_skip_dag.py took 0.076 seconds
[2024-09-21 12:25:33,176] {processor.py:153} INFO - Started process (PID=428) to work on /home/airflow/.local/lib/python3.7/site-packages/airflow/example_dags/example_skip_dag.py
[2024-09-21 12:25:33,176] {processor.py:641} INFO - Processing file /home/airflow/.local/lib/python3.7/site-packages/airflow/example_dags/example_skip_dag.py for tasks to queue
[2024-09-21 12:25:33,177] {logging_mixin.py:115} INFO - [2024-09-21 12:25:33,177] {dagbag.py:507} INFO - Filling up the DagBag from /home/airflow/.local/lib/python3.7/site-packages/airflow/example_dags/example_skip_dag.py
[2024-09-21 12:25:33,181] {processor.py:651} INFO - DAG(s) dict_keys(['example_skip_dag']) retrieved from /home/airflow/.local/lib/python3.7/site-packages/airflow/example_dags/example_skip_dag.py
[2024-09-21 12:25:33,203] {logging_mixin.py:115} INFO - [2024-09-21 12:25:33,203] {dag.py:2379} INFO - Sync 1 DAGs
[2024-09-21 12:25:33,225] {logging_mixin.py:115} INFO - [2024-09-21 12:25:33,225] {dag.py:2927} INFO - Setting next_dagrun for example_skip_dag to 2024-09-20T12:25:33.225043+00:00, run_after=2024-09-21T12:25:33.225043+00:00
[2024-09-21 12:25:33,235] {processor.py:161} INFO - Processing /home/airflow/.local/lib/python3.7/site-packages/airflow/example_dags/example_skip_dag.py took 0.062 seconds
[2024-09-21 12:26:03,461] {processor.py:153} INFO - Started process (PID=469) to work on /home/airflow/.local/lib/python3.7/site-packages/airflow/example_dags/example_skip_dag.py
[2024-09-21 12:26:03,462] {processor.py:641} INFO - Processing file /home/airflow/.local/lib/python3.7/site-packages/airflow/example_dags/example_skip_dag.py for tasks to queue
[2024-09-21 12:26:03,462] {logging_mixin.py:115} INFO - [2024-09-21 12:26:03,462] {dagbag.py:507} INFO - Filling up the DagBag from /home/airflow/.local/lib/python3.7/site-packages/airflow/example_dags/example_skip_dag.py
[2024-09-21 12:26:03,466] {processor.py:651} INFO - DAG(s) dict_keys(['example_skip_dag']) retrieved from /home/airflow/.local/lib/python3.7/site-packages/airflow/example_dags/example_skip_dag.py
[2024-09-21 12:26:03,491] {logging_mixin.py:115} INFO - [2024-09-21 12:26:03,491] {dag.py:2379} INFO - Sync 1 DAGs
[2024-09-21 12:26:03,514] {logging_mixin.py:115} INFO - [2024-09-21 12:26:03,514] {dag.py:2927} INFO - Setting next_dagrun for example_skip_dag to 2024-09-20T12:26:03.514110+00:00, run_after=2024-09-21T12:26:03.514110+00:00
[2024-09-21 12:26:03,525] {processor.py:161} INFO - Processing /home/airflow/.local/lib/python3.7/site-packages/airflow/example_dags/example_skip_dag.py took 0.066 seconds
[2024-09-21 12:26:33,624] {processor.py:153} INFO - Started process (PID=511) to work on /home/airflow/.local/lib/python3.7/site-packages/airflow/example_dags/example_skip_dag.py
[2024-09-21 12:26:33,624] {processor.py:641} INFO - Processing file /home/airflow/.local/lib/python3.7/site-packages/airflow/example_dags/example_skip_dag.py for tasks to queue
[2024-09-21 12:26:33,625] {logging_mixin.py:115} INFO - [2024-09-21 12:26:33,625] {dagbag.py:507} INFO - Filling up the DagBag from /home/airflow/.local/lib/python3.7/site-packages/airflow/example_dags/example_skip_dag.py
[2024-09-21 12:26:33,629] {processor.py:651} INFO - DAG(s) dict_keys(['example_skip_dag']) retrieved from /home/airflow/.local/lib/python3.7/site-packages/airflow/example_dags/example_skip_dag.py
[2024-09-21 12:26:33,657] {logging_mixin.py:115} INFO - [2024-09-21 12:26:33,656] {dag.py:2379} INFO - Sync 1 DAGs
[2024-09-21 12:26:33,678] {logging_mixin.py:115} INFO - [2024-09-21 12:26:33,678] {dag.py:2927} INFO - Setting next_dagrun for example_skip_dag to 2024-09-20T12:26:33.678480+00:00, run_after=2024-09-21T12:26:33.678480+00:00
[2024-09-21 12:26:33,690] {processor.py:161} INFO - Processing /home/airflow/.local/lib/python3.7/site-packages/airflow/example_dags/example_skip_dag.py took 0.068 seconds
[2024-09-21 12:27:04,005] {processor.py:153} INFO - Started process (PID=553) to work on /home/airflow/.local/lib/python3.7/site-packages/airflow/example_dags/example_skip_dag.py
[2024-09-21 12:27:04,007] {processor.py:641} INFO - Processing file /home/airflow/.local/lib/python3.7/site-packages/airflow/example_dags/example_skip_dag.py for tasks to queue
[2024-09-21 12:27:04,007] {logging_mixin.py:115} INFO - [2024-09-21 12:27:04,007] {dagbag.py:507} INFO - Filling up the DagBag from /home/airflow/.local/lib/python3.7/site-packages/airflow/example_dags/example_skip_dag.py
[2024-09-21 12:27:04,013] {processor.py:651} INFO - DAG(s) dict_keys(['example_skip_dag']) retrieved from /home/airflow/.local/lib/python3.7/site-packages/airflow/example_dags/example_skip_dag.py
[2024-09-21 12:27:04,043] {logging_mixin.py:115} INFO - [2024-09-21 12:27:04,043] {dag.py:2379} INFO - Sync 1 DAGs
[2024-09-21 12:27:04,066] {logging_mixin.py:115} INFO - [2024-09-21 12:27:04,066] {dag.py:2927} INFO - Setting next_dagrun for example_skip_dag to 2024-09-20T12:27:04.065851+00:00, run_after=2024-09-21T12:27:04.065851+00:00
[2024-09-21 12:27:04,078] {processor.py:161} INFO - Processing /home/airflow/.local/lib/python3.7/site-packages/airflow/example_dags/example_skip_dag.py took 0.077 seconds
[2024-09-21 12:27:34,343] {processor.py:153} INFO - Started process (PID=595) to work on /home/airflow/.local/lib/python3.7/site-packages/airflow/example_dags/example_skip_dag.py
[2024-09-21 12:27:34,344] {processor.py:641} INFO - Processing file /home/airflow/.local/lib/python3.7/site-packages/airflow/example_dags/example_skip_dag.py for tasks to queue
[2024-09-21 12:27:34,345] {logging_mixin.py:115} INFO - [2024-09-21 12:27:34,344] {dagbag.py:507} INFO - Filling up the DagBag from /home/airflow/.local/lib/python3.7/site-packages/airflow/example_dags/example_skip_dag.py
[2024-09-21 12:27:34,349] {processor.py:651} INFO - DAG(s) dict_keys(['example_skip_dag']) retrieved from /home/airflow/.local/lib/python3.7/site-packages/airflow/example_dags/example_skip_dag.py
[2024-09-21 12:27:34,374] {logging_mixin.py:115} INFO - [2024-09-21 12:27:34,374] {dag.py:2379} INFO - Sync 1 DAGs
[2024-09-21 12:27:34,395] {logging_mixin.py:115} INFO - [2024-09-21 12:27:34,395] {dag.py:2927} INFO - Setting next_dagrun for example_skip_dag to 2024-09-20T12:27:34.395246+00:00, run_after=2024-09-21T12:27:34.395246+00:00
[2024-09-21 12:27:34,414] {processor.py:161} INFO - Processing /home/airflow/.local/lib/python3.7/site-packages/airflow/example_dags/example_skip_dag.py took 0.073 seconds
[2024-09-21 12:28:04,452] {processor.py:153} INFO - Started process (PID=636) to work on /home/airflow/.local/lib/python3.7/site-packages/airflow/example_dags/example_skip_dag.py
[2024-09-21 12:28:04,453] {processor.py:641} INFO - Processing file /home/airflow/.local/lib/python3.7/site-packages/airflow/example_dags/example_skip_dag.py for tasks to queue
[2024-09-21 12:28:04,453] {logging_mixin.py:115} INFO - [2024-09-21 12:28:04,453] {dagbag.py:507} INFO - Filling up the DagBag from /home/airflow/.local/lib/python3.7/site-packages/airflow/example_dags/example_skip_dag.py
[2024-09-21 12:28:04,457] {processor.py:651} INFO - DAG(s) dict_keys(['example_skip_dag']) retrieved from /home/airflow/.local/lib/python3.7/site-packages/airflow/example_dags/example_skip_dag.py
[2024-09-21 12:28:04,485] {logging_mixin.py:115} INFO - [2024-09-21 12:28:04,485] {dag.py:2379} INFO - Sync 1 DAGs
[2024-09-21 12:28:04,506] {logging_mixin.py:115} INFO - [2024-09-21 12:28:04,506] {dag.py:2927} INFO - Setting next_dagrun for example_skip_dag to 2024-09-20T12:28:04.505986+00:00, run_after=2024-09-21T12:28:04.505986+00:00
[2024-09-21 12:28:04,524] {processor.py:161} INFO - Processing /home/airflow/.local/lib/python3.7/site-packages/airflow/example_dags/example_skip_dag.py took 0.074 seconds
[2024-09-21 12:28:34,600] {processor.py:153} INFO - Started process (PID=677) to work on /home/airflow/.local/lib/python3.7/site-packages/airflow/example_dags/example_skip_dag.py
[2024-09-21 12:28:34,601] {processor.py:641} INFO - Processing file /home/airflow/.local/lib/python3.7/site-packages/airflow/example_dags/example_skip_dag.py for tasks to queue
[2024-09-21 12:28:34,601] {logging_mixin.py:115} INFO - [2024-09-21 12:28:34,601] {dagbag.py:507} INFO - Filling up the DagBag from /home/airflow/.local/lib/python3.7/site-packages/airflow/example_dags/example_skip_dag.py
[2024-09-21 12:28:34,606] {processor.py:651} INFO - DAG(s) dict_keys(['example_skip_dag']) retrieved from /home/airflow/.local/lib/python3.7/site-packages/airflow/example_dags/example_skip_dag.py
[2024-09-21 12:28:34,631] {logging_mixin.py:115} INFO - [2024-09-21 12:28:34,631] {dag.py:2379} INFO - Sync 1 DAGs
[2024-09-21 12:28:34,654] {logging_mixin.py:115} INFO - [2024-09-21 12:28:34,654] {dag.py:2927} INFO - Setting next_dagrun for example_skip_dag to 2024-09-20T12:28:34.654155+00:00, run_after=2024-09-21T12:28:34.654155+00:00
[2024-09-21 12:28:34,665] {processor.py:161} INFO - Processing /home/airflow/.local/lib/python3.7/site-packages/airflow/example_dags/example_skip_dag.py took 0.068 seconds
[2024-09-21 12:29:04,710] {processor.py:153} INFO - Started process (PID=719) to work on /home/airflow/.local/lib/python3.7/site-packages/airflow/example_dags/example_skip_dag.py
[2024-09-21 12:29:04,710] {processor.py:641} INFO - Processing file /home/airflow/.local/lib/python3.7/site-packages/airflow/example_dags/example_skip_dag.py for tasks to queue
[2024-09-21 12:29:04,711] {logging_mixin.py:115} INFO - [2024-09-21 12:29:04,710] {dagbag.py:507} INFO - Filling up the DagBag from /home/airflow/.local/lib/python3.7/site-packages/airflow/example_dags/example_skip_dag.py
[2024-09-21 12:29:04,715] {processor.py:651} INFO - DAG(s) dict_keys(['example_skip_dag']) retrieved from /home/airflow/.local/lib/python3.7/site-packages/airflow/example_dags/example_skip_dag.py
[2024-09-21 12:29:04,739] {logging_mixin.py:115} INFO - [2024-09-21 12:29:04,739] {dag.py:2379} INFO - Sync 1 DAGs
[2024-09-21 12:29:04,759] {logging_mixin.py:115} INFO - [2024-09-21 12:29:04,759] {dag.py:2927} INFO - Setting next_dagrun for example_skip_dag to 2024-09-20T12:29:04.758813+00:00, run_after=2024-09-21T12:29:04.758813+00:00
[2024-09-21 12:29:04,775] {processor.py:161} INFO - Processing /home/airflow/.local/lib/python3.7/site-packages/airflow/example_dags/example_skip_dag.py took 0.069 seconds
[2024-09-21 12:29:34,976] {processor.py:153} INFO - Started process (PID=761) to work on /home/airflow/.local/lib/python3.7/site-packages/airflow/example_dags/example_skip_dag.py
[2024-09-21 12:29:34,977] {processor.py:641} INFO - Processing file /home/airflow/.local/lib/python3.7/site-packages/airflow/example_dags/example_skip_dag.py for tasks to queue
[2024-09-21 12:29:34,977] {logging_mixin.py:115} INFO - [2024-09-21 12:29:34,977] {dagbag.py:507} INFO - Filling up the DagBag from /home/airflow/.local/lib/python3.7/site-packages/airflow/example_dags/example_skip_dag.py
[2024-09-21 12:29:34,981] {processor.py:651} INFO - DAG(s) dict_keys(['example_skip_dag']) retrieved from /home/airflow/.local/lib/python3.7/site-packages/airflow/example_dags/example_skip_dag.py
[2024-09-21 12:29:35,004] {logging_mixin.py:115} INFO - [2024-09-21 12:29:35,004] {dag.py:2379} INFO - Sync 1 DAGs
[2024-09-21 12:29:35,024] {logging_mixin.py:115} INFO - [2024-09-21 12:29:35,024] {dag.py:2927} INFO - Setting next_dagrun for example_skip_dag to 2024-09-20T12:29:35.024487+00:00, run_after=2024-09-21T12:29:35.024487+00:00
[2024-09-21 12:29:35,036] {processor.py:161} INFO - Processing /home/airflow/.local/lib/python3.7/site-packages/airflow/example_dags/example_skip_dag.py took 0.062 seconds
[2024-09-21 12:30:05,950] {processor.py:153} INFO - Started process (PID=803) to work on /home/airflow/.local/lib/python3.7/site-packages/airflow/example_dags/example_skip_dag.py
[2024-09-21 12:30:05,951] {processor.py:641} INFO - Processing file /home/airflow/.local/lib/python3.7/site-packages/airflow/example_dags/example_skip_dag.py for tasks to queue
[2024-09-21 12:30:05,951] {logging_mixin.py:115} INFO - [2024-09-21 12:30:05,951] {dagbag.py:507} INFO - Filling up the DagBag from /home/airflow/.local/lib/python3.7/site-packages/airflow/example_dags/example_skip_dag.py
[2024-09-21 12:30:05,955] {processor.py:651} INFO - DAG(s) dict_keys(['example_skip_dag']) retrieved from /home/airflow/.local/lib/python3.7/site-packages/airflow/example_dags/example_skip_dag.py
[2024-09-21 12:30:05,977] {logging_mixin.py:115} INFO - [2024-09-21 12:30:05,977] {dag.py:2379} INFO - Sync 1 DAGs
[2024-09-21 12:30:05,998] {logging_mixin.py:115} INFO - [2024-09-21 12:30:05,998] {dag.py:2927} INFO - Setting next_dagrun for example_skip_dag to 2024-09-20T12:30:05.997852+00:00, run_after=2024-09-21T12:30:05.997852+00:00
[2024-09-21 12:30:06,008] {processor.py:161} INFO - Processing /home/airflow/.local/lib/python3.7/site-packages/airflow/example_dags/example_skip_dag.py took 0.059 seconds
[2024-09-21 12:30:36,928] {processor.py:153} INFO - Started process (PID=845) to work on /home/airflow/.local/lib/python3.7/site-packages/airflow/example_dags/example_skip_dag.py
[2024-09-21 12:30:36,929] {processor.py:641} INFO - Processing file /home/airflow/.local/lib/python3.7/site-packages/airflow/example_dags/example_skip_dag.py for tasks to queue
[2024-09-21 12:30:36,930] {logging_mixin.py:115} INFO - [2024-09-21 12:30:36,930] {dagbag.py:507} INFO - Filling up the DagBag from /home/airflow/.local/lib/python3.7/site-packages/airflow/example_dags/example_skip_dag.py
[2024-09-21 12:30:36,935] {processor.py:651} INFO - DAG(s) dict_keys(['example_skip_dag']) retrieved from /home/airflow/.local/lib/python3.7/site-packages/airflow/example_dags/example_skip_dag.py
[2024-09-21 12:30:36,966] {logging_mixin.py:115} INFO - [2024-09-21 12:30:36,966] {dag.py:2379} INFO - Sync 1 DAGs
[2024-09-21 12:30:36,987] {logging_mixin.py:115} INFO - [2024-09-21 12:30:36,987] {dag.py:2927} INFO - Setting next_dagrun for example_skip_dag to 2024-09-20T12:30:36.987222+00:00, run_after=2024-09-21T12:30:36.987222+00:00
[2024-09-21 12:30:36,998] {processor.py:161} INFO - Processing /home/airflow/.local/lib/python3.7/site-packages/airflow/example_dags/example_skip_dag.py took 0.073 seconds
[2024-09-21 12:35:10,407] {processor.py:153} INFO - Started process (PID=63) to work on /home/airflow/.local/lib/python3.7/site-packages/airflow/example_dags/example_skip_dag.py
[2024-09-21 12:35:10,413] {processor.py:641} INFO - Processing file /home/airflow/.local/lib/python3.7/site-packages/airflow/example_dags/example_skip_dag.py for tasks to queue
[2024-09-21 12:35:10,413] {logging_mixin.py:115} INFO - [2024-09-21 12:35:10,413] {dagbag.py:507} INFO - Filling up the DagBag from /home/airflow/.local/lib/python3.7/site-packages/airflow/example_dags/example_skip_dag.py
[2024-09-21 12:35:10,427] {processor.py:651} INFO - DAG(s) dict_keys(['example_skip_dag']) retrieved from /home/airflow/.local/lib/python3.7/site-packages/airflow/example_dags/example_skip_dag.py
[2024-09-21 12:35:10,523] {logging_mixin.py:115} INFO - [2024-09-21 12:35:10,523] {dag.py:2379} INFO - Sync 1 DAGs
[2024-09-21 12:35:10,595] {logging_mixin.py:115} INFO - [2024-09-21 12:35:10,594] {dag.py:2927} INFO - Setting next_dagrun for example_skip_dag to 2024-09-20T12:35:10.594519+00:00, run_after=2024-09-21T12:35:10.594519+00:00
[2024-09-21 12:35:10,640] {processor.py:161} INFO - Processing /home/airflow/.local/lib/python3.7/site-packages/airflow/example_dags/example_skip_dag.py took 0.242 seconds
[2024-09-21 12:35:41,373] {processor.py:153} INFO - Started process (PID=124) to work on /home/airflow/.local/lib/python3.7/site-packages/airflow/example_dags/example_skip_dag.py
[2024-09-21 12:35:41,374] {processor.py:641} INFO - Processing file /home/airflow/.local/lib/python3.7/site-packages/airflow/example_dags/example_skip_dag.py for tasks to queue
[2024-09-21 12:35:41,375] {logging_mixin.py:115} INFO - [2024-09-21 12:35:41,375] {dagbag.py:507} INFO - Filling up the DagBag from /home/airflow/.local/lib/python3.7/site-packages/airflow/example_dags/example_skip_dag.py
[2024-09-21 12:35:41,383] {processor.py:651} INFO - DAG(s) dict_keys(['example_skip_dag']) retrieved from /home/airflow/.local/lib/python3.7/site-packages/airflow/example_dags/example_skip_dag.py
[2024-09-21 12:35:41,421] {logging_mixin.py:115} INFO - [2024-09-21 12:35:41,421] {dag.py:2379} INFO - Sync 1 DAGs
[2024-09-21 12:35:41,453] {logging_mixin.py:115} INFO - [2024-09-21 12:35:41,452] {dag.py:2927} INFO - Setting next_dagrun for example_skip_dag to 2024-09-20T12:35:41.452491+00:00, run_after=2024-09-21T12:35:41.452491+00:00
[2024-09-21 12:35:41,469] {processor.py:161} INFO - Processing /home/airflow/.local/lib/python3.7/site-packages/airflow/example_dags/example_skip_dag.py took 0.101 seconds
[2024-09-21 12:36:11,705] {processor.py:153} INFO - Started process (PID=166) to work on /home/airflow/.local/lib/python3.7/site-packages/airflow/example_dags/example_skip_dag.py
[2024-09-21 12:36:11,706] {processor.py:641} INFO - Processing file /home/airflow/.local/lib/python3.7/site-packages/airflow/example_dags/example_skip_dag.py for tasks to queue
[2024-09-21 12:36:11,707] {logging_mixin.py:115} INFO - [2024-09-21 12:36:11,707] {dagbag.py:507} INFO - Filling up the DagBag from /home/airflow/.local/lib/python3.7/site-packages/airflow/example_dags/example_skip_dag.py
[2024-09-21 12:36:11,716] {processor.py:651} INFO - DAG(s) dict_keys(['example_skip_dag']) retrieved from /home/airflow/.local/lib/python3.7/site-packages/airflow/example_dags/example_skip_dag.py
[2024-09-21 12:36:11,751] {logging_mixin.py:115} INFO - [2024-09-21 12:36:11,751] {dag.py:2379} INFO - Sync 1 DAGs
[2024-09-21 12:36:11,778] {logging_mixin.py:115} INFO - [2024-09-21 12:36:11,778] {dag.py:2927} INFO - Setting next_dagrun for example_skip_dag to 2024-09-20T12:36:11.777980+00:00, run_after=2024-09-21T12:36:11.777980+00:00
[2024-09-21 12:36:11,791] {processor.py:161} INFO - Processing /home/airflow/.local/lib/python3.7/site-packages/airflow/example_dags/example_skip_dag.py took 0.090 seconds
[2024-09-21 12:36:42,058] {processor.py:153} INFO - Started process (PID=208) to work on /home/airflow/.local/lib/python3.7/site-packages/airflow/example_dags/example_skip_dag.py
[2024-09-21 12:36:42,059] {processor.py:641} INFO - Processing file /home/airflow/.local/lib/python3.7/site-packages/airflow/example_dags/example_skip_dag.py for tasks to queue
[2024-09-21 12:36:42,059] {logging_mixin.py:115} INFO - [2024-09-21 12:36:42,059] {dagbag.py:507} INFO - Filling up the DagBag from /home/airflow/.local/lib/python3.7/site-packages/airflow/example_dags/example_skip_dag.py
[2024-09-21 12:36:42,064] {processor.py:651} INFO - DAG(s) dict_keys(['example_skip_dag']) retrieved from /home/airflow/.local/lib/python3.7/site-packages/airflow/example_dags/example_skip_dag.py
[2024-09-21 12:36:42,095] {logging_mixin.py:115} INFO - [2024-09-21 12:36:42,095] {dag.py:2379} INFO - Sync 1 DAGs
[2024-09-21 12:36:42,122] {logging_mixin.py:115} INFO - [2024-09-21 12:36:42,122] {dag.py:2927} INFO - Setting next_dagrun for example_skip_dag to 2024-09-20T12:36:42.122170+00:00, run_after=2024-09-21T12:36:42.122170+00:00
[2024-09-21 12:36:42,136] {processor.py:161} INFO - Processing /home/airflow/.local/lib/python3.7/site-packages/airflow/example_dags/example_skip_dag.py took 0.081 seconds
[2024-09-21 12:37:13,054] {processor.py:153} INFO - Started process (PID=255) to work on /home/airflow/.local/lib/python3.7/site-packages/airflow/example_dags/example_skip_dag.py
[2024-09-21 12:37:13,056] {processor.py:641} INFO - Processing file /home/airflow/.local/lib/python3.7/site-packages/airflow/example_dags/example_skip_dag.py for tasks to queue
[2024-09-21 12:37:13,057] {logging_mixin.py:115} INFO - [2024-09-21 12:37:13,056] {dagbag.py:507} INFO - Filling up the DagBag from /home/airflow/.local/lib/python3.7/site-packages/airflow/example_dags/example_skip_dag.py
[2024-09-21 12:37:13,064] {processor.py:651} INFO - DAG(s) dict_keys(['example_skip_dag']) retrieved from /home/airflow/.local/lib/python3.7/site-packages/airflow/example_dags/example_skip_dag.py
[2024-09-21 12:37:13,098] {logging_mixin.py:115} INFO - [2024-09-21 12:37:13,098] {dag.py:2379} INFO - Sync 1 DAGs
[2024-09-21 12:37:13,128] {logging_mixin.py:115} INFO - [2024-09-21 12:37:13,128] {dag.py:2927} INFO - Setting next_dagrun for example_skip_dag to 2024-09-20T12:37:13.127828+00:00, run_after=2024-09-21T12:37:13.127828+00:00
[2024-09-21 12:37:13,145] {processor.py:161} INFO - Processing /home/airflow/.local/lib/python3.7/site-packages/airflow/example_dags/example_skip_dag.py took 0.094 seconds
[2024-09-21 20:17:47,462] {processor.py:153} INFO - Started process (PID=73) to work on /home/airflow/.local/lib/python3.7/site-packages/airflow/example_dags/example_skip_dag.py
[2024-09-21 20:17:47,465] {processor.py:641} INFO - Processing file /home/airflow/.local/lib/python3.7/site-packages/airflow/example_dags/example_skip_dag.py for tasks to queue
[2024-09-21 20:17:47,466] {logging_mixin.py:115} INFO - [2024-09-21 20:17:47,466] {dagbag.py:507} INFO - Filling up the DagBag from /home/airflow/.local/lib/python3.7/site-packages/airflow/example_dags/example_skip_dag.py
[2024-09-21 20:17:47,481] {processor.py:651} INFO - DAG(s) dict_keys(['example_skip_dag']) retrieved from /home/airflow/.local/lib/python3.7/site-packages/airflow/example_dags/example_skip_dag.py
[2024-09-21 20:17:47,570] {logging_mixin.py:115} INFO - [2024-09-21 20:17:47,570] {dag.py:2379} INFO - Sync 1 DAGs
[2024-09-21 20:17:47,634] {logging_mixin.py:115} INFO - [2024-09-21 20:17:47,634] {dag.py:2927} INFO - Setting next_dagrun for example_skip_dag to 2024-09-20T20:17:47.631598+00:00, run_after=2024-09-21T20:17:47.631598+00:00
[2024-09-21 20:17:47,685] {processor.py:161} INFO - Processing /home/airflow/.local/lib/python3.7/site-packages/airflow/example_dags/example_skip_dag.py took 0.248 seconds
[2024-09-21 20:18:18,651] {processor.py:153} INFO - Started process (PID=151) to work on /home/airflow/.local/lib/python3.7/site-packages/airflow/example_dags/example_skip_dag.py
[2024-09-21 20:18:18,653] {processor.py:641} INFO - Processing file /home/airflow/.local/lib/python3.7/site-packages/airflow/example_dags/example_skip_dag.py for tasks to queue
[2024-09-21 20:18:18,654] {logging_mixin.py:115} INFO - [2024-09-21 20:18:18,654] {dagbag.py:507} INFO - Filling up the DagBag from /home/airflow/.local/lib/python3.7/site-packages/airflow/example_dags/example_skip_dag.py
[2024-09-21 20:18:18,661] {processor.py:651} INFO - DAG(s) dict_keys(['example_skip_dag']) retrieved from /home/airflow/.local/lib/python3.7/site-packages/airflow/example_dags/example_skip_dag.py
[2024-09-21 20:18:18,696] {logging_mixin.py:115} INFO - [2024-09-21 20:18:18,696] {dag.py:2379} INFO - Sync 1 DAGs
[2024-09-21 20:18:18,727] {logging_mixin.py:115} INFO - [2024-09-21 20:18:18,727] {dag.py:2927} INFO - Setting next_dagrun for example_skip_dag to 2024-09-20T20:18:18.727072+00:00, run_after=2024-09-21T20:18:18.727072+00:00
[2024-09-21 20:18:18,741] {processor.py:161} INFO - Processing /home/airflow/.local/lib/python3.7/site-packages/airflow/example_dags/example_skip_dag.py took 0.095 seconds
[2024-09-21 20:18:48,818] {processor.py:153} INFO - Started process (PID=191) to work on /home/airflow/.local/lib/python3.7/site-packages/airflow/example_dags/example_skip_dag.py
[2024-09-21 20:18:48,818] {processor.py:641} INFO - Processing file /home/airflow/.local/lib/python3.7/site-packages/airflow/example_dags/example_skip_dag.py for tasks to queue
[2024-09-21 20:18:48,819] {logging_mixin.py:115} INFO - [2024-09-21 20:18:48,819] {dagbag.py:507} INFO - Filling up the DagBag from /home/airflow/.local/lib/python3.7/site-packages/airflow/example_dags/example_skip_dag.py
[2024-09-21 20:18:48,825] {processor.py:651} INFO - DAG(s) dict_keys(['example_skip_dag']) retrieved from /home/airflow/.local/lib/python3.7/site-packages/airflow/example_dags/example_skip_dag.py
[2024-09-21 20:18:48,858] {logging_mixin.py:115} INFO - [2024-09-21 20:18:48,858] {dag.py:2379} INFO - Sync 1 DAGs
[2024-09-21 20:18:48,889] {logging_mixin.py:115} INFO - [2024-09-21 20:18:48,889] {dag.py:2927} INFO - Setting next_dagrun for example_skip_dag to 2024-09-20T20:18:48.888703+00:00, run_after=2024-09-21T20:18:48.888703+00:00
[2024-09-21 20:18:48,903] {processor.py:161} INFO - Processing /home/airflow/.local/lib/python3.7/site-packages/airflow/example_dags/example_skip_dag.py took 0.089 seconds
[2024-09-21 20:19:19,084] {processor.py:153} INFO - Started process (PID=233) to work on /home/airflow/.local/lib/python3.7/site-packages/airflow/example_dags/example_skip_dag.py
[2024-09-21 20:19:19,086] {processor.py:641} INFO - Processing file /home/airflow/.local/lib/python3.7/site-packages/airflow/example_dags/example_skip_dag.py for tasks to queue
[2024-09-21 20:19:19,087] {logging_mixin.py:115} INFO - [2024-09-21 20:19:19,086] {dagbag.py:507} INFO - Filling up the DagBag from /home/airflow/.local/lib/python3.7/site-packages/airflow/example_dags/example_skip_dag.py
[2024-09-21 20:19:19,093] {processor.py:651} INFO - DAG(s) dict_keys(['example_skip_dag']) retrieved from /home/airflow/.local/lib/python3.7/site-packages/airflow/example_dags/example_skip_dag.py
[2024-09-21 20:19:19,122] {logging_mixin.py:115} INFO - [2024-09-21 20:19:19,122] {dag.py:2379} INFO - Sync 1 DAGs
[2024-09-21 20:19:19,144] {logging_mixin.py:115} INFO - [2024-09-21 20:19:19,144] {dag.py:2927} INFO - Setting next_dagrun for example_skip_dag to 2024-09-20T20:19:19.144605+00:00, run_after=2024-09-21T20:19:19.144605+00:00
[2024-09-21 20:19:19,157] {processor.py:161} INFO - Processing /home/airflow/.local/lib/python3.7/site-packages/airflow/example_dags/example_skip_dag.py took 0.077 seconds
[2024-09-21 22:29:10,718] {processor.py:153} INFO - Started process (PID=78) to work on /home/airflow/.local/lib/python3.7/site-packages/airflow/example_dags/example_skip_dag.py
[2024-09-21 22:29:10,726] {processor.py:641} INFO - Processing file /home/airflow/.local/lib/python3.7/site-packages/airflow/example_dags/example_skip_dag.py for tasks to queue
[2024-09-21 22:29:10,728] {logging_mixin.py:115} INFO - [2024-09-21 22:29:10,728] {dagbag.py:507} INFO - Filling up the DagBag from /home/airflow/.local/lib/python3.7/site-packages/airflow/example_dags/example_skip_dag.py
[2024-09-21 22:29:10,771] {processor.py:651} INFO - DAG(s) dict_keys(['example_skip_dag']) retrieved from /home/airflow/.local/lib/python3.7/site-packages/airflow/example_dags/example_skip_dag.py
[2024-09-21 22:29:10,929] {logging_mixin.py:115} INFO - [2024-09-21 22:29:10,928] {dag.py:2379} INFO - Sync 1 DAGs
[2024-09-21 22:29:11,041] {logging_mixin.py:115} INFO - [2024-09-21 22:29:11,041] {dag.py:2927} INFO - Setting next_dagrun for example_skip_dag to 2024-09-20T22:29:11.040635+00:00, run_after=2024-09-21T22:29:11.040635+00:00
[2024-09-21 22:29:11,135] {processor.py:161} INFO - Processing /home/airflow/.local/lib/python3.7/site-packages/airflow/example_dags/example_skip_dag.py took 0.432 seconds
