[2024-09-21 12:04:55,151] {processor.py:153} INFO - Started process (PID=82) to work on /home/airflow/.local/lib/python3.7/site-packages/airflow/example_dags/example_branch_python_dop_operator_3.py
[2024-09-21 12:04:55,151] {processor.py:641} INFO - Processing file /home/airflow/.local/lib/python3.7/site-packages/airflow/example_dags/example_branch_python_dop_operator_3.py for tasks to queue
[2024-09-21 12:04:55,152] {logging_mixin.py:115} INFO - [2024-09-21 12:04:55,152] {dagbag.py:507} INFO - Filling up the DagBag from /home/airflow/.local/lib/python3.7/site-packages/airflow/example_dags/example_branch_python_dop_operator_3.py
[2024-09-21 12:04:55,167] {processor.py:651} INFO - DAG(s) dict_keys(['example_branch_dop_operator_v3']) retrieved from /home/airflow/.local/lib/python3.7/site-packages/airflow/example_dags/example_branch_python_dop_operator_3.py
[2024-09-21 12:04:55,260] {logging_mixin.py:115} INFO - [2024-09-21 12:04:55,260] {dag.py:2379} INFO - Sync 1 DAGs
[2024-09-21 12:04:55,418] {logging_mixin.py:115} INFO - [2024-09-21 12:04:55,411] {dag.py:2927} INFO - Setting next_dagrun for example_branch_dop_operator_v3 to 2024-09-21T12:03:00+00:00, run_after=2024-09-21T12:04:00+00:00
[2024-09-21 12:04:55,483] {processor.py:161} INFO - Processing /home/airflow/.local/lib/python3.7/site-packages/airflow/example_dags/example_branch_python_dop_operator_3.py took 0.337 seconds
[2024-09-21 12:05:26,383] {processor.py:153} INFO - Started process (PID=137) to work on /home/airflow/.local/lib/python3.7/site-packages/airflow/example_dags/example_branch_python_dop_operator_3.py
[2024-09-21 12:05:26,384] {processor.py:641} INFO - Processing file /home/airflow/.local/lib/python3.7/site-packages/airflow/example_dags/example_branch_python_dop_operator_3.py for tasks to queue
[2024-09-21 12:05:26,385] {logging_mixin.py:115} INFO - [2024-09-21 12:05:26,385] {dagbag.py:507} INFO - Filling up the DagBag from /home/airflow/.local/lib/python3.7/site-packages/airflow/example_dags/example_branch_python_dop_operator_3.py
[2024-09-21 12:05:26,399] {processor.py:651} INFO - DAG(s) dict_keys(['example_branch_dop_operator_v3']) retrieved from /home/airflow/.local/lib/python3.7/site-packages/airflow/example_dags/example_branch_python_dop_operator_3.py
[2024-09-21 12:05:26,436] {logging_mixin.py:115} INFO - [2024-09-21 12:05:26,436] {dag.py:2379} INFO - Sync 1 DAGs
[2024-09-21 12:05:26,477] {logging_mixin.py:115} INFO - [2024-09-21 12:05:26,477] {dag.py:2927} INFO - Setting next_dagrun for example_branch_dop_operator_v3 to 2024-09-21T12:04:00+00:00, run_after=2024-09-21T12:05:00+00:00
[2024-09-21 12:05:26,499] {processor.py:161} INFO - Processing /home/airflow/.local/lib/python3.7/site-packages/airflow/example_dags/example_branch_python_dop_operator_3.py took 0.120 seconds
[2024-09-21 12:05:57,278] {processor.py:153} INFO - Started process (PID=179) to work on /home/airflow/.local/lib/python3.7/site-packages/airflow/example_dags/example_branch_python_dop_operator_3.py
[2024-09-21 12:05:57,279] {processor.py:641} INFO - Processing file /home/airflow/.local/lib/python3.7/site-packages/airflow/example_dags/example_branch_python_dop_operator_3.py for tasks to queue
[2024-09-21 12:05:57,279] {logging_mixin.py:115} INFO - [2024-09-21 12:05:57,279] {dagbag.py:507} INFO - Filling up the DagBag from /home/airflow/.local/lib/python3.7/site-packages/airflow/example_dags/example_branch_python_dop_operator_3.py
[2024-09-21 12:05:57,289] {processor.py:651} INFO - DAG(s) dict_keys(['example_branch_dop_operator_v3']) retrieved from /home/airflow/.local/lib/python3.7/site-packages/airflow/example_dags/example_branch_python_dop_operator_3.py
[2024-09-21 12:05:57,315] {logging_mixin.py:115} INFO - [2024-09-21 12:05:57,315] {dag.py:2379} INFO - Sync 1 DAGs
[2024-09-21 12:05:57,341] {logging_mixin.py:115} INFO - [2024-09-21 12:05:57,341] {dag.py:2927} INFO - Setting next_dagrun for example_branch_dop_operator_v3 to 2024-09-21T12:04:00+00:00, run_after=2024-09-21T12:05:00+00:00
[2024-09-21 12:05:57,352] {processor.py:161} INFO - Processing /home/airflow/.local/lib/python3.7/site-packages/airflow/example_dags/example_branch_python_dop_operator_3.py took 0.077 seconds
[2024-09-21 12:06:27,393] {processor.py:153} INFO - Started process (PID=219) to work on /home/airflow/.local/lib/python3.7/site-packages/airflow/example_dags/example_branch_python_dop_operator_3.py
[2024-09-21 12:06:27,396] {processor.py:641} INFO - Processing file /home/airflow/.local/lib/python3.7/site-packages/airflow/example_dags/example_branch_python_dop_operator_3.py for tasks to queue
[2024-09-21 12:06:27,397] {logging_mixin.py:115} INFO - [2024-09-21 12:06:27,397] {dagbag.py:507} INFO - Filling up the DagBag from /home/airflow/.local/lib/python3.7/site-packages/airflow/example_dags/example_branch_python_dop_operator_3.py
[2024-09-21 12:06:27,406] {processor.py:651} INFO - DAG(s) dict_keys(['example_branch_dop_operator_v3']) retrieved from /home/airflow/.local/lib/python3.7/site-packages/airflow/example_dags/example_branch_python_dop_operator_3.py
[2024-09-21 12:06:27,432] {logging_mixin.py:115} INFO - [2024-09-21 12:06:27,432] {dag.py:2379} INFO - Sync 1 DAGs
[2024-09-21 12:06:27,457] {logging_mixin.py:115} INFO - [2024-09-21 12:06:27,457] {dag.py:2927} INFO - Setting next_dagrun for example_branch_dop_operator_v3 to 2024-09-21T12:05:00+00:00, run_after=2024-09-21T12:06:00+00:00
[2024-09-21 12:06:27,468] {processor.py:161} INFO - Processing /home/airflow/.local/lib/python3.7/site-packages/airflow/example_dags/example_branch_python_dop_operator_3.py took 0.078 seconds
[2024-09-21 12:06:58,373] {processor.py:153} INFO - Started process (PID=268) to work on /home/airflow/.local/lib/python3.7/site-packages/airflow/example_dags/example_branch_python_dop_operator_3.py
[2024-09-21 12:06:58,373] {processor.py:641} INFO - Processing file /home/airflow/.local/lib/python3.7/site-packages/airflow/example_dags/example_branch_python_dop_operator_3.py for tasks to queue
[2024-09-21 12:06:58,374] {logging_mixin.py:115} INFO - [2024-09-21 12:06:58,374] {dagbag.py:507} INFO - Filling up the DagBag from /home/airflow/.local/lib/python3.7/site-packages/airflow/example_dags/example_branch_python_dop_operator_3.py
[2024-09-21 12:06:58,384] {processor.py:651} INFO - DAG(s) dict_keys(['example_branch_dop_operator_v3']) retrieved from /home/airflow/.local/lib/python3.7/site-packages/airflow/example_dags/example_branch_python_dop_operator_3.py
[2024-09-21 12:06:58,414] {logging_mixin.py:115} INFO - [2024-09-21 12:06:58,414] {dag.py:2379} INFO - Sync 1 DAGs
[2024-09-21 12:06:58,446] {logging_mixin.py:115} INFO - [2024-09-21 12:06:58,446] {dag.py:2927} INFO - Setting next_dagrun for example_branch_dop_operator_v3 to 2024-09-21T12:05:00+00:00, run_after=2024-09-21T12:06:00+00:00
[2024-09-21 12:06:58,458] {processor.py:161} INFO - Processing /home/airflow/.local/lib/python3.7/site-packages/airflow/example_dags/example_branch_python_dop_operator_3.py took 0.089 seconds
[2024-09-21 12:07:29,053] {processor.py:153} INFO - Started process (PID=310) to work on /home/airflow/.local/lib/python3.7/site-packages/airflow/example_dags/example_branch_python_dop_operator_3.py
[2024-09-21 12:07:29,054] {processor.py:641} INFO - Processing file /home/airflow/.local/lib/python3.7/site-packages/airflow/example_dags/example_branch_python_dop_operator_3.py for tasks to queue
[2024-09-21 12:07:29,055] {logging_mixin.py:115} INFO - [2024-09-21 12:07:29,054] {dagbag.py:507} INFO - Filling up the DagBag from /home/airflow/.local/lib/python3.7/site-packages/airflow/example_dags/example_branch_python_dop_operator_3.py
[2024-09-21 12:07:29,066] {processor.py:651} INFO - DAG(s) dict_keys(['example_branch_dop_operator_v3']) retrieved from /home/airflow/.local/lib/python3.7/site-packages/airflow/example_dags/example_branch_python_dop_operator_3.py
[2024-09-21 12:07:29,096] {logging_mixin.py:115} INFO - [2024-09-21 12:07:29,095] {dag.py:2379} INFO - Sync 1 DAGs
[2024-09-21 12:07:29,119] {logging_mixin.py:115} INFO - [2024-09-21 12:07:29,119] {dag.py:2927} INFO - Setting next_dagrun for example_branch_dop_operator_v3 to 2024-09-21T12:06:00+00:00, run_after=2024-09-21T12:07:00+00:00
[2024-09-21 12:07:29,130] {processor.py:161} INFO - Processing /home/airflow/.local/lib/python3.7/site-packages/airflow/example_dags/example_branch_python_dop_operator_3.py took 0.081 seconds
[2024-09-21 12:07:59,561] {processor.py:153} INFO - Started process (PID=351) to work on /home/airflow/.local/lib/python3.7/site-packages/airflow/example_dags/example_branch_python_dop_operator_3.py
[2024-09-21 12:07:59,562] {processor.py:641} INFO - Processing file /home/airflow/.local/lib/python3.7/site-packages/airflow/example_dags/example_branch_python_dop_operator_3.py for tasks to queue
[2024-09-21 12:07:59,562] {logging_mixin.py:115} INFO - [2024-09-21 12:07:59,562] {dagbag.py:507} INFO - Filling up the DagBag from /home/airflow/.local/lib/python3.7/site-packages/airflow/example_dags/example_branch_python_dop_operator_3.py
[2024-09-21 12:07:59,572] {processor.py:651} INFO - DAG(s) dict_keys(['example_branch_dop_operator_v3']) retrieved from /home/airflow/.local/lib/python3.7/site-packages/airflow/example_dags/example_branch_python_dop_operator_3.py
[2024-09-21 12:07:59,599] {logging_mixin.py:115} INFO - [2024-09-21 12:07:59,599] {dag.py:2379} INFO - Sync 1 DAGs
[2024-09-21 12:07:59,623] {logging_mixin.py:115} INFO - [2024-09-21 12:07:59,622] {dag.py:2927} INFO - Setting next_dagrun for example_branch_dop_operator_v3 to 2024-09-21T12:06:00+00:00, run_after=2024-09-21T12:07:00+00:00
[2024-09-21 12:07:59,633] {processor.py:161} INFO - Processing /home/airflow/.local/lib/python3.7/site-packages/airflow/example_dags/example_branch_python_dop_operator_3.py took 0.074 seconds
[2024-09-21 12:08:29,693] {processor.py:153} INFO - Started process (PID=391) to work on /home/airflow/.local/lib/python3.7/site-packages/airflow/example_dags/example_branch_python_dop_operator_3.py
[2024-09-21 12:08:29,694] {processor.py:641} INFO - Processing file /home/airflow/.local/lib/python3.7/site-packages/airflow/example_dags/example_branch_python_dop_operator_3.py for tasks to queue
[2024-09-21 12:08:29,694] {logging_mixin.py:115} INFO - [2024-09-21 12:08:29,694] {dagbag.py:507} INFO - Filling up the DagBag from /home/airflow/.local/lib/python3.7/site-packages/airflow/example_dags/example_branch_python_dop_operator_3.py
[2024-09-21 12:08:29,702] {processor.py:651} INFO - DAG(s) dict_keys(['example_branch_dop_operator_v3']) retrieved from /home/airflow/.local/lib/python3.7/site-packages/airflow/example_dags/example_branch_python_dop_operator_3.py
[2024-09-21 12:08:29,725] {logging_mixin.py:115} INFO - [2024-09-21 12:08:29,725] {dag.py:2379} INFO - Sync 1 DAGs
[2024-09-21 12:08:29,750] {logging_mixin.py:115} INFO - [2024-09-21 12:08:29,750] {dag.py:2927} INFO - Setting next_dagrun for example_branch_dop_operator_v3 to 2024-09-21T12:07:00+00:00, run_after=2024-09-21T12:08:00+00:00
[2024-09-21 12:08:29,760] {processor.py:161} INFO - Processing /home/airflow/.local/lib/python3.7/site-packages/airflow/example_dags/example_branch_python_dop_operator_3.py took 0.072 seconds
[2024-09-21 12:08:59,873] {processor.py:153} INFO - Started process (PID=433) to work on /home/airflow/.local/lib/python3.7/site-packages/airflow/example_dags/example_branch_python_dop_operator_3.py
[2024-09-21 12:08:59,874] {processor.py:641} INFO - Processing file /home/airflow/.local/lib/python3.7/site-packages/airflow/example_dags/example_branch_python_dop_operator_3.py for tasks to queue
[2024-09-21 12:08:59,875] {logging_mixin.py:115} INFO - [2024-09-21 12:08:59,875] {dagbag.py:507} INFO - Filling up the DagBag from /home/airflow/.local/lib/python3.7/site-packages/airflow/example_dags/example_branch_python_dop_operator_3.py
[2024-09-21 12:08:59,888] {processor.py:651} INFO - DAG(s) dict_keys(['example_branch_dop_operator_v3']) retrieved from /home/airflow/.local/lib/python3.7/site-packages/airflow/example_dags/example_branch_python_dop_operator_3.py
[2024-09-21 12:08:59,922] {logging_mixin.py:115} INFO - [2024-09-21 12:08:59,922] {dag.py:2379} INFO - Sync 1 DAGs
[2024-09-21 12:08:59,958] {logging_mixin.py:115} INFO - [2024-09-21 12:08:59,958] {dag.py:2927} INFO - Setting next_dagrun for example_branch_dop_operator_v3 to 2024-09-21T12:07:00+00:00, run_after=2024-09-21T12:08:00+00:00
[2024-09-21 12:08:59,977] {processor.py:161} INFO - Processing /home/airflow/.local/lib/python3.7/site-packages/airflow/example_dags/example_branch_python_dop_operator_3.py took 0.109 seconds
[2024-09-21 12:09:31,166] {processor.py:153} INFO - Started process (PID=476) to work on /home/airflow/.local/lib/python3.7/site-packages/airflow/example_dags/example_branch_python_dop_operator_3.py
[2024-09-21 12:09:31,167] {processor.py:641} INFO - Processing file /home/airflow/.local/lib/python3.7/site-packages/airflow/example_dags/example_branch_python_dop_operator_3.py for tasks to queue
[2024-09-21 12:09:31,168] {logging_mixin.py:115} INFO - [2024-09-21 12:09:31,167] {dagbag.py:507} INFO - Filling up the DagBag from /home/airflow/.local/lib/python3.7/site-packages/airflow/example_dags/example_branch_python_dop_operator_3.py
[2024-09-21 12:09:31,191] {processor.py:651} INFO - DAG(s) dict_keys(['example_branch_dop_operator_v3']) retrieved from /home/airflow/.local/lib/python3.7/site-packages/airflow/example_dags/example_branch_python_dop_operator_3.py
[2024-09-21 12:09:31,233] {logging_mixin.py:115} INFO - [2024-09-21 12:09:31,233] {dag.py:2379} INFO - Sync 1 DAGs
[2024-09-21 12:09:31,297] {logging_mixin.py:115} INFO - [2024-09-21 12:09:31,297] {dag.py:2927} INFO - Setting next_dagrun for example_branch_dop_operator_v3 to 2024-09-21T12:08:00+00:00, run_after=2024-09-21T12:09:00+00:00
[2024-09-21 12:09:31,318] {processor.py:161} INFO - Processing /home/airflow/.local/lib/python3.7/site-packages/airflow/example_dags/example_branch_python_dop_operator_3.py took 0.155 seconds
[2024-09-21 12:10:43,374] {processor.py:153} INFO - Started process (PID=524) to work on /home/airflow/.local/lib/python3.7/site-packages/airflow/example_dags/example_branch_python_dop_operator_3.py
[2024-09-21 12:10:43,375] {processor.py:641} INFO - Processing file /home/airflow/.local/lib/python3.7/site-packages/airflow/example_dags/example_branch_python_dop_operator_3.py for tasks to queue
[2024-09-21 12:10:43,375] {logging_mixin.py:115} INFO - [2024-09-21 12:10:43,375] {dagbag.py:507} INFO - Filling up the DagBag from /home/airflow/.local/lib/python3.7/site-packages/airflow/example_dags/example_branch_python_dop_operator_3.py
[2024-09-21 12:10:43,387] {processor.py:651} INFO - DAG(s) dict_keys(['example_branch_dop_operator_v3']) retrieved from /home/airflow/.local/lib/python3.7/site-packages/airflow/example_dags/example_branch_python_dop_operator_3.py
[2024-09-21 12:10:43,415] {logging_mixin.py:115} INFO - [2024-09-21 12:10:43,415] {dag.py:2379} INFO - Sync 1 DAGs
[2024-09-21 12:10:43,449] {logging_mixin.py:115} INFO - [2024-09-21 12:10:43,448] {dag.py:2927} INFO - Setting next_dagrun for example_branch_dop_operator_v3 to 2024-09-21T12:09:00+00:00, run_after=2024-09-21T12:10:00+00:00
[2024-09-21 12:10:43,463] {processor.py:161} INFO - Processing /home/airflow/.local/lib/python3.7/site-packages/airflow/example_dags/example_branch_python_dop_operator_3.py took 0.093 seconds
[2024-09-21 12:21:30,428] {processor.py:153} INFO - Started process (PID=76) to work on /home/airflow/.local/lib/python3.7/site-packages/airflow/example_dags/example_branch_python_dop_operator_3.py
[2024-09-21 12:21:30,437] {processor.py:641} INFO - Processing file /home/airflow/.local/lib/python3.7/site-packages/airflow/example_dags/example_branch_python_dop_operator_3.py for tasks to queue
[2024-09-21 12:21:30,438] {logging_mixin.py:115} INFO - [2024-09-21 12:21:30,438] {dagbag.py:507} INFO - Filling up the DagBag from /home/airflow/.local/lib/python3.7/site-packages/airflow/example_dags/example_branch_python_dop_operator_3.py
[2024-09-21 12:21:30,486] {processor.py:651} INFO - DAG(s) dict_keys(['example_branch_dop_operator_v3']) retrieved from /home/airflow/.local/lib/python3.7/site-packages/airflow/example_dags/example_branch_python_dop_operator_3.py
[2024-09-21 12:21:30,613] {logging_mixin.py:115} INFO - [2024-09-21 12:21:30,613] {dag.py:2379} INFO - Sync 1 DAGs
[2024-09-21 12:21:30,693] {logging_mixin.py:115} INFO - [2024-09-21 12:21:30,692] {dag.py:2927} INFO - Setting next_dagrun for example_branch_dop_operator_v3 to 2024-09-21T12:20:00+00:00, run_after=2024-09-21T12:21:00+00:00
[2024-09-21 12:21:30,733] {processor.py:161} INFO - Processing /home/airflow/.local/lib/python3.7/site-packages/airflow/example_dags/example_branch_python_dop_operator_3.py took 0.319 seconds
[2024-09-21 12:22:01,135] {processor.py:153} INFO - Started process (PID=131) to work on /home/airflow/.local/lib/python3.7/site-packages/airflow/example_dags/example_branch_python_dop_operator_3.py
[2024-09-21 12:22:01,139] {processor.py:641} INFO - Processing file /home/airflow/.local/lib/python3.7/site-packages/airflow/example_dags/example_branch_python_dop_operator_3.py for tasks to queue
[2024-09-21 12:22:01,139] {logging_mixin.py:115} INFO - [2024-09-21 12:22:01,139] {dagbag.py:507} INFO - Filling up the DagBag from /home/airflow/.local/lib/python3.7/site-packages/airflow/example_dags/example_branch_python_dop_operator_3.py
[2024-09-21 12:22:01,147] {processor.py:651} INFO - DAG(s) dict_keys(['example_branch_dop_operator_v3']) retrieved from /home/airflow/.local/lib/python3.7/site-packages/airflow/example_dags/example_branch_python_dop_operator_3.py
[2024-09-21 12:22:01,172] {logging_mixin.py:115} INFO - [2024-09-21 12:22:01,171] {dag.py:2379} INFO - Sync 1 DAGs
[2024-09-21 12:22:01,201] {logging_mixin.py:115} INFO - [2024-09-21 12:22:01,200] {dag.py:2927} INFO - Setting next_dagrun for example_branch_dop_operator_v3 to 2024-09-21T12:21:00+00:00, run_after=2024-09-21T12:22:00+00:00
[2024-09-21 12:22:01,215] {processor.py:161} INFO - Processing /home/airflow/.local/lib/python3.7/site-packages/airflow/example_dags/example_branch_python_dop_operator_3.py took 0.083 seconds
[2024-09-21 12:22:31,377] {processor.py:153} INFO - Started process (PID=181) to work on /home/airflow/.local/lib/python3.7/site-packages/airflow/example_dags/example_branch_python_dop_operator_3.py
[2024-09-21 12:22:31,378] {processor.py:641} INFO - Processing file /home/airflow/.local/lib/python3.7/site-packages/airflow/example_dags/example_branch_python_dop_operator_3.py for tasks to queue
[2024-09-21 12:22:31,378] {logging_mixin.py:115} INFO - [2024-09-21 12:22:31,378] {dagbag.py:507} INFO - Filling up the DagBag from /home/airflow/.local/lib/python3.7/site-packages/airflow/example_dags/example_branch_python_dop_operator_3.py
[2024-09-21 12:22:31,391] {processor.py:651} INFO - DAG(s) dict_keys(['example_branch_dop_operator_v3']) retrieved from /home/airflow/.local/lib/python3.7/site-packages/airflow/example_dags/example_branch_python_dop_operator_3.py
[2024-09-21 12:22:31,429] {logging_mixin.py:115} INFO - [2024-09-21 12:22:31,428] {dag.py:2379} INFO - Sync 1 DAGs
[2024-09-21 12:22:31,458] {logging_mixin.py:115} INFO - [2024-09-21 12:22:31,458] {dag.py:2927} INFO - Setting next_dagrun for example_branch_dop_operator_v3 to 2024-09-21T12:21:00+00:00, run_after=2024-09-21T12:22:00+00:00
[2024-09-21 12:22:31,470] {processor.py:161} INFO - Processing /home/airflow/.local/lib/python3.7/site-packages/airflow/example_dags/example_branch_python_dop_operator_3.py took 0.097 seconds
[2024-09-21 12:23:01,650] {processor.py:153} INFO - Started process (PID=224) to work on /home/airflow/.local/lib/python3.7/site-packages/airflow/example_dags/example_branch_python_dop_operator_3.py
[2024-09-21 12:23:01,651] {processor.py:641} INFO - Processing file /home/airflow/.local/lib/python3.7/site-packages/airflow/example_dags/example_branch_python_dop_operator_3.py for tasks to queue
[2024-09-21 12:23:01,651] {logging_mixin.py:115} INFO - [2024-09-21 12:23:01,651] {dagbag.py:507} INFO - Filling up the DagBag from /home/airflow/.local/lib/python3.7/site-packages/airflow/example_dags/example_branch_python_dop_operator_3.py
[2024-09-21 12:23:01,661] {processor.py:651} INFO - DAG(s) dict_keys(['example_branch_dop_operator_v3']) retrieved from /home/airflow/.local/lib/python3.7/site-packages/airflow/example_dags/example_branch_python_dop_operator_3.py
[2024-09-21 12:23:01,686] {logging_mixin.py:115} INFO - [2024-09-21 12:23:01,686] {dag.py:2379} INFO - Sync 1 DAGs
[2024-09-21 12:23:01,711] {logging_mixin.py:115} INFO - [2024-09-21 12:23:01,711] {dag.py:2927} INFO - Setting next_dagrun for example_branch_dop_operator_v3 to 2024-09-21T12:22:00+00:00, run_after=2024-09-21T12:23:00+00:00
[2024-09-21 12:23:01,722] {processor.py:161} INFO - Processing /home/airflow/.local/lib/python3.7/site-packages/airflow/example_dags/example_branch_python_dop_operator_3.py took 0.077 seconds
[2024-09-21 12:23:32,115] {processor.py:153} INFO - Started process (PID=265) to work on /home/airflow/.local/lib/python3.7/site-packages/airflow/example_dags/example_branch_python_dop_operator_3.py
[2024-09-21 12:23:32,116] {processor.py:641} INFO - Processing file /home/airflow/.local/lib/python3.7/site-packages/airflow/example_dags/example_branch_python_dop_operator_3.py for tasks to queue
[2024-09-21 12:23:32,116] {logging_mixin.py:115} INFO - [2024-09-21 12:23:32,116] {dagbag.py:507} INFO - Filling up the DagBag from /home/airflow/.local/lib/python3.7/site-packages/airflow/example_dags/example_branch_python_dop_operator_3.py
[2024-09-21 12:23:32,124] {processor.py:651} INFO - DAG(s) dict_keys(['example_branch_dop_operator_v3']) retrieved from /home/airflow/.local/lib/python3.7/site-packages/airflow/example_dags/example_branch_python_dop_operator_3.py
[2024-09-21 12:23:32,151] {logging_mixin.py:115} INFO - [2024-09-21 12:23:32,151] {dag.py:2379} INFO - Sync 1 DAGs
[2024-09-21 12:23:32,179] {logging_mixin.py:115} INFO - [2024-09-21 12:23:32,179] {dag.py:2927} INFO - Setting next_dagrun for example_branch_dop_operator_v3 to 2024-09-21T12:22:00+00:00, run_after=2024-09-21T12:23:00+00:00
[2024-09-21 12:23:32,194] {processor.py:161} INFO - Processing /home/airflow/.local/lib/python3.7/site-packages/airflow/example_dags/example_branch_python_dop_operator_3.py took 0.085 seconds
[2024-09-21 12:24:02,516] {processor.py:153} INFO - Started process (PID=307) to work on /home/airflow/.local/lib/python3.7/site-packages/airflow/example_dags/example_branch_python_dop_operator_3.py
[2024-09-21 12:24:02,517] {processor.py:641} INFO - Processing file /home/airflow/.local/lib/python3.7/site-packages/airflow/example_dags/example_branch_python_dop_operator_3.py for tasks to queue
[2024-09-21 12:24:02,517] {logging_mixin.py:115} INFO - [2024-09-21 12:24:02,517] {dagbag.py:507} INFO - Filling up the DagBag from /home/airflow/.local/lib/python3.7/site-packages/airflow/example_dags/example_branch_python_dop_operator_3.py
[2024-09-21 12:24:02,524] {processor.py:651} INFO - DAG(s) dict_keys(['example_branch_dop_operator_v3']) retrieved from /home/airflow/.local/lib/python3.7/site-packages/airflow/example_dags/example_branch_python_dop_operator_3.py
[2024-09-21 12:24:02,546] {logging_mixin.py:115} INFO - [2024-09-21 12:24:02,546] {dag.py:2379} INFO - Sync 1 DAGs
[2024-09-21 12:24:02,569] {logging_mixin.py:115} INFO - [2024-09-21 12:24:02,569] {dag.py:2927} INFO - Setting next_dagrun for example_branch_dop_operator_v3 to 2024-09-21T12:23:00+00:00, run_after=2024-09-21T12:24:00+00:00
[2024-09-21 12:24:02,579] {processor.py:161} INFO - Processing /home/airflow/.local/lib/python3.7/site-packages/airflow/example_dags/example_branch_python_dop_operator_3.py took 0.065 seconds
[2024-09-21 12:24:32,679] {processor.py:153} INFO - Started process (PID=349) to work on /home/airflow/.local/lib/python3.7/site-packages/airflow/example_dags/example_branch_python_dop_operator_3.py
[2024-09-21 12:24:32,680] {processor.py:641} INFO - Processing file /home/airflow/.local/lib/python3.7/site-packages/airflow/example_dags/example_branch_python_dop_operator_3.py for tasks to queue
[2024-09-21 12:24:32,681] {logging_mixin.py:115} INFO - [2024-09-21 12:24:32,680] {dagbag.py:507} INFO - Filling up the DagBag from /home/airflow/.local/lib/python3.7/site-packages/airflow/example_dags/example_branch_python_dop_operator_3.py
[2024-09-21 12:24:32,691] {processor.py:651} INFO - DAG(s) dict_keys(['example_branch_dop_operator_v3']) retrieved from /home/airflow/.local/lib/python3.7/site-packages/airflow/example_dags/example_branch_python_dop_operator_3.py
[2024-09-21 12:24:32,724] {logging_mixin.py:115} INFO - [2024-09-21 12:24:32,723] {dag.py:2379} INFO - Sync 1 DAGs
[2024-09-21 12:24:32,753] {logging_mixin.py:115} INFO - [2024-09-21 12:24:32,753] {dag.py:2927} INFO - Setting next_dagrun for example_branch_dop_operator_v3 to 2024-09-21T12:23:00+00:00, run_after=2024-09-21T12:24:00+00:00
[2024-09-21 12:24:32,769] {processor.py:161} INFO - Processing /home/airflow/.local/lib/python3.7/site-packages/airflow/example_dags/example_branch_python_dop_operator_3.py took 0.093 seconds
[2024-09-21 12:25:03,144] {processor.py:153} INFO - Started process (PID=391) to work on /home/airflow/.local/lib/python3.7/site-packages/airflow/example_dags/example_branch_python_dop_operator_3.py
[2024-09-21 12:25:03,145] {processor.py:641} INFO - Processing file /home/airflow/.local/lib/python3.7/site-packages/airflow/example_dags/example_branch_python_dop_operator_3.py for tasks to queue
[2024-09-21 12:25:03,145] {logging_mixin.py:115} INFO - [2024-09-21 12:25:03,145] {dagbag.py:507} INFO - Filling up the DagBag from /home/airflow/.local/lib/python3.7/site-packages/airflow/example_dags/example_branch_python_dop_operator_3.py
[2024-09-21 12:25:03,153] {processor.py:651} INFO - DAG(s) dict_keys(['example_branch_dop_operator_v3']) retrieved from /home/airflow/.local/lib/python3.7/site-packages/airflow/example_dags/example_branch_python_dop_operator_3.py
[2024-09-21 12:25:03,176] {logging_mixin.py:115} INFO - [2024-09-21 12:25:03,176] {dag.py:2379} INFO - Sync 1 DAGs
[2024-09-21 12:25:03,200] {logging_mixin.py:115} INFO - [2024-09-21 12:25:03,200] {dag.py:2927} INFO - Setting next_dagrun for example_branch_dop_operator_v3 to 2024-09-21T12:24:00+00:00, run_after=2024-09-21T12:25:00+00:00
[2024-09-21 12:25:03,213] {processor.py:161} INFO - Processing /home/airflow/.local/lib/python3.7/site-packages/airflow/example_dags/example_branch_python_dop_operator_3.py took 0.074 seconds
[2024-09-21 12:25:33,402] {processor.py:153} INFO - Started process (PID=433) to work on /home/airflow/.local/lib/python3.7/site-packages/airflow/example_dags/example_branch_python_dop_operator_3.py
[2024-09-21 12:25:33,403] {processor.py:641} INFO - Processing file /home/airflow/.local/lib/python3.7/site-packages/airflow/example_dags/example_branch_python_dop_operator_3.py for tasks to queue
[2024-09-21 12:25:33,403] {logging_mixin.py:115} INFO - [2024-09-21 12:25:33,403] {dagbag.py:507} INFO - Filling up the DagBag from /home/airflow/.local/lib/python3.7/site-packages/airflow/example_dags/example_branch_python_dop_operator_3.py
[2024-09-21 12:25:33,414] {processor.py:651} INFO - DAG(s) dict_keys(['example_branch_dop_operator_v3']) retrieved from /home/airflow/.local/lib/python3.7/site-packages/airflow/example_dags/example_branch_python_dop_operator_3.py
[2024-09-21 12:25:33,447] {logging_mixin.py:115} INFO - [2024-09-21 12:25:33,447] {dag.py:2379} INFO - Sync 1 DAGs
[2024-09-21 12:25:33,480] {logging_mixin.py:115} INFO - [2024-09-21 12:25:33,480] {dag.py:2927} INFO - Setting next_dagrun for example_branch_dop_operator_v3 to 2024-09-21T12:24:00+00:00, run_after=2024-09-21T12:25:00+00:00
[2024-09-21 12:25:33,494] {processor.py:161} INFO - Processing /home/airflow/.local/lib/python3.7/site-packages/airflow/example_dags/example_branch_python_dop_operator_3.py took 0.095 seconds
[2024-09-21 12:26:03,677] {processor.py:153} INFO - Started process (PID=474) to work on /home/airflow/.local/lib/python3.7/site-packages/airflow/example_dags/example_branch_python_dop_operator_3.py
[2024-09-21 12:26:03,677] {processor.py:641} INFO - Processing file /home/airflow/.local/lib/python3.7/site-packages/airflow/example_dags/example_branch_python_dop_operator_3.py for tasks to queue
[2024-09-21 12:26:03,678] {logging_mixin.py:115} INFO - [2024-09-21 12:26:03,678] {dagbag.py:507} INFO - Filling up the DagBag from /home/airflow/.local/lib/python3.7/site-packages/airflow/example_dags/example_branch_python_dop_operator_3.py
[2024-09-21 12:26:03,685] {processor.py:651} INFO - DAG(s) dict_keys(['example_branch_dop_operator_v3']) retrieved from /home/airflow/.local/lib/python3.7/site-packages/airflow/example_dags/example_branch_python_dop_operator_3.py
[2024-09-21 12:26:03,707] {logging_mixin.py:115} INFO - [2024-09-21 12:26:03,707] {dag.py:2379} INFO - Sync 1 DAGs
[2024-09-21 12:26:03,733] {logging_mixin.py:115} INFO - [2024-09-21 12:26:03,733] {dag.py:2927} INFO - Setting next_dagrun for example_branch_dop_operator_v3 to 2024-09-21T12:25:00+00:00, run_after=2024-09-21T12:26:00+00:00
[2024-09-21 12:26:03,745] {processor.py:161} INFO - Processing /home/airflow/.local/lib/python3.7/site-packages/airflow/example_dags/example_branch_python_dop_operator_3.py took 0.071 seconds
[2024-09-21 12:26:33,854] {processor.py:153} INFO - Started process (PID=515) to work on /home/airflow/.local/lib/python3.7/site-packages/airflow/example_dags/example_branch_python_dop_operator_3.py
[2024-09-21 12:26:33,855] {processor.py:641} INFO - Processing file /home/airflow/.local/lib/python3.7/site-packages/airflow/example_dags/example_branch_python_dop_operator_3.py for tasks to queue
[2024-09-21 12:26:33,855] {logging_mixin.py:115} INFO - [2024-09-21 12:26:33,855] {dagbag.py:507} INFO - Filling up the DagBag from /home/airflow/.local/lib/python3.7/site-packages/airflow/example_dags/example_branch_python_dop_operator_3.py
[2024-09-21 12:26:33,864] {processor.py:651} INFO - DAG(s) dict_keys(['example_branch_dop_operator_v3']) retrieved from /home/airflow/.local/lib/python3.7/site-packages/airflow/example_dags/example_branch_python_dop_operator_3.py
[2024-09-21 12:26:33,884] {logging_mixin.py:115} INFO - [2024-09-21 12:26:33,884] {dag.py:2379} INFO - Sync 1 DAGs
[2024-09-21 12:26:33,910] {logging_mixin.py:115} INFO - [2024-09-21 12:26:33,910] {dag.py:2927} INFO - Setting next_dagrun for example_branch_dop_operator_v3 to 2024-09-21T12:25:00+00:00, run_after=2024-09-21T12:26:00+00:00
[2024-09-21 12:26:33,924] {processor.py:161} INFO - Processing /home/airflow/.local/lib/python3.7/site-packages/airflow/example_dags/example_branch_python_dop_operator_3.py took 0.073 seconds
[2024-09-21 12:27:04,370] {processor.py:153} INFO - Started process (PID=558) to work on /home/airflow/.local/lib/python3.7/site-packages/airflow/example_dags/example_branch_python_dop_operator_3.py
[2024-09-21 12:27:04,371] {processor.py:641} INFO - Processing file /home/airflow/.local/lib/python3.7/site-packages/airflow/example_dags/example_branch_python_dop_operator_3.py for tasks to queue
[2024-09-21 12:27:04,371] {logging_mixin.py:115} INFO - [2024-09-21 12:27:04,371] {dagbag.py:507} INFO - Filling up the DagBag from /home/airflow/.local/lib/python3.7/site-packages/airflow/example_dags/example_branch_python_dop_operator_3.py
[2024-09-21 12:27:04,380] {processor.py:651} INFO - DAG(s) dict_keys(['example_branch_dop_operator_v3']) retrieved from /home/airflow/.local/lib/python3.7/site-packages/airflow/example_dags/example_branch_python_dop_operator_3.py
[2024-09-21 12:27:04,407] {logging_mixin.py:115} INFO - [2024-09-21 12:27:04,407] {dag.py:2379} INFO - Sync 1 DAGs
[2024-09-21 12:27:04,449] {logging_mixin.py:115} INFO - [2024-09-21 12:27:04,449] {dag.py:2927} INFO - Setting next_dagrun for example_branch_dop_operator_v3 to 2024-09-21T12:26:00+00:00, run_after=2024-09-21T12:27:00+00:00
[2024-09-21 12:27:04,478] {processor.py:161} INFO - Processing /home/airflow/.local/lib/python3.7/site-packages/airflow/example_dags/example_branch_python_dop_operator_3.py took 0.111 seconds
[2024-09-21 12:27:34,590] {processor.py:153} INFO - Started process (PID=599) to work on /home/airflow/.local/lib/python3.7/site-packages/airflow/example_dags/example_branch_python_dop_operator_3.py
[2024-09-21 12:27:34,591] {processor.py:641} INFO - Processing file /home/airflow/.local/lib/python3.7/site-packages/airflow/example_dags/example_branch_python_dop_operator_3.py for tasks to queue
[2024-09-21 12:27:34,592] {logging_mixin.py:115} INFO - [2024-09-21 12:27:34,591] {dagbag.py:507} INFO - Filling up the DagBag from /home/airflow/.local/lib/python3.7/site-packages/airflow/example_dags/example_branch_python_dop_operator_3.py
[2024-09-21 12:27:34,602] {processor.py:651} INFO - DAG(s) dict_keys(['example_branch_dop_operator_v3']) retrieved from /home/airflow/.local/lib/python3.7/site-packages/airflow/example_dags/example_branch_python_dop_operator_3.py
[2024-09-21 12:27:34,628] {logging_mixin.py:115} INFO - [2024-09-21 12:27:34,628] {dag.py:2379} INFO - Sync 1 DAGs
[2024-09-21 12:27:34,654] {logging_mixin.py:115} INFO - [2024-09-21 12:27:34,654] {dag.py:2927} INFO - Setting next_dagrun for example_branch_dop_operator_v3 to 2024-09-21T12:26:00+00:00, run_after=2024-09-21T12:27:00+00:00
[2024-09-21 12:27:34,665] {processor.py:161} INFO - Processing /home/airflow/.local/lib/python3.7/site-packages/airflow/example_dags/example_branch_python_dop_operator_3.py took 0.080 seconds
[2024-09-21 12:28:04,908] {processor.py:153} INFO - Started process (PID=642) to work on /home/airflow/.local/lib/python3.7/site-packages/airflow/example_dags/example_branch_python_dop_operator_3.py
[2024-09-21 12:28:04,908] {processor.py:641} INFO - Processing file /home/airflow/.local/lib/python3.7/site-packages/airflow/example_dags/example_branch_python_dop_operator_3.py for tasks to queue
[2024-09-21 12:28:04,909] {logging_mixin.py:115} INFO - [2024-09-21 12:28:04,909] {dagbag.py:507} INFO - Filling up the DagBag from /home/airflow/.local/lib/python3.7/site-packages/airflow/example_dags/example_branch_python_dop_operator_3.py
[2024-09-21 12:28:04,919] {processor.py:651} INFO - DAG(s) dict_keys(['example_branch_dop_operator_v3']) retrieved from /home/airflow/.local/lib/python3.7/site-packages/airflow/example_dags/example_branch_python_dop_operator_3.py
[2024-09-21 12:28:04,945] {logging_mixin.py:115} INFO - [2024-09-21 12:28:04,945] {dag.py:2379} INFO - Sync 1 DAGs
[2024-09-21 12:28:04,973] {logging_mixin.py:115} INFO - [2024-09-21 12:28:04,973] {dag.py:2927} INFO - Setting next_dagrun for example_branch_dop_operator_v3 to 2024-09-21T12:27:00+00:00, run_after=2024-09-21T12:28:00+00:00
[2024-09-21 12:28:04,995] {processor.py:161} INFO - Processing /home/airflow/.local/lib/python3.7/site-packages/airflow/example_dags/example_branch_python_dop_operator_3.py took 0.090 seconds
[2024-09-21 12:28:35,366] {processor.py:153} INFO - Started process (PID=684) to work on /home/airflow/.local/lib/python3.7/site-packages/airflow/example_dags/example_branch_python_dop_operator_3.py
[2024-09-21 12:28:35,366] {processor.py:641} INFO - Processing file /home/airflow/.local/lib/python3.7/site-packages/airflow/example_dags/example_branch_python_dop_operator_3.py for tasks to queue
[2024-09-21 12:28:35,367] {logging_mixin.py:115} INFO - [2024-09-21 12:28:35,367] {dagbag.py:507} INFO - Filling up the DagBag from /home/airflow/.local/lib/python3.7/site-packages/airflow/example_dags/example_branch_python_dop_operator_3.py
[2024-09-21 12:28:35,377] {processor.py:651} INFO - DAG(s) dict_keys(['example_branch_dop_operator_v3']) retrieved from /home/airflow/.local/lib/python3.7/site-packages/airflow/example_dags/example_branch_python_dop_operator_3.py
[2024-09-21 12:28:35,412] {logging_mixin.py:115} INFO - [2024-09-21 12:28:35,412] {dag.py:2379} INFO - Sync 1 DAGs
[2024-09-21 12:28:35,443] {logging_mixin.py:115} INFO - [2024-09-21 12:28:35,442] {dag.py:2927} INFO - Setting next_dagrun for example_branch_dop_operator_v3 to 2024-09-21T12:27:00+00:00, run_after=2024-09-21T12:28:00+00:00
[2024-09-21 12:28:35,455] {processor.py:161} INFO - Processing /home/airflow/.local/lib/python3.7/site-packages/airflow/example_dags/example_branch_python_dop_operator_3.py took 0.093 seconds
[2024-09-21 12:29:06,331] {processor.py:153} INFO - Started process (PID=726) to work on /home/airflow/.local/lib/python3.7/site-packages/airflow/example_dags/example_branch_python_dop_operator_3.py
[2024-09-21 12:29:06,332] {processor.py:641} INFO - Processing file /home/airflow/.local/lib/python3.7/site-packages/airflow/example_dags/example_branch_python_dop_operator_3.py for tasks to queue
[2024-09-21 12:29:06,332] {logging_mixin.py:115} INFO - [2024-09-21 12:29:06,332] {dagbag.py:507} INFO - Filling up the DagBag from /home/airflow/.local/lib/python3.7/site-packages/airflow/example_dags/example_branch_python_dop_operator_3.py
[2024-09-21 12:29:06,340] {processor.py:651} INFO - DAG(s) dict_keys(['example_branch_dop_operator_v3']) retrieved from /home/airflow/.local/lib/python3.7/site-packages/airflow/example_dags/example_branch_python_dop_operator_3.py
[2024-09-21 12:29:06,362] {logging_mixin.py:115} INFO - [2024-09-21 12:29:06,362] {dag.py:2379} INFO - Sync 1 DAGs
[2024-09-21 12:29:06,387] {logging_mixin.py:115} INFO - [2024-09-21 12:29:06,386] {dag.py:2927} INFO - Setting next_dagrun for example_branch_dop_operator_v3 to 2024-09-21T12:28:00+00:00, run_after=2024-09-21T12:29:00+00:00
[2024-09-21 12:29:06,398] {processor.py:161} INFO - Processing /home/airflow/.local/lib/python3.7/site-packages/airflow/example_dags/example_branch_python_dop_operator_3.py took 0.069 seconds
[2024-09-21 12:29:37,448] {processor.py:153} INFO - Started process (PID=768) to work on /home/airflow/.local/lib/python3.7/site-packages/airflow/example_dags/example_branch_python_dop_operator_3.py
[2024-09-21 12:29:37,449] {processor.py:641} INFO - Processing file /home/airflow/.local/lib/python3.7/site-packages/airflow/example_dags/example_branch_python_dop_operator_3.py for tasks to queue
[2024-09-21 12:29:37,450] {logging_mixin.py:115} INFO - [2024-09-21 12:29:37,449] {dagbag.py:507} INFO - Filling up the DagBag from /home/airflow/.local/lib/python3.7/site-packages/airflow/example_dags/example_branch_python_dop_operator_3.py
[2024-09-21 12:29:37,460] {processor.py:651} INFO - DAG(s) dict_keys(['example_branch_dop_operator_v3']) retrieved from /home/airflow/.local/lib/python3.7/site-packages/airflow/example_dags/example_branch_python_dop_operator_3.py
[2024-09-21 12:29:37,481] {logging_mixin.py:115} INFO - [2024-09-21 12:29:37,481] {dag.py:2379} INFO - Sync 1 DAGs
[2024-09-21 12:29:37,505] {logging_mixin.py:115} INFO - [2024-09-21 12:29:37,505] {dag.py:2927} INFO - Setting next_dagrun for example_branch_dop_operator_v3 to 2024-09-21T12:28:00+00:00, run_after=2024-09-21T12:29:00+00:00
[2024-09-21 12:29:37,516] {processor.py:161} INFO - Processing /home/airflow/.local/lib/python3.7/site-packages/airflow/example_dags/example_branch_python_dop_operator_3.py took 0.073 seconds
[2024-09-21 12:30:08,413] {processor.py:153} INFO - Started process (PID=810) to work on /home/airflow/.local/lib/python3.7/site-packages/airflow/example_dags/example_branch_python_dop_operator_3.py
[2024-09-21 12:30:08,413] {processor.py:641} INFO - Processing file /home/airflow/.local/lib/python3.7/site-packages/airflow/example_dags/example_branch_python_dop_operator_3.py for tasks to queue
[2024-09-21 12:30:08,415] {logging_mixin.py:115} INFO - [2024-09-21 12:30:08,414] {dagbag.py:507} INFO - Filling up the DagBag from /home/airflow/.local/lib/python3.7/site-packages/airflow/example_dags/example_branch_python_dop_operator_3.py
[2024-09-21 12:30:08,423] {processor.py:651} INFO - DAG(s) dict_keys(['example_branch_dop_operator_v3']) retrieved from /home/airflow/.local/lib/python3.7/site-packages/airflow/example_dags/example_branch_python_dop_operator_3.py
[2024-09-21 12:30:08,444] {logging_mixin.py:115} INFO - [2024-09-21 12:30:08,444] {dag.py:2379} INFO - Sync 1 DAGs
[2024-09-21 12:30:08,468] {logging_mixin.py:115} INFO - [2024-09-21 12:30:08,468] {dag.py:2927} INFO - Setting next_dagrun for example_branch_dop_operator_v3 to 2024-09-21T12:29:00+00:00, run_after=2024-09-21T12:30:00+00:00
[2024-09-21 12:30:08,479] {processor.py:161} INFO - Processing /home/airflow/.local/lib/python3.7/site-packages/airflow/example_dags/example_branch_python_dop_operator_3.py took 0.072 seconds
[2024-09-21 12:30:39,614] {processor.py:153} INFO - Started process (PID=852) to work on /home/airflow/.local/lib/python3.7/site-packages/airflow/example_dags/example_branch_python_dop_operator_3.py
[2024-09-21 12:30:39,615] {processor.py:641} INFO - Processing file /home/airflow/.local/lib/python3.7/site-packages/airflow/example_dags/example_branch_python_dop_operator_3.py for tasks to queue
[2024-09-21 12:30:39,615] {logging_mixin.py:115} INFO - [2024-09-21 12:30:39,615] {dagbag.py:507} INFO - Filling up the DagBag from /home/airflow/.local/lib/python3.7/site-packages/airflow/example_dags/example_branch_python_dop_operator_3.py
[2024-09-21 12:30:39,624] {processor.py:651} INFO - DAG(s) dict_keys(['example_branch_dop_operator_v3']) retrieved from /home/airflow/.local/lib/python3.7/site-packages/airflow/example_dags/example_branch_python_dop_operator_3.py
[2024-09-21 12:30:39,647] {logging_mixin.py:115} INFO - [2024-09-21 12:30:39,647] {dag.py:2379} INFO - Sync 1 DAGs
[2024-09-21 12:30:39,675] {logging_mixin.py:115} INFO - [2024-09-21 12:30:39,675] {dag.py:2927} INFO - Setting next_dagrun for example_branch_dop_operator_v3 to 2024-09-21T12:29:00+00:00, run_after=2024-09-21T12:30:00+00:00
[2024-09-21 12:30:39,688] {processor.py:161} INFO - Processing /home/airflow/.local/lib/python3.7/site-packages/airflow/example_dags/example_branch_python_dop_operator_3.py took 0.076 seconds
[2024-09-21 12:35:11,399] {processor.py:153} INFO - Started process (PID=68) to work on /home/airflow/.local/lib/python3.7/site-packages/airflow/example_dags/example_branch_python_dop_operator_3.py
[2024-09-21 12:35:11,400] {processor.py:641} INFO - Processing file /home/airflow/.local/lib/python3.7/site-packages/airflow/example_dags/example_branch_python_dop_operator_3.py for tasks to queue
[2024-09-21 12:35:11,401] {logging_mixin.py:115} INFO - [2024-09-21 12:35:11,401] {dagbag.py:507} INFO - Filling up the DagBag from /home/airflow/.local/lib/python3.7/site-packages/airflow/example_dags/example_branch_python_dop_operator_3.py
[2024-09-21 12:35:11,423] {processor.py:651} INFO - DAG(s) dict_keys(['example_branch_dop_operator_v3']) retrieved from /home/airflow/.local/lib/python3.7/site-packages/airflow/example_dags/example_branch_python_dop_operator_3.py
[2024-09-21 12:35:11,483] {logging_mixin.py:115} INFO - [2024-09-21 12:35:11,483] {dag.py:2379} INFO - Sync 1 DAGs
[2024-09-21 12:35:11,585] {logging_mixin.py:115} INFO - [2024-09-21 12:35:11,585] {dag.py:2927} INFO - Setting next_dagrun for example_branch_dop_operator_v3 to 2024-09-21T12:34:00+00:00, run_after=2024-09-21T12:35:00+00:00
[2024-09-21 12:35:11,633] {processor.py:161} INFO - Processing /home/airflow/.local/lib/python3.7/site-packages/airflow/example_dags/example_branch_python_dop_operator_3.py took 0.246 seconds
[2024-09-21 12:35:41,910] {processor.py:153} INFO - Started process (PID=130) to work on /home/airflow/.local/lib/python3.7/site-packages/airflow/example_dags/example_branch_python_dop_operator_3.py
[2024-09-21 12:35:41,911] {processor.py:641} INFO - Processing file /home/airflow/.local/lib/python3.7/site-packages/airflow/example_dags/example_branch_python_dop_operator_3.py for tasks to queue
[2024-09-21 12:35:41,911] {logging_mixin.py:115} INFO - [2024-09-21 12:35:41,911] {dagbag.py:507} INFO - Filling up the DagBag from /home/airflow/.local/lib/python3.7/site-packages/airflow/example_dags/example_branch_python_dop_operator_3.py
[2024-09-21 12:35:41,924] {processor.py:651} INFO - DAG(s) dict_keys(['example_branch_dop_operator_v3']) retrieved from /home/airflow/.local/lib/python3.7/site-packages/airflow/example_dags/example_branch_python_dop_operator_3.py
[2024-09-21 12:35:41,962] {logging_mixin.py:115} INFO - [2024-09-21 12:35:41,962] {dag.py:2379} INFO - Sync 1 DAGs
[2024-09-21 12:35:42,004] {logging_mixin.py:115} INFO - [2024-09-21 12:35:42,004] {dag.py:2927} INFO - Setting next_dagrun for example_branch_dop_operator_v3 to 2024-09-21T12:34:00+00:00, run_after=2024-09-21T12:35:00+00:00
[2024-09-21 12:35:42,024] {processor.py:161} INFO - Processing /home/airflow/.local/lib/python3.7/site-packages/airflow/example_dags/example_branch_python_dop_operator_3.py took 0.118 seconds
[2024-09-21 12:36:12,256] {processor.py:153} INFO - Started process (PID=172) to work on /home/airflow/.local/lib/python3.7/site-packages/airflow/example_dags/example_branch_python_dop_operator_3.py
[2024-09-21 12:36:12,257] {processor.py:641} INFO - Processing file /home/airflow/.local/lib/python3.7/site-packages/airflow/example_dags/example_branch_python_dop_operator_3.py for tasks to queue
[2024-09-21 12:36:12,258] {logging_mixin.py:115} INFO - [2024-09-21 12:36:12,258] {dagbag.py:507} INFO - Filling up the DagBag from /home/airflow/.local/lib/python3.7/site-packages/airflow/example_dags/example_branch_python_dop_operator_3.py
[2024-09-21 12:36:12,270] {processor.py:651} INFO - DAG(s) dict_keys(['example_branch_dop_operator_v3']) retrieved from /home/airflow/.local/lib/python3.7/site-packages/airflow/example_dags/example_branch_python_dop_operator_3.py
[2024-09-21 12:36:12,299] {logging_mixin.py:115} INFO - [2024-09-21 12:36:12,299] {dag.py:2379} INFO - Sync 1 DAGs
[2024-09-21 12:36:12,334] {logging_mixin.py:115} INFO - [2024-09-21 12:36:12,334] {dag.py:2927} INFO - Setting next_dagrun for example_branch_dop_operator_v3 to 2024-09-21T12:35:00+00:00, run_after=2024-09-21T12:36:00+00:00
[2024-09-21 12:36:12,348] {processor.py:161} INFO - Processing /home/airflow/.local/lib/python3.7/site-packages/airflow/example_dags/example_branch_python_dop_operator_3.py took 0.096 seconds
[2024-09-21 12:36:42,401] {processor.py:153} INFO - Started process (PID=213) to work on /home/airflow/.local/lib/python3.7/site-packages/airflow/example_dags/example_branch_python_dop_operator_3.py
[2024-09-21 12:36:42,401] {processor.py:641} INFO - Processing file /home/airflow/.local/lib/python3.7/site-packages/airflow/example_dags/example_branch_python_dop_operator_3.py for tasks to queue
[2024-09-21 12:36:42,402] {logging_mixin.py:115} INFO - [2024-09-21 12:36:42,402] {dagbag.py:507} INFO - Filling up the DagBag from /home/airflow/.local/lib/python3.7/site-packages/airflow/example_dags/example_branch_python_dop_operator_3.py
[2024-09-21 12:36:42,414] {processor.py:651} INFO - DAG(s) dict_keys(['example_branch_dop_operator_v3']) retrieved from /home/airflow/.local/lib/python3.7/site-packages/airflow/example_dags/example_branch_python_dop_operator_3.py
[2024-09-21 12:36:42,445] {logging_mixin.py:115} INFO - [2024-09-21 12:36:42,445] {dag.py:2379} INFO - Sync 1 DAGs
[2024-09-21 12:36:42,480] {logging_mixin.py:115} INFO - [2024-09-21 12:36:42,480] {dag.py:2927} INFO - Setting next_dagrun for example_branch_dop_operator_v3 to 2024-09-21T12:35:00+00:00, run_after=2024-09-21T12:36:00+00:00
[2024-09-21 12:36:42,493] {processor.py:161} INFO - Processing /home/airflow/.local/lib/python3.7/site-packages/airflow/example_dags/example_branch_python_dop_operator_3.py took 0.096 seconds
[2024-09-21 12:37:13,614] {processor.py:153} INFO - Started process (PID=261) to work on /home/airflow/.local/lib/python3.7/site-packages/airflow/example_dags/example_branch_python_dop_operator_3.py
[2024-09-21 12:37:13,615] {processor.py:641} INFO - Processing file /home/airflow/.local/lib/python3.7/site-packages/airflow/example_dags/example_branch_python_dop_operator_3.py for tasks to queue
[2024-09-21 12:37:13,616] {logging_mixin.py:115} INFO - [2024-09-21 12:37:13,616] {dagbag.py:507} INFO - Filling up the DagBag from /home/airflow/.local/lib/python3.7/site-packages/airflow/example_dags/example_branch_python_dop_operator_3.py
[2024-09-21 12:37:13,627] {processor.py:651} INFO - DAG(s) dict_keys(['example_branch_dop_operator_v3']) retrieved from /home/airflow/.local/lib/python3.7/site-packages/airflow/example_dags/example_branch_python_dop_operator_3.py
[2024-09-21 12:37:13,658] {logging_mixin.py:115} INFO - [2024-09-21 12:37:13,658] {dag.py:2379} INFO - Sync 1 DAGs
[2024-09-21 12:37:13,694] {logging_mixin.py:115} INFO - [2024-09-21 12:37:13,694] {dag.py:2927} INFO - Setting next_dagrun for example_branch_dop_operator_v3 to 2024-09-21T12:36:00+00:00, run_after=2024-09-21T12:37:00+00:00
[2024-09-21 12:37:13,708] {processor.py:161} INFO - Processing /home/airflow/.local/lib/python3.7/site-packages/airflow/example_dags/example_branch_python_dop_operator_3.py took 0.097 seconds
