[2024-09-21 12:04:56,227] {processor.py:153} INFO - Started process (PID=87) to work on /home/airflow/.local/lib/python3.7/site-packages/airflow/example_dags/example_branch_operator.py
[2024-09-21 12:04:56,231] {processor.py:641} INFO - Processing file /home/airflow/.local/lib/python3.7/site-packages/airflow/example_dags/example_branch_operator.py for tasks to queue
[2024-09-21 12:04:56,232] {logging_mixin.py:115} INFO - [2024-09-21 12:04:56,232] {dagbag.py:507} INFO - Filling up the DagBag from /home/airflow/.local/lib/python3.7/site-packages/airflow/example_dags/example_branch_operator.py
[2024-09-21 12:04:56,271] {processor.py:651} INFO - DAG(s) dict_keys(['example_branch_operator']) retrieved from /home/airflow/.local/lib/python3.7/site-packages/airflow/example_dags/example_branch_operator.py
[2024-09-21 12:04:56,343] {logging_mixin.py:115} INFO - [2024-09-21 12:04:56,343] {dag.py:2379} INFO - Sync 1 DAGs
[2024-09-21 12:04:56,397] {logging_mixin.py:115} INFO - [2024-09-21 12:04:56,396] {dag.py:2927} INFO - Setting next_dagrun for example_branch_operator to 2024-09-20T00:00:00+00:00, run_after=2024-09-21T00:00:00+00:00
[2024-09-21 12:04:56,466] {processor.py:161} INFO - Processing /home/airflow/.local/lib/python3.7/site-packages/airflow/example_dags/example_branch_operator.py took 0.249 seconds
[2024-09-21 12:05:27,182] {processor.py:153} INFO - Started process (PID=142) to work on /home/airflow/.local/lib/python3.7/site-packages/airflow/example_dags/example_branch_operator.py
[2024-09-21 12:05:27,182] {processor.py:641} INFO - Processing file /home/airflow/.local/lib/python3.7/site-packages/airflow/example_dags/example_branch_operator.py for tasks to queue
[2024-09-21 12:05:27,183] {logging_mixin.py:115} INFO - [2024-09-21 12:05:27,183] {dagbag.py:507} INFO - Filling up the DagBag from /home/airflow/.local/lib/python3.7/site-packages/airflow/example_dags/example_branch_operator.py
[2024-09-21 12:05:27,198] {processor.py:651} INFO - DAG(s) dict_keys(['example_branch_operator']) retrieved from /home/airflow/.local/lib/python3.7/site-packages/airflow/example_dags/example_branch_operator.py
[2024-09-21 12:05:27,241] {logging_mixin.py:115} INFO - [2024-09-21 12:05:27,241] {dag.py:2379} INFO - Sync 1 DAGs
[2024-09-21 12:05:27,274] {logging_mixin.py:115} INFO - [2024-09-21 12:05:27,274] {dag.py:2927} INFO - Setting next_dagrun for example_branch_operator to 2024-09-20T00:00:00+00:00, run_after=2024-09-21T00:00:00+00:00
[2024-09-21 12:05:27,290] {processor.py:161} INFO - Processing /home/airflow/.local/lib/python3.7/site-packages/airflow/example_dags/example_branch_operator.py took 0.114 seconds
[2024-09-21 12:05:57,644] {processor.py:153} INFO - Started process (PID=184) to work on /home/airflow/.local/lib/python3.7/site-packages/airflow/example_dags/example_branch_operator.py
[2024-09-21 12:05:57,644] {processor.py:641} INFO - Processing file /home/airflow/.local/lib/python3.7/site-packages/airflow/example_dags/example_branch_operator.py for tasks to queue
[2024-09-21 12:05:57,645] {logging_mixin.py:115} INFO - [2024-09-21 12:05:57,645] {dagbag.py:507} INFO - Filling up the DagBag from /home/airflow/.local/lib/python3.7/site-packages/airflow/example_dags/example_branch_operator.py
[2024-09-21 12:05:57,655] {processor.py:651} INFO - DAG(s) dict_keys(['example_branch_operator']) retrieved from /home/airflow/.local/lib/python3.7/site-packages/airflow/example_dags/example_branch_operator.py
[2024-09-21 12:05:57,679] {logging_mixin.py:115} INFO - [2024-09-21 12:05:57,679] {dag.py:2379} INFO - Sync 1 DAGs
[2024-09-21 12:05:57,701] {logging_mixin.py:115} INFO - [2024-09-21 12:05:57,701] {dag.py:2927} INFO - Setting next_dagrun for example_branch_operator to 2024-09-20T00:00:00+00:00, run_after=2024-09-21T00:00:00+00:00
[2024-09-21 12:05:57,712] {processor.py:161} INFO - Processing /home/airflow/.local/lib/python3.7/site-packages/airflow/example_dags/example_branch_operator.py took 0.071 seconds
[2024-09-21 12:06:27,914] {processor.py:153} INFO - Started process (PID=225) to work on /home/airflow/.local/lib/python3.7/site-packages/airflow/example_dags/example_branch_operator.py
[2024-09-21 12:06:27,914] {processor.py:641} INFO - Processing file /home/airflow/.local/lib/python3.7/site-packages/airflow/example_dags/example_branch_operator.py for tasks to queue
[2024-09-21 12:06:27,915] {logging_mixin.py:115} INFO - [2024-09-21 12:06:27,915] {dagbag.py:507} INFO - Filling up the DagBag from /home/airflow/.local/lib/python3.7/site-packages/airflow/example_dags/example_branch_operator.py
[2024-09-21 12:06:27,924] {processor.py:651} INFO - DAG(s) dict_keys(['example_branch_operator']) retrieved from /home/airflow/.local/lib/python3.7/site-packages/airflow/example_dags/example_branch_operator.py
[2024-09-21 12:06:27,948] {logging_mixin.py:115} INFO - [2024-09-21 12:06:27,948] {dag.py:2379} INFO - Sync 1 DAGs
[2024-09-21 12:06:27,970] {logging_mixin.py:115} INFO - [2024-09-21 12:06:27,969] {dag.py:2927} INFO - Setting next_dagrun for example_branch_operator to 2024-09-20T00:00:00+00:00, run_after=2024-09-21T00:00:00+00:00
[2024-09-21 12:06:27,981] {processor.py:161} INFO - Processing /home/airflow/.local/lib/python3.7/site-packages/airflow/example_dags/example_branch_operator.py took 0.071 seconds
[2024-09-21 12:06:58,734] {processor.py:153} INFO - Started process (PID=273) to work on /home/airflow/.local/lib/python3.7/site-packages/airflow/example_dags/example_branch_operator.py
[2024-09-21 12:06:58,735] {processor.py:641} INFO - Processing file /home/airflow/.local/lib/python3.7/site-packages/airflow/example_dags/example_branch_operator.py for tasks to queue
[2024-09-21 12:06:58,736] {logging_mixin.py:115} INFO - [2024-09-21 12:06:58,735] {dagbag.py:507} INFO - Filling up the DagBag from /home/airflow/.local/lib/python3.7/site-packages/airflow/example_dags/example_branch_operator.py
[2024-09-21 12:06:58,746] {processor.py:651} INFO - DAG(s) dict_keys(['example_branch_operator']) retrieved from /home/airflow/.local/lib/python3.7/site-packages/airflow/example_dags/example_branch_operator.py
[2024-09-21 12:06:58,767] {logging_mixin.py:115} INFO - [2024-09-21 12:06:58,767] {dag.py:2379} INFO - Sync 1 DAGs
[2024-09-21 12:06:58,789] {logging_mixin.py:115} INFO - [2024-09-21 12:06:58,789] {dag.py:2927} INFO - Setting next_dagrun for example_branch_operator to 2024-09-20T00:00:00+00:00, run_after=2024-09-21T00:00:00+00:00
[2024-09-21 12:06:58,799] {processor.py:161} INFO - Processing /home/airflow/.local/lib/python3.7/site-packages/airflow/example_dags/example_branch_operator.py took 0.069 seconds
[2024-09-21 12:07:29,385] {processor.py:153} INFO - Started process (PID=315) to work on /home/airflow/.local/lib/python3.7/site-packages/airflow/example_dags/example_branch_operator.py
[2024-09-21 12:07:29,386] {processor.py:641} INFO - Processing file /home/airflow/.local/lib/python3.7/site-packages/airflow/example_dags/example_branch_operator.py for tasks to queue
[2024-09-21 12:07:29,387] {logging_mixin.py:115} INFO - [2024-09-21 12:07:29,386] {dagbag.py:507} INFO - Filling up the DagBag from /home/airflow/.local/lib/python3.7/site-packages/airflow/example_dags/example_branch_operator.py
[2024-09-21 12:07:29,395] {processor.py:651} INFO - DAG(s) dict_keys(['example_branch_operator']) retrieved from /home/airflow/.local/lib/python3.7/site-packages/airflow/example_dags/example_branch_operator.py
[2024-09-21 12:07:29,418] {logging_mixin.py:115} INFO - [2024-09-21 12:07:29,418] {dag.py:2379} INFO - Sync 1 DAGs
[2024-09-21 12:07:29,441] {logging_mixin.py:115} INFO - [2024-09-21 12:07:29,441] {dag.py:2927} INFO - Setting next_dagrun for example_branch_operator to 2024-09-20T00:00:00+00:00, run_after=2024-09-21T00:00:00+00:00
[2024-09-21 12:07:29,451] {processor.py:161} INFO - Processing /home/airflow/.local/lib/python3.7/site-packages/airflow/example_dags/example_branch_operator.py took 0.068 seconds
[2024-09-21 12:07:59,902] {processor.py:153} INFO - Started process (PID=356) to work on /home/airflow/.local/lib/python3.7/site-packages/airflow/example_dags/example_branch_operator.py
[2024-09-21 12:07:59,902] {processor.py:641} INFO - Processing file /home/airflow/.local/lib/python3.7/site-packages/airflow/example_dags/example_branch_operator.py for tasks to queue
[2024-09-21 12:07:59,903] {logging_mixin.py:115} INFO - [2024-09-21 12:07:59,903] {dagbag.py:507} INFO - Filling up the DagBag from /home/airflow/.local/lib/python3.7/site-packages/airflow/example_dags/example_branch_operator.py
[2024-09-21 12:07:59,913] {processor.py:651} INFO - DAG(s) dict_keys(['example_branch_operator']) retrieved from /home/airflow/.local/lib/python3.7/site-packages/airflow/example_dags/example_branch_operator.py
[2024-09-21 12:07:59,941] {logging_mixin.py:115} INFO - [2024-09-21 12:07:59,941] {dag.py:2379} INFO - Sync 1 DAGs
[2024-09-21 12:07:59,962] {logging_mixin.py:115} INFO - [2024-09-21 12:07:59,962] {dag.py:2927} INFO - Setting next_dagrun for example_branch_operator to 2024-09-20T00:00:00+00:00, run_after=2024-09-21T00:00:00+00:00
[2024-09-21 12:07:59,975] {processor.py:161} INFO - Processing /home/airflow/.local/lib/python3.7/site-packages/airflow/example_dags/example_branch_operator.py took 0.076 seconds
[2024-09-21 12:08:30,057] {processor.py:153} INFO - Started process (PID=397) to work on /home/airflow/.local/lib/python3.7/site-packages/airflow/example_dags/example_branch_operator.py
[2024-09-21 12:08:30,058] {processor.py:641} INFO - Processing file /home/airflow/.local/lib/python3.7/site-packages/airflow/example_dags/example_branch_operator.py for tasks to queue
[2024-09-21 12:08:30,058] {logging_mixin.py:115} INFO - [2024-09-21 12:08:30,058] {dagbag.py:507} INFO - Filling up the DagBag from /home/airflow/.local/lib/python3.7/site-packages/airflow/example_dags/example_branch_operator.py
[2024-09-21 12:08:30,068] {processor.py:651} INFO - DAG(s) dict_keys(['example_branch_operator']) retrieved from /home/airflow/.local/lib/python3.7/site-packages/airflow/example_dags/example_branch_operator.py
[2024-09-21 12:08:30,090] {logging_mixin.py:115} INFO - [2024-09-21 12:08:30,090] {dag.py:2379} INFO - Sync 1 DAGs
[2024-09-21 12:08:30,113] {logging_mixin.py:115} INFO - [2024-09-21 12:08:30,113] {dag.py:2927} INFO - Setting next_dagrun for example_branch_operator to 2024-09-20T00:00:00+00:00, run_after=2024-09-21T00:00:00+00:00
[2024-09-21 12:08:30,123] {processor.py:161} INFO - Processing /home/airflow/.local/lib/python3.7/site-packages/airflow/example_dags/example_branch_operator.py took 0.069 seconds
[2024-09-21 12:09:00,746] {processor.py:153} INFO - Started process (PID=439) to work on /home/airflow/.local/lib/python3.7/site-packages/airflow/example_dags/example_branch_operator.py
[2024-09-21 12:09:00,747] {processor.py:641} INFO - Processing file /home/airflow/.local/lib/python3.7/site-packages/airflow/example_dags/example_branch_operator.py for tasks to queue
[2024-09-21 12:09:00,747] {logging_mixin.py:115} INFO - [2024-09-21 12:09:00,747] {dagbag.py:507} INFO - Filling up the DagBag from /home/airflow/.local/lib/python3.7/site-packages/airflow/example_dags/example_branch_operator.py
[2024-09-21 12:09:00,766] {processor.py:651} INFO - DAG(s) dict_keys(['example_branch_operator']) retrieved from /home/airflow/.local/lib/python3.7/site-packages/airflow/example_dags/example_branch_operator.py
[2024-09-21 12:09:00,806] {logging_mixin.py:115} INFO - [2024-09-21 12:09:00,806] {dag.py:2379} INFO - Sync 1 DAGs
[2024-09-21 12:09:00,861] {logging_mixin.py:115} INFO - [2024-09-21 12:09:00,860] {dag.py:2927} INFO - Setting next_dagrun for example_branch_operator to 2024-09-20T00:00:00+00:00, run_after=2024-09-21T00:00:00+00:00
[2024-09-21 12:09:00,880] {processor.py:161} INFO - Processing /home/airflow/.local/lib/python3.7/site-packages/airflow/example_dags/example_branch_operator.py took 0.139 seconds
[2024-09-21 12:09:31,805] {processor.py:153} INFO - Started process (PID=481) to work on /home/airflow/.local/lib/python3.7/site-packages/airflow/example_dags/example_branch_operator.py
[2024-09-21 12:09:31,806] {processor.py:641} INFO - Processing file /home/airflow/.local/lib/python3.7/site-packages/airflow/example_dags/example_branch_operator.py for tasks to queue
[2024-09-21 12:09:31,806] {logging_mixin.py:115} INFO - [2024-09-21 12:09:31,806] {dagbag.py:507} INFO - Filling up the DagBag from /home/airflow/.local/lib/python3.7/site-packages/airflow/example_dags/example_branch_operator.py
[2024-09-21 12:09:31,818] {processor.py:651} INFO - DAG(s) dict_keys(['example_branch_operator']) retrieved from /home/airflow/.local/lib/python3.7/site-packages/airflow/example_dags/example_branch_operator.py
[2024-09-21 12:09:31,845] {logging_mixin.py:115} INFO - [2024-09-21 12:09:31,845] {dag.py:2379} INFO - Sync 1 DAGs
[2024-09-21 12:09:31,870] {logging_mixin.py:115} INFO - [2024-09-21 12:09:31,870] {dag.py:2927} INFO - Setting next_dagrun for example_branch_operator to 2024-09-20T00:00:00+00:00, run_after=2024-09-21T00:00:00+00:00
[2024-09-21 12:09:31,881] {processor.py:161} INFO - Processing /home/airflow/.local/lib/python3.7/site-packages/airflow/example_dags/example_branch_operator.py took 0.080 seconds
[2024-09-21 12:10:43,702] {processor.py:153} INFO - Started process (PID=529) to work on /home/airflow/.local/lib/python3.7/site-packages/airflow/example_dags/example_branch_operator.py
[2024-09-21 12:10:43,703] {processor.py:641} INFO - Processing file /home/airflow/.local/lib/python3.7/site-packages/airflow/example_dags/example_branch_operator.py for tasks to queue
[2024-09-21 12:10:43,703] {logging_mixin.py:115} INFO - [2024-09-21 12:10:43,703] {dagbag.py:507} INFO - Filling up the DagBag from /home/airflow/.local/lib/python3.7/site-packages/airflow/example_dags/example_branch_operator.py
[2024-09-21 12:10:43,715] {processor.py:651} INFO - DAG(s) dict_keys(['example_branch_operator']) retrieved from /home/airflow/.local/lib/python3.7/site-packages/airflow/example_dags/example_branch_operator.py
[2024-09-21 12:10:43,746] {logging_mixin.py:115} INFO - [2024-09-21 12:10:43,746] {dag.py:2379} INFO - Sync 1 DAGs
[2024-09-21 12:10:43,770] {logging_mixin.py:115} INFO - [2024-09-21 12:10:43,770] {dag.py:2927} INFO - Setting next_dagrun for example_branch_operator to 2024-09-20T00:00:00+00:00, run_after=2024-09-21T00:00:00+00:00
[2024-09-21 12:10:43,782] {processor.py:161} INFO - Processing /home/airflow/.local/lib/python3.7/site-packages/airflow/example_dags/example_branch_operator.py took 0.083 seconds
[2024-09-21 12:21:31,874] {processor.py:153} INFO - Started process (PID=81) to work on /home/airflow/.local/lib/python3.7/site-packages/airflow/example_dags/example_branch_operator.py
[2024-09-21 12:21:31,878] {processor.py:641} INFO - Processing file /home/airflow/.local/lib/python3.7/site-packages/airflow/example_dags/example_branch_operator.py for tasks to queue
[2024-09-21 12:21:31,879] {logging_mixin.py:115} INFO - [2024-09-21 12:21:31,879] {dagbag.py:507} INFO - Filling up the DagBag from /home/airflow/.local/lib/python3.7/site-packages/airflow/example_dags/example_branch_operator.py
[2024-09-21 12:21:31,898] {processor.py:651} INFO - DAG(s) dict_keys(['example_branch_operator']) retrieved from /home/airflow/.local/lib/python3.7/site-packages/airflow/example_dags/example_branch_operator.py
[2024-09-21 12:21:32,030] {logging_mixin.py:115} INFO - [2024-09-21 12:21:32,030] {dag.py:2379} INFO - Sync 1 DAGs
[2024-09-21 12:21:32,104] {logging_mixin.py:115} INFO - [2024-09-21 12:21:32,104] {dag.py:2927} INFO - Setting next_dagrun for example_branch_operator to 2024-09-20T00:00:00+00:00, run_after=2024-09-21T00:00:00+00:00
[2024-09-21 12:21:32,147] {processor.py:161} INFO - Processing /home/airflow/.local/lib/python3.7/site-packages/airflow/example_dags/example_branch_operator.py took 0.277 seconds
[2024-09-21 12:22:02,651] {processor.py:153} INFO - Started process (PID=138) to work on /home/airflow/.local/lib/python3.7/site-packages/airflow/example_dags/example_branch_operator.py
[2024-09-21 12:22:02,656] {processor.py:641} INFO - Processing file /home/airflow/.local/lib/python3.7/site-packages/airflow/example_dags/example_branch_operator.py for tasks to queue
[2024-09-21 12:22:02,657] {logging_mixin.py:115} INFO - [2024-09-21 12:22:02,657] {dagbag.py:507} INFO - Filling up the DagBag from /home/airflow/.local/lib/python3.7/site-packages/airflow/example_dags/example_branch_operator.py
[2024-09-21 12:22:02,715] {processor.py:651} INFO - DAG(s) dict_keys(['example_branch_operator']) retrieved from /home/airflow/.local/lib/python3.7/site-packages/airflow/example_dags/example_branch_operator.py
[2024-09-21 12:22:02,793] {logging_mixin.py:115} INFO - [2024-09-21 12:22:02,793] {dag.py:2379} INFO - Sync 1 DAGs
[2024-09-21 12:22:02,921] {logging_mixin.py:115} INFO - [2024-09-21 12:22:02,921] {dag.py:2927} INFO - Setting next_dagrun for example_branch_operator to 2024-09-20T00:00:00+00:00, run_after=2024-09-21T00:00:00+00:00
[2024-09-21 12:22:02,986] {processor.py:161} INFO - Processing /home/airflow/.local/lib/python3.7/site-packages/airflow/example_dags/example_branch_operator.py took 0.351 seconds
[2024-09-21 12:22:33,719] {processor.py:153} INFO - Started process (PID=187) to work on /home/airflow/.local/lib/python3.7/site-packages/airflow/example_dags/example_branch_operator.py
[2024-09-21 12:22:33,727] {processor.py:641} INFO - Processing file /home/airflow/.local/lib/python3.7/site-packages/airflow/example_dags/example_branch_operator.py for tasks to queue
[2024-09-21 12:22:33,727] {logging_mixin.py:115} INFO - [2024-09-21 12:22:33,727] {dagbag.py:507} INFO - Filling up the DagBag from /home/airflow/.local/lib/python3.7/site-packages/airflow/example_dags/example_branch_operator.py
[2024-09-21 12:22:33,742] {processor.py:651} INFO - DAG(s) dict_keys(['example_branch_operator']) retrieved from /home/airflow/.local/lib/python3.7/site-packages/airflow/example_dags/example_branch_operator.py
[2024-09-21 12:22:33,768] {logging_mixin.py:115} INFO - [2024-09-21 12:22:33,768] {dag.py:2379} INFO - Sync 1 DAGs
[2024-09-21 12:22:33,791] {logging_mixin.py:115} INFO - [2024-09-21 12:22:33,791] {dag.py:2927} INFO - Setting next_dagrun for example_branch_operator to 2024-09-20T00:00:00+00:00, run_after=2024-09-21T00:00:00+00:00
[2024-09-21 12:22:33,802] {processor.py:161} INFO - Processing /home/airflow/.local/lib/python3.7/site-packages/airflow/example_dags/example_branch_operator.py took 0.089 seconds
[2024-09-21 12:23:04,084] {processor.py:153} INFO - Started process (PID=230) to work on /home/airflow/.local/lib/python3.7/site-packages/airflow/example_dags/example_branch_operator.py
[2024-09-21 12:23:04,085] {processor.py:641} INFO - Processing file /home/airflow/.local/lib/python3.7/site-packages/airflow/example_dags/example_branch_operator.py for tasks to queue
[2024-09-21 12:23:04,086] {logging_mixin.py:115} INFO - [2024-09-21 12:23:04,086] {dagbag.py:507} INFO - Filling up the DagBag from /home/airflow/.local/lib/python3.7/site-packages/airflow/example_dags/example_branch_operator.py
[2024-09-21 12:23:04,098] {processor.py:651} INFO - DAG(s) dict_keys(['example_branch_operator']) retrieved from /home/airflow/.local/lib/python3.7/site-packages/airflow/example_dags/example_branch_operator.py
[2024-09-21 12:23:04,121] {logging_mixin.py:115} INFO - [2024-09-21 12:23:04,120] {dag.py:2379} INFO - Sync 1 DAGs
[2024-09-21 12:23:04,144] {logging_mixin.py:115} INFO - [2024-09-21 12:23:04,144] {dag.py:2927} INFO - Setting next_dagrun for example_branch_operator to 2024-09-20T00:00:00+00:00, run_after=2024-09-21T00:00:00+00:00
[2024-09-21 12:23:04,153] {processor.py:161} INFO - Processing /home/airflow/.local/lib/python3.7/site-packages/airflow/example_dags/example_branch_operator.py took 0.074 seconds
[2024-09-21 12:23:34,539] {processor.py:153} INFO - Started process (PID=271) to work on /home/airflow/.local/lib/python3.7/site-packages/airflow/example_dags/example_branch_operator.py
[2024-09-21 12:23:34,540] {processor.py:641} INFO - Processing file /home/airflow/.local/lib/python3.7/site-packages/airflow/example_dags/example_branch_operator.py for tasks to queue
[2024-09-21 12:23:34,541] {logging_mixin.py:115} INFO - [2024-09-21 12:23:34,540] {dagbag.py:507} INFO - Filling up the DagBag from /home/airflow/.local/lib/python3.7/site-packages/airflow/example_dags/example_branch_operator.py
[2024-09-21 12:23:34,555] {processor.py:651} INFO - DAG(s) dict_keys(['example_branch_operator']) retrieved from /home/airflow/.local/lib/python3.7/site-packages/airflow/example_dags/example_branch_operator.py
[2024-09-21 12:23:34,586] {logging_mixin.py:115} INFO - [2024-09-21 12:23:34,585] {dag.py:2379} INFO - Sync 1 DAGs
[2024-09-21 12:23:34,608] {logging_mixin.py:115} INFO - [2024-09-21 12:23:34,608] {dag.py:2927} INFO - Setting next_dagrun for example_branch_operator to 2024-09-20T00:00:00+00:00, run_after=2024-09-21T00:00:00+00:00
[2024-09-21 12:23:34,620] {processor.py:161} INFO - Processing /home/airflow/.local/lib/python3.7/site-packages/airflow/example_dags/example_branch_operator.py took 0.086 seconds
[2024-09-21 12:24:04,818] {processor.py:153} INFO - Started process (PID=313) to work on /home/airflow/.local/lib/python3.7/site-packages/airflow/example_dags/example_branch_operator.py
[2024-09-21 12:24:04,819] {processor.py:641} INFO - Processing file /home/airflow/.local/lib/python3.7/site-packages/airflow/example_dags/example_branch_operator.py for tasks to queue
[2024-09-21 12:24:04,820] {logging_mixin.py:115} INFO - [2024-09-21 12:24:04,820] {dagbag.py:507} INFO - Filling up the DagBag from /home/airflow/.local/lib/python3.7/site-packages/airflow/example_dags/example_branch_operator.py
[2024-09-21 12:24:04,828] {processor.py:651} INFO - DAG(s) dict_keys(['example_branch_operator']) retrieved from /home/airflow/.local/lib/python3.7/site-packages/airflow/example_dags/example_branch_operator.py
[2024-09-21 12:24:04,852] {logging_mixin.py:115} INFO - [2024-09-21 12:24:04,852] {dag.py:2379} INFO - Sync 1 DAGs
[2024-09-21 12:24:04,874] {logging_mixin.py:115} INFO - [2024-09-21 12:24:04,874] {dag.py:2927} INFO - Setting next_dagrun for example_branch_operator to 2024-09-20T00:00:00+00:00, run_after=2024-09-21T00:00:00+00:00
[2024-09-21 12:24:04,884] {processor.py:161} INFO - Processing /home/airflow/.local/lib/python3.7/site-packages/airflow/example_dags/example_branch_operator.py took 0.070 seconds
[2024-09-21 12:24:35,245] {processor.py:153} INFO - Started process (PID=355) to work on /home/airflow/.local/lib/python3.7/site-packages/airflow/example_dags/example_branch_operator.py
[2024-09-21 12:24:35,247] {processor.py:641} INFO - Processing file /home/airflow/.local/lib/python3.7/site-packages/airflow/example_dags/example_branch_operator.py for tasks to queue
[2024-09-21 12:24:35,248] {logging_mixin.py:115} INFO - [2024-09-21 12:24:35,248] {dagbag.py:507} INFO - Filling up the DagBag from /home/airflow/.local/lib/python3.7/site-packages/airflow/example_dags/example_branch_operator.py
[2024-09-21 12:24:35,258] {processor.py:651} INFO - DAG(s) dict_keys(['example_branch_operator']) retrieved from /home/airflow/.local/lib/python3.7/site-packages/airflow/example_dags/example_branch_operator.py
[2024-09-21 12:24:35,282] {logging_mixin.py:115} INFO - [2024-09-21 12:24:35,282] {dag.py:2379} INFO - Sync 1 DAGs
[2024-09-21 12:24:35,303] {logging_mixin.py:115} INFO - [2024-09-21 12:24:35,302] {dag.py:2927} INFO - Setting next_dagrun for example_branch_operator to 2024-09-20T00:00:00+00:00, run_after=2024-09-21T00:00:00+00:00
[2024-09-21 12:24:35,313] {processor.py:161} INFO - Processing /home/airflow/.local/lib/python3.7/site-packages/airflow/example_dags/example_branch_operator.py took 0.073 seconds
[2024-09-21 12:25:05,599] {processor.py:153} INFO - Started process (PID=397) to work on /home/airflow/.local/lib/python3.7/site-packages/airflow/example_dags/example_branch_operator.py
[2024-09-21 12:25:05,610] {processor.py:641} INFO - Processing file /home/airflow/.local/lib/python3.7/site-packages/airflow/example_dags/example_branch_operator.py for tasks to queue
[2024-09-21 12:25:05,611] {logging_mixin.py:115} INFO - [2024-09-21 12:25:05,610] {dagbag.py:507} INFO - Filling up the DagBag from /home/airflow/.local/lib/python3.7/site-packages/airflow/example_dags/example_branch_operator.py
[2024-09-21 12:25:05,627] {processor.py:651} INFO - DAG(s) dict_keys(['example_branch_operator']) retrieved from /home/airflow/.local/lib/python3.7/site-packages/airflow/example_dags/example_branch_operator.py
[2024-09-21 12:25:05,653] {logging_mixin.py:115} INFO - [2024-09-21 12:25:05,653] {dag.py:2379} INFO - Sync 1 DAGs
[2024-09-21 12:25:05,675] {logging_mixin.py:115} INFO - [2024-09-21 12:25:05,675] {dag.py:2927} INFO - Setting next_dagrun for example_branch_operator to 2024-09-20T00:00:00+00:00, run_after=2024-09-21T00:00:00+00:00
[2024-09-21 12:25:05,685] {processor.py:161} INFO - Processing /home/airflow/.local/lib/python3.7/site-packages/airflow/example_dags/example_branch_operator.py took 0.091 seconds
[2024-09-21 12:25:35,832] {processor.py:153} INFO - Started process (PID=439) to work on /home/airflow/.local/lib/python3.7/site-packages/airflow/example_dags/example_branch_operator.py
[2024-09-21 12:25:35,832] {processor.py:641} INFO - Processing file /home/airflow/.local/lib/python3.7/site-packages/airflow/example_dags/example_branch_operator.py for tasks to queue
[2024-09-21 12:25:35,833] {logging_mixin.py:115} INFO - [2024-09-21 12:25:35,833] {dagbag.py:507} INFO - Filling up the DagBag from /home/airflow/.local/lib/python3.7/site-packages/airflow/example_dags/example_branch_operator.py
[2024-09-21 12:25:35,844] {processor.py:651} INFO - DAG(s) dict_keys(['example_branch_operator']) retrieved from /home/airflow/.local/lib/python3.7/site-packages/airflow/example_dags/example_branch_operator.py
[2024-09-21 12:25:35,871] {logging_mixin.py:115} INFO - [2024-09-21 12:25:35,870] {dag.py:2379} INFO - Sync 1 DAGs
[2024-09-21 12:25:35,892] {logging_mixin.py:115} INFO - [2024-09-21 12:25:35,892] {dag.py:2927} INFO - Setting next_dagrun for example_branch_operator to 2024-09-20T00:00:00+00:00, run_after=2024-09-21T00:00:00+00:00
[2024-09-21 12:25:35,902] {processor.py:161} INFO - Processing /home/airflow/.local/lib/python3.7/site-packages/airflow/example_dags/example_branch_operator.py took 0.073 seconds
[2024-09-21 12:26:06,202] {processor.py:153} INFO - Started process (PID=480) to work on /home/airflow/.local/lib/python3.7/site-packages/airflow/example_dags/example_branch_operator.py
[2024-09-21 12:26:06,203] {processor.py:641} INFO - Processing file /home/airflow/.local/lib/python3.7/site-packages/airflow/example_dags/example_branch_operator.py for tasks to queue
[2024-09-21 12:26:06,204] {logging_mixin.py:115} INFO - [2024-09-21 12:26:06,204] {dagbag.py:507} INFO - Filling up the DagBag from /home/airflow/.local/lib/python3.7/site-packages/airflow/example_dags/example_branch_operator.py
[2024-09-21 12:26:06,214] {processor.py:651} INFO - DAG(s) dict_keys(['example_branch_operator']) retrieved from /home/airflow/.local/lib/python3.7/site-packages/airflow/example_dags/example_branch_operator.py
[2024-09-21 12:26:06,237] {logging_mixin.py:115} INFO - [2024-09-21 12:26:06,237] {dag.py:2379} INFO - Sync 1 DAGs
[2024-09-21 12:26:06,258] {logging_mixin.py:115} INFO - [2024-09-21 12:26:06,258] {dag.py:2927} INFO - Setting next_dagrun for example_branch_operator to 2024-09-20T00:00:00+00:00, run_after=2024-09-21T00:00:00+00:00
[2024-09-21 12:26:06,269] {processor.py:161} INFO - Processing /home/airflow/.local/lib/python3.7/site-packages/airflow/example_dags/example_branch_operator.py took 0.073 seconds
[2024-09-21 12:26:36,293] {processor.py:153} INFO - Started process (PID=522) to work on /home/airflow/.local/lib/python3.7/site-packages/airflow/example_dags/example_branch_operator.py
[2024-09-21 12:26:36,294] {processor.py:641} INFO - Processing file /home/airflow/.local/lib/python3.7/site-packages/airflow/example_dags/example_branch_operator.py for tasks to queue
[2024-09-21 12:26:36,295] {logging_mixin.py:115} INFO - [2024-09-21 12:26:36,295] {dagbag.py:507} INFO - Filling up the DagBag from /home/airflow/.local/lib/python3.7/site-packages/airflow/example_dags/example_branch_operator.py
[2024-09-21 12:26:36,303] {processor.py:651} INFO - DAG(s) dict_keys(['example_branch_operator']) retrieved from /home/airflow/.local/lib/python3.7/site-packages/airflow/example_dags/example_branch_operator.py
[2024-09-21 12:26:36,326] {logging_mixin.py:115} INFO - [2024-09-21 12:26:36,326] {dag.py:2379} INFO - Sync 1 DAGs
[2024-09-21 12:26:36,348] {logging_mixin.py:115} INFO - [2024-09-21 12:26:36,348] {dag.py:2927} INFO - Setting next_dagrun for example_branch_operator to 2024-09-20T00:00:00+00:00, run_after=2024-09-21T00:00:00+00:00
[2024-09-21 12:26:36,357] {processor.py:161} INFO - Processing /home/airflow/.local/lib/python3.7/site-packages/airflow/example_dags/example_branch_operator.py took 0.069 seconds
[2024-09-21 12:27:06,738] {processor.py:153} INFO - Started process (PID=564) to work on /home/airflow/.local/lib/python3.7/site-packages/airflow/example_dags/example_branch_operator.py
[2024-09-21 12:27:06,739] {processor.py:641} INFO - Processing file /home/airflow/.local/lib/python3.7/site-packages/airflow/example_dags/example_branch_operator.py for tasks to queue
[2024-09-21 12:27:06,739] {logging_mixin.py:115} INFO - [2024-09-21 12:27:06,739] {dagbag.py:507} INFO - Filling up the DagBag from /home/airflow/.local/lib/python3.7/site-packages/airflow/example_dags/example_branch_operator.py
[2024-09-21 12:27:06,748] {processor.py:651} INFO - DAG(s) dict_keys(['example_branch_operator']) retrieved from /home/airflow/.local/lib/python3.7/site-packages/airflow/example_dags/example_branch_operator.py
[2024-09-21 12:27:06,776] {logging_mixin.py:115} INFO - [2024-09-21 12:27:06,775] {dag.py:2379} INFO - Sync 1 DAGs
[2024-09-21 12:27:06,799] {logging_mixin.py:115} INFO - [2024-09-21 12:27:06,798] {dag.py:2927} INFO - Setting next_dagrun for example_branch_operator to 2024-09-20T00:00:00+00:00, run_after=2024-09-21T00:00:00+00:00
[2024-09-21 12:27:06,809] {processor.py:161} INFO - Processing /home/airflow/.local/lib/python3.7/site-packages/airflow/example_dags/example_branch_operator.py took 0.074 seconds
[2024-09-21 12:27:36,890] {processor.py:153} INFO - Started process (PID=605) to work on /home/airflow/.local/lib/python3.7/site-packages/airflow/example_dags/example_branch_operator.py
[2024-09-21 12:27:36,891] {processor.py:641} INFO - Processing file /home/airflow/.local/lib/python3.7/site-packages/airflow/example_dags/example_branch_operator.py for tasks to queue
[2024-09-21 12:27:36,891] {logging_mixin.py:115} INFO - [2024-09-21 12:27:36,891] {dagbag.py:507} INFO - Filling up the DagBag from /home/airflow/.local/lib/python3.7/site-packages/airflow/example_dags/example_branch_operator.py
[2024-09-21 12:27:36,901] {processor.py:651} INFO - DAG(s) dict_keys(['example_branch_operator']) retrieved from /home/airflow/.local/lib/python3.7/site-packages/airflow/example_dags/example_branch_operator.py
[2024-09-21 12:27:36,932] {logging_mixin.py:115} INFO - [2024-09-21 12:27:36,932] {dag.py:2379} INFO - Sync 1 DAGs
[2024-09-21 12:27:36,956] {logging_mixin.py:115} INFO - [2024-09-21 12:27:36,956] {dag.py:2927} INFO - Setting next_dagrun for example_branch_operator to 2024-09-20T00:00:00+00:00, run_after=2024-09-21T00:00:00+00:00
[2024-09-21 12:27:36,973] {processor.py:161} INFO - Processing /home/airflow/.local/lib/python3.7/site-packages/airflow/example_dags/example_branch_operator.py took 0.085 seconds
[2024-09-21 12:28:07,130] {processor.py:153} INFO - Started process (PID=647) to work on /home/airflow/.local/lib/python3.7/site-packages/airflow/example_dags/example_branch_operator.py
[2024-09-21 12:28:07,131] {processor.py:641} INFO - Processing file /home/airflow/.local/lib/python3.7/site-packages/airflow/example_dags/example_branch_operator.py for tasks to queue
[2024-09-21 12:28:07,132] {logging_mixin.py:115} INFO - [2024-09-21 12:28:07,132] {dagbag.py:507} INFO - Filling up the DagBag from /home/airflow/.local/lib/python3.7/site-packages/airflow/example_dags/example_branch_operator.py
[2024-09-21 12:28:07,140] {processor.py:651} INFO - DAG(s) dict_keys(['example_branch_operator']) retrieved from /home/airflow/.local/lib/python3.7/site-packages/airflow/example_dags/example_branch_operator.py
[2024-09-21 12:28:07,166] {logging_mixin.py:115} INFO - [2024-09-21 12:28:07,166] {dag.py:2379} INFO - Sync 1 DAGs
[2024-09-21 12:28:07,188] {logging_mixin.py:115} INFO - [2024-09-21 12:28:07,188] {dag.py:2927} INFO - Setting next_dagrun for example_branch_operator to 2024-09-20T00:00:00+00:00, run_after=2024-09-21T00:00:00+00:00
[2024-09-21 12:28:07,199] {processor.py:161} INFO - Processing /home/airflow/.local/lib/python3.7/site-packages/airflow/example_dags/example_branch_operator.py took 0.074 seconds
[2024-09-21 12:28:37,607] {processor.py:153} INFO - Started process (PID=689) to work on /home/airflow/.local/lib/python3.7/site-packages/airflow/example_dags/example_branch_operator.py
[2024-09-21 12:28:37,607] {processor.py:641} INFO - Processing file /home/airflow/.local/lib/python3.7/site-packages/airflow/example_dags/example_branch_operator.py for tasks to queue
[2024-09-21 12:28:37,608] {logging_mixin.py:115} INFO - [2024-09-21 12:28:37,608] {dagbag.py:507} INFO - Filling up the DagBag from /home/airflow/.local/lib/python3.7/site-packages/airflow/example_dags/example_branch_operator.py
[2024-09-21 12:28:37,619] {processor.py:651} INFO - DAG(s) dict_keys(['example_branch_operator']) retrieved from /home/airflow/.local/lib/python3.7/site-packages/airflow/example_dags/example_branch_operator.py
[2024-09-21 12:28:37,656] {logging_mixin.py:115} INFO - [2024-09-21 12:28:37,656] {dag.py:2379} INFO - Sync 1 DAGs
[2024-09-21 12:28:37,681] {logging_mixin.py:115} INFO - [2024-09-21 12:28:37,680] {dag.py:2927} INFO - Setting next_dagrun for example_branch_operator to 2024-09-20T00:00:00+00:00, run_after=2024-09-21T00:00:00+00:00
[2024-09-21 12:28:37,692] {processor.py:161} INFO - Processing /home/airflow/.local/lib/python3.7/site-packages/airflow/example_dags/example_branch_operator.py took 0.089 seconds
[2024-09-21 12:29:08,494] {processor.py:153} INFO - Started process (PID=731) to work on /home/airflow/.local/lib/python3.7/site-packages/airflow/example_dags/example_branch_operator.py
[2024-09-21 12:29:08,497] {processor.py:641} INFO - Processing file /home/airflow/.local/lib/python3.7/site-packages/airflow/example_dags/example_branch_operator.py for tasks to queue
[2024-09-21 12:29:08,498] {logging_mixin.py:115} INFO - [2024-09-21 12:29:08,498] {dagbag.py:507} INFO - Filling up the DagBag from /home/airflow/.local/lib/python3.7/site-packages/airflow/example_dags/example_branch_operator.py
[2024-09-21 12:29:08,510] {processor.py:651} INFO - DAG(s) dict_keys(['example_branch_operator']) retrieved from /home/airflow/.local/lib/python3.7/site-packages/airflow/example_dags/example_branch_operator.py
[2024-09-21 12:29:08,535] {logging_mixin.py:115} INFO - [2024-09-21 12:29:08,535] {dag.py:2379} INFO - Sync 1 DAGs
[2024-09-21 12:29:08,556] {logging_mixin.py:115} INFO - [2024-09-21 12:29:08,556] {dag.py:2927} INFO - Setting next_dagrun for example_branch_operator to 2024-09-20T00:00:00+00:00, run_after=2024-09-21T00:00:00+00:00
[2024-09-21 12:29:08,566] {processor.py:161} INFO - Processing /home/airflow/.local/lib/python3.7/site-packages/airflow/example_dags/example_branch_operator.py took 0.077 seconds
[2024-09-21 12:29:38,642] {processor.py:153} INFO - Started process (PID=773) to work on /home/airflow/.local/lib/python3.7/site-packages/airflow/example_dags/example_branch_operator.py
[2024-09-21 12:29:38,643] {processor.py:641} INFO - Processing file /home/airflow/.local/lib/python3.7/site-packages/airflow/example_dags/example_branch_operator.py for tasks to queue
[2024-09-21 12:29:38,643] {logging_mixin.py:115} INFO - [2024-09-21 12:29:38,643] {dagbag.py:507} INFO - Filling up the DagBag from /home/airflow/.local/lib/python3.7/site-packages/airflow/example_dags/example_branch_operator.py
[2024-09-21 12:29:38,653] {processor.py:651} INFO - DAG(s) dict_keys(['example_branch_operator']) retrieved from /home/airflow/.local/lib/python3.7/site-packages/airflow/example_dags/example_branch_operator.py
[2024-09-21 12:29:38,681] {logging_mixin.py:115} INFO - [2024-09-21 12:29:38,681] {dag.py:2379} INFO - Sync 1 DAGs
[2024-09-21 12:29:38,704] {logging_mixin.py:115} INFO - [2024-09-21 12:29:38,704] {dag.py:2927} INFO - Setting next_dagrun for example_branch_operator to 2024-09-20T00:00:00+00:00, run_after=2024-09-21T00:00:00+00:00
[2024-09-21 12:29:38,717] {processor.py:161} INFO - Processing /home/airflow/.local/lib/python3.7/site-packages/airflow/example_dags/example_branch_operator.py took 0.080 seconds
[2024-09-21 12:30:09,609] {processor.py:153} INFO - Started process (PID=815) to work on /home/airflow/.local/lib/python3.7/site-packages/airflow/example_dags/example_branch_operator.py
[2024-09-21 12:30:09,610] {processor.py:641} INFO - Processing file /home/airflow/.local/lib/python3.7/site-packages/airflow/example_dags/example_branch_operator.py for tasks to queue
[2024-09-21 12:30:09,610] {logging_mixin.py:115} INFO - [2024-09-21 12:30:09,610] {dagbag.py:507} INFO - Filling up the DagBag from /home/airflow/.local/lib/python3.7/site-packages/airflow/example_dags/example_branch_operator.py
[2024-09-21 12:30:09,622] {processor.py:651} INFO - DAG(s) dict_keys(['example_branch_operator']) retrieved from /home/airflow/.local/lib/python3.7/site-packages/airflow/example_dags/example_branch_operator.py
[2024-09-21 12:30:09,649] {logging_mixin.py:115} INFO - [2024-09-21 12:30:09,649] {dag.py:2379} INFO - Sync 1 DAGs
[2024-09-21 12:30:09,674] {logging_mixin.py:115} INFO - [2024-09-21 12:30:09,674] {dag.py:2927} INFO - Setting next_dagrun for example_branch_operator to 2024-09-20T00:00:00+00:00, run_after=2024-09-21T00:00:00+00:00
[2024-09-21 12:30:09,688] {processor.py:161} INFO - Processing /home/airflow/.local/lib/python3.7/site-packages/airflow/example_dags/example_branch_operator.py took 0.081 seconds
[2024-09-21 12:30:39,840] {processor.py:153} INFO - Started process (PID=857) to work on /home/airflow/.local/lib/python3.7/site-packages/airflow/example_dags/example_branch_operator.py
[2024-09-21 12:30:39,840] {processor.py:641} INFO - Processing file /home/airflow/.local/lib/python3.7/site-packages/airflow/example_dags/example_branch_operator.py for tasks to queue
[2024-09-21 12:30:39,841] {logging_mixin.py:115} INFO - [2024-09-21 12:30:39,841] {dagbag.py:507} INFO - Filling up the DagBag from /home/airflow/.local/lib/python3.7/site-packages/airflow/example_dags/example_branch_operator.py
[2024-09-21 12:30:39,849] {processor.py:651} INFO - DAG(s) dict_keys(['example_branch_operator']) retrieved from /home/airflow/.local/lib/python3.7/site-packages/airflow/example_dags/example_branch_operator.py
[2024-09-21 12:30:39,871] {logging_mixin.py:115} INFO - [2024-09-21 12:30:39,871] {dag.py:2379} INFO - Sync 1 DAGs
[2024-09-21 12:30:39,892] {logging_mixin.py:115} INFO - [2024-09-21 12:30:39,892] {dag.py:2927} INFO - Setting next_dagrun for example_branch_operator to 2024-09-20T00:00:00+00:00, run_after=2024-09-21T00:00:00+00:00
[2024-09-21 12:30:39,904] {processor.py:161} INFO - Processing /home/airflow/.local/lib/python3.7/site-packages/airflow/example_dags/example_branch_operator.py took 0.067 seconds
[2024-09-21 12:35:12,120] {processor.py:153} INFO - Started process (PID=73) to work on /home/airflow/.local/lib/python3.7/site-packages/airflow/example_dags/example_branch_operator.py
[2024-09-21 12:35:12,123] {processor.py:641} INFO - Processing file /home/airflow/.local/lib/python3.7/site-packages/airflow/example_dags/example_branch_operator.py for tasks to queue
[2024-09-21 12:35:12,124] {logging_mixin.py:115} INFO - [2024-09-21 12:35:12,123] {dagbag.py:507} INFO - Filling up the DagBag from /home/airflow/.local/lib/python3.7/site-packages/airflow/example_dags/example_branch_operator.py
[2024-09-21 12:35:12,153] {processor.py:651} INFO - DAG(s) dict_keys(['example_branch_operator']) retrieved from /home/airflow/.local/lib/python3.7/site-packages/airflow/example_dags/example_branch_operator.py
[2024-09-21 12:35:12,232] {logging_mixin.py:115} INFO - [2024-09-21 12:35:12,232] {dag.py:2379} INFO - Sync 1 DAGs
[2024-09-21 12:35:12,333] {logging_mixin.py:115} INFO - [2024-09-21 12:35:12,332] {dag.py:2927} INFO - Setting next_dagrun for example_branch_operator to 2024-09-20T00:00:00+00:00, run_after=2024-09-21T00:00:00+00:00
[2024-09-21 12:35:12,451] {processor.py:161} INFO - Processing /home/airflow/.local/lib/python3.7/site-packages/airflow/example_dags/example_branch_operator.py took 0.338 seconds
[2024-09-21 12:35:43,362] {processor.py:153} INFO - Started process (PID=135) to work on /home/airflow/.local/lib/python3.7/site-packages/airflow/example_dags/example_branch_operator.py
[2024-09-21 12:35:43,364] {processor.py:641} INFO - Processing file /home/airflow/.local/lib/python3.7/site-packages/airflow/example_dags/example_branch_operator.py for tasks to queue
[2024-09-21 12:35:43,365] {logging_mixin.py:115} INFO - [2024-09-21 12:35:43,364] {dagbag.py:507} INFO - Filling up the DagBag from /home/airflow/.local/lib/python3.7/site-packages/airflow/example_dags/example_branch_operator.py
[2024-09-21 12:35:43,378] {processor.py:651} INFO - DAG(s) dict_keys(['example_branch_operator']) retrieved from /home/airflow/.local/lib/python3.7/site-packages/airflow/example_dags/example_branch_operator.py
[2024-09-21 12:35:43,416] {logging_mixin.py:115} INFO - [2024-09-21 12:35:43,415] {dag.py:2379} INFO - Sync 1 DAGs
[2024-09-21 12:35:43,450] {logging_mixin.py:115} INFO - [2024-09-21 12:35:43,449] {dag.py:2927} INFO - Setting next_dagrun for example_branch_operator to 2024-09-20T00:00:00+00:00, run_after=2024-09-21T00:00:00+00:00
[2024-09-21 12:35:43,465] {processor.py:161} INFO - Processing /home/airflow/.local/lib/python3.7/site-packages/airflow/example_dags/example_branch_operator.py took 0.108 seconds
[2024-09-21 12:36:13,781] {processor.py:153} INFO - Started process (PID=177) to work on /home/airflow/.local/lib/python3.7/site-packages/airflow/example_dags/example_branch_operator.py
[2024-09-21 12:36:13,791] {processor.py:641} INFO - Processing file /home/airflow/.local/lib/python3.7/site-packages/airflow/example_dags/example_branch_operator.py for tasks to queue
[2024-09-21 12:36:13,792] {logging_mixin.py:115} INFO - [2024-09-21 12:36:13,792] {dagbag.py:507} INFO - Filling up the DagBag from /home/airflow/.local/lib/python3.7/site-packages/airflow/example_dags/example_branch_operator.py
[2024-09-21 12:36:13,809] {processor.py:651} INFO - DAG(s) dict_keys(['example_branch_operator']) retrieved from /home/airflow/.local/lib/python3.7/site-packages/airflow/example_dags/example_branch_operator.py
[2024-09-21 12:36:13,841] {logging_mixin.py:115} INFO - [2024-09-21 12:36:13,841] {dag.py:2379} INFO - Sync 1 DAGs
[2024-09-21 12:36:13,868] {logging_mixin.py:115} INFO - [2024-09-21 12:36:13,868] {dag.py:2927} INFO - Setting next_dagrun for example_branch_operator to 2024-09-20T00:00:00+00:00, run_after=2024-09-21T00:00:00+00:00
[2024-09-21 12:36:13,883] {processor.py:161} INFO - Processing /home/airflow/.local/lib/python3.7/site-packages/airflow/example_dags/example_branch_operator.py took 0.107 seconds
[2024-09-21 12:36:44,171] {processor.py:153} INFO - Started process (PID=219) to work on /home/airflow/.local/lib/python3.7/site-packages/airflow/example_dags/example_branch_operator.py
[2024-09-21 12:36:44,177] {processor.py:641} INFO - Processing file /home/airflow/.local/lib/python3.7/site-packages/airflow/example_dags/example_branch_operator.py for tasks to queue
[2024-09-21 12:36:44,178] {logging_mixin.py:115} INFO - [2024-09-21 12:36:44,178] {dagbag.py:507} INFO - Filling up the DagBag from /home/airflow/.local/lib/python3.7/site-packages/airflow/example_dags/example_branch_operator.py
[2024-09-21 12:36:44,190] {processor.py:651} INFO - DAG(s) dict_keys(['example_branch_operator']) retrieved from /home/airflow/.local/lib/python3.7/site-packages/airflow/example_dags/example_branch_operator.py
[2024-09-21 12:36:44,224] {logging_mixin.py:115} INFO - [2024-09-21 12:36:44,224] {dag.py:2379} INFO - Sync 1 DAGs
[2024-09-21 12:36:44,256] {logging_mixin.py:115} INFO - [2024-09-21 12:36:44,256] {dag.py:2927} INFO - Setting next_dagrun for example_branch_operator to 2024-09-20T00:00:00+00:00, run_after=2024-09-21T00:00:00+00:00
[2024-09-21 12:36:44,270] {processor.py:161} INFO - Processing /home/airflow/.local/lib/python3.7/site-packages/airflow/example_dags/example_branch_operator.py took 0.104 seconds
[2024-09-21 12:37:14,987] {processor.py:153} INFO - Started process (PID=266) to work on /home/airflow/.local/lib/python3.7/site-packages/airflow/example_dags/example_branch_operator.py
[2024-09-21 12:37:14,989] {processor.py:641} INFO - Processing file /home/airflow/.local/lib/python3.7/site-packages/airflow/example_dags/example_branch_operator.py for tasks to queue
[2024-09-21 12:37:14,990] {logging_mixin.py:115} INFO - [2024-09-21 12:37:14,990] {dagbag.py:507} INFO - Filling up the DagBag from /home/airflow/.local/lib/python3.7/site-packages/airflow/example_dags/example_branch_operator.py
[2024-09-21 12:37:15,005] {processor.py:651} INFO - DAG(s) dict_keys(['example_branch_operator']) retrieved from /home/airflow/.local/lib/python3.7/site-packages/airflow/example_dags/example_branch_operator.py
[2024-09-21 12:37:15,045] {logging_mixin.py:115} INFO - [2024-09-21 12:37:15,045] {dag.py:2379} INFO - Sync 1 DAGs
[2024-09-21 12:37:15,077] {logging_mixin.py:115} INFO - [2024-09-21 12:37:15,077] {dag.py:2927} INFO - Setting next_dagrun for example_branch_operator to 2024-09-20T00:00:00+00:00, run_after=2024-09-21T00:00:00+00:00
[2024-09-21 12:37:15,093] {processor.py:161} INFO - Processing /home/airflow/.local/lib/python3.7/site-packages/airflow/example_dags/example_branch_operator.py took 0.112 seconds
