[2024-09-21 12:04:56,534] {processor.py:153} INFO - Started process (PID=89) to work on /home/airflow/.local/lib/python3.7/site-packages/airflow/example_dags/example_task_group_decorator.py
[2024-09-21 12:04:56,535] {processor.py:641} INFO - Processing file /home/airflow/.local/lib/python3.7/site-packages/airflow/example_dags/example_task_group_decorator.py for tasks to queue
[2024-09-21 12:04:56,536] {logging_mixin.py:115} INFO - [2024-09-21 12:04:56,536] {dagbag.py:507} INFO - Filling up the DagBag from /home/airflow/.local/lib/python3.7/site-packages/airflow/example_dags/example_task_group_decorator.py
[2024-09-21 12:04:56,580] {processor.py:651} INFO - DAG(s) dict_keys(['example_task_group_decorator']) retrieved from /home/airflow/.local/lib/python3.7/site-packages/airflow/example_dags/example_task_group_decorator.py
[2024-09-21 12:04:57,219] {logging_mixin.py:115} INFO - [2024-09-21 12:04:57,218] {dag.py:2379} INFO - Sync 1 DAGs
[2024-09-21 12:04:57,277] {logging_mixin.py:115} INFO - [2024-09-21 12:04:57,277] {dag.py:2927} INFO - Setting next_dagrun for example_task_group_decorator to 2024-09-20T12:04:57.277348+00:00, run_after=2024-09-21T12:04:57.277348+00:00
[2024-09-21 12:04:57,316] {processor.py:161} INFO - Processing /home/airflow/.local/lib/python3.7/site-packages/airflow/example_dags/example_task_group_decorator.py took 0.787 seconds
[2024-09-21 12:05:27,433] {processor.py:153} INFO - Started process (PID=145) to work on /home/airflow/.local/lib/python3.7/site-packages/airflow/example_dags/example_task_group_decorator.py
[2024-09-21 12:05:27,433] {processor.py:641} INFO - Processing file /home/airflow/.local/lib/python3.7/site-packages/airflow/example_dags/example_task_group_decorator.py for tasks to queue
[2024-09-21 12:05:27,434] {logging_mixin.py:115} INFO - [2024-09-21 12:05:27,434] {dagbag.py:507} INFO - Filling up the DagBag from /home/airflow/.local/lib/python3.7/site-packages/airflow/example_dags/example_task_group_decorator.py
[2024-09-21 12:05:27,463] {processor.py:651} INFO - DAG(s) dict_keys(['example_task_group_decorator']) retrieved from /home/airflow/.local/lib/python3.7/site-packages/airflow/example_dags/example_task_group_decorator.py
[2024-09-21 12:05:27,731] {logging_mixin.py:115} INFO - [2024-09-21 12:05:27,731] {dag.py:2379} INFO - Sync 1 DAGs
[2024-09-21 12:05:27,751] {logging_mixin.py:115} INFO - [2024-09-21 12:05:27,751] {dag.py:2927} INFO - Setting next_dagrun for example_task_group_decorator to 2024-09-20T12:05:27.750980+00:00, run_after=2024-09-21T12:05:27.750980+00:00
[2024-09-21 12:05:27,764] {processor.py:161} INFO - Processing /home/airflow/.local/lib/python3.7/site-packages/airflow/example_dags/example_task_group_decorator.py took 0.336 seconds
[2024-09-21 12:05:57,813] {processor.py:153} INFO - Started process (PID=187) to work on /home/airflow/.local/lib/python3.7/site-packages/airflow/example_dags/example_task_group_decorator.py
[2024-09-21 12:05:57,813] {processor.py:641} INFO - Processing file /home/airflow/.local/lib/python3.7/site-packages/airflow/example_dags/example_task_group_decorator.py for tasks to queue
[2024-09-21 12:05:57,813] {logging_mixin.py:115} INFO - [2024-09-21 12:05:57,813] {dagbag.py:507} INFO - Filling up the DagBag from /home/airflow/.local/lib/python3.7/site-packages/airflow/example_dags/example_task_group_decorator.py
[2024-09-21 12:05:57,834] {processor.py:651} INFO - DAG(s) dict_keys(['example_task_group_decorator']) retrieved from /home/airflow/.local/lib/python3.7/site-packages/airflow/example_dags/example_task_group_decorator.py
[2024-09-21 12:05:58,012] {logging_mixin.py:115} INFO - [2024-09-21 12:05:58,012] {dag.py:2379} INFO - Sync 1 DAGs
[2024-09-21 12:05:58,032] {logging_mixin.py:115} INFO - [2024-09-21 12:05:58,032] {dag.py:2927} INFO - Setting next_dagrun for example_task_group_decorator to 2024-09-20T12:05:58.032347+00:00, run_after=2024-09-21T12:05:58.032347+00:00
[2024-09-21 12:05:58,056] {processor.py:161} INFO - Processing /home/airflow/.local/lib/python3.7/site-packages/airflow/example_dags/example_task_group_decorator.py took 0.245 seconds
[2024-09-21 12:06:28,087] {processor.py:153} INFO - Started process (PID=228) to work on /home/airflow/.local/lib/python3.7/site-packages/airflow/example_dags/example_task_group_decorator.py
[2024-09-21 12:06:28,088] {processor.py:641} INFO - Processing file /home/airflow/.local/lib/python3.7/site-packages/airflow/example_dags/example_task_group_decorator.py for tasks to queue
[2024-09-21 12:06:28,089] {logging_mixin.py:115} INFO - [2024-09-21 12:06:28,089] {dagbag.py:507} INFO - Filling up the DagBag from /home/airflow/.local/lib/python3.7/site-packages/airflow/example_dags/example_task_group_decorator.py
[2024-09-21 12:06:28,111] {processor.py:651} INFO - DAG(s) dict_keys(['example_task_group_decorator']) retrieved from /home/airflow/.local/lib/python3.7/site-packages/airflow/example_dags/example_task_group_decorator.py
[2024-09-21 12:06:28,285] {logging_mixin.py:115} INFO - [2024-09-21 12:06:28,285] {dag.py:2379} INFO - Sync 1 DAGs
[2024-09-21 12:06:28,302] {logging_mixin.py:115} INFO - [2024-09-21 12:06:28,302] {dag.py:2927} INFO - Setting next_dagrun for example_task_group_decorator to 2024-09-20T12:06:28.302508+00:00, run_after=2024-09-21T12:06:28.302508+00:00
[2024-09-21 12:06:28,323] {processor.py:161} INFO - Processing /home/airflow/.local/lib/python3.7/site-packages/airflow/example_dags/example_task_group_decorator.py took 0.241 seconds
[2024-09-21 12:06:58,909] {processor.py:153} INFO - Started process (PID=276) to work on /home/airflow/.local/lib/python3.7/site-packages/airflow/example_dags/example_task_group_decorator.py
[2024-09-21 12:06:58,910] {processor.py:641} INFO - Processing file /home/airflow/.local/lib/python3.7/site-packages/airflow/example_dags/example_task_group_decorator.py for tasks to queue
[2024-09-21 12:06:58,910] {logging_mixin.py:115} INFO - [2024-09-21 12:06:58,910] {dagbag.py:507} INFO - Filling up the DagBag from /home/airflow/.local/lib/python3.7/site-packages/airflow/example_dags/example_task_group_decorator.py
[2024-09-21 12:06:58,929] {processor.py:651} INFO - DAG(s) dict_keys(['example_task_group_decorator']) retrieved from /home/airflow/.local/lib/python3.7/site-packages/airflow/example_dags/example_task_group_decorator.py
[2024-09-21 12:06:59,123] {logging_mixin.py:115} INFO - [2024-09-21 12:06:59,123] {dag.py:2379} INFO - Sync 1 DAGs
[2024-09-21 12:06:59,140] {logging_mixin.py:115} INFO - [2024-09-21 12:06:59,140] {dag.py:2927} INFO - Setting next_dagrun for example_task_group_decorator to 2024-09-20T12:06:59.140033+00:00, run_after=2024-09-21T12:06:59.140033+00:00
[2024-09-21 12:06:59,153] {processor.py:161} INFO - Processing /home/airflow/.local/lib/python3.7/site-packages/airflow/example_dags/example_task_group_decorator.py took 0.246 seconds
[2024-09-21 12:07:29,487] {processor.py:153} INFO - Started process (PID=318) to work on /home/airflow/.local/lib/python3.7/site-packages/airflow/example_dags/example_task_group_decorator.py
[2024-09-21 12:07:29,488] {processor.py:641} INFO - Processing file /home/airflow/.local/lib/python3.7/site-packages/airflow/example_dags/example_task_group_decorator.py for tasks to queue
[2024-09-21 12:07:29,488] {logging_mixin.py:115} INFO - [2024-09-21 12:07:29,488] {dagbag.py:507} INFO - Filling up the DagBag from /home/airflow/.local/lib/python3.7/site-packages/airflow/example_dags/example_task_group_decorator.py
[2024-09-21 12:07:29,508] {processor.py:651} INFO - DAG(s) dict_keys(['example_task_group_decorator']) retrieved from /home/airflow/.local/lib/python3.7/site-packages/airflow/example_dags/example_task_group_decorator.py
[2024-09-21 12:07:29,723] {logging_mixin.py:115} INFO - [2024-09-21 12:07:29,722] {dag.py:2379} INFO - Sync 1 DAGs
[2024-09-21 12:07:29,741] {logging_mixin.py:115} INFO - [2024-09-21 12:07:29,741] {dag.py:2927} INFO - Setting next_dagrun for example_task_group_decorator to 2024-09-20T12:07:29.741263+00:00, run_after=2024-09-21T12:07:29.741263+00:00
[2024-09-21 12:07:29,763] {processor.py:161} INFO - Processing /home/airflow/.local/lib/python3.7/site-packages/airflow/example_dags/example_task_group_decorator.py took 0.278 seconds
[2024-09-21 12:07:59,992] {processor.py:153} INFO - Started process (PID=358) to work on /home/airflow/.local/lib/python3.7/site-packages/airflow/example_dags/example_task_group_decorator.py
[2024-09-21 12:07:59,993] {processor.py:641} INFO - Processing file /home/airflow/.local/lib/python3.7/site-packages/airflow/example_dags/example_task_group_decorator.py for tasks to queue
[2024-09-21 12:07:59,993] {logging_mixin.py:115} INFO - [2024-09-21 12:07:59,993] {dagbag.py:507} INFO - Filling up the DagBag from /home/airflow/.local/lib/python3.7/site-packages/airflow/example_dags/example_task_group_decorator.py
[2024-09-21 12:08:00,020] {processor.py:651} INFO - DAG(s) dict_keys(['example_task_group_decorator']) retrieved from /home/airflow/.local/lib/python3.7/site-packages/airflow/example_dags/example_task_group_decorator.py
[2024-09-21 12:08:00,280] {logging_mixin.py:115} INFO - [2024-09-21 12:08:00,280] {dag.py:2379} INFO - Sync 1 DAGs
[2024-09-21 12:08:00,299] {logging_mixin.py:115} INFO - [2024-09-21 12:08:00,299] {dag.py:2927} INFO - Setting next_dagrun for example_task_group_decorator to 2024-09-20T12:08:00.299146+00:00, run_after=2024-09-21T12:08:00.299146+00:00
[2024-09-21 12:08:00,313] {processor.py:161} INFO - Processing /home/airflow/.local/lib/python3.7/site-packages/airflow/example_dags/example_task_group_decorator.py took 0.325 seconds
[2024-09-21 12:08:30,392] {processor.py:153} INFO - Started process (PID=401) to work on /home/airflow/.local/lib/python3.7/site-packages/airflow/example_dags/example_task_group_decorator.py
[2024-09-21 12:08:30,392] {processor.py:641} INFO - Processing file /home/airflow/.local/lib/python3.7/site-packages/airflow/example_dags/example_task_group_decorator.py for tasks to queue
[2024-09-21 12:08:30,393] {logging_mixin.py:115} INFO - [2024-09-21 12:08:30,393] {dagbag.py:507} INFO - Filling up the DagBag from /home/airflow/.local/lib/python3.7/site-packages/airflow/example_dags/example_task_group_decorator.py
[2024-09-21 12:08:30,413] {processor.py:651} INFO - DAG(s) dict_keys(['example_task_group_decorator']) retrieved from /home/airflow/.local/lib/python3.7/site-packages/airflow/example_dags/example_task_group_decorator.py
[2024-09-21 12:08:30,609] {logging_mixin.py:115} INFO - [2024-09-21 12:08:30,609] {dag.py:2379} INFO - Sync 1 DAGs
[2024-09-21 12:08:30,626] {logging_mixin.py:115} INFO - [2024-09-21 12:08:30,626] {dag.py:2927} INFO - Setting next_dagrun for example_task_group_decorator to 2024-09-20T12:08:30.626250+00:00, run_after=2024-09-21T12:08:30.626250+00:00
[2024-09-21 12:08:30,638] {processor.py:161} INFO - Processing /home/airflow/.local/lib/python3.7/site-packages/airflow/example_dags/example_task_group_decorator.py took 0.251 seconds
[2024-09-21 12:09:01,127] {processor.py:153} INFO - Started process (PID=445) to work on /home/airflow/.local/lib/python3.7/site-packages/airflow/example_dags/example_task_group_decorator.py
[2024-09-21 12:09:01,127] {processor.py:641} INFO - Processing file /home/airflow/.local/lib/python3.7/site-packages/airflow/example_dags/example_task_group_decorator.py for tasks to queue
[2024-09-21 12:09:01,128] {logging_mixin.py:115} INFO - [2024-09-21 12:09:01,127] {dagbag.py:507} INFO - Filling up the DagBag from /home/airflow/.local/lib/python3.7/site-packages/airflow/example_dags/example_task_group_decorator.py
[2024-09-21 12:09:01,149] {processor.py:651} INFO - DAG(s) dict_keys(['example_task_group_decorator']) retrieved from /home/airflow/.local/lib/python3.7/site-packages/airflow/example_dags/example_task_group_decorator.py
[2024-09-21 12:09:01,333] {logging_mixin.py:115} INFO - [2024-09-21 12:09:01,332] {dag.py:2379} INFO - Sync 1 DAGs
[2024-09-21 12:09:01,349] {logging_mixin.py:115} INFO - [2024-09-21 12:09:01,349] {dag.py:2927} INFO - Setting next_dagrun for example_task_group_decorator to 2024-09-20T12:09:01.349323+00:00, run_after=2024-09-21T12:09:01.349323+00:00
[2024-09-21 12:09:01,361] {processor.py:161} INFO - Processing /home/airflow/.local/lib/python3.7/site-packages/airflow/example_dags/example_task_group_decorator.py took 0.237 seconds
[2024-09-21 12:09:31,904] {processor.py:153} INFO - Started process (PID=483) to work on /home/airflow/.local/lib/python3.7/site-packages/airflow/example_dags/example_task_group_decorator.py
[2024-09-21 12:09:31,904] {processor.py:641} INFO - Processing file /home/airflow/.local/lib/python3.7/site-packages/airflow/example_dags/example_task_group_decorator.py for tasks to queue
[2024-09-21 12:09:31,905] {logging_mixin.py:115} INFO - [2024-09-21 12:09:31,905] {dagbag.py:507} INFO - Filling up the DagBag from /home/airflow/.local/lib/python3.7/site-packages/airflow/example_dags/example_task_group_decorator.py
[2024-09-21 12:09:31,930] {processor.py:651} INFO - DAG(s) dict_keys(['example_task_group_decorator']) retrieved from /home/airflow/.local/lib/python3.7/site-packages/airflow/example_dags/example_task_group_decorator.py
[2024-09-21 12:09:32,221] {logging_mixin.py:115} INFO - [2024-09-21 12:09:32,221] {dag.py:2379} INFO - Sync 1 DAGs
[2024-09-21 12:09:32,247] {logging_mixin.py:115} INFO - [2024-09-21 12:09:32,247] {dag.py:2927} INFO - Setting next_dagrun for example_task_group_decorator to 2024-09-20T12:09:32.246730+00:00, run_after=2024-09-21T12:09:32.246730+00:00
[2024-09-21 12:09:32,263] {processor.py:161} INFO - Processing /home/airflow/.local/lib/python3.7/site-packages/airflow/example_dags/example_task_group_decorator.py took 0.362 seconds
[2024-09-21 12:10:43,800] {processor.py:153} INFO - Started process (PID=531) to work on /home/airflow/.local/lib/python3.7/site-packages/airflow/example_dags/example_task_group_decorator.py
[2024-09-21 12:10:43,800] {processor.py:641} INFO - Processing file /home/airflow/.local/lib/python3.7/site-packages/airflow/example_dags/example_task_group_decorator.py for tasks to queue
[2024-09-21 12:10:43,801] {logging_mixin.py:115} INFO - [2024-09-21 12:10:43,801] {dagbag.py:507} INFO - Filling up the DagBag from /home/airflow/.local/lib/python3.7/site-packages/airflow/example_dags/example_task_group_decorator.py
[2024-09-21 12:10:43,826] {processor.py:651} INFO - DAG(s) dict_keys(['example_task_group_decorator']) retrieved from /home/airflow/.local/lib/python3.7/site-packages/airflow/example_dags/example_task_group_decorator.py
[2024-09-21 12:10:44,058] {logging_mixin.py:115} INFO - [2024-09-21 12:10:44,058] {dag.py:2379} INFO - Sync 1 DAGs
[2024-09-21 12:10:44,077] {logging_mixin.py:115} INFO - [2024-09-21 12:10:44,077] {dag.py:2927} INFO - Setting next_dagrun for example_task_group_decorator to 2024-09-20T12:10:44.077113+00:00, run_after=2024-09-21T12:10:44.077113+00:00
[2024-09-21 12:10:44,091] {processor.py:161} INFO - Processing /home/airflow/.local/lib/python3.7/site-packages/airflow/example_dags/example_task_group_decorator.py took 0.294 seconds
[2024-09-21 12:21:32,204] {processor.py:153} INFO - Started process (PID=83) to work on /home/airflow/.local/lib/python3.7/site-packages/airflow/example_dags/example_task_group_decorator.py
[2024-09-21 12:21:32,207] {processor.py:641} INFO - Processing file /home/airflow/.local/lib/python3.7/site-packages/airflow/example_dags/example_task_group_decorator.py for tasks to queue
[2024-09-21 12:21:32,208] {logging_mixin.py:115} INFO - [2024-09-21 12:21:32,208] {dagbag.py:507} INFO - Filling up the DagBag from /home/airflow/.local/lib/python3.7/site-packages/airflow/example_dags/example_task_group_decorator.py
[2024-09-21 12:21:32,286] {processor.py:651} INFO - DAG(s) dict_keys(['example_task_group_decorator']) retrieved from /home/airflow/.local/lib/python3.7/site-packages/airflow/example_dags/example_task_group_decorator.py
[2024-09-21 12:21:32,919] {logging_mixin.py:115} INFO - [2024-09-21 12:21:32,919] {dag.py:2379} INFO - Sync 1 DAGs
[2024-09-21 12:21:32,991] {logging_mixin.py:115} INFO - [2024-09-21 12:21:32,991] {dag.py:2927} INFO - Setting next_dagrun for example_task_group_decorator to 2024-09-20T12:21:32.991413+00:00, run_after=2024-09-21T12:21:32.991413+00:00
[2024-09-21 12:21:33,046] {processor.py:161} INFO - Processing /home/airflow/.local/lib/python3.7/site-packages/airflow/example_dags/example_task_group_decorator.py took 0.847 seconds
[2024-09-21 12:22:03,622] {processor.py:153} INFO - Started process (PID=146) to work on /home/airflow/.local/lib/python3.7/site-packages/airflow/example_dags/example_task_group_decorator.py
[2024-09-21 12:22:03,628] {processor.py:641} INFO - Processing file /home/airflow/.local/lib/python3.7/site-packages/airflow/example_dags/example_task_group_decorator.py for tasks to queue
[2024-09-21 12:22:03,629] {logging_mixin.py:115} INFO - [2024-09-21 12:22:03,629] {dagbag.py:507} INFO - Filling up the DagBag from /home/airflow/.local/lib/python3.7/site-packages/airflow/example_dags/example_task_group_decorator.py
[2024-09-21 12:22:03,714] {processor.py:651} INFO - DAG(s) dict_keys(['example_task_group_decorator']) retrieved from /home/airflow/.local/lib/python3.7/site-packages/airflow/example_dags/example_task_group_decorator.py
[2024-09-21 12:22:04,200] {logging_mixin.py:115} INFO - [2024-09-21 12:22:04,200] {dag.py:2379} INFO - Sync 1 DAGs
[2024-09-21 12:22:04,228] {logging_mixin.py:115} INFO - [2024-09-21 12:22:04,227] {dag.py:2927} INFO - Setting next_dagrun for example_task_group_decorator to 2024-09-20T12:22:04.227597+00:00, run_after=2024-09-21T12:22:04.227597+00:00
[2024-09-21 12:22:04,248] {processor.py:161} INFO - Processing /home/airflow/.local/lib/python3.7/site-packages/airflow/example_dags/example_task_group_decorator.py took 0.636 seconds
[2024-09-21 12:22:35,004] {processor.py:153} INFO - Started process (PID=192) to work on /home/airflow/.local/lib/python3.7/site-packages/airflow/example_dags/example_task_group_decorator.py
[2024-09-21 12:22:35,005] {processor.py:641} INFO - Processing file /home/airflow/.local/lib/python3.7/site-packages/airflow/example_dags/example_task_group_decorator.py for tasks to queue
[2024-09-21 12:22:35,006] {logging_mixin.py:115} INFO - [2024-09-21 12:22:35,006] {dagbag.py:507} INFO - Filling up the DagBag from /home/airflow/.local/lib/python3.7/site-packages/airflow/example_dags/example_task_group_decorator.py
[2024-09-21 12:22:35,036] {processor.py:651} INFO - DAG(s) dict_keys(['example_task_group_decorator']) retrieved from /home/airflow/.local/lib/python3.7/site-packages/airflow/example_dags/example_task_group_decorator.py
[2024-09-21 12:22:35,282] {logging_mixin.py:115} INFO - [2024-09-21 12:22:35,281] {dag.py:2379} INFO - Sync 1 DAGs
[2024-09-21 12:22:35,300] {logging_mixin.py:115} INFO - [2024-09-21 12:22:35,300] {dag.py:2927} INFO - Setting next_dagrun for example_task_group_decorator to 2024-09-20T12:22:35.300550+00:00, run_after=2024-09-21T12:22:35.300550+00:00
[2024-09-21 12:22:35,314] {processor.py:161} INFO - Processing /home/airflow/.local/lib/python3.7/site-packages/airflow/example_dags/example_task_group_decorator.py took 0.313 seconds
[2024-09-21 12:23:05,348] {processor.py:153} INFO - Started process (PID=235) to work on /home/airflow/.local/lib/python3.7/site-packages/airflow/example_dags/example_task_group_decorator.py
[2024-09-21 12:23:05,358] {processor.py:641} INFO - Processing file /home/airflow/.local/lib/python3.7/site-packages/airflow/example_dags/example_task_group_decorator.py for tasks to queue
[2024-09-21 12:23:05,359] {logging_mixin.py:115} INFO - [2024-09-21 12:23:05,359] {dagbag.py:507} INFO - Filling up the DagBag from /home/airflow/.local/lib/python3.7/site-packages/airflow/example_dags/example_task_group_decorator.py
[2024-09-21 12:23:05,390] {processor.py:651} INFO - DAG(s) dict_keys(['example_task_group_decorator']) retrieved from /home/airflow/.local/lib/python3.7/site-packages/airflow/example_dags/example_task_group_decorator.py
[2024-09-21 12:23:05,593] {logging_mixin.py:115} INFO - [2024-09-21 12:23:05,593] {dag.py:2379} INFO - Sync 1 DAGs
[2024-09-21 12:23:05,610] {logging_mixin.py:115} INFO - [2024-09-21 12:23:05,610] {dag.py:2927} INFO - Setting next_dagrun for example_task_group_decorator to 2024-09-20T12:23:05.610309+00:00, run_after=2024-09-21T12:23:05.610309+00:00
[2024-09-21 12:23:05,624] {processor.py:161} INFO - Processing /home/airflow/.local/lib/python3.7/site-packages/airflow/example_dags/example_task_group_decorator.py took 0.282 seconds
[2024-09-21 12:23:35,756] {processor.py:153} INFO - Started process (PID=276) to work on /home/airflow/.local/lib/python3.7/site-packages/airflow/example_dags/example_task_group_decorator.py
[2024-09-21 12:23:35,766] {processor.py:641} INFO - Processing file /home/airflow/.local/lib/python3.7/site-packages/airflow/example_dags/example_task_group_decorator.py for tasks to queue
[2024-09-21 12:23:35,767] {logging_mixin.py:115} INFO - [2024-09-21 12:23:35,767] {dagbag.py:507} INFO - Filling up the DagBag from /home/airflow/.local/lib/python3.7/site-packages/airflow/example_dags/example_task_group_decorator.py
[2024-09-21 12:23:35,789] {processor.py:651} INFO - DAG(s) dict_keys(['example_task_group_decorator']) retrieved from /home/airflow/.local/lib/python3.7/site-packages/airflow/example_dags/example_task_group_decorator.py
[2024-09-21 12:23:36,198] {logging_mixin.py:115} INFO - [2024-09-21 12:23:36,198] {dag.py:2379} INFO - Sync 1 DAGs
[2024-09-21 12:23:36,218] {logging_mixin.py:115} INFO - [2024-09-21 12:23:36,218] {dag.py:2927} INFO - Setting next_dagrun for example_task_group_decorator to 2024-09-20T12:23:36.217883+00:00, run_after=2024-09-21T12:23:36.217883+00:00
[2024-09-21 12:23:36,235] {processor.py:161} INFO - Processing /home/airflow/.local/lib/python3.7/site-packages/airflow/example_dags/example_task_group_decorator.py took 0.484 seconds
[2024-09-21 12:24:07,099] {processor.py:153} INFO - Started process (PID=321) to work on /home/airflow/.local/lib/python3.7/site-packages/airflow/example_dags/example_task_group_decorator.py
[2024-09-21 12:24:07,100] {processor.py:641} INFO - Processing file /home/airflow/.local/lib/python3.7/site-packages/airflow/example_dags/example_task_group_decorator.py for tasks to queue
[2024-09-21 12:24:07,101] {logging_mixin.py:115} INFO - [2024-09-21 12:24:07,101] {dagbag.py:507} INFO - Filling up the DagBag from /home/airflow/.local/lib/python3.7/site-packages/airflow/example_dags/example_task_group_decorator.py
[2024-09-21 12:24:07,122] {processor.py:651} INFO - DAG(s) dict_keys(['example_task_group_decorator']) retrieved from /home/airflow/.local/lib/python3.7/site-packages/airflow/example_dags/example_task_group_decorator.py
[2024-09-21 12:24:07,147] {logging_mixin.py:115} INFO - [2024-09-21 12:24:07,147] {dag.py:2379} INFO - Sync 1 DAGs
[2024-09-21 12:24:07,167] {logging_mixin.py:115} INFO - [2024-09-21 12:24:07,167] {dag.py:2927} INFO - Setting next_dagrun for example_task_group_decorator to 2024-09-20T12:24:07.167128+00:00, run_after=2024-09-21T12:24:07.167128+00:00
[2024-09-21 12:24:07,178] {processor.py:161} INFO - Processing /home/airflow/.local/lib/python3.7/site-packages/airflow/example_dags/example_task_group_decorator.py took 0.084 seconds
[2024-09-21 12:24:37,532] {processor.py:153} INFO - Started process (PID=363) to work on /home/airflow/.local/lib/python3.7/site-packages/airflow/example_dags/example_task_group_decorator.py
[2024-09-21 12:24:37,533] {processor.py:641} INFO - Processing file /home/airflow/.local/lib/python3.7/site-packages/airflow/example_dags/example_task_group_decorator.py for tasks to queue
[2024-09-21 12:24:37,534] {logging_mixin.py:115} INFO - [2024-09-21 12:24:37,534] {dagbag.py:507} INFO - Filling up the DagBag from /home/airflow/.local/lib/python3.7/site-packages/airflow/example_dags/example_task_group_decorator.py
[2024-09-21 12:24:37,558] {processor.py:651} INFO - DAG(s) dict_keys(['example_task_group_decorator']) retrieved from /home/airflow/.local/lib/python3.7/site-packages/airflow/example_dags/example_task_group_decorator.py
[2024-09-21 12:24:37,770] {logging_mixin.py:115} INFO - [2024-09-21 12:24:37,770] {dag.py:2379} INFO - Sync 1 DAGs
[2024-09-21 12:24:37,787] {logging_mixin.py:115} INFO - [2024-09-21 12:24:37,787] {dag.py:2927} INFO - Setting next_dagrun for example_task_group_decorator to 2024-09-20T12:24:37.786916+00:00, run_after=2024-09-21T12:24:37.786916+00:00
[2024-09-21 12:24:37,800] {processor.py:161} INFO - Processing /home/airflow/.local/lib/python3.7/site-packages/airflow/example_dags/example_task_group_decorator.py took 0.273 seconds
[2024-09-21 12:25:07,891] {processor.py:153} INFO - Started process (PID=405) to work on /home/airflow/.local/lib/python3.7/site-packages/airflow/example_dags/example_task_group_decorator.py
[2024-09-21 12:25:07,892] {processor.py:641} INFO - Processing file /home/airflow/.local/lib/python3.7/site-packages/airflow/example_dags/example_task_group_decorator.py for tasks to queue
[2024-09-21 12:25:07,892] {logging_mixin.py:115} INFO - [2024-09-21 12:25:07,892] {dagbag.py:507} INFO - Filling up the DagBag from /home/airflow/.local/lib/python3.7/site-packages/airflow/example_dags/example_task_group_decorator.py
[2024-09-21 12:25:07,912] {processor.py:651} INFO - DAG(s) dict_keys(['example_task_group_decorator']) retrieved from /home/airflow/.local/lib/python3.7/site-packages/airflow/example_dags/example_task_group_decorator.py
[2024-09-21 12:25:08,127] {logging_mixin.py:115} INFO - [2024-09-21 12:25:08,126] {dag.py:2379} INFO - Sync 1 DAGs
[2024-09-21 12:25:08,144] {logging_mixin.py:115} INFO - [2024-09-21 12:25:08,144] {dag.py:2927} INFO - Setting next_dagrun for example_task_group_decorator to 2024-09-20T12:25:08.143872+00:00, run_after=2024-09-21T12:25:08.143872+00:00
[2024-09-21 12:25:08,158] {processor.py:161} INFO - Processing /home/airflow/.local/lib/python3.7/site-packages/airflow/example_dags/example_task_group_decorator.py took 0.272 seconds
[2024-09-21 12:25:39,124] {processor.py:153} INFO - Started process (PID=447) to work on /home/airflow/.local/lib/python3.7/site-packages/airflow/example_dags/example_task_group_decorator.py
[2024-09-21 12:25:39,125] {processor.py:641} INFO - Processing file /home/airflow/.local/lib/python3.7/site-packages/airflow/example_dags/example_task_group_decorator.py for tasks to queue
[2024-09-21 12:25:39,126] {logging_mixin.py:115} INFO - [2024-09-21 12:25:39,126] {dagbag.py:507} INFO - Filling up the DagBag from /home/airflow/.local/lib/python3.7/site-packages/airflow/example_dags/example_task_group_decorator.py
[2024-09-21 12:25:39,148] {processor.py:651} INFO - DAG(s) dict_keys(['example_task_group_decorator']) retrieved from /home/airflow/.local/lib/python3.7/site-packages/airflow/example_dags/example_task_group_decorator.py
[2024-09-21 12:25:39,358] {logging_mixin.py:115} INFO - [2024-09-21 12:25:39,358] {dag.py:2379} INFO - Sync 1 DAGs
[2024-09-21 12:25:39,379] {logging_mixin.py:115} INFO - [2024-09-21 12:25:39,379] {dag.py:2927} INFO - Setting next_dagrun for example_task_group_decorator to 2024-09-20T12:25:39.379558+00:00, run_after=2024-09-21T12:25:39.379558+00:00
[2024-09-21 12:25:39,390] {processor.py:161} INFO - Processing /home/airflow/.local/lib/python3.7/site-packages/airflow/example_dags/example_task_group_decorator.py took 0.271 seconds
[2024-09-21 12:26:09,514] {processor.py:153} INFO - Started process (PID=488) to work on /home/airflow/.local/lib/python3.7/site-packages/airflow/example_dags/example_task_group_decorator.py
[2024-09-21 12:26:09,514] {processor.py:641} INFO - Processing file /home/airflow/.local/lib/python3.7/site-packages/airflow/example_dags/example_task_group_decorator.py for tasks to queue
[2024-09-21 12:26:09,515] {logging_mixin.py:115} INFO - [2024-09-21 12:26:09,515] {dagbag.py:507} INFO - Filling up the DagBag from /home/airflow/.local/lib/python3.7/site-packages/airflow/example_dags/example_task_group_decorator.py
[2024-09-21 12:26:09,535] {processor.py:651} INFO - DAG(s) dict_keys(['example_task_group_decorator']) retrieved from /home/airflow/.local/lib/python3.7/site-packages/airflow/example_dags/example_task_group_decorator.py
[2024-09-21 12:26:09,560] {logging_mixin.py:115} INFO - [2024-09-21 12:26:09,560] {dag.py:2379} INFO - Sync 1 DAGs
[2024-09-21 12:26:09,581] {logging_mixin.py:115} INFO - [2024-09-21 12:26:09,580] {dag.py:2927} INFO - Setting next_dagrun for example_task_group_decorator to 2024-09-20T12:26:09.580683+00:00, run_after=2024-09-21T12:26:09.580683+00:00
[2024-09-21 12:26:09,591] {processor.py:161} INFO - Processing /home/airflow/.local/lib/python3.7/site-packages/airflow/example_dags/example_task_group_decorator.py took 0.080 seconds
[2024-09-21 12:26:39,658] {processor.py:153} INFO - Started process (PID=530) to work on /home/airflow/.local/lib/python3.7/site-packages/airflow/example_dags/example_task_group_decorator.py
[2024-09-21 12:26:39,658] {processor.py:641} INFO - Processing file /home/airflow/.local/lib/python3.7/site-packages/airflow/example_dags/example_task_group_decorator.py for tasks to queue
[2024-09-21 12:26:39,659] {logging_mixin.py:115} INFO - [2024-09-21 12:26:39,659] {dagbag.py:507} INFO - Filling up the DagBag from /home/airflow/.local/lib/python3.7/site-packages/airflow/example_dags/example_task_group_decorator.py
[2024-09-21 12:26:39,680] {processor.py:651} INFO - DAG(s) dict_keys(['example_task_group_decorator']) retrieved from /home/airflow/.local/lib/python3.7/site-packages/airflow/example_dags/example_task_group_decorator.py
[2024-09-21 12:26:39,857] {logging_mixin.py:115} INFO - [2024-09-21 12:26:39,856] {dag.py:2379} INFO - Sync 1 DAGs
[2024-09-21 12:26:39,880] {logging_mixin.py:115} INFO - [2024-09-21 12:26:39,879] {dag.py:2927} INFO - Setting next_dagrun for example_task_group_decorator to 2024-09-20T12:26:39.879704+00:00, run_after=2024-09-21T12:26:39.879704+00:00
[2024-09-21 12:26:39,895] {processor.py:161} INFO - Processing /home/airflow/.local/lib/python3.7/site-packages/airflow/example_dags/example_task_group_decorator.py took 0.242 seconds
[2024-09-21 12:27:10,117] {processor.py:153} INFO - Started process (PID=572) to work on /home/airflow/.local/lib/python3.7/site-packages/airflow/example_dags/example_task_group_decorator.py
[2024-09-21 12:27:10,118] {processor.py:641} INFO - Processing file /home/airflow/.local/lib/python3.7/site-packages/airflow/example_dags/example_task_group_decorator.py for tasks to queue
[2024-09-21 12:27:10,119] {logging_mixin.py:115} INFO - [2024-09-21 12:27:10,118] {dagbag.py:507} INFO - Filling up the DagBag from /home/airflow/.local/lib/python3.7/site-packages/airflow/example_dags/example_task_group_decorator.py
[2024-09-21 12:27:10,139] {processor.py:651} INFO - DAG(s) dict_keys(['example_task_group_decorator']) retrieved from /home/airflow/.local/lib/python3.7/site-packages/airflow/example_dags/example_task_group_decorator.py
[2024-09-21 12:27:10,312] {logging_mixin.py:115} INFO - [2024-09-21 12:27:10,312] {dag.py:2379} INFO - Sync 1 DAGs
[2024-09-21 12:27:10,330] {logging_mixin.py:115} INFO - [2024-09-21 12:27:10,330] {dag.py:2927} INFO - Setting next_dagrun for example_task_group_decorator to 2024-09-20T12:27:10.329899+00:00, run_after=2024-09-21T12:27:10.329899+00:00
[2024-09-21 12:27:10,352] {processor.py:161} INFO - Processing /home/airflow/.local/lib/python3.7/site-packages/airflow/example_dags/example_task_group_decorator.py took 0.239 seconds
[2024-09-21 12:27:40,409] {processor.py:153} INFO - Started process (PID=614) to work on /home/airflow/.local/lib/python3.7/site-packages/airflow/example_dags/example_task_group_decorator.py
[2024-09-21 12:27:40,410] {processor.py:641} INFO - Processing file /home/airflow/.local/lib/python3.7/site-packages/airflow/example_dags/example_task_group_decorator.py for tasks to queue
[2024-09-21 12:27:40,410] {logging_mixin.py:115} INFO - [2024-09-21 12:27:40,410] {dagbag.py:507} INFO - Filling up the DagBag from /home/airflow/.local/lib/python3.7/site-packages/airflow/example_dags/example_task_group_decorator.py
[2024-09-21 12:27:40,430] {processor.py:651} INFO - DAG(s) dict_keys(['example_task_group_decorator']) retrieved from /home/airflow/.local/lib/python3.7/site-packages/airflow/example_dags/example_task_group_decorator.py
[2024-09-21 12:27:40,607] {logging_mixin.py:115} INFO - [2024-09-21 12:27:40,607] {dag.py:2379} INFO - Sync 1 DAGs
[2024-09-21 12:27:40,624] {logging_mixin.py:115} INFO - [2024-09-21 12:27:40,624] {dag.py:2927} INFO - Setting next_dagrun for example_task_group_decorator to 2024-09-20T12:27:40.624058+00:00, run_after=2024-09-21T12:27:40.624058+00:00
[2024-09-21 12:27:40,637] {processor.py:161} INFO - Processing /home/airflow/.local/lib/python3.7/site-packages/airflow/example_dags/example_task_group_decorator.py took 0.230 seconds
[2024-09-21 12:28:10,717] {processor.py:153} INFO - Started process (PID=656) to work on /home/airflow/.local/lib/python3.7/site-packages/airflow/example_dags/example_task_group_decorator.py
[2024-09-21 12:28:10,723] {processor.py:641} INFO - Processing file /home/airflow/.local/lib/python3.7/site-packages/airflow/example_dags/example_task_group_decorator.py for tasks to queue
[2024-09-21 12:28:10,724] {logging_mixin.py:115} INFO - [2024-09-21 12:28:10,724] {dagbag.py:507} INFO - Filling up the DagBag from /home/airflow/.local/lib/python3.7/site-packages/airflow/example_dags/example_task_group_decorator.py
[2024-09-21 12:28:10,746] {processor.py:651} INFO - DAG(s) dict_keys(['example_task_group_decorator']) retrieved from /home/airflow/.local/lib/python3.7/site-packages/airflow/example_dags/example_task_group_decorator.py
[2024-09-21 12:28:10,769] {logging_mixin.py:115} INFO - [2024-09-21 12:28:10,769] {dag.py:2379} INFO - Sync 1 DAGs
[2024-09-21 12:28:10,788] {logging_mixin.py:115} INFO - [2024-09-21 12:28:10,788] {dag.py:2927} INFO - Setting next_dagrun for example_task_group_decorator to 2024-09-20T12:28:10.788490+00:00, run_after=2024-09-21T12:28:10.788490+00:00
[2024-09-21 12:28:10,799] {processor.py:161} INFO - Processing /home/airflow/.local/lib/python3.7/site-packages/airflow/example_dags/example_task_group_decorator.py took 0.087 seconds
[2024-09-21 12:28:41,129] {processor.py:153} INFO - Started process (PID=698) to work on /home/airflow/.local/lib/python3.7/site-packages/airflow/example_dags/example_task_group_decorator.py
[2024-09-21 12:28:41,129] {processor.py:641} INFO - Processing file /home/airflow/.local/lib/python3.7/site-packages/airflow/example_dags/example_task_group_decorator.py for tasks to queue
[2024-09-21 12:28:41,129] {logging_mixin.py:115} INFO - [2024-09-21 12:28:41,129] {dagbag.py:507} INFO - Filling up the DagBag from /home/airflow/.local/lib/python3.7/site-packages/airflow/example_dags/example_task_group_decorator.py
[2024-09-21 12:28:41,149] {processor.py:651} INFO - DAG(s) dict_keys(['example_task_group_decorator']) retrieved from /home/airflow/.local/lib/python3.7/site-packages/airflow/example_dags/example_task_group_decorator.py
[2024-09-21 12:28:41,332] {logging_mixin.py:115} INFO - [2024-09-21 12:28:41,332] {dag.py:2379} INFO - Sync 1 DAGs
[2024-09-21 12:28:41,350] {logging_mixin.py:115} INFO - [2024-09-21 12:28:41,350] {dag.py:2927} INFO - Setting next_dagrun for example_task_group_decorator to 2024-09-20T12:28:41.350204+00:00, run_after=2024-09-21T12:28:41.350204+00:00
[2024-09-21 12:28:41,373] {processor.py:161} INFO - Processing /home/airflow/.local/lib/python3.7/site-packages/airflow/example_dags/example_task_group_decorator.py took 0.247 seconds
[2024-09-21 12:29:11,993] {processor.py:153} INFO - Started process (PID=740) to work on /home/airflow/.local/lib/python3.7/site-packages/airflow/example_dags/example_task_group_decorator.py
[2024-09-21 12:29:11,994] {processor.py:641} INFO - Processing file /home/airflow/.local/lib/python3.7/site-packages/airflow/example_dags/example_task_group_decorator.py for tasks to queue
[2024-09-21 12:29:11,994] {logging_mixin.py:115} INFO - [2024-09-21 12:29:11,994] {dagbag.py:507} INFO - Filling up the DagBag from /home/airflow/.local/lib/python3.7/site-packages/airflow/example_dags/example_task_group_decorator.py
[2024-09-21 12:29:12,014] {processor.py:651} INFO - DAG(s) dict_keys(['example_task_group_decorator']) retrieved from /home/airflow/.local/lib/python3.7/site-packages/airflow/example_dags/example_task_group_decorator.py
[2024-09-21 12:29:12,036] {logging_mixin.py:115} INFO - [2024-09-21 12:29:12,036] {dag.py:2379} INFO - Sync 1 DAGs
[2024-09-21 12:29:12,055] {logging_mixin.py:115} INFO - [2024-09-21 12:29:12,055] {dag.py:2927} INFO - Setting next_dagrun for example_task_group_decorator to 2024-09-20T12:29:12.055463+00:00, run_after=2024-09-21T12:29:12.055463+00:00
[2024-09-21 12:29:12,066] {processor.py:161} INFO - Processing /home/airflow/.local/lib/python3.7/site-packages/airflow/example_dags/example_task_group_decorator.py took 0.075 seconds
[2024-09-21 12:29:42,170] {processor.py:153} INFO - Started process (PID=782) to work on /home/airflow/.local/lib/python3.7/site-packages/airflow/example_dags/example_task_group_decorator.py
[2024-09-21 12:29:42,174] {processor.py:641} INFO - Processing file /home/airflow/.local/lib/python3.7/site-packages/airflow/example_dags/example_task_group_decorator.py for tasks to queue
[2024-09-21 12:29:42,174] {logging_mixin.py:115} INFO - [2024-09-21 12:29:42,174] {dagbag.py:507} INFO - Filling up the DagBag from /home/airflow/.local/lib/python3.7/site-packages/airflow/example_dags/example_task_group_decorator.py
[2024-09-21 12:29:42,196] {processor.py:651} INFO - DAG(s) dict_keys(['example_task_group_decorator']) retrieved from /home/airflow/.local/lib/python3.7/site-packages/airflow/example_dags/example_task_group_decorator.py
[2024-09-21 12:29:42,220] {logging_mixin.py:115} INFO - [2024-09-21 12:29:42,220] {dag.py:2379} INFO - Sync 1 DAGs
[2024-09-21 12:29:42,240] {logging_mixin.py:115} INFO - [2024-09-21 12:29:42,240] {dag.py:2927} INFO - Setting next_dagrun for example_task_group_decorator to 2024-09-20T12:29:42.240409+00:00, run_after=2024-09-21T12:29:42.240409+00:00
[2024-09-21 12:29:42,251] {processor.py:161} INFO - Processing /home/airflow/.local/lib/python3.7/site-packages/airflow/example_dags/example_task_group_decorator.py took 0.086 seconds
[2024-09-21 12:30:13,161] {processor.py:153} INFO - Started process (PID=824) to work on /home/airflow/.local/lib/python3.7/site-packages/airflow/example_dags/example_task_group_decorator.py
[2024-09-21 12:30:13,161] {processor.py:641} INFO - Processing file /home/airflow/.local/lib/python3.7/site-packages/airflow/example_dags/example_task_group_decorator.py for tasks to queue
[2024-09-21 12:30:13,162] {logging_mixin.py:115} INFO - [2024-09-21 12:30:13,162] {dagbag.py:507} INFO - Filling up the DagBag from /home/airflow/.local/lib/python3.7/site-packages/airflow/example_dags/example_task_group_decorator.py
[2024-09-21 12:30:13,181] {processor.py:651} INFO - DAG(s) dict_keys(['example_task_group_decorator']) retrieved from /home/airflow/.local/lib/python3.7/site-packages/airflow/example_dags/example_task_group_decorator.py
[2024-09-21 12:30:13,205] {logging_mixin.py:115} INFO - [2024-09-21 12:30:13,205] {dag.py:2379} INFO - Sync 1 DAGs
[2024-09-21 12:30:13,224] {logging_mixin.py:115} INFO - [2024-09-21 12:30:13,223] {dag.py:2927} INFO - Setting next_dagrun for example_task_group_decorator to 2024-09-20T12:30:13.223697+00:00, run_after=2024-09-21T12:30:13.223697+00:00
[2024-09-21 12:30:13,234] {processor.py:161} INFO - Processing /home/airflow/.local/lib/python3.7/site-packages/airflow/example_dags/example_task_group_decorator.py took 0.075 seconds
[2024-09-21 12:30:43,358] {processor.py:153} INFO - Started process (PID=866) to work on /home/airflow/.local/lib/python3.7/site-packages/airflow/example_dags/example_task_group_decorator.py
[2024-09-21 12:30:43,360] {processor.py:641} INFO - Processing file /home/airflow/.local/lib/python3.7/site-packages/airflow/example_dags/example_task_group_decorator.py for tasks to queue
[2024-09-21 12:30:43,362] {logging_mixin.py:115} INFO - [2024-09-21 12:30:43,361] {dagbag.py:507} INFO - Filling up the DagBag from /home/airflow/.local/lib/python3.7/site-packages/airflow/example_dags/example_task_group_decorator.py
[2024-09-21 12:30:43,393] {processor.py:651} INFO - DAG(s) dict_keys(['example_task_group_decorator']) retrieved from /home/airflow/.local/lib/python3.7/site-packages/airflow/example_dags/example_task_group_decorator.py
[2024-09-21 12:30:43,600] {logging_mixin.py:115} INFO - [2024-09-21 12:30:43,600] {dag.py:2379} INFO - Sync 1 DAGs
[2024-09-21 12:30:43,618] {logging_mixin.py:115} INFO - [2024-09-21 12:30:43,617] {dag.py:2927} INFO - Setting next_dagrun for example_task_group_decorator to 2024-09-20T12:30:43.617675+00:00, run_after=2024-09-21T12:30:43.617675+00:00
[2024-09-21 12:30:43,631] {processor.py:161} INFO - Processing /home/airflow/.local/lib/python3.7/site-packages/airflow/example_dags/example_task_group_decorator.py took 0.278 seconds
[2024-09-21 12:35:12,510] {processor.py:153} INFO - Started process (PID=75) to work on /home/airflow/.local/lib/python3.7/site-packages/airflow/example_dags/example_task_group_decorator.py
[2024-09-21 12:35:12,511] {processor.py:641} INFO - Processing file /home/airflow/.local/lib/python3.7/site-packages/airflow/example_dags/example_task_group_decorator.py for tasks to queue
[2024-09-21 12:35:12,512] {logging_mixin.py:115} INFO - [2024-09-21 12:35:12,512] {dagbag.py:507} INFO - Filling up the DagBag from /home/airflow/.local/lib/python3.7/site-packages/airflow/example_dags/example_task_group_decorator.py
[2024-09-21 12:35:12,575] {processor.py:651} INFO - DAG(s) dict_keys(['example_task_group_decorator']) retrieved from /home/airflow/.local/lib/python3.7/site-packages/airflow/example_dags/example_task_group_decorator.py
[2024-09-21 12:35:13,006] {logging_mixin.py:115} INFO - [2024-09-21 12:35:13,006] {dag.py:2379} INFO - Sync 1 DAGs
[2024-09-21 12:35:13,043] {logging_mixin.py:115} INFO - [2024-09-21 12:35:13,042] {dag.py:2927} INFO - Setting next_dagrun for example_task_group_decorator to 2024-09-20T12:35:13.042645+00:00, run_after=2024-09-21T12:35:13.042645+00:00
[2024-09-21 12:35:13,072] {processor.py:161} INFO - Processing /home/airflow/.local/lib/python3.7/site-packages/airflow/example_dags/example_task_group_decorator.py took 0.578 seconds
[2024-09-21 12:35:43,492] {processor.py:153} INFO - Started process (PID=137) to work on /home/airflow/.local/lib/python3.7/site-packages/airflow/example_dags/example_task_group_decorator.py
[2024-09-21 12:35:43,493] {processor.py:641} INFO - Processing file /home/airflow/.local/lib/python3.7/site-packages/airflow/example_dags/example_task_group_decorator.py for tasks to queue
[2024-09-21 12:35:43,494] {logging_mixin.py:115} INFO - [2024-09-21 12:35:43,494] {dagbag.py:507} INFO - Filling up the DagBag from /home/airflow/.local/lib/python3.7/site-packages/airflow/example_dags/example_task_group_decorator.py
[2024-09-21 12:35:43,528] {processor.py:651} INFO - DAG(s) dict_keys(['example_task_group_decorator']) retrieved from /home/airflow/.local/lib/python3.7/site-packages/airflow/example_dags/example_task_group_decorator.py
[2024-09-21 12:35:43,850] {logging_mixin.py:115} INFO - [2024-09-21 12:35:43,850] {dag.py:2379} INFO - Sync 1 DAGs
[2024-09-21 12:35:43,877] {logging_mixin.py:115} INFO - [2024-09-21 12:35:43,877] {dag.py:2927} INFO - Setting next_dagrun for example_task_group_decorator to 2024-09-20T12:35:43.877197+00:00, run_after=2024-09-21T12:35:43.877197+00:00
[2024-09-21 12:35:43,900] {processor.py:161} INFO - Processing /home/airflow/.local/lib/python3.7/site-packages/airflow/example_dags/example_task_group_decorator.py took 0.413 seconds
[2024-09-21 12:36:14,132] {processor.py:153} INFO - Started process (PID=181) to work on /home/airflow/.local/lib/python3.7/site-packages/airflow/example_dags/example_task_group_decorator.py
[2024-09-21 12:36:14,133] {processor.py:641} INFO - Processing file /home/airflow/.local/lib/python3.7/site-packages/airflow/example_dags/example_task_group_decorator.py for tasks to queue
[2024-09-21 12:36:14,133] {logging_mixin.py:115} INFO - [2024-09-21 12:36:14,133] {dagbag.py:507} INFO - Filling up the DagBag from /home/airflow/.local/lib/python3.7/site-packages/airflow/example_dags/example_task_group_decorator.py
[2024-09-21 12:36:14,164] {processor.py:651} INFO - DAG(s) dict_keys(['example_task_group_decorator']) retrieved from /home/airflow/.local/lib/python3.7/site-packages/airflow/example_dags/example_task_group_decorator.py
[2024-09-21 12:36:14,410] {logging_mixin.py:115} INFO - [2024-09-21 12:36:14,410] {dag.py:2379} INFO - Sync 1 DAGs
[2024-09-21 12:36:14,434] {logging_mixin.py:115} INFO - [2024-09-21 12:36:14,434] {dag.py:2927} INFO - Setting next_dagrun for example_task_group_decorator to 2024-09-20T12:36:14.434233+00:00, run_after=2024-09-21T12:36:14.434233+00:00
[2024-09-21 12:36:14,457] {processor.py:161} INFO - Processing /home/airflow/.local/lib/python3.7/site-packages/airflow/example_dags/example_task_group_decorator.py took 0.330 seconds
[2024-09-21 12:36:44,538] {processor.py:153} INFO - Started process (PID=223) to work on /home/airflow/.local/lib/python3.7/site-packages/airflow/example_dags/example_task_group_decorator.py
[2024-09-21 12:36:44,540] {processor.py:641} INFO - Processing file /home/airflow/.local/lib/python3.7/site-packages/airflow/example_dags/example_task_group_decorator.py for tasks to queue
[2024-09-21 12:36:44,542] {logging_mixin.py:115} INFO - [2024-09-21 12:36:44,542] {dagbag.py:507} INFO - Filling up the DagBag from /home/airflow/.local/lib/python3.7/site-packages/airflow/example_dags/example_task_group_decorator.py
[2024-09-21 12:36:44,581] {processor.py:651} INFO - DAG(s) dict_keys(['example_task_group_decorator']) retrieved from /home/airflow/.local/lib/python3.7/site-packages/airflow/example_dags/example_task_group_decorator.py
[2024-09-21 12:36:44,926] {logging_mixin.py:115} INFO - [2024-09-21 12:36:44,926] {dag.py:2379} INFO - Sync 1 DAGs
[2024-09-21 12:36:44,954] {logging_mixin.py:115} INFO - [2024-09-21 12:36:44,954] {dag.py:2927} INFO - Setting next_dagrun for example_task_group_decorator to 2024-09-20T12:36:44.954406+00:00, run_after=2024-09-21T12:36:44.954406+00:00
[2024-09-21 12:36:44,976] {processor.py:161} INFO - Processing /home/airflow/.local/lib/python3.7/site-packages/airflow/example_dags/example_task_group_decorator.py took 0.443 seconds
[2024-09-21 12:37:15,437] {processor.py:153} INFO - Started process (PID=274) to work on /home/airflow/.local/lib/python3.7/site-packages/airflow/example_dags/example_task_group_decorator.py
[2024-09-21 12:37:15,438] {processor.py:641} INFO - Processing file /home/airflow/.local/lib/python3.7/site-packages/airflow/example_dags/example_task_group_decorator.py for tasks to queue
[2024-09-21 12:37:15,438] {logging_mixin.py:115} INFO - [2024-09-21 12:37:15,438] {dagbag.py:507} INFO - Filling up the DagBag from /home/airflow/.local/lib/python3.7/site-packages/airflow/example_dags/example_task_group_decorator.py
[2024-09-21 12:37:15,471] {processor.py:651} INFO - DAG(s) dict_keys(['example_task_group_decorator']) retrieved from /home/airflow/.local/lib/python3.7/site-packages/airflow/example_dags/example_task_group_decorator.py
[2024-09-21 12:37:15,827] {logging_mixin.py:115} INFO - [2024-09-21 12:37:15,827] {dag.py:2379} INFO - Sync 1 DAGs
[2024-09-21 12:37:15,853] {logging_mixin.py:115} INFO - [2024-09-21 12:37:15,853] {dag.py:2927} INFO - Setting next_dagrun for example_task_group_decorator to 2024-09-20T12:37:15.853175+00:00, run_after=2024-09-21T12:37:15.853175+00:00
[2024-09-21 12:37:15,873] {processor.py:161} INFO - Processing /home/airflow/.local/lib/python3.7/site-packages/airflow/example_dags/example_task_group_decorator.py took 0.441 seconds
[2024-09-21 20:17:50,913] {processor.py:153} INFO - Started process (PID=92) to work on /home/airflow/.local/lib/python3.7/site-packages/airflow/example_dags/example_task_group_decorator.py
[2024-09-21 20:17:50,915] {processor.py:641} INFO - Processing file /home/airflow/.local/lib/python3.7/site-packages/airflow/example_dags/example_task_group_decorator.py for tasks to queue
[2024-09-21 20:17:50,916] {logging_mixin.py:115} INFO - [2024-09-21 20:17:50,916] {dagbag.py:507} INFO - Filling up the DagBag from /home/airflow/.local/lib/python3.7/site-packages/airflow/example_dags/example_task_group_decorator.py
[2024-09-21 20:17:51,106] {processor.py:651} INFO - DAG(s) dict_keys(['example_task_group_decorator']) retrieved from /home/airflow/.local/lib/python3.7/site-packages/airflow/example_dags/example_task_group_decorator.py
[2024-09-21 20:17:51,622] {logging_mixin.py:115} INFO - [2024-09-21 20:17:51,621] {dag.py:2379} INFO - Sync 1 DAGs
[2024-09-21 20:17:51,648] {logging_mixin.py:115} INFO - [2024-09-21 20:17:51,647] {dag.py:2927} INFO - Setting next_dagrun for example_task_group_decorator to 2024-09-20T20:17:51.647619+00:00, run_after=2024-09-21T20:17:51.647619+00:00
[2024-09-21 20:17:51,699] {processor.py:161} INFO - Processing /home/airflow/.local/lib/python3.7/site-packages/airflow/example_dags/example_task_group_decorator.py took 0.791 seconds
[2024-09-21 20:18:21,963] {processor.py:153} INFO - Started process (PID=165) to work on /home/airflow/.local/lib/python3.7/site-packages/airflow/example_dags/example_task_group_decorator.py
[2024-09-21 20:18:21,965] {processor.py:641} INFO - Processing file /home/airflow/.local/lib/python3.7/site-packages/airflow/example_dags/example_task_group_decorator.py for tasks to queue
[2024-09-21 20:18:21,965] {logging_mixin.py:115} INFO - [2024-09-21 20:18:21,965] {dagbag.py:507} INFO - Filling up the DagBag from /home/airflow/.local/lib/python3.7/site-packages/airflow/example_dags/example_task_group_decorator.py
[2024-09-21 20:18:21,998] {processor.py:651} INFO - DAG(s) dict_keys(['example_task_group_decorator']) retrieved from /home/airflow/.local/lib/python3.7/site-packages/airflow/example_dags/example_task_group_decorator.py
[2024-09-21 20:18:22,217] {logging_mixin.py:115} INFO - [2024-09-21 20:18:22,217] {dag.py:2379} INFO - Sync 1 DAGs
[2024-09-21 20:18:22,241] {logging_mixin.py:115} INFO - [2024-09-21 20:18:22,241] {dag.py:2927} INFO - Setting next_dagrun for example_task_group_decorator to 2024-09-20T20:18:22.241009+00:00, run_after=2024-09-21T20:18:22.241009+00:00
[2024-09-21 20:18:22,264] {processor.py:161} INFO - Processing /home/airflow/.local/lib/python3.7/site-packages/airflow/example_dags/example_task_group_decorator.py took 0.305 seconds
[2024-09-21 20:18:52,322] {processor.py:153} INFO - Started process (PID=206) to work on /home/airflow/.local/lib/python3.7/site-packages/airflow/example_dags/example_task_group_decorator.py
[2024-09-21 20:18:52,322] {processor.py:641} INFO - Processing file /home/airflow/.local/lib/python3.7/site-packages/airflow/example_dags/example_task_group_decorator.py for tasks to queue
[2024-09-21 20:18:52,323] {logging_mixin.py:115} INFO - [2024-09-21 20:18:52,323] {dagbag.py:507} INFO - Filling up the DagBag from /home/airflow/.local/lib/python3.7/site-packages/airflow/example_dags/example_task_group_decorator.py
[2024-09-21 20:18:52,354] {processor.py:651} INFO - DAG(s) dict_keys(['example_task_group_decorator']) retrieved from /home/airflow/.local/lib/python3.7/site-packages/airflow/example_dags/example_task_group_decorator.py
[2024-09-21 20:18:52,572] {logging_mixin.py:115} INFO - [2024-09-21 20:18:52,572] {dag.py:2379} INFO - Sync 1 DAGs
[2024-09-21 20:18:52,596] {logging_mixin.py:115} INFO - [2024-09-21 20:18:52,596] {dag.py:2927} INFO - Setting next_dagrun for example_task_group_decorator to 2024-09-20T20:18:52.596341+00:00, run_after=2024-09-21T20:18:52.596341+00:00
[2024-09-21 20:18:52,619] {processor.py:161} INFO - Processing /home/airflow/.local/lib/python3.7/site-packages/airflow/example_dags/example_task_group_decorator.py took 0.301 seconds
[2024-09-21 20:19:23,251] {processor.py:153} INFO - Started process (PID=246) to work on /home/airflow/.local/lib/python3.7/site-packages/airflow/example_dags/example_task_group_decorator.py
[2024-09-21 20:19:23,252] {processor.py:641} INFO - Processing file /home/airflow/.local/lib/python3.7/site-packages/airflow/example_dags/example_task_group_decorator.py for tasks to queue
[2024-09-21 20:19:23,253] {logging_mixin.py:115} INFO - [2024-09-21 20:19:23,253] {dagbag.py:507} INFO - Filling up the DagBag from /home/airflow/.local/lib/python3.7/site-packages/airflow/example_dags/example_task_group_decorator.py
[2024-09-21 20:19:23,285] {processor.py:651} INFO - DAG(s) dict_keys(['example_task_group_decorator']) retrieved from /home/airflow/.local/lib/python3.7/site-packages/airflow/example_dags/example_task_group_decorator.py
[2024-09-21 20:19:23,518] {logging_mixin.py:115} INFO - [2024-09-21 20:19:23,518] {dag.py:2379} INFO - Sync 1 DAGs
[2024-09-21 20:19:23,544] {logging_mixin.py:115} INFO - [2024-09-21 20:19:23,544] {dag.py:2927} INFO - Setting next_dagrun for example_task_group_decorator to 2024-09-20T20:19:23.544489+00:00, run_after=2024-09-21T20:19:23.544489+00:00
[2024-09-21 20:19:23,561] {processor.py:161} INFO - Processing /home/airflow/.local/lib/python3.7/site-packages/airflow/example_dags/example_task_group_decorator.py took 0.313 seconds
[2024-09-21 22:29:15,235] {processor.py:153} INFO - Started process (PID=97) to work on /home/airflow/.local/lib/python3.7/site-packages/airflow/example_dags/example_task_group_decorator.py
[2024-09-21 22:29:15,236] {processor.py:641} INFO - Processing file /home/airflow/.local/lib/python3.7/site-packages/airflow/example_dags/example_task_group_decorator.py for tasks to queue
[2024-09-21 22:29:15,237] {logging_mixin.py:115} INFO - [2024-09-21 22:29:15,237] {dagbag.py:507} INFO - Filling up the DagBag from /home/airflow/.local/lib/python3.7/site-packages/airflow/example_dags/example_task_group_decorator.py
[2024-09-21 22:29:15,337] {processor.py:651} INFO - DAG(s) dict_keys(['example_task_group_decorator']) retrieved from /home/airflow/.local/lib/python3.7/site-packages/airflow/example_dags/example_task_group_decorator.py
[2024-09-21 22:29:16,224] {logging_mixin.py:115} INFO - [2024-09-21 22:29:16,224] {dag.py:2379} INFO - Sync 1 DAGs
[2024-09-21 22:29:16,297] {logging_mixin.py:115} INFO - [2024-09-21 22:29:16,297] {dag.py:2927} INFO - Setting next_dagrun for example_task_group_decorator to 2024-09-20T22:29:16.296930+00:00, run_after=2024-09-21T22:29:16.296930+00:00
[2024-09-21 22:29:16,365] {processor.py:161} INFO - Processing /home/airflow/.local/lib/python3.7/site-packages/airflow/example_dags/example_task_group_decorator.py took 1.141 seconds
