[2024-09-21 12:04:50,299] {processor.py:153} INFO - Started process (PID=50) to work on /home/airflow/.local/lib/python3.7/site-packages/airflow/example_dags/example_python_operator.py
[2024-09-21 12:04:50,299] {processor.py:641} INFO - Processing file /home/airflow/.local/lib/python3.7/site-packages/airflow/example_dags/example_python_operator.py for tasks to queue
[2024-09-21 12:04:50,300] {logging_mixin.py:115} INFO - [2024-09-21 12:04:50,300] {dagbag.py:507} INFO - Filling up the DagBag from /home/airflow/.local/lib/python3.7/site-packages/airflow/example_dags/example_python_operator.py
[2024-09-21 12:04:50,391] {processor.py:651} INFO - DAG(s) dict_keys(['example_python_operator']) retrieved from /home/airflow/.local/lib/python3.7/site-packages/airflow/example_dags/example_python_operator.py
[2024-09-21 12:04:50,481] {logging_mixin.py:115} INFO - [2024-09-21 12:04:50,480] {dag.py:2379} INFO - Sync 1 DAGs
[2024-09-21 12:04:50,537] {logging_mixin.py:115} INFO - [2024-09-21 12:04:50,537] {dag.py:2927} INFO - Setting next_dagrun for example_python_operator to None, run_after=None
[2024-09-21 12:04:50,579] {processor.py:161} INFO - Processing /home/airflow/.local/lib/python3.7/site-packages/airflow/example_dags/example_python_operator.py took 0.297 seconds
[2024-09-21 12:05:21,260] {processor.py:153} INFO - Started process (PID=117) to work on /home/airflow/.local/lib/python3.7/site-packages/airflow/example_dags/example_python_operator.py
[2024-09-21 12:05:21,260] {processor.py:641} INFO - Processing file /home/airflow/.local/lib/python3.7/site-packages/airflow/example_dags/example_python_operator.py for tasks to queue
[2024-09-21 12:05:21,261] {logging_mixin.py:115} INFO - [2024-09-21 12:05:21,261] {dagbag.py:507} INFO - Filling up the DagBag from /home/airflow/.local/lib/python3.7/site-packages/airflow/example_dags/example_python_operator.py
[2024-09-21 12:05:21,305] {processor.py:651} INFO - DAG(s) dict_keys(['example_python_operator']) retrieved from /home/airflow/.local/lib/python3.7/site-packages/airflow/example_dags/example_python_operator.py
[2024-09-21 12:05:21,368] {logging_mixin.py:115} INFO - [2024-09-21 12:05:21,367] {dag.py:2379} INFO - Sync 1 DAGs
[2024-09-21 12:05:21,468] {logging_mixin.py:115} INFO - [2024-09-21 12:05:21,468] {dag.py:2927} INFO - Setting next_dagrun for example_python_operator to None, run_after=None
[2024-09-21 12:05:21,513] {processor.py:161} INFO - Processing /home/airflow/.local/lib/python3.7/site-packages/airflow/example_dags/example_python_operator.py took 0.263 seconds
[2024-09-21 12:05:52,258] {processor.py:153} INFO - Started process (PID=159) to work on /home/airflow/.local/lib/python3.7/site-packages/airflow/example_dags/example_python_operator.py
[2024-09-21 12:05:52,260] {processor.py:641} INFO - Processing file /home/airflow/.local/lib/python3.7/site-packages/airflow/example_dags/example_python_operator.py for tasks to queue
[2024-09-21 12:05:52,263] {logging_mixin.py:115} INFO - [2024-09-21 12:05:52,262] {dagbag.py:507} INFO - Filling up the DagBag from /home/airflow/.local/lib/python3.7/site-packages/airflow/example_dags/example_python_operator.py
[2024-09-21 12:05:52,295] {processor.py:651} INFO - DAG(s) dict_keys(['example_python_operator']) retrieved from /home/airflow/.local/lib/python3.7/site-packages/airflow/example_dags/example_python_operator.py
[2024-09-21 12:05:52,364] {logging_mixin.py:115} INFO - [2024-09-21 12:05:52,364] {dag.py:2379} INFO - Sync 1 DAGs
[2024-09-21 12:05:52,399] {logging_mixin.py:115} INFO - [2024-09-21 12:05:52,399] {dag.py:2927} INFO - Setting next_dagrun for example_python_operator to None, run_after=None
[2024-09-21 12:05:52,420] {processor.py:161} INFO - Processing /home/airflow/.local/lib/python3.7/site-packages/airflow/example_dags/example_python_operator.py took 0.175 seconds
[2024-09-21 12:06:22,849] {processor.py:153} INFO - Started process (PID=200) to work on /home/airflow/.local/lib/python3.7/site-packages/airflow/example_dags/example_python_operator.py
[2024-09-21 12:06:22,850] {processor.py:641} INFO - Processing file /home/airflow/.local/lib/python3.7/site-packages/airflow/example_dags/example_python_operator.py for tasks to queue
[2024-09-21 12:06:22,850] {logging_mixin.py:115} INFO - [2024-09-21 12:06:22,850] {dagbag.py:507} INFO - Filling up the DagBag from /home/airflow/.local/lib/python3.7/site-packages/airflow/example_dags/example_python_operator.py
[2024-09-21 12:06:22,879] {processor.py:651} INFO - DAG(s) dict_keys(['example_python_operator']) retrieved from /home/airflow/.local/lib/python3.7/site-packages/airflow/example_dags/example_python_operator.py
[2024-09-21 12:06:22,905] {logging_mixin.py:115} INFO - [2024-09-21 12:06:22,905] {dag.py:2379} INFO - Sync 1 DAGs
[2024-09-21 12:06:22,935] {logging_mixin.py:115} INFO - [2024-09-21 12:06:22,934] {dag.py:2927} INFO - Setting next_dagrun for example_python_operator to None, run_after=None
[2024-09-21 12:06:22,953] {processor.py:161} INFO - Processing /home/airflow/.local/lib/python3.7/site-packages/airflow/example_dags/example_python_operator.py took 0.108 seconds
[2024-09-21 12:06:53,093] {processor.py:153} INFO - Started process (PID=248) to work on /home/airflow/.local/lib/python3.7/site-packages/airflow/example_dags/example_python_operator.py
[2024-09-21 12:06:53,093] {processor.py:641} INFO - Processing file /home/airflow/.local/lib/python3.7/site-packages/airflow/example_dags/example_python_operator.py for tasks to queue
[2024-09-21 12:06:53,094] {logging_mixin.py:115} INFO - [2024-09-21 12:06:53,094] {dagbag.py:507} INFO - Filling up the DagBag from /home/airflow/.local/lib/python3.7/site-packages/airflow/example_dags/example_python_operator.py
[2024-09-21 12:06:53,112] {processor.py:651} INFO - DAG(s) dict_keys(['example_python_operator']) retrieved from /home/airflow/.local/lib/python3.7/site-packages/airflow/example_dags/example_python_operator.py
[2024-09-21 12:06:53,136] {logging_mixin.py:115} INFO - [2024-09-21 12:06:53,136] {dag.py:2379} INFO - Sync 1 DAGs
[2024-09-21 12:06:53,158] {logging_mixin.py:115} INFO - [2024-09-21 12:06:53,158] {dag.py:2927} INFO - Setting next_dagrun for example_python_operator to None, run_after=None
[2024-09-21 12:06:53,170] {processor.py:161} INFO - Processing /home/airflow/.local/lib/python3.7/site-packages/airflow/example_dags/example_python_operator.py took 0.081 seconds
[2024-09-21 12:07:23,412] {processor.py:153} INFO - Started process (PID=290) to work on /home/airflow/.local/lib/python3.7/site-packages/airflow/example_dags/example_python_operator.py
[2024-09-21 12:07:23,414] {processor.py:641} INFO - Processing file /home/airflow/.local/lib/python3.7/site-packages/airflow/example_dags/example_python_operator.py for tasks to queue
[2024-09-21 12:07:23,414] {logging_mixin.py:115} INFO - [2024-09-21 12:07:23,414] {dagbag.py:507} INFO - Filling up the DagBag from /home/airflow/.local/lib/python3.7/site-packages/airflow/example_dags/example_python_operator.py
[2024-09-21 12:07:23,434] {processor.py:651} INFO - DAG(s) dict_keys(['example_python_operator']) retrieved from /home/airflow/.local/lib/python3.7/site-packages/airflow/example_dags/example_python_operator.py
[2024-09-21 12:07:23,464] {logging_mixin.py:115} INFO - [2024-09-21 12:07:23,463] {dag.py:2379} INFO - Sync 1 DAGs
[2024-09-21 12:07:23,487] {logging_mixin.py:115} INFO - [2024-09-21 12:07:23,487] {dag.py:2927} INFO - Setting next_dagrun for example_python_operator to None, run_after=None
[2024-09-21 12:07:23,504] {processor.py:161} INFO - Processing /home/airflow/.local/lib/python3.7/site-packages/airflow/example_dags/example_python_operator.py took 0.096 seconds
[2024-09-21 12:07:54,003] {processor.py:153} INFO - Started process (PID=331) to work on /home/airflow/.local/lib/python3.7/site-packages/airflow/example_dags/example_python_operator.py
[2024-09-21 12:07:54,004] {processor.py:641} INFO - Processing file /home/airflow/.local/lib/python3.7/site-packages/airflow/example_dags/example_python_operator.py for tasks to queue
[2024-09-21 12:07:54,005] {logging_mixin.py:115} INFO - [2024-09-21 12:07:54,005] {dagbag.py:507} INFO - Filling up the DagBag from /home/airflow/.local/lib/python3.7/site-packages/airflow/example_dags/example_python_operator.py
[2024-09-21 12:07:54,027] {processor.py:651} INFO - DAG(s) dict_keys(['example_python_operator']) retrieved from /home/airflow/.local/lib/python3.7/site-packages/airflow/example_dags/example_python_operator.py
[2024-09-21 12:07:54,052] {logging_mixin.py:115} INFO - [2024-09-21 12:07:54,052] {dag.py:2379} INFO - Sync 1 DAGs
[2024-09-21 12:07:54,071] {logging_mixin.py:115} INFO - [2024-09-21 12:07:54,071] {dag.py:2927} INFO - Setting next_dagrun for example_python_operator to None, run_after=None
[2024-09-21 12:07:54,083] {processor.py:161} INFO - Processing /home/airflow/.local/lib/python3.7/site-packages/airflow/example_dags/example_python_operator.py took 0.084 seconds
[2024-09-21 12:08:24,526] {processor.py:153} INFO - Started process (PID=372) to work on /home/airflow/.local/lib/python3.7/site-packages/airflow/example_dags/example_python_operator.py
[2024-09-21 12:08:24,527] {processor.py:641} INFO - Processing file /home/airflow/.local/lib/python3.7/site-packages/airflow/example_dags/example_python_operator.py for tasks to queue
[2024-09-21 12:08:24,528] {logging_mixin.py:115} INFO - [2024-09-21 12:08:24,528] {dagbag.py:507} INFO - Filling up the DagBag from /home/airflow/.local/lib/python3.7/site-packages/airflow/example_dags/example_python_operator.py
[2024-09-21 12:08:24,549] {processor.py:651} INFO - DAG(s) dict_keys(['example_python_operator']) retrieved from /home/airflow/.local/lib/python3.7/site-packages/airflow/example_dags/example_python_operator.py
[2024-09-21 12:08:24,570] {logging_mixin.py:115} INFO - [2024-09-21 12:08:24,570] {dag.py:2379} INFO - Sync 1 DAGs
[2024-09-21 12:08:24,590] {logging_mixin.py:115} INFO - [2024-09-21 12:08:24,590] {dag.py:2927} INFO - Setting next_dagrun for example_python_operator to None, run_after=None
[2024-09-21 12:08:24,600] {processor.py:161} INFO - Processing /home/airflow/.local/lib/python3.7/site-packages/airflow/example_dags/example_python_operator.py took 0.079 seconds
[2024-09-21 12:08:54,739] {processor.py:153} INFO - Started process (PID=414) to work on /home/airflow/.local/lib/python3.7/site-packages/airflow/example_dags/example_python_operator.py
[2024-09-21 12:08:54,740] {processor.py:641} INFO - Processing file /home/airflow/.local/lib/python3.7/site-packages/airflow/example_dags/example_python_operator.py for tasks to queue
[2024-09-21 12:08:54,740] {logging_mixin.py:115} INFO - [2024-09-21 12:08:54,740] {dagbag.py:507} INFO - Filling up the DagBag from /home/airflow/.local/lib/python3.7/site-packages/airflow/example_dags/example_python_operator.py
[2024-09-21 12:08:54,758] {processor.py:651} INFO - DAG(s) dict_keys(['example_python_operator']) retrieved from /home/airflow/.local/lib/python3.7/site-packages/airflow/example_dags/example_python_operator.py
[2024-09-21 12:08:54,782] {logging_mixin.py:115} INFO - [2024-09-21 12:08:54,782] {dag.py:2379} INFO - Sync 1 DAGs
[2024-09-21 12:08:54,801] {logging_mixin.py:115} INFO - [2024-09-21 12:08:54,801] {dag.py:2927} INFO - Setting next_dagrun for example_python_operator to None, run_after=None
[2024-09-21 12:08:54,811] {processor.py:161} INFO - Processing /home/airflow/.local/lib/python3.7/site-packages/airflow/example_dags/example_python_operator.py took 0.076 seconds
[2024-09-21 12:09:25,368] {processor.py:153} INFO - Started process (PID=456) to work on /home/airflow/.local/lib/python3.7/site-packages/airflow/example_dags/example_python_operator.py
[2024-09-21 12:09:25,369] {processor.py:641} INFO - Processing file /home/airflow/.local/lib/python3.7/site-packages/airflow/example_dags/example_python_operator.py for tasks to queue
[2024-09-21 12:09:25,369] {logging_mixin.py:115} INFO - [2024-09-21 12:09:25,369] {dagbag.py:507} INFO - Filling up the DagBag from /home/airflow/.local/lib/python3.7/site-packages/airflow/example_dags/example_python_operator.py
[2024-09-21 12:09:25,403] {processor.py:651} INFO - DAG(s) dict_keys(['example_python_operator']) retrieved from /home/airflow/.local/lib/python3.7/site-packages/airflow/example_dags/example_python_operator.py
[2024-09-21 12:09:25,437] {logging_mixin.py:115} INFO - [2024-09-21 12:09:25,437] {dag.py:2379} INFO - Sync 1 DAGs
[2024-09-21 12:09:25,466] {logging_mixin.py:115} INFO - [2024-09-21 12:09:25,466] {dag.py:2927} INFO - Setting next_dagrun for example_python_operator to None, run_after=None
[2024-09-21 12:09:25,492] {processor.py:161} INFO - Processing /home/airflow/.local/lib/python3.7/site-packages/airflow/example_dags/example_python_operator.py took 0.129 seconds
[2024-09-21 12:10:23,836] {processor.py:153} INFO - Started process (PID=499) to work on /home/airflow/.local/lib/python3.7/site-packages/airflow/example_dags/example_python_operator.py
[2024-09-21 12:10:23,853] {processor.py:641} INFO - Processing file /home/airflow/.local/lib/python3.7/site-packages/airflow/example_dags/example_python_operator.py for tasks to queue
[2024-09-21 12:10:23,875] {logging_mixin.py:115} INFO - [2024-09-21 12:10:23,875] {dagbag.py:507} INFO - Filling up the DagBag from /home/airflow/.local/lib/python3.7/site-packages/airflow/example_dags/example_python_operator.py
[2024-09-21 12:10:40,315] {processor.py:651} INFO - DAG(s) dict_keys(['example_python_operator']) retrieved from /home/airflow/.local/lib/python3.7/site-packages/airflow/example_dags/example_python_operator.py
[2024-09-21 12:10:40,761] {logging_mixin.py:115} INFO - [2024-09-21 12:10:40,761] {dag.py:2379} INFO - Sync 1 DAGs
[2024-09-21 12:10:40,931] {logging_mixin.py:115} INFO - [2024-09-21 12:10:40,929] {dag.py:2927} INFO - Setting next_dagrun for example_python_operator to None, run_after=None
[2024-09-21 12:10:41,010] {processor.py:161} INFO - Processing /home/airflow/.local/lib/python3.7/site-packages/airflow/example_dags/example_python_operator.py took 17.287 seconds
[2024-09-21 12:21:25,918] {processor.py:153} INFO - Started process (PID=50) to work on /home/airflow/.local/lib/python3.7/site-packages/airflow/example_dags/example_python_operator.py
[2024-09-21 12:21:25,924] {processor.py:641} INFO - Processing file /home/airflow/.local/lib/python3.7/site-packages/airflow/example_dags/example_python_operator.py for tasks to queue
[2024-09-21 12:21:25,925] {logging_mixin.py:115} INFO - [2024-09-21 12:21:25,925] {dagbag.py:507} INFO - Filling up the DagBag from /home/airflow/.local/lib/python3.7/site-packages/airflow/example_dags/example_python_operator.py
[2024-09-21 12:21:26,021] {processor.py:651} INFO - DAG(s) dict_keys(['example_python_operator']) retrieved from /home/airflow/.local/lib/python3.7/site-packages/airflow/example_dags/example_python_operator.py
[2024-09-21 12:21:26,116] {logging_mixin.py:115} INFO - [2024-09-21 12:21:26,115] {dag.py:2379} INFO - Sync 1 DAGs
[2024-09-21 12:21:26,234] {logging_mixin.py:115} INFO - [2024-09-21 12:21:26,234] {dag.py:2927} INFO - Setting next_dagrun for example_python_operator to None, run_after=None
[2024-09-21 12:21:26,263] {processor.py:161} INFO - Processing /home/airflow/.local/lib/python3.7/site-packages/airflow/example_dags/example_python_operator.py took 0.353 seconds
[2024-09-21 12:21:56,571] {processor.py:153} INFO - Started process (PID=112) to work on /home/airflow/.local/lib/python3.7/site-packages/airflow/example_dags/example_python_operator.py
[2024-09-21 12:21:56,576] {processor.py:641} INFO - Processing file /home/airflow/.local/lib/python3.7/site-packages/airflow/example_dags/example_python_operator.py for tasks to queue
[2024-09-21 12:21:56,577] {logging_mixin.py:115} INFO - [2024-09-21 12:21:56,577] {dagbag.py:507} INFO - Filling up the DagBag from /home/airflow/.local/lib/python3.7/site-packages/airflow/example_dags/example_python_operator.py
[2024-09-21 12:21:56,595] {processor.py:651} INFO - DAG(s) dict_keys(['example_python_operator']) retrieved from /home/airflow/.local/lib/python3.7/site-packages/airflow/example_dags/example_python_operator.py
[2024-09-21 12:21:56,617] {logging_mixin.py:115} INFO - [2024-09-21 12:21:56,617] {dag.py:2379} INFO - Sync 1 DAGs
[2024-09-21 12:21:56,635] {logging_mixin.py:115} INFO - [2024-09-21 12:21:56,635] {dag.py:2927} INFO - Setting next_dagrun for example_python_operator to None, run_after=None
[2024-09-21 12:21:56,644] {processor.py:161} INFO - Processing /home/airflow/.local/lib/python3.7/site-packages/airflow/example_dags/example_python_operator.py took 0.075 seconds
[2024-09-21 12:22:26,739] {processor.py:153} INFO - Started process (PID=162) to work on /home/airflow/.local/lib/python3.7/site-packages/airflow/example_dags/example_python_operator.py
[2024-09-21 12:22:26,740] {processor.py:641} INFO - Processing file /home/airflow/.local/lib/python3.7/site-packages/airflow/example_dags/example_python_operator.py for tasks to queue
[2024-09-21 12:22:26,741] {logging_mixin.py:115} INFO - [2024-09-21 12:22:26,741] {dagbag.py:507} INFO - Filling up the DagBag from /home/airflow/.local/lib/python3.7/site-packages/airflow/example_dags/example_python_operator.py
[2024-09-21 12:22:26,779] {processor.py:651} INFO - DAG(s) dict_keys(['example_python_operator']) retrieved from /home/airflow/.local/lib/python3.7/site-packages/airflow/example_dags/example_python_operator.py
[2024-09-21 12:22:26,846] {logging_mixin.py:115} INFO - [2024-09-21 12:22:26,846] {dag.py:2379} INFO - Sync 1 DAGs
[2024-09-21 12:22:26,891] {logging_mixin.py:115} INFO - [2024-09-21 12:22:26,891] {dag.py:2927} INFO - Setting next_dagrun for example_python_operator to None, run_after=None
[2024-09-21 12:22:26,914] {processor.py:161} INFO - Processing /home/airflow/.local/lib/python3.7/site-packages/airflow/example_dags/example_python_operator.py took 0.187 seconds
[2024-09-21 12:22:57,506] {processor.py:153} INFO - Started process (PID=205) to work on /home/airflow/.local/lib/python3.7/site-packages/airflow/example_dags/example_python_operator.py
[2024-09-21 12:22:57,516] {processor.py:641} INFO - Processing file /home/airflow/.local/lib/python3.7/site-packages/airflow/example_dags/example_python_operator.py for tasks to queue
[2024-09-21 12:22:57,517] {logging_mixin.py:115} INFO - [2024-09-21 12:22:57,517] {dagbag.py:507} INFO - Filling up the DagBag from /home/airflow/.local/lib/python3.7/site-packages/airflow/example_dags/example_python_operator.py
[2024-09-21 12:22:57,538] {processor.py:651} INFO - DAG(s) dict_keys(['example_python_operator']) retrieved from /home/airflow/.local/lib/python3.7/site-packages/airflow/example_dags/example_python_operator.py
[2024-09-21 12:22:57,561] {logging_mixin.py:115} INFO - [2024-09-21 12:22:57,561] {dag.py:2379} INFO - Sync 1 DAGs
[2024-09-21 12:22:57,581] {logging_mixin.py:115} INFO - [2024-09-21 12:22:57,581] {dag.py:2927} INFO - Setting next_dagrun for example_python_operator to None, run_after=None
[2024-09-21 12:22:57,591] {processor.py:161} INFO - Processing /home/airflow/.local/lib/python3.7/site-packages/airflow/example_dags/example_python_operator.py took 0.090 seconds
[2024-09-21 12:23:27,765] {processor.py:153} INFO - Started process (PID=246) to work on /home/airflow/.local/lib/python3.7/site-packages/airflow/example_dags/example_python_operator.py
[2024-09-21 12:23:27,767] {processor.py:641} INFO - Processing file /home/airflow/.local/lib/python3.7/site-packages/airflow/example_dags/example_python_operator.py for tasks to queue
[2024-09-21 12:23:27,768] {logging_mixin.py:115} INFO - [2024-09-21 12:23:27,768] {dagbag.py:507} INFO - Filling up the DagBag from /home/airflow/.local/lib/python3.7/site-packages/airflow/example_dags/example_python_operator.py
[2024-09-21 12:23:27,794] {processor.py:651} INFO - DAG(s) dict_keys(['example_python_operator']) retrieved from /home/airflow/.local/lib/python3.7/site-packages/airflow/example_dags/example_python_operator.py
[2024-09-21 12:23:27,845] {logging_mixin.py:115} INFO - [2024-09-21 12:23:27,845] {dag.py:2379} INFO - Sync 1 DAGs
[2024-09-21 12:23:27,870] {logging_mixin.py:115} INFO - [2024-09-21 12:23:27,870] {dag.py:2927} INFO - Setting next_dagrun for example_python_operator to None, run_after=None
[2024-09-21 12:23:27,882] {processor.py:161} INFO - Processing /home/airflow/.local/lib/python3.7/site-packages/airflow/example_dags/example_python_operator.py took 0.127 seconds
[2024-09-21 12:23:58,347] {processor.py:153} INFO - Started process (PID=288) to work on /home/airflow/.local/lib/python3.7/site-packages/airflow/example_dags/example_python_operator.py
[2024-09-21 12:23:58,358] {processor.py:641} INFO - Processing file /home/airflow/.local/lib/python3.7/site-packages/airflow/example_dags/example_python_operator.py for tasks to queue
[2024-09-21 12:23:58,359] {logging_mixin.py:115} INFO - [2024-09-21 12:23:58,358] {dagbag.py:507} INFO - Filling up the DagBag from /home/airflow/.local/lib/python3.7/site-packages/airflow/example_dags/example_python_operator.py
[2024-09-21 12:23:58,380] {processor.py:651} INFO - DAG(s) dict_keys(['example_python_operator']) retrieved from /home/airflow/.local/lib/python3.7/site-packages/airflow/example_dags/example_python_operator.py
[2024-09-21 12:23:58,404] {logging_mixin.py:115} INFO - [2024-09-21 12:23:58,404] {dag.py:2379} INFO - Sync 1 DAGs
[2024-09-21 12:23:58,423] {logging_mixin.py:115} INFO - [2024-09-21 12:23:58,423] {dag.py:2927} INFO - Setting next_dagrun for example_python_operator to None, run_after=None
[2024-09-21 12:23:58,433] {processor.py:161} INFO - Processing /home/airflow/.local/lib/python3.7/site-packages/airflow/example_dags/example_python_operator.py took 0.091 seconds
[2024-09-21 12:24:29,263] {processor.py:153} INFO - Started process (PID=330) to work on /home/airflow/.local/lib/python3.7/site-packages/airflow/example_dags/example_python_operator.py
[2024-09-21 12:24:29,273] {processor.py:641} INFO - Processing file /home/airflow/.local/lib/python3.7/site-packages/airflow/example_dags/example_python_operator.py for tasks to queue
[2024-09-21 12:24:29,274] {logging_mixin.py:115} INFO - [2024-09-21 12:24:29,274] {dagbag.py:507} INFO - Filling up the DagBag from /home/airflow/.local/lib/python3.7/site-packages/airflow/example_dags/example_python_operator.py
[2024-09-21 12:24:29,289] {processor.py:651} INFO - DAG(s) dict_keys(['example_python_operator']) retrieved from /home/airflow/.local/lib/python3.7/site-packages/airflow/example_dags/example_python_operator.py
[2024-09-21 12:24:29,312] {logging_mixin.py:115} INFO - [2024-09-21 12:24:29,312] {dag.py:2379} INFO - Sync 1 DAGs
[2024-09-21 12:24:29,331] {logging_mixin.py:115} INFO - [2024-09-21 12:24:29,331] {dag.py:2927} INFO - Setting next_dagrun for example_python_operator to None, run_after=None
[2024-09-21 12:24:29,341] {processor.py:161} INFO - Processing /home/airflow/.local/lib/python3.7/site-packages/airflow/example_dags/example_python_operator.py took 0.081 seconds
[2024-09-21 12:24:59,890] {processor.py:153} INFO - Started process (PID=372) to work on /home/airflow/.local/lib/python3.7/site-packages/airflow/example_dags/example_python_operator.py
[2024-09-21 12:24:59,901] {processor.py:641} INFO - Processing file /home/airflow/.local/lib/python3.7/site-packages/airflow/example_dags/example_python_operator.py for tasks to queue
[2024-09-21 12:24:59,902] {logging_mixin.py:115} INFO - [2024-09-21 12:24:59,902] {dagbag.py:507} INFO - Filling up the DagBag from /home/airflow/.local/lib/python3.7/site-packages/airflow/example_dags/example_python_operator.py
[2024-09-21 12:24:59,922] {processor.py:651} INFO - DAG(s) dict_keys(['example_python_operator']) retrieved from /home/airflow/.local/lib/python3.7/site-packages/airflow/example_dags/example_python_operator.py
[2024-09-21 12:24:59,946] {logging_mixin.py:115} INFO - [2024-09-21 12:24:59,946] {dag.py:2379} INFO - Sync 1 DAGs
[2024-09-21 12:24:59,966] {logging_mixin.py:115} INFO - [2024-09-21 12:24:59,966] {dag.py:2927} INFO - Setting next_dagrun for example_python_operator to None, run_after=None
[2024-09-21 12:24:59,975] {processor.py:161} INFO - Processing /home/airflow/.local/lib/python3.7/site-packages/airflow/example_dags/example_python_operator.py took 0.091 seconds
[2024-09-21 12:25:30,085] {processor.py:153} INFO - Started process (PID=415) to work on /home/airflow/.local/lib/python3.7/site-packages/airflow/example_dags/example_python_operator.py
[2024-09-21 12:25:30,086] {processor.py:641} INFO - Processing file /home/airflow/.local/lib/python3.7/site-packages/airflow/example_dags/example_python_operator.py for tasks to queue
[2024-09-21 12:25:30,087] {logging_mixin.py:115} INFO - [2024-09-21 12:25:30,087] {dagbag.py:507} INFO - Filling up the DagBag from /home/airflow/.local/lib/python3.7/site-packages/airflow/example_dags/example_python_operator.py
[2024-09-21 12:25:30,102] {processor.py:651} INFO - DAG(s) dict_keys(['example_python_operator']) retrieved from /home/airflow/.local/lib/python3.7/site-packages/airflow/example_dags/example_python_operator.py
[2024-09-21 12:25:30,124] {logging_mixin.py:115} INFO - [2024-09-21 12:25:30,124] {dag.py:2379} INFO - Sync 1 DAGs
[2024-09-21 12:25:30,143] {logging_mixin.py:115} INFO - [2024-09-21 12:25:30,143] {dag.py:2927} INFO - Setting next_dagrun for example_python_operator to None, run_after=None
[2024-09-21 12:25:30,154] {processor.py:161} INFO - Processing /home/airflow/.local/lib/python3.7/site-packages/airflow/example_dags/example_python_operator.py took 0.074 seconds
[2024-09-21 12:26:00,480] {processor.py:153} INFO - Started process (PID=455) to work on /home/airflow/.local/lib/python3.7/site-packages/airflow/example_dags/example_python_operator.py
[2024-09-21 12:26:00,481] {processor.py:641} INFO - Processing file /home/airflow/.local/lib/python3.7/site-packages/airflow/example_dags/example_python_operator.py for tasks to queue
[2024-09-21 12:26:00,482] {logging_mixin.py:115} INFO - [2024-09-21 12:26:00,482] {dagbag.py:507} INFO - Filling up the DagBag from /home/airflow/.local/lib/python3.7/site-packages/airflow/example_dags/example_python_operator.py
[2024-09-21 12:26:00,498] {processor.py:651} INFO - DAG(s) dict_keys(['example_python_operator']) retrieved from /home/airflow/.local/lib/python3.7/site-packages/airflow/example_dags/example_python_operator.py
[2024-09-21 12:26:00,521] {logging_mixin.py:115} INFO - [2024-09-21 12:26:00,521] {dag.py:2379} INFO - Sync 1 DAGs
[2024-09-21 12:26:00,544] {logging_mixin.py:115} INFO - [2024-09-21 12:26:00,544] {dag.py:2927} INFO - Setting next_dagrun for example_python_operator to None, run_after=None
[2024-09-21 12:26:00,554] {processor.py:161} INFO - Processing /home/airflow/.local/lib/python3.7/site-packages/airflow/example_dags/example_python_operator.py took 0.079 seconds
[2024-09-21 12:26:30,694] {processor.py:153} INFO - Started process (PID=497) to work on /home/airflow/.local/lib/python3.7/site-packages/airflow/example_dags/example_python_operator.py
[2024-09-21 12:26:30,696] {processor.py:641} INFO - Processing file /home/airflow/.local/lib/python3.7/site-packages/airflow/example_dags/example_python_operator.py for tasks to queue
[2024-09-21 12:26:30,696] {logging_mixin.py:115} INFO - [2024-09-21 12:26:30,696] {dagbag.py:507} INFO - Filling up the DagBag from /home/airflow/.local/lib/python3.7/site-packages/airflow/example_dags/example_python_operator.py
[2024-09-21 12:26:30,715] {processor.py:651} INFO - DAG(s) dict_keys(['example_python_operator']) retrieved from /home/airflow/.local/lib/python3.7/site-packages/airflow/example_dags/example_python_operator.py
[2024-09-21 12:26:30,741] {logging_mixin.py:115} INFO - [2024-09-21 12:26:30,741] {dag.py:2379} INFO - Sync 1 DAGs
[2024-09-21 12:26:30,768] {logging_mixin.py:115} INFO - [2024-09-21 12:26:30,768] {dag.py:2927} INFO - Setting next_dagrun for example_python_operator to None, run_after=None
[2024-09-21 12:26:30,786] {processor.py:161} INFO - Processing /home/airflow/.local/lib/python3.7/site-packages/airflow/example_dags/example_python_operator.py took 0.097 seconds
[2024-09-21 12:27:00,992] {processor.py:153} INFO - Started process (PID=539) to work on /home/airflow/.local/lib/python3.7/site-packages/airflow/example_dags/example_python_operator.py
[2024-09-21 12:27:00,993] {processor.py:641} INFO - Processing file /home/airflow/.local/lib/python3.7/site-packages/airflow/example_dags/example_python_operator.py for tasks to queue
[2024-09-21 12:27:00,993] {logging_mixin.py:115} INFO - [2024-09-21 12:27:00,993] {dagbag.py:507} INFO - Filling up the DagBag from /home/airflow/.local/lib/python3.7/site-packages/airflow/example_dags/example_python_operator.py
[2024-09-21 12:27:01,010] {processor.py:651} INFO - DAG(s) dict_keys(['example_python_operator']) retrieved from /home/airflow/.local/lib/python3.7/site-packages/airflow/example_dags/example_python_operator.py
[2024-09-21 12:27:01,035] {logging_mixin.py:115} INFO - [2024-09-21 12:27:01,035] {dag.py:2379} INFO - Sync 1 DAGs
[2024-09-21 12:27:01,056] {logging_mixin.py:115} INFO - [2024-09-21 12:27:01,056] {dag.py:2927} INFO - Setting next_dagrun for example_python_operator to None, run_after=None
[2024-09-21 12:27:01,067] {processor.py:161} INFO - Processing /home/airflow/.local/lib/python3.7/site-packages/airflow/example_dags/example_python_operator.py took 0.080 seconds
[2024-09-21 12:27:31,466] {processor.py:153} INFO - Started process (PID=581) to work on /home/airflow/.local/lib/python3.7/site-packages/airflow/example_dags/example_python_operator.py
[2024-09-21 12:27:31,476] {processor.py:641} INFO - Processing file /home/airflow/.local/lib/python3.7/site-packages/airflow/example_dags/example_python_operator.py for tasks to queue
[2024-09-21 12:27:31,477] {logging_mixin.py:115} INFO - [2024-09-21 12:27:31,477] {dagbag.py:507} INFO - Filling up the DagBag from /home/airflow/.local/lib/python3.7/site-packages/airflow/example_dags/example_python_operator.py
[2024-09-21 12:27:31,495] {processor.py:651} INFO - DAG(s) dict_keys(['example_python_operator']) retrieved from /home/airflow/.local/lib/python3.7/site-packages/airflow/example_dags/example_python_operator.py
[2024-09-21 12:27:31,524] {logging_mixin.py:115} INFO - [2024-09-21 12:27:31,524] {dag.py:2379} INFO - Sync 1 DAGs
[2024-09-21 12:27:31,546] {logging_mixin.py:115} INFO - [2024-09-21 12:27:31,546] {dag.py:2927} INFO - Setting next_dagrun for example_python_operator to None, run_after=None
[2024-09-21 12:27:31,560] {processor.py:161} INFO - Processing /home/airflow/.local/lib/python3.7/site-packages/airflow/example_dags/example_python_operator.py took 0.099 seconds
[2024-09-21 12:28:01,740] {processor.py:153} INFO - Started process (PID=623) to work on /home/airflow/.local/lib/python3.7/site-packages/airflow/example_dags/example_python_operator.py
[2024-09-21 12:28:01,741] {processor.py:641} INFO - Processing file /home/airflow/.local/lib/python3.7/site-packages/airflow/example_dags/example_python_operator.py for tasks to queue
[2024-09-21 12:28:01,742] {logging_mixin.py:115} INFO - [2024-09-21 12:28:01,741] {dagbag.py:507} INFO - Filling up the DagBag from /home/airflow/.local/lib/python3.7/site-packages/airflow/example_dags/example_python_operator.py
[2024-09-21 12:28:01,756] {processor.py:651} INFO - DAG(s) dict_keys(['example_python_operator']) retrieved from /home/airflow/.local/lib/python3.7/site-packages/airflow/example_dags/example_python_operator.py
[2024-09-21 12:28:01,779] {logging_mixin.py:115} INFO - [2024-09-21 12:28:01,779] {dag.py:2379} INFO - Sync 1 DAGs
[2024-09-21 12:28:01,800] {logging_mixin.py:115} INFO - [2024-09-21 12:28:01,800] {dag.py:2927} INFO - Setting next_dagrun for example_python_operator to None, run_after=None
[2024-09-21 12:28:01,811] {processor.py:161} INFO - Processing /home/airflow/.local/lib/python3.7/site-packages/airflow/example_dags/example_python_operator.py took 0.076 seconds
[2024-09-21 12:28:31,905] {processor.py:153} INFO - Started process (PID=665) to work on /home/airflow/.local/lib/python3.7/site-packages/airflow/example_dags/example_python_operator.py
[2024-09-21 12:28:31,915] {processor.py:641} INFO - Processing file /home/airflow/.local/lib/python3.7/site-packages/airflow/example_dags/example_python_operator.py for tasks to queue
[2024-09-21 12:28:31,916] {logging_mixin.py:115} INFO - [2024-09-21 12:28:31,916] {dagbag.py:507} INFO - Filling up the DagBag from /home/airflow/.local/lib/python3.7/site-packages/airflow/example_dags/example_python_operator.py
[2024-09-21 12:28:31,937] {processor.py:651} INFO - DAG(s) dict_keys(['example_python_operator']) retrieved from /home/airflow/.local/lib/python3.7/site-packages/airflow/example_dags/example_python_operator.py
[2024-09-21 12:28:31,965] {logging_mixin.py:115} INFO - [2024-09-21 12:28:31,965] {dag.py:2379} INFO - Sync 1 DAGs
[2024-09-21 12:28:31,986] {logging_mixin.py:115} INFO - [2024-09-21 12:28:31,986] {dag.py:2927} INFO - Setting next_dagrun for example_python_operator to None, run_after=None
[2024-09-21 12:28:31,997] {processor.py:161} INFO - Processing /home/airflow/.local/lib/python3.7/site-packages/airflow/example_dags/example_python_operator.py took 0.096 seconds
[2024-09-21 12:29:02,237] {processor.py:153} INFO - Started process (PID=707) to work on /home/airflow/.local/lib/python3.7/site-packages/airflow/example_dags/example_python_operator.py
[2024-09-21 12:29:02,247] {processor.py:641} INFO - Processing file /home/airflow/.local/lib/python3.7/site-packages/airflow/example_dags/example_python_operator.py for tasks to queue
[2024-09-21 12:29:02,248] {logging_mixin.py:115} INFO - [2024-09-21 12:29:02,248] {dagbag.py:507} INFO - Filling up the DagBag from /home/airflow/.local/lib/python3.7/site-packages/airflow/example_dags/example_python_operator.py
[2024-09-21 12:29:02,271] {processor.py:651} INFO - DAG(s) dict_keys(['example_python_operator']) retrieved from /home/airflow/.local/lib/python3.7/site-packages/airflow/example_dags/example_python_operator.py
[2024-09-21 12:29:02,295] {logging_mixin.py:115} INFO - [2024-09-21 12:29:02,295] {dag.py:2379} INFO - Sync 1 DAGs
[2024-09-21 12:29:02,316] {logging_mixin.py:115} INFO - [2024-09-21 12:29:02,316] {dag.py:2927} INFO - Setting next_dagrun for example_python_operator to None, run_after=None
[2024-09-21 12:29:02,326] {processor.py:161} INFO - Processing /home/airflow/.local/lib/python3.7/site-packages/airflow/example_dags/example_python_operator.py took 0.095 seconds
[2024-09-21 12:29:32,437] {processor.py:153} INFO - Started process (PID=750) to work on /home/airflow/.local/lib/python3.7/site-packages/airflow/example_dags/example_python_operator.py
[2024-09-21 12:29:32,438] {processor.py:641} INFO - Processing file /home/airflow/.local/lib/python3.7/site-packages/airflow/example_dags/example_python_operator.py for tasks to queue
[2024-09-21 12:29:32,439] {logging_mixin.py:115} INFO - [2024-09-21 12:29:32,439] {dagbag.py:507} INFO - Filling up the DagBag from /home/airflow/.local/lib/python3.7/site-packages/airflow/example_dags/example_python_operator.py
[2024-09-21 12:29:32,455] {processor.py:651} INFO - DAG(s) dict_keys(['example_python_operator']) retrieved from /home/airflow/.local/lib/python3.7/site-packages/airflow/example_dags/example_python_operator.py
[2024-09-21 12:29:32,480] {logging_mixin.py:115} INFO - [2024-09-21 12:29:32,480] {dag.py:2379} INFO - Sync 1 DAGs
[2024-09-21 12:29:32,502] {logging_mixin.py:115} INFO - [2024-09-21 12:29:32,502] {dag.py:2927} INFO - Setting next_dagrun for example_python_operator to None, run_after=None
[2024-09-21 12:29:32,517] {processor.py:161} INFO - Processing /home/airflow/.local/lib/python3.7/site-packages/airflow/example_dags/example_python_operator.py took 0.083 seconds
[2024-09-21 12:30:03,337] {processor.py:153} INFO - Started process (PID=791) to work on /home/airflow/.local/lib/python3.7/site-packages/airflow/example_dags/example_python_operator.py
[2024-09-21 12:30:03,338] {processor.py:641} INFO - Processing file /home/airflow/.local/lib/python3.7/site-packages/airflow/example_dags/example_python_operator.py for tasks to queue
[2024-09-21 12:30:03,339] {logging_mixin.py:115} INFO - [2024-09-21 12:30:03,339] {dagbag.py:507} INFO - Filling up the DagBag from /home/airflow/.local/lib/python3.7/site-packages/airflow/example_dags/example_python_operator.py
[2024-09-21 12:30:03,356] {processor.py:651} INFO - DAG(s) dict_keys(['example_python_operator']) retrieved from /home/airflow/.local/lib/python3.7/site-packages/airflow/example_dags/example_python_operator.py
[2024-09-21 12:30:03,380] {logging_mixin.py:115} INFO - [2024-09-21 12:30:03,380] {dag.py:2379} INFO - Sync 1 DAGs
[2024-09-21 12:30:03,399] {logging_mixin.py:115} INFO - [2024-09-21 12:30:03,398] {dag.py:2927} INFO - Setting next_dagrun for example_python_operator to None, run_after=None
[2024-09-21 12:30:03,409] {processor.py:161} INFO - Processing /home/airflow/.local/lib/python3.7/site-packages/airflow/example_dags/example_python_operator.py took 0.077 seconds
[2024-09-21 12:30:34,330] {processor.py:153} INFO - Started process (PID=833) to work on /home/airflow/.local/lib/python3.7/site-packages/airflow/example_dags/example_python_operator.py
[2024-09-21 12:30:34,341] {processor.py:641} INFO - Processing file /home/airflow/.local/lib/python3.7/site-packages/airflow/example_dags/example_python_operator.py for tasks to queue
[2024-09-21 12:30:34,342] {logging_mixin.py:115} INFO - [2024-09-21 12:30:34,342] {dagbag.py:507} INFO - Filling up the DagBag from /home/airflow/.local/lib/python3.7/site-packages/airflow/example_dags/example_python_operator.py
[2024-09-21 12:30:34,364] {processor.py:651} INFO - DAG(s) dict_keys(['example_python_operator']) retrieved from /home/airflow/.local/lib/python3.7/site-packages/airflow/example_dags/example_python_operator.py
[2024-09-21 12:30:34,389] {logging_mixin.py:115} INFO - [2024-09-21 12:30:34,388] {dag.py:2379} INFO - Sync 1 DAGs
[2024-09-21 12:30:34,409] {logging_mixin.py:115} INFO - [2024-09-21 12:30:34,409] {dag.py:2927} INFO - Setting next_dagrun for example_python_operator to None, run_after=None
[2024-09-21 12:30:34,421] {processor.py:161} INFO - Processing /home/airflow/.local/lib/python3.7/site-packages/airflow/example_dags/example_python_operator.py took 0.095 seconds
[2024-09-21 12:35:08,146] {processor.py:153} INFO - Started process (PID=42) to work on /home/airflow/.local/lib/python3.7/site-packages/airflow/example_dags/example_python_operator.py
[2024-09-21 12:35:08,148] {processor.py:641} INFO - Processing file /home/airflow/.local/lib/python3.7/site-packages/airflow/example_dags/example_python_operator.py for tasks to queue
[2024-09-21 12:35:08,148] {logging_mixin.py:115} INFO - [2024-09-21 12:35:08,148] {dagbag.py:507} INFO - Filling up the DagBag from /home/airflow/.local/lib/python3.7/site-packages/airflow/example_dags/example_python_operator.py
[2024-09-21 12:35:08,210] {processor.py:651} INFO - DAG(s) dict_keys(['example_python_operator']) retrieved from /home/airflow/.local/lib/python3.7/site-packages/airflow/example_dags/example_python_operator.py
[2024-09-21 12:35:08,291] {logging_mixin.py:115} INFO - [2024-09-21 12:35:08,291] {dag.py:2379} INFO - Sync 1 DAGs
[2024-09-21 12:35:08,359] {logging_mixin.py:115} INFO - [2024-09-21 12:35:08,359] {dag.py:2927} INFO - Setting next_dagrun for example_python_operator to None, run_after=None
[2024-09-21 12:35:08,391] {processor.py:161} INFO - Processing /home/airflow/.local/lib/python3.7/site-packages/airflow/example_dags/example_python_operator.py took 0.254 seconds
[2024-09-21 12:35:38,659] {processor.py:153} INFO - Started process (PID=110) to work on /home/airflow/.local/lib/python3.7/site-packages/airflow/example_dags/example_python_operator.py
[2024-09-21 12:35:38,660] {processor.py:641} INFO - Processing file /home/airflow/.local/lib/python3.7/site-packages/airflow/example_dags/example_python_operator.py for tasks to queue
[2024-09-21 12:35:38,662] {logging_mixin.py:115} INFO - [2024-09-21 12:35:38,662] {dagbag.py:507} INFO - Filling up the DagBag from /home/airflow/.local/lib/python3.7/site-packages/airflow/example_dags/example_python_operator.py
[2024-09-21 12:35:38,715] {processor.py:651} INFO - DAG(s) dict_keys(['example_python_operator']) retrieved from /home/airflow/.local/lib/python3.7/site-packages/airflow/example_dags/example_python_operator.py
[2024-09-21 12:35:38,801] {logging_mixin.py:115} INFO - [2024-09-21 12:35:38,801] {dag.py:2379} INFO - Sync 1 DAGs
[2024-09-21 12:35:38,863] {logging_mixin.py:115} INFO - [2024-09-21 12:35:38,863] {dag.py:2927} INFO - Setting next_dagrun for example_python_operator to None, run_after=None
[2024-09-21 12:35:38,886] {processor.py:161} INFO - Processing /home/airflow/.local/lib/python3.7/site-packages/airflow/example_dags/example_python_operator.py took 0.236 seconds
[2024-09-21 12:36:09,223] {processor.py:153} INFO - Started process (PID=152) to work on /home/airflow/.local/lib/python3.7/site-packages/airflow/example_dags/example_python_operator.py
[2024-09-21 12:36:09,224] {processor.py:641} INFO - Processing file /home/airflow/.local/lib/python3.7/site-packages/airflow/example_dags/example_python_operator.py for tasks to queue
[2024-09-21 12:36:09,225] {logging_mixin.py:115} INFO - [2024-09-21 12:36:09,225] {dagbag.py:507} INFO - Filling up the DagBag from /home/airflow/.local/lib/python3.7/site-packages/airflow/example_dags/example_python_operator.py
[2024-09-21 12:36:09,258] {processor.py:651} INFO - DAG(s) dict_keys(['example_python_operator']) retrieved from /home/airflow/.local/lib/python3.7/site-packages/airflow/example_dags/example_python_operator.py
[2024-09-21 12:36:09,294] {logging_mixin.py:115} INFO - [2024-09-21 12:36:09,294] {dag.py:2379} INFO - Sync 1 DAGs
[2024-09-21 12:36:09,326] {logging_mixin.py:115} INFO - [2024-09-21 12:36:09,325] {dag.py:2927} INFO - Setting next_dagrun for example_python_operator to None, run_after=None
[2024-09-21 12:36:09,349] {processor.py:161} INFO - Processing /home/airflow/.local/lib/python3.7/site-packages/airflow/example_dags/example_python_operator.py took 0.132 seconds
[2024-09-21 12:36:39,605] {processor.py:153} INFO - Started process (PID=194) to work on /home/airflow/.local/lib/python3.7/site-packages/airflow/example_dags/example_python_operator.py
[2024-09-21 12:36:39,608] {processor.py:641} INFO - Processing file /home/airflow/.local/lib/python3.7/site-packages/airflow/example_dags/example_python_operator.py for tasks to queue
[2024-09-21 12:36:39,608] {logging_mixin.py:115} INFO - [2024-09-21 12:36:39,608] {dagbag.py:507} INFO - Filling up the DagBag from /home/airflow/.local/lib/python3.7/site-packages/airflow/example_dags/example_python_operator.py
[2024-09-21 12:36:39,632] {processor.py:651} INFO - DAG(s) dict_keys(['example_python_operator']) retrieved from /home/airflow/.local/lib/python3.7/site-packages/airflow/example_dags/example_python_operator.py
[2024-09-21 12:36:39,672] {logging_mixin.py:115} INFO - [2024-09-21 12:36:39,672] {dag.py:2379} INFO - Sync 1 DAGs
[2024-09-21 12:36:39,701] {logging_mixin.py:115} INFO - [2024-09-21 12:36:39,701] {dag.py:2927} INFO - Setting next_dagrun for example_python_operator to None, run_after=None
[2024-09-21 12:36:39,716] {processor.py:161} INFO - Processing /home/airflow/.local/lib/python3.7/site-packages/airflow/example_dags/example_python_operator.py took 0.116 seconds
[2024-09-21 12:37:10,109] {processor.py:153} INFO - Started process (PID=241) to work on /home/airflow/.local/lib/python3.7/site-packages/airflow/example_dags/example_python_operator.py
[2024-09-21 12:37:10,111] {processor.py:641} INFO - Processing file /home/airflow/.local/lib/python3.7/site-packages/airflow/example_dags/example_python_operator.py for tasks to queue
[2024-09-21 12:37:10,113] {logging_mixin.py:115} INFO - [2024-09-21 12:37:10,112] {dagbag.py:507} INFO - Filling up the DagBag from /home/airflow/.local/lib/python3.7/site-packages/airflow/example_dags/example_python_operator.py
[2024-09-21 12:37:10,156] {processor.py:651} INFO - DAG(s) dict_keys(['example_python_operator']) retrieved from /home/airflow/.local/lib/python3.7/site-packages/airflow/example_dags/example_python_operator.py
[2024-09-21 12:37:10,199] {logging_mixin.py:115} INFO - [2024-09-21 12:37:10,199] {dag.py:2379} INFO - Sync 1 DAGs
[2024-09-21 12:37:10,235] {logging_mixin.py:115} INFO - [2024-09-21 12:37:10,235] {dag.py:2927} INFO - Setting next_dagrun for example_python_operator to None, run_after=None
[2024-09-21 12:37:10,256] {processor.py:161} INFO - Processing /home/airflow/.local/lib/python3.7/site-packages/airflow/example_dags/example_python_operator.py took 0.161 seconds
[2024-09-21 20:17:43,517] {processor.py:153} INFO - Started process (PID=49) to work on /home/airflow/.local/lib/python3.7/site-packages/airflow/example_dags/example_python_operator.py
[2024-09-21 20:17:43,521] {processor.py:641} INFO - Processing file /home/airflow/.local/lib/python3.7/site-packages/airflow/example_dags/example_python_operator.py for tasks to queue
[2024-09-21 20:17:43,521] {logging_mixin.py:115} INFO - [2024-09-21 20:17:43,521] {dagbag.py:507} INFO - Filling up the DagBag from /home/airflow/.local/lib/python3.7/site-packages/airflow/example_dags/example_python_operator.py
[2024-09-21 20:17:43,630] {processor.py:651} INFO - DAG(s) dict_keys(['example_python_operator']) retrieved from /home/airflow/.local/lib/python3.7/site-packages/airflow/example_dags/example_python_operator.py
[2024-09-21 20:17:43,720] {logging_mixin.py:115} INFO - [2024-09-21 20:17:43,720] {dag.py:2379} INFO - Sync 1 DAGs
[2024-09-21 20:17:43,787] {logging_mixin.py:115} INFO - [2024-09-21 20:17:43,787] {dag.py:2927} INFO - Setting next_dagrun for example_python_operator to None, run_after=None
[2024-09-21 20:17:43,813] {processor.py:161} INFO - Processing /home/airflow/.local/lib/python3.7/site-packages/airflow/example_dags/example_python_operator.py took 0.310 seconds
[2024-09-21 20:18:14,153] {processor.py:153} INFO - Started process (PID=136) to work on /home/airflow/.local/lib/python3.7/site-packages/airflow/example_dags/example_python_operator.py
[2024-09-21 20:18:14,154] {processor.py:641} INFO - Processing file /home/airflow/.local/lib/python3.7/site-packages/airflow/example_dags/example_python_operator.py for tasks to queue
[2024-09-21 20:18:14,154] {logging_mixin.py:115} INFO - [2024-09-21 20:18:14,154] {dagbag.py:507} INFO - Filling up the DagBag from /home/airflow/.local/lib/python3.7/site-packages/airflow/example_dags/example_python_operator.py
[2024-09-21 20:18:14,193] {processor.py:651} INFO - DAG(s) dict_keys(['example_python_operator']) retrieved from /home/airflow/.local/lib/python3.7/site-packages/airflow/example_dags/example_python_operator.py
[2024-09-21 20:18:14,236] {logging_mixin.py:115} INFO - [2024-09-21 20:18:14,235] {dag.py:2379} INFO - Sync 1 DAGs
[2024-09-21 20:18:14,277] {logging_mixin.py:115} INFO - [2024-09-21 20:18:14,277] {dag.py:2927} INFO - Setting next_dagrun for example_python_operator to None, run_after=None
[2024-09-21 20:18:14,296] {processor.py:161} INFO - Processing /home/airflow/.local/lib/python3.7/site-packages/airflow/example_dags/example_python_operator.py took 0.151 seconds
[2024-09-21 20:18:44,567] {processor.py:153} INFO - Started process (PID=177) to work on /home/airflow/.local/lib/python3.7/site-packages/airflow/example_dags/example_python_operator.py
[2024-09-21 20:18:44,568] {processor.py:641} INFO - Processing file /home/airflow/.local/lib/python3.7/site-packages/airflow/example_dags/example_python_operator.py for tasks to queue
[2024-09-21 20:18:44,569] {logging_mixin.py:115} INFO - [2024-09-21 20:18:44,568] {dagbag.py:507} INFO - Filling up the DagBag from /home/airflow/.local/lib/python3.7/site-packages/airflow/example_dags/example_python_operator.py
[2024-09-21 20:18:44,600] {processor.py:651} INFO - DAG(s) dict_keys(['example_python_operator']) retrieved from /home/airflow/.local/lib/python3.7/site-packages/airflow/example_dags/example_python_operator.py
[2024-09-21 20:18:44,635] {logging_mixin.py:115} INFO - [2024-09-21 20:18:44,635] {dag.py:2379} INFO - Sync 1 DAGs
[2024-09-21 20:18:44,664] {logging_mixin.py:115} INFO - [2024-09-21 20:18:44,664] {dag.py:2927} INFO - Setting next_dagrun for example_python_operator to None, run_after=None
[2024-09-21 20:18:44,679] {processor.py:161} INFO - Processing /home/airflow/.local/lib/python3.7/site-packages/airflow/example_dags/example_python_operator.py took 0.114 seconds
[2024-09-21 20:19:14,964] {processor.py:153} INFO - Started process (PID=219) to work on /home/airflow/.local/lib/python3.7/site-packages/airflow/example_dags/example_python_operator.py
[2024-09-21 20:19:14,966] {processor.py:641} INFO - Processing file /home/airflow/.local/lib/python3.7/site-packages/airflow/example_dags/example_python_operator.py for tasks to queue
[2024-09-21 20:19:14,968] {logging_mixin.py:115} INFO - [2024-09-21 20:19:14,968] {dagbag.py:507} INFO - Filling up the DagBag from /home/airflow/.local/lib/python3.7/site-packages/airflow/example_dags/example_python_operator.py
[2024-09-21 20:19:15,057] {processor.py:651} INFO - DAG(s) dict_keys(['example_python_operator']) retrieved from /home/airflow/.local/lib/python3.7/site-packages/airflow/example_dags/example_python_operator.py
[2024-09-21 20:19:15,128] {logging_mixin.py:115} INFO - [2024-09-21 20:19:15,127] {dag.py:2379} INFO - Sync 1 DAGs
[2024-09-21 20:19:15,187] {logging_mixin.py:115} INFO - [2024-09-21 20:19:15,186] {dag.py:2927} INFO - Setting next_dagrun for example_python_operator to None, run_after=None
[2024-09-21 20:19:15,207] {processor.py:161} INFO - Processing /home/airflow/.local/lib/python3.7/site-packages/airflow/example_dags/example_python_operator.py took 0.261 seconds
[2024-09-21 22:29:04,961] {processor.py:153} INFO - Started process (PID=48) to work on /home/airflow/.local/lib/python3.7/site-packages/airflow/example_dags/example_python_operator.py
[2024-09-21 22:29:04,968] {processor.py:641} INFO - Processing file /home/airflow/.local/lib/python3.7/site-packages/airflow/example_dags/example_python_operator.py for tasks to queue
[2024-09-21 22:29:04,972] {logging_mixin.py:115} INFO - [2024-09-21 22:29:04,972] {dagbag.py:507} INFO - Filling up the DagBag from /home/airflow/.local/lib/python3.7/site-packages/airflow/example_dags/example_python_operator.py
[2024-09-21 22:29:05,106] {processor.py:651} INFO - DAG(s) dict_keys(['example_python_operator']) retrieved from /home/airflow/.local/lib/python3.7/site-packages/airflow/example_dags/example_python_operator.py
[2024-09-21 22:29:05,330] {logging_mixin.py:115} INFO - [2024-09-21 22:29:05,329] {dag.py:2379} INFO - Sync 1 DAGs
[2024-09-21 22:29:05,519] {logging_mixin.py:115} INFO - [2024-09-21 22:29:05,518] {dag.py:2927} INFO - Setting next_dagrun for example_python_operator to None, run_after=None
[2024-09-21 22:29:05,629] {processor.py:161} INFO - Processing /home/airflow/.local/lib/python3.7/site-packages/airflow/example_dags/example_python_operator.py took 0.676 seconds
[2024-09-21 22:29:35,810] {processor.py:153} INFO - Started process (PID=119) to work on /home/airflow/.local/lib/python3.7/site-packages/airflow/example_dags/example_python_operator.py
[2024-09-21 22:29:35,814] {processor.py:641} INFO - Processing file /home/airflow/.local/lib/python3.7/site-packages/airflow/example_dags/example_python_operator.py for tasks to queue
[2024-09-21 22:29:35,817] {logging_mixin.py:115} INFO - [2024-09-21 22:29:35,817] {dagbag.py:507} INFO - Filling up the DagBag from /home/airflow/.local/lib/python3.7/site-packages/airflow/example_dags/example_python_operator.py
[2024-09-21 22:29:35,921] {processor.py:651} INFO - DAG(s) dict_keys(['example_python_operator']) retrieved from /home/airflow/.local/lib/python3.7/site-packages/airflow/example_dags/example_python_operator.py
