[2024-09-21 12:04:57,645] {processor.py:153} INFO - Started process (PID=94) to work on /home/airflow/.local/lib/python3.7/site-packages/airflow/example_dags/example_dag_decorator.py
[2024-09-21 12:04:57,648] {processor.py:641} INFO - Processing file /home/airflow/.local/lib/python3.7/site-packages/airflow/example_dags/example_dag_decorator.py for tasks to queue
[2024-09-21 12:04:57,649] {logging_mixin.py:115} INFO - [2024-09-21 12:04:57,649] {dagbag.py:507} INFO - Filling up the DagBag from /home/airflow/.local/lib/python3.7/site-packages/airflow/example_dags/example_dag_decorator.py
[2024-09-21 12:04:57,707] {processor.py:651} INFO - DAG(s) dict_keys(['example_dag_decorator']) retrieved from /home/airflow/.local/lib/python3.7/site-packages/airflow/example_dags/example_dag_decorator.py
[2024-09-21 12:04:58,193] {logging_mixin.py:115} INFO - [2024-09-21 12:04:58,193] {dag.py:2379} INFO - Sync 1 DAGs
[2024-09-21 12:04:58,229] {logging_mixin.py:115} INFO - [2024-09-21 12:04:58,229] {dag.py:2927} INFO - Setting next_dagrun for example_dag_decorator to None, run_after=None
[2024-09-21 12:04:58,311] {processor.py:161} INFO - Processing /home/airflow/.local/lib/python3.7/site-packages/airflow/example_dags/example_dag_decorator.py took 0.683 seconds
[2024-09-21 12:05:29,137] {processor.py:153} INFO - Started process (PID=150) to work on /home/airflow/.local/lib/python3.7/site-packages/airflow/example_dags/example_dag_decorator.py
[2024-09-21 12:05:29,137] {processor.py:641} INFO - Processing file /home/airflow/.local/lib/python3.7/site-packages/airflow/example_dags/example_dag_decorator.py for tasks to queue
[2024-09-21 12:05:29,138] {logging_mixin.py:115} INFO - [2024-09-21 12:05:29,138] {dagbag.py:507} INFO - Filling up the DagBag from /home/airflow/.local/lib/python3.7/site-packages/airflow/example_dags/example_dag_decorator.py
[2024-09-21 12:05:29,157] {processor.py:651} INFO - DAG(s) dict_keys(['example_dag_decorator']) retrieved from /home/airflow/.local/lib/python3.7/site-packages/airflow/example_dags/example_dag_decorator.py
[2024-09-21 12:05:29,322] {logging_mixin.py:115} INFO - [2024-09-21 12:05:29,321] {dag.py:2379} INFO - Sync 1 DAGs
[2024-09-21 12:05:29,338] {logging_mixin.py:115} INFO - [2024-09-21 12:05:29,338] {dag.py:2927} INFO - Setting next_dagrun for example_dag_decorator to None, run_after=None
[2024-09-21 12:05:29,350] {processor.py:161} INFO - Processing /home/airflow/.local/lib/python3.7/site-packages/airflow/example_dags/example_dag_decorator.py took 0.219 seconds
[2024-09-21 12:06:00,266] {processor.py:153} INFO - Started process (PID=193) to work on /home/airflow/.local/lib/python3.7/site-packages/airflow/example_dags/example_dag_decorator.py
[2024-09-21 12:06:00,267] {processor.py:641} INFO - Processing file /home/airflow/.local/lib/python3.7/site-packages/airflow/example_dags/example_dag_decorator.py for tasks to queue
[2024-09-21 12:06:00,267] {logging_mixin.py:115} INFO - [2024-09-21 12:06:00,267] {dagbag.py:507} INFO - Filling up the DagBag from /home/airflow/.local/lib/python3.7/site-packages/airflow/example_dags/example_dag_decorator.py
[2024-09-21 12:06:00,320] {processor.py:651} INFO - DAG(s) dict_keys(['example_dag_decorator']) retrieved from /home/airflow/.local/lib/python3.7/site-packages/airflow/example_dags/example_dag_decorator.py
[2024-09-21 12:06:00,712] {logging_mixin.py:115} INFO - [2024-09-21 12:06:00,712] {dag.py:2379} INFO - Sync 1 DAGs
[2024-09-21 12:06:00,732] {logging_mixin.py:115} INFO - [2024-09-21 12:06:00,732] {dag.py:2927} INFO - Setting next_dagrun for example_dag_decorator to None, run_after=None
[2024-09-21 12:06:00,749] {processor.py:161} INFO - Processing /home/airflow/.local/lib/python3.7/site-packages/airflow/example_dags/example_dag_decorator.py took 0.491 seconds
[2024-09-21 12:06:31,525] {processor.py:153} INFO - Started process (PID=240) to work on /home/airflow/.local/lib/python3.7/site-packages/airflow/example_dags/example_dag_decorator.py
[2024-09-21 12:06:31,525] {processor.py:641} INFO - Processing file /home/airflow/.local/lib/python3.7/site-packages/airflow/example_dags/example_dag_decorator.py for tasks to queue
[2024-09-21 12:06:31,526] {logging_mixin.py:115} INFO - [2024-09-21 12:06:31,526] {dagbag.py:507} INFO - Filling up the DagBag from /home/airflow/.local/lib/python3.7/site-packages/airflow/example_dags/example_dag_decorator.py
[2024-09-21 12:06:31,551] {processor.py:651} INFO - DAG(s) dict_keys(['example_dag_decorator']) retrieved from /home/airflow/.local/lib/python3.7/site-packages/airflow/example_dags/example_dag_decorator.py
[2024-09-21 12:06:31,956] {logging_mixin.py:115} INFO - [2024-09-21 12:06:31,956] {dag.py:2379} INFO - Sync 1 DAGs
[2024-09-21 12:06:31,981] {logging_mixin.py:115} INFO - [2024-09-21 12:06:31,981] {dag.py:2927} INFO - Setting next_dagrun for example_dag_decorator to None, run_after=None
[2024-09-21 12:06:31,998] {processor.py:161} INFO - Processing /home/airflow/.local/lib/python3.7/site-packages/airflow/example_dags/example_dag_decorator.py took 0.476 seconds
[2024-09-21 12:07:02,318] {processor.py:153} INFO - Started process (PID=282) to work on /home/airflow/.local/lib/python3.7/site-packages/airflow/example_dags/example_dag_decorator.py
[2024-09-21 12:07:02,319] {processor.py:641} INFO - Processing file /home/airflow/.local/lib/python3.7/site-packages/airflow/example_dags/example_dag_decorator.py for tasks to queue
[2024-09-21 12:07:02,319] {logging_mixin.py:115} INFO - [2024-09-21 12:07:02,319] {dagbag.py:507} INFO - Filling up the DagBag from /home/airflow/.local/lib/python3.7/site-packages/airflow/example_dags/example_dag_decorator.py
[2024-09-21 12:07:02,339] {processor.py:651} INFO - DAG(s) dict_keys(['example_dag_decorator']) retrieved from /home/airflow/.local/lib/python3.7/site-packages/airflow/example_dags/example_dag_decorator.py
[2024-09-21 12:07:02,576] {logging_mixin.py:115} INFO - [2024-09-21 12:07:02,576] {dag.py:2379} INFO - Sync 1 DAGs
[2024-09-21 12:07:02,594] {logging_mixin.py:115} INFO - [2024-09-21 12:07:02,594] {dag.py:2927} INFO - Setting next_dagrun for example_dag_decorator to None, run_after=None
[2024-09-21 12:07:02,617] {processor.py:161} INFO - Processing /home/airflow/.local/lib/python3.7/site-packages/airflow/example_dags/example_dag_decorator.py took 0.301 seconds
[2024-09-21 12:07:32,897] {processor.py:153} INFO - Started process (PID=324) to work on /home/airflow/.local/lib/python3.7/site-packages/airflow/example_dags/example_dag_decorator.py
[2024-09-21 12:07:32,903] {processor.py:641} INFO - Processing file /home/airflow/.local/lib/python3.7/site-packages/airflow/example_dags/example_dag_decorator.py for tasks to queue
[2024-09-21 12:07:32,904] {logging_mixin.py:115} INFO - [2024-09-21 12:07:32,904] {dagbag.py:507} INFO - Filling up the DagBag from /home/airflow/.local/lib/python3.7/site-packages/airflow/example_dags/example_dag_decorator.py
[2024-09-21 12:07:32,926] {processor.py:651} INFO - DAG(s) dict_keys(['example_dag_decorator']) retrieved from /home/airflow/.local/lib/python3.7/site-packages/airflow/example_dags/example_dag_decorator.py
[2024-09-21 12:07:33,108] {logging_mixin.py:115} INFO - [2024-09-21 12:07:33,107] {dag.py:2379} INFO - Sync 1 DAGs
[2024-09-21 12:07:33,125] {logging_mixin.py:115} INFO - [2024-09-21 12:07:33,124] {dag.py:2927} INFO - Setting next_dagrun for example_dag_decorator to None, run_after=None
[2024-09-21 12:07:33,136] {processor.py:161} INFO - Processing /home/airflow/.local/lib/python3.7/site-packages/airflow/example_dags/example_dag_decorator.py took 0.242 seconds
[2024-09-21 12:08:03,400] {processor.py:153} INFO - Started process (PID=365) to work on /home/airflow/.local/lib/python3.7/site-packages/airflow/example_dags/example_dag_decorator.py
[2024-09-21 12:08:03,411] {processor.py:641} INFO - Processing file /home/airflow/.local/lib/python3.7/site-packages/airflow/example_dags/example_dag_decorator.py for tasks to queue
[2024-09-21 12:08:03,411] {logging_mixin.py:115} INFO - [2024-09-21 12:08:03,411] {dagbag.py:507} INFO - Filling up the DagBag from /home/airflow/.local/lib/python3.7/site-packages/airflow/example_dags/example_dag_decorator.py
[2024-09-21 12:08:03,432] {processor.py:651} INFO - DAG(s) dict_keys(['example_dag_decorator']) retrieved from /home/airflow/.local/lib/python3.7/site-packages/airflow/example_dags/example_dag_decorator.py
[2024-09-21 12:08:03,604] {logging_mixin.py:115} INFO - [2024-09-21 12:08:03,604] {dag.py:2379} INFO - Sync 1 DAGs
[2024-09-21 12:08:03,620] {logging_mixin.py:115} INFO - [2024-09-21 12:08:03,620] {dag.py:2927} INFO - Setting next_dagrun for example_dag_decorator to None, run_after=None
[2024-09-21 12:08:03,632] {processor.py:161} INFO - Processing /home/airflow/.local/lib/python3.7/site-packages/airflow/example_dags/example_dag_decorator.py took 0.234 seconds
[2024-09-21 12:08:33,656] {processor.py:153} INFO - Started process (PID=406) to work on /home/airflow/.local/lib/python3.7/site-packages/airflow/example_dags/example_dag_decorator.py
[2024-09-21 12:08:33,657] {processor.py:641} INFO - Processing file /home/airflow/.local/lib/python3.7/site-packages/airflow/example_dags/example_dag_decorator.py for tasks to queue
[2024-09-21 12:08:33,657] {logging_mixin.py:115} INFO - [2024-09-21 12:08:33,657] {dagbag.py:507} INFO - Filling up the DagBag from /home/airflow/.local/lib/python3.7/site-packages/airflow/example_dags/example_dag_decorator.py
[2024-09-21 12:08:33,686] {processor.py:651} INFO - DAG(s) dict_keys(['example_dag_decorator']) retrieved from /home/airflow/.local/lib/python3.7/site-packages/airflow/example_dags/example_dag_decorator.py
[2024-09-21 12:08:33,707] {logging_mixin.py:115} INFO - [2024-09-21 12:08:33,707] {dag.py:2379} INFO - Sync 1 DAGs
[2024-09-21 12:08:33,725] {logging_mixin.py:115} INFO - [2024-09-21 12:08:33,725] {dag.py:2927} INFO - Setting next_dagrun for example_dag_decorator to None, run_after=None
[2024-09-21 12:08:33,736] {processor.py:161} INFO - Processing /home/airflow/.local/lib/python3.7/site-packages/airflow/example_dags/example_dag_decorator.py took 0.082 seconds
[2024-09-21 12:09:04,247] {processor.py:153} INFO - Started process (PID=448) to work on /home/airflow/.local/lib/python3.7/site-packages/airflow/example_dags/example_dag_decorator.py
[2024-09-21 12:09:04,247] {processor.py:641} INFO - Processing file /home/airflow/.local/lib/python3.7/site-packages/airflow/example_dags/example_dag_decorator.py for tasks to queue
[2024-09-21 12:09:04,248] {logging_mixin.py:115} INFO - [2024-09-21 12:09:04,248] {dagbag.py:507} INFO - Filling up the DagBag from /home/airflow/.local/lib/python3.7/site-packages/airflow/example_dags/example_dag_decorator.py
[2024-09-21 12:09:04,266] {processor.py:651} INFO - DAG(s) dict_keys(['example_dag_decorator']) retrieved from /home/airflow/.local/lib/python3.7/site-packages/airflow/example_dags/example_dag_decorator.py
[2024-09-21 12:09:04,432] {logging_mixin.py:115} INFO - [2024-09-21 12:09:04,432] {dag.py:2379} INFO - Sync 1 DAGs
[2024-09-21 12:09:04,449] {logging_mixin.py:115} INFO - [2024-09-21 12:09:04,449] {dag.py:2927} INFO - Setting next_dagrun for example_dag_decorator to None, run_after=None
[2024-09-21 12:09:04,471] {processor.py:161} INFO - Processing /home/airflow/.local/lib/python3.7/site-packages/airflow/example_dags/example_dag_decorator.py took 0.226 seconds
[2024-09-21 12:09:34,532] {processor.py:153} INFO - Started process (PID=490) to work on /home/airflow/.local/lib/python3.7/site-packages/airflow/example_dags/example_dag_decorator.py
[2024-09-21 12:09:34,532] {processor.py:641} INFO - Processing file /home/airflow/.local/lib/python3.7/site-packages/airflow/example_dags/example_dag_decorator.py for tasks to queue
[2024-09-21 12:09:34,533] {logging_mixin.py:115} INFO - [2024-09-21 12:09:34,532] {dagbag.py:507} INFO - Filling up the DagBag from /home/airflow/.local/lib/python3.7/site-packages/airflow/example_dags/example_dag_decorator.py
[2024-09-21 12:09:34,553] {processor.py:651} INFO - DAG(s) dict_keys(['example_dag_decorator']) retrieved from /home/airflow/.local/lib/python3.7/site-packages/airflow/example_dags/example_dag_decorator.py
[2024-09-21 12:09:34,837] {logging_mixin.py:115} INFO - [2024-09-21 12:09:34,837] {dag.py:2379} INFO - Sync 1 DAGs
[2024-09-21 12:09:34,855] {logging_mixin.py:115} INFO - [2024-09-21 12:09:34,855] {dag.py:2927} INFO - Setting next_dagrun for example_dag_decorator to None, run_after=None
[2024-09-21 12:09:34,867] {processor.py:161} INFO - Processing /home/airflow/.local/lib/python3.7/site-packages/airflow/example_dags/example_dag_decorator.py took 0.340 seconds
[2024-09-21 12:10:44,205] {processor.py:153} INFO - Started process (PID=536) to work on /home/airflow/.local/lib/python3.7/site-packages/airflow/example_dags/example_dag_decorator.py
[2024-09-21 12:10:44,206] {processor.py:641} INFO - Processing file /home/airflow/.local/lib/python3.7/site-packages/airflow/example_dags/example_dag_decorator.py for tasks to queue
[2024-09-21 12:10:44,206] {logging_mixin.py:115} INFO - [2024-09-21 12:10:44,206] {dagbag.py:507} INFO - Filling up the DagBag from /home/airflow/.local/lib/python3.7/site-packages/airflow/example_dags/example_dag_decorator.py
[2024-09-21 12:10:44,228] {processor.py:651} INFO - DAG(s) dict_keys(['example_dag_decorator']) retrieved from /home/airflow/.local/lib/python3.7/site-packages/airflow/example_dags/example_dag_decorator.py
[2024-09-21 12:10:44,454] {logging_mixin.py:115} INFO - [2024-09-21 12:10:44,454] {dag.py:2379} INFO - Sync 1 DAGs
[2024-09-21 12:10:44,474] {logging_mixin.py:115} INFO - [2024-09-21 12:10:44,474] {dag.py:2927} INFO - Setting next_dagrun for example_dag_decorator to None, run_after=None
[2024-09-21 12:10:44,489] {processor.py:161} INFO - Processing /home/airflow/.local/lib/python3.7/site-packages/airflow/example_dags/example_dag_decorator.py took 0.286 seconds
[2024-09-21 12:21:33,215] {processor.py:153} INFO - Started process (PID=88) to work on /home/airflow/.local/lib/python3.7/site-packages/airflow/example_dags/example_dag_decorator.py
[2024-09-21 12:21:33,218] {processor.py:641} INFO - Processing file /home/airflow/.local/lib/python3.7/site-packages/airflow/example_dags/example_dag_decorator.py for tasks to queue
[2024-09-21 12:21:33,219] {logging_mixin.py:115} INFO - [2024-09-21 12:21:33,218] {dagbag.py:507} INFO - Filling up the DagBag from /home/airflow/.local/lib/python3.7/site-packages/airflow/example_dags/example_dag_decorator.py
[2024-09-21 12:21:33,272] {processor.py:651} INFO - DAG(s) dict_keys(['example_dag_decorator']) retrieved from /home/airflow/.local/lib/python3.7/site-packages/airflow/example_dags/example_dag_decorator.py
[2024-09-21 12:21:33,794] {logging_mixin.py:115} INFO - [2024-09-21 12:21:33,794] {dag.py:2379} INFO - Sync 1 DAGs
[2024-09-21 12:21:33,894] {logging_mixin.py:115} INFO - [2024-09-21 12:21:33,894] {dag.py:2927} INFO - Setting next_dagrun for example_dag_decorator to None, run_after=None
[2024-09-21 12:21:33,950] {processor.py:161} INFO - Processing /home/airflow/.local/lib/python3.7/site-packages/airflow/example_dags/example_dag_decorator.py took 0.741 seconds
[2024-09-21 12:22:04,225] {processor.py:153} INFO - Started process (PID=151) to work on /home/airflow/.local/lib/python3.7/site-packages/airflow/example_dags/example_dag_decorator.py
[2024-09-21 12:22:04,227] {processor.py:641} INFO - Processing file /home/airflow/.local/lib/python3.7/site-packages/airflow/example_dags/example_dag_decorator.py for tasks to queue
[2024-09-21 12:22:04,228] {logging_mixin.py:115} INFO - [2024-09-21 12:22:04,228] {dagbag.py:507} INFO - Filling up the DagBag from /home/airflow/.local/lib/python3.7/site-packages/airflow/example_dags/example_dag_decorator.py
[2024-09-21 12:22:04,269] {processor.py:651} INFO - DAG(s) dict_keys(['example_dag_decorator']) retrieved from /home/airflow/.local/lib/python3.7/site-packages/airflow/example_dags/example_dag_decorator.py
[2024-09-21 12:22:04,598] {logging_mixin.py:115} INFO - [2024-09-21 12:22:04,598] {dag.py:2379} INFO - Sync 1 DAGs
[2024-09-21 12:22:04,624] {logging_mixin.py:115} INFO - [2024-09-21 12:22:04,624] {dag.py:2927} INFO - Setting next_dagrun for example_dag_decorator to None, run_after=None
[2024-09-21 12:22:04,641] {processor.py:161} INFO - Processing /home/airflow/.local/lib/python3.7/site-packages/airflow/example_dags/example_dag_decorator.py took 0.420 seconds
[2024-09-21 12:22:35,142] {processor.py:153} INFO - Started process (PID=194) to work on /home/airflow/.local/lib/python3.7/site-packages/airflow/example_dags/example_dag_decorator.py
[2024-09-21 12:22:35,142] {processor.py:641} INFO - Processing file /home/airflow/.local/lib/python3.7/site-packages/airflow/example_dags/example_dag_decorator.py for tasks to queue
[2024-09-21 12:22:35,143] {logging_mixin.py:115} INFO - [2024-09-21 12:22:35,143] {dagbag.py:507} INFO - Filling up the DagBag from /home/airflow/.local/lib/python3.7/site-packages/airflow/example_dags/example_dag_decorator.py
[2024-09-21 12:22:35,167] {processor.py:651} INFO - DAG(s) dict_keys(['example_dag_decorator']) retrieved from /home/airflow/.local/lib/python3.7/site-packages/airflow/example_dags/example_dag_decorator.py
[2024-09-21 12:22:35,445] {logging_mixin.py:115} INFO - [2024-09-21 12:22:35,445] {dag.py:2379} INFO - Sync 1 DAGs
[2024-09-21 12:22:35,464] {logging_mixin.py:115} INFO - [2024-09-21 12:22:35,463] {dag.py:2927} INFO - Setting next_dagrun for example_dag_decorator to None, run_after=None
[2024-09-21 12:22:35,478] {processor.py:161} INFO - Processing /home/airflow/.local/lib/python3.7/site-packages/airflow/example_dags/example_dag_decorator.py took 0.339 seconds
[2024-09-21 12:23:05,539] {processor.py:153} INFO - Started process (PID=239) to work on /home/airflow/.local/lib/python3.7/site-packages/airflow/example_dags/example_dag_decorator.py
[2024-09-21 12:23:05,539] {processor.py:641} INFO - Processing file /home/airflow/.local/lib/python3.7/site-packages/airflow/example_dags/example_dag_decorator.py for tasks to queue
[2024-09-21 12:23:05,539] {logging_mixin.py:115} INFO - [2024-09-21 12:23:05,539] {dagbag.py:507} INFO - Filling up the DagBag from /home/airflow/.local/lib/python3.7/site-packages/airflow/example_dags/example_dag_decorator.py
[2024-09-21 12:23:05,559] {processor.py:651} INFO - DAG(s) dict_keys(['example_dag_decorator']) retrieved from /home/airflow/.local/lib/python3.7/site-packages/airflow/example_dags/example_dag_decorator.py
[2024-09-21 12:23:05,730] {logging_mixin.py:115} INFO - [2024-09-21 12:23:05,729] {dag.py:2379} INFO - Sync 1 DAGs
[2024-09-21 12:23:05,747] {logging_mixin.py:115} INFO - [2024-09-21 12:23:05,747] {dag.py:2927} INFO - Setting next_dagrun for example_dag_decorator to None, run_after=None
[2024-09-21 12:23:05,769] {processor.py:161} INFO - Processing /home/airflow/.local/lib/python3.7/site-packages/airflow/example_dags/example_dag_decorator.py took 0.233 seconds
[2024-09-21 12:23:35,925] {processor.py:153} INFO - Started process (PID=280) to work on /home/airflow/.local/lib/python3.7/site-packages/airflow/example_dags/example_dag_decorator.py
[2024-09-21 12:23:35,926] {processor.py:641} INFO - Processing file /home/airflow/.local/lib/python3.7/site-packages/airflow/example_dags/example_dag_decorator.py for tasks to queue
[2024-09-21 12:23:35,926] {logging_mixin.py:115} INFO - [2024-09-21 12:23:35,926] {dagbag.py:507} INFO - Filling up the DagBag from /home/airflow/.local/lib/python3.7/site-packages/airflow/example_dags/example_dag_decorator.py
[2024-09-21 12:23:35,951] {processor.py:651} INFO - DAG(s) dict_keys(['example_dag_decorator']) retrieved from /home/airflow/.local/lib/python3.7/site-packages/airflow/example_dags/example_dag_decorator.py
[2024-09-21 12:23:36,226] {logging_mixin.py:115} INFO - [2024-09-21 12:23:36,226] {dag.py:2379} INFO - Sync 1 DAGs
[2024-09-21 12:23:36,246] {logging_mixin.py:115} INFO - [2024-09-21 12:23:36,246] {dag.py:2927} INFO - Setting next_dagrun for example_dag_decorator to None, run_after=None
[2024-09-21 12:23:36,260] {processor.py:161} INFO - Processing /home/airflow/.local/lib/python3.7/site-packages/airflow/example_dags/example_dag_decorator.py took 0.337 seconds
[2024-09-21 12:24:07,107] {processor.py:153} INFO - Started process (PID=322) to work on /home/airflow/.local/lib/python3.7/site-packages/airflow/example_dags/example_dag_decorator.py
[2024-09-21 12:24:07,108] {processor.py:641} INFO - Processing file /home/airflow/.local/lib/python3.7/site-packages/airflow/example_dags/example_dag_decorator.py for tasks to queue
[2024-09-21 12:24:07,108] {logging_mixin.py:115} INFO - [2024-09-21 12:24:07,108] {dagbag.py:507} INFO - Filling up the DagBag from /home/airflow/.local/lib/python3.7/site-packages/airflow/example_dags/example_dag_decorator.py
[2024-09-21 12:24:07,129] {processor.py:651} INFO - DAG(s) dict_keys(['example_dag_decorator']) retrieved from /home/airflow/.local/lib/python3.7/site-packages/airflow/example_dags/example_dag_decorator.py
[2024-09-21 12:24:07,297] {logging_mixin.py:115} INFO - [2024-09-21 12:24:07,297] {dag.py:2379} INFO - Sync 1 DAGs
[2024-09-21 12:24:07,314] {logging_mixin.py:115} INFO - [2024-09-21 12:24:07,314] {dag.py:2927} INFO - Setting next_dagrun for example_dag_decorator to None, run_after=None
[2024-09-21 12:24:07,336] {processor.py:161} INFO - Processing /home/airflow/.local/lib/python3.7/site-packages/airflow/example_dags/example_dag_decorator.py took 0.234 seconds
[2024-09-21 12:24:37,541] {processor.py:153} INFO - Started process (PID=364) to work on /home/airflow/.local/lib/python3.7/site-packages/airflow/example_dags/example_dag_decorator.py
[2024-09-21 12:24:37,541] {processor.py:641} INFO - Processing file /home/airflow/.local/lib/python3.7/site-packages/airflow/example_dags/example_dag_decorator.py for tasks to queue
[2024-09-21 12:24:37,542] {logging_mixin.py:115} INFO - [2024-09-21 12:24:37,542] {dagbag.py:507} INFO - Filling up the DagBag from /home/airflow/.local/lib/python3.7/site-packages/airflow/example_dags/example_dag_decorator.py
[2024-09-21 12:24:37,561] {processor.py:651} INFO - DAG(s) dict_keys(['example_dag_decorator']) retrieved from /home/airflow/.local/lib/python3.7/site-packages/airflow/example_dags/example_dag_decorator.py
[2024-09-21 12:24:37,769] {logging_mixin.py:115} INFO - [2024-09-21 12:24:37,769] {dag.py:2379} INFO - Sync 1 DAGs
[2024-09-21 12:24:37,784] {logging_mixin.py:115} INFO - [2024-09-21 12:24:37,784] {dag.py:2927} INFO - Setting next_dagrun for example_dag_decorator to None, run_after=None
[2024-09-21 12:24:37,798] {processor.py:161} INFO - Processing /home/airflow/.local/lib/python3.7/site-packages/airflow/example_dags/example_dag_decorator.py took 0.263 seconds
[2024-09-21 12:25:07,895] {processor.py:153} INFO - Started process (PID=406) to work on /home/airflow/.local/lib/python3.7/site-packages/airflow/example_dags/example_dag_decorator.py
[2024-09-21 12:25:07,895] {processor.py:641} INFO - Processing file /home/airflow/.local/lib/python3.7/site-packages/airflow/example_dags/example_dag_decorator.py for tasks to queue
[2024-09-21 12:25:07,896] {logging_mixin.py:115} INFO - [2024-09-21 12:25:07,896] {dagbag.py:507} INFO - Filling up the DagBag from /home/airflow/.local/lib/python3.7/site-packages/airflow/example_dags/example_dag_decorator.py
[2024-09-21 12:25:07,913] {processor.py:651} INFO - DAG(s) dict_keys(['example_dag_decorator']) retrieved from /home/airflow/.local/lib/python3.7/site-packages/airflow/example_dags/example_dag_decorator.py
[2024-09-21 12:25:08,125] {logging_mixin.py:115} INFO - [2024-09-21 12:25:08,125] {dag.py:2379} INFO - Sync 1 DAGs
[2024-09-21 12:25:08,143] {logging_mixin.py:115} INFO - [2024-09-21 12:25:08,143] {dag.py:2927} INFO - Setting next_dagrun for example_dag_decorator to None, run_after=None
[2024-09-21 12:25:08,157] {processor.py:161} INFO - Processing /home/airflow/.local/lib/python3.7/site-packages/airflow/example_dags/example_dag_decorator.py took 0.265 seconds
[2024-09-21 12:25:39,128] {processor.py:153} INFO - Started process (PID=448) to work on /home/airflow/.local/lib/python3.7/site-packages/airflow/example_dags/example_dag_decorator.py
[2024-09-21 12:25:39,129] {processor.py:641} INFO - Processing file /home/airflow/.local/lib/python3.7/site-packages/airflow/example_dags/example_dag_decorator.py for tasks to queue
[2024-09-21 12:25:39,129] {logging_mixin.py:115} INFO - [2024-09-21 12:25:39,129] {dagbag.py:507} INFO - Filling up the DagBag from /home/airflow/.local/lib/python3.7/site-packages/airflow/example_dags/example_dag_decorator.py
[2024-09-21 12:25:39,147] {processor.py:651} INFO - DAG(s) dict_keys(['example_dag_decorator']) retrieved from /home/airflow/.local/lib/python3.7/site-packages/airflow/example_dags/example_dag_decorator.py
[2024-09-21 12:25:39,360] {logging_mixin.py:115} INFO - [2024-09-21 12:25:39,360] {dag.py:2379} INFO - Sync 1 DAGs
[2024-09-21 12:25:39,381] {logging_mixin.py:115} INFO - [2024-09-21 12:25:39,381] {dag.py:2927} INFO - Setting next_dagrun for example_dag_decorator to None, run_after=None
[2024-09-21 12:25:39,395] {processor.py:161} INFO - Processing /home/airflow/.local/lib/python3.7/site-packages/airflow/example_dags/example_dag_decorator.py took 0.269 seconds
[2024-09-21 12:26:09,523] {processor.py:153} INFO - Started process (PID=489) to work on /home/airflow/.local/lib/python3.7/site-packages/airflow/example_dags/example_dag_decorator.py
[2024-09-21 12:26:09,523] {processor.py:641} INFO - Processing file /home/airflow/.local/lib/python3.7/site-packages/airflow/example_dags/example_dag_decorator.py for tasks to queue
[2024-09-21 12:26:09,523] {logging_mixin.py:115} INFO - [2024-09-21 12:26:09,523] {dagbag.py:507} INFO - Filling up the DagBag from /home/airflow/.local/lib/python3.7/site-packages/airflow/example_dags/example_dag_decorator.py
[2024-09-21 12:26:09,541] {processor.py:651} INFO - DAG(s) dict_keys(['example_dag_decorator']) retrieved from /home/airflow/.local/lib/python3.7/site-packages/airflow/example_dags/example_dag_decorator.py
[2024-09-21 12:26:09,720] {logging_mixin.py:115} INFO - [2024-09-21 12:26:09,720] {dag.py:2379} INFO - Sync 1 DAGs
[2024-09-21 12:26:09,736] {logging_mixin.py:115} INFO - [2024-09-21 12:26:09,736] {dag.py:2927} INFO - Setting next_dagrun for example_dag_decorator to None, run_after=None
[2024-09-21 12:26:09,747] {processor.py:161} INFO - Processing /home/airflow/.local/lib/python3.7/site-packages/airflow/example_dags/example_dag_decorator.py took 0.227 seconds
[2024-09-21 12:26:39,915] {processor.py:153} INFO - Started process (PID=531) to work on /home/airflow/.local/lib/python3.7/site-packages/airflow/example_dags/example_dag_decorator.py
[2024-09-21 12:26:39,916] {processor.py:641} INFO - Processing file /home/airflow/.local/lib/python3.7/site-packages/airflow/example_dags/example_dag_decorator.py for tasks to queue
[2024-09-21 12:26:39,916] {logging_mixin.py:115} INFO - [2024-09-21 12:26:39,916] {dagbag.py:507} INFO - Filling up the DagBag from /home/airflow/.local/lib/python3.7/site-packages/airflow/example_dags/example_dag_decorator.py
[2024-09-21 12:26:39,937] {processor.py:651} INFO - DAG(s) dict_keys(['example_dag_decorator']) retrieved from /home/airflow/.local/lib/python3.7/site-packages/airflow/example_dags/example_dag_decorator.py
[2024-09-21 12:26:40,145] {logging_mixin.py:115} INFO - [2024-09-21 12:26:40,145] {dag.py:2379} INFO - Sync 1 DAGs
[2024-09-21 12:26:40,162] {logging_mixin.py:115} INFO - [2024-09-21 12:26:40,162] {dag.py:2927} INFO - Setting next_dagrun for example_dag_decorator to None, run_after=None
[2024-09-21 12:26:40,177] {processor.py:161} INFO - Processing /home/airflow/.local/lib/python3.7/site-packages/airflow/example_dags/example_dag_decorator.py took 0.264 seconds
[2024-09-21 12:27:10,380] {processor.py:153} INFO - Started process (PID=573) to work on /home/airflow/.local/lib/python3.7/site-packages/airflow/example_dags/example_dag_decorator.py
[2024-09-21 12:27:10,381] {processor.py:641} INFO - Processing file /home/airflow/.local/lib/python3.7/site-packages/airflow/example_dags/example_dag_decorator.py for tasks to queue
[2024-09-21 12:27:10,382] {logging_mixin.py:115} INFO - [2024-09-21 12:27:10,381] {dagbag.py:507} INFO - Filling up the DagBag from /home/airflow/.local/lib/python3.7/site-packages/airflow/example_dags/example_dag_decorator.py
[2024-09-21 12:27:10,402] {processor.py:651} INFO - DAG(s) dict_keys(['example_dag_decorator']) retrieved from /home/airflow/.local/lib/python3.7/site-packages/airflow/example_dags/example_dag_decorator.py
[2024-09-21 12:27:10,575] {logging_mixin.py:115} INFO - [2024-09-21 12:27:10,574] {dag.py:2379} INFO - Sync 1 DAGs
[2024-09-21 12:27:10,591] {logging_mixin.py:115} INFO - [2024-09-21 12:27:10,591] {dag.py:2927} INFO - Setting next_dagrun for example_dag_decorator to None, run_after=None
[2024-09-21 12:27:10,603] {processor.py:161} INFO - Processing /home/airflow/.local/lib/python3.7/site-packages/airflow/example_dags/example_dag_decorator.py took 0.228 seconds
[2024-09-21 12:27:40,659] {processor.py:153} INFO - Started process (PID=615) to work on /home/airflow/.local/lib/python3.7/site-packages/airflow/example_dags/example_dag_decorator.py
[2024-09-21 12:27:40,660] {processor.py:641} INFO - Processing file /home/airflow/.local/lib/python3.7/site-packages/airflow/example_dags/example_dag_decorator.py for tasks to queue
[2024-09-21 12:27:40,660] {logging_mixin.py:115} INFO - [2024-09-21 12:27:40,660] {dagbag.py:507} INFO - Filling up the DagBag from /home/airflow/.local/lib/python3.7/site-packages/airflow/example_dags/example_dag_decorator.py
[2024-09-21 12:27:40,677] {processor.py:651} INFO - DAG(s) dict_keys(['example_dag_decorator']) retrieved from /home/airflow/.local/lib/python3.7/site-packages/airflow/example_dags/example_dag_decorator.py
[2024-09-21 12:27:40,843] {logging_mixin.py:115} INFO - [2024-09-21 12:27:40,843] {dag.py:2379} INFO - Sync 1 DAGs
[2024-09-21 12:27:40,860] {logging_mixin.py:115} INFO - [2024-09-21 12:27:40,860] {dag.py:2927} INFO - Setting next_dagrun for example_dag_decorator to None, run_after=None
[2024-09-21 12:27:40,871] {processor.py:161} INFO - Processing /home/airflow/.local/lib/python3.7/site-packages/airflow/example_dags/example_dag_decorator.py took 0.215 seconds
[2024-09-21 12:28:11,749] {processor.py:153} INFO - Started process (PID=657) to work on /home/airflow/.local/lib/python3.7/site-packages/airflow/example_dags/example_dag_decorator.py
[2024-09-21 12:28:11,759] {processor.py:641} INFO - Processing file /home/airflow/.local/lib/python3.7/site-packages/airflow/example_dags/example_dag_decorator.py for tasks to queue
[2024-09-21 12:28:11,760] {logging_mixin.py:115} INFO - [2024-09-21 12:28:11,760] {dagbag.py:507} INFO - Filling up the DagBag from /home/airflow/.local/lib/python3.7/site-packages/airflow/example_dags/example_dag_decorator.py
[2024-09-21 12:28:11,786] {processor.py:651} INFO - DAG(s) dict_keys(['example_dag_decorator']) retrieved from /home/airflow/.local/lib/python3.7/site-packages/airflow/example_dags/example_dag_decorator.py
[2024-09-21 12:28:11,810] {logging_mixin.py:115} INFO - [2024-09-21 12:28:11,810] {dag.py:2379} INFO - Sync 1 DAGs
[2024-09-21 12:28:11,830] {logging_mixin.py:115} INFO - [2024-09-21 12:28:11,829] {dag.py:2927} INFO - Setting next_dagrun for example_dag_decorator to None, run_after=None
[2024-09-21 12:28:11,839] {processor.py:161} INFO - Processing /home/airflow/.local/lib/python3.7/site-packages/airflow/example_dags/example_dag_decorator.py took 0.096 seconds
[2024-09-21 12:28:42,161] {processor.py:153} INFO - Started process (PID=699) to work on /home/airflow/.local/lib/python3.7/site-packages/airflow/example_dags/example_dag_decorator.py
[2024-09-21 12:28:42,162] {processor.py:641} INFO - Processing file /home/airflow/.local/lib/python3.7/site-packages/airflow/example_dags/example_dag_decorator.py for tasks to queue
[2024-09-21 12:28:42,162] {logging_mixin.py:115} INFO - [2024-09-21 12:28:42,162] {dagbag.py:507} INFO - Filling up the DagBag from /home/airflow/.local/lib/python3.7/site-packages/airflow/example_dags/example_dag_decorator.py
[2024-09-21 12:28:42,182] {processor.py:651} INFO - DAG(s) dict_keys(['example_dag_decorator']) retrieved from /home/airflow/.local/lib/python3.7/site-packages/airflow/example_dags/example_dag_decorator.py
[2024-09-21 12:28:42,206] {logging_mixin.py:115} INFO - [2024-09-21 12:28:42,206] {dag.py:2379} INFO - Sync 1 DAGs
[2024-09-21 12:28:42,229] {logging_mixin.py:115} INFO - [2024-09-21 12:28:42,229] {dag.py:2927} INFO - Setting next_dagrun for example_dag_decorator to None, run_after=None
[2024-09-21 12:28:42,239] {processor.py:161} INFO - Processing /home/airflow/.local/lib/python3.7/site-packages/airflow/example_dags/example_dag_decorator.py took 0.084 seconds
[2024-09-21 12:29:13,004] {processor.py:153} INFO - Started process (PID=741) to work on /home/airflow/.local/lib/python3.7/site-packages/airflow/example_dags/example_dag_decorator.py
[2024-09-21 12:29:13,015] {processor.py:641} INFO - Processing file /home/airflow/.local/lib/python3.7/site-packages/airflow/example_dags/example_dag_decorator.py for tasks to queue
[2024-09-21 12:29:13,016] {logging_mixin.py:115} INFO - [2024-09-21 12:29:13,016] {dagbag.py:507} INFO - Filling up the DagBag from /home/airflow/.local/lib/python3.7/site-packages/airflow/example_dags/example_dag_decorator.py
[2024-09-21 12:29:13,036] {processor.py:651} INFO - DAG(s) dict_keys(['example_dag_decorator']) retrieved from /home/airflow/.local/lib/python3.7/site-packages/airflow/example_dags/example_dag_decorator.py
[2024-09-21 12:29:13,221] {logging_mixin.py:115} INFO - [2024-09-21 12:29:13,221] {dag.py:2379} INFO - Sync 1 DAGs
[2024-09-21 12:29:13,237] {logging_mixin.py:115} INFO - [2024-09-21 12:29:13,237] {dag.py:2927} INFO - Setting next_dagrun for example_dag_decorator to None, run_after=None
[2024-09-21 12:29:13,259] {processor.py:161} INFO - Processing /home/airflow/.local/lib/python3.7/site-packages/airflow/example_dags/example_dag_decorator.py took 0.257 seconds
[2024-09-21 12:29:44,245] {processor.py:153} INFO - Started process (PID=783) to work on /home/airflow/.local/lib/python3.7/site-packages/airflow/example_dags/example_dag_decorator.py
[2024-09-21 12:29:44,255] {processor.py:641} INFO - Processing file /home/airflow/.local/lib/python3.7/site-packages/airflow/example_dags/example_dag_decorator.py for tasks to queue
[2024-09-21 12:29:44,256] {logging_mixin.py:115} INFO - [2024-09-21 12:29:44,255] {dagbag.py:507} INFO - Filling up the DagBag from /home/airflow/.local/lib/python3.7/site-packages/airflow/example_dags/example_dag_decorator.py
[2024-09-21 12:29:44,281] {processor.py:651} INFO - DAG(s) dict_keys(['example_dag_decorator']) retrieved from /home/airflow/.local/lib/python3.7/site-packages/airflow/example_dags/example_dag_decorator.py
[2024-09-21 12:29:44,305] {logging_mixin.py:115} INFO - [2024-09-21 12:29:44,305] {dag.py:2379} INFO - Sync 1 DAGs
[2024-09-21 12:29:44,325] {logging_mixin.py:115} INFO - [2024-09-21 12:29:44,325] {dag.py:2927} INFO - Setting next_dagrun for example_dag_decorator to None, run_after=None
[2024-09-21 12:29:44,334] {processor.py:161} INFO - Processing /home/airflow/.local/lib/python3.7/site-packages/airflow/example_dags/example_dag_decorator.py took 0.095 seconds
[2024-09-21 12:30:15,178] {processor.py:153} INFO - Started process (PID=825) to work on /home/airflow/.local/lib/python3.7/site-packages/airflow/example_dags/example_dag_decorator.py
[2024-09-21 12:30:15,188] {processor.py:641} INFO - Processing file /home/airflow/.local/lib/python3.7/site-packages/airflow/example_dags/example_dag_decorator.py for tasks to queue
[2024-09-21 12:30:15,189] {logging_mixin.py:115} INFO - [2024-09-21 12:30:15,189] {dagbag.py:507} INFO - Filling up the DagBag from /home/airflow/.local/lib/python3.7/site-packages/airflow/example_dags/example_dag_decorator.py
[2024-09-21 12:30:15,207] {processor.py:651} INFO - DAG(s) dict_keys(['example_dag_decorator']) retrieved from /home/airflow/.local/lib/python3.7/site-packages/airflow/example_dags/example_dag_decorator.py
[2024-09-21 12:30:15,227] {logging_mixin.py:115} INFO - [2024-09-21 12:30:15,227] {dag.py:2379} INFO - Sync 1 DAGs
[2024-09-21 12:30:15,249] {logging_mixin.py:115} INFO - [2024-09-21 12:30:15,249] {dag.py:2927} INFO - Setting next_dagrun for example_dag_decorator to None, run_after=None
[2024-09-21 12:30:15,259] {processor.py:161} INFO - Processing /home/airflow/.local/lib/python3.7/site-packages/airflow/example_dags/example_dag_decorator.py took 0.085 seconds
[2024-09-21 12:35:13,247] {processor.py:153} INFO - Started process (PID=80) to work on /home/airflow/.local/lib/python3.7/site-packages/airflow/example_dags/example_dag_decorator.py
[2024-09-21 12:35:13,248] {processor.py:641} INFO - Processing file /home/airflow/.local/lib/python3.7/site-packages/airflow/example_dags/example_dag_decorator.py for tasks to queue
[2024-09-21 12:35:13,249] {logging_mixin.py:115} INFO - [2024-09-21 12:35:13,249] {dagbag.py:507} INFO - Filling up the DagBag from /home/airflow/.local/lib/python3.7/site-packages/airflow/example_dags/example_dag_decorator.py
[2024-09-21 12:35:13,286] {processor.py:651} INFO - DAG(s) dict_keys(['example_dag_decorator']) retrieved from /home/airflow/.local/lib/python3.7/site-packages/airflow/example_dags/example_dag_decorator.py
[2024-09-21 12:35:13,653] {logging_mixin.py:115} INFO - [2024-09-21 12:35:13,653] {dag.py:2379} INFO - Sync 1 DAGs
[2024-09-21 12:35:13,698] {logging_mixin.py:115} INFO - [2024-09-21 12:35:13,698] {dag.py:2927} INFO - Setting next_dagrun for example_dag_decorator to None, run_after=None
[2024-09-21 12:35:13,741] {processor.py:161} INFO - Processing /home/airflow/.local/lib/python3.7/site-packages/airflow/example_dags/example_dag_decorator.py took 0.498 seconds
[2024-09-21 12:35:43,933] {processor.py:153} INFO - Started process (PID=142) to work on /home/airflow/.local/lib/python3.7/site-packages/airflow/example_dags/example_dag_decorator.py
[2024-09-21 12:35:43,934] {processor.py:641} INFO - Processing file /home/airflow/.local/lib/python3.7/site-packages/airflow/example_dags/example_dag_decorator.py for tasks to queue
[2024-09-21 12:35:43,935] {logging_mixin.py:115} INFO - [2024-09-21 12:35:43,935] {dagbag.py:507} INFO - Filling up the DagBag from /home/airflow/.local/lib/python3.7/site-packages/airflow/example_dags/example_dag_decorator.py
[2024-09-21 12:35:43,965] {processor.py:651} INFO - DAG(s) dict_keys(['example_dag_decorator']) retrieved from /home/airflow/.local/lib/python3.7/site-packages/airflow/example_dags/example_dag_decorator.py
[2024-09-21 12:35:44,272] {logging_mixin.py:115} INFO - [2024-09-21 12:35:44,272] {dag.py:2379} INFO - Sync 1 DAGs
[2024-09-21 12:35:44,297] {logging_mixin.py:115} INFO - [2024-09-21 12:35:44,297] {dag.py:2927} INFO - Setting next_dagrun for example_dag_decorator to None, run_after=None
[2024-09-21 12:35:44,312] {processor.py:161} INFO - Processing /home/airflow/.local/lib/python3.7/site-packages/airflow/example_dags/example_dag_decorator.py took 0.384 seconds
[2024-09-21 12:36:14,400] {processor.py:153} INFO - Started process (PID=185) to work on /home/airflow/.local/lib/python3.7/site-packages/airflow/example_dags/example_dag_decorator.py
[2024-09-21 12:36:14,401] {processor.py:641} INFO - Processing file /home/airflow/.local/lib/python3.7/site-packages/airflow/example_dags/example_dag_decorator.py for tasks to queue
[2024-09-21 12:36:14,401] {logging_mixin.py:115} INFO - [2024-09-21 12:36:14,401] {dagbag.py:507} INFO - Filling up the DagBag from /home/airflow/.local/lib/python3.7/site-packages/airflow/example_dags/example_dag_decorator.py
[2024-09-21 12:36:14,427] {processor.py:651} INFO - DAG(s) dict_keys(['example_dag_decorator']) retrieved from /home/airflow/.local/lib/python3.7/site-packages/airflow/example_dags/example_dag_decorator.py
[2024-09-21 12:36:14,642] {logging_mixin.py:115} INFO - [2024-09-21 12:36:14,642] {dag.py:2379} INFO - Sync 1 DAGs
[2024-09-21 12:36:14,664] {logging_mixin.py:115} INFO - [2024-09-21 12:36:14,664] {dag.py:2927} INFO - Setting next_dagrun for example_dag_decorator to None, run_after=None
[2024-09-21 12:36:14,691] {processor.py:161} INFO - Processing /home/airflow/.local/lib/python3.7/site-packages/airflow/example_dags/example_dag_decorator.py took 0.295 seconds
[2024-09-21 12:36:44,942] {processor.py:153} INFO - Started process (PID=228) to work on /home/airflow/.local/lib/python3.7/site-packages/airflow/example_dags/example_dag_decorator.py
[2024-09-21 12:36:44,943] {processor.py:641} INFO - Processing file /home/airflow/.local/lib/python3.7/site-packages/airflow/example_dags/example_dag_decorator.py for tasks to queue
[2024-09-21 12:36:44,944] {logging_mixin.py:115} INFO - [2024-09-21 12:36:44,943] {dagbag.py:507} INFO - Filling up the DagBag from /home/airflow/.local/lib/python3.7/site-packages/airflow/example_dags/example_dag_decorator.py
[2024-09-21 12:36:44,975] {processor.py:651} INFO - DAG(s) dict_keys(['example_dag_decorator']) retrieved from /home/airflow/.local/lib/python3.7/site-packages/airflow/example_dags/example_dag_decorator.py
[2024-09-21 12:36:45,221] {logging_mixin.py:115} INFO - [2024-09-21 12:36:45,221] {dag.py:2379} INFO - Sync 1 DAGs
[2024-09-21 12:36:45,245] {logging_mixin.py:115} INFO - [2024-09-21 12:36:45,245] {dag.py:2927} INFO - Setting next_dagrun for example_dag_decorator to None, run_after=None
[2024-09-21 12:36:45,264] {processor.py:161} INFO - Processing /home/airflow/.local/lib/python3.7/site-packages/airflow/example_dags/example_dag_decorator.py took 0.325 seconds
[2024-09-21 12:37:15,479] {processor.py:153} INFO - Started process (PID=275) to work on /home/airflow/.local/lib/python3.7/site-packages/airflow/example_dags/example_dag_decorator.py
[2024-09-21 12:37:15,479] {processor.py:641} INFO - Processing file /home/airflow/.local/lib/python3.7/site-packages/airflow/example_dags/example_dag_decorator.py for tasks to queue
[2024-09-21 12:37:15,480] {logging_mixin.py:115} INFO - [2024-09-21 12:37:15,480] {dagbag.py:507} INFO - Filling up the DagBag from /home/airflow/.local/lib/python3.7/site-packages/airflow/example_dags/example_dag_decorator.py
[2024-09-21 12:37:15,509] {processor.py:651} INFO - DAG(s) dict_keys(['example_dag_decorator']) retrieved from /home/airflow/.local/lib/python3.7/site-packages/airflow/example_dags/example_dag_decorator.py
[2024-09-21 12:37:15,845] {logging_mixin.py:115} INFO - [2024-09-21 12:37:15,845] {dag.py:2379} INFO - Sync 1 DAGs
[2024-09-21 12:37:15,871] {logging_mixin.py:115} INFO - [2024-09-21 12:37:15,871] {dag.py:2927} INFO - Setting next_dagrun for example_dag_decorator to None, run_after=None
[2024-09-21 12:37:15,890] {processor.py:161} INFO - Processing /home/airflow/.local/lib/python3.7/site-packages/airflow/example_dags/example_dag_decorator.py took 0.416 seconds
