[2024-09-21 12:04:50,606] {processor.py:153} INFO - Started process (PID=51) to work on /home/airflow/.local/lib/python3.7/site-packages/airflow/example_dags/example_branch_labels.py
[2024-09-21 12:04:50,607] {processor.py:641} INFO - Processing file /home/airflow/.local/lib/python3.7/site-packages/airflow/example_dags/example_branch_labels.py for tasks to queue
[2024-09-21 12:04:50,607] {logging_mixin.py:115} INFO - [2024-09-21 12:04:50,607] {dagbag.py:507} INFO - Filling up the DagBag from /home/airflow/.local/lib/python3.7/site-packages/airflow/example_dags/example_branch_labels.py
[2024-09-21 12:04:50,619] {processor.py:651} INFO - DAG(s) dict_keys(['example_branch_labels']) retrieved from /home/airflow/.local/lib/python3.7/site-packages/airflow/example_dags/example_branch_labels.py
[2024-09-21 12:04:50,656] {logging_mixin.py:115} INFO - [2024-09-21 12:04:50,656] {dag.py:2379} INFO - Sync 1 DAGs
[2024-09-21 12:04:50,711] {logging_mixin.py:115} INFO - [2024-09-21 12:04:50,711] {dag.py:2927} INFO - Setting next_dagrun for example_branch_labels to 2024-09-20T00:00:00+00:00, run_after=2024-09-21T00:00:00+00:00
[2024-09-21 12:04:50,738] {processor.py:161} INFO - Processing /home/airflow/.local/lib/python3.7/site-packages/airflow/example_dags/example_branch_labels.py took 0.136 seconds
[2024-09-21 12:05:21,260] {processor.py:153} INFO - Started process (PID=118) to work on /home/airflow/.local/lib/python3.7/site-packages/airflow/example_dags/example_branch_labels.py
[2024-09-21 12:05:21,260] {processor.py:641} INFO - Processing file /home/airflow/.local/lib/python3.7/site-packages/airflow/example_dags/example_branch_labels.py for tasks to queue
[2024-09-21 12:05:21,262] {logging_mixin.py:115} INFO - [2024-09-21 12:05:21,262] {dagbag.py:507} INFO - Filling up the DagBag from /home/airflow/.local/lib/python3.7/site-packages/airflow/example_dags/example_branch_labels.py
[2024-09-21 12:05:21,289] {processor.py:651} INFO - DAG(s) dict_keys(['example_branch_labels']) retrieved from /home/airflow/.local/lib/python3.7/site-packages/airflow/example_dags/example_branch_labels.py
[2024-09-21 12:05:21,366] {logging_mixin.py:115} INFO - [2024-09-21 12:05:21,366] {dag.py:2379} INFO - Sync 1 DAGs
[2024-09-21 12:05:21,473] {logging_mixin.py:115} INFO - [2024-09-21 12:05:21,473] {dag.py:2927} INFO - Setting next_dagrun for example_branch_labels to 2024-09-20T00:00:00+00:00, run_after=2024-09-21T00:00:00+00:00
[2024-09-21 12:05:21,513] {processor.py:161} INFO - Processing /home/airflow/.local/lib/python3.7/site-packages/airflow/example_dags/example_branch_labels.py took 0.261 seconds
[2024-09-21 12:05:52,260] {processor.py:153} INFO - Started process (PID=160) to work on /home/airflow/.local/lib/python3.7/site-packages/airflow/example_dags/example_branch_labels.py
[2024-09-21 12:05:52,260] {processor.py:641} INFO - Processing file /home/airflow/.local/lib/python3.7/site-packages/airflow/example_dags/example_branch_labels.py for tasks to queue
[2024-09-21 12:05:52,262] {logging_mixin.py:115} INFO - [2024-09-21 12:05:52,262] {dagbag.py:507} INFO - Filling up the DagBag from /home/airflow/.local/lib/python3.7/site-packages/airflow/example_dags/example_branch_labels.py
[2024-09-21 12:05:52,278] {processor.py:651} INFO - DAG(s) dict_keys(['example_branch_labels']) retrieved from /home/airflow/.local/lib/python3.7/site-packages/airflow/example_dags/example_branch_labels.py
[2024-09-21 12:05:52,363] {logging_mixin.py:115} INFO - [2024-09-21 12:05:52,363] {dag.py:2379} INFO - Sync 1 DAGs
[2024-09-21 12:05:52,411] {logging_mixin.py:115} INFO - [2024-09-21 12:05:52,411] {dag.py:2927} INFO - Setting next_dagrun for example_branch_labels to 2024-09-20T00:00:00+00:00, run_after=2024-09-21T00:00:00+00:00
[2024-09-21 12:05:52,427] {processor.py:161} INFO - Processing /home/airflow/.local/lib/python3.7/site-packages/airflow/example_dags/example_branch_labels.py took 0.178 seconds
[2024-09-21 12:06:22,852] {processor.py:153} INFO - Started process (PID=201) to work on /home/airflow/.local/lib/python3.7/site-packages/airflow/example_dags/example_branch_labels.py
[2024-09-21 12:06:22,853] {processor.py:641} INFO - Processing file /home/airflow/.local/lib/python3.7/site-packages/airflow/example_dags/example_branch_labels.py for tasks to queue
[2024-09-21 12:06:22,854] {logging_mixin.py:115} INFO - [2024-09-21 12:06:22,854] {dagbag.py:507} INFO - Filling up the DagBag from /home/airflow/.local/lib/python3.7/site-packages/airflow/example_dags/example_branch_labels.py
[2024-09-21 12:06:22,863] {processor.py:651} INFO - DAG(s) dict_keys(['example_branch_labels']) retrieved from /home/airflow/.local/lib/python3.7/site-packages/airflow/example_dags/example_branch_labels.py
[2024-09-21 12:06:22,894] {logging_mixin.py:115} INFO - [2024-09-21 12:06:22,894] {dag.py:2379} INFO - Sync 1 DAGs
[2024-09-21 12:06:22,930] {logging_mixin.py:115} INFO - [2024-09-21 12:06:22,930] {dag.py:2927} INFO - Setting next_dagrun for example_branch_labels to 2024-09-20T00:00:00+00:00, run_after=2024-09-21T00:00:00+00:00
[2024-09-21 12:06:22,945] {processor.py:161} INFO - Processing /home/airflow/.local/lib/python3.7/site-packages/airflow/example_dags/example_branch_labels.py took 0.099 seconds
[2024-09-21 12:06:53,099] {processor.py:153} INFO - Started process (PID=249) to work on /home/airflow/.local/lib/python3.7/site-packages/airflow/example_dags/example_branch_labels.py
[2024-09-21 12:06:53,100] {processor.py:641} INFO - Processing file /home/airflow/.local/lib/python3.7/site-packages/airflow/example_dags/example_branch_labels.py for tasks to queue
[2024-09-21 12:06:53,101] {logging_mixin.py:115} INFO - [2024-09-21 12:06:53,101] {dagbag.py:507} INFO - Filling up the DagBag from /home/airflow/.local/lib/python3.7/site-packages/airflow/example_dags/example_branch_labels.py
[2024-09-21 12:06:53,108] {processor.py:651} INFO - DAG(s) dict_keys(['example_branch_labels']) retrieved from /home/airflow/.local/lib/python3.7/site-packages/airflow/example_dags/example_branch_labels.py
[2024-09-21 12:06:53,136] {logging_mixin.py:115} INFO - [2024-09-21 12:06:53,136] {dag.py:2379} INFO - Sync 1 DAGs
[2024-09-21 12:06:53,162] {logging_mixin.py:115} INFO - [2024-09-21 12:06:53,161] {dag.py:2927} INFO - Setting next_dagrun for example_branch_labels to 2024-09-20T00:00:00+00:00, run_after=2024-09-21T00:00:00+00:00
[2024-09-21 12:06:53,172] {processor.py:161} INFO - Processing /home/airflow/.local/lib/python3.7/site-packages/airflow/example_dags/example_branch_labels.py took 0.077 seconds
[2024-09-21 12:07:23,417] {processor.py:153} INFO - Started process (PID=291) to work on /home/airflow/.local/lib/python3.7/site-packages/airflow/example_dags/example_branch_labels.py
[2024-09-21 12:07:23,418] {processor.py:641} INFO - Processing file /home/airflow/.local/lib/python3.7/site-packages/airflow/example_dags/example_branch_labels.py for tasks to queue
[2024-09-21 12:07:23,419] {logging_mixin.py:115} INFO - [2024-09-21 12:07:23,419] {dagbag.py:507} INFO - Filling up the DagBag from /home/airflow/.local/lib/python3.7/site-packages/airflow/example_dags/example_branch_labels.py
[2024-09-21 12:07:23,426] {processor.py:651} INFO - DAG(s) dict_keys(['example_branch_labels']) retrieved from /home/airflow/.local/lib/python3.7/site-packages/airflow/example_dags/example_branch_labels.py
[2024-09-21 12:07:23,460] {logging_mixin.py:115} INFO - [2024-09-21 12:07:23,459] {dag.py:2379} INFO - Sync 1 DAGs
[2024-09-21 12:07:23,484] {logging_mixin.py:115} INFO - [2024-09-21 12:07:23,484] {dag.py:2927} INFO - Setting next_dagrun for example_branch_labels to 2024-09-20T00:00:00+00:00, run_after=2024-09-21T00:00:00+00:00
[2024-09-21 12:07:23,505] {processor.py:161} INFO - Processing /home/airflow/.local/lib/python3.7/site-packages/airflow/example_dags/example_branch_labels.py took 0.092 seconds
[2024-09-21 12:07:54,008] {processor.py:153} INFO - Started process (PID=332) to work on /home/airflow/.local/lib/python3.7/site-packages/airflow/example_dags/example_branch_labels.py
[2024-09-21 12:07:54,009] {processor.py:641} INFO - Processing file /home/airflow/.local/lib/python3.7/site-packages/airflow/example_dags/example_branch_labels.py for tasks to queue
[2024-09-21 12:07:54,010] {logging_mixin.py:115} INFO - [2024-09-21 12:07:54,010] {dagbag.py:507} INFO - Filling up the DagBag from /home/airflow/.local/lib/python3.7/site-packages/airflow/example_dags/example_branch_labels.py
[2024-09-21 12:07:54,018] {processor.py:651} INFO - DAG(s) dict_keys(['example_branch_labels']) retrieved from /home/airflow/.local/lib/python3.7/site-packages/airflow/example_dags/example_branch_labels.py
[2024-09-21 12:07:54,055] {logging_mixin.py:115} INFO - [2024-09-21 12:07:54,055] {dag.py:2379} INFO - Sync 1 DAGs
[2024-09-21 12:07:54,078] {logging_mixin.py:115} INFO - [2024-09-21 12:07:54,078] {dag.py:2927} INFO - Setting next_dagrun for example_branch_labels to 2024-09-20T00:00:00+00:00, run_after=2024-09-21T00:00:00+00:00
[2024-09-21 12:07:54,089] {processor.py:161} INFO - Processing /home/airflow/.local/lib/python3.7/site-packages/airflow/example_dags/example_branch_labels.py took 0.084 seconds
[2024-09-21 12:08:24,532] {processor.py:153} INFO - Started process (PID=373) to work on /home/airflow/.local/lib/python3.7/site-packages/airflow/example_dags/example_branch_labels.py
[2024-09-21 12:08:24,532] {processor.py:641} INFO - Processing file /home/airflow/.local/lib/python3.7/site-packages/airflow/example_dags/example_branch_labels.py for tasks to queue
[2024-09-21 12:08:24,533] {logging_mixin.py:115} INFO - [2024-09-21 12:08:24,533] {dagbag.py:507} INFO - Filling up the DagBag from /home/airflow/.local/lib/python3.7/site-packages/airflow/example_dags/example_branch_labels.py
[2024-09-21 12:08:24,539] {processor.py:651} INFO - DAG(s) dict_keys(['example_branch_labels']) retrieved from /home/airflow/.local/lib/python3.7/site-packages/airflow/example_dags/example_branch_labels.py
[2024-09-21 12:08:24,566] {logging_mixin.py:115} INFO - [2024-09-21 12:08:24,566] {dag.py:2379} INFO - Sync 1 DAGs
[2024-09-21 12:08:24,588] {logging_mixin.py:115} INFO - [2024-09-21 12:08:24,588] {dag.py:2927} INFO - Setting next_dagrun for example_branch_labels to 2024-09-20T00:00:00+00:00, run_after=2024-09-21T00:00:00+00:00
[2024-09-21 12:08:24,598] {processor.py:161} INFO - Processing /home/airflow/.local/lib/python3.7/site-packages/airflow/example_dags/example_branch_labels.py took 0.070 seconds
[2024-09-21 12:08:54,743] {processor.py:153} INFO - Started process (PID=415) to work on /home/airflow/.local/lib/python3.7/site-packages/airflow/example_dags/example_branch_labels.py
[2024-09-21 12:08:54,743] {processor.py:641} INFO - Processing file /home/airflow/.local/lib/python3.7/site-packages/airflow/example_dags/example_branch_labels.py for tasks to queue
[2024-09-21 12:08:54,744] {logging_mixin.py:115} INFO - [2024-09-21 12:08:54,744] {dagbag.py:507} INFO - Filling up the DagBag from /home/airflow/.local/lib/python3.7/site-packages/airflow/example_dags/example_branch_labels.py
[2024-09-21 12:08:54,749] {processor.py:651} INFO - DAG(s) dict_keys(['example_branch_labels']) retrieved from /home/airflow/.local/lib/python3.7/site-packages/airflow/example_dags/example_branch_labels.py
[2024-09-21 12:08:54,778] {logging_mixin.py:115} INFO - [2024-09-21 12:08:54,777] {dag.py:2379} INFO - Sync 1 DAGs
[2024-09-21 12:08:54,801] {logging_mixin.py:115} INFO - [2024-09-21 12:08:54,800] {dag.py:2927} INFO - Setting next_dagrun for example_branch_labels to 2024-09-20T00:00:00+00:00, run_after=2024-09-21T00:00:00+00:00
[2024-09-21 12:08:54,811] {processor.py:161} INFO - Processing /home/airflow/.local/lib/python3.7/site-packages/airflow/example_dags/example_branch_labels.py took 0.071 seconds
[2024-09-21 12:09:25,371] {processor.py:153} INFO - Started process (PID=457) to work on /home/airflow/.local/lib/python3.7/site-packages/airflow/example_dags/example_branch_labels.py
[2024-09-21 12:09:25,372] {processor.py:641} INFO - Processing file /home/airflow/.local/lib/python3.7/site-packages/airflow/example_dags/example_branch_labels.py for tasks to queue
[2024-09-21 12:09:25,372] {logging_mixin.py:115} INFO - [2024-09-21 12:09:25,372] {dagbag.py:507} INFO - Filling up the DagBag from /home/airflow/.local/lib/python3.7/site-packages/airflow/example_dags/example_branch_labels.py
[2024-09-21 12:09:25,381] {processor.py:651} INFO - DAG(s) dict_keys(['example_branch_labels']) retrieved from /home/airflow/.local/lib/python3.7/site-packages/airflow/example_dags/example_branch_labels.py
[2024-09-21 12:09:25,435] {logging_mixin.py:115} INFO - [2024-09-21 12:09:25,435] {dag.py:2379} INFO - Sync 1 DAGs
[2024-09-21 12:09:25,469] {logging_mixin.py:115} INFO - [2024-09-21 12:09:25,469] {dag.py:2927} INFO - Setting next_dagrun for example_branch_labels to 2024-09-20T00:00:00+00:00, run_after=2024-09-21T00:00:00+00:00
[2024-09-21 12:09:25,493] {processor.py:161} INFO - Processing /home/airflow/.local/lib/python3.7/site-packages/airflow/example_dags/example_branch_labels.py took 0.125 seconds
[2024-09-21 12:10:41,092] {processor.py:153} INFO - Started process (PID=506) to work on /home/airflow/.local/lib/python3.7/site-packages/airflow/example_dags/example_branch_labels.py
[2024-09-21 12:10:41,095] {processor.py:641} INFO - Processing file /home/airflow/.local/lib/python3.7/site-packages/airflow/example_dags/example_branch_labels.py for tasks to queue
[2024-09-21 12:10:41,096] {logging_mixin.py:115} INFO - [2024-09-21 12:10:41,096] {dagbag.py:507} INFO - Filling up the DagBag from /home/airflow/.local/lib/python3.7/site-packages/airflow/example_dags/example_branch_labels.py
[2024-09-21 12:10:41,132] {processor.py:651} INFO - DAG(s) dict_keys(['example_branch_labels']) retrieved from /home/airflow/.local/lib/python3.7/site-packages/airflow/example_dags/example_branch_labels.py
[2024-09-21 12:10:41,223] {logging_mixin.py:115} INFO - [2024-09-21 12:10:41,223] {dag.py:2379} INFO - Sync 1 DAGs
[2024-09-21 12:10:41,298] {logging_mixin.py:115} INFO - [2024-09-21 12:10:41,296] {dag.py:2927} INFO - Setting next_dagrun for example_branch_labels to 2024-09-20T00:00:00+00:00, run_after=2024-09-21T00:00:00+00:00
[2024-09-21 12:10:41,332] {processor.py:161} INFO - Processing /home/airflow/.local/lib/python3.7/site-packages/airflow/example_dags/example_branch_labels.py took 0.252 seconds
[2024-09-21 12:21:26,331] {processor.py:153} INFO - Started process (PID=51) to work on /home/airflow/.local/lib/python3.7/site-packages/airflow/example_dags/example_branch_labels.py
[2024-09-21 12:21:26,340] {processor.py:641} INFO - Processing file /home/airflow/.local/lib/python3.7/site-packages/airflow/example_dags/example_branch_labels.py for tasks to queue
[2024-09-21 12:21:26,341] {logging_mixin.py:115} INFO - [2024-09-21 12:21:26,341] {dagbag.py:507} INFO - Filling up the DagBag from /home/airflow/.local/lib/python3.7/site-packages/airflow/example_dags/example_branch_labels.py
[2024-09-21 12:21:26,374] {processor.py:651} INFO - DAG(s) dict_keys(['example_branch_labels']) retrieved from /home/airflow/.local/lib/python3.7/site-packages/airflow/example_dags/example_branch_labels.py
[2024-09-21 12:21:26,491] {logging_mixin.py:115} INFO - [2024-09-21 12:21:26,491] {dag.py:2379} INFO - Sync 1 DAGs
[2024-09-21 12:21:26,565] {logging_mixin.py:115} INFO - [2024-09-21 12:21:26,565] {dag.py:2927} INFO - Setting next_dagrun for example_branch_labels to 2024-09-20T00:00:00+00:00, run_after=2024-09-21T00:00:00+00:00
[2024-09-21 12:21:26,597] {processor.py:161} INFO - Processing /home/airflow/.local/lib/python3.7/site-packages/airflow/example_dags/example_branch_labels.py took 0.283 seconds
[2024-09-21 12:21:56,661] {processor.py:153} INFO - Started process (PID=113) to work on /home/airflow/.local/lib/python3.7/site-packages/airflow/example_dags/example_branch_labels.py
[2024-09-21 12:21:56,662] {processor.py:641} INFO - Processing file /home/airflow/.local/lib/python3.7/site-packages/airflow/example_dags/example_branch_labels.py for tasks to queue
[2024-09-21 12:21:56,662] {logging_mixin.py:115} INFO - [2024-09-21 12:21:56,662] {dagbag.py:507} INFO - Filling up the DagBag from /home/airflow/.local/lib/python3.7/site-packages/airflow/example_dags/example_branch_labels.py
[2024-09-21 12:21:56,667] {processor.py:651} INFO - DAG(s) dict_keys(['example_branch_labels']) retrieved from /home/airflow/.local/lib/python3.7/site-packages/airflow/example_dags/example_branch_labels.py
[2024-09-21 12:21:56,689] {logging_mixin.py:115} INFO - [2024-09-21 12:21:56,689] {dag.py:2379} INFO - Sync 1 DAGs
[2024-09-21 12:21:56,711] {logging_mixin.py:115} INFO - [2024-09-21 12:21:56,711] {dag.py:2927} INFO - Setting next_dagrun for example_branch_labels to 2024-09-20T00:00:00+00:00, run_after=2024-09-21T00:00:00+00:00
[2024-09-21 12:21:56,721] {processor.py:161} INFO - Processing /home/airflow/.local/lib/python3.7/site-packages/airflow/example_dags/example_branch_labels.py took 0.062 seconds
[2024-09-21 12:22:26,937] {processor.py:153} INFO - Started process (PID=163) to work on /home/airflow/.local/lib/python3.7/site-packages/airflow/example_dags/example_branch_labels.py
[2024-09-21 12:22:26,937] {processor.py:641} INFO - Processing file /home/airflow/.local/lib/python3.7/site-packages/airflow/example_dags/example_branch_labels.py for tasks to queue
[2024-09-21 12:22:26,938] {logging_mixin.py:115} INFO - [2024-09-21 12:22:26,938] {dagbag.py:507} INFO - Filling up the DagBag from /home/airflow/.local/lib/python3.7/site-packages/airflow/example_dags/example_branch_labels.py
[2024-09-21 12:22:26,944] {processor.py:651} INFO - DAG(s) dict_keys(['example_branch_labels']) retrieved from /home/airflow/.local/lib/python3.7/site-packages/airflow/example_dags/example_branch_labels.py
[2024-09-21 12:22:26,967] {logging_mixin.py:115} INFO - [2024-09-21 12:22:26,967] {dag.py:2379} INFO - Sync 1 DAGs
[2024-09-21 12:22:26,989] {logging_mixin.py:115} INFO - [2024-09-21 12:22:26,989] {dag.py:2927} INFO - Setting next_dagrun for example_branch_labels to 2024-09-20T00:00:00+00:00, run_after=2024-09-21T00:00:00+00:00
[2024-09-21 12:22:26,999] {processor.py:161} INFO - Processing /home/airflow/.local/lib/python3.7/site-packages/airflow/example_dags/example_branch_labels.py took 0.066 seconds
[2024-09-21 12:22:57,513] {processor.py:153} INFO - Started process (PID=206) to work on /home/airflow/.local/lib/python3.7/site-packages/airflow/example_dags/example_branch_labels.py
[2024-09-21 12:22:57,516] {processor.py:641} INFO - Processing file /home/airflow/.local/lib/python3.7/site-packages/airflow/example_dags/example_branch_labels.py for tasks to queue
[2024-09-21 12:22:57,517] {logging_mixin.py:115} INFO - [2024-09-21 12:22:57,517] {dagbag.py:507} INFO - Filling up the DagBag from /home/airflow/.local/lib/python3.7/site-packages/airflow/example_dags/example_branch_labels.py
[2024-09-21 12:22:57,526] {processor.py:651} INFO - DAG(s) dict_keys(['example_branch_labels']) retrieved from /home/airflow/.local/lib/python3.7/site-packages/airflow/example_dags/example_branch_labels.py
[2024-09-21 12:22:57,553] {logging_mixin.py:115} INFO - [2024-09-21 12:22:57,553] {dag.py:2379} INFO - Sync 1 DAGs
[2024-09-21 12:22:57,576] {logging_mixin.py:115} INFO - [2024-09-21 12:22:57,576] {dag.py:2927} INFO - Setting next_dagrun for example_branch_labels to 2024-09-20T00:00:00+00:00, run_after=2024-09-21T00:00:00+00:00
[2024-09-21 12:22:57,585] {processor.py:161} INFO - Processing /home/airflow/.local/lib/python3.7/site-packages/airflow/example_dags/example_branch_labels.py took 0.077 seconds
[2024-09-21 12:23:27,766] {processor.py:153} INFO - Started process (PID=247) to work on /home/airflow/.local/lib/python3.7/site-packages/airflow/example_dags/example_branch_labels.py
[2024-09-21 12:23:27,767] {processor.py:641} INFO - Processing file /home/airflow/.local/lib/python3.7/site-packages/airflow/example_dags/example_branch_labels.py for tasks to queue
[2024-09-21 12:23:27,768] {logging_mixin.py:115} INFO - [2024-09-21 12:23:27,768] {dagbag.py:507} INFO - Filling up the DagBag from /home/airflow/.local/lib/python3.7/site-packages/airflow/example_dags/example_branch_labels.py
[2024-09-21 12:23:27,782] {processor.py:651} INFO - DAG(s) dict_keys(['example_branch_labels']) retrieved from /home/airflow/.local/lib/python3.7/site-packages/airflow/example_dags/example_branch_labels.py
[2024-09-21 12:23:27,838] {logging_mixin.py:115} INFO - [2024-09-21 12:23:27,837] {dag.py:2379} INFO - Sync 1 DAGs
[2024-09-21 12:23:27,867] {logging_mixin.py:115} INFO - [2024-09-21 12:23:27,867] {dag.py:2927} INFO - Setting next_dagrun for example_branch_labels to 2024-09-20T00:00:00+00:00, run_after=2024-09-21T00:00:00+00:00
[2024-09-21 12:23:27,882] {processor.py:161} INFO - Processing /home/airflow/.local/lib/python3.7/site-packages/airflow/example_dags/example_branch_labels.py took 0.126 seconds
[2024-09-21 12:23:58,354] {processor.py:153} INFO - Started process (PID=289) to work on /home/airflow/.local/lib/python3.7/site-packages/airflow/example_dags/example_branch_labels.py
[2024-09-21 12:23:58,358] {processor.py:641} INFO - Processing file /home/airflow/.local/lib/python3.7/site-packages/airflow/example_dags/example_branch_labels.py for tasks to queue
[2024-09-21 12:23:58,359] {logging_mixin.py:115} INFO - [2024-09-21 12:23:58,358] {dagbag.py:507} INFO - Filling up the DagBag from /home/airflow/.local/lib/python3.7/site-packages/airflow/example_dags/example_branch_labels.py
[2024-09-21 12:23:58,369] {processor.py:651} INFO - DAG(s) dict_keys(['example_branch_labels']) retrieved from /home/airflow/.local/lib/python3.7/site-packages/airflow/example_dags/example_branch_labels.py
[2024-09-21 12:23:58,394] {logging_mixin.py:115} INFO - [2024-09-21 12:23:58,394] {dag.py:2379} INFO - Sync 1 DAGs
[2024-09-21 12:23:58,416] {logging_mixin.py:115} INFO - [2024-09-21 12:23:58,416] {dag.py:2927} INFO - Setting next_dagrun for example_branch_labels to 2024-09-20T00:00:00+00:00, run_after=2024-09-21T00:00:00+00:00
[2024-09-21 12:23:58,425] {processor.py:161} INFO - Processing /home/airflow/.local/lib/python3.7/site-packages/airflow/example_dags/example_branch_labels.py took 0.076 seconds
[2024-09-21 12:24:29,273] {processor.py:153} INFO - Started process (PID=331) to work on /home/airflow/.local/lib/python3.7/site-packages/airflow/example_dags/example_branch_labels.py
[2024-09-21 12:24:29,273] {processor.py:641} INFO - Processing file /home/airflow/.local/lib/python3.7/site-packages/airflow/example_dags/example_branch_labels.py for tasks to queue
[2024-09-21 12:24:29,274] {logging_mixin.py:115} INFO - [2024-09-21 12:24:29,274] {dagbag.py:507} INFO - Filling up the DagBag from /home/airflow/.local/lib/python3.7/site-packages/airflow/example_dags/example_branch_labels.py
[2024-09-21 12:24:29,279] {processor.py:651} INFO - DAG(s) dict_keys(['example_branch_labels']) retrieved from /home/airflow/.local/lib/python3.7/site-packages/airflow/example_dags/example_branch_labels.py
[2024-09-21 12:24:29,304] {logging_mixin.py:115} INFO - [2024-09-21 12:24:29,304] {dag.py:2379} INFO - Sync 1 DAGs
[2024-09-21 12:24:29,326] {logging_mixin.py:115} INFO - [2024-09-21 12:24:29,326] {dag.py:2927} INFO - Setting next_dagrun for example_branch_labels to 2024-09-20T00:00:00+00:00, run_after=2024-09-21T00:00:00+00:00
[2024-09-21 12:24:29,335] {processor.py:161} INFO - Processing /home/airflow/.local/lib/python3.7/site-packages/airflow/example_dags/example_branch_labels.py took 0.065 seconds
[2024-09-21 12:24:59,897] {processor.py:153} INFO - Started process (PID=373) to work on /home/airflow/.local/lib/python3.7/site-packages/airflow/example_dags/example_branch_labels.py
[2024-09-21 12:24:59,900] {processor.py:641} INFO - Processing file /home/airflow/.local/lib/python3.7/site-packages/airflow/example_dags/example_branch_labels.py for tasks to queue
[2024-09-21 12:24:59,901] {logging_mixin.py:115} INFO - [2024-09-21 12:24:59,901] {dagbag.py:507} INFO - Filling up the DagBag from /home/airflow/.local/lib/python3.7/site-packages/airflow/example_dags/example_branch_labels.py
[2024-09-21 12:24:59,908] {processor.py:651} INFO - DAG(s) dict_keys(['example_branch_labels']) retrieved from /home/airflow/.local/lib/python3.7/site-packages/airflow/example_dags/example_branch_labels.py
[2024-09-21 12:24:59,933] {logging_mixin.py:115} INFO - [2024-09-21 12:24:59,933] {dag.py:2379} INFO - Sync 1 DAGs
[2024-09-21 12:24:59,957] {logging_mixin.py:115} INFO - [2024-09-21 12:24:59,957] {dag.py:2927} INFO - Setting next_dagrun for example_branch_labels to 2024-09-20T00:00:00+00:00, run_after=2024-09-21T00:00:00+00:00
[2024-09-21 12:24:59,966] {processor.py:161} INFO - Processing /home/airflow/.local/lib/python3.7/site-packages/airflow/example_dags/example_branch_labels.py took 0.074 seconds
[2024-09-21 12:25:29,990] {processor.py:153} INFO - Started process (PID=414) to work on /home/airflow/.local/lib/python3.7/site-packages/airflow/example_dags/example_branch_labels.py
[2024-09-21 12:25:30,000] {processor.py:641} INFO - Processing file /home/airflow/.local/lib/python3.7/site-packages/airflow/example_dags/example_branch_labels.py for tasks to queue
[2024-09-21 12:25:30,001] {logging_mixin.py:115} INFO - [2024-09-21 12:25:30,001] {dagbag.py:507} INFO - Filling up the DagBag from /home/airflow/.local/lib/python3.7/site-packages/airflow/example_dags/example_branch_labels.py
[2024-09-21 12:25:30,011] {processor.py:651} INFO - DAG(s) dict_keys(['example_branch_labels']) retrieved from /home/airflow/.local/lib/python3.7/site-packages/airflow/example_dags/example_branch_labels.py
[2024-09-21 12:25:30,037] {logging_mixin.py:115} INFO - [2024-09-21 12:25:30,037] {dag.py:2379} INFO - Sync 1 DAGs
[2024-09-21 12:25:30,056] {logging_mixin.py:115} INFO - [2024-09-21 12:25:30,056] {dag.py:2927} INFO - Setting next_dagrun for example_branch_labels to 2024-09-20T00:00:00+00:00, run_after=2024-09-21T00:00:00+00:00
[2024-09-21 12:25:30,066] {processor.py:161} INFO - Processing /home/airflow/.local/lib/python3.7/site-packages/airflow/example_dags/example_branch_labels.py took 0.081 seconds
[2024-09-21 12:26:00,488] {processor.py:153} INFO - Started process (PID=456) to work on /home/airflow/.local/lib/python3.7/site-packages/airflow/example_dags/example_branch_labels.py
[2024-09-21 12:26:00,489] {processor.py:641} INFO - Processing file /home/airflow/.local/lib/python3.7/site-packages/airflow/example_dags/example_branch_labels.py for tasks to queue
[2024-09-21 12:26:00,489] {logging_mixin.py:115} INFO - [2024-09-21 12:26:00,489] {dagbag.py:507} INFO - Filling up the DagBag from /home/airflow/.local/lib/python3.7/site-packages/airflow/example_dags/example_branch_labels.py
[2024-09-21 12:26:00,495] {processor.py:651} INFO - DAG(s) dict_keys(['example_branch_labels']) retrieved from /home/airflow/.local/lib/python3.7/site-packages/airflow/example_dags/example_branch_labels.py
[2024-09-21 12:26:00,518] {logging_mixin.py:115} INFO - [2024-09-21 12:26:00,518] {dag.py:2379} INFO - Sync 1 DAGs
[2024-09-21 12:26:00,542] {logging_mixin.py:115} INFO - [2024-09-21 12:26:00,542] {dag.py:2927} INFO - Setting next_dagrun for example_branch_labels to 2024-09-20T00:00:00+00:00, run_after=2024-09-21T00:00:00+00:00
[2024-09-21 12:26:00,552] {processor.py:161} INFO - Processing /home/airflow/.local/lib/python3.7/site-packages/airflow/example_dags/example_branch_labels.py took 0.069 seconds
[2024-09-21 12:26:30,701] {processor.py:153} INFO - Started process (PID=498) to work on /home/airflow/.local/lib/python3.7/site-packages/airflow/example_dags/example_branch_labels.py
[2024-09-21 12:26:30,702] {processor.py:641} INFO - Processing file /home/airflow/.local/lib/python3.7/site-packages/airflow/example_dags/example_branch_labels.py for tasks to queue
[2024-09-21 12:26:30,703] {logging_mixin.py:115} INFO - [2024-09-21 12:26:30,703] {dagbag.py:507} INFO - Filling up the DagBag from /home/airflow/.local/lib/python3.7/site-packages/airflow/example_dags/example_branch_labels.py
[2024-09-21 12:26:30,709] {processor.py:651} INFO - DAG(s) dict_keys(['example_branch_labels']) retrieved from /home/airflow/.local/lib/python3.7/site-packages/airflow/example_dags/example_branch_labels.py
[2024-09-21 12:26:30,736] {logging_mixin.py:115} INFO - [2024-09-21 12:26:30,736] {dag.py:2379} INFO - Sync 1 DAGs
[2024-09-21 12:26:30,761] {logging_mixin.py:115} INFO - [2024-09-21 12:26:30,761] {dag.py:2927} INFO - Setting next_dagrun for example_branch_labels to 2024-09-20T00:00:00+00:00, run_after=2024-09-21T00:00:00+00:00
[2024-09-21 12:26:30,773] {processor.py:161} INFO - Processing /home/airflow/.local/lib/python3.7/site-packages/airflow/example_dags/example_branch_labels.py took 0.077 seconds
[2024-09-21 12:27:01,002] {processor.py:153} INFO - Started process (PID=540) to work on /home/airflow/.local/lib/python3.7/site-packages/airflow/example_dags/example_branch_labels.py
[2024-09-21 12:27:01,003] {processor.py:641} INFO - Processing file /home/airflow/.local/lib/python3.7/site-packages/airflow/example_dags/example_branch_labels.py for tasks to queue
[2024-09-21 12:27:01,003] {logging_mixin.py:115} INFO - [2024-09-21 12:27:01,003] {dagbag.py:507} INFO - Filling up the DagBag from /home/airflow/.local/lib/python3.7/site-packages/airflow/example_dags/example_branch_labels.py
[2024-09-21 12:27:01,008] {processor.py:651} INFO - DAG(s) dict_keys(['example_branch_labels']) retrieved from /home/airflow/.local/lib/python3.7/site-packages/airflow/example_dags/example_branch_labels.py
[2024-09-21 12:27:01,035] {logging_mixin.py:115} INFO - [2024-09-21 12:27:01,035] {dag.py:2379} INFO - Sync 1 DAGs
[2024-09-21 12:27:01,058] {logging_mixin.py:115} INFO - [2024-09-21 12:27:01,057] {dag.py:2927} INFO - Setting next_dagrun for example_branch_labels to 2024-09-20T00:00:00+00:00, run_after=2024-09-21T00:00:00+00:00
[2024-09-21 12:27:01,067] {processor.py:161} INFO - Processing /home/airflow/.local/lib/python3.7/site-packages/airflow/example_dags/example_branch_labels.py took 0.068 seconds
[2024-09-21 12:27:31,474] {processor.py:153} INFO - Started process (PID=582) to work on /home/airflow/.local/lib/python3.7/site-packages/airflow/example_dags/example_branch_labels.py
[2024-09-21 12:27:31,476] {processor.py:641} INFO - Processing file /home/airflow/.local/lib/python3.7/site-packages/airflow/example_dags/example_branch_labels.py for tasks to queue
[2024-09-21 12:27:31,476] {logging_mixin.py:115} INFO - [2024-09-21 12:27:31,476] {dagbag.py:507} INFO - Filling up the DagBag from /home/airflow/.local/lib/python3.7/site-packages/airflow/example_dags/example_branch_labels.py
[2024-09-21 12:27:31,482] {processor.py:651} INFO - DAG(s) dict_keys(['example_branch_labels']) retrieved from /home/airflow/.local/lib/python3.7/site-packages/airflow/example_dags/example_branch_labels.py
[2024-09-21 12:27:31,512] {logging_mixin.py:115} INFO - [2024-09-21 12:27:31,512] {dag.py:2379} INFO - Sync 1 DAGs
[2024-09-21 12:27:31,537] {logging_mixin.py:115} INFO - [2024-09-21 12:27:31,537] {dag.py:2927} INFO - Setting next_dagrun for example_branch_labels to 2024-09-20T00:00:00+00:00, run_after=2024-09-21T00:00:00+00:00
[2024-09-21 12:27:31,550] {processor.py:161} INFO - Processing /home/airflow/.local/lib/python3.7/site-packages/airflow/example_dags/example_branch_labels.py took 0.080 seconds
[2024-09-21 12:28:01,747] {processor.py:153} INFO - Started process (PID=624) to work on /home/airflow/.local/lib/python3.7/site-packages/airflow/example_dags/example_branch_labels.py
[2024-09-21 12:28:01,748] {processor.py:641} INFO - Processing file /home/airflow/.local/lib/python3.7/site-packages/airflow/example_dags/example_branch_labels.py for tasks to queue
[2024-09-21 12:28:01,748] {logging_mixin.py:115} INFO - [2024-09-21 12:28:01,748] {dagbag.py:507} INFO - Filling up the DagBag from /home/airflow/.local/lib/python3.7/site-packages/airflow/example_dags/example_branch_labels.py
[2024-09-21 12:28:01,755] {processor.py:651} INFO - DAG(s) dict_keys(['example_branch_labels']) retrieved from /home/airflow/.local/lib/python3.7/site-packages/airflow/example_dags/example_branch_labels.py
[2024-09-21 12:28:01,779] {logging_mixin.py:115} INFO - [2024-09-21 12:28:01,779] {dag.py:2379} INFO - Sync 1 DAGs
[2024-09-21 12:28:01,802] {logging_mixin.py:115} INFO - [2024-09-21 12:28:01,802] {dag.py:2927} INFO - Setting next_dagrun for example_branch_labels to 2024-09-20T00:00:00+00:00, run_after=2024-09-21T00:00:00+00:00
[2024-09-21 12:28:01,814] {processor.py:161} INFO - Processing /home/airflow/.local/lib/python3.7/site-packages/airflow/example_dags/example_branch_labels.py took 0.071 seconds
[2024-09-21 12:28:31,914] {processor.py:153} INFO - Started process (PID=666) to work on /home/airflow/.local/lib/python3.7/site-packages/airflow/example_dags/example_branch_labels.py
[2024-09-21 12:28:31,915] {processor.py:641} INFO - Processing file /home/airflow/.local/lib/python3.7/site-packages/airflow/example_dags/example_branch_labels.py for tasks to queue
[2024-09-21 12:28:31,915] {logging_mixin.py:115} INFO - [2024-09-21 12:28:31,915] {dagbag.py:507} INFO - Filling up the DagBag from /home/airflow/.local/lib/python3.7/site-packages/airflow/example_dags/example_branch_labels.py
[2024-09-21 12:28:31,922] {processor.py:651} INFO - DAG(s) dict_keys(['example_branch_labels']) retrieved from /home/airflow/.local/lib/python3.7/site-packages/airflow/example_dags/example_branch_labels.py
[2024-09-21 12:28:31,957] {logging_mixin.py:115} INFO - [2024-09-21 12:28:31,957] {dag.py:2379} INFO - Sync 1 DAGs
[2024-09-21 12:28:31,979] {logging_mixin.py:115} INFO - [2024-09-21 12:28:31,979] {dag.py:2927} INFO - Setting next_dagrun for example_branch_labels to 2024-09-20T00:00:00+00:00, run_after=2024-09-21T00:00:00+00:00
[2024-09-21 12:28:31,989] {processor.py:161} INFO - Processing /home/airflow/.local/lib/python3.7/site-packages/airflow/example_dags/example_branch_labels.py took 0.080 seconds
[2024-09-21 12:29:02,244] {processor.py:153} INFO - Started process (PID=708) to work on /home/airflow/.local/lib/python3.7/site-packages/airflow/example_dags/example_branch_labels.py
[2024-09-21 12:29:02,247] {processor.py:641} INFO - Processing file /home/airflow/.local/lib/python3.7/site-packages/airflow/example_dags/example_branch_labels.py for tasks to queue
[2024-09-21 12:29:02,248] {logging_mixin.py:115} INFO - [2024-09-21 12:29:02,248] {dagbag.py:507} INFO - Filling up the DagBag from /home/airflow/.local/lib/python3.7/site-packages/airflow/example_dags/example_branch_labels.py
[2024-09-21 12:29:02,257] {processor.py:651} INFO - DAG(s) dict_keys(['example_branch_labels']) retrieved from /home/airflow/.local/lib/python3.7/site-packages/airflow/example_dags/example_branch_labels.py
[2024-09-21 12:29:02,281] {logging_mixin.py:115} INFO - [2024-09-21 12:29:02,281] {dag.py:2379} INFO - Sync 1 DAGs
[2024-09-21 12:29:02,303] {logging_mixin.py:115} INFO - [2024-09-21 12:29:02,303] {dag.py:2927} INFO - Setting next_dagrun for example_branch_labels to 2024-09-20T00:00:00+00:00, run_after=2024-09-21T00:00:00+00:00
[2024-09-21 12:29:02,313] {processor.py:161} INFO - Processing /home/airflow/.local/lib/python3.7/site-packages/airflow/example_dags/example_branch_labels.py took 0.074 seconds
[2024-09-21 12:29:32,338] {processor.py:153} INFO - Started process (PID=749) to work on /home/airflow/.local/lib/python3.7/site-packages/airflow/example_dags/example_branch_labels.py
[2024-09-21 12:29:32,339] {processor.py:641} INFO - Processing file /home/airflow/.local/lib/python3.7/site-packages/airflow/example_dags/example_branch_labels.py for tasks to queue
[2024-09-21 12:29:32,339] {logging_mixin.py:115} INFO - [2024-09-21 12:29:32,339] {dagbag.py:507} INFO - Filling up the DagBag from /home/airflow/.local/lib/python3.7/site-packages/airflow/example_dags/example_branch_labels.py
[2024-09-21 12:29:32,347] {processor.py:651} INFO - DAG(s) dict_keys(['example_branch_labels']) retrieved from /home/airflow/.local/lib/python3.7/site-packages/airflow/example_dags/example_branch_labels.py
[2024-09-21 12:29:32,376] {logging_mixin.py:115} INFO - [2024-09-21 12:29:32,376] {dag.py:2379} INFO - Sync 1 DAGs
[2024-09-21 12:29:32,397] {logging_mixin.py:115} INFO - [2024-09-21 12:29:32,397] {dag.py:2927} INFO - Setting next_dagrun for example_branch_labels to 2024-09-20T00:00:00+00:00, run_after=2024-09-21T00:00:00+00:00
[2024-09-21 12:29:32,412] {processor.py:161} INFO - Processing /home/airflow/.local/lib/python3.7/site-packages/airflow/example_dags/example_branch_labels.py took 0.079 seconds
[2024-09-21 12:30:03,345] {processor.py:153} INFO - Started process (PID=792) to work on /home/airflow/.local/lib/python3.7/site-packages/airflow/example_dags/example_branch_labels.py
[2024-09-21 12:30:03,346] {processor.py:641} INFO - Processing file /home/airflow/.local/lib/python3.7/site-packages/airflow/example_dags/example_branch_labels.py for tasks to queue
[2024-09-21 12:30:03,347] {logging_mixin.py:115} INFO - [2024-09-21 12:30:03,347] {dagbag.py:507} INFO - Filling up the DagBag from /home/airflow/.local/lib/python3.7/site-packages/airflow/example_dags/example_branch_labels.py
[2024-09-21 12:30:03,353] {processor.py:651} INFO - DAG(s) dict_keys(['example_branch_labels']) retrieved from /home/airflow/.local/lib/python3.7/site-packages/airflow/example_dags/example_branch_labels.py
[2024-09-21 12:30:03,378] {logging_mixin.py:115} INFO - [2024-09-21 12:30:03,377] {dag.py:2379} INFO - Sync 1 DAGs
[2024-09-21 12:30:03,400] {logging_mixin.py:115} INFO - [2024-09-21 12:30:03,400] {dag.py:2927} INFO - Setting next_dagrun for example_branch_labels to 2024-09-20T00:00:00+00:00, run_after=2024-09-21T00:00:00+00:00
[2024-09-21 12:30:03,409] {processor.py:161} INFO - Processing /home/airflow/.local/lib/python3.7/site-packages/airflow/example_dags/example_branch_labels.py took 0.069 seconds
[2024-09-21 12:30:34,338] {processor.py:153} INFO - Started process (PID=834) to work on /home/airflow/.local/lib/python3.7/site-packages/airflow/example_dags/example_branch_labels.py
[2024-09-21 12:30:34,341] {processor.py:641} INFO - Processing file /home/airflow/.local/lib/python3.7/site-packages/airflow/example_dags/example_branch_labels.py for tasks to queue
[2024-09-21 12:30:34,342] {logging_mixin.py:115} INFO - [2024-09-21 12:30:34,341] {dagbag.py:507} INFO - Filling up the DagBag from /home/airflow/.local/lib/python3.7/site-packages/airflow/example_dags/example_branch_labels.py
[2024-09-21 12:30:34,348] {processor.py:651} INFO - DAG(s) dict_keys(['example_branch_labels']) retrieved from /home/airflow/.local/lib/python3.7/site-packages/airflow/example_dags/example_branch_labels.py
[2024-09-21 12:30:34,372] {logging_mixin.py:115} INFO - [2024-09-21 12:30:34,372] {dag.py:2379} INFO - Sync 1 DAGs
[2024-09-21 12:30:34,394] {logging_mixin.py:115} INFO - [2024-09-21 12:30:34,394] {dag.py:2927} INFO - Setting next_dagrun for example_branch_labels to 2024-09-20T00:00:00+00:00, run_after=2024-09-21T00:00:00+00:00
[2024-09-21 12:30:34,404] {processor.py:161} INFO - Processing /home/airflow/.local/lib/python3.7/site-packages/airflow/example_dags/example_branch_labels.py took 0.071 seconds
[2024-09-21 12:35:08,428] {processor.py:153} INFO - Started process (PID=43) to work on /home/airflow/.local/lib/python3.7/site-packages/airflow/example_dags/example_branch_labels.py
[2024-09-21 12:35:08,429] {processor.py:641} INFO - Processing file /home/airflow/.local/lib/python3.7/site-packages/airflow/example_dags/example_branch_labels.py for tasks to queue
[2024-09-21 12:35:08,430] {logging_mixin.py:115} INFO - [2024-09-21 12:35:08,430] {dagbag.py:507} INFO - Filling up the DagBag from /home/airflow/.local/lib/python3.7/site-packages/airflow/example_dags/example_branch_labels.py
[2024-09-21 12:35:08,438] {processor.py:651} INFO - DAG(s) dict_keys(['example_branch_labels']) retrieved from /home/airflow/.local/lib/python3.7/site-packages/airflow/example_dags/example_branch_labels.py
[2024-09-21 12:35:08,546] {logging_mixin.py:115} INFO - [2024-09-21 12:35:08,546] {dag.py:2379} INFO - Sync 1 DAGs
[2024-09-21 12:35:08,594] {logging_mixin.py:115} INFO - [2024-09-21 12:35:08,591] {dag.py:2927} INFO - Setting next_dagrun for example_branch_labels to 2024-09-20T00:00:00+00:00, run_after=2024-09-21T00:00:00+00:00
[2024-09-21 12:35:08,636] {processor.py:161} INFO - Processing /home/airflow/.local/lib/python3.7/site-packages/airflow/example_dags/example_branch_labels.py took 0.211 seconds
[2024-09-21 12:35:38,914] {processor.py:153} INFO - Started process (PID=112) to work on /home/airflow/.local/lib/python3.7/site-packages/airflow/example_dags/example_branch_labels.py
[2024-09-21 12:35:38,915] {processor.py:641} INFO - Processing file /home/airflow/.local/lib/python3.7/site-packages/airflow/example_dags/example_branch_labels.py for tasks to queue
[2024-09-21 12:35:38,916] {logging_mixin.py:115} INFO - [2024-09-21 12:35:38,915] {dagbag.py:507} INFO - Filling up the DagBag from /home/airflow/.local/lib/python3.7/site-packages/airflow/example_dags/example_branch_labels.py
[2024-09-21 12:35:38,926] {processor.py:651} INFO - DAG(s) dict_keys(['example_branch_labels']) retrieved from /home/airflow/.local/lib/python3.7/site-packages/airflow/example_dags/example_branch_labels.py
[2024-09-21 12:35:38,965] {logging_mixin.py:115} INFO - [2024-09-21 12:35:38,965] {dag.py:2379} INFO - Sync 1 DAGs
[2024-09-21 12:35:39,003] {logging_mixin.py:115} INFO - [2024-09-21 12:35:39,002] {dag.py:2927} INFO - Setting next_dagrun for example_branch_labels to 2024-09-20T00:00:00+00:00, run_after=2024-09-21T00:00:00+00:00
[2024-09-21 12:35:39,021] {processor.py:161} INFO - Processing /home/airflow/.local/lib/python3.7/site-packages/airflow/example_dags/example_branch_labels.py took 0.112 seconds
[2024-09-21 12:36:09,229] {processor.py:153} INFO - Started process (PID=153) to work on /home/airflow/.local/lib/python3.7/site-packages/airflow/example_dags/example_branch_labels.py
[2024-09-21 12:36:09,230] {processor.py:641} INFO - Processing file /home/airflow/.local/lib/python3.7/site-packages/airflow/example_dags/example_branch_labels.py for tasks to queue
[2024-09-21 12:36:09,230] {logging_mixin.py:115} INFO - [2024-09-21 12:36:09,230] {dagbag.py:507} INFO - Filling up the DagBag from /home/airflow/.local/lib/python3.7/site-packages/airflow/example_dags/example_branch_labels.py
[2024-09-21 12:36:09,237] {processor.py:651} INFO - DAG(s) dict_keys(['example_branch_labels']) retrieved from /home/airflow/.local/lib/python3.7/site-packages/airflow/example_dags/example_branch_labels.py
[2024-09-21 12:36:09,288] {logging_mixin.py:115} INFO - [2024-09-21 12:36:09,287] {dag.py:2379} INFO - Sync 1 DAGs
[2024-09-21 12:36:09,323] {logging_mixin.py:115} INFO - [2024-09-21 12:36:09,323] {dag.py:2927} INFO - Setting next_dagrun for example_branch_labels to 2024-09-20T00:00:00+00:00, run_after=2024-09-21T00:00:00+00:00
[2024-09-21 12:36:09,346] {processor.py:161} INFO - Processing /home/airflow/.local/lib/python3.7/site-packages/airflow/example_dags/example_branch_labels.py took 0.121 seconds
[2024-09-21 12:36:39,621] {processor.py:153} INFO - Started process (PID=195) to work on /home/airflow/.local/lib/python3.7/site-packages/airflow/example_dags/example_branch_labels.py
[2024-09-21 12:36:39,622] {processor.py:641} INFO - Processing file /home/airflow/.local/lib/python3.7/site-packages/airflow/example_dags/example_branch_labels.py for tasks to queue
[2024-09-21 12:36:39,623] {logging_mixin.py:115} INFO - [2024-09-21 12:36:39,623] {dagbag.py:507} INFO - Filling up the DagBag from /home/airflow/.local/lib/python3.7/site-packages/airflow/example_dags/example_branch_labels.py
[2024-09-21 12:36:39,630] {processor.py:651} INFO - DAG(s) dict_keys(['example_branch_labels']) retrieved from /home/airflow/.local/lib/python3.7/site-packages/airflow/example_dags/example_branch_labels.py
[2024-09-21 12:36:39,668] {logging_mixin.py:115} INFO - [2024-09-21 12:36:39,668] {dag.py:2379} INFO - Sync 1 DAGs
[2024-09-21 12:36:39,700] {logging_mixin.py:115} INFO - [2024-09-21 12:36:39,700] {dag.py:2927} INFO - Setting next_dagrun for example_branch_labels to 2024-09-20T00:00:00+00:00, run_after=2024-09-21T00:00:00+00:00
[2024-09-21 12:36:39,713] {processor.py:161} INFO - Processing /home/airflow/.local/lib/python3.7/site-packages/airflow/example_dags/example_branch_labels.py took 0.096 seconds
[2024-09-21 12:37:10,110] {processor.py:153} INFO - Started process (PID=242) to work on /home/airflow/.local/lib/python3.7/site-packages/airflow/example_dags/example_branch_labels.py
[2024-09-21 12:37:10,111] {processor.py:641} INFO - Processing file /home/airflow/.local/lib/python3.7/site-packages/airflow/example_dags/example_branch_labels.py for tasks to queue
[2024-09-21 12:37:10,113] {logging_mixin.py:115} INFO - [2024-09-21 12:37:10,112] {dagbag.py:507} INFO - Filling up the DagBag from /home/airflow/.local/lib/python3.7/site-packages/airflow/example_dags/example_branch_labels.py
[2024-09-21 12:37:10,131] {processor.py:651} INFO - DAG(s) dict_keys(['example_branch_labels']) retrieved from /home/airflow/.local/lib/python3.7/site-packages/airflow/example_dags/example_branch_labels.py
[2024-09-21 12:37:10,198] {logging_mixin.py:115} INFO - [2024-09-21 12:37:10,198] {dag.py:2379} INFO - Sync 1 DAGs
[2024-09-21 12:37:10,238] {logging_mixin.py:115} INFO - [2024-09-21 12:37:10,238] {dag.py:2927} INFO - Setting next_dagrun for example_branch_labels to 2024-09-20T00:00:00+00:00, run_after=2024-09-21T00:00:00+00:00
[2024-09-21 12:37:10,257] {processor.py:161} INFO - Processing /home/airflow/.local/lib/python3.7/site-packages/airflow/example_dags/example_branch_labels.py took 0.163 seconds
[2024-09-21 20:17:43,865] {processor.py:153} INFO - Started process (PID=50) to work on /home/airflow/.local/lib/python3.7/site-packages/airflow/example_dags/example_branch_labels.py
[2024-09-21 20:17:43,868] {processor.py:641} INFO - Processing file /home/airflow/.local/lib/python3.7/site-packages/airflow/example_dags/example_branch_labels.py for tasks to queue
[2024-09-21 20:17:43,869] {logging_mixin.py:115} INFO - [2024-09-21 20:17:43,869] {dagbag.py:507} INFO - Filling up the DagBag from /home/airflow/.local/lib/python3.7/site-packages/airflow/example_dags/example_branch_labels.py
[2024-09-21 20:17:43,900] {processor.py:651} INFO - DAG(s) dict_keys(['example_branch_labels']) retrieved from /home/airflow/.local/lib/python3.7/site-packages/airflow/example_dags/example_branch_labels.py
[2024-09-21 20:17:44,009] {logging_mixin.py:115} INFO - [2024-09-21 20:17:44,009] {dag.py:2379} INFO - Sync 1 DAGs
[2024-09-21 20:17:44,086] {logging_mixin.py:115} INFO - [2024-09-21 20:17:44,083] {dag.py:2927} INFO - Setting next_dagrun for example_branch_labels to 2024-09-20T00:00:00+00:00, run_after=2024-09-21T00:00:00+00:00
[2024-09-21 20:17:44,129] {processor.py:161} INFO - Processing /home/airflow/.local/lib/python3.7/site-packages/airflow/example_dags/example_branch_labels.py took 0.273 seconds
[2024-09-21 20:18:14,315] {processor.py:153} INFO - Started process (PID=137) to work on /home/airflow/.local/lib/python3.7/site-packages/airflow/example_dags/example_branch_labels.py
[2024-09-21 20:18:14,315] {processor.py:641} INFO - Processing file /home/airflow/.local/lib/python3.7/site-packages/airflow/example_dags/example_branch_labels.py for tasks to queue
[2024-09-21 20:18:14,316] {logging_mixin.py:115} INFO - [2024-09-21 20:18:14,316] {dagbag.py:507} INFO - Filling up the DagBag from /home/airflow/.local/lib/python3.7/site-packages/airflow/example_dags/example_branch_labels.py
[2024-09-21 20:18:14,321] {processor.py:651} INFO - DAG(s) dict_keys(['example_branch_labels']) retrieved from /home/airflow/.local/lib/python3.7/site-packages/airflow/example_dags/example_branch_labels.py
[2024-09-21 20:18:14,345] {logging_mixin.py:115} INFO - [2024-09-21 20:18:14,344] {dag.py:2379} INFO - Sync 1 DAGs
[2024-09-21 20:18:14,365] {logging_mixin.py:115} INFO - [2024-09-21 20:18:14,365] {dag.py:2927} INFO - Setting next_dagrun for example_branch_labels to 2024-09-20T00:00:00+00:00, run_after=2024-09-21T00:00:00+00:00
[2024-09-21 20:18:14,376] {processor.py:161} INFO - Processing /home/airflow/.local/lib/python3.7/site-packages/airflow/example_dags/example_branch_labels.py took 0.064 seconds
[2024-09-21 20:18:44,575] {processor.py:153} INFO - Started process (PID=178) to work on /home/airflow/.local/lib/python3.7/site-packages/airflow/example_dags/example_branch_labels.py
[2024-09-21 20:18:44,576] {processor.py:641} INFO - Processing file /home/airflow/.local/lib/python3.7/site-packages/airflow/example_dags/example_branch_labels.py for tasks to queue
[2024-09-21 20:18:44,577] {logging_mixin.py:115} INFO - [2024-09-21 20:18:44,576] {dagbag.py:507} INFO - Filling up the DagBag from /home/airflow/.local/lib/python3.7/site-packages/airflow/example_dags/example_branch_labels.py
[2024-09-21 20:18:44,591] {processor.py:651} INFO - DAG(s) dict_keys(['example_branch_labels']) retrieved from /home/airflow/.local/lib/python3.7/site-packages/airflow/example_dags/example_branch_labels.py
[2024-09-21 20:18:44,633] {logging_mixin.py:115} INFO - [2024-09-21 20:18:44,633] {dag.py:2379} INFO - Sync 1 DAGs
[2024-09-21 20:18:44,667] {logging_mixin.py:115} INFO - [2024-09-21 20:18:44,667] {dag.py:2927} INFO - Setting next_dagrun for example_branch_labels to 2024-09-20T00:00:00+00:00, run_after=2024-09-21T00:00:00+00:00
[2024-09-21 20:18:44,681] {processor.py:161} INFO - Processing /home/airflow/.local/lib/python3.7/site-packages/airflow/example_dags/example_branch_labels.py took 0.110 seconds
[2024-09-21 20:19:14,964] {processor.py:153} INFO - Started process (PID=220) to work on /home/airflow/.local/lib/python3.7/site-packages/airflow/example_dags/example_branch_labels.py
[2024-09-21 20:19:14,967] {processor.py:641} INFO - Processing file /home/airflow/.local/lib/python3.7/site-packages/airflow/example_dags/example_branch_labels.py for tasks to queue
[2024-09-21 20:19:14,968] {logging_mixin.py:115} INFO - [2024-09-21 20:19:14,968] {dagbag.py:507} INFO - Filling up the DagBag from /home/airflow/.local/lib/python3.7/site-packages/airflow/example_dags/example_branch_labels.py
[2024-09-21 20:19:15,009] {processor.py:651} INFO - DAG(s) dict_keys(['example_branch_labels']) retrieved from /home/airflow/.local/lib/python3.7/site-packages/airflow/example_dags/example_branch_labels.py
[2024-09-21 20:19:15,124] {logging_mixin.py:115} INFO - [2024-09-21 20:19:15,124] {dag.py:2379} INFO - Sync 1 DAGs
[2024-09-21 20:19:15,193] {logging_mixin.py:115} INFO - [2024-09-21 20:19:15,192] {dag.py:2927} INFO - Setting next_dagrun for example_branch_labels to 2024-09-20T00:00:00+00:00, run_after=2024-09-21T00:00:00+00:00
[2024-09-21 20:19:15,210] {processor.py:161} INFO - Processing /home/airflow/.local/lib/python3.7/site-packages/airflow/example_dags/example_branch_labels.py took 0.264 seconds
[2024-09-21 22:29:05,754] {processor.py:153} INFO - Started process (PID=49) to work on /home/airflow/.local/lib/python3.7/site-packages/airflow/example_dags/example_branch_labels.py
[2024-09-21 22:29:05,757] {processor.py:641} INFO - Processing file /home/airflow/.local/lib/python3.7/site-packages/airflow/example_dags/example_branch_labels.py for tasks to queue
[2024-09-21 22:29:05,764] {logging_mixin.py:115} INFO - [2024-09-21 22:29:05,761] {dagbag.py:507} INFO - Filling up the DagBag from /home/airflow/.local/lib/python3.7/site-packages/airflow/example_dags/example_branch_labels.py
[2024-09-21 22:29:05,808] {processor.py:651} INFO - DAG(s) dict_keys(['example_branch_labels']) retrieved from /home/airflow/.local/lib/python3.7/site-packages/airflow/example_dags/example_branch_labels.py
[2024-09-21 22:29:05,985] {logging_mixin.py:115} INFO - [2024-09-21 22:29:05,985] {dag.py:2379} INFO - Sync 1 DAGs
[2024-09-21 22:29:06,111] {logging_mixin.py:115} INFO - [2024-09-21 22:29:06,111] {dag.py:2927} INFO - Setting next_dagrun for example_branch_labels to 2024-09-20T00:00:00+00:00, run_after=2024-09-21T00:00:00+00:00
[2024-09-21 22:29:06,152] {processor.py:161} INFO - Processing /home/airflow/.local/lib/python3.7/site-packages/airflow/example_dags/example_branch_labels.py took 0.425 seconds
