[2024-09-21 12:04:54,577] {processor.py:153} INFO - Started process (PID=79) to work on /home/airflow/.local/lib/python3.7/site-packages/airflow/example_dags/tutorial.py
[2024-09-21 12:04:54,578] {processor.py:641} INFO - Processing file /home/airflow/.local/lib/python3.7/site-packages/airflow/example_dags/tutorial.py for tasks to queue
[2024-09-21 12:04:54,578] {logging_mixin.py:115} INFO - [2024-09-21 12:04:54,578] {dagbag.py:507} INFO - Filling up the DagBag from /home/airflow/.local/lib/python3.7/site-packages/airflow/example_dags/tutorial.py
[2024-09-21 12:04:54,587] {processor.py:651} INFO - DAG(s) dict_keys(['tutorial']) retrieved from /home/airflow/.local/lib/python3.7/site-packages/airflow/example_dags/tutorial.py
[2024-09-21 12:04:54,636] {logging_mixin.py:115} INFO - [2024-09-21 12:04:54,636] {dag.py:2379} INFO - Sync 1 DAGs
[2024-09-21 12:04:54,671] {logging_mixin.py:115} INFO - [2024-09-21 12:04:54,671] {dag.py:2927} INFO - Setting next_dagrun for tutorial to 2024-09-20T12:04:54.671126+00:00, run_after=2024-09-21T12:04:54.671126+00:00
[2024-09-21 12:04:54,698] {processor.py:161} INFO - Processing /home/airflow/.local/lib/python3.7/site-packages/airflow/example_dags/tutorial.py took 0.125 seconds
[2024-09-21 12:05:24,809] {processor.py:153} INFO - Started process (PID=134) to work on /home/airflow/.local/lib/python3.7/site-packages/airflow/example_dags/tutorial.py
[2024-09-21 12:05:24,809] {processor.py:641} INFO - Processing file /home/airflow/.local/lib/python3.7/site-packages/airflow/example_dags/tutorial.py for tasks to queue
[2024-09-21 12:05:24,810] {logging_mixin.py:115} INFO - [2024-09-21 12:05:24,810] {dagbag.py:507} INFO - Filling up the DagBag from /home/airflow/.local/lib/python3.7/site-packages/airflow/example_dags/tutorial.py
[2024-09-21 12:05:24,817] {processor.py:651} INFO - DAG(s) dict_keys(['tutorial']) retrieved from /home/airflow/.local/lib/python3.7/site-packages/airflow/example_dags/tutorial.py
[2024-09-21 12:05:24,849] {logging_mixin.py:115} INFO - [2024-09-21 12:05:24,849] {dag.py:2379} INFO - Sync 1 DAGs
[2024-09-21 12:05:24,880] {logging_mixin.py:115} INFO - [2024-09-21 12:05:24,880] {dag.py:2927} INFO - Setting next_dagrun for tutorial to 2024-09-20T12:05:24.880371+00:00, run_after=2024-09-21T12:05:24.880371+00:00
[2024-09-21 12:05:24,896] {processor.py:161} INFO - Processing /home/airflow/.local/lib/python3.7/site-packages/airflow/example_dags/tutorial.py took 0.092 seconds
[2024-09-21 12:05:55,162] {processor.py:153} INFO - Started process (PID=176) to work on /home/airflow/.local/lib/python3.7/site-packages/airflow/example_dags/tutorial.py
[2024-09-21 12:05:55,163] {processor.py:641} INFO - Processing file /home/airflow/.local/lib/python3.7/site-packages/airflow/example_dags/tutorial.py for tasks to queue
[2024-09-21 12:05:55,163] {logging_mixin.py:115} INFO - [2024-09-21 12:05:55,163] {dagbag.py:507} INFO - Filling up the DagBag from /home/airflow/.local/lib/python3.7/site-packages/airflow/example_dags/tutorial.py
[2024-09-21 12:05:55,168] {processor.py:651} INFO - DAG(s) dict_keys(['tutorial']) retrieved from /home/airflow/.local/lib/python3.7/site-packages/airflow/example_dags/tutorial.py
[2024-09-21 12:05:55,190] {logging_mixin.py:115} INFO - [2024-09-21 12:05:55,189] {dag.py:2379} INFO - Sync 1 DAGs
[2024-09-21 12:05:55,209] {logging_mixin.py:115} INFO - [2024-09-21 12:05:55,209] {dag.py:2927} INFO - Setting next_dagrun for tutorial to 2024-09-20T12:05:55.209383+00:00, run_after=2024-09-21T12:05:55.209383+00:00
[2024-09-21 12:05:55,220] {processor.py:161} INFO - Processing /home/airflow/.local/lib/python3.7/site-packages/airflow/example_dags/tutorial.py took 0.061 seconds
[2024-09-21 12:06:25,299] {processor.py:153} INFO - Started process (PID=217) to work on /home/airflow/.local/lib/python3.7/site-packages/airflow/example_dags/tutorial.py
[2024-09-21 12:06:25,299] {processor.py:641} INFO - Processing file /home/airflow/.local/lib/python3.7/site-packages/airflow/example_dags/tutorial.py for tasks to queue
[2024-09-21 12:06:25,300] {logging_mixin.py:115} INFO - [2024-09-21 12:06:25,300] {dagbag.py:507} INFO - Filling up the DagBag from /home/airflow/.local/lib/python3.7/site-packages/airflow/example_dags/tutorial.py
[2024-09-21 12:06:25,305] {processor.py:651} INFO - DAG(s) dict_keys(['tutorial']) retrieved from /home/airflow/.local/lib/python3.7/site-packages/airflow/example_dags/tutorial.py
[2024-09-21 12:06:25,329] {logging_mixin.py:115} INFO - [2024-09-21 12:06:25,329] {dag.py:2379} INFO - Sync 1 DAGs
[2024-09-21 12:06:25,349] {logging_mixin.py:115} INFO - [2024-09-21 12:06:25,349] {dag.py:2927} INFO - Setting next_dagrun for tutorial to 2024-09-20T12:06:25.349325+00:00, run_after=2024-09-21T12:06:25.349325+00:00
[2024-09-21 12:06:25,361] {processor.py:161} INFO - Processing /home/airflow/.local/lib/python3.7/site-packages/airflow/example_dags/tutorial.py took 0.065 seconds
[2024-09-21 12:06:56,182] {processor.py:153} INFO - Started process (PID=264) to work on /home/airflow/.local/lib/python3.7/site-packages/airflow/example_dags/tutorial.py
[2024-09-21 12:06:56,182] {processor.py:641} INFO - Processing file /home/airflow/.local/lib/python3.7/site-packages/airflow/example_dags/tutorial.py for tasks to queue
[2024-09-21 12:06:56,183] {logging_mixin.py:115} INFO - [2024-09-21 12:06:56,183] {dagbag.py:507} INFO - Filling up the DagBag from /home/airflow/.local/lib/python3.7/site-packages/airflow/example_dags/tutorial.py
[2024-09-21 12:06:56,188] {processor.py:651} INFO - DAG(s) dict_keys(['tutorial']) retrieved from /home/airflow/.local/lib/python3.7/site-packages/airflow/example_dags/tutorial.py
[2024-09-21 12:06:56,212] {logging_mixin.py:115} INFO - [2024-09-21 12:06:56,212] {dag.py:2379} INFO - Sync 1 DAGs
[2024-09-21 12:06:56,233] {logging_mixin.py:115} INFO - [2024-09-21 12:06:56,233] {dag.py:2927} INFO - Setting next_dagrun for tutorial to 2024-09-20T12:06:56.233319+00:00, run_after=2024-09-21T12:06:56.233319+00:00
[2024-09-21 12:06:56,244] {processor.py:161} INFO - Processing /home/airflow/.local/lib/python3.7/site-packages/airflow/example_dags/tutorial.py took 0.067 seconds
[2024-09-21 12:07:26,844] {processor.py:153} INFO - Started process (PID=306) to work on /home/airflow/.local/lib/python3.7/site-packages/airflow/example_dags/tutorial.py
[2024-09-21 12:07:26,845] {processor.py:641} INFO - Processing file /home/airflow/.local/lib/python3.7/site-packages/airflow/example_dags/tutorial.py for tasks to queue
[2024-09-21 12:07:26,846] {logging_mixin.py:115} INFO - [2024-09-21 12:07:26,846] {dagbag.py:507} INFO - Filling up the DagBag from /home/airflow/.local/lib/python3.7/site-packages/airflow/example_dags/tutorial.py
[2024-09-21 12:07:26,852] {processor.py:651} INFO - DAG(s) dict_keys(['tutorial']) retrieved from /home/airflow/.local/lib/python3.7/site-packages/airflow/example_dags/tutorial.py
[2024-09-21 12:07:26,883] {logging_mixin.py:115} INFO - [2024-09-21 12:07:26,883] {dag.py:2379} INFO - Sync 1 DAGs
[2024-09-21 12:07:26,905] {logging_mixin.py:115} INFO - [2024-09-21 12:07:26,904] {dag.py:2927} INFO - Setting next_dagrun for tutorial to 2024-09-20T12:07:26.904743+00:00, run_after=2024-09-21T12:07:26.904743+00:00
[2024-09-21 12:07:26,917] {processor.py:161} INFO - Processing /home/airflow/.local/lib/python3.7/site-packages/airflow/example_dags/tutorial.py took 0.076 seconds
[2024-09-21 12:07:57,454] {processor.py:153} INFO - Started process (PID=348) to work on /home/airflow/.local/lib/python3.7/site-packages/airflow/example_dags/tutorial.py
[2024-09-21 12:07:57,455] {processor.py:641} INFO - Processing file /home/airflow/.local/lib/python3.7/site-packages/airflow/example_dags/tutorial.py for tasks to queue
[2024-09-21 12:07:57,456] {logging_mixin.py:115} INFO - [2024-09-21 12:07:57,455] {dagbag.py:507} INFO - Filling up the DagBag from /home/airflow/.local/lib/python3.7/site-packages/airflow/example_dags/tutorial.py
[2024-09-21 12:07:57,463] {processor.py:651} INFO - DAG(s) dict_keys(['tutorial']) retrieved from /home/airflow/.local/lib/python3.7/site-packages/airflow/example_dags/tutorial.py
[2024-09-21 12:07:57,495] {logging_mixin.py:115} INFO - [2024-09-21 12:07:57,495] {dag.py:2379} INFO - Sync 1 DAGs
[2024-09-21 12:07:57,520] {logging_mixin.py:115} INFO - [2024-09-21 12:07:57,520] {dag.py:2927} INFO - Setting next_dagrun for tutorial to 2024-09-20T12:07:57.519804+00:00, run_after=2024-09-21T12:07:57.519804+00:00
[2024-09-21 12:07:57,538] {processor.py:161} INFO - Processing /home/airflow/.local/lib/python3.7/site-packages/airflow/example_dags/tutorial.py took 0.087 seconds
[2024-09-21 12:08:28,507] {processor.py:153} INFO - Started process (PID=389) to work on /home/airflow/.local/lib/python3.7/site-packages/airflow/example_dags/tutorial.py
[2024-09-21 12:08:28,511] {processor.py:641} INFO - Processing file /home/airflow/.local/lib/python3.7/site-packages/airflow/example_dags/tutorial.py for tasks to queue
[2024-09-21 12:08:28,512] {logging_mixin.py:115} INFO - [2024-09-21 12:08:28,511] {dagbag.py:507} INFO - Filling up the DagBag from /home/airflow/.local/lib/python3.7/site-packages/airflow/example_dags/tutorial.py
[2024-09-21 12:08:28,517] {processor.py:651} INFO - DAG(s) dict_keys(['tutorial']) retrieved from /home/airflow/.local/lib/python3.7/site-packages/airflow/example_dags/tutorial.py
[2024-09-21 12:08:28,541] {logging_mixin.py:115} INFO - [2024-09-21 12:08:28,541] {dag.py:2379} INFO - Sync 1 DAGs
[2024-09-21 12:08:28,562] {logging_mixin.py:115} INFO - [2024-09-21 12:08:28,562] {dag.py:2927} INFO - Setting next_dagrun for tutorial to 2024-09-20T12:08:28.562127+00:00, run_after=2024-09-21T12:08:28.562127+00:00
[2024-09-21 12:08:28,573] {processor.py:161} INFO - Processing /home/airflow/.local/lib/python3.7/site-packages/airflow/example_dags/tutorial.py took 0.070 seconds
[2024-09-21 12:08:58,777] {processor.py:153} INFO - Started process (PID=431) to work on /home/airflow/.local/lib/python3.7/site-packages/airflow/example_dags/tutorial.py
[2024-09-21 12:08:58,778] {processor.py:641} INFO - Processing file /home/airflow/.local/lib/python3.7/site-packages/airflow/example_dags/tutorial.py for tasks to queue
[2024-09-21 12:08:58,778] {logging_mixin.py:115} INFO - [2024-09-21 12:08:58,778] {dagbag.py:507} INFO - Filling up the DagBag from /home/airflow/.local/lib/python3.7/site-packages/airflow/example_dags/tutorial.py
[2024-09-21 12:08:58,783] {processor.py:651} INFO - DAG(s) dict_keys(['tutorial']) retrieved from /home/airflow/.local/lib/python3.7/site-packages/airflow/example_dags/tutorial.py
[2024-09-21 12:08:58,806] {logging_mixin.py:115} INFO - [2024-09-21 12:08:58,806] {dag.py:2379} INFO - Sync 1 DAGs
[2024-09-21 12:08:58,826] {logging_mixin.py:115} INFO - [2024-09-21 12:08:58,826] {dag.py:2927} INFO - Setting next_dagrun for tutorial to 2024-09-20T12:08:58.826094+00:00, run_after=2024-09-21T12:08:58.826094+00:00
[2024-09-21 12:08:58,836] {processor.py:161} INFO - Processing /home/airflow/.local/lib/python3.7/site-packages/airflow/example_dags/tutorial.py took 0.062 seconds
[2024-09-21 12:09:30,574] {processor.py:153} INFO - Started process (PID=472) to work on /home/airflow/.local/lib/python3.7/site-packages/airflow/example_dags/tutorial.py
[2024-09-21 12:09:30,574] {processor.py:641} INFO - Processing file /home/airflow/.local/lib/python3.7/site-packages/airflow/example_dags/tutorial.py for tasks to queue
[2024-09-21 12:09:30,575] {logging_mixin.py:115} INFO - [2024-09-21 12:09:30,575] {dagbag.py:507} INFO - Filling up the DagBag from /home/airflow/.local/lib/python3.7/site-packages/airflow/example_dags/tutorial.py
[2024-09-21 12:09:30,583] {processor.py:651} INFO - DAG(s) dict_keys(['tutorial']) retrieved from /home/airflow/.local/lib/python3.7/site-packages/airflow/example_dags/tutorial.py
[2024-09-21 12:09:30,618] {logging_mixin.py:115} INFO - [2024-09-21 12:09:30,618] {dag.py:2379} INFO - Sync 1 DAGs
[2024-09-21 12:09:30,649] {logging_mixin.py:115} INFO - [2024-09-21 12:09:30,649] {dag.py:2927} INFO - Setting next_dagrun for tutorial to 2024-09-20T12:09:30.649460+00:00, run_after=2024-09-21T12:09:30.649460+00:00
[2024-09-21 12:09:30,664] {processor.py:161} INFO - Processing /home/airflow/.local/lib/python3.7/site-packages/airflow/example_dags/tutorial.py took 0.094 seconds
[2024-09-21 12:10:43,099] {processor.py:153} INFO - Started process (PID=521) to work on /home/airflow/.local/lib/python3.7/site-packages/airflow/example_dags/tutorial.py
[2024-09-21 12:10:43,100] {processor.py:641} INFO - Processing file /home/airflow/.local/lib/python3.7/site-packages/airflow/example_dags/tutorial.py for tasks to queue
[2024-09-21 12:10:43,101] {logging_mixin.py:115} INFO - [2024-09-21 12:10:43,101] {dagbag.py:507} INFO - Filling up the DagBag from /home/airflow/.local/lib/python3.7/site-packages/airflow/example_dags/tutorial.py
[2024-09-21 12:10:43,109] {processor.py:651} INFO - DAG(s) dict_keys(['tutorial']) retrieved from /home/airflow/.local/lib/python3.7/site-packages/airflow/example_dags/tutorial.py
[2024-09-21 12:10:43,144] {logging_mixin.py:115} INFO - [2024-09-21 12:10:43,144] {dag.py:2379} INFO - Sync 1 DAGs
[2024-09-21 12:10:43,175] {logging_mixin.py:115} INFO - [2024-09-21 12:10:43,175] {dag.py:2927} INFO - Setting next_dagrun for tutorial to 2024-09-20T12:10:43.175130+00:00, run_after=2024-09-21T12:10:43.175130+00:00
[2024-09-21 12:10:43,194] {processor.py:161} INFO - Processing /home/airflow/.local/lib/python3.7/site-packages/airflow/example_dags/tutorial.py took 0.100 seconds
[2024-09-21 12:21:29,604] {processor.py:153} INFO - Started process (PID=66) to work on /home/airflow/.local/lib/python3.7/site-packages/airflow/example_dags/tutorial.py
[2024-09-21 12:21:29,607] {processor.py:641} INFO - Processing file /home/airflow/.local/lib/python3.7/site-packages/airflow/example_dags/tutorial.py for tasks to queue
[2024-09-21 12:21:29,607] {logging_mixin.py:115} INFO - [2024-09-21 12:21:29,607] {dagbag.py:507} INFO - Filling up the DagBag from /home/airflow/.local/lib/python3.7/site-packages/airflow/example_dags/tutorial.py
[2024-09-21 12:21:29,633] {processor.py:651} INFO - DAG(s) dict_keys(['tutorial']) retrieved from /home/airflow/.local/lib/python3.7/site-packages/airflow/example_dags/tutorial.py
[2024-09-21 12:21:29,777] {logging_mixin.py:115} INFO - [2024-09-21 12:21:29,777] {dag.py:2379} INFO - Sync 1 DAGs
[2024-09-21 12:21:29,855] {logging_mixin.py:115} INFO - [2024-09-21 12:21:29,855] {dag.py:2927} INFO - Setting next_dagrun for tutorial to 2024-09-20T12:21:29.855313+00:00, run_after=2024-09-21T12:21:29.855313+00:00
[2024-09-21 12:21:29,963] {processor.py:161} INFO - Processing /home/airflow/.local/lib/python3.7/site-packages/airflow/example_dags/tutorial.py took 0.363 seconds
[2024-09-21 12:22:00,120] {processor.py:153} INFO - Started process (PID=129) to work on /home/airflow/.local/lib/python3.7/site-packages/airflow/example_dags/tutorial.py
[2024-09-21 12:22:00,121] {processor.py:641} INFO - Processing file /home/airflow/.local/lib/python3.7/site-packages/airflow/example_dags/tutorial.py for tasks to queue
[2024-09-21 12:22:00,121] {logging_mixin.py:115} INFO - [2024-09-21 12:22:00,121] {dagbag.py:507} INFO - Filling up the DagBag from /home/airflow/.local/lib/python3.7/site-packages/airflow/example_dags/tutorial.py
[2024-09-21 12:22:00,126] {processor.py:651} INFO - DAG(s) dict_keys(['tutorial']) retrieved from /home/airflow/.local/lib/python3.7/site-packages/airflow/example_dags/tutorial.py
[2024-09-21 12:22:00,149] {logging_mixin.py:115} INFO - [2024-09-21 12:22:00,149] {dag.py:2379} INFO - Sync 1 DAGs
[2024-09-21 12:22:00,171] {logging_mixin.py:115} INFO - [2024-09-21 12:22:00,171] {dag.py:2927} INFO - Setting next_dagrun for tutorial to 2024-09-20T12:22:00.171245+00:00, run_after=2024-09-21T12:22:00.171245+00:00
[2024-09-21 12:22:00,184] {processor.py:161} INFO - Processing /home/airflow/.local/lib/python3.7/site-packages/airflow/example_dags/tutorial.py took 0.066 seconds
[2024-09-21 12:22:30,270] {processor.py:153} INFO - Started process (PID=179) to work on /home/airflow/.local/lib/python3.7/site-packages/airflow/example_dags/tutorial.py
[2024-09-21 12:22:30,271] {processor.py:641} INFO - Processing file /home/airflow/.local/lib/python3.7/site-packages/airflow/example_dags/tutorial.py for tasks to queue
[2024-09-21 12:22:30,271] {logging_mixin.py:115} INFO - [2024-09-21 12:22:30,271] {dagbag.py:507} INFO - Filling up the DagBag from /home/airflow/.local/lib/python3.7/site-packages/airflow/example_dags/tutorial.py
[2024-09-21 12:22:30,279] {processor.py:651} INFO - DAG(s) dict_keys(['tutorial']) retrieved from /home/airflow/.local/lib/python3.7/site-packages/airflow/example_dags/tutorial.py
[2024-09-21 12:22:30,305] {logging_mixin.py:115} INFO - [2024-09-21 12:22:30,305] {dag.py:2379} INFO - Sync 1 DAGs
[2024-09-21 12:22:30,330] {logging_mixin.py:115} INFO - [2024-09-21 12:22:30,330] {dag.py:2927} INFO - Setting next_dagrun for tutorial to 2024-09-20T12:22:30.330097+00:00, run_after=2024-09-21T12:22:30.330097+00:00
[2024-09-21 12:22:30,345] {processor.py:161} INFO - Processing /home/airflow/.local/lib/python3.7/site-packages/airflow/example_dags/tutorial.py took 0.078 seconds
[2024-09-21 12:23:00,447] {processor.py:153} INFO - Started process (PID=221) to work on /home/airflow/.local/lib/python3.7/site-packages/airflow/example_dags/tutorial.py
[2024-09-21 12:23:00,447] {processor.py:641} INFO - Processing file /home/airflow/.local/lib/python3.7/site-packages/airflow/example_dags/tutorial.py for tasks to queue
[2024-09-21 12:23:00,448] {logging_mixin.py:115} INFO - [2024-09-21 12:23:00,448] {dagbag.py:507} INFO - Filling up the DagBag from /home/airflow/.local/lib/python3.7/site-packages/airflow/example_dags/tutorial.py
[2024-09-21 12:23:00,453] {processor.py:651} INFO - DAG(s) dict_keys(['tutorial']) retrieved from /home/airflow/.local/lib/python3.7/site-packages/airflow/example_dags/tutorial.py
[2024-09-21 12:23:00,475] {logging_mixin.py:115} INFO - [2024-09-21 12:23:00,475] {dag.py:2379} INFO - Sync 1 DAGs
[2024-09-21 12:23:00,496] {logging_mixin.py:115} INFO - [2024-09-21 12:23:00,496] {dag.py:2927} INFO - Setting next_dagrun for tutorial to 2024-09-20T12:23:00.496038+00:00, run_after=2024-09-21T12:23:00.496038+00:00
[2024-09-21 12:23:00,506] {processor.py:161} INFO - Processing /home/airflow/.local/lib/python3.7/site-packages/airflow/example_dags/tutorial.py took 0.061 seconds
[2024-09-21 12:23:30,965] {processor.py:153} INFO - Started process (PID=262) to work on /home/airflow/.local/lib/python3.7/site-packages/airflow/example_dags/tutorial.py
[2024-09-21 12:23:30,966] {processor.py:641} INFO - Processing file /home/airflow/.local/lib/python3.7/site-packages/airflow/example_dags/tutorial.py for tasks to queue
[2024-09-21 12:23:30,967] {logging_mixin.py:115} INFO - [2024-09-21 12:23:30,966] {dagbag.py:507} INFO - Filling up the DagBag from /home/airflow/.local/lib/python3.7/site-packages/airflow/example_dags/tutorial.py
[2024-09-21 12:23:30,971] {processor.py:651} INFO - DAG(s) dict_keys(['tutorial']) retrieved from /home/airflow/.local/lib/python3.7/site-packages/airflow/example_dags/tutorial.py
[2024-09-21 12:23:30,994] {logging_mixin.py:115} INFO - [2024-09-21 12:23:30,994] {dag.py:2379} INFO - Sync 1 DAGs
[2024-09-21 12:23:31,013] {logging_mixin.py:115} INFO - [2024-09-21 12:23:31,013] {dag.py:2927} INFO - Setting next_dagrun for tutorial to 2024-09-20T12:23:31.013410+00:00, run_after=2024-09-21T12:23:31.013410+00:00
[2024-09-21 12:23:31,024] {processor.py:161} INFO - Processing /home/airflow/.local/lib/python3.7/site-packages/airflow/example_dags/tutorial.py took 0.063 seconds
[2024-09-21 12:24:01,392] {processor.py:153} INFO - Started process (PID=304) to work on /home/airflow/.local/lib/python3.7/site-packages/airflow/example_dags/tutorial.py
[2024-09-21 12:24:01,393] {processor.py:641} INFO - Processing file /home/airflow/.local/lib/python3.7/site-packages/airflow/example_dags/tutorial.py for tasks to queue
[2024-09-21 12:24:01,394] {logging_mixin.py:115} INFO - [2024-09-21 12:24:01,394] {dagbag.py:507} INFO - Filling up the DagBag from /home/airflow/.local/lib/python3.7/site-packages/airflow/example_dags/tutorial.py
[2024-09-21 12:24:01,401] {processor.py:651} INFO - DAG(s) dict_keys(['tutorial']) retrieved from /home/airflow/.local/lib/python3.7/site-packages/airflow/example_dags/tutorial.py
[2024-09-21 12:24:01,423] {logging_mixin.py:115} INFO - [2024-09-21 12:24:01,423] {dag.py:2379} INFO - Sync 1 DAGs
[2024-09-21 12:24:01,443] {logging_mixin.py:115} INFO - [2024-09-21 12:24:01,443] {dag.py:2927} INFO - Setting next_dagrun for tutorial to 2024-09-20T12:24:01.443478+00:00, run_after=2024-09-21T12:24:01.443478+00:00
[2024-09-21 12:24:01,456] {processor.py:161} INFO - Processing /home/airflow/.local/lib/python3.7/site-packages/airflow/example_dags/tutorial.py took 0.069 seconds
[2024-09-21 12:24:32,441] {processor.py:153} INFO - Started process (PID=346) to work on /home/airflow/.local/lib/python3.7/site-packages/airflow/example_dags/tutorial.py
[2024-09-21 12:24:32,441] {processor.py:641} INFO - Processing file /home/airflow/.local/lib/python3.7/site-packages/airflow/example_dags/tutorial.py for tasks to queue
[2024-09-21 12:24:32,442] {logging_mixin.py:115} INFO - [2024-09-21 12:24:32,442] {dagbag.py:507} INFO - Filling up the DagBag from /home/airflow/.local/lib/python3.7/site-packages/airflow/example_dags/tutorial.py
[2024-09-21 12:24:32,447] {processor.py:651} INFO - DAG(s) dict_keys(['tutorial']) retrieved from /home/airflow/.local/lib/python3.7/site-packages/airflow/example_dags/tutorial.py
[2024-09-21 12:24:32,471] {logging_mixin.py:115} INFO - [2024-09-21 12:24:32,471] {dag.py:2379} INFO - Sync 1 DAGs
[2024-09-21 12:24:32,495] {logging_mixin.py:115} INFO - [2024-09-21 12:24:32,495] {dag.py:2927} INFO - Setting next_dagrun for tutorial to 2024-09-20T12:24:32.495283+00:00, run_after=2024-09-21T12:24:32.495283+00:00
[2024-09-21 12:24:32,514] {processor.py:161} INFO - Processing /home/airflow/.local/lib/python3.7/site-packages/airflow/example_dags/tutorial.py took 0.079 seconds
[2024-09-21 12:25:02,932] {processor.py:153} INFO - Started process (PID=389) to work on /home/airflow/.local/lib/python3.7/site-packages/airflow/example_dags/tutorial.py
[2024-09-21 12:25:02,933] {processor.py:641} INFO - Processing file /home/airflow/.local/lib/python3.7/site-packages/airflow/example_dags/tutorial.py for tasks to queue
[2024-09-21 12:25:02,934] {logging_mixin.py:115} INFO - [2024-09-21 12:25:02,933] {dagbag.py:507} INFO - Filling up the DagBag from /home/airflow/.local/lib/python3.7/site-packages/airflow/example_dags/tutorial.py
[2024-09-21 12:25:02,942] {processor.py:651} INFO - DAG(s) dict_keys(['tutorial']) retrieved from /home/airflow/.local/lib/python3.7/site-packages/airflow/example_dags/tutorial.py
[2024-09-21 12:25:02,967] {logging_mixin.py:115} INFO - [2024-09-21 12:25:02,967] {dag.py:2379} INFO - Sync 1 DAGs
[2024-09-21 12:25:02,988] {logging_mixin.py:115} INFO - [2024-09-21 12:25:02,988] {dag.py:2927} INFO - Setting next_dagrun for tutorial to 2024-09-20T12:25:02.988216+00:00, run_after=2024-09-21T12:25:02.988216+00:00
[2024-09-21 12:25:03,001] {processor.py:161} INFO - Processing /home/airflow/.local/lib/python3.7/site-packages/airflow/example_dags/tutorial.py took 0.073 seconds
[2024-09-21 12:25:33,250] {processor.py:153} INFO - Started process (PID=430) to work on /home/airflow/.local/lib/python3.7/site-packages/airflow/example_dags/tutorial.py
[2024-09-21 12:25:33,251] {processor.py:641} INFO - Processing file /home/airflow/.local/lib/python3.7/site-packages/airflow/example_dags/tutorial.py for tasks to queue
[2024-09-21 12:25:33,251] {logging_mixin.py:115} INFO - [2024-09-21 12:25:33,251] {dagbag.py:507} INFO - Filling up the DagBag from /home/airflow/.local/lib/python3.7/site-packages/airflow/example_dags/tutorial.py
[2024-09-21 12:25:33,256] {processor.py:651} INFO - DAG(s) dict_keys(['tutorial']) retrieved from /home/airflow/.local/lib/python3.7/site-packages/airflow/example_dags/tutorial.py
[2024-09-21 12:25:33,277] {logging_mixin.py:115} INFO - [2024-09-21 12:25:33,277] {dag.py:2379} INFO - Sync 1 DAGs
[2024-09-21 12:25:33,298] {logging_mixin.py:115} INFO - [2024-09-21 12:25:33,298] {dag.py:2927} INFO - Setting next_dagrun for tutorial to 2024-09-20T12:25:33.298242+00:00, run_after=2024-09-21T12:25:33.298242+00:00
[2024-09-21 12:25:33,310] {processor.py:161} INFO - Processing /home/airflow/.local/lib/python3.7/site-packages/airflow/example_dags/tutorial.py took 0.062 seconds
[2024-09-21 12:26:03,543] {processor.py:153} INFO - Started process (PID=471) to work on /home/airflow/.local/lib/python3.7/site-packages/airflow/example_dags/tutorial.py
[2024-09-21 12:26:03,544] {processor.py:641} INFO - Processing file /home/airflow/.local/lib/python3.7/site-packages/airflow/example_dags/tutorial.py for tasks to queue
[2024-09-21 12:26:03,545] {logging_mixin.py:115} INFO - [2024-09-21 12:26:03,545] {dagbag.py:507} INFO - Filling up the DagBag from /home/airflow/.local/lib/python3.7/site-packages/airflow/example_dags/tutorial.py
[2024-09-21 12:26:03,551] {processor.py:651} INFO - DAG(s) dict_keys(['tutorial']) retrieved from /home/airflow/.local/lib/python3.7/site-packages/airflow/example_dags/tutorial.py
[2024-09-21 12:26:03,577] {logging_mixin.py:115} INFO - [2024-09-21 12:26:03,577] {dag.py:2379} INFO - Sync 1 DAGs
[2024-09-21 12:26:03,600] {logging_mixin.py:115} INFO - [2024-09-21 12:26:03,599] {dag.py:2927} INFO - Setting next_dagrun for tutorial to 2024-09-20T12:26:03.599700+00:00, run_after=2024-09-21T12:26:03.599700+00:00
[2024-09-21 12:26:03,611] {processor.py:161} INFO - Processing /home/airflow/.local/lib/python3.7/site-packages/airflow/example_dags/tutorial.py took 0.070 seconds
[2024-09-21 12:26:33,780] {processor.py:153} INFO - Started process (PID=513) to work on /home/airflow/.local/lib/python3.7/site-packages/airflow/example_dags/tutorial.py
[2024-09-21 12:26:33,781] {processor.py:641} INFO - Processing file /home/airflow/.local/lib/python3.7/site-packages/airflow/example_dags/tutorial.py for tasks to queue
[2024-09-21 12:26:33,781] {logging_mixin.py:115} INFO - [2024-09-21 12:26:33,781] {dagbag.py:507} INFO - Filling up the DagBag from /home/airflow/.local/lib/python3.7/site-packages/airflow/example_dags/tutorial.py
[2024-09-21 12:26:33,786] {processor.py:651} INFO - DAG(s) dict_keys(['tutorial']) retrieved from /home/airflow/.local/lib/python3.7/site-packages/airflow/example_dags/tutorial.py
[2024-09-21 12:26:33,809] {logging_mixin.py:115} INFO - [2024-09-21 12:26:33,809] {dag.py:2379} INFO - Sync 1 DAGs
[2024-09-21 12:26:33,830] {logging_mixin.py:115} INFO - [2024-09-21 12:26:33,829] {dag.py:2927} INFO - Setting next_dagrun for tutorial to 2024-09-20T12:26:33.829729+00:00, run_after=2024-09-21T12:26:33.829729+00:00
[2024-09-21 12:26:33,839] {processor.py:161} INFO - Processing /home/airflow/.local/lib/python3.7/site-packages/airflow/example_dags/tutorial.py took 0.061 seconds
[2024-09-21 12:27:04,174] {processor.py:153} INFO - Started process (PID=555) to work on /home/airflow/.local/lib/python3.7/site-packages/airflow/example_dags/tutorial.py
[2024-09-21 12:27:04,175] {processor.py:641} INFO - Processing file /home/airflow/.local/lib/python3.7/site-packages/airflow/example_dags/tutorial.py for tasks to queue
[2024-09-21 12:27:04,175] {logging_mixin.py:115} INFO - [2024-09-21 12:27:04,175] {dagbag.py:507} INFO - Filling up the DagBag from /home/airflow/.local/lib/python3.7/site-packages/airflow/example_dags/tutorial.py
[2024-09-21 12:27:04,181] {processor.py:651} INFO - DAG(s) dict_keys(['tutorial']) retrieved from /home/airflow/.local/lib/python3.7/site-packages/airflow/example_dags/tutorial.py
[2024-09-21 12:27:04,205] {logging_mixin.py:115} INFO - [2024-09-21 12:27:04,205] {dag.py:2379} INFO - Sync 1 DAGs
[2024-09-21 12:27:04,228] {logging_mixin.py:115} INFO - [2024-09-21 12:27:04,228] {dag.py:2927} INFO - Setting next_dagrun for tutorial to 2024-09-20T12:27:04.227803+00:00, run_after=2024-09-21T12:27:04.227803+00:00
[2024-09-21 12:27:04,240] {processor.py:161} INFO - Processing /home/airflow/.local/lib/python3.7/site-packages/airflow/example_dags/tutorial.py took 0.070 seconds
[2024-09-21 12:27:34,504] {processor.py:153} INFO - Started process (PID=597) to work on /home/airflow/.local/lib/python3.7/site-packages/airflow/example_dags/tutorial.py
[2024-09-21 12:27:34,505] {processor.py:641} INFO - Processing file /home/airflow/.local/lib/python3.7/site-packages/airflow/example_dags/tutorial.py for tasks to queue
[2024-09-21 12:27:34,506] {logging_mixin.py:115} INFO - [2024-09-21 12:27:34,505] {dagbag.py:507} INFO - Filling up the DagBag from /home/airflow/.local/lib/python3.7/site-packages/airflow/example_dags/tutorial.py
[2024-09-21 12:27:34,511] {processor.py:651} INFO - DAG(s) dict_keys(['tutorial']) retrieved from /home/airflow/.local/lib/python3.7/site-packages/airflow/example_dags/tutorial.py
[2024-09-21 12:27:34,536] {logging_mixin.py:115} INFO - [2024-09-21 12:27:34,536] {dag.py:2379} INFO - Sync 1 DAGs
[2024-09-21 12:27:34,559] {logging_mixin.py:115} INFO - [2024-09-21 12:27:34,559] {dag.py:2927} INFO - Setting next_dagrun for tutorial to 2024-09-20T12:27:34.559510+00:00, run_after=2024-09-21T12:27:34.559510+00:00
[2024-09-21 12:27:34,570] {processor.py:161} INFO - Processing /home/airflow/.local/lib/python3.7/site-packages/airflow/example_dags/tutorial.py took 0.069 seconds
[2024-09-21 12:28:04,730] {processor.py:153} INFO - Started process (PID=640) to work on /home/airflow/.local/lib/python3.7/site-packages/airflow/example_dags/tutorial.py
[2024-09-21 12:28:04,730] {processor.py:641} INFO - Processing file /home/airflow/.local/lib/python3.7/site-packages/airflow/example_dags/tutorial.py for tasks to queue
[2024-09-21 12:28:04,731] {logging_mixin.py:115} INFO - [2024-09-21 12:28:04,731] {dagbag.py:507} INFO - Filling up the DagBag from /home/airflow/.local/lib/python3.7/site-packages/airflow/example_dags/tutorial.py
[2024-09-21 12:28:04,736] {processor.py:651} INFO - DAG(s) dict_keys(['tutorial']) retrieved from /home/airflow/.local/lib/python3.7/site-packages/airflow/example_dags/tutorial.py
[2024-09-21 12:28:04,759] {logging_mixin.py:115} INFO - [2024-09-21 12:28:04,759] {dag.py:2379} INFO - Sync 1 DAGs
[2024-09-21 12:28:04,780] {logging_mixin.py:115} INFO - [2024-09-21 12:28:04,780] {dag.py:2927} INFO - Setting next_dagrun for tutorial to 2024-09-20T12:28:04.779944+00:00, run_after=2024-09-21T12:28:04.779944+00:00
[2024-09-21 12:28:04,792] {processor.py:161} INFO - Processing /home/airflow/.local/lib/python3.7/site-packages/airflow/example_dags/tutorial.py took 0.065 seconds
[2024-09-21 12:28:35,092] {processor.py:153} INFO - Started process (PID=681) to work on /home/airflow/.local/lib/python3.7/site-packages/airflow/example_dags/tutorial.py
[2024-09-21 12:28:35,093] {processor.py:641} INFO - Processing file /home/airflow/.local/lib/python3.7/site-packages/airflow/example_dags/tutorial.py for tasks to queue
[2024-09-21 12:28:35,093] {logging_mixin.py:115} INFO - [2024-09-21 12:28:35,093] {dagbag.py:507} INFO - Filling up the DagBag from /home/airflow/.local/lib/python3.7/site-packages/airflow/example_dags/tutorial.py
[2024-09-21 12:28:35,100] {processor.py:651} INFO - DAG(s) dict_keys(['tutorial']) retrieved from /home/airflow/.local/lib/python3.7/site-packages/airflow/example_dags/tutorial.py
[2024-09-21 12:28:35,131] {logging_mixin.py:115} INFO - [2024-09-21 12:28:35,130] {dag.py:2379} INFO - Sync 1 DAGs
[2024-09-21 12:28:35,153] {logging_mixin.py:115} INFO - [2024-09-21 12:28:35,153] {dag.py:2927} INFO - Setting next_dagrun for tutorial to 2024-09-20T12:28:35.153569+00:00, run_after=2024-09-21T12:28:35.153569+00:00
[2024-09-21 12:28:35,165] {processor.py:161} INFO - Processing /home/airflow/.local/lib/python3.7/site-packages/airflow/example_dags/tutorial.py took 0.077 seconds
[2024-09-21 12:29:06,219] {processor.py:153} INFO - Started process (PID=724) to work on /home/airflow/.local/lib/python3.7/site-packages/airflow/example_dags/tutorial.py
[2024-09-21 12:29:06,220] {processor.py:641} INFO - Processing file /home/airflow/.local/lib/python3.7/site-packages/airflow/example_dags/tutorial.py for tasks to queue
[2024-09-21 12:29:06,221] {logging_mixin.py:115} INFO - [2024-09-21 12:29:06,221] {dagbag.py:507} INFO - Filling up the DagBag from /home/airflow/.local/lib/python3.7/site-packages/airflow/example_dags/tutorial.py
[2024-09-21 12:29:06,226] {processor.py:651} INFO - DAG(s) dict_keys(['tutorial']) retrieved from /home/airflow/.local/lib/python3.7/site-packages/airflow/example_dags/tutorial.py
[2024-09-21 12:29:06,250] {logging_mixin.py:115} INFO - [2024-09-21 12:29:06,250] {dag.py:2379} INFO - Sync 1 DAGs
[2024-09-21 12:29:06,270] {logging_mixin.py:115} INFO - [2024-09-21 12:29:06,270] {dag.py:2927} INFO - Setting next_dagrun for tutorial to 2024-09-20T12:29:06.270591+00:00, run_after=2024-09-21T12:29:06.270591+00:00
[2024-09-21 12:29:06,281] {processor.py:161} INFO - Processing /home/airflow/.local/lib/python3.7/site-packages/airflow/example_dags/tutorial.py took 0.066 seconds
[2024-09-21 12:29:37,364] {processor.py:153} INFO - Started process (PID=766) to work on /home/airflow/.local/lib/python3.7/site-packages/airflow/example_dags/tutorial.py
[2024-09-21 12:29:37,365] {processor.py:641} INFO - Processing file /home/airflow/.local/lib/python3.7/site-packages/airflow/example_dags/tutorial.py for tasks to queue
[2024-09-21 12:29:37,365] {logging_mixin.py:115} INFO - [2024-09-21 12:29:37,365] {dagbag.py:507} INFO - Filling up the DagBag from /home/airflow/.local/lib/python3.7/site-packages/airflow/example_dags/tutorial.py
[2024-09-21 12:29:37,370] {processor.py:651} INFO - DAG(s) dict_keys(['tutorial']) retrieved from /home/airflow/.local/lib/python3.7/site-packages/airflow/example_dags/tutorial.py
[2024-09-21 12:29:37,392] {logging_mixin.py:115} INFO - [2024-09-21 12:29:37,392] {dag.py:2379} INFO - Sync 1 DAGs
[2024-09-21 12:29:37,414] {logging_mixin.py:115} INFO - [2024-09-21 12:29:37,414] {dag.py:2927} INFO - Setting next_dagrun for tutorial to 2024-09-20T12:29:37.414167+00:00, run_after=2024-09-21T12:29:37.414167+00:00
[2024-09-21 12:29:37,425] {processor.py:161} INFO - Processing /home/airflow/.local/lib/python3.7/site-packages/airflow/example_dags/tutorial.py took 0.064 seconds
[2024-09-21 12:30:08,324] {processor.py:153} INFO - Started process (PID=808) to work on /home/airflow/.local/lib/python3.7/site-packages/airflow/example_dags/tutorial.py
[2024-09-21 12:30:08,324] {processor.py:641} INFO - Processing file /home/airflow/.local/lib/python3.7/site-packages/airflow/example_dags/tutorial.py for tasks to queue
[2024-09-21 12:30:08,324] {logging_mixin.py:115} INFO - [2024-09-21 12:30:08,324] {dagbag.py:507} INFO - Filling up the DagBag from /home/airflow/.local/lib/python3.7/site-packages/airflow/example_dags/tutorial.py
[2024-09-21 12:30:08,329] {processor.py:651} INFO - DAG(s) dict_keys(['tutorial']) retrieved from /home/airflow/.local/lib/python3.7/site-packages/airflow/example_dags/tutorial.py
[2024-09-21 12:30:08,358] {logging_mixin.py:115} INFO - [2024-09-21 12:30:08,358] {dag.py:2379} INFO - Sync 1 DAGs
[2024-09-21 12:30:08,380] {logging_mixin.py:115} INFO - [2024-09-21 12:30:08,380] {dag.py:2927} INFO - Setting next_dagrun for tutorial to 2024-09-20T12:30:08.380017+00:00, run_after=2024-09-21T12:30:08.380017+00:00
[2024-09-21 12:30:08,390] {processor.py:161} INFO - Processing /home/airflow/.local/lib/python3.7/site-packages/airflow/example_dags/tutorial.py took 0.069 seconds
[2024-09-21 12:30:39,471] {processor.py:153} INFO - Started process (PID=850) to work on /home/airflow/.local/lib/python3.7/site-packages/airflow/example_dags/tutorial.py
[2024-09-21 12:30:39,472] {processor.py:641} INFO - Processing file /home/airflow/.local/lib/python3.7/site-packages/airflow/example_dags/tutorial.py for tasks to queue
[2024-09-21 12:30:39,472] {logging_mixin.py:115} INFO - [2024-09-21 12:30:39,472] {dagbag.py:507} INFO - Filling up the DagBag from /home/airflow/.local/lib/python3.7/site-packages/airflow/example_dags/tutorial.py
[2024-09-21 12:30:39,478] {processor.py:651} INFO - DAG(s) dict_keys(['tutorial']) retrieved from /home/airflow/.local/lib/python3.7/site-packages/airflow/example_dags/tutorial.py
[2024-09-21 12:30:39,502] {logging_mixin.py:115} INFO - [2024-09-21 12:30:39,502] {dag.py:2379} INFO - Sync 1 DAGs
[2024-09-21 12:30:39,526] {logging_mixin.py:115} INFO - [2024-09-21 12:30:39,526] {dag.py:2927} INFO - Setting next_dagrun for tutorial to 2024-09-20T12:30:39.525843+00:00, run_after=2024-09-21T12:30:39.525843+00:00
[2024-09-21 12:30:39,538] {processor.py:161} INFO - Processing /home/airflow/.local/lib/python3.7/site-packages/airflow/example_dags/tutorial.py took 0.069 seconds
[2024-09-21 12:35:10,952] {processor.py:153} INFO - Started process (PID=65) to work on /home/airflow/.local/lib/python3.7/site-packages/airflow/example_dags/tutorial.py
[2024-09-21 12:35:10,953] {processor.py:641} INFO - Processing file /home/airflow/.local/lib/python3.7/site-packages/airflow/example_dags/tutorial.py for tasks to queue
[2024-09-21 12:35:10,954] {logging_mixin.py:115} INFO - [2024-09-21 12:35:10,954] {dagbag.py:507} INFO - Filling up the DagBag from /home/airflow/.local/lib/python3.7/site-packages/airflow/example_dags/tutorial.py
[2024-09-21 12:35:10,964] {processor.py:651} INFO - DAG(s) dict_keys(['tutorial']) retrieved from /home/airflow/.local/lib/python3.7/site-packages/airflow/example_dags/tutorial.py
[2024-09-21 12:35:11,004] {logging_mixin.py:115} INFO - [2024-09-21 12:35:11,004] {dag.py:2379} INFO - Sync 1 DAGs
[2024-09-21 12:35:11,040] {logging_mixin.py:115} INFO - [2024-09-21 12:35:11,040] {dag.py:2927} INFO - Setting next_dagrun for tutorial to 2024-09-20T12:35:11.040140+00:00, run_after=2024-09-21T12:35:11.040140+00:00
[2024-09-21 12:35:11,069] {processor.py:161} INFO - Processing /home/airflow/.local/lib/python3.7/site-packages/airflow/example_dags/tutorial.py took 0.123 seconds
[2024-09-21 12:35:41,527] {processor.py:153} INFO - Started process (PID=127) to work on /home/airflow/.local/lib/python3.7/site-packages/airflow/example_dags/tutorial.py
[2024-09-21 12:35:41,528] {processor.py:641} INFO - Processing file /home/airflow/.local/lib/python3.7/site-packages/airflow/example_dags/tutorial.py for tasks to queue
[2024-09-21 12:35:41,529] {logging_mixin.py:115} INFO - [2024-09-21 12:35:41,529] {dagbag.py:507} INFO - Filling up the DagBag from /home/airflow/.local/lib/python3.7/site-packages/airflow/example_dags/tutorial.py
[2024-09-21 12:35:41,537] {processor.py:651} INFO - DAG(s) dict_keys(['tutorial']) retrieved from /home/airflow/.local/lib/python3.7/site-packages/airflow/example_dags/tutorial.py
[2024-09-21 12:35:41,572] {logging_mixin.py:115} INFO - [2024-09-21 12:35:41,572] {dag.py:2379} INFO - Sync 1 DAGs
[2024-09-21 12:35:41,604] {logging_mixin.py:115} INFO - [2024-09-21 12:35:41,604] {dag.py:2927} INFO - Setting next_dagrun for tutorial to 2024-09-20T12:35:41.604042+00:00, run_after=2024-09-21T12:35:41.604042+00:00
[2024-09-21 12:35:41,619] {processor.py:161} INFO - Processing /home/airflow/.local/lib/python3.7/site-packages/airflow/example_dags/tutorial.py took 0.097 seconds
[2024-09-21 12:36:11,812] {processor.py:153} INFO - Started process (PID=168) to work on /home/airflow/.local/lib/python3.7/site-packages/airflow/example_dags/tutorial.py
[2024-09-21 12:36:11,813] {processor.py:641} INFO - Processing file /home/airflow/.local/lib/python3.7/site-packages/airflow/example_dags/tutorial.py for tasks to queue
[2024-09-21 12:36:11,813] {logging_mixin.py:115} INFO - [2024-09-21 12:36:11,813] {dagbag.py:507} INFO - Filling up the DagBag from /home/airflow/.local/lib/python3.7/site-packages/airflow/example_dags/tutorial.py
[2024-09-21 12:36:11,820] {processor.py:651} INFO - DAG(s) dict_keys(['tutorial']) retrieved from /home/airflow/.local/lib/python3.7/site-packages/airflow/example_dags/tutorial.py
[2024-09-21 12:36:11,848] {logging_mixin.py:115} INFO - [2024-09-21 12:36:11,848] {dag.py:2379} INFO - Sync 1 DAGs
[2024-09-21 12:36:11,875] {logging_mixin.py:115} INFO - [2024-09-21 12:36:11,875] {dag.py:2927} INFO - Setting next_dagrun for tutorial to 2024-09-20T12:36:11.875432+00:00, run_after=2024-09-21T12:36:11.875432+00:00
[2024-09-21 12:36:11,890] {processor.py:161} INFO - Processing /home/airflow/.local/lib/python3.7/site-packages/airflow/example_dags/tutorial.py took 0.081 seconds
[2024-09-21 12:36:42,166] {processor.py:153} INFO - Started process (PID=210) to work on /home/airflow/.local/lib/python3.7/site-packages/airflow/example_dags/tutorial.py
[2024-09-21 12:36:42,168] {processor.py:641} INFO - Processing file /home/airflow/.local/lib/python3.7/site-packages/airflow/example_dags/tutorial.py for tasks to queue
[2024-09-21 12:36:42,169] {logging_mixin.py:115} INFO - [2024-09-21 12:36:42,168] {dagbag.py:507} INFO - Filling up the DagBag from /home/airflow/.local/lib/python3.7/site-packages/airflow/example_dags/tutorial.py
[2024-09-21 12:36:42,177] {processor.py:651} INFO - DAG(s) dict_keys(['tutorial']) retrieved from /home/airflow/.local/lib/python3.7/site-packages/airflow/example_dags/tutorial.py
[2024-09-21 12:36:42,207] {logging_mixin.py:115} INFO - [2024-09-21 12:36:42,207] {dag.py:2379} INFO - Sync 1 DAGs
[2024-09-21 12:36:42,235] {logging_mixin.py:115} INFO - [2024-09-21 12:36:42,235] {dag.py:2927} INFO - Setting next_dagrun for tutorial to 2024-09-20T12:36:42.234657+00:00, run_after=2024-09-21T12:36:42.234657+00:00
[2024-09-21 12:36:42,249] {processor.py:161} INFO - Processing /home/airflow/.local/lib/python3.7/site-packages/airflow/example_dags/tutorial.py took 0.088 seconds
[2024-09-21 12:37:13,166] {processor.py:153} INFO - Started process (PID=257) to work on /home/airflow/.local/lib/python3.7/site-packages/airflow/example_dags/tutorial.py
[2024-09-21 12:37:13,167] {processor.py:641} INFO - Processing file /home/airflow/.local/lib/python3.7/site-packages/airflow/example_dags/tutorial.py for tasks to queue
[2024-09-21 12:37:13,167] {logging_mixin.py:115} INFO - [2024-09-21 12:37:13,167] {dagbag.py:507} INFO - Filling up the DagBag from /home/airflow/.local/lib/python3.7/site-packages/airflow/example_dags/tutorial.py
[2024-09-21 12:37:13,174] {processor.py:651} INFO - DAG(s) dict_keys(['tutorial']) retrieved from /home/airflow/.local/lib/python3.7/site-packages/airflow/example_dags/tutorial.py
[2024-09-21 12:37:13,204] {logging_mixin.py:115} INFO - [2024-09-21 12:37:13,204] {dag.py:2379} INFO - Sync 1 DAGs
[2024-09-21 12:37:13,232] {logging_mixin.py:115} INFO - [2024-09-21 12:37:13,232] {dag.py:2927} INFO - Setting next_dagrun for tutorial to 2024-09-20T12:37:13.231577+00:00, run_after=2024-09-21T12:37:13.231577+00:00
[2024-09-21 12:37:13,249] {processor.py:161} INFO - Processing /home/airflow/.local/lib/python3.7/site-packages/airflow/example_dags/tutorial.py took 0.086 seconds
[2024-09-21 20:17:48,372] {processor.py:153} INFO - Started process (PID=82) to work on /home/airflow/.local/lib/python3.7/site-packages/airflow/example_dags/tutorial.py
[2024-09-21 20:17:48,376] {processor.py:641} INFO - Processing file /home/airflow/.local/lib/python3.7/site-packages/airflow/example_dags/tutorial.py for tasks to queue
[2024-09-21 20:17:48,377] {logging_mixin.py:115} INFO - [2024-09-21 20:17:48,377] {dagbag.py:507} INFO - Filling up the DagBag from /home/airflow/.local/lib/python3.7/site-packages/airflow/example_dags/tutorial.py
[2024-09-21 20:17:48,392] {processor.py:651} INFO - DAG(s) dict_keys(['tutorial']) retrieved from /home/airflow/.local/lib/python3.7/site-packages/airflow/example_dags/tutorial.py
[2024-09-21 20:17:48,463] {logging_mixin.py:115} INFO - [2024-09-21 20:17:48,463] {dag.py:2379} INFO - Sync 1 DAGs
[2024-09-21 20:17:48,527] {logging_mixin.py:115} INFO - [2024-09-21 20:17:48,527] {dag.py:2927} INFO - Setting next_dagrun for tutorial to 2024-09-20T20:17:48.527109+00:00, run_after=2024-09-21T20:17:48.527109+00:00
[2024-09-21 20:17:48,569] {processor.py:161} INFO - Processing /home/airflow/.local/lib/python3.7/site-packages/airflow/example_dags/tutorial.py took 0.203 seconds
[2024-09-21 20:18:18,901] {processor.py:153} INFO - Started process (PID=153) to work on /home/airflow/.local/lib/python3.7/site-packages/airflow/example_dags/tutorial.py
[2024-09-21 20:18:18,903] {processor.py:641} INFO - Processing file /home/airflow/.local/lib/python3.7/site-packages/airflow/example_dags/tutorial.py for tasks to queue
[2024-09-21 20:18:18,903] {logging_mixin.py:115} INFO - [2024-09-21 20:18:18,903] {dagbag.py:507} INFO - Filling up the DagBag from /home/airflow/.local/lib/python3.7/site-packages/airflow/example_dags/tutorial.py
[2024-09-21 20:18:18,911] {processor.py:651} INFO - DAG(s) dict_keys(['tutorial']) retrieved from /home/airflow/.local/lib/python3.7/site-packages/airflow/example_dags/tutorial.py
[2024-09-21 20:18:18,941] {logging_mixin.py:115} INFO - [2024-09-21 20:18:18,941] {dag.py:2379} INFO - Sync 1 DAGs
[2024-09-21 20:18:18,973] {logging_mixin.py:115} INFO - [2024-09-21 20:18:18,973] {dag.py:2927} INFO - Setting next_dagrun for tutorial to 2024-09-20T20:18:18.972637+00:00, run_after=2024-09-21T20:18:18.972637+00:00
[2024-09-21 20:18:18,991] {processor.py:161} INFO - Processing /home/airflow/.local/lib/python3.7/site-packages/airflow/example_dags/tutorial.py took 0.093 seconds
[2024-09-21 20:18:49,026] {processor.py:153} INFO - Started process (PID=194) to work on /home/airflow/.local/lib/python3.7/site-packages/airflow/example_dags/tutorial.py
[2024-09-21 20:18:49,026] {processor.py:641} INFO - Processing file /home/airflow/.local/lib/python3.7/site-packages/airflow/example_dags/tutorial.py for tasks to queue
[2024-09-21 20:18:49,027] {logging_mixin.py:115} INFO - [2024-09-21 20:18:49,027] {dagbag.py:507} INFO - Filling up the DagBag from /home/airflow/.local/lib/python3.7/site-packages/airflow/example_dags/tutorial.py
[2024-09-21 20:18:49,035] {processor.py:651} INFO - DAG(s) dict_keys(['tutorial']) retrieved from /home/airflow/.local/lib/python3.7/site-packages/airflow/example_dags/tutorial.py
[2024-09-21 20:18:49,067] {logging_mixin.py:115} INFO - [2024-09-21 20:18:49,067] {dag.py:2379} INFO - Sync 1 DAGs
[2024-09-21 20:18:49,096] {logging_mixin.py:115} INFO - [2024-09-21 20:18:49,096] {dag.py:2927} INFO - Setting next_dagrun for tutorial to 2024-09-20T20:18:49.095573+00:00, run_after=2024-09-21T20:18:49.095573+00:00
[2024-09-21 20:18:49,111] {processor.py:161} INFO - Processing /home/airflow/.local/lib/python3.7/site-packages/airflow/example_dags/tutorial.py took 0.090 seconds
[2024-09-21 20:19:19,177] {processor.py:153} INFO - Started process (PID=235) to work on /home/airflow/.local/lib/python3.7/site-packages/airflow/example_dags/tutorial.py
[2024-09-21 20:19:19,178] {processor.py:641} INFO - Processing file /home/airflow/.local/lib/python3.7/site-packages/airflow/example_dags/tutorial.py for tasks to queue
[2024-09-21 20:19:19,178] {logging_mixin.py:115} INFO - [2024-09-21 20:19:19,178] {dagbag.py:507} INFO - Filling up the DagBag from /home/airflow/.local/lib/python3.7/site-packages/airflow/example_dags/tutorial.py
[2024-09-21 20:19:19,183] {processor.py:651} INFO - DAG(s) dict_keys(['tutorial']) retrieved from /home/airflow/.local/lib/python3.7/site-packages/airflow/example_dags/tutorial.py
[2024-09-21 20:19:19,217] {logging_mixin.py:115} INFO - [2024-09-21 20:19:19,217] {dag.py:2379} INFO - Sync 1 DAGs
[2024-09-21 20:19:19,241] {logging_mixin.py:115} INFO - [2024-09-21 20:19:19,241] {dag.py:2927} INFO - Setting next_dagrun for tutorial to 2024-09-20T20:19:19.241417+00:00, run_after=2024-09-21T20:19:19.241417+00:00
[2024-09-21 20:19:19,254] {processor.py:161} INFO - Processing /home/airflow/.local/lib/python3.7/site-packages/airflow/example_dags/tutorial.py took 0.080 seconds
[2024-09-21 22:29:11,663] {processor.py:153} INFO - Started process (PID=80) to work on /home/airflow/.local/lib/python3.7/site-packages/airflow/example_dags/tutorial.py
[2024-09-21 22:29:11,667] {processor.py:641} INFO - Processing file /home/airflow/.local/lib/python3.7/site-packages/airflow/example_dags/tutorial.py for tasks to queue
[2024-09-21 22:29:11,667] {logging_mixin.py:115} INFO - [2024-09-21 22:29:11,667] {dagbag.py:507} INFO - Filling up the DagBag from /home/airflow/.local/lib/python3.7/site-packages/airflow/example_dags/tutorial.py
[2024-09-21 22:29:11,698] {processor.py:651} INFO - DAG(s) dict_keys(['tutorial']) retrieved from /home/airflow/.local/lib/python3.7/site-packages/airflow/example_dags/tutorial.py
[2024-09-21 22:29:11,895] {logging_mixin.py:115} INFO - [2024-09-21 22:29:11,895] {dag.py:2379} INFO - Sync 1 DAGs
[2024-09-21 22:29:12,086] {logging_mixin.py:115} INFO - [2024-09-21 22:29:12,086] {dag.py:2927} INFO - Setting next_dagrun for tutorial to 2024-09-20T22:29:12.082220+00:00, run_after=2024-09-21T22:29:12.082220+00:00
[2024-09-21 22:29:12,197] {processor.py:161} INFO - Processing /home/airflow/.local/lib/python3.7/site-packages/airflow/example_dags/tutorial.py took 0.549 seconds
