[2024-09-10 14:29:40,997] {processor.py:153} INFO - Started process (PID=54) to work on /home/airflow/.local/lib/python3.7/site-packages/airflow/example_dags/example_short_circuit_operator.py
[2024-09-10 14:29:40,998] {processor.py:641} INFO - Processing file /home/airflow/.local/lib/python3.7/site-packages/airflow/example_dags/example_short_circuit_operator.py for tasks to queue
[2024-09-10 14:29:40,999] {logging_mixin.py:115} INFO - [2024-09-10 14:29:40,999] {dagbag.py:507} INFO - Filling up the DagBag from /home/airflow/.local/lib/python3.7/site-packages/airflow/example_dags/example_short_circuit_operator.py
[2024-09-10 14:29:41,023] {processor.py:651} INFO - DAG(s) dict_keys(['example_short_circuit_operator']) retrieved from /home/airflow/.local/lib/python3.7/site-packages/airflow/example_dags/example_short_circuit_operator.py
[2024-09-10 14:29:41,498] {logging_mixin.py:115} INFO - [2024-09-10 14:29:41,498] {manager.py:508} INFO - Created Permission View: can delete on DAG:example_short_circuit_operator
[2024-09-10 14:29:41,512] {logging_mixin.py:115} INFO - [2024-09-10 14:29:41,512] {dag.py:2379} INFO - Sync 1 DAGs
[2024-09-10 14:29:41,540] {logging_mixin.py:115} INFO - [2024-09-10 14:29:41,540] {dag.py:2927} INFO - Setting next_dagrun for example_short_circuit_operator to 2024-09-09T14:29:41.540325+00:00, run_after=2024-09-10T14:29:41.540325+00:00
[2024-09-10 14:29:41,569] {processor.py:161} INFO - Processing /home/airflow/.local/lib/python3.7/site-packages/airflow/example_dags/example_short_circuit_operator.py took 0.576 seconds
[2024-09-10 14:30:12,313] {processor.py:153} INFO - Started process (PID=119) to work on /home/airflow/.local/lib/python3.7/site-packages/airflow/example_dags/example_short_circuit_operator.py
[2024-09-10 14:30:12,314] {processor.py:641} INFO - Processing file /home/airflow/.local/lib/python3.7/site-packages/airflow/example_dags/example_short_circuit_operator.py for tasks to queue
[2024-09-10 14:30:12,315] {logging_mixin.py:115} INFO - [2024-09-10 14:30:12,315] {dagbag.py:507} INFO - Filling up the DagBag from /home/airflow/.local/lib/python3.7/site-packages/airflow/example_dags/example_short_circuit_operator.py
[2024-09-10 14:30:12,326] {processor.py:651} INFO - DAG(s) dict_keys(['example_short_circuit_operator']) retrieved from /home/airflow/.local/lib/python3.7/site-packages/airflow/example_dags/example_short_circuit_operator.py
[2024-09-10 14:30:12,359] {logging_mixin.py:115} INFO - [2024-09-10 14:30:12,359] {dag.py:2379} INFO - Sync 1 DAGs
[2024-09-10 14:30:12,386] {logging_mixin.py:115} INFO - [2024-09-10 14:30:12,386] {dag.py:2927} INFO - Setting next_dagrun for example_short_circuit_operator to 2024-09-09T14:30:12.386043+00:00, run_after=2024-09-10T14:30:12.386043+00:00
[2024-09-10 14:30:12,401] {processor.py:161} INFO - Processing /home/airflow/.local/lib/python3.7/site-packages/airflow/example_dags/example_short_circuit_operator.py took 0.093 seconds
[2024-09-10 14:30:43,253] {processor.py:153} INFO - Started process (PID=162) to work on /home/airflow/.local/lib/python3.7/site-packages/airflow/example_dags/example_short_circuit_operator.py
[2024-09-10 14:30:43,254] {processor.py:641} INFO - Processing file /home/airflow/.local/lib/python3.7/site-packages/airflow/example_dags/example_short_circuit_operator.py for tasks to queue
[2024-09-10 14:30:43,254] {logging_mixin.py:115} INFO - [2024-09-10 14:30:43,254] {dagbag.py:507} INFO - Filling up the DagBag from /home/airflow/.local/lib/python3.7/site-packages/airflow/example_dags/example_short_circuit_operator.py
[2024-09-10 14:30:43,266] {processor.py:651} INFO - DAG(s) dict_keys(['example_short_circuit_operator']) retrieved from /home/airflow/.local/lib/python3.7/site-packages/airflow/example_dags/example_short_circuit_operator.py
[2024-09-10 14:30:43,303] {logging_mixin.py:115} INFO - [2024-09-10 14:30:43,302] {dag.py:2379} INFO - Sync 1 DAGs
[2024-09-10 14:30:43,328] {logging_mixin.py:115} INFO - [2024-09-10 14:30:43,328] {dag.py:2927} INFO - Setting next_dagrun for example_short_circuit_operator to 2024-09-09T14:30:43.327982+00:00, run_after=2024-09-10T14:30:43.327982+00:00
[2024-09-10 14:30:43,345] {processor.py:161} INFO - Processing /home/airflow/.local/lib/python3.7/site-packages/airflow/example_dags/example_short_circuit_operator.py took 0.097 seconds
[2024-09-10 14:31:13,631] {processor.py:153} INFO - Started process (PID=204) to work on /home/airflow/.local/lib/python3.7/site-packages/airflow/example_dags/example_short_circuit_operator.py
[2024-09-10 14:31:13,632] {processor.py:641} INFO - Processing file /home/airflow/.local/lib/python3.7/site-packages/airflow/example_dags/example_short_circuit_operator.py for tasks to queue
[2024-09-10 14:31:13,633] {logging_mixin.py:115} INFO - [2024-09-10 14:31:13,633] {dagbag.py:507} INFO - Filling up the DagBag from /home/airflow/.local/lib/python3.7/site-packages/airflow/example_dags/example_short_circuit_operator.py
[2024-09-10 14:31:13,654] {processor.py:651} INFO - DAG(s) dict_keys(['example_short_circuit_operator']) retrieved from /home/airflow/.local/lib/python3.7/site-packages/airflow/example_dags/example_short_circuit_operator.py
[2024-09-10 14:31:13,695] {logging_mixin.py:115} INFO - [2024-09-10 14:31:13,695] {dag.py:2379} INFO - Sync 1 DAGs
[2024-09-10 14:31:13,724] {logging_mixin.py:115} INFO - [2024-09-10 14:31:13,724] {dag.py:2927} INFO - Setting next_dagrun for example_short_circuit_operator to 2024-09-09T14:31:13.722945+00:00, run_after=2024-09-10T14:31:13.722945+00:00
[2024-09-10 14:31:13,739] {processor.py:161} INFO - Processing /home/airflow/.local/lib/python3.7/site-packages/airflow/example_dags/example_short_circuit_operator.py took 0.113 seconds
[2024-09-10 14:31:44,103] {processor.py:153} INFO - Started process (PID=246) to work on /home/airflow/.local/lib/python3.7/site-packages/airflow/example_dags/example_short_circuit_operator.py
[2024-09-10 14:31:44,103] {processor.py:641} INFO - Processing file /home/airflow/.local/lib/python3.7/site-packages/airflow/example_dags/example_short_circuit_operator.py for tasks to queue
[2024-09-10 14:31:44,104] {logging_mixin.py:115} INFO - [2024-09-10 14:31:44,104] {dagbag.py:507} INFO - Filling up the DagBag from /home/airflow/.local/lib/python3.7/site-packages/airflow/example_dags/example_short_circuit_operator.py
[2024-09-10 14:31:44,116] {processor.py:651} INFO - DAG(s) dict_keys(['example_short_circuit_operator']) retrieved from /home/airflow/.local/lib/python3.7/site-packages/airflow/example_dags/example_short_circuit_operator.py
[2024-09-10 14:31:44,151] {logging_mixin.py:115} INFO - [2024-09-10 14:31:44,151] {dag.py:2379} INFO - Sync 1 DAGs
[2024-09-10 14:31:44,181] {logging_mixin.py:115} INFO - [2024-09-10 14:31:44,181] {dag.py:2927} INFO - Setting next_dagrun for example_short_circuit_operator to 2024-09-09T14:31:44.180478+00:00, run_after=2024-09-10T14:31:44.180478+00:00
[2024-09-10 14:31:44,196] {processor.py:161} INFO - Processing /home/airflow/.local/lib/python3.7/site-packages/airflow/example_dags/example_short_circuit_operator.py took 0.097 seconds
[2024-09-10 14:32:14,245] {processor.py:153} INFO - Started process (PID=289) to work on /home/airflow/.local/lib/python3.7/site-packages/airflow/example_dags/example_short_circuit_operator.py
[2024-09-10 14:32:14,246] {processor.py:641} INFO - Processing file /home/airflow/.local/lib/python3.7/site-packages/airflow/example_dags/example_short_circuit_operator.py for tasks to queue
[2024-09-10 14:32:14,248] {logging_mixin.py:115} INFO - [2024-09-10 14:32:14,248] {dagbag.py:507} INFO - Filling up the DagBag from /home/airflow/.local/lib/python3.7/site-packages/airflow/example_dags/example_short_circuit_operator.py
[2024-09-10 14:32:14,259] {processor.py:651} INFO - DAG(s) dict_keys(['example_short_circuit_operator']) retrieved from /home/airflow/.local/lib/python3.7/site-packages/airflow/example_dags/example_short_circuit_operator.py
[2024-09-10 14:32:14,293] {logging_mixin.py:115} INFO - [2024-09-10 14:32:14,293] {dag.py:2379} INFO - Sync 1 DAGs
[2024-09-10 14:32:14,321] {logging_mixin.py:115} INFO - [2024-09-10 14:32:14,321] {dag.py:2927} INFO - Setting next_dagrun for example_short_circuit_operator to 2024-09-09T14:32:14.321377+00:00, run_after=2024-09-10T14:32:14.321377+00:00
[2024-09-10 14:32:14,335] {processor.py:161} INFO - Processing /home/airflow/.local/lib/python3.7/site-packages/airflow/example_dags/example_short_circuit_operator.py took 0.094 seconds
[2024-09-10 14:32:44,781] {processor.py:153} INFO - Started process (PID=331) to work on /home/airflow/.local/lib/python3.7/site-packages/airflow/example_dags/example_short_circuit_operator.py
[2024-09-10 14:32:44,783] {processor.py:641} INFO - Processing file /home/airflow/.local/lib/python3.7/site-packages/airflow/example_dags/example_short_circuit_operator.py for tasks to queue
[2024-09-10 14:32:44,783] {logging_mixin.py:115} INFO - [2024-09-10 14:32:44,783] {dagbag.py:507} INFO - Filling up the DagBag from /home/airflow/.local/lib/python3.7/site-packages/airflow/example_dags/example_short_circuit_operator.py
[2024-09-10 14:32:44,798] {processor.py:651} INFO - DAG(s) dict_keys(['example_short_circuit_operator']) retrieved from /home/airflow/.local/lib/python3.7/site-packages/airflow/example_dags/example_short_circuit_operator.py
[2024-09-10 14:32:44,869] {logging_mixin.py:115} INFO - [2024-09-10 14:32:44,869] {dag.py:2379} INFO - Sync 1 DAGs
[2024-09-10 14:32:44,897] {logging_mixin.py:115} INFO - [2024-09-10 14:32:44,897] {dag.py:2927} INFO - Setting next_dagrun for example_short_circuit_operator to 2024-09-09T14:32:44.896847+00:00, run_after=2024-09-10T14:32:44.896847+00:00
[2024-09-10 14:32:44,914] {processor.py:161} INFO - Processing /home/airflow/.local/lib/python3.7/site-packages/airflow/example_dags/example_short_circuit_operator.py took 0.137 seconds
[2024-09-10 14:33:15,115] {processor.py:153} INFO - Started process (PID=374) to work on /home/airflow/.local/lib/python3.7/site-packages/airflow/example_dags/example_short_circuit_operator.py
[2024-09-10 14:33:15,115] {processor.py:641} INFO - Processing file /home/airflow/.local/lib/python3.7/site-packages/airflow/example_dags/example_short_circuit_operator.py for tasks to queue
[2024-09-10 14:33:15,116] {logging_mixin.py:115} INFO - [2024-09-10 14:33:15,116] {dagbag.py:507} INFO - Filling up the DagBag from /home/airflow/.local/lib/python3.7/site-packages/airflow/example_dags/example_short_circuit_operator.py
[2024-09-10 14:33:15,127] {processor.py:651} INFO - DAG(s) dict_keys(['example_short_circuit_operator']) retrieved from /home/airflow/.local/lib/python3.7/site-packages/airflow/example_dags/example_short_circuit_operator.py
[2024-09-10 14:33:15,163] {logging_mixin.py:115} INFO - [2024-09-10 14:33:15,163] {dag.py:2379} INFO - Sync 1 DAGs
[2024-09-10 14:33:15,192] {logging_mixin.py:115} INFO - [2024-09-10 14:33:15,192] {dag.py:2927} INFO - Setting next_dagrun for example_short_circuit_operator to 2024-09-09T14:33:15.191043+00:00, run_after=2024-09-10T14:33:15.191043+00:00
[2024-09-10 14:33:15,207] {processor.py:161} INFO - Processing /home/airflow/.local/lib/python3.7/site-packages/airflow/example_dags/example_short_circuit_operator.py took 0.097 seconds
[2024-09-10 14:33:45,830] {processor.py:153} INFO - Started process (PID=417) to work on /home/airflow/.local/lib/python3.7/site-packages/airflow/example_dags/example_short_circuit_operator.py
[2024-09-10 14:33:45,831] {processor.py:641} INFO - Processing file /home/airflow/.local/lib/python3.7/site-packages/airflow/example_dags/example_short_circuit_operator.py for tasks to queue
[2024-09-10 14:33:45,832] {logging_mixin.py:115} INFO - [2024-09-10 14:33:45,832] {dagbag.py:507} INFO - Filling up the DagBag from /home/airflow/.local/lib/python3.7/site-packages/airflow/example_dags/example_short_circuit_operator.py
[2024-09-10 14:33:45,880] {processor.py:651} INFO - DAG(s) dict_keys(['example_short_circuit_operator']) retrieved from /home/airflow/.local/lib/python3.7/site-packages/airflow/example_dags/example_short_circuit_operator.py
[2024-09-10 14:33:46,203] {logging_mixin.py:115} INFO - [2024-09-10 14:33:46,203] {dag.py:2379} INFO - Sync 1 DAGs
[2024-09-10 14:33:46,573] {logging_mixin.py:115} INFO - [2024-09-10 14:33:46,568] {dag.py:2927} INFO - Setting next_dagrun for example_short_circuit_operator to 2024-09-09T14:33:46.561039+00:00, run_after=2024-09-10T14:33:46.561039+00:00
[2024-09-10 14:33:47,787] {processor.py:161} INFO - Processing /home/airflow/.local/lib/python3.7/site-packages/airflow/example_dags/example_short_circuit_operator.py took 1.972 seconds
[2024-09-10 14:34:18,610] {processor.py:153} INFO - Started process (PID=459) to work on /home/airflow/.local/lib/python3.7/site-packages/airflow/example_dags/example_short_circuit_operator.py
[2024-09-10 14:34:18,611] {processor.py:641} INFO - Processing file /home/airflow/.local/lib/python3.7/site-packages/airflow/example_dags/example_short_circuit_operator.py for tasks to queue
[2024-09-10 14:34:18,612] {logging_mixin.py:115} INFO - [2024-09-10 14:34:18,612] {dagbag.py:507} INFO - Filling up the DagBag from /home/airflow/.local/lib/python3.7/site-packages/airflow/example_dags/example_short_circuit_operator.py
[2024-09-10 14:34:18,624] {processor.py:651} INFO - DAG(s) dict_keys(['example_short_circuit_operator']) retrieved from /home/airflow/.local/lib/python3.7/site-packages/airflow/example_dags/example_short_circuit_operator.py
[2024-09-10 14:34:18,658] {logging_mixin.py:115} INFO - [2024-09-10 14:34:18,657] {dag.py:2379} INFO - Sync 1 DAGs
[2024-09-10 14:34:18,684] {logging_mixin.py:115} INFO - [2024-09-10 14:34:18,684] {dag.py:2927} INFO - Setting next_dagrun for example_short_circuit_operator to 2024-09-09T14:34:18.684403+00:00, run_after=2024-09-10T14:34:18.684403+00:00
[2024-09-10 14:34:18,699] {processor.py:161} INFO - Processing /home/airflow/.local/lib/python3.7/site-packages/airflow/example_dags/example_short_circuit_operator.py took 0.093 seconds
[2024-09-10 14:34:48,867] {processor.py:153} INFO - Started process (PID=501) to work on /home/airflow/.local/lib/python3.7/site-packages/airflow/example_dags/example_short_circuit_operator.py
[2024-09-10 14:34:48,869] {processor.py:641} INFO - Processing file /home/airflow/.local/lib/python3.7/site-packages/airflow/example_dags/example_short_circuit_operator.py for tasks to queue
[2024-09-10 14:34:48,870] {logging_mixin.py:115} INFO - [2024-09-10 14:34:48,870] {dagbag.py:507} INFO - Filling up the DagBag from /home/airflow/.local/lib/python3.7/site-packages/airflow/example_dags/example_short_circuit_operator.py
[2024-09-10 14:34:48,917] {processor.py:651} INFO - DAG(s) dict_keys(['example_short_circuit_operator']) retrieved from /home/airflow/.local/lib/python3.7/site-packages/airflow/example_dags/example_short_circuit_operator.py
[2024-09-10 14:34:49,088] {logging_mixin.py:115} INFO - [2024-09-10 14:34:49,086] {dag.py:2379} INFO - Sync 1 DAGs
[2024-09-10 14:34:49,189] {logging_mixin.py:115} INFO - [2024-09-10 14:34:49,183] {dag.py:2927} INFO - Setting next_dagrun for example_short_circuit_operator to 2024-09-09T14:34:49.178684+00:00, run_after=2024-09-10T14:34:49.178684+00:00
[2024-09-10 14:34:49,258] {processor.py:161} INFO - Processing /home/airflow/.local/lib/python3.7/site-packages/airflow/example_dags/example_short_circuit_operator.py took 0.398 seconds
