[2024-09-10 14:29:47,050] {processor.py:153} INFO - Started process (PID=78) to work on /home/airflow/.local/lib/python3.7/site-packages/airflow/example_dags/example_kubernetes_executor.py
[2024-09-10 14:29:47,050] {processor.py:641} INFO - Processing file /home/airflow/.local/lib/python3.7/site-packages/airflow/example_dags/example_kubernetes_executor.py for tasks to queue
[2024-09-10 14:29:47,051] {logging_mixin.py:115} INFO - [2024-09-10 14:29:47,051] {dagbag.py:507} INFO - Filling up the DagBag from /home/airflow/.local/lib/python3.7/site-packages/airflow/example_dags/example_kubernetes_executor.py
[2024-09-10 14:29:47,085] {processor.py:651} INFO - DAG(s) dict_keys(['example_kubernetes_executor']) retrieved from /home/airflow/.local/lib/python3.7/site-packages/airflow/example_dags/example_kubernetes_executor.py
[2024-09-10 14:29:47,768] {logging_mixin.py:115} INFO - [2024-09-10 14:29:47,768] {manager.py:508} INFO - Created Permission View: can delete on DAG:example_kubernetes_executor
[2024-09-10 14:29:47,794] {logging_mixin.py:115} INFO - [2024-09-10 14:29:47,794] {dag.py:2379} INFO - Sync 1 DAGs
[2024-09-10 14:29:47,851] {logging_mixin.py:115} INFO - [2024-09-10 14:29:47,850] {dag.py:2927} INFO - Setting next_dagrun for example_kubernetes_executor to None, run_after=None
[2024-09-10 14:29:47,891] {processor.py:161} INFO - Processing /home/airflow/.local/lib/python3.7/site-packages/airflow/example_dags/example_kubernetes_executor.py took 0.848 seconds
[2024-09-10 14:30:18,735] {processor.py:153} INFO - Started process (PID=133) to work on /home/airflow/.local/lib/python3.7/site-packages/airflow/example_dags/example_kubernetes_executor.py
[2024-09-10 14:30:18,735] {processor.py:641} INFO - Processing file /home/airflow/.local/lib/python3.7/site-packages/airflow/example_dags/example_kubernetes_executor.py for tasks to queue
[2024-09-10 14:30:18,736] {logging_mixin.py:115} INFO - [2024-09-10 14:30:18,736] {dagbag.py:507} INFO - Filling up the DagBag from /home/airflow/.local/lib/python3.7/site-packages/airflow/example_dags/example_kubernetes_executor.py
[2024-09-10 14:30:18,765] {processor.py:651} INFO - DAG(s) dict_keys(['example_kubernetes_executor']) retrieved from /home/airflow/.local/lib/python3.7/site-packages/airflow/example_dags/example_kubernetes_executor.py
[2024-09-10 14:30:18,795] {logging_mixin.py:115} INFO - [2024-09-10 14:30:18,795] {dag.py:2379} INFO - Sync 1 DAGs
[2024-09-10 14:30:18,823] {logging_mixin.py:115} INFO - [2024-09-10 14:30:18,823] {dag.py:2927} INFO - Setting next_dagrun for example_kubernetes_executor to None, run_after=None
[2024-09-10 14:30:18,838] {processor.py:161} INFO - Processing /home/airflow/.local/lib/python3.7/site-packages/airflow/example_dags/example_kubernetes_executor.py took 0.108 seconds
[2024-09-10 14:30:49,220] {processor.py:153} INFO - Started process (PID=176) to work on /home/airflow/.local/lib/python3.7/site-packages/airflow/example_dags/example_kubernetes_executor.py
[2024-09-10 14:30:49,221] {processor.py:641} INFO - Processing file /home/airflow/.local/lib/python3.7/site-packages/airflow/example_dags/example_kubernetes_executor.py for tasks to queue
[2024-09-10 14:30:49,221] {logging_mixin.py:115} INFO - [2024-09-10 14:30:49,221] {dagbag.py:507} INFO - Filling up the DagBag from /home/airflow/.local/lib/python3.7/site-packages/airflow/example_dags/example_kubernetes_executor.py
[2024-09-10 14:30:49,253] {processor.py:651} INFO - DAG(s) dict_keys(['example_kubernetes_executor']) retrieved from /home/airflow/.local/lib/python3.7/site-packages/airflow/example_dags/example_kubernetes_executor.py
[2024-09-10 14:30:49,297] {logging_mixin.py:115} INFO - [2024-09-10 14:30:49,297] {dag.py:2379} INFO - Sync 1 DAGs
[2024-09-10 14:30:49,328] {logging_mixin.py:115} INFO - [2024-09-10 14:30:49,328] {dag.py:2927} INFO - Setting next_dagrun for example_kubernetes_executor to None, run_after=None
[2024-09-10 14:30:49,344] {processor.py:161} INFO - Processing /home/airflow/.local/lib/python3.7/site-packages/airflow/example_dags/example_kubernetes_executor.py took 0.129 seconds
[2024-09-10 14:31:19,700] {processor.py:153} INFO - Started process (PID=218) to work on /home/airflow/.local/lib/python3.7/site-packages/airflow/example_dags/example_kubernetes_executor.py
[2024-09-10 14:31:19,701] {processor.py:641} INFO - Processing file /home/airflow/.local/lib/python3.7/site-packages/airflow/example_dags/example_kubernetes_executor.py for tasks to queue
[2024-09-10 14:31:19,701] {logging_mixin.py:115} INFO - [2024-09-10 14:31:19,701] {dagbag.py:507} INFO - Filling up the DagBag from /home/airflow/.local/lib/python3.7/site-packages/airflow/example_dags/example_kubernetes_executor.py
[2024-09-10 14:31:19,728] {processor.py:651} INFO - DAG(s) dict_keys(['example_kubernetes_executor']) retrieved from /home/airflow/.local/lib/python3.7/site-packages/airflow/example_dags/example_kubernetes_executor.py
[2024-09-10 14:31:19,758] {logging_mixin.py:115} INFO - [2024-09-10 14:31:19,758] {dag.py:2379} INFO - Sync 1 DAGs
[2024-09-10 14:31:19,784] {logging_mixin.py:115} INFO - [2024-09-10 14:31:19,784] {dag.py:2927} INFO - Setting next_dagrun for example_kubernetes_executor to None, run_after=None
[2024-09-10 14:31:19,798] {processor.py:161} INFO - Processing /home/airflow/.local/lib/python3.7/site-packages/airflow/example_dags/example_kubernetes_executor.py took 0.102 seconds
[2024-09-10 14:31:50,054] {processor.py:153} INFO - Started process (PID=260) to work on /home/airflow/.local/lib/python3.7/site-packages/airflow/example_dags/example_kubernetes_executor.py
[2024-09-10 14:31:50,054] {processor.py:641} INFO - Processing file /home/airflow/.local/lib/python3.7/site-packages/airflow/example_dags/example_kubernetes_executor.py for tasks to queue
[2024-09-10 14:31:50,055] {logging_mixin.py:115} INFO - [2024-09-10 14:31:50,055] {dagbag.py:507} INFO - Filling up the DagBag from /home/airflow/.local/lib/python3.7/site-packages/airflow/example_dags/example_kubernetes_executor.py
[2024-09-10 14:31:50,082] {processor.py:651} INFO - DAG(s) dict_keys(['example_kubernetes_executor']) retrieved from /home/airflow/.local/lib/python3.7/site-packages/airflow/example_dags/example_kubernetes_executor.py
[2024-09-10 14:31:50,115] {logging_mixin.py:115} INFO - [2024-09-10 14:31:50,115] {dag.py:2379} INFO - Sync 1 DAGs
[2024-09-10 14:31:50,143] {logging_mixin.py:115} INFO - [2024-09-10 14:31:50,143] {dag.py:2927} INFO - Setting next_dagrun for example_kubernetes_executor to None, run_after=None
[2024-09-10 14:31:50,156] {processor.py:161} INFO - Processing /home/airflow/.local/lib/python3.7/site-packages/airflow/example_dags/example_kubernetes_executor.py took 0.106 seconds
[2024-09-10 14:32:20,333] {processor.py:153} INFO - Started process (PID=302) to work on /home/airflow/.local/lib/python3.7/site-packages/airflow/example_dags/example_kubernetes_executor.py
[2024-09-10 14:32:20,334] {processor.py:641} INFO - Processing file /home/airflow/.local/lib/python3.7/site-packages/airflow/example_dags/example_kubernetes_executor.py for tasks to queue
[2024-09-10 14:32:20,334] {logging_mixin.py:115} INFO - [2024-09-10 14:32:20,334] {dagbag.py:507} INFO - Filling up the DagBag from /home/airflow/.local/lib/python3.7/site-packages/airflow/example_dags/example_kubernetes_executor.py
[2024-09-10 14:32:20,364] {processor.py:651} INFO - DAG(s) dict_keys(['example_kubernetes_executor']) retrieved from /home/airflow/.local/lib/python3.7/site-packages/airflow/example_dags/example_kubernetes_executor.py
[2024-09-10 14:32:20,397] {logging_mixin.py:115} INFO - [2024-09-10 14:32:20,397] {dag.py:2379} INFO - Sync 1 DAGs
[2024-09-10 14:32:20,423] {logging_mixin.py:115} INFO - [2024-09-10 14:32:20,423] {dag.py:2927} INFO - Setting next_dagrun for example_kubernetes_executor to None, run_after=None
[2024-09-10 14:32:20,437] {processor.py:161} INFO - Processing /home/airflow/.local/lib/python3.7/site-packages/airflow/example_dags/example_kubernetes_executor.py took 0.107 seconds
[2024-09-10 14:32:51,204] {processor.py:153} INFO - Started process (PID=345) to work on /home/airflow/.local/lib/python3.7/site-packages/airflow/example_dags/example_kubernetes_executor.py
[2024-09-10 14:32:51,205] {processor.py:641} INFO - Processing file /home/airflow/.local/lib/python3.7/site-packages/airflow/example_dags/example_kubernetes_executor.py for tasks to queue
[2024-09-10 14:32:51,205] {logging_mixin.py:115} INFO - [2024-09-10 14:32:51,205] {dagbag.py:507} INFO - Filling up the DagBag from /home/airflow/.local/lib/python3.7/site-packages/airflow/example_dags/example_kubernetes_executor.py
[2024-09-10 14:32:51,245] {processor.py:651} INFO - DAG(s) dict_keys(['example_kubernetes_executor']) retrieved from /home/airflow/.local/lib/python3.7/site-packages/airflow/example_dags/example_kubernetes_executor.py
[2024-09-10 14:32:51,296] {logging_mixin.py:115} INFO - [2024-09-10 14:32:51,295] {dag.py:2379} INFO - Sync 1 DAGs
[2024-09-10 14:32:51,338] {logging_mixin.py:115} INFO - [2024-09-10 14:32:51,338] {dag.py:2927} INFO - Setting next_dagrun for example_kubernetes_executor to None, run_after=None
[2024-09-10 14:32:51,374] {processor.py:161} INFO - Processing /home/airflow/.local/lib/python3.7/site-packages/airflow/example_dags/example_kubernetes_executor.py took 0.173 seconds
[2024-09-10 14:33:21,749] {processor.py:153} INFO - Started process (PID=389) to work on /home/airflow/.local/lib/python3.7/site-packages/airflow/example_dags/example_kubernetes_executor.py
[2024-09-10 14:33:21,750] {processor.py:641} INFO - Processing file /home/airflow/.local/lib/python3.7/site-packages/airflow/example_dags/example_kubernetes_executor.py for tasks to queue
[2024-09-10 14:33:21,751] {logging_mixin.py:115} INFO - [2024-09-10 14:33:21,751] {dagbag.py:507} INFO - Filling up the DagBag from /home/airflow/.local/lib/python3.7/site-packages/airflow/example_dags/example_kubernetes_executor.py
[2024-09-10 14:33:21,781] {processor.py:651} INFO - DAG(s) dict_keys(['example_kubernetes_executor']) retrieved from /home/airflow/.local/lib/python3.7/site-packages/airflow/example_dags/example_kubernetes_executor.py
[2024-09-10 14:33:21,821] {logging_mixin.py:115} INFO - [2024-09-10 14:33:21,821] {dag.py:2379} INFO - Sync 1 DAGs
[2024-09-10 14:33:21,849] {logging_mixin.py:115} INFO - [2024-09-10 14:33:21,849] {dag.py:2927} INFO - Setting next_dagrun for example_kubernetes_executor to None, run_after=None
[2024-09-10 14:33:21,868] {processor.py:161} INFO - Processing /home/airflow/.local/lib/python3.7/site-packages/airflow/example_dags/example_kubernetes_executor.py took 0.122 seconds
[2024-09-10 14:33:55,092] {processor.py:153} INFO - Started process (PID=431) to work on /home/airflow/.local/lib/python3.7/site-packages/airflow/example_dags/example_kubernetes_executor.py
[2024-09-10 14:33:55,094] {processor.py:641} INFO - Processing file /home/airflow/.local/lib/python3.7/site-packages/airflow/example_dags/example_kubernetes_executor.py for tasks to queue
[2024-09-10 14:33:55,094] {logging_mixin.py:115} INFO - [2024-09-10 14:33:55,094] {dagbag.py:507} INFO - Filling up the DagBag from /home/airflow/.local/lib/python3.7/site-packages/airflow/example_dags/example_kubernetes_executor.py
[2024-09-10 14:33:55,126] {processor.py:651} INFO - DAG(s) dict_keys(['example_kubernetes_executor']) retrieved from /home/airflow/.local/lib/python3.7/site-packages/airflow/example_dags/example_kubernetes_executor.py
[2024-09-10 14:33:55,172] {logging_mixin.py:115} INFO - [2024-09-10 14:33:55,172] {dag.py:2379} INFO - Sync 1 DAGs
[2024-09-10 14:33:55,200] {logging_mixin.py:115} INFO - [2024-09-10 14:33:55,200] {dag.py:2927} INFO - Setting next_dagrun for example_kubernetes_executor to None, run_after=None
[2024-09-10 14:33:55,220] {processor.py:161} INFO - Processing /home/airflow/.local/lib/python3.7/site-packages/airflow/example_dags/example_kubernetes_executor.py took 0.132 seconds
[2024-09-10 14:34:25,816] {processor.py:153} INFO - Started process (PID=473) to work on /home/airflow/.local/lib/python3.7/site-packages/airflow/example_dags/example_kubernetes_executor.py
[2024-09-10 14:34:25,816] {processor.py:641} INFO - Processing file /home/airflow/.local/lib/python3.7/site-packages/airflow/example_dags/example_kubernetes_executor.py for tasks to queue
[2024-09-10 14:34:25,817] {logging_mixin.py:115} INFO - [2024-09-10 14:34:25,817] {dagbag.py:507} INFO - Filling up the DagBag from /home/airflow/.local/lib/python3.7/site-packages/airflow/example_dags/example_kubernetes_executor.py
[2024-09-10 14:34:25,844] {processor.py:651} INFO - DAG(s) dict_keys(['example_kubernetes_executor']) retrieved from /home/airflow/.local/lib/python3.7/site-packages/airflow/example_dags/example_kubernetes_executor.py
[2024-09-10 14:34:25,877] {logging_mixin.py:115} INFO - [2024-09-10 14:34:25,877] {dag.py:2379} INFO - Sync 1 DAGs
[2024-09-10 14:34:25,905] {logging_mixin.py:115} INFO - [2024-09-10 14:34:25,905] {dag.py:2927} INFO - Setting next_dagrun for example_kubernetes_executor to None, run_after=None
[2024-09-10 14:34:25,919] {processor.py:161} INFO - Processing /home/airflow/.local/lib/python3.7/site-packages/airflow/example_dags/example_kubernetes_executor.py took 0.107 seconds
[2024-09-10 14:35:13,543] {processor.py:153} INFO - Started process (PID=523) to work on /home/airflow/.local/lib/python3.7/site-packages/airflow/example_dags/example_kubernetes_executor.py
[2024-09-10 14:35:13,544] {processor.py:641} INFO - Processing file /home/airflow/.local/lib/python3.7/site-packages/airflow/example_dags/example_kubernetes_executor.py for tasks to queue
[2024-09-10 14:35:13,544] {logging_mixin.py:115} INFO - [2024-09-10 14:35:13,544] {dagbag.py:507} INFO - Filling up the DagBag from /home/airflow/.local/lib/python3.7/site-packages/airflow/example_dags/example_kubernetes_executor.py
[2024-09-10 14:35:13,580] {processor.py:651} INFO - DAG(s) dict_keys(['example_kubernetes_executor']) retrieved from /home/airflow/.local/lib/python3.7/site-packages/airflow/example_dags/example_kubernetes_executor.py
[2024-09-10 14:35:13,615] {logging_mixin.py:115} INFO - [2024-09-10 14:35:13,615] {dag.py:2379} INFO - Sync 1 DAGs
[2024-09-10 14:35:13,643] {logging_mixin.py:115} INFO - [2024-09-10 14:35:13,643] {dag.py:2927} INFO - Setting next_dagrun for example_kubernetes_executor to None, run_after=None
[2024-09-10 14:35:13,660] {processor.py:161} INFO - Processing /home/airflow/.local/lib/python3.7/site-packages/airflow/example_dags/example_kubernetes_executor.py took 0.121 seconds
