[2024-09-10 14:29:42,539] {processor.py:153} INFO - Started process (PID=61) to work on /home/airflow/.local/lib/python3.7/site-packages/airflow/example_dags/example_task_group.py
[2024-09-10 14:29:42,540] {processor.py:641} INFO - Processing file /home/airflow/.local/lib/python3.7/site-packages/airflow/example_dags/example_task_group.py for tasks to queue
[2024-09-10 14:29:42,543] {logging_mixin.py:115} INFO - [2024-09-10 14:29:42,541] {dagbag.py:507} INFO - Filling up the DagBag from /home/airflow/.local/lib/python3.7/site-packages/airflow/example_dags/example_task_group.py
[2024-09-10 14:29:42,561] {processor.py:651} INFO - DAG(s) dict_keys(['example_task_group']) retrieved from /home/airflow/.local/lib/python3.7/site-packages/airflow/example_dags/example_task_group.py
[2024-09-10 14:29:43,146] {logging_mixin.py:115} INFO - [2024-09-10 14:29:43,146] {manager.py:508} INFO - Created Permission View: can delete on DAG:example_task_group
[2024-09-10 14:29:43,218] {logging_mixin.py:115} INFO - [2024-09-10 14:29:43,218] {dag.py:2379} INFO - Sync 1 DAGs
[2024-09-10 14:29:43,299] {logging_mixin.py:115} INFO - [2024-09-10 14:29:43,299] {dag.py:2927} INFO - Setting next_dagrun for example_task_group to 2024-09-09T14:29:43.299024+00:00, run_after=2024-09-10T14:29:43.299024+00:00
[2024-09-10 14:29:43,350] {processor.py:161} INFO - Processing /home/airflow/.local/lib/python3.7/site-packages/airflow/example_dags/example_task_group.py took 0.817 seconds
[2024-09-10 14:30:13,553] {processor.py:153} INFO - Started process (PID=122) to work on /home/airflow/.local/lib/python3.7/site-packages/airflow/example_dags/example_task_group.py
[2024-09-10 14:30:13,554] {processor.py:641} INFO - Processing file /home/airflow/.local/lib/python3.7/site-packages/airflow/example_dags/example_task_group.py for tasks to queue
[2024-09-10 14:30:13,555] {logging_mixin.py:115} INFO - [2024-09-10 14:30:13,555] {dagbag.py:507} INFO - Filling up the DagBag from /home/airflow/.local/lib/python3.7/site-packages/airflow/example_dags/example_task_group.py
[2024-09-10 14:30:13,563] {processor.py:651} INFO - DAG(s) dict_keys(['example_task_group']) retrieved from /home/airflow/.local/lib/python3.7/site-packages/airflow/example_dags/example_task_group.py
[2024-09-10 14:30:13,602] {logging_mixin.py:115} INFO - [2024-09-10 14:30:13,602] {dag.py:2379} INFO - Sync 1 DAGs
[2024-09-10 14:30:13,631] {logging_mixin.py:115} INFO - [2024-09-10 14:30:13,630] {dag.py:2927} INFO - Setting next_dagrun for example_task_group to 2024-09-09T14:30:13.630731+00:00, run_after=2024-09-10T14:30:13.630731+00:00
[2024-09-10 14:30:13,644] {processor.py:161} INFO - Processing /home/airflow/.local/lib/python3.7/site-packages/airflow/example_dags/example_task_group.py took 0.094 seconds
[2024-09-10 14:30:44,532] {processor.py:153} INFO - Started process (PID=165) to work on /home/airflow/.local/lib/python3.7/site-packages/airflow/example_dags/example_task_group.py
[2024-09-10 14:30:44,533] {processor.py:641} INFO - Processing file /home/airflow/.local/lib/python3.7/site-packages/airflow/example_dags/example_task_group.py for tasks to queue
[2024-09-10 14:30:44,535] {logging_mixin.py:115} INFO - [2024-09-10 14:30:44,535] {dagbag.py:507} INFO - Filling up the DagBag from /home/airflow/.local/lib/python3.7/site-packages/airflow/example_dags/example_task_group.py
[2024-09-10 14:30:44,555] {processor.py:651} INFO - DAG(s) dict_keys(['example_task_group']) retrieved from /home/airflow/.local/lib/python3.7/site-packages/airflow/example_dags/example_task_group.py
[2024-09-10 14:30:44,610] {logging_mixin.py:115} INFO - [2024-09-10 14:30:44,609] {dag.py:2379} INFO - Sync 1 DAGs
[2024-09-10 14:30:44,645] {logging_mixin.py:115} INFO - [2024-09-10 14:30:44,644] {dag.py:2927} INFO - Setting next_dagrun for example_task_group to 2024-09-09T14:30:44.641856+00:00, run_after=2024-09-10T14:30:44.641856+00:00
[2024-09-10 14:30:44,662] {processor.py:161} INFO - Processing /home/airflow/.local/lib/python3.7/site-packages/airflow/example_dags/example_task_group.py took 0.136 seconds
[2024-09-10 14:31:14,773] {processor.py:153} INFO - Started process (PID=206) to work on /home/airflow/.local/lib/python3.7/site-packages/airflow/example_dags/example_task_group.py
[2024-09-10 14:31:14,776] {processor.py:641} INFO - Processing file /home/airflow/.local/lib/python3.7/site-packages/airflow/example_dags/example_task_group.py for tasks to queue
[2024-09-10 14:31:14,777] {logging_mixin.py:115} INFO - [2024-09-10 14:31:14,777] {dagbag.py:507} INFO - Filling up the DagBag from /home/airflow/.local/lib/python3.7/site-packages/airflow/example_dags/example_task_group.py
[2024-09-10 14:31:14,790] {processor.py:651} INFO - DAG(s) dict_keys(['example_task_group']) retrieved from /home/airflow/.local/lib/python3.7/site-packages/airflow/example_dags/example_task_group.py
[2024-09-10 14:31:14,825] {logging_mixin.py:115} INFO - [2024-09-10 14:31:14,825] {dag.py:2379} INFO - Sync 1 DAGs
[2024-09-10 14:31:14,852] {logging_mixin.py:115} INFO - [2024-09-10 14:31:14,852] {dag.py:2927} INFO - Setting next_dagrun for example_task_group to 2024-09-09T14:31:14.852161+00:00, run_after=2024-09-10T14:31:14.852161+00:00
[2024-09-10 14:31:14,865] {processor.py:161} INFO - Processing /home/airflow/.local/lib/python3.7/site-packages/airflow/example_dags/example_task_group.py took 0.099 seconds
[2024-09-10 14:31:45,357] {processor.py:153} INFO - Started process (PID=249) to work on /home/airflow/.local/lib/python3.7/site-packages/airflow/example_dags/example_task_group.py
[2024-09-10 14:31:45,357] {processor.py:641} INFO - Processing file /home/airflow/.local/lib/python3.7/site-packages/airflow/example_dags/example_task_group.py for tasks to queue
[2024-09-10 14:31:45,358] {logging_mixin.py:115} INFO - [2024-09-10 14:31:45,358] {dagbag.py:507} INFO - Filling up the DagBag from /home/airflow/.local/lib/python3.7/site-packages/airflow/example_dags/example_task_group.py
[2024-09-10 14:31:45,367] {processor.py:651} INFO - DAG(s) dict_keys(['example_task_group']) retrieved from /home/airflow/.local/lib/python3.7/site-packages/airflow/example_dags/example_task_group.py
[2024-09-10 14:31:45,400] {logging_mixin.py:115} INFO - [2024-09-10 14:31:45,400] {dag.py:2379} INFO - Sync 1 DAGs
[2024-09-10 14:31:45,426] {logging_mixin.py:115} INFO - [2024-09-10 14:31:45,425] {dag.py:2927} INFO - Setting next_dagrun for example_task_group to 2024-09-09T14:31:45.425709+00:00, run_after=2024-09-10T14:31:45.425709+00:00
[2024-09-10 14:31:45,439] {processor.py:161} INFO - Processing /home/airflow/.local/lib/python3.7/site-packages/airflow/example_dags/example_task_group.py took 0.085 seconds
[2024-09-10 14:32:15,795] {processor.py:153} INFO - Started process (PID=292) to work on /home/airflow/.local/lib/python3.7/site-packages/airflow/example_dags/example_task_group.py
[2024-09-10 14:32:15,796] {processor.py:641} INFO - Processing file /home/airflow/.local/lib/python3.7/site-packages/airflow/example_dags/example_task_group.py for tasks to queue
[2024-09-10 14:32:15,796] {logging_mixin.py:115} INFO - [2024-09-10 14:32:15,796] {dagbag.py:507} INFO - Filling up the DagBag from /home/airflow/.local/lib/python3.7/site-packages/airflow/example_dags/example_task_group.py
[2024-09-10 14:32:15,810] {processor.py:651} INFO - DAG(s) dict_keys(['example_task_group']) retrieved from /home/airflow/.local/lib/python3.7/site-packages/airflow/example_dags/example_task_group.py
[2024-09-10 14:32:15,862] {logging_mixin.py:115} INFO - [2024-09-10 14:32:15,862] {dag.py:2379} INFO - Sync 1 DAGs
[2024-09-10 14:32:15,892] {logging_mixin.py:115} INFO - [2024-09-10 14:32:15,892] {dag.py:2927} INFO - Setting next_dagrun for example_task_group to 2024-09-09T14:32:15.890726+00:00, run_after=2024-09-10T14:32:15.890726+00:00
[2024-09-10 14:32:15,908] {processor.py:161} INFO - Processing /home/airflow/.local/lib/python3.7/site-packages/airflow/example_dags/example_task_group.py took 0.118 seconds
[2024-09-10 14:32:46,066] {processor.py:153} INFO - Started process (PID=334) to work on /home/airflow/.local/lib/python3.7/site-packages/airflow/example_dags/example_task_group.py
[2024-09-10 14:32:46,067] {processor.py:641} INFO - Processing file /home/airflow/.local/lib/python3.7/site-packages/airflow/example_dags/example_task_group.py for tasks to queue
[2024-09-10 14:32:46,068] {logging_mixin.py:115} INFO - [2024-09-10 14:32:46,068] {dagbag.py:507} INFO - Filling up the DagBag from /home/airflow/.local/lib/python3.7/site-packages/airflow/example_dags/example_task_group.py
[2024-09-10 14:32:46,083] {processor.py:651} INFO - DAG(s) dict_keys(['example_task_group']) retrieved from /home/airflow/.local/lib/python3.7/site-packages/airflow/example_dags/example_task_group.py
[2024-09-10 14:32:46,128] {logging_mixin.py:115} INFO - [2024-09-10 14:32:46,128] {dag.py:2379} INFO - Sync 1 DAGs
[2024-09-10 14:32:46,162] {logging_mixin.py:115} INFO - [2024-09-10 14:32:46,162] {dag.py:2927} INFO - Setting next_dagrun for example_task_group to 2024-09-09T14:32:46.160881+00:00, run_after=2024-09-10T14:32:46.160881+00:00
[2024-09-10 14:32:46,180] {processor.py:161} INFO - Processing /home/airflow/.local/lib/python3.7/site-packages/airflow/example_dags/example_task_group.py took 0.119 seconds
[2024-09-10 14:33:16,249] {processor.py:153} INFO - Started process (PID=376) to work on /home/airflow/.local/lib/python3.7/site-packages/airflow/example_dags/example_task_group.py
[2024-09-10 14:33:16,249] {processor.py:641} INFO - Processing file /home/airflow/.local/lib/python3.7/site-packages/airflow/example_dags/example_task_group.py for tasks to queue
[2024-09-10 14:33:16,250] {logging_mixin.py:115} INFO - [2024-09-10 14:33:16,250] {dagbag.py:507} INFO - Filling up the DagBag from /home/airflow/.local/lib/python3.7/site-packages/airflow/example_dags/example_task_group.py
[2024-09-10 14:33:16,264] {processor.py:651} INFO - DAG(s) dict_keys(['example_task_group']) retrieved from /home/airflow/.local/lib/python3.7/site-packages/airflow/example_dags/example_task_group.py
[2024-09-10 14:33:16,311] {logging_mixin.py:115} INFO - [2024-09-10 14:33:16,311] {dag.py:2379} INFO - Sync 1 DAGs
[2024-09-10 14:33:16,349] {logging_mixin.py:115} INFO - [2024-09-10 14:33:16,349] {dag.py:2927} INFO - Setting next_dagrun for example_task_group to 2024-09-09T14:33:16.349212+00:00, run_after=2024-09-10T14:33:16.349212+00:00
[2024-09-10 14:33:16,364] {processor.py:161} INFO - Processing /home/airflow/.local/lib/python3.7/site-packages/airflow/example_dags/example_task_group.py took 0.120 seconds
[2024-09-10 14:33:52,840] {processor.py:153} INFO - Started process (PID=420) to work on /home/airflow/.local/lib/python3.7/site-packages/airflow/example_dags/example_task_group.py
[2024-09-10 14:33:52,844] {processor.py:641} INFO - Processing file /home/airflow/.local/lib/python3.7/site-packages/airflow/example_dags/example_task_group.py for tasks to queue
[2024-09-10 14:33:52,845] {logging_mixin.py:115} INFO - [2024-09-10 14:33:52,845] {dagbag.py:507} INFO - Filling up the DagBag from /home/airflow/.local/lib/python3.7/site-packages/airflow/example_dags/example_task_group.py
[2024-09-10 14:33:52,886] {processor.py:651} INFO - DAG(s) dict_keys(['example_task_group']) retrieved from /home/airflow/.local/lib/python3.7/site-packages/airflow/example_dags/example_task_group.py
[2024-09-10 14:33:53,074] {logging_mixin.py:115} INFO - [2024-09-10 14:33:53,074] {dag.py:2379} INFO - Sync 1 DAGs
[2024-09-10 14:33:53,198] {logging_mixin.py:115} INFO - [2024-09-10 14:33:53,198] {dag.py:2927} INFO - Setting next_dagrun for example_task_group to 2024-09-09T14:33:53.195991+00:00, run_after=2024-09-10T14:33:53.195991+00:00
[2024-09-10 14:33:53,230] {processor.py:161} INFO - Processing /home/airflow/.local/lib/python3.7/site-packages/airflow/example_dags/example_task_group.py took 0.403 seconds
[2024-09-10 14:34:23,865] {processor.py:153} INFO - Started process (PID=462) to work on /home/airflow/.local/lib/python3.7/site-packages/airflow/example_dags/example_task_group.py
[2024-09-10 14:34:23,866] {processor.py:641} INFO - Processing file /home/airflow/.local/lib/python3.7/site-packages/airflow/example_dags/example_task_group.py for tasks to queue
[2024-09-10 14:34:23,866] {logging_mixin.py:115} INFO - [2024-09-10 14:34:23,866] {dagbag.py:507} INFO - Filling up the DagBag from /home/airflow/.local/lib/python3.7/site-packages/airflow/example_dags/example_task_group.py
[2024-09-10 14:34:23,875] {processor.py:651} INFO - DAG(s) dict_keys(['example_task_group']) retrieved from /home/airflow/.local/lib/python3.7/site-packages/airflow/example_dags/example_task_group.py
[2024-09-10 14:34:23,909] {logging_mixin.py:115} INFO - [2024-09-10 14:34:23,909] {dag.py:2379} INFO - Sync 1 DAGs
[2024-09-10 14:34:23,940] {logging_mixin.py:115} INFO - [2024-09-10 14:34:23,940] {dag.py:2927} INFO - Setting next_dagrun for example_task_group to 2024-09-09T14:34:23.939674+00:00, run_after=2024-09-10T14:34:23.939674+00:00
[2024-09-10 14:34:23,956] {processor.py:161} INFO - Processing /home/airflow/.local/lib/python3.7/site-packages/airflow/example_dags/example_task_group.py took 0.094 seconds
[2024-09-10 14:34:58,090] {processor.py:153} INFO - Started process (PID=504) to work on /home/airflow/.local/lib/python3.7/site-packages/airflow/example_dags/example_task_group.py
[2024-09-10 14:34:58,107] {processor.py:641} INFO - Processing file /home/airflow/.local/lib/python3.7/site-packages/airflow/example_dags/example_task_group.py for tasks to queue
[2024-09-10 14:34:58,116] {logging_mixin.py:115} INFO - [2024-09-10 14:34:58,116] {dagbag.py:507} INFO - Filling up the DagBag from /home/airflow/.local/lib/python3.7/site-packages/airflow/example_dags/example_task_group.py
[2024-09-10 14:34:58,330] {processor.py:651} INFO - DAG(s) dict_keys(['example_task_group']) retrieved from /home/airflow/.local/lib/python3.7/site-packages/airflow/example_dags/example_task_group.py
[2024-09-10 14:35:11,212] {logging_mixin.py:115} INFO - [2024-09-10 14:35:11,212] {dag.py:2379} INFO - Sync 1 DAGs
[2024-09-10 14:35:11,327] {logging_mixin.py:115} INFO - [2024-09-10 14:35:11,326] {dag.py:2927} INFO - Setting next_dagrun for example_task_group to 2024-09-09T14:35:11.323360+00:00, run_after=2024-09-10T14:35:11.323360+00:00
[2024-09-10 14:35:11,403] {processor.py:161} INFO - Processing /home/airflow/.local/lib/python3.7/site-packages/airflow/example_dags/example_task_group.py took 13.355 seconds
