[2024-09-10 14:29:49,673] {processor.py:153} INFO - Started process (PID=83) to work on /home/airflow/.local/lib/python3.7/site-packages/airflow/example_dags/example_branch_day_of_week_operator.py
[2024-09-10 14:29:49,674] {processor.py:641} INFO - Processing file /home/airflow/.local/lib/python3.7/site-packages/airflow/example_dags/example_branch_day_of_week_operator.py for tasks to queue
[2024-09-10 14:29:49,677] {logging_mixin.py:115} INFO - [2024-09-10 14:29:49,677] {dagbag.py:507} INFO - Filling up the DagBag from /home/airflow/.local/lib/python3.7/site-packages/airflow/example_dags/example_branch_day_of_week_operator.py
[2024-09-10 14:29:49,716] {processor.py:651} INFO - DAG(s) dict_keys(['example_weekday_branch_operator']) retrieved from /home/airflow/.local/lib/python3.7/site-packages/airflow/example_dags/example_branch_day_of_week_operator.py
[2024-09-10 14:29:49,978] {logging_mixin.py:115} INFO - [2024-09-10 14:29:49,978] {manager.py:508} INFO - Created Permission View: can delete on DAG:example_weekday_branch_operator
[2024-09-10 14:29:50,011] {logging_mixin.py:115} INFO - [2024-09-10 14:29:50,011] {manager.py:508} INFO - Created Permission View: can read on DAG:example_weekday_branch_operator
[2024-09-10 14:29:50,821] {logging_mixin.py:115} INFO - [2024-09-10 14:29:50,821] {manager.py:508} INFO - Created Permission View: can edit on DAG:example_weekday_branch_operator
[2024-09-10 14:29:50,821] {logging_mixin.py:115} INFO - [2024-09-10 14:29:50,821] {dag.py:2379} INFO - Sync 1 DAGs
[2024-09-10 14:29:50,856] {logging_mixin.py:115} INFO - [2024-09-10 14:29:50,856] {dag.py:2398} INFO - Creating ORM DAG for example_weekday_branch_operator
[2024-09-10 14:29:50,907] {logging_mixin.py:115} INFO - [2024-09-10 14:29:50,907] {dag.py:2927} INFO - Setting next_dagrun for example_weekday_branch_operator to 2024-09-09T00:00:00+00:00, run_after=2024-09-10T00:00:00+00:00
[2024-09-10 14:29:50,993] {processor.py:161} INFO - Processing /home/airflow/.local/lib/python3.7/site-packages/airflow/example_dags/example_branch_day_of_week_operator.py took 1.331 seconds
[2024-09-10 14:30:21,119] {processor.py:153} INFO - Started process (PID=138) to work on /home/airflow/.local/lib/python3.7/site-packages/airflow/example_dags/example_branch_day_of_week_operator.py
[2024-09-10 14:30:21,119] {processor.py:641} INFO - Processing file /home/airflow/.local/lib/python3.7/site-packages/airflow/example_dags/example_branch_day_of_week_operator.py for tasks to queue
[2024-09-10 14:30:21,120] {logging_mixin.py:115} INFO - [2024-09-10 14:30:21,120] {dagbag.py:507} INFO - Filling up the DagBag from /home/airflow/.local/lib/python3.7/site-packages/airflow/example_dags/example_branch_day_of_week_operator.py
[2024-09-10 14:30:21,127] {processor.py:651} INFO - DAG(s) dict_keys(['example_weekday_branch_operator']) retrieved from /home/airflow/.local/lib/python3.7/site-packages/airflow/example_dags/example_branch_day_of_week_operator.py
[2024-09-10 14:30:21,151] {logging_mixin.py:115} INFO - [2024-09-10 14:30:21,151] {dag.py:2379} INFO - Sync 1 DAGs
[2024-09-10 14:30:21,173] {logging_mixin.py:115} INFO - [2024-09-10 14:30:21,173] {dag.py:2927} INFO - Setting next_dagrun for example_weekday_branch_operator to 2024-09-09T00:00:00+00:00, run_after=2024-09-10T00:00:00+00:00
[2024-09-10 14:30:21,184] {processor.py:161} INFO - Processing /home/airflow/.local/lib/python3.7/site-packages/airflow/example_dags/example_branch_day_of_week_operator.py took 0.070 seconds
[2024-09-10 14:30:51,716] {processor.py:153} INFO - Started process (PID=181) to work on /home/airflow/.local/lib/python3.7/site-packages/airflow/example_dags/example_branch_day_of_week_operator.py
[2024-09-10 14:30:51,717] {processor.py:641} INFO - Processing file /home/airflow/.local/lib/python3.7/site-packages/airflow/example_dags/example_branch_day_of_week_operator.py for tasks to queue
[2024-09-10 14:30:51,718] {logging_mixin.py:115} INFO - [2024-09-10 14:30:51,718] {dagbag.py:507} INFO - Filling up the DagBag from /home/airflow/.local/lib/python3.7/site-packages/airflow/example_dags/example_branch_day_of_week_operator.py
[2024-09-10 14:30:51,729] {processor.py:651} INFO - DAG(s) dict_keys(['example_weekday_branch_operator']) retrieved from /home/airflow/.local/lib/python3.7/site-packages/airflow/example_dags/example_branch_day_of_week_operator.py
[2024-09-10 14:30:51,767] {logging_mixin.py:115} INFO - [2024-09-10 14:30:51,767] {dag.py:2379} INFO - Sync 1 DAGs
[2024-09-10 14:30:51,797] {logging_mixin.py:115} INFO - [2024-09-10 14:30:51,796] {dag.py:2927} INFO - Setting next_dagrun for example_weekday_branch_operator to 2024-09-09T00:00:00+00:00, run_after=2024-09-10T00:00:00+00:00
[2024-09-10 14:30:51,811] {processor.py:161} INFO - Processing /home/airflow/.local/lib/python3.7/site-packages/airflow/example_dags/example_branch_day_of_week_operator.py took 0.099 seconds
[2024-09-10 14:31:22,059] {processor.py:153} INFO - Started process (PID=223) to work on /home/airflow/.local/lib/python3.7/site-packages/airflow/example_dags/example_branch_day_of_week_operator.py
[2024-09-10 14:31:22,060] {processor.py:641} INFO - Processing file /home/airflow/.local/lib/python3.7/site-packages/airflow/example_dags/example_branch_day_of_week_operator.py for tasks to queue
[2024-09-10 14:31:22,061] {logging_mixin.py:115} INFO - [2024-09-10 14:31:22,061] {dagbag.py:507} INFO - Filling up the DagBag from /home/airflow/.local/lib/python3.7/site-packages/airflow/example_dags/example_branch_day_of_week_operator.py
[2024-09-10 14:31:22,072] {processor.py:651} INFO - DAG(s) dict_keys(['example_weekday_branch_operator']) retrieved from /home/airflow/.local/lib/python3.7/site-packages/airflow/example_dags/example_branch_day_of_week_operator.py
[2024-09-10 14:31:22,103] {logging_mixin.py:115} INFO - [2024-09-10 14:31:22,103] {dag.py:2379} INFO - Sync 1 DAGs
[2024-09-10 14:31:22,132] {logging_mixin.py:115} INFO - [2024-09-10 14:31:22,132] {dag.py:2927} INFO - Setting next_dagrun for example_weekday_branch_operator to 2024-09-09T00:00:00+00:00, run_after=2024-09-10T00:00:00+00:00
[2024-09-10 14:31:22,145] {processor.py:161} INFO - Processing /home/airflow/.local/lib/python3.7/site-packages/airflow/example_dags/example_branch_day_of_week_operator.py took 0.090 seconds
[2024-09-10 14:31:52,532] {processor.py:153} INFO - Started process (PID=265) to work on /home/airflow/.local/lib/python3.7/site-packages/airflow/example_dags/example_branch_day_of_week_operator.py
[2024-09-10 14:31:52,533] {processor.py:641} INFO - Processing file /home/airflow/.local/lib/python3.7/site-packages/airflow/example_dags/example_branch_day_of_week_operator.py for tasks to queue
[2024-09-10 14:31:52,534] {logging_mixin.py:115} INFO - [2024-09-10 14:31:52,534] {dagbag.py:507} INFO - Filling up the DagBag from /home/airflow/.local/lib/python3.7/site-packages/airflow/example_dags/example_branch_day_of_week_operator.py
[2024-09-10 14:31:52,564] {processor.py:651} INFO - DAG(s) dict_keys(['example_weekday_branch_operator']) retrieved from /home/airflow/.local/lib/python3.7/site-packages/airflow/example_dags/example_branch_day_of_week_operator.py
[2024-09-10 14:31:52,702] {logging_mixin.py:115} INFO - [2024-09-10 14:31:52,702] {dag.py:2379} INFO - Sync 1 DAGs
[2024-09-10 14:31:52,798] {logging_mixin.py:115} INFO - [2024-09-10 14:31:52,798] {dag.py:2927} INFO - Setting next_dagrun for example_weekday_branch_operator to 2024-09-09T00:00:00+00:00, run_after=2024-09-10T00:00:00+00:00
[2024-09-10 14:31:52,815] {processor.py:161} INFO - Processing /home/airflow/.local/lib/python3.7/site-packages/airflow/example_dags/example_branch_day_of_week_operator.py took 0.290 seconds
[2024-09-10 14:32:22,873] {processor.py:153} INFO - Started process (PID=308) to work on /home/airflow/.local/lib/python3.7/site-packages/airflow/example_dags/example_branch_day_of_week_operator.py
[2024-09-10 14:32:22,874] {processor.py:641} INFO - Processing file /home/airflow/.local/lib/python3.7/site-packages/airflow/example_dags/example_branch_day_of_week_operator.py for tasks to queue
[2024-09-10 14:32:22,874] {logging_mixin.py:115} INFO - [2024-09-10 14:32:22,874] {dagbag.py:507} INFO - Filling up the DagBag from /home/airflow/.local/lib/python3.7/site-packages/airflow/example_dags/example_branch_day_of_week_operator.py
[2024-09-10 14:32:22,886] {processor.py:651} INFO - DAG(s) dict_keys(['example_weekday_branch_operator']) retrieved from /home/airflow/.local/lib/python3.7/site-packages/airflow/example_dags/example_branch_day_of_week_operator.py
[2024-09-10 14:32:22,934] {logging_mixin.py:115} INFO - [2024-09-10 14:32:22,934] {dag.py:2379} INFO - Sync 1 DAGs
[2024-09-10 14:32:22,962] {logging_mixin.py:115} INFO - [2024-09-10 14:32:22,962] {dag.py:2927} INFO - Setting next_dagrun for example_weekday_branch_operator to 2024-09-09T00:00:00+00:00, run_after=2024-09-10T00:00:00+00:00
[2024-09-10 14:32:22,975] {processor.py:161} INFO - Processing /home/airflow/.local/lib/python3.7/site-packages/airflow/example_dags/example_branch_day_of_week_operator.py took 0.107 seconds
[2024-09-10 14:32:53,889] {processor.py:153} INFO - Started process (PID=350) to work on /home/airflow/.local/lib/python3.7/site-packages/airflow/example_dags/example_branch_day_of_week_operator.py
[2024-09-10 14:32:53,890] {processor.py:641} INFO - Processing file /home/airflow/.local/lib/python3.7/site-packages/airflow/example_dags/example_branch_day_of_week_operator.py for tasks to queue
[2024-09-10 14:32:53,890] {logging_mixin.py:115} INFO - [2024-09-10 14:32:53,890] {dagbag.py:507} INFO - Filling up the DagBag from /home/airflow/.local/lib/python3.7/site-packages/airflow/example_dags/example_branch_day_of_week_operator.py
[2024-09-10 14:32:53,902] {processor.py:651} INFO - DAG(s) dict_keys(['example_weekday_branch_operator']) retrieved from /home/airflow/.local/lib/python3.7/site-packages/airflow/example_dags/example_branch_day_of_week_operator.py
[2024-09-10 14:32:53,938] {logging_mixin.py:115} INFO - [2024-09-10 14:32:53,938] {dag.py:2379} INFO - Sync 1 DAGs
[2024-09-10 14:32:53,967] {logging_mixin.py:115} INFO - [2024-09-10 14:32:53,966] {dag.py:2927} INFO - Setting next_dagrun for example_weekday_branch_operator to 2024-09-09T00:00:00+00:00, run_after=2024-09-10T00:00:00+00:00
[2024-09-10 14:32:53,980] {processor.py:161} INFO - Processing /home/airflow/.local/lib/python3.7/site-packages/airflow/example_dags/example_branch_day_of_week_operator.py took 0.096 seconds
[2024-09-10 14:33:24,172] {processor.py:153} INFO - Started process (PID=394) to work on /home/airflow/.local/lib/python3.7/site-packages/airflow/example_dags/example_branch_day_of_week_operator.py
[2024-09-10 14:33:24,173] {processor.py:641} INFO - Processing file /home/airflow/.local/lib/python3.7/site-packages/airflow/example_dags/example_branch_day_of_week_operator.py for tasks to queue
[2024-09-10 14:33:24,173] {logging_mixin.py:115} INFO - [2024-09-10 14:33:24,173] {dagbag.py:507} INFO - Filling up the DagBag from /home/airflow/.local/lib/python3.7/site-packages/airflow/example_dags/example_branch_day_of_week_operator.py
[2024-09-10 14:33:24,188] {processor.py:651} INFO - DAG(s) dict_keys(['example_weekday_branch_operator']) retrieved from /home/airflow/.local/lib/python3.7/site-packages/airflow/example_dags/example_branch_day_of_week_operator.py
[2024-09-10 14:33:24,233] {logging_mixin.py:115} INFO - [2024-09-10 14:33:24,233] {dag.py:2379} INFO - Sync 1 DAGs
[2024-09-10 14:33:24,266] {logging_mixin.py:115} INFO - [2024-09-10 14:33:24,266] {dag.py:2927} INFO - Setting next_dagrun for example_weekday_branch_operator to 2024-09-09T00:00:00+00:00, run_after=2024-09-10T00:00:00+00:00
[2024-09-10 14:33:24,285] {processor.py:161} INFO - Processing /home/airflow/.local/lib/python3.7/site-packages/airflow/example_dags/example_branch_day_of_week_operator.py took 0.117 seconds
[2024-09-10 14:33:55,664] {processor.py:153} INFO - Started process (PID=436) to work on /home/airflow/.local/lib/python3.7/site-packages/airflow/example_dags/example_branch_day_of_week_operator.py
[2024-09-10 14:33:55,665] {processor.py:641} INFO - Processing file /home/airflow/.local/lib/python3.7/site-packages/airflow/example_dags/example_branch_day_of_week_operator.py for tasks to queue
[2024-09-10 14:33:55,665] {logging_mixin.py:115} INFO - [2024-09-10 14:33:55,665] {dagbag.py:507} INFO - Filling up the DagBag from /home/airflow/.local/lib/python3.7/site-packages/airflow/example_dags/example_branch_day_of_week_operator.py
[2024-09-10 14:33:55,678] {processor.py:651} INFO - DAG(s) dict_keys(['example_weekday_branch_operator']) retrieved from /home/airflow/.local/lib/python3.7/site-packages/airflow/example_dags/example_branch_day_of_week_operator.py
[2024-09-10 14:33:55,713] {logging_mixin.py:115} INFO - [2024-09-10 14:33:55,713] {dag.py:2379} INFO - Sync 1 DAGs
[2024-09-10 14:33:55,753] {logging_mixin.py:115} INFO - [2024-09-10 14:33:55,752] {dag.py:2927} INFO - Setting next_dagrun for example_weekday_branch_operator to 2024-09-09T00:00:00+00:00, run_after=2024-09-10T00:00:00+00:00
[2024-09-10 14:33:55,765] {processor.py:161} INFO - Processing /home/airflow/.local/lib/python3.7/site-packages/airflow/example_dags/example_branch_day_of_week_operator.py took 0.105 seconds
[2024-09-10 14:34:26,196] {processor.py:153} INFO - Started process (PID=478) to work on /home/airflow/.local/lib/python3.7/site-packages/airflow/example_dags/example_branch_day_of_week_operator.py
[2024-09-10 14:34:26,197] {processor.py:641} INFO - Processing file /home/airflow/.local/lib/python3.7/site-packages/airflow/example_dags/example_branch_day_of_week_operator.py for tasks to queue
[2024-09-10 14:34:26,197] {logging_mixin.py:115} INFO - [2024-09-10 14:34:26,197] {dagbag.py:507} INFO - Filling up the DagBag from /home/airflow/.local/lib/python3.7/site-packages/airflow/example_dags/example_branch_day_of_week_operator.py
[2024-09-10 14:34:26,213] {processor.py:651} INFO - DAG(s) dict_keys(['example_weekday_branch_operator']) retrieved from /home/airflow/.local/lib/python3.7/site-packages/airflow/example_dags/example_branch_day_of_week_operator.py
[2024-09-10 14:34:26,251] {logging_mixin.py:115} INFO - [2024-09-10 14:34:26,250] {dag.py:2379} INFO - Sync 1 DAGs
[2024-09-10 14:34:26,293] {logging_mixin.py:115} INFO - [2024-09-10 14:34:26,293] {dag.py:2927} INFO - Setting next_dagrun for example_weekday_branch_operator to 2024-09-09T00:00:00+00:00, run_after=2024-09-10T00:00:00+00:00
[2024-09-10 14:34:26,311] {processor.py:161} INFO - Processing /home/airflow/.local/lib/python3.7/site-packages/airflow/example_dags/example_branch_day_of_week_operator.py took 0.128 seconds
[2024-09-10 14:35:14,059] {processor.py:153} INFO - Started process (PID=528) to work on /home/airflow/.local/lib/python3.7/site-packages/airflow/example_dags/example_branch_day_of_week_operator.py
[2024-09-10 14:35:14,060] {processor.py:641} INFO - Processing file /home/airflow/.local/lib/python3.7/site-packages/airflow/example_dags/example_branch_day_of_week_operator.py for tasks to queue
[2024-09-10 14:35:14,060] {logging_mixin.py:115} INFO - [2024-09-10 14:35:14,060] {dagbag.py:507} INFO - Filling up the DagBag from /home/airflow/.local/lib/python3.7/site-packages/airflow/example_dags/example_branch_day_of_week_operator.py
[2024-09-10 14:35:14,070] {processor.py:651} INFO - DAG(s) dict_keys(['example_weekday_branch_operator']) retrieved from /home/airflow/.local/lib/python3.7/site-packages/airflow/example_dags/example_branch_day_of_week_operator.py
[2024-09-10 14:35:14,106] {logging_mixin.py:115} INFO - [2024-09-10 14:35:14,106] {dag.py:2379} INFO - Sync 1 DAGs
[2024-09-10 14:35:14,134] {logging_mixin.py:115} INFO - [2024-09-10 14:35:14,134] {dag.py:2927} INFO - Setting next_dagrun for example_weekday_branch_operator to 2024-09-09T00:00:00+00:00, run_after=2024-09-10T00:00:00+00:00
[2024-09-10 14:35:14,149] {processor.py:161} INFO - Processing /home/airflow/.local/lib/python3.7/site-packages/airflow/example_dags/example_branch_day_of_week_operator.py took 0.096 seconds
