[2024-09-10 14:29:44,754] {processor.py:153} INFO - Started process (PID=66) to work on /home/airflow/.local/lib/python3.7/site-packages/airflow/example_dags/example_latest_only_with_trigger.py
[2024-09-10 14:29:44,755] {processor.py:641} INFO - Processing file /home/airflow/.local/lib/python3.7/site-packages/airflow/example_dags/example_latest_only_with_trigger.py for tasks to queue
[2024-09-10 14:29:44,755] {logging_mixin.py:115} INFO - [2024-09-10 14:29:44,755] {dagbag.py:507} INFO - Filling up the DagBag from /home/airflow/.local/lib/python3.7/site-packages/airflow/example_dags/example_latest_only_with_trigger.py
[2024-09-10 14:29:44,784] {processor.py:651} INFO - DAG(s) dict_keys(['latest_only_with_trigger']) retrieved from /home/airflow/.local/lib/python3.7/site-packages/airflow/example_dags/example_latest_only_with_trigger.py
[2024-09-10 14:29:44,974] {logging_mixin.py:115} INFO - [2024-09-10 14:29:44,974] {manager.py:508} INFO - Created Permission View: can delete on DAG:latest_only_with_trigger
[2024-09-10 14:29:45,360] {logging_mixin.py:115} INFO - [2024-09-10 14:29:45,359] {dag.py:2379} INFO - Sync 1 DAGs
[2024-09-10 14:29:45,381] {logging_mixin.py:115} INFO - [2024-09-10 14:29:45,381] {dag.py:2927} INFO - Setting next_dagrun for latest_only_with_trigger to 2024-09-10T10:29:45.381086+00:00, run_after=2024-09-10T14:29:45.381086+00:00
[2024-09-10 14:29:45,415] {processor.py:161} INFO - Processing /home/airflow/.local/lib/python3.7/site-packages/airflow/example_dags/example_latest_only_with_trigger.py took 0.665 seconds
[2024-09-10 14:30:16,195] {processor.py:153} INFO - Started process (PID=127) to work on /home/airflow/.local/lib/python3.7/site-packages/airflow/example_dags/example_latest_only_with_trigger.py
[2024-09-10 14:30:16,196] {processor.py:641} INFO - Processing file /home/airflow/.local/lib/python3.7/site-packages/airflow/example_dags/example_latest_only_with_trigger.py for tasks to queue
[2024-09-10 14:30:16,197] {logging_mixin.py:115} INFO - [2024-09-10 14:30:16,197] {dagbag.py:507} INFO - Filling up the DagBag from /home/airflow/.local/lib/python3.7/site-packages/airflow/example_dags/example_latest_only_with_trigger.py
[2024-09-10 14:30:16,206] {processor.py:651} INFO - DAG(s) dict_keys(['latest_only_with_trigger']) retrieved from /home/airflow/.local/lib/python3.7/site-packages/airflow/example_dags/example_latest_only_with_trigger.py
[2024-09-10 14:30:16,239] {logging_mixin.py:115} INFO - [2024-09-10 14:30:16,239] {dag.py:2379} INFO - Sync 1 DAGs
[2024-09-10 14:30:16,269] {logging_mixin.py:115} INFO - [2024-09-10 14:30:16,269] {dag.py:2927} INFO - Setting next_dagrun for latest_only_with_trigger to 2024-09-10T10:30:16.268754+00:00, run_after=2024-09-10T14:30:16.268754+00:00
[2024-09-10 14:30:16,282] {processor.py:161} INFO - Processing /home/airflow/.local/lib/python3.7/site-packages/airflow/example_dags/example_latest_only_with_trigger.py took 0.092 seconds
[2024-09-10 14:30:46,944] {processor.py:153} INFO - Started process (PID=170) to work on /home/airflow/.local/lib/python3.7/site-packages/airflow/example_dags/example_latest_only_with_trigger.py
[2024-09-10 14:30:46,945] {processor.py:641} INFO - Processing file /home/airflow/.local/lib/python3.7/site-packages/airflow/example_dags/example_latest_only_with_trigger.py for tasks to queue
[2024-09-10 14:30:46,945] {logging_mixin.py:115} INFO - [2024-09-10 14:30:46,945] {dagbag.py:507} INFO - Filling up the DagBag from /home/airflow/.local/lib/python3.7/site-packages/airflow/example_dags/example_latest_only_with_trigger.py
[2024-09-10 14:30:46,955] {processor.py:651} INFO - DAG(s) dict_keys(['latest_only_with_trigger']) retrieved from /home/airflow/.local/lib/python3.7/site-packages/airflow/example_dags/example_latest_only_with_trigger.py
[2024-09-10 14:30:46,990] {logging_mixin.py:115} INFO - [2024-09-10 14:30:46,990] {dag.py:2379} INFO - Sync 1 DAGs
[2024-09-10 14:30:47,020] {logging_mixin.py:115} INFO - [2024-09-10 14:30:47,020] {dag.py:2927} INFO - Setting next_dagrun for latest_only_with_trigger to 2024-09-10T10:30:47.019705+00:00, run_after=2024-09-10T14:30:47.019705+00:00
[2024-09-10 14:30:47,035] {processor.py:161} INFO - Processing /home/airflow/.local/lib/python3.7/site-packages/airflow/example_dags/example_latest_only_with_trigger.py took 0.095 seconds
[2024-09-10 14:31:17,346] {processor.py:153} INFO - Started process (PID=212) to work on /home/airflow/.local/lib/python3.7/site-packages/airflow/example_dags/example_latest_only_with_trigger.py
[2024-09-10 14:31:17,347] {processor.py:641} INFO - Processing file /home/airflow/.local/lib/python3.7/site-packages/airflow/example_dags/example_latest_only_with_trigger.py for tasks to queue
[2024-09-10 14:31:17,348] {logging_mixin.py:115} INFO - [2024-09-10 14:31:17,348] {dagbag.py:507} INFO - Filling up the DagBag from /home/airflow/.local/lib/python3.7/site-packages/airflow/example_dags/example_latest_only_with_trigger.py
[2024-09-10 14:31:17,356] {processor.py:651} INFO - DAG(s) dict_keys(['latest_only_with_trigger']) retrieved from /home/airflow/.local/lib/python3.7/site-packages/airflow/example_dags/example_latest_only_with_trigger.py
[2024-09-10 14:31:17,385] {logging_mixin.py:115} INFO - [2024-09-10 14:31:17,385] {dag.py:2379} INFO - Sync 1 DAGs
[2024-09-10 14:31:17,413] {logging_mixin.py:115} INFO - [2024-09-10 14:31:17,413] {dag.py:2927} INFO - Setting next_dagrun for latest_only_with_trigger to 2024-09-10T10:31:17.412553+00:00, run_after=2024-09-10T14:31:17.412553+00:00
[2024-09-10 14:31:17,427] {processor.py:161} INFO - Processing /home/airflow/.local/lib/python3.7/site-packages/airflow/example_dags/example_latest_only_with_trigger.py took 0.085 seconds
[2024-09-10 14:31:47,544] {processor.py:153} INFO - Started process (PID=254) to work on /home/airflow/.local/lib/python3.7/site-packages/airflow/example_dags/example_latest_only_with_trigger.py
[2024-09-10 14:31:47,545] {processor.py:641} INFO - Processing file /home/airflow/.local/lib/python3.7/site-packages/airflow/example_dags/example_latest_only_with_trigger.py for tasks to queue
[2024-09-10 14:31:47,545] {logging_mixin.py:115} INFO - [2024-09-10 14:31:47,545] {dagbag.py:507} INFO - Filling up the DagBag from /home/airflow/.local/lib/python3.7/site-packages/airflow/example_dags/example_latest_only_with_trigger.py
[2024-09-10 14:31:47,557] {processor.py:651} INFO - DAG(s) dict_keys(['latest_only_with_trigger']) retrieved from /home/airflow/.local/lib/python3.7/site-packages/airflow/example_dags/example_latest_only_with_trigger.py
[2024-09-10 14:31:47,607] {logging_mixin.py:115} INFO - [2024-09-10 14:31:47,607] {dag.py:2379} INFO - Sync 1 DAGs
[2024-09-10 14:31:47,653] {logging_mixin.py:115} INFO - [2024-09-10 14:31:47,653] {dag.py:2927} INFO - Setting next_dagrun for latest_only_with_trigger to 2024-09-10T10:31:47.650528+00:00, run_after=2024-09-10T14:31:47.650528+00:00
[2024-09-10 14:31:47,674] {processor.py:161} INFO - Processing /home/airflow/.local/lib/python3.7/site-packages/airflow/example_dags/example_latest_only_with_trigger.py took 0.134 seconds
[2024-09-10 14:32:17,953] {processor.py:153} INFO - Started process (PID=297) to work on /home/airflow/.local/lib/python3.7/site-packages/airflow/example_dags/example_latest_only_with_trigger.py
[2024-09-10 14:32:17,953] {processor.py:641} INFO - Processing file /home/airflow/.local/lib/python3.7/site-packages/airflow/example_dags/example_latest_only_with_trigger.py for tasks to queue
[2024-09-10 14:32:17,954] {logging_mixin.py:115} INFO - [2024-09-10 14:32:17,954] {dagbag.py:507} INFO - Filling up the DagBag from /home/airflow/.local/lib/python3.7/site-packages/airflow/example_dags/example_latest_only_with_trigger.py
[2024-09-10 14:32:17,963] {processor.py:651} INFO - DAG(s) dict_keys(['latest_only_with_trigger']) retrieved from /home/airflow/.local/lib/python3.7/site-packages/airflow/example_dags/example_latest_only_with_trigger.py
[2024-09-10 14:32:18,000] {logging_mixin.py:115} INFO - [2024-09-10 14:32:18,000] {dag.py:2379} INFO - Sync 1 DAGs
[2024-09-10 14:32:18,029] {logging_mixin.py:115} INFO - [2024-09-10 14:32:18,028] {dag.py:2927} INFO - Setting next_dagrun for latest_only_with_trigger to 2024-09-10T10:32:18.028612+00:00, run_after=2024-09-10T14:32:18.028612+00:00
[2024-09-10 14:32:18,045] {processor.py:161} INFO - Processing /home/airflow/.local/lib/python3.7/site-packages/airflow/example_dags/example_latest_only_with_trigger.py took 0.096 seconds
[2024-09-10 14:32:48,668] {processor.py:153} INFO - Started process (PID=339) to work on /home/airflow/.local/lib/python3.7/site-packages/airflow/example_dags/example_latest_only_with_trigger.py
[2024-09-10 14:32:48,669] {processor.py:641} INFO - Processing file /home/airflow/.local/lib/python3.7/site-packages/airflow/example_dags/example_latest_only_with_trigger.py for tasks to queue
[2024-09-10 14:32:48,669] {logging_mixin.py:115} INFO - [2024-09-10 14:32:48,669] {dagbag.py:507} INFO - Filling up the DagBag from /home/airflow/.local/lib/python3.7/site-packages/airflow/example_dags/example_latest_only_with_trigger.py
[2024-09-10 14:32:48,680] {processor.py:651} INFO - DAG(s) dict_keys(['latest_only_with_trigger']) retrieved from /home/airflow/.local/lib/python3.7/site-packages/airflow/example_dags/example_latest_only_with_trigger.py
[2024-09-10 14:32:48,740] {logging_mixin.py:115} INFO - [2024-09-10 14:32:48,740] {dag.py:2379} INFO - Sync 1 DAGs
[2024-09-10 14:32:48,770] {logging_mixin.py:115} INFO - [2024-09-10 14:32:48,770] {dag.py:2927} INFO - Setting next_dagrun for latest_only_with_trigger to 2024-09-10T10:32:48.769245+00:00, run_after=2024-09-10T14:32:48.769245+00:00
[2024-09-10 14:32:48,786] {processor.py:161} INFO - Processing /home/airflow/.local/lib/python3.7/site-packages/airflow/example_dags/example_latest_only_with_trigger.py took 0.121 seconds
[2024-09-10 14:33:19,052] {processor.py:153} INFO - Started process (PID=382) to work on /home/airflow/.local/lib/python3.7/site-packages/airflow/example_dags/example_latest_only_with_trigger.py
[2024-09-10 14:33:19,054] {processor.py:641} INFO - Processing file /home/airflow/.local/lib/python3.7/site-packages/airflow/example_dags/example_latest_only_with_trigger.py for tasks to queue
[2024-09-10 14:33:19,054] {logging_mixin.py:115} INFO - [2024-09-10 14:33:19,054] {dagbag.py:507} INFO - Filling up the DagBag from /home/airflow/.local/lib/python3.7/site-packages/airflow/example_dags/example_latest_only_with_trigger.py
[2024-09-10 14:33:19,064] {processor.py:651} INFO - DAG(s) dict_keys(['latest_only_with_trigger']) retrieved from /home/airflow/.local/lib/python3.7/site-packages/airflow/example_dags/example_latest_only_with_trigger.py
[2024-09-10 14:33:19,139] {logging_mixin.py:115} INFO - [2024-09-10 14:33:19,139] {dag.py:2379} INFO - Sync 1 DAGs
[2024-09-10 14:33:19,172] {logging_mixin.py:115} INFO - [2024-09-10 14:33:19,171] {dag.py:2927} INFO - Setting next_dagrun for latest_only_with_trigger to 2024-09-10T10:33:19.171366+00:00, run_after=2024-09-10T14:33:19.171366+00:00
[2024-09-10 14:33:19,186] {processor.py:161} INFO - Processing /home/airflow/.local/lib/python3.7/site-packages/airflow/example_dags/example_latest_only_with_trigger.py took 0.138 seconds
[2024-09-10 14:33:54,015] {processor.py:153} INFO - Started process (PID=425) to work on /home/airflow/.local/lib/python3.7/site-packages/airflow/example_dags/example_latest_only_with_trigger.py
[2024-09-10 14:33:54,016] {processor.py:641} INFO - Processing file /home/airflow/.local/lib/python3.7/site-packages/airflow/example_dags/example_latest_only_with_trigger.py for tasks to queue
[2024-09-10 14:33:54,017] {logging_mixin.py:115} INFO - [2024-09-10 14:33:54,017] {dagbag.py:507} INFO - Filling up the DagBag from /home/airflow/.local/lib/python3.7/site-packages/airflow/example_dags/example_latest_only_with_trigger.py
[2024-09-10 14:33:54,031] {processor.py:651} INFO - DAG(s) dict_keys(['latest_only_with_trigger']) retrieved from /home/airflow/.local/lib/python3.7/site-packages/airflow/example_dags/example_latest_only_with_trigger.py
[2024-09-10 14:33:54,070] {logging_mixin.py:115} INFO - [2024-09-10 14:33:54,070] {dag.py:2379} INFO - Sync 1 DAGs
[2024-09-10 14:33:54,106] {logging_mixin.py:115} INFO - [2024-09-10 14:33:54,105] {dag.py:2927} INFO - Setting next_dagrun for latest_only_with_trigger to 2024-09-10T10:33:54.105122+00:00, run_after=2024-09-10T14:33:54.105122+00:00
[2024-09-10 14:33:54,127] {processor.py:161} INFO - Processing /home/airflow/.local/lib/python3.7/site-packages/airflow/example_dags/example_latest_only_with_trigger.py took 0.119 seconds
[2024-09-10 14:34:24,378] {processor.py:153} INFO - Started process (PID=467) to work on /home/airflow/.local/lib/python3.7/site-packages/airflow/example_dags/example_latest_only_with_trigger.py
[2024-09-10 14:34:24,379] {processor.py:641} INFO - Processing file /home/airflow/.local/lib/python3.7/site-packages/airflow/example_dags/example_latest_only_with_trigger.py for tasks to queue
[2024-09-10 14:34:24,380] {logging_mixin.py:115} INFO - [2024-09-10 14:34:24,379] {dagbag.py:507} INFO - Filling up the DagBag from /home/airflow/.local/lib/python3.7/site-packages/airflow/example_dags/example_latest_only_with_trigger.py
[2024-09-10 14:34:24,386] {processor.py:651} INFO - DAG(s) dict_keys(['latest_only_with_trigger']) retrieved from /home/airflow/.local/lib/python3.7/site-packages/airflow/example_dags/example_latest_only_with_trigger.py
[2024-09-10 14:34:24,417] {logging_mixin.py:115} INFO - [2024-09-10 14:34:24,417] {dag.py:2379} INFO - Sync 1 DAGs
[2024-09-10 14:34:24,445] {logging_mixin.py:115} INFO - [2024-09-10 14:34:24,445] {dag.py:2927} INFO - Setting next_dagrun for latest_only_with_trigger to 2024-09-10T10:34:24.445103+00:00, run_after=2024-09-10T14:34:24.445103+00:00
[2024-09-10 14:34:24,460] {processor.py:161} INFO - Processing /home/airflow/.local/lib/python3.7/site-packages/airflow/example_dags/example_latest_only_with_trigger.py took 0.085 seconds
[2024-09-10 14:35:12,997] {processor.py:153} INFO - Started process (PID=517) to work on /home/airflow/.local/lib/python3.7/site-packages/airflow/example_dags/example_latest_only_with_trigger.py
[2024-09-10 14:35:13,001] {processor.py:641} INFO - Processing file /home/airflow/.local/lib/python3.7/site-packages/airflow/example_dags/example_latest_only_with_trigger.py for tasks to queue
[2024-09-10 14:35:13,001] {logging_mixin.py:115} INFO - [2024-09-10 14:35:13,001] {dagbag.py:507} INFO - Filling up the DagBag from /home/airflow/.local/lib/python3.7/site-packages/airflow/example_dags/example_latest_only_with_trigger.py
[2024-09-10 14:35:13,019] {processor.py:651} INFO - DAG(s) dict_keys(['latest_only_with_trigger']) retrieved from /home/airflow/.local/lib/python3.7/site-packages/airflow/example_dags/example_latest_only_with_trigger.py
[2024-09-10 14:35:13,071] {logging_mixin.py:115} INFO - [2024-09-10 14:35:13,071] {dag.py:2379} INFO - Sync 1 DAGs
[2024-09-10 14:35:13,105] {logging_mixin.py:115} INFO - [2024-09-10 14:35:13,104] {dag.py:2927} INFO - Setting next_dagrun for latest_only_with_trigger to 2024-09-10T10:35:13.104585+00:00, run_after=2024-09-10T14:35:13.104585+00:00
[2024-09-10 14:35:13,132] {processor.py:161} INFO - Processing /home/airflow/.local/lib/python3.7/site-packages/airflow/example_dags/example_latest_only_with_trigger.py took 0.138 seconds
