[2024-09-10 14:29:49,907] {processor.py:153} INFO - Started process (PID=84) to work on /home/airflow/.local/lib/python3.7/site-packages/airflow/example_dags/example_branch_operator.py
[2024-09-10 14:29:49,908] {processor.py:641} INFO - Processing file /home/airflow/.local/lib/python3.7/site-packages/airflow/example_dags/example_branch_operator.py for tasks to queue
[2024-09-10 14:29:49,909] {logging_mixin.py:115} INFO - [2024-09-10 14:29:49,909] {dagbag.py:507} INFO - Filling up the DagBag from /home/airflow/.local/lib/python3.7/site-packages/airflow/example_dags/example_branch_operator.py
[2024-09-10 14:29:49,944] {processor.py:651} INFO - DAG(s) dict_keys(['example_branch_operator']) retrieved from /home/airflow/.local/lib/python3.7/site-packages/airflow/example_dags/example_branch_operator.py
[2024-09-10 14:29:50,718] {logging_mixin.py:115} INFO - [2024-09-10 14:29:50,718] {manager.py:508} INFO - Created Permission View: can delete on DAG:example_branch_operator
[2024-09-10 14:29:50,756] {logging_mixin.py:115} INFO - [2024-09-10 14:29:50,756] {dag.py:2379} INFO - Sync 1 DAGs
[2024-09-10 14:29:50,836] {logging_mixin.py:115} INFO - [2024-09-10 14:29:50,836] {dag.py:2927} INFO - Setting next_dagrun for example_branch_operator to 2024-09-09T00:00:00+00:00, run_after=2024-09-10T00:00:00+00:00
[2024-09-10 14:29:50,881] {processor.py:161} INFO - Processing /home/airflow/.local/lib/python3.7/site-packages/airflow/example_dags/example_branch_operator.py took 0.979 seconds
[2024-09-10 14:30:21,125] {processor.py:153} INFO - Started process (PID=139) to work on /home/airflow/.local/lib/python3.7/site-packages/airflow/example_dags/example_branch_operator.py
[2024-09-10 14:30:21,125] {processor.py:641} INFO - Processing file /home/airflow/.local/lib/python3.7/site-packages/airflow/example_dags/example_branch_operator.py for tasks to queue
[2024-09-10 14:30:21,126] {logging_mixin.py:115} INFO - [2024-09-10 14:30:21,126] {dagbag.py:507} INFO - Filling up the DagBag from /home/airflow/.local/lib/python3.7/site-packages/airflow/example_dags/example_branch_operator.py
[2024-09-10 14:30:21,135] {processor.py:651} INFO - DAG(s) dict_keys(['example_branch_operator']) retrieved from /home/airflow/.local/lib/python3.7/site-packages/airflow/example_dags/example_branch_operator.py
[2024-09-10 14:30:21,159] {logging_mixin.py:115} INFO - [2024-09-10 14:30:21,159] {dag.py:2379} INFO - Sync 1 DAGs
[2024-09-10 14:30:21,181] {logging_mixin.py:115} INFO - [2024-09-10 14:30:21,181] {dag.py:2927} INFO - Setting next_dagrun for example_branch_operator to 2024-09-09T00:00:00+00:00, run_after=2024-09-10T00:00:00+00:00
[2024-09-10 14:30:21,192] {processor.py:161} INFO - Processing /home/airflow/.local/lib/python3.7/site-packages/airflow/example_dags/example_branch_operator.py took 0.070 seconds
[2024-09-10 14:30:51,722] {processor.py:153} INFO - Started process (PID=182) to work on /home/airflow/.local/lib/python3.7/site-packages/airflow/example_dags/example_branch_operator.py
[2024-09-10 14:30:51,723] {processor.py:641} INFO - Processing file /home/airflow/.local/lib/python3.7/site-packages/airflow/example_dags/example_branch_operator.py for tasks to queue
[2024-09-10 14:30:51,723] {logging_mixin.py:115} INFO - [2024-09-10 14:30:51,723] {dagbag.py:507} INFO - Filling up the DagBag from /home/airflow/.local/lib/python3.7/site-packages/airflow/example_dags/example_branch_operator.py
[2024-09-10 14:30:51,735] {processor.py:651} INFO - DAG(s) dict_keys(['example_branch_operator']) retrieved from /home/airflow/.local/lib/python3.7/site-packages/airflow/example_dags/example_branch_operator.py
[2024-09-10 14:30:51,768] {logging_mixin.py:115} INFO - [2024-09-10 14:30:51,768] {dag.py:2379} INFO - Sync 1 DAGs
[2024-09-10 14:30:51,798] {logging_mixin.py:115} INFO - [2024-09-10 14:30:51,798] {dag.py:2927} INFO - Setting next_dagrun for example_branch_operator to 2024-09-09T00:00:00+00:00, run_after=2024-09-10T00:00:00+00:00
[2024-09-10 14:30:51,811] {processor.py:161} INFO - Processing /home/airflow/.local/lib/python3.7/site-packages/airflow/example_dags/example_branch_operator.py took 0.092 seconds
[2024-09-10 14:31:22,067] {processor.py:153} INFO - Started process (PID=224) to work on /home/airflow/.local/lib/python3.7/site-packages/airflow/example_dags/example_branch_operator.py
[2024-09-10 14:31:22,067] {processor.py:641} INFO - Processing file /home/airflow/.local/lib/python3.7/site-packages/airflow/example_dags/example_branch_operator.py for tasks to queue
[2024-09-10 14:31:22,068] {logging_mixin.py:115} INFO - [2024-09-10 14:31:22,068] {dagbag.py:507} INFO - Filling up the DagBag from /home/airflow/.local/lib/python3.7/site-packages/airflow/example_dags/example_branch_operator.py
[2024-09-10 14:31:22,081] {processor.py:651} INFO - DAG(s) dict_keys(['example_branch_operator']) retrieved from /home/airflow/.local/lib/python3.7/site-packages/airflow/example_dags/example_branch_operator.py
[2024-09-10 14:31:22,111] {logging_mixin.py:115} INFO - [2024-09-10 14:31:22,111] {dag.py:2379} INFO - Sync 1 DAGs
[2024-09-10 14:31:22,140] {logging_mixin.py:115} INFO - [2024-09-10 14:31:22,140] {dag.py:2927} INFO - Setting next_dagrun for example_branch_operator to 2024-09-09T00:00:00+00:00, run_after=2024-09-10T00:00:00+00:00
[2024-09-10 14:31:22,153] {processor.py:161} INFO - Processing /home/airflow/.local/lib/python3.7/site-packages/airflow/example_dags/example_branch_operator.py took 0.090 seconds
[2024-09-10 14:31:52,562] {processor.py:153} INFO - Started process (PID=266) to work on /home/airflow/.local/lib/python3.7/site-packages/airflow/example_dags/example_branch_operator.py
[2024-09-10 14:31:52,564] {processor.py:641} INFO - Processing file /home/airflow/.local/lib/python3.7/site-packages/airflow/example_dags/example_branch_operator.py for tasks to queue
[2024-09-10 14:31:52,565] {logging_mixin.py:115} INFO - [2024-09-10 14:31:52,565] {dagbag.py:507} INFO - Filling up the DagBag from /home/airflow/.local/lib/python3.7/site-packages/airflow/example_dags/example_branch_operator.py
[2024-09-10 14:31:52,604] {processor.py:651} INFO - DAG(s) dict_keys(['example_branch_operator']) retrieved from /home/airflow/.local/lib/python3.7/site-packages/airflow/example_dags/example_branch_operator.py
[2024-09-10 14:31:52,723] {logging_mixin.py:115} INFO - [2024-09-10 14:31:52,723] {dag.py:2379} INFO - Sync 1 DAGs
[2024-09-10 14:31:52,774] {logging_mixin.py:115} INFO - [2024-09-10 14:31:52,773] {dag.py:2927} INFO - Setting next_dagrun for example_branch_operator to 2024-09-09T00:00:00+00:00, run_after=2024-09-10T00:00:00+00:00
[2024-09-10 14:31:52,804] {processor.py:161} INFO - Processing /home/airflow/.local/lib/python3.7/site-packages/airflow/example_dags/example_branch_operator.py took 0.262 seconds
[2024-09-10 14:32:22,882] {processor.py:153} INFO - Started process (PID=309) to work on /home/airflow/.local/lib/python3.7/site-packages/airflow/example_dags/example_branch_operator.py
[2024-09-10 14:32:22,883] {processor.py:641} INFO - Processing file /home/airflow/.local/lib/python3.7/site-packages/airflow/example_dags/example_branch_operator.py for tasks to queue
[2024-09-10 14:32:22,883] {logging_mixin.py:115} INFO - [2024-09-10 14:32:22,883] {dagbag.py:507} INFO - Filling up the DagBag from /home/airflow/.local/lib/python3.7/site-packages/airflow/example_dags/example_branch_operator.py
[2024-09-10 14:32:22,897] {processor.py:651} INFO - DAG(s) dict_keys(['example_branch_operator']) retrieved from /home/airflow/.local/lib/python3.7/site-packages/airflow/example_dags/example_branch_operator.py
[2024-09-10 14:32:22,930] {logging_mixin.py:115} INFO - [2024-09-10 14:32:22,930] {dag.py:2379} INFO - Sync 1 DAGs
[2024-09-10 14:32:22,959] {logging_mixin.py:115} INFO - [2024-09-10 14:32:22,959] {dag.py:2927} INFO - Setting next_dagrun for example_branch_operator to 2024-09-09T00:00:00+00:00, run_after=2024-09-10T00:00:00+00:00
[2024-09-10 14:32:22,972] {processor.py:161} INFO - Processing /home/airflow/.local/lib/python3.7/site-packages/airflow/example_dags/example_branch_operator.py took 0.095 seconds
[2024-09-10 14:32:53,897] {processor.py:153} INFO - Started process (PID=351) to work on /home/airflow/.local/lib/python3.7/site-packages/airflow/example_dags/example_branch_operator.py
[2024-09-10 14:32:53,898] {processor.py:641} INFO - Processing file /home/airflow/.local/lib/python3.7/site-packages/airflow/example_dags/example_branch_operator.py for tasks to queue
[2024-09-10 14:32:53,899] {logging_mixin.py:115} INFO - [2024-09-10 14:32:53,899] {dagbag.py:507} INFO - Filling up the DagBag from /home/airflow/.local/lib/python3.7/site-packages/airflow/example_dags/example_branch_operator.py
[2024-09-10 14:32:53,913] {processor.py:651} INFO - DAG(s) dict_keys(['example_branch_operator']) retrieved from /home/airflow/.local/lib/python3.7/site-packages/airflow/example_dags/example_branch_operator.py
[2024-09-10 14:32:53,946] {logging_mixin.py:115} INFO - [2024-09-10 14:32:53,946] {dag.py:2379} INFO - Sync 1 DAGs
[2024-09-10 14:32:53,976] {logging_mixin.py:115} INFO - [2024-09-10 14:32:53,976] {dag.py:2927} INFO - Setting next_dagrun for example_branch_operator to 2024-09-09T00:00:00+00:00, run_after=2024-09-10T00:00:00+00:00
[2024-09-10 14:32:53,991] {processor.py:161} INFO - Processing /home/airflow/.local/lib/python3.7/site-packages/airflow/example_dags/example_branch_operator.py took 0.099 seconds
[2024-09-10 14:33:24,176] {processor.py:153} INFO - Started process (PID=395) to work on /home/airflow/.local/lib/python3.7/site-packages/airflow/example_dags/example_branch_operator.py
[2024-09-10 14:33:24,177] {processor.py:641} INFO - Processing file /home/airflow/.local/lib/python3.7/site-packages/airflow/example_dags/example_branch_operator.py for tasks to queue
[2024-09-10 14:33:24,177] {logging_mixin.py:115} INFO - [2024-09-10 14:33:24,177] {dagbag.py:507} INFO - Filling up the DagBag from /home/airflow/.local/lib/python3.7/site-packages/airflow/example_dags/example_branch_operator.py
[2024-09-10 14:33:24,190] {processor.py:651} INFO - DAG(s) dict_keys(['example_branch_operator']) retrieved from /home/airflow/.local/lib/python3.7/site-packages/airflow/example_dags/example_branch_operator.py
[2024-09-10 14:33:24,235] {logging_mixin.py:115} INFO - [2024-09-10 14:33:24,235] {dag.py:2379} INFO - Sync 1 DAGs
[2024-09-10 14:33:24,267] {logging_mixin.py:115} INFO - [2024-09-10 14:33:24,267] {dag.py:2927} INFO - Setting next_dagrun for example_branch_operator to 2024-09-09T00:00:00+00:00, run_after=2024-09-10T00:00:00+00:00
[2024-09-10 14:33:24,284] {processor.py:161} INFO - Processing /home/airflow/.local/lib/python3.7/site-packages/airflow/example_dags/example_branch_operator.py took 0.111 seconds
[2024-09-10 14:33:55,697] {processor.py:153} INFO - Started process (PID=437) to work on /home/airflow/.local/lib/python3.7/site-packages/airflow/example_dags/example_branch_operator.py
[2024-09-10 14:33:55,698] {processor.py:641} INFO - Processing file /home/airflow/.local/lib/python3.7/site-packages/airflow/example_dags/example_branch_operator.py for tasks to queue
[2024-09-10 14:33:55,698] {logging_mixin.py:115} INFO - [2024-09-10 14:33:55,698] {dagbag.py:507} INFO - Filling up the DagBag from /home/airflow/.local/lib/python3.7/site-packages/airflow/example_dags/example_branch_operator.py
[2024-09-10 14:33:55,718] {processor.py:651} INFO - DAG(s) dict_keys(['example_branch_operator']) retrieved from /home/airflow/.local/lib/python3.7/site-packages/airflow/example_dags/example_branch_operator.py
[2024-09-10 14:33:55,761] {logging_mixin.py:115} INFO - [2024-09-10 14:33:55,761] {dag.py:2379} INFO - Sync 1 DAGs
[2024-09-10 14:33:55,791] {logging_mixin.py:115} INFO - [2024-09-10 14:33:55,791] {dag.py:2927} INFO - Setting next_dagrun for example_branch_operator to 2024-09-09T00:00:00+00:00, run_after=2024-09-10T00:00:00+00:00
[2024-09-10 14:33:55,804] {processor.py:161} INFO - Processing /home/airflow/.local/lib/python3.7/site-packages/airflow/example_dags/example_branch_operator.py took 0.110 seconds
[2024-09-10 14:34:26,332] {processor.py:153} INFO - Started process (PID=479) to work on /home/airflow/.local/lib/python3.7/site-packages/airflow/example_dags/example_branch_operator.py
[2024-09-10 14:34:26,332] {processor.py:641} INFO - Processing file /home/airflow/.local/lib/python3.7/site-packages/airflow/example_dags/example_branch_operator.py for tasks to queue
[2024-09-10 14:34:26,333] {logging_mixin.py:115} INFO - [2024-09-10 14:34:26,333] {dagbag.py:507} INFO - Filling up the DagBag from /home/airflow/.local/lib/python3.7/site-packages/airflow/example_dags/example_branch_operator.py
[2024-09-10 14:34:26,346] {processor.py:651} INFO - DAG(s) dict_keys(['example_branch_operator']) retrieved from /home/airflow/.local/lib/python3.7/site-packages/airflow/example_dags/example_branch_operator.py
[2024-09-10 14:34:26,385] {logging_mixin.py:115} INFO - [2024-09-10 14:34:26,385] {dag.py:2379} INFO - Sync 1 DAGs
[2024-09-10 14:34:26,425] {logging_mixin.py:115} INFO - [2024-09-10 14:34:26,424] {dag.py:2927} INFO - Setting next_dagrun for example_branch_operator to 2024-09-09T00:00:00+00:00, run_after=2024-09-10T00:00:00+00:00
[2024-09-10 14:34:26,442] {processor.py:161} INFO - Processing /home/airflow/.local/lib/python3.7/site-packages/airflow/example_dags/example_branch_operator.py took 0.116 seconds
[2024-09-10 14:35:14,076] {processor.py:153} INFO - Started process (PID=529) to work on /home/airflow/.local/lib/python3.7/site-packages/airflow/example_dags/example_branch_operator.py
[2024-09-10 14:35:14,077] {processor.py:641} INFO - Processing file /home/airflow/.local/lib/python3.7/site-packages/airflow/example_dags/example_branch_operator.py for tasks to queue
[2024-09-10 14:35:14,079] {logging_mixin.py:115} INFO - [2024-09-10 14:35:14,079] {dagbag.py:507} INFO - Filling up the DagBag from /home/airflow/.local/lib/python3.7/site-packages/airflow/example_dags/example_branch_operator.py
[2024-09-10 14:35:14,094] {processor.py:651} INFO - DAG(s) dict_keys(['example_branch_operator']) retrieved from /home/airflow/.local/lib/python3.7/site-packages/airflow/example_dags/example_branch_operator.py
[2024-09-10 14:35:14,131] {logging_mixin.py:115} INFO - [2024-09-10 14:35:14,131] {dag.py:2379} INFO - Sync 1 DAGs
[2024-09-10 14:35:14,161] {logging_mixin.py:115} INFO - [2024-09-10 14:35:14,161] {dag.py:2927} INFO - Setting next_dagrun for example_branch_operator to 2024-09-09T00:00:00+00:00, run_after=2024-09-10T00:00:00+00:00
[2024-09-10 14:35:14,176] {processor.py:161} INFO - Processing /home/airflow/.local/lib/python3.7/site-packages/airflow/example_dags/example_branch_operator.py took 0.105 seconds
