[2024-09-10 14:29:53,105] {processor.py:153} INFO - Started process (PID=96) to work on /home/airflow/.local/lib/python3.7/site-packages/airflow/example_dags/example_time_delta_sensor_async.py
[2024-09-10 14:29:53,106] {processor.py:641} INFO - Processing file /home/airflow/.local/lib/python3.7/site-packages/airflow/example_dags/example_time_delta_sensor_async.py for tasks to queue
[2024-09-10 14:29:53,108] {logging_mixin.py:115} INFO - [2024-09-10 14:29:53,107] {dagbag.py:507} INFO - Filling up the DagBag from /home/airflow/.local/lib/python3.7/site-packages/airflow/example_dags/example_time_delta_sensor_async.py
[2024-09-10 14:29:53,116] {processor.py:651} INFO - DAG(s) dict_keys(['example_time_delta_sensor_async']) retrieved from /home/airflow/.local/lib/python3.7/site-packages/airflow/example_dags/example_time_delta_sensor_async.py
[2024-09-10 14:29:53,245] {logging_mixin.py:115} INFO - [2024-09-10 14:29:53,245] {manager.py:508} INFO - Created Permission View: can delete on DAG:example_time_delta_sensor_async
[2024-09-10 14:29:53,263] {logging_mixin.py:115} INFO - [2024-09-10 14:29:53,263] {manager.py:508} INFO - Created Permission View: can read on DAG:example_time_delta_sensor_async
[2024-09-10 14:29:53,589] {logging_mixin.py:115} INFO - [2024-09-10 14:29:53,589] {manager.py:508} INFO - Created Permission View: can edit on DAG:example_time_delta_sensor_async
[2024-09-10 14:29:53,589] {logging_mixin.py:115} INFO - [2024-09-10 14:29:53,589] {dag.py:2379} INFO - Sync 1 DAGs
[2024-09-10 14:29:53,602] {logging_mixin.py:115} INFO - [2024-09-10 14:29:53,602] {dag.py:2398} INFO - Creating ORM DAG for example_time_delta_sensor_async
[2024-09-10 14:29:53,635] {logging_mixin.py:115} INFO - [2024-09-10 14:29:53,635] {dag.py:2927} INFO - Setting next_dagrun for example_time_delta_sensor_async to None, run_after=None
[2024-09-10 14:29:53,661] {processor.py:161} INFO - Processing /home/airflow/.local/lib/python3.7/site-packages/airflow/example_dags/example_time_delta_sensor_async.py took 0.560 seconds
[2024-09-10 14:30:23,754] {processor.py:153} INFO - Started process (PID=145) to work on /home/airflow/.local/lib/python3.7/site-packages/airflow/example_dags/example_time_delta_sensor_async.py
[2024-09-10 14:30:23,755] {processor.py:641} INFO - Processing file /home/airflow/.local/lib/python3.7/site-packages/airflow/example_dags/example_time_delta_sensor_async.py for tasks to queue
[2024-09-10 14:30:23,755] {logging_mixin.py:115} INFO - [2024-09-10 14:30:23,755] {dagbag.py:507} INFO - Filling up the DagBag from /home/airflow/.local/lib/python3.7/site-packages/airflow/example_dags/example_time_delta_sensor_async.py
[2024-09-10 14:30:23,761] {processor.py:651} INFO - DAG(s) dict_keys(['example_time_delta_sensor_async']) retrieved from /home/airflow/.local/lib/python3.7/site-packages/airflow/example_dags/example_time_delta_sensor_async.py
[2024-09-10 14:30:23,805] {logging_mixin.py:115} INFO - [2024-09-10 14:30:23,805] {dag.py:2379} INFO - Sync 1 DAGs
[2024-09-10 14:30:23,832] {logging_mixin.py:115} INFO - [2024-09-10 14:30:23,832] {dag.py:2927} INFO - Setting next_dagrun for example_time_delta_sensor_async to None, run_after=None
[2024-09-10 14:30:23,847] {processor.py:161} INFO - Processing /home/airflow/.local/lib/python3.7/site-packages/airflow/example_dags/example_time_delta_sensor_async.py took 0.096 seconds
[2024-09-10 14:30:54,127] {processor.py:153} INFO - Started process (PID=188) to work on /home/airflow/.local/lib/python3.7/site-packages/airflow/example_dags/example_time_delta_sensor_async.py
[2024-09-10 14:30:54,128] {processor.py:641} INFO - Processing file /home/airflow/.local/lib/python3.7/site-packages/airflow/example_dags/example_time_delta_sensor_async.py for tasks to queue
[2024-09-10 14:30:54,128] {logging_mixin.py:115} INFO - [2024-09-10 14:30:54,128] {dagbag.py:507} INFO - Filling up the DagBag from /home/airflow/.local/lib/python3.7/site-packages/airflow/example_dags/example_time_delta_sensor_async.py
[2024-09-10 14:30:54,137] {processor.py:651} INFO - DAG(s) dict_keys(['example_time_delta_sensor_async']) retrieved from /home/airflow/.local/lib/python3.7/site-packages/airflow/example_dags/example_time_delta_sensor_async.py
[2024-09-10 14:30:54,265] {logging_mixin.py:115} INFO - [2024-09-10 14:30:54,265] {dag.py:2379} INFO - Sync 1 DAGs
[2024-09-10 14:30:54,296] {logging_mixin.py:115} INFO - [2024-09-10 14:30:54,295] {dag.py:2927} INFO - Setting next_dagrun for example_time_delta_sensor_async to None, run_after=None
[2024-09-10 14:30:54,312] {processor.py:161} INFO - Processing /home/airflow/.local/lib/python3.7/site-packages/airflow/example_dags/example_time_delta_sensor_async.py took 0.188 seconds
[2024-09-10 14:31:24,557] {processor.py:153} INFO - Started process (PID=230) to work on /home/airflow/.local/lib/python3.7/site-packages/airflow/example_dags/example_time_delta_sensor_async.py
[2024-09-10 14:31:24,558] {processor.py:641} INFO - Processing file /home/airflow/.local/lib/python3.7/site-packages/airflow/example_dags/example_time_delta_sensor_async.py for tasks to queue
[2024-09-10 14:31:24,559] {logging_mixin.py:115} INFO - [2024-09-10 14:31:24,558] {dagbag.py:507} INFO - Filling up the DagBag from /home/airflow/.local/lib/python3.7/site-packages/airflow/example_dags/example_time_delta_sensor_async.py
[2024-09-10 14:31:24,567] {processor.py:651} INFO - DAG(s) dict_keys(['example_time_delta_sensor_async']) retrieved from /home/airflow/.local/lib/python3.7/site-packages/airflow/example_dags/example_time_delta_sensor_async.py
[2024-09-10 14:31:24,664] {logging_mixin.py:115} INFO - [2024-09-10 14:31:24,664] {dag.py:2379} INFO - Sync 1 DAGs
[2024-09-10 14:31:24,693] {logging_mixin.py:115} INFO - [2024-09-10 14:31:24,693] {dag.py:2927} INFO - Setting next_dagrun for example_time_delta_sensor_async to None, run_after=None
[2024-09-10 14:31:24,707] {processor.py:161} INFO - Processing /home/airflow/.local/lib/python3.7/site-packages/airflow/example_dags/example_time_delta_sensor_async.py took 0.153 seconds
[2024-09-10 14:31:55,498] {processor.py:153} INFO - Started process (PID=272) to work on /home/airflow/.local/lib/python3.7/site-packages/airflow/example_dags/example_time_delta_sensor_async.py
[2024-09-10 14:31:55,499] {processor.py:641} INFO - Processing file /home/airflow/.local/lib/python3.7/site-packages/airflow/example_dags/example_time_delta_sensor_async.py for tasks to queue
[2024-09-10 14:31:55,500] {logging_mixin.py:115} INFO - [2024-09-10 14:31:55,500] {dagbag.py:507} INFO - Filling up the DagBag from /home/airflow/.local/lib/python3.7/site-packages/airflow/example_dags/example_time_delta_sensor_async.py
[2024-09-10 14:31:55,513] {processor.py:651} INFO - DAG(s) dict_keys(['example_time_delta_sensor_async']) retrieved from /home/airflow/.local/lib/python3.7/site-packages/airflow/example_dags/example_time_delta_sensor_async.py
[2024-09-10 14:31:55,724] {logging_mixin.py:115} INFO - [2024-09-10 14:31:55,724] {dag.py:2379} INFO - Sync 1 DAGs
[2024-09-10 14:31:55,762] {logging_mixin.py:115} INFO - [2024-09-10 14:31:55,762] {dag.py:2927} INFO - Setting next_dagrun for example_time_delta_sensor_async to None, run_after=None
[2024-09-10 14:31:55,783] {processor.py:161} INFO - Processing /home/airflow/.local/lib/python3.7/site-packages/airflow/example_dags/example_time_delta_sensor_async.py took 0.288 seconds
[2024-09-10 14:32:26,672] {processor.py:153} INFO - Started process (PID=315) to work on /home/airflow/.local/lib/python3.7/site-packages/airflow/example_dags/example_time_delta_sensor_async.py
[2024-09-10 14:32:26,673] {processor.py:641} INFO - Processing file /home/airflow/.local/lib/python3.7/site-packages/airflow/example_dags/example_time_delta_sensor_async.py for tasks to queue
[2024-09-10 14:32:26,673] {logging_mixin.py:115} INFO - [2024-09-10 14:32:26,673] {dagbag.py:507} INFO - Filling up the DagBag from /home/airflow/.local/lib/python3.7/site-packages/airflow/example_dags/example_time_delta_sensor_async.py
[2024-09-10 14:32:26,688] {processor.py:651} INFO - DAG(s) dict_keys(['example_time_delta_sensor_async']) retrieved from /home/airflow/.local/lib/python3.7/site-packages/airflow/example_dags/example_time_delta_sensor_async.py
[2024-09-10 14:32:26,970] {logging_mixin.py:115} INFO - [2024-09-10 14:32:26,970] {dag.py:2379} INFO - Sync 1 DAGs
[2024-09-10 14:32:27,007] {logging_mixin.py:115} INFO - [2024-09-10 14:32:27,007] {dag.py:2927} INFO - Setting next_dagrun for example_time_delta_sensor_async to None, run_after=None
[2024-09-10 14:32:27,028] {processor.py:161} INFO - Processing /home/airflow/.local/lib/python3.7/site-packages/airflow/example_dags/example_time_delta_sensor_async.py took 0.360 seconds
[2024-09-10 14:32:57,542] {processor.py:153} INFO - Started process (PID=357) to work on /home/airflow/.local/lib/python3.7/site-packages/airflow/example_dags/example_time_delta_sensor_async.py
[2024-09-10 14:32:57,542] {processor.py:641} INFO - Processing file /home/airflow/.local/lib/python3.7/site-packages/airflow/example_dags/example_time_delta_sensor_async.py for tasks to queue
[2024-09-10 14:32:57,543] {logging_mixin.py:115} INFO - [2024-09-10 14:32:57,543] {dagbag.py:507} INFO - Filling up the DagBag from /home/airflow/.local/lib/python3.7/site-packages/airflow/example_dags/example_time_delta_sensor_async.py
[2024-09-10 14:32:57,550] {processor.py:651} INFO - DAG(s) dict_keys(['example_time_delta_sensor_async']) retrieved from /home/airflow/.local/lib/python3.7/site-packages/airflow/example_dags/example_time_delta_sensor_async.py
[2024-09-10 14:32:57,665] {logging_mixin.py:115} INFO - [2024-09-10 14:32:57,665] {dag.py:2379} INFO - Sync 1 DAGs
[2024-09-10 14:32:57,697] {logging_mixin.py:115} INFO - [2024-09-10 14:32:57,697] {dag.py:2927} INFO - Setting next_dagrun for example_time_delta_sensor_async to None, run_after=None
[2024-09-10 14:32:57,723] {processor.py:161} INFO - Processing /home/airflow/.local/lib/python3.7/site-packages/airflow/example_dags/example_time_delta_sensor_async.py took 0.184 seconds
[2024-09-10 14:33:28,414] {processor.py:153} INFO - Started process (PID=402) to work on /home/airflow/.local/lib/python3.7/site-packages/airflow/example_dags/example_time_delta_sensor_async.py
[2024-09-10 14:33:28,415] {processor.py:641} INFO - Processing file /home/airflow/.local/lib/python3.7/site-packages/airflow/example_dags/example_time_delta_sensor_async.py for tasks to queue
[2024-09-10 14:33:28,416] {logging_mixin.py:115} INFO - [2024-09-10 14:33:28,416] {dagbag.py:507} INFO - Filling up the DagBag from /home/airflow/.local/lib/python3.7/site-packages/airflow/example_dags/example_time_delta_sensor_async.py
[2024-09-10 14:33:28,433] {processor.py:651} INFO - DAG(s) dict_keys(['example_time_delta_sensor_async']) retrieved from /home/airflow/.local/lib/python3.7/site-packages/airflow/example_dags/example_time_delta_sensor_async.py
[2024-09-10 14:33:28,777] {logging_mixin.py:115} INFO - [2024-09-10 14:33:28,777] {dag.py:2379} INFO - Sync 1 DAGs
[2024-09-10 14:33:28,824] {logging_mixin.py:115} INFO - [2024-09-10 14:33:28,824] {dag.py:2927} INFO - Setting next_dagrun for example_time_delta_sensor_async to None, run_after=None
[2024-09-10 14:33:28,861] {processor.py:161} INFO - Processing /home/airflow/.local/lib/python3.7/site-packages/airflow/example_dags/example_time_delta_sensor_async.py took 0.455 seconds
[2024-09-10 14:33:59,217] {processor.py:153} INFO - Started process (PID=444) to work on /home/airflow/.local/lib/python3.7/site-packages/airflow/example_dags/example_time_delta_sensor_async.py
[2024-09-10 14:33:59,217] {processor.py:641} INFO - Processing file /home/airflow/.local/lib/python3.7/site-packages/airflow/example_dags/example_time_delta_sensor_async.py for tasks to queue
[2024-09-10 14:33:59,218] {logging_mixin.py:115} INFO - [2024-09-10 14:33:59,218] {dagbag.py:507} INFO - Filling up the DagBag from /home/airflow/.local/lib/python3.7/site-packages/airflow/example_dags/example_time_delta_sensor_async.py
[2024-09-10 14:33:59,225] {processor.py:651} INFO - DAG(s) dict_keys(['example_time_delta_sensor_async']) retrieved from /home/airflow/.local/lib/python3.7/site-packages/airflow/example_dags/example_time_delta_sensor_async.py
[2024-09-10 14:33:59,270] {logging_mixin.py:115} INFO - [2024-09-10 14:33:59,270] {dag.py:2379} INFO - Sync 1 DAGs
[2024-09-10 14:33:59,297] {logging_mixin.py:115} INFO - [2024-09-10 14:33:59,296] {dag.py:2927} INFO - Setting next_dagrun for example_time_delta_sensor_async to None, run_after=None
[2024-09-10 14:33:59,309] {processor.py:161} INFO - Processing /home/airflow/.local/lib/python3.7/site-packages/airflow/example_dags/example_time_delta_sensor_async.py took 0.097 seconds
[2024-09-10 14:34:29,742] {processor.py:153} INFO - Started process (PID=486) to work on /home/airflow/.local/lib/python3.7/site-packages/airflow/example_dags/example_time_delta_sensor_async.py
[2024-09-10 14:34:29,743] {processor.py:641} INFO - Processing file /home/airflow/.local/lib/python3.7/site-packages/airflow/example_dags/example_time_delta_sensor_async.py for tasks to queue
[2024-09-10 14:34:29,743] {logging_mixin.py:115} INFO - [2024-09-10 14:34:29,743] {dagbag.py:507} INFO - Filling up the DagBag from /home/airflow/.local/lib/python3.7/site-packages/airflow/example_dags/example_time_delta_sensor_async.py
[2024-09-10 14:34:29,750] {processor.py:651} INFO - DAG(s) dict_keys(['example_time_delta_sensor_async']) retrieved from /home/airflow/.local/lib/python3.7/site-packages/airflow/example_dags/example_time_delta_sensor_async.py
[2024-09-10 14:34:29,796] {logging_mixin.py:115} INFO - [2024-09-10 14:34:29,796] {dag.py:2379} INFO - Sync 1 DAGs
[2024-09-10 14:34:29,824] {logging_mixin.py:115} INFO - [2024-09-10 14:34:29,824] {dag.py:2927} INFO - Setting next_dagrun for example_time_delta_sensor_async to None, run_after=None
[2024-09-10 14:34:29,838] {processor.py:161} INFO - Processing /home/airflow/.local/lib/python3.7/site-packages/airflow/example_dags/example_time_delta_sensor_async.py took 0.099 seconds
[2024-09-10 14:35:14,554] {processor.py:153} INFO - Started process (PID=535) to work on /home/airflow/.local/lib/python3.7/site-packages/airflow/example_dags/example_time_delta_sensor_async.py
[2024-09-10 14:35:14,555] {processor.py:641} INFO - Processing file /home/airflow/.local/lib/python3.7/site-packages/airflow/example_dags/example_time_delta_sensor_async.py for tasks to queue
[2024-09-10 14:35:14,555] {logging_mixin.py:115} INFO - [2024-09-10 14:35:14,555] {dagbag.py:507} INFO - Filling up the DagBag from /home/airflow/.local/lib/python3.7/site-packages/airflow/example_dags/example_time_delta_sensor_async.py
[2024-09-10 14:35:14,561] {processor.py:651} INFO - DAG(s) dict_keys(['example_time_delta_sensor_async']) retrieved from /home/airflow/.local/lib/python3.7/site-packages/airflow/example_dags/example_time_delta_sensor_async.py
[2024-09-10 14:35:14,595] {logging_mixin.py:115} INFO - [2024-09-10 14:35:14,595] {dag.py:2379} INFO - Sync 1 DAGs
[2024-09-10 14:35:14,616] {logging_mixin.py:115} INFO - [2024-09-10 14:35:14,616] {dag.py:2927} INFO - Setting next_dagrun for example_time_delta_sensor_async to None, run_after=None
[2024-09-10 14:35:14,627] {processor.py:161} INFO - Processing /home/airflow/.local/lib/python3.7/site-packages/airflow/example_dags/example_time_delta_sensor_async.py took 0.076 seconds
