[2024-09-10 14:29:45,455] {processor.py:153} INFO - Started process (PID=68) to work on /home/airflow/.local/lib/python3.7/site-packages/airflow/example_dags/example_skip_dag.py
[2024-09-10 14:29:45,456] {processor.py:641} INFO - Processing file /home/airflow/.local/lib/python3.7/site-packages/airflow/example_dags/example_skip_dag.py for tasks to queue
[2024-09-10 14:29:45,457] {logging_mixin.py:115} INFO - [2024-09-10 14:29:45,457] {dagbag.py:507} INFO - Filling up the DagBag from /home/airflow/.local/lib/python3.7/site-packages/airflow/example_dags/example_skip_dag.py
[2024-09-10 14:29:45,464] {processor.py:651} INFO - DAG(s) dict_keys(['example_skip_dag']) retrieved from /home/airflow/.local/lib/python3.7/site-packages/airflow/example_dags/example_skip_dag.py
[2024-09-10 14:29:45,778] {logging_mixin.py:115} INFO - [2024-09-10 14:29:45,778] {manager.py:508} INFO - Created Permission View: can delete on DAG:example_skip_dag
[2024-09-10 14:29:45,822] {logging_mixin.py:115} INFO - [2024-09-10 14:29:45,822] {dag.py:2379} INFO - Sync 1 DAGs
[2024-09-10 14:29:46,287] {logging_mixin.py:115} INFO - [2024-09-10 14:29:46,287] {dag.py:2927} INFO - Setting next_dagrun for example_skip_dag to 2024-09-09T14:29:46.286728+00:00, run_after=2024-09-10T14:29:46.286728+00:00
[2024-09-10 14:29:46,340] {processor.py:161} INFO - Processing /home/airflow/.local/lib/python3.7/site-packages/airflow/example_dags/example_skip_dag.py took 0.888 seconds
[2024-09-10 14:30:16,611] {processor.py:153} INFO - Started process (PID=129) to work on /home/airflow/.local/lib/python3.7/site-packages/airflow/example_dags/example_skip_dag.py
[2024-09-10 14:30:16,612] {processor.py:641} INFO - Processing file /home/airflow/.local/lib/python3.7/site-packages/airflow/example_dags/example_skip_dag.py for tasks to queue
[2024-09-10 14:30:16,612] {logging_mixin.py:115} INFO - [2024-09-10 14:30:16,612] {dagbag.py:507} INFO - Filling up the DagBag from /home/airflow/.local/lib/python3.7/site-packages/airflow/example_dags/example_skip_dag.py
[2024-09-10 14:30:16,618] {processor.py:651} INFO - DAG(s) dict_keys(['example_skip_dag']) retrieved from /home/airflow/.local/lib/python3.7/site-packages/airflow/example_dags/example_skip_dag.py
[2024-09-10 14:30:16,652] {logging_mixin.py:115} INFO - [2024-09-10 14:30:16,652] {dag.py:2379} INFO - Sync 1 DAGs
[2024-09-10 14:30:16,678] {logging_mixin.py:115} INFO - [2024-09-10 14:30:16,678] {dag.py:2927} INFO - Setting next_dagrun for example_skip_dag to 2024-09-09T14:30:16.678499+00:00, run_after=2024-09-10T14:30:16.678499+00:00
[2024-09-10 14:30:16,691] {processor.py:161} INFO - Processing /home/airflow/.local/lib/python3.7/site-packages/airflow/example_dags/example_skip_dag.py took 0.083 seconds
[2024-09-10 14:30:47,074] {processor.py:153} INFO - Started process (PID=172) to work on /home/airflow/.local/lib/python3.7/site-packages/airflow/example_dags/example_skip_dag.py
[2024-09-10 14:30:47,075] {processor.py:641} INFO - Processing file /home/airflow/.local/lib/python3.7/site-packages/airflow/example_dags/example_skip_dag.py for tasks to queue
[2024-09-10 14:30:47,076] {logging_mixin.py:115} INFO - [2024-09-10 14:30:47,075] {dagbag.py:507} INFO - Filling up the DagBag from /home/airflow/.local/lib/python3.7/site-packages/airflow/example_dags/example_skip_dag.py
[2024-09-10 14:30:47,082] {processor.py:651} INFO - DAG(s) dict_keys(['example_skip_dag']) retrieved from /home/airflow/.local/lib/python3.7/site-packages/airflow/example_dags/example_skip_dag.py
[2024-09-10 14:30:47,116] {logging_mixin.py:115} INFO - [2024-09-10 14:30:47,116] {dag.py:2379} INFO - Sync 1 DAGs
[2024-09-10 14:30:47,147] {logging_mixin.py:115} INFO - [2024-09-10 14:30:47,147] {dag.py:2927} INFO - Setting next_dagrun for example_skip_dag to 2024-09-09T14:30:47.146925+00:00, run_after=2024-09-10T14:30:47.146925+00:00
[2024-09-10 14:30:47,163] {processor.py:161} INFO - Processing /home/airflow/.local/lib/python3.7/site-packages/airflow/example_dags/example_skip_dag.py took 0.093 seconds
[2024-09-10 14:31:17,448] {processor.py:153} INFO - Started process (PID=213) to work on /home/airflow/.local/lib/python3.7/site-packages/airflow/example_dags/example_skip_dag.py
[2024-09-10 14:31:17,449] {processor.py:641} INFO - Processing file /home/airflow/.local/lib/python3.7/site-packages/airflow/example_dags/example_skip_dag.py for tasks to queue
[2024-09-10 14:31:17,450] {logging_mixin.py:115} INFO - [2024-09-10 14:31:17,450] {dagbag.py:507} INFO - Filling up the DagBag from /home/airflow/.local/lib/python3.7/site-packages/airflow/example_dags/example_skip_dag.py
[2024-09-10 14:31:17,456] {processor.py:651} INFO - DAG(s) dict_keys(['example_skip_dag']) retrieved from /home/airflow/.local/lib/python3.7/site-packages/airflow/example_dags/example_skip_dag.py
[2024-09-10 14:31:17,486] {logging_mixin.py:115} INFO - [2024-09-10 14:31:17,485] {dag.py:2379} INFO - Sync 1 DAGs
[2024-09-10 14:31:17,513] {logging_mixin.py:115} INFO - [2024-09-10 14:31:17,512] {dag.py:2927} INFO - Setting next_dagrun for example_skip_dag to 2024-09-09T14:31:17.512619+00:00, run_after=2024-09-10T14:31:17.512619+00:00
[2024-09-10 14:31:17,526] {processor.py:161} INFO - Processing /home/airflow/.local/lib/python3.7/site-packages/airflow/example_dags/example_skip_dag.py took 0.082 seconds
[2024-09-10 14:31:47,700] {processor.py:153} INFO - Started process (PID=255) to work on /home/airflow/.local/lib/python3.7/site-packages/airflow/example_dags/example_skip_dag.py
[2024-09-10 14:31:47,701] {processor.py:641} INFO - Processing file /home/airflow/.local/lib/python3.7/site-packages/airflow/example_dags/example_skip_dag.py for tasks to queue
[2024-09-10 14:31:47,701] {logging_mixin.py:115} INFO - [2024-09-10 14:31:47,701] {dagbag.py:507} INFO - Filling up the DagBag from /home/airflow/.local/lib/python3.7/site-packages/airflow/example_dags/example_skip_dag.py
[2024-09-10 14:31:47,710] {processor.py:651} INFO - DAG(s) dict_keys(['example_skip_dag']) retrieved from /home/airflow/.local/lib/python3.7/site-packages/airflow/example_dags/example_skip_dag.py
[2024-09-10 14:31:47,759] {logging_mixin.py:115} INFO - [2024-09-10 14:31:47,759] {dag.py:2379} INFO - Sync 1 DAGs
[2024-09-10 14:31:47,790] {logging_mixin.py:115} INFO - [2024-09-10 14:31:47,790] {dag.py:2927} INFO - Setting next_dagrun for example_skip_dag to 2024-09-09T14:31:47.789773+00:00, run_after=2024-09-10T14:31:47.789773+00:00
[2024-09-10 14:31:47,806] {processor.py:161} INFO - Processing /home/airflow/.local/lib/python3.7/site-packages/airflow/example_dags/example_skip_dag.py took 0.111 seconds
[2024-09-10 14:32:18,071] {processor.py:153} INFO - Started process (PID=298) to work on /home/airflow/.local/lib/python3.7/site-packages/airflow/example_dags/example_skip_dag.py
[2024-09-10 14:32:18,072] {processor.py:641} INFO - Processing file /home/airflow/.local/lib/python3.7/site-packages/airflow/example_dags/example_skip_dag.py for tasks to queue
[2024-09-10 14:32:18,073] {logging_mixin.py:115} INFO - [2024-09-10 14:32:18,072] {dagbag.py:507} INFO - Filling up the DagBag from /home/airflow/.local/lib/python3.7/site-packages/airflow/example_dags/example_skip_dag.py
[2024-09-10 14:32:18,080] {processor.py:651} INFO - DAG(s) dict_keys(['example_skip_dag']) retrieved from /home/airflow/.local/lib/python3.7/site-packages/airflow/example_dags/example_skip_dag.py
[2024-09-10 14:32:18,135] {logging_mixin.py:115} INFO - [2024-09-10 14:32:18,134] {dag.py:2379} INFO - Sync 1 DAGs
[2024-09-10 14:32:18,166] {logging_mixin.py:115} INFO - [2024-09-10 14:32:18,166] {dag.py:2927} INFO - Setting next_dagrun for example_skip_dag to 2024-09-09T14:32:18.165654+00:00, run_after=2024-09-10T14:32:18.165654+00:00
[2024-09-10 14:32:18,180] {processor.py:161} INFO - Processing /home/airflow/.local/lib/python3.7/site-packages/airflow/example_dags/example_skip_dag.py took 0.113 seconds
[2024-09-10 14:32:48,809] {processor.py:153} INFO - Started process (PID=340) to work on /home/airflow/.local/lib/python3.7/site-packages/airflow/example_dags/example_skip_dag.py
[2024-09-10 14:32:48,809] {processor.py:641} INFO - Processing file /home/airflow/.local/lib/python3.7/site-packages/airflow/example_dags/example_skip_dag.py for tasks to queue
[2024-09-10 14:32:48,811] {logging_mixin.py:115} INFO - [2024-09-10 14:32:48,810] {dagbag.py:507} INFO - Filling up the DagBag from /home/airflow/.local/lib/python3.7/site-packages/airflow/example_dags/example_skip_dag.py
[2024-09-10 14:32:48,820] {processor.py:651} INFO - DAG(s) dict_keys(['example_skip_dag']) retrieved from /home/airflow/.local/lib/python3.7/site-packages/airflow/example_dags/example_skip_dag.py
[2024-09-10 14:32:48,859] {logging_mixin.py:115} INFO - [2024-09-10 14:32:48,859] {dag.py:2379} INFO - Sync 1 DAGs
[2024-09-10 14:32:48,887] {logging_mixin.py:115} INFO - [2024-09-10 14:32:48,887] {dag.py:2927} INFO - Setting next_dagrun for example_skip_dag to 2024-09-09T14:32:48.887043+00:00, run_after=2024-09-10T14:32:48.887043+00:00
[2024-09-10 14:32:48,903] {processor.py:161} INFO - Processing /home/airflow/.local/lib/python3.7/site-packages/airflow/example_dags/example_skip_dag.py took 0.098 seconds
[2024-09-10 14:33:19,212] {processor.py:153} INFO - Started process (PID=383) to work on /home/airflow/.local/lib/python3.7/site-packages/airflow/example_dags/example_skip_dag.py
[2024-09-10 14:33:19,213] {processor.py:641} INFO - Processing file /home/airflow/.local/lib/python3.7/site-packages/airflow/example_dags/example_skip_dag.py for tasks to queue
[2024-09-10 14:33:19,213] {logging_mixin.py:115} INFO - [2024-09-10 14:33:19,213] {dagbag.py:507} INFO - Filling up the DagBag from /home/airflow/.local/lib/python3.7/site-packages/airflow/example_dags/example_skip_dag.py
[2024-09-10 14:33:19,222] {processor.py:651} INFO - DAG(s) dict_keys(['example_skip_dag']) retrieved from /home/airflow/.local/lib/python3.7/site-packages/airflow/example_dags/example_skip_dag.py
[2024-09-10 14:33:19,281] {logging_mixin.py:115} INFO - [2024-09-10 14:33:19,281] {dag.py:2379} INFO - Sync 1 DAGs
[2024-09-10 14:33:19,320] {logging_mixin.py:115} INFO - [2024-09-10 14:33:19,320] {dag.py:2927} INFO - Setting next_dagrun for example_skip_dag to 2024-09-09T14:33:19.320512+00:00, run_after=2024-09-10T14:33:19.320512+00:00
[2024-09-10 14:33:19,335] {processor.py:161} INFO - Processing /home/airflow/.local/lib/python3.7/site-packages/airflow/example_dags/example_skip_dag.py took 0.127 seconds
[2024-09-10 14:33:54,192] {processor.py:153} INFO - Started process (PID=427) to work on /home/airflow/.local/lib/python3.7/site-packages/airflow/example_dags/example_skip_dag.py
[2024-09-10 14:33:54,193] {processor.py:641} INFO - Processing file /home/airflow/.local/lib/python3.7/site-packages/airflow/example_dags/example_skip_dag.py for tasks to queue
[2024-09-10 14:33:54,194] {logging_mixin.py:115} INFO - [2024-09-10 14:33:54,194] {dagbag.py:507} INFO - Filling up the DagBag from /home/airflow/.local/lib/python3.7/site-packages/airflow/example_dags/example_skip_dag.py
[2024-09-10 14:33:54,211] {processor.py:651} INFO - DAG(s) dict_keys(['example_skip_dag']) retrieved from /home/airflow/.local/lib/python3.7/site-packages/airflow/example_dags/example_skip_dag.py
[2024-09-10 14:33:54,305] {logging_mixin.py:115} INFO - [2024-09-10 14:33:54,305] {dag.py:2379} INFO - Sync 1 DAGs
[2024-09-10 14:33:54,359] {logging_mixin.py:115} INFO - [2024-09-10 14:33:54,359] {dag.py:2927} INFO - Setting next_dagrun for example_skip_dag to 2024-09-09T14:33:54.358987+00:00, run_after=2024-09-10T14:33:54.358987+00:00
[2024-09-10 14:33:54,396] {processor.py:161} INFO - Processing /home/airflow/.local/lib/python3.7/site-packages/airflow/example_dags/example_skip_dag.py took 0.209 seconds
[2024-09-10 14:34:24,478] {processor.py:153} INFO - Started process (PID=468) to work on /home/airflow/.local/lib/python3.7/site-packages/airflow/example_dags/example_skip_dag.py
[2024-09-10 14:34:24,479] {processor.py:641} INFO - Processing file /home/airflow/.local/lib/python3.7/site-packages/airflow/example_dags/example_skip_dag.py for tasks to queue
[2024-09-10 14:34:24,479] {logging_mixin.py:115} INFO - [2024-09-10 14:34:24,479] {dagbag.py:507} INFO - Filling up the DagBag from /home/airflow/.local/lib/python3.7/site-packages/airflow/example_dags/example_skip_dag.py
[2024-09-10 14:34:24,485] {processor.py:651} INFO - DAG(s) dict_keys(['example_skip_dag']) retrieved from /home/airflow/.local/lib/python3.7/site-packages/airflow/example_dags/example_skip_dag.py
[2024-09-10 14:34:24,517] {logging_mixin.py:115} INFO - [2024-09-10 14:34:24,517] {dag.py:2379} INFO - Sync 1 DAGs
[2024-09-10 14:34:24,546] {logging_mixin.py:115} INFO - [2024-09-10 14:34:24,545] {dag.py:2927} INFO - Setting next_dagrun for example_skip_dag to 2024-09-09T14:34:24.545642+00:00, run_after=2024-09-10T14:34:24.545642+00:00
[2024-09-10 14:34:24,560] {processor.py:161} INFO - Processing /home/airflow/.local/lib/python3.7/site-packages/airflow/example_dags/example_skip_dag.py took 0.085 seconds
[2024-09-10 14:35:13,156] {processor.py:153} INFO - Started process (PID=519) to work on /home/airflow/.local/lib/python3.7/site-packages/airflow/example_dags/example_skip_dag.py
[2024-09-10 14:35:13,156] {processor.py:641} INFO - Processing file /home/airflow/.local/lib/python3.7/site-packages/airflow/example_dags/example_skip_dag.py for tasks to queue
[2024-09-10 14:35:13,157] {logging_mixin.py:115} INFO - [2024-09-10 14:35:13,157] {dagbag.py:507} INFO - Filling up the DagBag from /home/airflow/.local/lib/python3.7/site-packages/airflow/example_dags/example_skip_dag.py
[2024-09-10 14:35:13,165] {processor.py:651} INFO - DAG(s) dict_keys(['example_skip_dag']) retrieved from /home/airflow/.local/lib/python3.7/site-packages/airflow/example_dags/example_skip_dag.py
[2024-09-10 14:35:13,199] {logging_mixin.py:115} INFO - [2024-09-10 14:35:13,199] {dag.py:2379} INFO - Sync 1 DAGs
[2024-09-10 14:35:13,238] {logging_mixin.py:115} INFO - [2024-09-10 14:35:13,238] {dag.py:2927} INFO - Setting next_dagrun for example_skip_dag to 2024-09-09T14:35:13.238118+00:00, run_after=2024-09-10T14:35:13.238118+00:00
[2024-09-10 14:35:13,259] {processor.py:161} INFO - Processing /home/airflow/.local/lib/python3.7/site-packages/airflow/example_dags/example_skip_dag.py took 0.107 seconds
