[2024-09-10 14:29:51,851] {processor.py:153} INFO - Started process (PID=93) to work on /home/airflow/.local/lib/python3.7/site-packages/airflow/example_dags/example_bash_operator.py
[2024-09-10 14:29:51,852] {processor.py:641} INFO - Processing file /home/airflow/.local/lib/python3.7/site-packages/airflow/example_dags/example_bash_operator.py for tasks to queue
[2024-09-10 14:29:51,853] {logging_mixin.py:115} INFO - [2024-09-10 14:29:51,853] {dagbag.py:507} INFO - Filling up the DagBag from /home/airflow/.local/lib/python3.7/site-packages/airflow/example_dags/example_bash_operator.py
[2024-09-10 14:29:51,869] {processor.py:651} INFO - DAG(s) dict_keys(['example_bash_operator']) retrieved from /home/airflow/.local/lib/python3.7/site-packages/airflow/example_dags/example_bash_operator.py
[2024-09-10 14:29:52,322] {logging_mixin.py:115} INFO - [2024-09-10 14:29:52,322] {manager.py:508} INFO - Created Permission View: can delete on DAG:example_bash_operator
[2024-09-10 14:29:52,336] {logging_mixin.py:115} INFO - [2024-09-10 14:29:52,336] {dag.py:2379} INFO - Sync 1 DAGs
[2024-09-10 14:29:52,361] {logging_mixin.py:115} INFO - [2024-09-10 14:29:52,361] {dag.py:2927} INFO - Setting next_dagrun for example_bash_operator to 2024-09-09T00:00:00+00:00, run_after=2024-09-10T00:00:00+00:00
[2024-09-10 14:29:52,380] {processor.py:161} INFO - Processing /home/airflow/.local/lib/python3.7/site-packages/airflow/example_dags/example_bash_operator.py took 0.532 seconds
[2024-09-10 14:30:22,596] {processor.py:153} INFO - Started process (PID=142) to work on /home/airflow/.local/lib/python3.7/site-packages/airflow/example_dags/example_bash_operator.py
[2024-09-10 14:30:22,597] {processor.py:641} INFO - Processing file /home/airflow/.local/lib/python3.7/site-packages/airflow/example_dags/example_bash_operator.py for tasks to queue
[2024-09-10 14:30:22,597] {logging_mixin.py:115} INFO - [2024-09-10 14:30:22,597] {dagbag.py:507} INFO - Filling up the DagBag from /home/airflow/.local/lib/python3.7/site-packages/airflow/example_dags/example_bash_operator.py
[2024-09-10 14:30:22,610] {processor.py:651} INFO - DAG(s) dict_keys(['example_bash_operator']) retrieved from /home/airflow/.local/lib/python3.7/site-packages/airflow/example_dags/example_bash_operator.py
[2024-09-10 14:30:22,640] {logging_mixin.py:115} INFO - [2024-09-10 14:30:22,640] {dag.py:2379} INFO - Sync 1 DAGs
[2024-09-10 14:30:22,668] {logging_mixin.py:115} INFO - [2024-09-10 14:30:22,668] {dag.py:2927} INFO - Setting next_dagrun for example_bash_operator to 2024-09-09T00:00:00+00:00, run_after=2024-09-10T00:00:00+00:00
[2024-09-10 14:30:22,680] {processor.py:161} INFO - Processing /home/airflow/.local/lib/python3.7/site-packages/airflow/example_dags/example_bash_operator.py took 0.089 seconds
[2024-09-10 14:30:52,864] {processor.py:153} INFO - Started process (PID=185) to work on /home/airflow/.local/lib/python3.7/site-packages/airflow/example_dags/example_bash_operator.py
[2024-09-10 14:30:52,864] {processor.py:641} INFO - Processing file /home/airflow/.local/lib/python3.7/site-packages/airflow/example_dags/example_bash_operator.py for tasks to queue
[2024-09-10 14:30:52,865] {logging_mixin.py:115} INFO - [2024-09-10 14:30:52,865] {dagbag.py:507} INFO - Filling up the DagBag from /home/airflow/.local/lib/python3.7/site-packages/airflow/example_dags/example_bash_operator.py
[2024-09-10 14:30:52,882] {processor.py:651} INFO - DAG(s) dict_keys(['example_bash_operator']) retrieved from /home/airflow/.local/lib/python3.7/site-packages/airflow/example_dags/example_bash_operator.py
[2024-09-10 14:30:52,941] {logging_mixin.py:115} INFO - [2024-09-10 14:30:52,940] {dag.py:2379} INFO - Sync 1 DAGs
[2024-09-10 14:30:52,974] {logging_mixin.py:115} INFO - [2024-09-10 14:30:52,974] {dag.py:2927} INFO - Setting next_dagrun for example_bash_operator to 2024-09-09T00:00:00+00:00, run_after=2024-09-10T00:00:00+00:00
[2024-09-10 14:30:52,988] {processor.py:161} INFO - Processing /home/airflow/.local/lib/python3.7/site-packages/airflow/example_dags/example_bash_operator.py took 0.129 seconds
[2024-09-10 14:31:23,295] {processor.py:153} INFO - Started process (PID=227) to work on /home/airflow/.local/lib/python3.7/site-packages/airflow/example_dags/example_bash_operator.py
[2024-09-10 14:31:23,296] {processor.py:641} INFO - Processing file /home/airflow/.local/lib/python3.7/site-packages/airflow/example_dags/example_bash_operator.py for tasks to queue
[2024-09-10 14:31:23,296] {logging_mixin.py:115} INFO - [2024-09-10 14:31:23,296] {dagbag.py:507} INFO - Filling up the DagBag from /home/airflow/.local/lib/python3.7/site-packages/airflow/example_dags/example_bash_operator.py
[2024-09-10 14:31:23,313] {processor.py:651} INFO - DAG(s) dict_keys(['example_bash_operator']) retrieved from /home/airflow/.local/lib/python3.7/site-packages/airflow/example_dags/example_bash_operator.py
[2024-09-10 14:31:23,361] {logging_mixin.py:115} INFO - [2024-09-10 14:31:23,361] {dag.py:2379} INFO - Sync 1 DAGs
[2024-09-10 14:31:23,397] {logging_mixin.py:115} INFO - [2024-09-10 14:31:23,397] {dag.py:2927} INFO - Setting next_dagrun for example_bash_operator to 2024-09-09T00:00:00+00:00, run_after=2024-09-10T00:00:00+00:00
[2024-09-10 14:31:23,411] {processor.py:161} INFO - Processing /home/airflow/.local/lib/python3.7/site-packages/airflow/example_dags/example_bash_operator.py took 0.119 seconds
[2024-09-10 14:31:54,038] {processor.py:153} INFO - Started process (PID=269) to work on /home/airflow/.local/lib/python3.7/site-packages/airflow/example_dags/example_bash_operator.py
[2024-09-10 14:31:54,039] {processor.py:641} INFO - Processing file /home/airflow/.local/lib/python3.7/site-packages/airflow/example_dags/example_bash_operator.py for tasks to queue
[2024-09-10 14:31:54,040] {logging_mixin.py:115} INFO - [2024-09-10 14:31:54,040] {dagbag.py:507} INFO - Filling up the DagBag from /home/airflow/.local/lib/python3.7/site-packages/airflow/example_dags/example_bash_operator.py
[2024-09-10 14:31:54,060] {processor.py:651} INFO - DAG(s) dict_keys(['example_bash_operator']) retrieved from /home/airflow/.local/lib/python3.7/site-packages/airflow/example_dags/example_bash_operator.py
[2024-09-10 14:31:54,105] {logging_mixin.py:115} INFO - [2024-09-10 14:31:54,105] {dag.py:2379} INFO - Sync 1 DAGs
[2024-09-10 14:31:54,151] {logging_mixin.py:115} INFO - [2024-09-10 14:31:54,151] {dag.py:2927} INFO - Setting next_dagrun for example_bash_operator to 2024-09-09T00:00:00+00:00, run_after=2024-09-10T00:00:00+00:00
[2024-09-10 14:31:54,169] {processor.py:161} INFO - Processing /home/airflow/.local/lib/python3.7/site-packages/airflow/example_dags/example_bash_operator.py took 0.135 seconds
[2024-09-10 14:32:25,180] {processor.py:153} INFO - Started process (PID=312) to work on /home/airflow/.local/lib/python3.7/site-packages/airflow/example_dags/example_bash_operator.py
[2024-09-10 14:32:25,181] {processor.py:641} INFO - Processing file /home/airflow/.local/lib/python3.7/site-packages/airflow/example_dags/example_bash_operator.py for tasks to queue
[2024-09-10 14:32:25,181] {logging_mixin.py:115} INFO - [2024-09-10 14:32:25,181] {dagbag.py:507} INFO - Filling up the DagBag from /home/airflow/.local/lib/python3.7/site-packages/airflow/example_dags/example_bash_operator.py
[2024-09-10 14:32:25,197] {processor.py:651} INFO - DAG(s) dict_keys(['example_bash_operator']) retrieved from /home/airflow/.local/lib/python3.7/site-packages/airflow/example_dags/example_bash_operator.py
[2024-09-10 14:32:25,246] {logging_mixin.py:115} INFO - [2024-09-10 14:32:25,246] {dag.py:2379} INFO - Sync 1 DAGs
[2024-09-10 14:32:25,281] {logging_mixin.py:115} INFO - [2024-09-10 14:32:25,281] {dag.py:2927} INFO - Setting next_dagrun for example_bash_operator to 2024-09-09T00:00:00+00:00, run_after=2024-09-10T00:00:00+00:00
[2024-09-10 14:32:25,296] {processor.py:161} INFO - Processing /home/airflow/.local/lib/python3.7/site-packages/airflow/example_dags/example_bash_operator.py took 0.120 seconds
[2024-09-10 14:32:56,205] {processor.py:153} INFO - Started process (PID=354) to work on /home/airflow/.local/lib/python3.7/site-packages/airflow/example_dags/example_bash_operator.py
[2024-09-10 14:32:56,208] {processor.py:641} INFO - Processing file /home/airflow/.local/lib/python3.7/site-packages/airflow/example_dags/example_bash_operator.py for tasks to queue
[2024-09-10 14:32:56,212] {logging_mixin.py:115} INFO - [2024-09-10 14:32:56,212] {dagbag.py:507} INFO - Filling up the DagBag from /home/airflow/.local/lib/python3.7/site-packages/airflow/example_dags/example_bash_operator.py
[2024-09-10 14:32:56,256] {processor.py:651} INFO - DAG(s) dict_keys(['example_bash_operator']) retrieved from /home/airflow/.local/lib/python3.7/site-packages/airflow/example_dags/example_bash_operator.py
[2024-09-10 14:32:56,348] {logging_mixin.py:115} INFO - [2024-09-10 14:32:56,347] {dag.py:2379} INFO - Sync 1 DAGs
[2024-09-10 14:32:56,383] {logging_mixin.py:115} INFO - [2024-09-10 14:32:56,382] {dag.py:2927} INFO - Setting next_dagrun for example_bash_operator to 2024-09-09T00:00:00+00:00, run_after=2024-09-10T00:00:00+00:00
[2024-09-10 14:32:56,400] {processor.py:161} INFO - Processing /home/airflow/.local/lib/python3.7/site-packages/airflow/example_dags/example_bash_operator.py took 0.200 seconds
[2024-09-10 14:33:26,556] {processor.py:153} INFO - Started process (PID=398) to work on /home/airflow/.local/lib/python3.7/site-packages/airflow/example_dags/example_bash_operator.py
[2024-09-10 14:33:26,557] {processor.py:641} INFO - Processing file /home/airflow/.local/lib/python3.7/site-packages/airflow/example_dags/example_bash_operator.py for tasks to queue
[2024-09-10 14:33:26,558] {logging_mixin.py:115} INFO - [2024-09-10 14:33:26,558] {dagbag.py:507} INFO - Filling up the DagBag from /home/airflow/.local/lib/python3.7/site-packages/airflow/example_dags/example_bash_operator.py
[2024-09-10 14:33:26,586] {processor.py:651} INFO - DAG(s) dict_keys(['example_bash_operator']) retrieved from /home/airflow/.local/lib/python3.7/site-packages/airflow/example_dags/example_bash_operator.py
[2024-09-10 14:33:26,673] {logging_mixin.py:115} INFO - [2024-09-10 14:33:26,673] {dag.py:2379} INFO - Sync 1 DAGs
[2024-09-10 14:33:26,774] {logging_mixin.py:115} INFO - [2024-09-10 14:33:26,774] {dag.py:2927} INFO - Setting next_dagrun for example_bash_operator to 2024-09-09T00:00:00+00:00, run_after=2024-09-10T00:00:00+00:00
[2024-09-10 14:33:26,816] {processor.py:161} INFO - Processing /home/airflow/.local/lib/python3.7/site-packages/airflow/example_dags/example_bash_operator.py took 0.264 seconds
[2024-09-10 14:33:56,880] {processor.py:153} INFO - Started process (PID=439) to work on /home/airflow/.local/lib/python3.7/site-packages/airflow/example_dags/example_bash_operator.py
[2024-09-10 14:33:56,881] {processor.py:641} INFO - Processing file /home/airflow/.local/lib/python3.7/site-packages/airflow/example_dags/example_bash_operator.py for tasks to queue
[2024-09-10 14:33:56,882] {logging_mixin.py:115} INFO - [2024-09-10 14:33:56,882] {dagbag.py:507} INFO - Filling up the DagBag from /home/airflow/.local/lib/python3.7/site-packages/airflow/example_dags/example_bash_operator.py
[2024-09-10 14:33:56,892] {processor.py:651} INFO - DAG(s) dict_keys(['example_bash_operator']) retrieved from /home/airflow/.local/lib/python3.7/site-packages/airflow/example_dags/example_bash_operator.py
[2024-09-10 14:33:56,915] {logging_mixin.py:115} INFO - [2024-09-10 14:33:56,914] {dag.py:2379} INFO - Sync 1 DAGs
[2024-09-10 14:33:56,935] {logging_mixin.py:115} INFO - [2024-09-10 14:33:56,935] {dag.py:2927} INFO - Setting next_dagrun for example_bash_operator to 2024-09-09T00:00:00+00:00, run_after=2024-09-10T00:00:00+00:00
[2024-09-10 14:33:56,943] {processor.py:161} INFO - Processing /home/airflow/.local/lib/python3.7/site-packages/airflow/example_dags/example_bash_operator.py took 0.068 seconds
[2024-09-10 14:34:27,356] {processor.py:153} INFO - Started process (PID=481) to work on /home/airflow/.local/lib/python3.7/site-packages/airflow/example_dags/example_bash_operator.py
[2024-09-10 14:34:27,357] {processor.py:641} INFO - Processing file /home/airflow/.local/lib/python3.7/site-packages/airflow/example_dags/example_bash_operator.py for tasks to queue
[2024-09-10 14:34:27,357] {logging_mixin.py:115} INFO - [2024-09-10 14:34:27,357] {dagbag.py:507} INFO - Filling up the DagBag from /home/airflow/.local/lib/python3.7/site-packages/airflow/example_dags/example_bash_operator.py
[2024-09-10 14:34:27,371] {processor.py:651} INFO - DAG(s) dict_keys(['example_bash_operator']) retrieved from /home/airflow/.local/lib/python3.7/site-packages/airflow/example_dags/example_bash_operator.py
[2024-09-10 14:34:27,402] {logging_mixin.py:115} INFO - [2024-09-10 14:34:27,402] {dag.py:2379} INFO - Sync 1 DAGs
[2024-09-10 14:34:27,431] {logging_mixin.py:115} INFO - [2024-09-10 14:34:27,431] {dag.py:2927} INFO - Setting next_dagrun for example_bash_operator to 2024-09-09T00:00:00+00:00, run_after=2024-09-10T00:00:00+00:00
[2024-09-10 14:34:27,447] {processor.py:161} INFO - Processing /home/airflow/.local/lib/python3.7/site-packages/airflow/example_dags/example_bash_operator.py took 0.096 seconds
[2024-09-10 14:35:14,285] {processor.py:153} INFO - Started process (PID=532) to work on /home/airflow/.local/lib/python3.7/site-packages/airflow/example_dags/example_bash_operator.py
[2024-09-10 14:35:14,286] {processor.py:641} INFO - Processing file /home/airflow/.local/lib/python3.7/site-packages/airflow/example_dags/example_bash_operator.py for tasks to queue
[2024-09-10 14:35:14,286] {logging_mixin.py:115} INFO - [2024-09-10 14:35:14,286] {dagbag.py:507} INFO - Filling up the DagBag from /home/airflow/.local/lib/python3.7/site-packages/airflow/example_dags/example_bash_operator.py
[2024-09-10 14:35:14,298] {processor.py:651} INFO - DAG(s) dict_keys(['example_bash_operator']) retrieved from /home/airflow/.local/lib/python3.7/site-packages/airflow/example_dags/example_bash_operator.py
[2024-09-10 14:35:14,329] {logging_mixin.py:115} INFO - [2024-09-10 14:35:14,328] {dag.py:2379} INFO - Sync 1 DAGs
[2024-09-10 14:35:14,356] {logging_mixin.py:115} INFO - [2024-09-10 14:35:14,356] {dag.py:2927} INFO - Setting next_dagrun for example_bash_operator to 2024-09-09T00:00:00+00:00, run_after=2024-09-10T00:00:00+00:00
[2024-09-10 14:35:14,370] {processor.py:161} INFO - Processing /home/airflow/.local/lib/python3.7/site-packages/airflow/example_dags/example_bash_operator.py took 0.090 seconds
