[2024-09-10 14:29:46,398] {processor.py:153} INFO - Started process (PID=76) to work on /home/airflow/.local/lib/python3.7/site-packages/airflow/example_dags/tutorial.py
[2024-09-10 14:29:46,398] {processor.py:641} INFO - Processing file /home/airflow/.local/lib/python3.7/site-packages/airflow/example_dags/tutorial.py for tasks to queue
[2024-09-10 14:29:46,401] {logging_mixin.py:115} INFO - [2024-09-10 14:29:46,400] {dagbag.py:507} INFO - Filling up the DagBag from /home/airflow/.local/lib/python3.7/site-packages/airflow/example_dags/tutorial.py
[2024-09-10 14:29:46,419] {processor.py:651} INFO - DAG(s) dict_keys(['tutorial']) retrieved from /home/airflow/.local/lib/python3.7/site-packages/airflow/example_dags/tutorial.py
[2024-09-10 14:29:46,691] {logging_mixin.py:115} INFO - [2024-09-10 14:29:46,691] {manager.py:508} INFO - Created Permission View: can delete on DAG:tutorial
[2024-09-10 14:29:46,713] {logging_mixin.py:115} INFO - [2024-09-10 14:29:46,713] {dag.py:2379} INFO - Sync 1 DAGs
[2024-09-10 14:29:46,945] {logging_mixin.py:115} INFO - [2024-09-10 14:29:46,944] {dag.py:2927} INFO - Setting next_dagrun for tutorial to 2024-09-09T14:29:46.944487+00:00, run_after=2024-09-10T14:29:46.944487+00:00
[2024-09-10 14:29:46,985] {processor.py:161} INFO - Processing /home/airflow/.local/lib/python3.7/site-packages/airflow/example_dags/tutorial.py took 0.594 seconds
[2024-09-10 14:30:17,640] {processor.py:153} INFO - Started process (PID=131) to work on /home/airflow/.local/lib/python3.7/site-packages/airflow/example_dags/tutorial.py
[2024-09-10 14:30:17,641] {processor.py:641} INFO - Processing file /home/airflow/.local/lib/python3.7/site-packages/airflow/example_dags/tutorial.py for tasks to queue
[2024-09-10 14:30:17,641] {logging_mixin.py:115} INFO - [2024-09-10 14:30:17,641] {dagbag.py:507} INFO - Filling up the DagBag from /home/airflow/.local/lib/python3.7/site-packages/airflow/example_dags/tutorial.py
[2024-09-10 14:30:17,648] {processor.py:651} INFO - DAG(s) dict_keys(['tutorial']) retrieved from /home/airflow/.local/lib/python3.7/site-packages/airflow/example_dags/tutorial.py
[2024-09-10 14:30:17,679] {logging_mixin.py:115} INFO - [2024-09-10 14:30:17,679] {dag.py:2379} INFO - Sync 1 DAGs
[2024-09-10 14:30:17,710] {logging_mixin.py:115} INFO - [2024-09-10 14:30:17,710] {dag.py:2927} INFO - Setting next_dagrun for tutorial to 2024-09-09T14:30:17.709740+00:00, run_after=2024-09-10T14:30:17.709740+00:00
[2024-09-10 14:30:17,725] {processor.py:161} INFO - Processing /home/airflow/.local/lib/python3.7/site-packages/airflow/example_dags/tutorial.py took 0.088 seconds
[2024-09-10 14:30:48,202] {processor.py:153} INFO - Started process (PID=174) to work on /home/airflow/.local/lib/python3.7/site-packages/airflow/example_dags/tutorial.py
[2024-09-10 14:30:48,202] {processor.py:641} INFO - Processing file /home/airflow/.local/lib/python3.7/site-packages/airflow/example_dags/tutorial.py for tasks to queue
[2024-09-10 14:30:48,203] {logging_mixin.py:115} INFO - [2024-09-10 14:30:48,203] {dagbag.py:507} INFO - Filling up the DagBag from /home/airflow/.local/lib/python3.7/site-packages/airflow/example_dags/tutorial.py
[2024-09-10 14:30:48,212] {processor.py:651} INFO - DAG(s) dict_keys(['tutorial']) retrieved from /home/airflow/.local/lib/python3.7/site-packages/airflow/example_dags/tutorial.py
[2024-09-10 14:30:48,250] {logging_mixin.py:115} INFO - [2024-09-10 14:30:48,250] {dag.py:2379} INFO - Sync 1 DAGs
[2024-09-10 14:30:48,278] {logging_mixin.py:115} INFO - [2024-09-10 14:30:48,278] {dag.py:2927} INFO - Setting next_dagrun for tutorial to 2024-09-09T14:30:48.277651+00:00, run_after=2024-09-10T14:30:48.277651+00:00
[2024-09-10 14:30:48,293] {processor.py:161} INFO - Processing /home/airflow/.local/lib/python3.7/site-packages/airflow/example_dags/tutorial.py took 0.096 seconds
[2024-09-10 14:31:18,568] {processor.py:153} INFO - Started process (PID=216) to work on /home/airflow/.local/lib/python3.7/site-packages/airflow/example_dags/tutorial.py
[2024-09-10 14:31:18,569] {processor.py:641} INFO - Processing file /home/airflow/.local/lib/python3.7/site-packages/airflow/example_dags/tutorial.py for tasks to queue
[2024-09-10 14:31:18,570] {logging_mixin.py:115} INFO - [2024-09-10 14:31:18,570] {dagbag.py:507} INFO - Filling up the DagBag from /home/airflow/.local/lib/python3.7/site-packages/airflow/example_dags/tutorial.py
[2024-09-10 14:31:18,580] {processor.py:651} INFO - DAG(s) dict_keys(['tutorial']) retrieved from /home/airflow/.local/lib/python3.7/site-packages/airflow/example_dags/tutorial.py
[2024-09-10 14:31:18,609] {logging_mixin.py:115} INFO - [2024-09-10 14:31:18,609] {dag.py:2379} INFO - Sync 1 DAGs
[2024-09-10 14:31:18,640] {logging_mixin.py:115} INFO - [2024-09-10 14:31:18,640] {dag.py:2927} INFO - Setting next_dagrun for tutorial to 2024-09-09T14:31:18.636752+00:00, run_after=2024-09-10T14:31:18.636752+00:00
[2024-09-10 14:31:18,661] {processor.py:161} INFO - Processing /home/airflow/.local/lib/python3.7/site-packages/airflow/example_dags/tutorial.py took 0.096 seconds
[2024-09-10 14:31:48,933] {processor.py:153} INFO - Started process (PID=258) to work on /home/airflow/.local/lib/python3.7/site-packages/airflow/example_dags/tutorial.py
[2024-09-10 14:31:48,933] {processor.py:641} INFO - Processing file /home/airflow/.local/lib/python3.7/site-packages/airflow/example_dags/tutorial.py for tasks to queue
[2024-09-10 14:31:48,934] {logging_mixin.py:115} INFO - [2024-09-10 14:31:48,934] {dagbag.py:507} INFO - Filling up the DagBag from /home/airflow/.local/lib/python3.7/site-packages/airflow/example_dags/tutorial.py
[2024-09-10 14:31:48,944] {processor.py:651} INFO - DAG(s) dict_keys(['tutorial']) retrieved from /home/airflow/.local/lib/python3.7/site-packages/airflow/example_dags/tutorial.py
[2024-09-10 14:31:48,978] {logging_mixin.py:115} INFO - [2024-09-10 14:31:48,978] {dag.py:2379} INFO - Sync 1 DAGs
[2024-09-10 14:31:49,007] {logging_mixin.py:115} INFO - [2024-09-10 14:31:49,006] {dag.py:2927} INFO - Setting next_dagrun for tutorial to 2024-09-09T14:31:49.006445+00:00, run_after=2024-09-10T14:31:49.006445+00:00
[2024-09-10 14:31:49,021] {processor.py:161} INFO - Processing /home/airflow/.local/lib/python3.7/site-packages/airflow/example_dags/tutorial.py took 0.092 seconds
[2024-09-10 14:32:19,213] {processor.py:153} INFO - Started process (PID=300) to work on /home/airflow/.local/lib/python3.7/site-packages/airflow/example_dags/tutorial.py
[2024-09-10 14:32:19,214] {processor.py:641} INFO - Processing file /home/airflow/.local/lib/python3.7/site-packages/airflow/example_dags/tutorial.py for tasks to queue
[2024-09-10 14:32:19,215] {logging_mixin.py:115} INFO - [2024-09-10 14:32:19,215] {dagbag.py:507} INFO - Filling up the DagBag from /home/airflow/.local/lib/python3.7/site-packages/airflow/example_dags/tutorial.py
[2024-09-10 14:32:19,225] {processor.py:651} INFO - DAG(s) dict_keys(['tutorial']) retrieved from /home/airflow/.local/lib/python3.7/site-packages/airflow/example_dags/tutorial.py
[2024-09-10 14:32:19,256] {logging_mixin.py:115} INFO - [2024-09-10 14:32:19,256] {dag.py:2379} INFO - Sync 1 DAGs
[2024-09-10 14:32:19,282] {logging_mixin.py:115} INFO - [2024-09-10 14:32:19,282] {dag.py:2927} INFO - Setting next_dagrun for tutorial to 2024-09-09T14:32:19.282218+00:00, run_after=2024-09-10T14:32:19.282218+00:00
[2024-09-10 14:32:19,297] {processor.py:161} INFO - Processing /home/airflow/.local/lib/python3.7/site-packages/airflow/example_dags/tutorial.py took 0.087 seconds
[2024-09-10 14:32:50,065] {processor.py:153} INFO - Started process (PID=343) to work on /home/airflow/.local/lib/python3.7/site-packages/airflow/example_dags/tutorial.py
[2024-09-10 14:32:50,066] {processor.py:641} INFO - Processing file /home/airflow/.local/lib/python3.7/site-packages/airflow/example_dags/tutorial.py for tasks to queue
[2024-09-10 14:32:50,067] {logging_mixin.py:115} INFO - [2024-09-10 14:32:50,067] {dagbag.py:507} INFO - Filling up the DagBag from /home/airflow/.local/lib/python3.7/site-packages/airflow/example_dags/tutorial.py
[2024-09-10 14:32:50,076] {processor.py:651} INFO - DAG(s) dict_keys(['tutorial']) retrieved from /home/airflow/.local/lib/python3.7/site-packages/airflow/example_dags/tutorial.py
[2024-09-10 14:32:50,117] {logging_mixin.py:115} INFO - [2024-09-10 14:32:50,117] {dag.py:2379} INFO - Sync 1 DAGs
[2024-09-10 14:32:50,148] {logging_mixin.py:115} INFO - [2024-09-10 14:32:50,148] {dag.py:2927} INFO - Setting next_dagrun for tutorial to 2024-09-09T14:32:50.147843+00:00, run_after=2024-09-10T14:32:50.147843+00:00
[2024-09-10 14:32:50,167] {processor.py:161} INFO - Processing /home/airflow/.local/lib/python3.7/site-packages/airflow/example_dags/tutorial.py took 0.105 seconds
[2024-09-10 14:33:20,232] {processor.py:153} INFO - Started process (PID=385) to work on /home/airflow/.local/lib/python3.7/site-packages/airflow/example_dags/tutorial.py
[2024-09-10 14:33:20,232] {processor.py:641} INFO - Processing file /home/airflow/.local/lib/python3.7/site-packages/airflow/example_dags/tutorial.py for tasks to queue
[2024-09-10 14:33:20,233] {logging_mixin.py:115} INFO - [2024-09-10 14:33:20,233] {dagbag.py:507} INFO - Filling up the DagBag from /home/airflow/.local/lib/python3.7/site-packages/airflow/example_dags/tutorial.py
[2024-09-10 14:33:20,248] {processor.py:651} INFO - DAG(s) dict_keys(['tutorial']) retrieved from /home/airflow/.local/lib/python3.7/site-packages/airflow/example_dags/tutorial.py
[2024-09-10 14:33:20,283] {logging_mixin.py:115} INFO - [2024-09-10 14:33:20,283] {dag.py:2379} INFO - Sync 1 DAGs
[2024-09-10 14:33:20,312] {logging_mixin.py:115} INFO - [2024-09-10 14:33:20,312] {dag.py:2927} INFO - Setting next_dagrun for tutorial to 2024-09-09T14:33:20.312241+00:00, run_after=2024-09-10T14:33:20.312241+00:00
[2024-09-10 14:33:20,329] {processor.py:161} INFO - Processing /home/airflow/.local/lib/python3.7/site-packages/airflow/example_dags/tutorial.py took 0.101 seconds
[2024-09-10 14:33:54,666] {processor.py:153} INFO - Started process (PID=429) to work on /home/airflow/.local/lib/python3.7/site-packages/airflow/example_dags/tutorial.py
[2024-09-10 14:33:54,667] {processor.py:641} INFO - Processing file /home/airflow/.local/lib/python3.7/site-packages/airflow/example_dags/tutorial.py for tasks to queue
[2024-09-10 14:33:54,668] {logging_mixin.py:115} INFO - [2024-09-10 14:33:54,668] {dagbag.py:507} INFO - Filling up the DagBag from /home/airflow/.local/lib/python3.7/site-packages/airflow/example_dags/tutorial.py
[2024-09-10 14:33:54,678] {processor.py:651} INFO - DAG(s) dict_keys(['tutorial']) retrieved from /home/airflow/.local/lib/python3.7/site-packages/airflow/example_dags/tutorial.py
[2024-09-10 14:33:54,711] {logging_mixin.py:115} INFO - [2024-09-10 14:33:54,711] {dag.py:2379} INFO - Sync 1 DAGs
[2024-09-10 14:33:54,744] {logging_mixin.py:115} INFO - [2024-09-10 14:33:54,743] {dag.py:2927} INFO - Setting next_dagrun for tutorial to 2024-09-09T14:33:54.743586+00:00, run_after=2024-09-10T14:33:54.743586+00:00
[2024-09-10 14:33:54,758] {processor.py:161} INFO - Processing /home/airflow/.local/lib/python3.7/site-packages/airflow/example_dags/tutorial.py took 0.097 seconds
[2024-09-10 14:34:25,598] {processor.py:153} INFO - Started process (PID=471) to work on /home/airflow/.local/lib/python3.7/site-packages/airflow/example_dags/tutorial.py
[2024-09-10 14:34:25,599] {processor.py:641} INFO - Processing file /home/airflow/.local/lib/python3.7/site-packages/airflow/example_dags/tutorial.py for tasks to queue
[2024-09-10 14:34:25,599] {logging_mixin.py:115} INFO - [2024-09-10 14:34:25,599] {dagbag.py:507} INFO - Filling up the DagBag from /home/airflow/.local/lib/python3.7/site-packages/airflow/example_dags/tutorial.py
[2024-09-10 14:34:25,606] {processor.py:651} INFO - DAG(s) dict_keys(['tutorial']) retrieved from /home/airflow/.local/lib/python3.7/site-packages/airflow/example_dags/tutorial.py
[2024-09-10 14:34:25,641] {logging_mixin.py:115} INFO - [2024-09-10 14:34:25,641] {dag.py:2379} INFO - Sync 1 DAGs
[2024-09-10 14:34:25,671] {logging_mixin.py:115} INFO - [2024-09-10 14:34:25,671] {dag.py:2927} INFO - Setting next_dagrun for tutorial to 2024-09-09T14:34:25.670974+00:00, run_after=2024-09-10T14:34:25.670974+00:00
[2024-09-10 14:34:25,686] {processor.py:161} INFO - Processing /home/airflow/.local/lib/python3.7/site-packages/airflow/example_dags/tutorial.py took 0.091 seconds
[2024-09-10 14:35:13,399] {processor.py:153} INFO - Started process (PID=521) to work on /home/airflow/.local/lib/python3.7/site-packages/airflow/example_dags/tutorial.py
[2024-09-10 14:35:13,400] {processor.py:641} INFO - Processing file /home/airflow/.local/lib/python3.7/site-packages/airflow/example_dags/tutorial.py for tasks to queue
[2024-09-10 14:35:13,401] {logging_mixin.py:115} INFO - [2024-09-10 14:35:13,401] {dagbag.py:507} INFO - Filling up the DagBag from /home/airflow/.local/lib/python3.7/site-packages/airflow/example_dags/tutorial.py
[2024-09-10 14:35:13,409] {processor.py:651} INFO - DAG(s) dict_keys(['tutorial']) retrieved from /home/airflow/.local/lib/python3.7/site-packages/airflow/example_dags/tutorial.py
[2024-09-10 14:35:13,446] {logging_mixin.py:115} INFO - [2024-09-10 14:35:13,446] {dag.py:2379} INFO - Sync 1 DAGs
[2024-09-10 14:35:13,481] {logging_mixin.py:115} INFO - [2024-09-10 14:35:13,481] {dag.py:2927} INFO - Setting next_dagrun for tutorial to 2024-09-09T14:35:13.480769+00:00, run_after=2024-09-10T14:35:13.480769+00:00
[2024-09-10 14:35:13,516] {processor.py:161} INFO - Processing /home/airflow/.local/lib/python3.7/site-packages/airflow/example_dags/tutorial.py took 0.121 seconds
[2024-09-10 14:35:44,120] {processor.py:153} INFO - Started process (PID=563) to work on /home/airflow/.local/lib/python3.7/site-packages/airflow/example_dags/tutorial.py
[2024-09-10 14:35:44,120] {processor.py:641} INFO - Processing file /home/airflow/.local/lib/python3.7/site-packages/airflow/example_dags/tutorial.py for tasks to queue
[2024-09-10 14:35:44,121] {logging_mixin.py:115} INFO - [2024-09-10 14:35:44,121] {dagbag.py:507} INFO - Filling up the DagBag from /home/airflow/.local/lib/python3.7/site-packages/airflow/example_dags/tutorial.py
[2024-09-10 14:35:44,127] {processor.py:651} INFO - DAG(s) dict_keys(['tutorial']) retrieved from /home/airflow/.local/lib/python3.7/site-packages/airflow/example_dags/tutorial.py
[2024-09-10 14:35:44,157] {logging_mixin.py:115} INFO - [2024-09-10 14:35:44,157] {dag.py:2379} INFO - Sync 1 DAGs
[2024-09-10 14:35:44,185] {logging_mixin.py:115} INFO - [2024-09-10 14:35:44,185] {dag.py:2927} INFO - Setting next_dagrun for tutorial to 2024-09-09T14:35:44.184962+00:00, run_after=2024-09-10T14:35:44.184962+00:00
[2024-09-10 14:35:44,198] {processor.py:161} INFO - Processing /home/airflow/.local/lib/python3.7/site-packages/airflow/example_dags/tutorial.py took 0.082 seconds
[2024-09-10 14:36:15,877] {processor.py:153} INFO - Started process (PID=605) to work on /home/airflow/.local/lib/python3.7/site-packages/airflow/example_dags/tutorial.py
[2024-09-10 14:36:15,878] {processor.py:641} INFO - Processing file /home/airflow/.local/lib/python3.7/site-packages/airflow/example_dags/tutorial.py for tasks to queue
[2024-09-10 14:36:15,879] {logging_mixin.py:115} INFO - [2024-09-10 14:36:15,879] {dagbag.py:507} INFO - Filling up the DagBag from /home/airflow/.local/lib/python3.7/site-packages/airflow/example_dags/tutorial.py
[2024-09-10 14:36:15,887] {processor.py:651} INFO - DAG(s) dict_keys(['tutorial']) retrieved from /home/airflow/.local/lib/python3.7/site-packages/airflow/example_dags/tutorial.py
[2024-09-10 14:36:15,921] {logging_mixin.py:115} INFO - [2024-09-10 14:36:15,921] {dag.py:2379} INFO - Sync 1 DAGs
[2024-09-10 14:36:15,952] {logging_mixin.py:115} INFO - [2024-09-10 14:36:15,952] {dag.py:2927} INFO - Setting next_dagrun for tutorial to 2024-09-09T14:36:15.952153+00:00, run_after=2024-09-10T14:36:15.952153+00:00
[2024-09-10 14:36:15,969] {processor.py:161} INFO - Processing /home/airflow/.local/lib/python3.7/site-packages/airflow/example_dags/tutorial.py took 0.095 seconds
[2024-09-10 14:36:46,196] {processor.py:153} INFO - Started process (PID=646) to work on /home/airflow/.local/lib/python3.7/site-packages/airflow/example_dags/tutorial.py
[2024-09-10 14:36:46,196] {processor.py:641} INFO - Processing file /home/airflow/.local/lib/python3.7/site-packages/airflow/example_dags/tutorial.py for tasks to queue
[2024-09-10 14:36:46,197] {logging_mixin.py:115} INFO - [2024-09-10 14:36:46,197] {dagbag.py:507} INFO - Filling up the DagBag from /home/airflow/.local/lib/python3.7/site-packages/airflow/example_dags/tutorial.py
[2024-09-10 14:36:46,204] {processor.py:651} INFO - DAG(s) dict_keys(['tutorial']) retrieved from /home/airflow/.local/lib/python3.7/site-packages/airflow/example_dags/tutorial.py
[2024-09-10 14:36:46,236] {logging_mixin.py:115} INFO - [2024-09-10 14:36:46,236] {dag.py:2379} INFO - Sync 1 DAGs
[2024-09-10 14:36:46,265] {logging_mixin.py:115} INFO - [2024-09-10 14:36:46,265] {dag.py:2927} INFO - Setting next_dagrun for tutorial to 2024-09-09T14:36:46.265409+00:00, run_after=2024-09-10T14:36:46.265409+00:00
[2024-09-10 14:36:46,289] {processor.py:161} INFO - Processing /home/airflow/.local/lib/python3.7/site-packages/airflow/example_dags/tutorial.py took 0.098 seconds
[2024-09-10 14:37:16,883] {processor.py:153} INFO - Started process (PID=688) to work on /home/airflow/.local/lib/python3.7/site-packages/airflow/example_dags/tutorial.py
[2024-09-10 14:37:16,884] {processor.py:641} INFO - Processing file /home/airflow/.local/lib/python3.7/site-packages/airflow/example_dags/tutorial.py for tasks to queue
[2024-09-10 14:37:16,884] {logging_mixin.py:115} INFO - [2024-09-10 14:37:16,884] {dagbag.py:507} INFO - Filling up the DagBag from /home/airflow/.local/lib/python3.7/site-packages/airflow/example_dags/tutorial.py
[2024-09-10 14:37:16,891] {processor.py:651} INFO - DAG(s) dict_keys(['tutorial']) retrieved from /home/airflow/.local/lib/python3.7/site-packages/airflow/example_dags/tutorial.py
[2024-09-10 14:37:16,922] {logging_mixin.py:115} INFO - [2024-09-10 14:37:16,921] {dag.py:2379} INFO - Sync 1 DAGs
[2024-09-10 14:37:16,950] {logging_mixin.py:115} INFO - [2024-09-10 14:37:16,950] {dag.py:2927} INFO - Setting next_dagrun for tutorial to 2024-09-09T14:37:16.949749+00:00, run_after=2024-09-10T14:37:16.949749+00:00
[2024-09-10 14:37:16,964] {processor.py:161} INFO - Processing /home/airflow/.local/lib/python3.7/site-packages/airflow/example_dags/tutorial.py took 0.084 seconds
[2024-09-10 14:37:47,494] {processor.py:153} INFO - Started process (PID=731) to work on /home/airflow/.local/lib/python3.7/site-packages/airflow/example_dags/tutorial.py
[2024-09-10 14:37:47,495] {processor.py:641} INFO - Processing file /home/airflow/.local/lib/python3.7/site-packages/airflow/example_dags/tutorial.py for tasks to queue
[2024-09-10 14:37:47,495] {logging_mixin.py:115} INFO - [2024-09-10 14:37:47,495] {dagbag.py:507} INFO - Filling up the DagBag from /home/airflow/.local/lib/python3.7/site-packages/airflow/example_dags/tutorial.py
[2024-09-10 14:37:47,503] {processor.py:651} INFO - DAG(s) dict_keys(['tutorial']) retrieved from /home/airflow/.local/lib/python3.7/site-packages/airflow/example_dags/tutorial.py
[2024-09-10 14:37:47,535] {logging_mixin.py:115} INFO - [2024-09-10 14:37:47,535] {dag.py:2379} INFO - Sync 1 DAGs
[2024-09-10 14:37:47,565] {logging_mixin.py:115} INFO - [2024-09-10 14:37:47,565] {dag.py:2927} INFO - Setting next_dagrun for tutorial to 2024-09-09T14:37:47.564806+00:00, run_after=2024-09-10T14:37:47.564806+00:00
[2024-09-10 14:37:47,579] {processor.py:161} INFO - Processing /home/airflow/.local/lib/python3.7/site-packages/airflow/example_dags/tutorial.py took 0.089 seconds
[2024-09-10 14:38:17,975] {processor.py:153} INFO - Started process (PID=773) to work on /home/airflow/.local/lib/python3.7/site-packages/airflow/example_dags/tutorial.py
[2024-09-10 14:38:17,975] {processor.py:641} INFO - Processing file /home/airflow/.local/lib/python3.7/site-packages/airflow/example_dags/tutorial.py for tasks to queue
[2024-09-10 14:38:17,976] {logging_mixin.py:115} INFO - [2024-09-10 14:38:17,976] {dagbag.py:507} INFO - Filling up the DagBag from /home/airflow/.local/lib/python3.7/site-packages/airflow/example_dags/tutorial.py
[2024-09-10 14:38:17,982] {processor.py:651} INFO - DAG(s) dict_keys(['tutorial']) retrieved from /home/airflow/.local/lib/python3.7/site-packages/airflow/example_dags/tutorial.py
[2024-09-10 14:38:18,013] {logging_mixin.py:115} INFO - [2024-09-10 14:38:18,013] {dag.py:2379} INFO - Sync 1 DAGs
[2024-09-10 14:38:18,042] {logging_mixin.py:115} INFO - [2024-09-10 14:38:18,042] {dag.py:2927} INFO - Setting next_dagrun for tutorial to 2024-09-09T14:38:18.041809+00:00, run_after=2024-09-10T14:38:18.041809+00:00
[2024-09-10 14:38:18,059] {processor.py:161} INFO - Processing /home/airflow/.local/lib/python3.7/site-packages/airflow/example_dags/tutorial.py took 0.087 seconds
[2024-09-10 14:38:48,436] {processor.py:153} INFO - Started process (PID=815) to work on /home/airflow/.local/lib/python3.7/site-packages/airflow/example_dags/tutorial.py
[2024-09-10 14:38:48,437] {processor.py:641} INFO - Processing file /home/airflow/.local/lib/python3.7/site-packages/airflow/example_dags/tutorial.py for tasks to queue
[2024-09-10 14:38:48,438] {logging_mixin.py:115} INFO - [2024-09-10 14:38:48,438] {dagbag.py:507} INFO - Filling up the DagBag from /home/airflow/.local/lib/python3.7/site-packages/airflow/example_dags/tutorial.py
[2024-09-10 14:38:48,446] {processor.py:651} INFO - DAG(s) dict_keys(['tutorial']) retrieved from /home/airflow/.local/lib/python3.7/site-packages/airflow/example_dags/tutorial.py
[2024-09-10 14:38:48,481] {logging_mixin.py:115} INFO - [2024-09-10 14:38:48,480] {dag.py:2379} INFO - Sync 1 DAGs
[2024-09-10 14:38:48,509] {logging_mixin.py:115} INFO - [2024-09-10 14:38:48,509] {dag.py:2927} INFO - Setting next_dagrun for tutorial to 2024-09-09T14:38:48.509280+00:00, run_after=2024-09-10T14:38:48.509280+00:00
[2024-09-10 14:38:48,524] {processor.py:161} INFO - Processing /home/airflow/.local/lib/python3.7/site-packages/airflow/example_dags/tutorial.py took 0.091 seconds
[2024-09-10 14:39:18,593] {processor.py:153} INFO - Started process (PID=858) to work on /home/airflow/.local/lib/python3.7/site-packages/airflow/example_dags/tutorial.py
[2024-09-10 14:39:18,594] {processor.py:641} INFO - Processing file /home/airflow/.local/lib/python3.7/site-packages/airflow/example_dags/tutorial.py for tasks to queue
[2024-09-10 14:39:18,594] {logging_mixin.py:115} INFO - [2024-09-10 14:39:18,594] {dagbag.py:507} INFO - Filling up the DagBag from /home/airflow/.local/lib/python3.7/site-packages/airflow/example_dags/tutorial.py
[2024-09-10 14:39:18,601] {processor.py:651} INFO - DAG(s) dict_keys(['tutorial']) retrieved from /home/airflow/.local/lib/python3.7/site-packages/airflow/example_dags/tutorial.py
[2024-09-10 14:39:18,631] {logging_mixin.py:115} INFO - [2024-09-10 14:39:18,631] {dag.py:2379} INFO - Sync 1 DAGs
[2024-09-10 14:39:18,658] {logging_mixin.py:115} INFO - [2024-09-10 14:39:18,658] {dag.py:2927} INFO - Setting next_dagrun for tutorial to 2024-09-09T14:39:18.658268+00:00, run_after=2024-09-10T14:39:18.658268+00:00
[2024-09-10 14:39:18,672] {processor.py:161} INFO - Processing /home/airflow/.local/lib/python3.7/site-packages/airflow/example_dags/tutorial.py took 0.083 seconds
[2024-09-10 14:39:49,149] {processor.py:153} INFO - Started process (PID=900) to work on /home/airflow/.local/lib/python3.7/site-packages/airflow/example_dags/tutorial.py
[2024-09-10 14:39:49,150] {processor.py:641} INFO - Processing file /home/airflow/.local/lib/python3.7/site-packages/airflow/example_dags/tutorial.py for tasks to queue
[2024-09-10 14:39:49,151] {logging_mixin.py:115} INFO - [2024-09-10 14:39:49,151] {dagbag.py:507} INFO - Filling up the DagBag from /home/airflow/.local/lib/python3.7/site-packages/airflow/example_dags/tutorial.py
[2024-09-10 14:39:49,158] {processor.py:651} INFO - DAG(s) dict_keys(['tutorial']) retrieved from /home/airflow/.local/lib/python3.7/site-packages/airflow/example_dags/tutorial.py
[2024-09-10 14:39:49,192] {logging_mixin.py:115} INFO - [2024-09-10 14:39:49,192] {dag.py:2379} INFO - Sync 1 DAGs
[2024-09-10 14:39:49,224] {logging_mixin.py:115} INFO - [2024-09-10 14:39:49,224] {dag.py:2927} INFO - Setting next_dagrun for tutorial to 2024-09-09T14:39:49.223799+00:00, run_after=2024-09-10T14:39:49.223799+00:00
[2024-09-10 14:39:49,242] {processor.py:161} INFO - Processing /home/airflow/.local/lib/python3.7/site-packages/airflow/example_dags/tutorial.py took 0.096 seconds
[2024-09-10 14:40:19,812] {processor.py:153} INFO - Started process (PID=941) to work on /home/airflow/.local/lib/python3.7/site-packages/airflow/example_dags/tutorial.py
[2024-09-10 14:40:19,813] {processor.py:641} INFO - Processing file /home/airflow/.local/lib/python3.7/site-packages/airflow/example_dags/tutorial.py for tasks to queue
[2024-09-10 14:40:19,813] {logging_mixin.py:115} INFO - [2024-09-10 14:40:19,813] {dagbag.py:507} INFO - Filling up the DagBag from /home/airflow/.local/lib/python3.7/site-packages/airflow/example_dags/tutorial.py
[2024-09-10 14:40:19,824] {processor.py:651} INFO - DAG(s) dict_keys(['tutorial']) retrieved from /home/airflow/.local/lib/python3.7/site-packages/airflow/example_dags/tutorial.py
[2024-09-10 14:40:19,860] {logging_mixin.py:115} INFO - [2024-09-10 14:40:19,860] {dag.py:2379} INFO - Sync 1 DAGs
[2024-09-10 14:40:19,888] {logging_mixin.py:115} INFO - [2024-09-10 14:40:19,888] {dag.py:2927} INFO - Setting next_dagrun for tutorial to 2024-09-09T14:40:19.888310+00:00, run_after=2024-09-10T14:40:19.888310+00:00
[2024-09-10 14:40:19,907] {processor.py:161} INFO - Processing /home/airflow/.local/lib/python3.7/site-packages/airflow/example_dags/tutorial.py took 0.099 seconds
[2024-09-10 14:40:50,504] {processor.py:153} INFO - Started process (PID=984) to work on /home/airflow/.local/lib/python3.7/site-packages/airflow/example_dags/tutorial.py
[2024-09-10 14:40:50,505] {processor.py:641} INFO - Processing file /home/airflow/.local/lib/python3.7/site-packages/airflow/example_dags/tutorial.py for tasks to queue
[2024-09-10 14:40:50,505] {logging_mixin.py:115} INFO - [2024-09-10 14:40:50,505] {dagbag.py:507} INFO - Filling up the DagBag from /home/airflow/.local/lib/python3.7/site-packages/airflow/example_dags/tutorial.py
[2024-09-10 14:40:50,512] {processor.py:651} INFO - DAG(s) dict_keys(['tutorial']) retrieved from /home/airflow/.local/lib/python3.7/site-packages/airflow/example_dags/tutorial.py
[2024-09-10 14:40:50,544] {logging_mixin.py:115} INFO - [2024-09-10 14:40:50,544] {dag.py:2379} INFO - Sync 1 DAGs
[2024-09-10 14:40:50,574] {logging_mixin.py:115} INFO - [2024-09-10 14:40:50,574] {dag.py:2927} INFO - Setting next_dagrun for tutorial to 2024-09-09T14:40:50.574352+00:00, run_after=2024-09-10T14:40:50.574352+00:00
[2024-09-10 14:40:50,588] {processor.py:161} INFO - Processing /home/airflow/.local/lib/python3.7/site-packages/airflow/example_dags/tutorial.py took 0.088 seconds
[2024-09-10 14:41:20,975] {processor.py:153} INFO - Started process (PID=1026) to work on /home/airflow/.local/lib/python3.7/site-packages/airflow/example_dags/tutorial.py
[2024-09-10 14:41:20,975] {processor.py:641} INFO - Processing file /home/airflow/.local/lib/python3.7/site-packages/airflow/example_dags/tutorial.py for tasks to queue
[2024-09-10 14:41:20,976] {logging_mixin.py:115} INFO - [2024-09-10 14:41:20,976] {dagbag.py:507} INFO - Filling up the DagBag from /home/airflow/.local/lib/python3.7/site-packages/airflow/example_dags/tutorial.py
[2024-09-10 14:41:20,983] {processor.py:651} INFO - DAG(s) dict_keys(['tutorial']) retrieved from /home/airflow/.local/lib/python3.7/site-packages/airflow/example_dags/tutorial.py
[2024-09-10 14:41:21,017] {logging_mixin.py:115} INFO - [2024-09-10 14:41:21,016] {dag.py:2379} INFO - Sync 1 DAGs
[2024-09-10 14:41:21,046] {logging_mixin.py:115} INFO - [2024-09-10 14:41:21,046] {dag.py:2927} INFO - Setting next_dagrun for tutorial to 2024-09-09T14:41:21.046465+00:00, run_after=2024-09-10T14:41:21.046465+00:00
[2024-09-10 14:41:21,060] {processor.py:161} INFO - Processing /home/airflow/.local/lib/python3.7/site-packages/airflow/example_dags/tutorial.py took 0.090 seconds
[2024-09-10 14:41:51,253] {processor.py:153} INFO - Started process (PID=1067) to work on /home/airflow/.local/lib/python3.7/site-packages/airflow/example_dags/tutorial.py
[2024-09-10 14:41:51,254] {processor.py:641} INFO - Processing file /home/airflow/.local/lib/python3.7/site-packages/airflow/example_dags/tutorial.py for tasks to queue
[2024-09-10 14:41:51,255] {logging_mixin.py:115} INFO - [2024-09-10 14:41:51,255] {dagbag.py:507} INFO - Filling up the DagBag from /home/airflow/.local/lib/python3.7/site-packages/airflow/example_dags/tutorial.py
[2024-09-10 14:41:51,262] {processor.py:651} INFO - DAG(s) dict_keys(['tutorial']) retrieved from /home/airflow/.local/lib/python3.7/site-packages/airflow/example_dags/tutorial.py
[2024-09-10 14:41:51,294] {logging_mixin.py:115} INFO - [2024-09-10 14:41:51,293] {dag.py:2379} INFO - Sync 1 DAGs
[2024-09-10 14:41:51,320] {logging_mixin.py:115} INFO - [2024-09-10 14:41:51,319] {dag.py:2927} INFO - Setting next_dagrun for tutorial to 2024-09-09T14:41:51.319655+00:00, run_after=2024-09-10T14:41:51.319655+00:00
[2024-09-10 14:41:51,333] {processor.py:161} INFO - Processing /home/airflow/.local/lib/python3.7/site-packages/airflow/example_dags/tutorial.py took 0.085 seconds
[2024-09-10 14:42:22,071] {processor.py:153} INFO - Started process (PID=1108) to work on /home/airflow/.local/lib/python3.7/site-packages/airflow/example_dags/tutorial.py
[2024-09-10 14:42:22,072] {processor.py:641} INFO - Processing file /home/airflow/.local/lib/python3.7/site-packages/airflow/example_dags/tutorial.py for tasks to queue
[2024-09-10 14:42:22,073] {logging_mixin.py:115} INFO - [2024-09-10 14:42:22,073] {dagbag.py:507} INFO - Filling up the DagBag from /home/airflow/.local/lib/python3.7/site-packages/airflow/example_dags/tutorial.py
[2024-09-10 14:42:22,083] {processor.py:651} INFO - DAG(s) dict_keys(['tutorial']) retrieved from /home/airflow/.local/lib/python3.7/site-packages/airflow/example_dags/tutorial.py
[2024-09-10 14:42:22,134] {logging_mixin.py:115} INFO - [2024-09-10 14:42:22,134] {dag.py:2379} INFO - Sync 1 DAGs
[2024-09-10 14:42:22,164] {logging_mixin.py:115} INFO - [2024-09-10 14:42:22,163] {dag.py:2927} INFO - Setting next_dagrun for tutorial to 2024-09-09T14:42:22.163622+00:00, run_after=2024-09-10T14:42:22.163622+00:00
[2024-09-10 14:42:22,178] {processor.py:161} INFO - Processing /home/airflow/.local/lib/python3.7/site-packages/airflow/example_dags/tutorial.py took 0.111 seconds
[2024-09-10 14:42:52,776] {processor.py:153} INFO - Started process (PID=1150) to work on /home/airflow/.local/lib/python3.7/site-packages/airflow/example_dags/tutorial.py
[2024-09-10 14:42:52,777] {processor.py:641} INFO - Processing file /home/airflow/.local/lib/python3.7/site-packages/airflow/example_dags/tutorial.py for tasks to queue
[2024-09-10 14:42:52,778] {logging_mixin.py:115} INFO - [2024-09-10 14:42:52,777] {dagbag.py:507} INFO - Filling up the DagBag from /home/airflow/.local/lib/python3.7/site-packages/airflow/example_dags/tutorial.py
[2024-09-10 14:42:52,784] {processor.py:651} INFO - DAG(s) dict_keys(['tutorial']) retrieved from /home/airflow/.local/lib/python3.7/site-packages/airflow/example_dags/tutorial.py
[2024-09-10 14:42:52,817] {logging_mixin.py:115} INFO - [2024-09-10 14:42:52,817] {dag.py:2379} INFO - Sync 1 DAGs
[2024-09-10 14:42:52,847] {logging_mixin.py:115} INFO - [2024-09-10 14:42:52,847] {dag.py:2927} INFO - Setting next_dagrun for tutorial to 2024-09-09T14:42:52.847502+00:00, run_after=2024-09-10T14:42:52.847502+00:00
[2024-09-10 14:42:52,862] {processor.py:161} INFO - Processing /home/airflow/.local/lib/python3.7/site-packages/airflow/example_dags/tutorial.py took 0.089 seconds
[2024-09-10 14:43:23,287] {processor.py:153} INFO - Started process (PID=1192) to work on /home/airflow/.local/lib/python3.7/site-packages/airflow/example_dags/tutorial.py
[2024-09-10 14:43:23,288] {processor.py:641} INFO - Processing file /home/airflow/.local/lib/python3.7/site-packages/airflow/example_dags/tutorial.py for tasks to queue
[2024-09-10 14:43:23,288] {logging_mixin.py:115} INFO - [2024-09-10 14:43:23,288] {dagbag.py:507} INFO - Filling up the DagBag from /home/airflow/.local/lib/python3.7/site-packages/airflow/example_dags/tutorial.py
[2024-09-10 14:43:23,295] {processor.py:651} INFO - DAG(s) dict_keys(['tutorial']) retrieved from /home/airflow/.local/lib/python3.7/site-packages/airflow/example_dags/tutorial.py
[2024-09-10 14:43:23,326] {logging_mixin.py:115} INFO - [2024-09-10 14:43:23,326] {dag.py:2379} INFO - Sync 1 DAGs
[2024-09-10 14:43:23,356] {logging_mixin.py:115} INFO - [2024-09-10 14:43:23,356] {dag.py:2927} INFO - Setting next_dagrun for tutorial to 2024-09-09T14:43:23.356136+00:00, run_after=2024-09-10T14:43:23.356136+00:00
[2024-09-10 14:43:23,371] {processor.py:161} INFO - Processing /home/airflow/.local/lib/python3.7/site-packages/airflow/example_dags/tutorial.py took 0.087 seconds
[2024-09-10 14:43:53,632] {processor.py:153} INFO - Started process (PID=1234) to work on /home/airflow/.local/lib/python3.7/site-packages/airflow/example_dags/tutorial.py
[2024-09-10 14:43:53,633] {processor.py:641} INFO - Processing file /home/airflow/.local/lib/python3.7/site-packages/airflow/example_dags/tutorial.py for tasks to queue
[2024-09-10 14:43:53,634] {logging_mixin.py:115} INFO - [2024-09-10 14:43:53,634] {dagbag.py:507} INFO - Filling up the DagBag from /home/airflow/.local/lib/python3.7/site-packages/airflow/example_dags/tutorial.py
[2024-09-10 14:43:53,641] {processor.py:651} INFO - DAG(s) dict_keys(['tutorial']) retrieved from /home/airflow/.local/lib/python3.7/site-packages/airflow/example_dags/tutorial.py
[2024-09-10 14:43:53,671] {logging_mixin.py:115} INFO - [2024-09-10 14:43:53,671] {dag.py:2379} INFO - Sync 1 DAGs
[2024-09-10 14:43:53,699] {logging_mixin.py:115} INFO - [2024-09-10 14:43:53,699] {dag.py:2927} INFO - Setting next_dagrun for tutorial to 2024-09-09T14:43:53.699448+00:00, run_after=2024-09-10T14:43:53.699448+00:00
[2024-09-10 14:43:53,713] {processor.py:161} INFO - Processing /home/airflow/.local/lib/python3.7/site-packages/airflow/example_dags/tutorial.py took 0.084 seconds
[2024-09-10 14:44:24,194] {processor.py:153} INFO - Started process (PID=1275) to work on /home/airflow/.local/lib/python3.7/site-packages/airflow/example_dags/tutorial.py
[2024-09-10 14:44:24,195] {processor.py:641} INFO - Processing file /home/airflow/.local/lib/python3.7/site-packages/airflow/example_dags/tutorial.py for tasks to queue
[2024-09-10 14:44:24,195] {logging_mixin.py:115} INFO - [2024-09-10 14:44:24,195] {dagbag.py:507} INFO - Filling up the DagBag from /home/airflow/.local/lib/python3.7/site-packages/airflow/example_dags/tutorial.py
[2024-09-10 14:44:24,201] {processor.py:651} INFO - DAG(s) dict_keys(['tutorial']) retrieved from /home/airflow/.local/lib/python3.7/site-packages/airflow/example_dags/tutorial.py
[2024-09-10 14:44:24,232] {logging_mixin.py:115} INFO - [2024-09-10 14:44:24,232] {dag.py:2379} INFO - Sync 1 DAGs
[2024-09-10 14:44:24,259] {logging_mixin.py:115} INFO - [2024-09-10 14:44:24,259] {dag.py:2927} INFO - Setting next_dagrun for tutorial to 2024-09-09T14:44:24.258825+00:00, run_after=2024-09-10T14:44:24.258825+00:00
[2024-09-10 14:44:24,272] {processor.py:161} INFO - Processing /home/airflow/.local/lib/python3.7/site-packages/airflow/example_dags/tutorial.py took 0.082 seconds
[2024-09-10 14:44:54,753] {processor.py:153} INFO - Started process (PID=1317) to work on /home/airflow/.local/lib/python3.7/site-packages/airflow/example_dags/tutorial.py
[2024-09-10 14:44:54,754] {processor.py:641} INFO - Processing file /home/airflow/.local/lib/python3.7/site-packages/airflow/example_dags/tutorial.py for tasks to queue
[2024-09-10 14:44:54,755] {logging_mixin.py:115} INFO - [2024-09-10 14:44:54,755] {dagbag.py:507} INFO - Filling up the DagBag from /home/airflow/.local/lib/python3.7/site-packages/airflow/example_dags/tutorial.py
[2024-09-10 14:44:54,762] {processor.py:651} INFO - DAG(s) dict_keys(['tutorial']) retrieved from /home/airflow/.local/lib/python3.7/site-packages/airflow/example_dags/tutorial.py
[2024-09-10 14:44:54,792] {logging_mixin.py:115} INFO - [2024-09-10 14:44:54,792] {dag.py:2379} INFO - Sync 1 DAGs
[2024-09-10 14:44:54,820] {logging_mixin.py:115} INFO - [2024-09-10 14:44:54,820] {dag.py:2927} INFO - Setting next_dagrun for tutorial to 2024-09-09T14:44:54.819864+00:00, run_after=2024-09-10T14:44:54.819864+00:00
[2024-09-10 14:44:54,833] {processor.py:161} INFO - Processing /home/airflow/.local/lib/python3.7/site-packages/airflow/example_dags/tutorial.py took 0.083 seconds
[2024-09-10 14:45:25,214] {processor.py:153} INFO - Started process (PID=1359) to work on /home/airflow/.local/lib/python3.7/site-packages/airflow/example_dags/tutorial.py
[2024-09-10 14:45:25,215] {processor.py:641} INFO - Processing file /home/airflow/.local/lib/python3.7/site-packages/airflow/example_dags/tutorial.py for tasks to queue
[2024-09-10 14:45:25,217] {logging_mixin.py:115} INFO - [2024-09-10 14:45:25,217] {dagbag.py:507} INFO - Filling up the DagBag from /home/airflow/.local/lib/python3.7/site-packages/airflow/example_dags/tutorial.py
[2024-09-10 14:45:25,227] {processor.py:651} INFO - DAG(s) dict_keys(['tutorial']) retrieved from /home/airflow/.local/lib/python3.7/site-packages/airflow/example_dags/tutorial.py
[2024-09-10 14:45:25,274] {logging_mixin.py:115} INFO - [2024-09-10 14:45:25,274] {dag.py:2379} INFO - Sync 1 DAGs
[2024-09-10 14:45:25,311] {logging_mixin.py:115} INFO - [2024-09-10 14:45:25,311] {dag.py:2927} INFO - Setting next_dagrun for tutorial to 2024-09-09T14:45:25.310999+00:00, run_after=2024-09-10T14:45:25.310999+00:00
[2024-09-10 14:45:25,328] {processor.py:161} INFO - Processing /home/airflow/.local/lib/python3.7/site-packages/airflow/example_dags/tutorial.py took 0.117 seconds
[2024-09-10 14:45:56,248] {processor.py:153} INFO - Started process (PID=1401) to work on /home/airflow/.local/lib/python3.7/site-packages/airflow/example_dags/tutorial.py
[2024-09-10 14:45:56,248] {processor.py:641} INFO - Processing file /home/airflow/.local/lib/python3.7/site-packages/airflow/example_dags/tutorial.py for tasks to queue
[2024-09-10 14:45:56,249] {logging_mixin.py:115} INFO - [2024-09-10 14:45:56,249] {dagbag.py:507} INFO - Filling up the DagBag from /home/airflow/.local/lib/python3.7/site-packages/airflow/example_dags/tutorial.py
[2024-09-10 14:45:56,257] {processor.py:651} INFO - DAG(s) dict_keys(['tutorial']) retrieved from /home/airflow/.local/lib/python3.7/site-packages/airflow/example_dags/tutorial.py
[2024-09-10 14:45:56,291] {logging_mixin.py:115} INFO - [2024-09-10 14:45:56,291] {dag.py:2379} INFO - Sync 1 DAGs
[2024-09-10 14:45:56,318] {logging_mixin.py:115} INFO - [2024-09-10 14:45:56,318] {dag.py:2927} INFO - Setting next_dagrun for tutorial to 2024-09-09T14:45:56.317929+00:00, run_after=2024-09-10T14:45:56.317929+00:00
[2024-09-10 14:45:56,334] {processor.py:161} INFO - Processing /home/airflow/.local/lib/python3.7/site-packages/airflow/example_dags/tutorial.py took 0.089 seconds
[2024-09-10 14:46:26,825] {processor.py:153} INFO - Started process (PID=1444) to work on /home/airflow/.local/lib/python3.7/site-packages/airflow/example_dags/tutorial.py
[2024-09-10 14:46:26,826] {processor.py:641} INFO - Processing file /home/airflow/.local/lib/python3.7/site-packages/airflow/example_dags/tutorial.py for tasks to queue
[2024-09-10 14:46:26,827] {logging_mixin.py:115} INFO - [2024-09-10 14:46:26,827] {dagbag.py:507} INFO - Filling up the DagBag from /home/airflow/.local/lib/python3.7/site-packages/airflow/example_dags/tutorial.py
[2024-09-10 14:46:26,836] {processor.py:651} INFO - DAG(s) dict_keys(['tutorial']) retrieved from /home/airflow/.local/lib/python3.7/site-packages/airflow/example_dags/tutorial.py
[2024-09-10 14:46:26,881] {logging_mixin.py:115} INFO - [2024-09-10 14:46:26,881] {dag.py:2379} INFO - Sync 1 DAGs
[2024-09-10 14:46:26,916] {logging_mixin.py:115} INFO - [2024-09-10 14:46:26,916] {dag.py:2927} INFO - Setting next_dagrun for tutorial to 2024-09-09T14:46:26.916035+00:00, run_after=2024-09-10T14:46:26.916035+00:00
[2024-09-10 14:46:26,931] {processor.py:161} INFO - Processing /home/airflow/.local/lib/python3.7/site-packages/airflow/example_dags/tutorial.py took 0.112 seconds
[2024-09-10 14:46:57,317] {processor.py:153} INFO - Started process (PID=1486) to work on /home/airflow/.local/lib/python3.7/site-packages/airflow/example_dags/tutorial.py
[2024-09-10 14:46:57,318] {processor.py:641} INFO - Processing file /home/airflow/.local/lib/python3.7/site-packages/airflow/example_dags/tutorial.py for tasks to queue
[2024-09-10 14:46:57,318] {logging_mixin.py:115} INFO - [2024-09-10 14:46:57,318] {dagbag.py:507} INFO - Filling up the DagBag from /home/airflow/.local/lib/python3.7/site-packages/airflow/example_dags/tutorial.py
[2024-09-10 14:46:57,326] {processor.py:651} INFO - DAG(s) dict_keys(['tutorial']) retrieved from /home/airflow/.local/lib/python3.7/site-packages/airflow/example_dags/tutorial.py
[2024-09-10 14:46:57,359] {logging_mixin.py:115} INFO - [2024-09-10 14:46:57,359] {dag.py:2379} INFO - Sync 1 DAGs
[2024-09-10 14:46:57,391] {logging_mixin.py:115} INFO - [2024-09-10 14:46:57,391] {dag.py:2927} INFO - Setting next_dagrun for tutorial to 2024-09-09T14:46:57.391222+00:00, run_after=2024-09-10T14:46:57.391222+00:00
[2024-09-10 14:46:57,405] {processor.py:161} INFO - Processing /home/airflow/.local/lib/python3.7/site-packages/airflow/example_dags/tutorial.py took 0.092 seconds
[2024-09-10 14:47:27,983] {processor.py:153} INFO - Started process (PID=1528) to work on /home/airflow/.local/lib/python3.7/site-packages/airflow/example_dags/tutorial.py
[2024-09-10 14:47:27,984] {processor.py:641} INFO - Processing file /home/airflow/.local/lib/python3.7/site-packages/airflow/example_dags/tutorial.py for tasks to queue
[2024-09-10 14:47:27,985] {logging_mixin.py:115} INFO - [2024-09-10 14:47:27,985] {dagbag.py:507} INFO - Filling up the DagBag from /home/airflow/.local/lib/python3.7/site-packages/airflow/example_dags/tutorial.py
[2024-09-10 14:47:27,994] {processor.py:651} INFO - DAG(s) dict_keys(['tutorial']) retrieved from /home/airflow/.local/lib/python3.7/site-packages/airflow/example_dags/tutorial.py
[2024-09-10 14:47:28,027] {logging_mixin.py:115} INFO - [2024-09-10 14:47:28,027] {dag.py:2379} INFO - Sync 1 DAGs
[2024-09-10 14:47:28,069] {logging_mixin.py:115} INFO - [2024-09-10 14:47:28,069] {dag.py:2927} INFO - Setting next_dagrun for tutorial to 2024-09-09T14:47:28.069364+00:00, run_after=2024-09-10T14:47:28.069364+00:00
[2024-09-10 14:47:28,083] {processor.py:161} INFO - Processing /home/airflow/.local/lib/python3.7/site-packages/airflow/example_dags/tutorial.py took 0.105 seconds
[2024-09-10 20:38:19,023] {processor.py:153} INFO - Started process (PID=65) to work on /home/airflow/.local/lib/python3.7/site-packages/airflow/example_dags/tutorial.py
[2024-09-10 20:38:19,024] {processor.py:641} INFO - Processing file /home/airflow/.local/lib/python3.7/site-packages/airflow/example_dags/tutorial.py for tasks to queue
[2024-09-10 20:38:19,025] {logging_mixin.py:115} INFO - [2024-09-10 20:38:19,025] {dagbag.py:507} INFO - Filling up the DagBag from /home/airflow/.local/lib/python3.7/site-packages/airflow/example_dags/tutorial.py
[2024-09-10 20:38:19,034] {processor.py:651} INFO - DAG(s) dict_keys(['tutorial']) retrieved from /home/airflow/.local/lib/python3.7/site-packages/airflow/example_dags/tutorial.py
[2024-09-10 20:38:19,135] {logging_mixin.py:115} INFO - [2024-09-10 20:38:19,134] {dag.py:2379} INFO - Sync 1 DAGs
[2024-09-10 20:38:19,211] {logging_mixin.py:115} INFO - [2024-09-10 20:38:19,211] {dag.py:2927} INFO - Setting next_dagrun for tutorial to 2024-09-09T20:38:19.211087+00:00, run_after=2024-09-10T20:38:19.211087+00:00
[2024-09-10 20:38:19,248] {processor.py:161} INFO - Processing /home/airflow/.local/lib/python3.7/site-packages/airflow/example_dags/tutorial.py took 0.232 seconds
[2024-09-10 20:38:49,823] {processor.py:153} INFO - Started process (PID=128) to work on /home/airflow/.local/lib/python3.7/site-packages/airflow/example_dags/tutorial.py
[2024-09-10 20:38:49,824] {processor.py:641} INFO - Processing file /home/airflow/.local/lib/python3.7/site-packages/airflow/example_dags/tutorial.py for tasks to queue
[2024-09-10 20:38:49,825] {logging_mixin.py:115} INFO - [2024-09-10 20:38:49,825] {dagbag.py:507} INFO - Filling up the DagBag from /home/airflow/.local/lib/python3.7/site-packages/airflow/example_dags/tutorial.py
[2024-09-10 20:38:49,831] {processor.py:651} INFO - DAG(s) dict_keys(['tutorial']) retrieved from /home/airflow/.local/lib/python3.7/site-packages/airflow/example_dags/tutorial.py
[2024-09-10 20:38:49,871] {logging_mixin.py:115} INFO - [2024-09-10 20:38:49,871] {dag.py:2379} INFO - Sync 1 DAGs
[2024-09-10 20:38:49,898] {logging_mixin.py:115} INFO - [2024-09-10 20:38:49,897] {dag.py:2927} INFO - Setting next_dagrun for tutorial to 2024-09-09T20:38:49.897543+00:00, run_after=2024-09-10T20:38:49.897543+00:00
[2024-09-10 20:38:49,913] {processor.py:161} INFO - Processing /home/airflow/.local/lib/python3.7/site-packages/airflow/example_dags/tutorial.py took 0.092 seconds
[2024-09-10 20:39:19,971] {processor.py:153} INFO - Started process (PID=169) to work on /home/airflow/.local/lib/python3.7/site-packages/airflow/example_dags/tutorial.py
[2024-09-10 20:39:19,972] {processor.py:641} INFO - Processing file /home/airflow/.local/lib/python3.7/site-packages/airflow/example_dags/tutorial.py for tasks to queue
[2024-09-10 20:39:19,972] {logging_mixin.py:115} INFO - [2024-09-10 20:39:19,972] {dagbag.py:507} INFO - Filling up the DagBag from /home/airflow/.local/lib/python3.7/site-packages/airflow/example_dags/tutorial.py
[2024-09-10 20:39:19,977] {processor.py:651} INFO - DAG(s) dict_keys(['tutorial']) retrieved from /home/airflow/.local/lib/python3.7/site-packages/airflow/example_dags/tutorial.py
[2024-09-10 20:39:20,001] {logging_mixin.py:115} INFO - [2024-09-10 20:39:20,001] {dag.py:2379} INFO - Sync 1 DAGs
[2024-09-10 20:39:20,023] {logging_mixin.py:115} INFO - [2024-09-10 20:39:20,023] {dag.py:2927} INFO - Setting next_dagrun for tutorial to 2024-09-09T20:39:20.023042+00:00, run_after=2024-09-10T20:39:20.023042+00:00
[2024-09-10 20:39:20,034] {processor.py:161} INFO - Processing /home/airflow/.local/lib/python3.7/site-packages/airflow/example_dags/tutorial.py took 0.066 seconds
[2024-09-10 20:39:51,700] {processor.py:153} INFO - Started process (PID=212) to work on /home/airflow/.local/lib/python3.7/site-packages/airflow/example_dags/tutorial.py
[2024-09-10 20:39:51,700] {processor.py:641} INFO - Processing file /home/airflow/.local/lib/python3.7/site-packages/airflow/example_dags/tutorial.py for tasks to queue
[2024-09-10 20:39:51,701] {logging_mixin.py:115} INFO - [2024-09-10 20:39:51,701] {dagbag.py:507} INFO - Filling up the DagBag from /home/airflow/.local/lib/python3.7/site-packages/airflow/example_dags/tutorial.py
[2024-09-10 20:39:51,709] {processor.py:651} INFO - DAG(s) dict_keys(['tutorial']) retrieved from /home/airflow/.local/lib/python3.7/site-packages/airflow/example_dags/tutorial.py
[2024-09-10 20:39:51,744] {logging_mixin.py:115} INFO - [2024-09-10 20:39:51,744] {dag.py:2379} INFO - Sync 1 DAGs
[2024-09-10 20:39:51,764] {logging_mixin.py:115} INFO - [2024-09-10 20:39:51,764] {dag.py:2927} INFO - Setting next_dagrun for tutorial to 2024-09-09T20:39:51.763177+00:00, run_after=2024-09-10T20:39:51.763177+00:00
[2024-09-10 20:39:51,774] {processor.py:161} INFO - Processing /home/airflow/.local/lib/python3.7/site-packages/airflow/example_dags/tutorial.py took 0.078 seconds
[2024-09-10 20:40:22,217] {processor.py:153} INFO - Started process (PID=253) to work on /home/airflow/.local/lib/python3.7/site-packages/airflow/example_dags/tutorial.py
[2024-09-10 20:40:22,218] {processor.py:641} INFO - Processing file /home/airflow/.local/lib/python3.7/site-packages/airflow/example_dags/tutorial.py for tasks to queue
[2024-09-10 20:40:22,218] {logging_mixin.py:115} INFO - [2024-09-10 20:40:22,218] {dagbag.py:507} INFO - Filling up the DagBag from /home/airflow/.local/lib/python3.7/site-packages/airflow/example_dags/tutorial.py
[2024-09-10 20:40:22,224] {processor.py:651} INFO - DAG(s) dict_keys(['tutorial']) retrieved from /home/airflow/.local/lib/python3.7/site-packages/airflow/example_dags/tutorial.py
[2024-09-10 20:40:22,255] {logging_mixin.py:115} INFO - [2024-09-10 20:40:22,255] {dag.py:2379} INFO - Sync 1 DAGs
[2024-09-10 20:40:22,281] {logging_mixin.py:115} INFO - [2024-09-10 20:40:22,280] {dag.py:2927} INFO - Setting next_dagrun for tutorial to 2024-09-09T20:40:22.280674+00:00, run_after=2024-09-10T20:40:22.280674+00:00
[2024-09-10 20:40:22,293] {processor.py:161} INFO - Processing /home/airflow/.local/lib/python3.7/site-packages/airflow/example_dags/tutorial.py took 0.079 seconds
[2024-09-10 20:40:53,379] {processor.py:153} INFO - Started process (PID=295) to work on /home/airflow/.local/lib/python3.7/site-packages/airflow/example_dags/tutorial.py
[2024-09-10 20:40:53,380] {processor.py:641} INFO - Processing file /home/airflow/.local/lib/python3.7/site-packages/airflow/example_dags/tutorial.py for tasks to queue
[2024-09-10 20:40:53,380] {logging_mixin.py:115} INFO - [2024-09-10 20:40:53,380] {dagbag.py:507} INFO - Filling up the DagBag from /home/airflow/.local/lib/python3.7/site-packages/airflow/example_dags/tutorial.py
[2024-09-10 20:40:53,388] {processor.py:651} INFO - DAG(s) dict_keys(['tutorial']) retrieved from /home/airflow/.local/lib/python3.7/site-packages/airflow/example_dags/tutorial.py
[2024-09-10 20:40:53,415] {logging_mixin.py:115} INFO - [2024-09-10 20:40:53,415] {dag.py:2379} INFO - Sync 1 DAGs
[2024-09-10 20:40:53,442] {logging_mixin.py:115} INFO - [2024-09-10 20:40:53,442] {dag.py:2927} INFO - Setting next_dagrun for tutorial to 2024-09-09T20:40:53.441875+00:00, run_after=2024-09-10T20:40:53.441875+00:00
[2024-09-10 20:40:53,456] {processor.py:161} INFO - Processing /home/airflow/.local/lib/python3.7/site-packages/airflow/example_dags/tutorial.py took 0.079 seconds
[2024-09-10 20:41:24,369] {processor.py:153} INFO - Started process (PID=337) to work on /home/airflow/.local/lib/python3.7/site-packages/airflow/example_dags/tutorial.py
[2024-09-10 20:41:24,370] {processor.py:641} INFO - Processing file /home/airflow/.local/lib/python3.7/site-packages/airflow/example_dags/tutorial.py for tasks to queue
[2024-09-10 20:41:24,371] {logging_mixin.py:115} INFO - [2024-09-10 20:41:24,371] {dagbag.py:507} INFO - Filling up the DagBag from /home/airflow/.local/lib/python3.7/site-packages/airflow/example_dags/tutorial.py
[2024-09-10 20:41:24,382] {processor.py:651} INFO - DAG(s) dict_keys(['tutorial']) retrieved from /home/airflow/.local/lib/python3.7/site-packages/airflow/example_dags/tutorial.py
[2024-09-10 20:41:24,461] {logging_mixin.py:115} INFO - [2024-09-10 20:41:24,460] {dag.py:2379} INFO - Sync 1 DAGs
[2024-09-10 20:41:24,501] {logging_mixin.py:115} INFO - [2024-09-10 20:41:24,501] {dag.py:2927} INFO - Setting next_dagrun for tutorial to 2024-09-09T20:41:24.496004+00:00, run_after=2024-09-10T20:41:24.496004+00:00
[2024-09-10 20:41:24,519] {processor.py:161} INFO - Processing /home/airflow/.local/lib/python3.7/site-packages/airflow/example_dags/tutorial.py took 0.154 seconds
[2024-09-10 20:41:55,011] {processor.py:153} INFO - Started process (PID=378) to work on /home/airflow/.local/lib/python3.7/site-packages/airflow/example_dags/tutorial.py
[2024-09-10 20:41:55,012] {processor.py:641} INFO - Processing file /home/airflow/.local/lib/python3.7/site-packages/airflow/example_dags/tutorial.py for tasks to queue
[2024-09-10 20:41:55,012] {logging_mixin.py:115} INFO - [2024-09-10 20:41:55,012] {dagbag.py:507} INFO - Filling up the DagBag from /home/airflow/.local/lib/python3.7/site-packages/airflow/example_dags/tutorial.py
[2024-09-10 20:41:55,017] {processor.py:651} INFO - DAG(s) dict_keys(['tutorial']) retrieved from /home/airflow/.local/lib/python3.7/site-packages/airflow/example_dags/tutorial.py
[2024-09-10 20:41:55,042] {logging_mixin.py:115} INFO - [2024-09-10 20:41:55,042] {dag.py:2379} INFO - Sync 1 DAGs
[2024-09-10 20:41:55,061] {logging_mixin.py:115} INFO - [2024-09-10 20:41:55,061] {dag.py:2927} INFO - Setting next_dagrun for tutorial to 2024-09-09T20:41:55.060946+00:00, run_after=2024-09-10T20:41:55.060946+00:00
[2024-09-10 20:41:55,071] {processor.py:161} INFO - Processing /home/airflow/.local/lib/python3.7/site-packages/airflow/example_dags/tutorial.py took 0.063 seconds
[2024-09-10 20:42:26,235] {processor.py:153} INFO - Started process (PID=420) to work on /home/airflow/.local/lib/python3.7/site-packages/airflow/example_dags/tutorial.py
[2024-09-10 20:42:26,239] {processor.py:641} INFO - Processing file /home/airflow/.local/lib/python3.7/site-packages/airflow/example_dags/tutorial.py for tasks to queue
[2024-09-10 20:42:26,240] {logging_mixin.py:115} INFO - [2024-09-10 20:42:26,240] {dagbag.py:507} INFO - Filling up the DagBag from /home/airflow/.local/lib/python3.7/site-packages/airflow/example_dags/tutorial.py
[2024-09-10 20:42:26,250] {processor.py:651} INFO - DAG(s) dict_keys(['tutorial']) retrieved from /home/airflow/.local/lib/python3.7/site-packages/airflow/example_dags/tutorial.py
[2024-09-10 20:42:26,272] {logging_mixin.py:115} INFO - [2024-09-10 20:42:26,272] {dag.py:2379} INFO - Sync 1 DAGs
[2024-09-10 20:42:26,293] {logging_mixin.py:115} INFO - [2024-09-10 20:42:26,293] {dag.py:2927} INFO - Setting next_dagrun for tutorial to 2024-09-09T20:42:26.293051+00:00, run_after=2024-09-10T20:42:26.293051+00:00
[2024-09-10 20:42:26,306] {processor.py:161} INFO - Processing /home/airflow/.local/lib/python3.7/site-packages/airflow/example_dags/tutorial.py took 0.074 seconds
[2024-09-10 20:42:57,367] {processor.py:153} INFO - Started process (PID=462) to work on /home/airflow/.local/lib/python3.7/site-packages/airflow/example_dags/tutorial.py
[2024-09-10 20:42:57,368] {processor.py:641} INFO - Processing file /home/airflow/.local/lib/python3.7/site-packages/airflow/example_dags/tutorial.py for tasks to queue
[2024-09-10 20:42:57,369] {logging_mixin.py:115} INFO - [2024-09-10 20:42:57,369] {dagbag.py:507} INFO - Filling up the DagBag from /home/airflow/.local/lib/python3.7/site-packages/airflow/example_dags/tutorial.py
[2024-09-10 20:42:57,385] {processor.py:651} INFO - DAG(s) dict_keys(['tutorial']) retrieved from /home/airflow/.local/lib/python3.7/site-packages/airflow/example_dags/tutorial.py
[2024-09-10 20:42:57,467] {logging_mixin.py:115} INFO - [2024-09-10 20:42:57,467] {dag.py:2379} INFO - Sync 1 DAGs
[2024-09-10 20:42:57,497] {logging_mixin.py:115} INFO - [2024-09-10 20:42:57,496] {dag.py:2927} INFO - Setting next_dagrun for tutorial to 2024-09-09T20:42:57.494890+00:00, run_after=2024-09-10T20:42:57.494890+00:00
[2024-09-10 20:42:57,518] {processor.py:161} INFO - Processing /home/airflow/.local/lib/python3.7/site-packages/airflow/example_dags/tutorial.py took 0.155 seconds
[2024-09-10 20:44:25,989] {processor.py:153} INFO - Started process (PID=65) to work on /home/airflow/.local/lib/python3.7/site-packages/airflow/example_dags/tutorial.py
[2024-09-10 20:44:25,991] {processor.py:641} INFO - Processing file /home/airflow/.local/lib/python3.7/site-packages/airflow/example_dags/tutorial.py for tasks to queue
[2024-09-10 20:44:25,991] {logging_mixin.py:115} INFO - [2024-09-10 20:44:25,991] {dagbag.py:507} INFO - Filling up the DagBag from /home/airflow/.local/lib/python3.7/site-packages/airflow/example_dags/tutorial.py
[2024-09-10 20:44:26,029] {processor.py:651} INFO - DAG(s) dict_keys(['tutorial']) retrieved from /home/airflow/.local/lib/python3.7/site-packages/airflow/example_dags/tutorial.py
[2024-09-10 20:44:26,137] {logging_mixin.py:115} INFO - [2024-09-10 20:44:26,137] {dag.py:2379} INFO - Sync 1 DAGs
[2024-09-10 20:44:26,234] {logging_mixin.py:115} INFO - [2024-09-10 20:44:26,233] {dag.py:2927} INFO - Setting next_dagrun for tutorial to 2024-09-09T20:44:26.233455+00:00, run_after=2024-09-10T20:44:26.233455+00:00
[2024-09-10 20:44:26,293] {processor.py:161} INFO - Processing /home/airflow/.local/lib/python3.7/site-packages/airflow/example_dags/tutorial.py took 0.325 seconds
[2024-09-10 20:44:57,101] {processor.py:153} INFO - Started process (PID=128) to work on /home/airflow/.local/lib/python3.7/site-packages/airflow/example_dags/tutorial.py
[2024-09-10 20:44:57,102] {processor.py:641} INFO - Processing file /home/airflow/.local/lib/python3.7/site-packages/airflow/example_dags/tutorial.py for tasks to queue
[2024-09-10 20:44:57,102] {logging_mixin.py:115} INFO - [2024-09-10 20:44:57,102] {dagbag.py:507} INFO - Filling up the DagBag from /home/airflow/.local/lib/python3.7/site-packages/airflow/example_dags/tutorial.py
[2024-09-10 20:44:57,108] {processor.py:651} INFO - DAG(s) dict_keys(['tutorial']) retrieved from /home/airflow/.local/lib/python3.7/site-packages/airflow/example_dags/tutorial.py
[2024-09-10 20:44:57,134] {logging_mixin.py:115} INFO - [2024-09-10 20:44:57,134] {dag.py:2379} INFO - Sync 1 DAGs
[2024-09-10 20:44:57,155] {logging_mixin.py:115} INFO - [2024-09-10 20:44:57,155] {dag.py:2927} INFO - Setting next_dagrun for tutorial to 2024-09-09T20:44:57.155055+00:00, run_after=2024-09-10T20:44:57.155055+00:00
[2024-09-10 20:44:57,165] {processor.py:161} INFO - Processing /home/airflow/.local/lib/python3.7/site-packages/airflow/example_dags/tutorial.py took 0.067 seconds
[2024-09-10 20:45:27,643] {processor.py:153} INFO - Started process (PID=170) to work on /home/airflow/.local/lib/python3.7/site-packages/airflow/example_dags/tutorial.py
[2024-09-10 20:45:27,644] {processor.py:641} INFO - Processing file /home/airflow/.local/lib/python3.7/site-packages/airflow/example_dags/tutorial.py for tasks to queue
[2024-09-10 20:45:27,644] {logging_mixin.py:115} INFO - [2024-09-10 20:45:27,644] {dagbag.py:507} INFO - Filling up the DagBag from /home/airflow/.local/lib/python3.7/site-packages/airflow/example_dags/tutorial.py
[2024-09-10 20:45:27,649] {processor.py:651} INFO - DAG(s) dict_keys(['tutorial']) retrieved from /home/airflow/.local/lib/python3.7/site-packages/airflow/example_dags/tutorial.py
[2024-09-10 20:45:27,673] {logging_mixin.py:115} INFO - [2024-09-10 20:45:27,673] {dag.py:2379} INFO - Sync 1 DAGs
[2024-09-10 20:45:27,695] {logging_mixin.py:115} INFO - [2024-09-10 20:45:27,695] {dag.py:2927} INFO - Setting next_dagrun for tutorial to 2024-09-09T20:45:27.695632+00:00, run_after=2024-09-10T20:45:27.695632+00:00
[2024-09-10 20:45:27,707] {processor.py:161} INFO - Processing /home/airflow/.local/lib/python3.7/site-packages/airflow/example_dags/tutorial.py took 0.069 seconds
[2024-09-10 20:45:57,935] {processor.py:153} INFO - Started process (PID=212) to work on /home/airflow/.local/lib/python3.7/site-packages/airflow/example_dags/tutorial.py
[2024-09-10 20:45:57,938] {processor.py:641} INFO - Processing file /home/airflow/.local/lib/python3.7/site-packages/airflow/example_dags/tutorial.py for tasks to queue
[2024-09-10 20:45:57,939] {logging_mixin.py:115} INFO - [2024-09-10 20:45:57,938] {dagbag.py:507} INFO - Filling up the DagBag from /home/airflow/.local/lib/python3.7/site-packages/airflow/example_dags/tutorial.py
[2024-09-10 20:45:57,944] {processor.py:651} INFO - DAG(s) dict_keys(['tutorial']) retrieved from /home/airflow/.local/lib/python3.7/site-packages/airflow/example_dags/tutorial.py
[2024-09-10 20:45:57,968] {logging_mixin.py:115} INFO - [2024-09-10 20:45:57,968] {dag.py:2379} INFO - Sync 1 DAGs
[2024-09-10 20:45:57,989] {logging_mixin.py:115} INFO - [2024-09-10 20:45:57,989] {dag.py:2927} INFO - Setting next_dagrun for tutorial to 2024-09-09T20:45:57.988883+00:00, run_after=2024-09-10T20:45:57.988883+00:00
[2024-09-10 20:45:57,999] {processor.py:161} INFO - Processing /home/airflow/.local/lib/python3.7/site-packages/airflow/example_dags/tutorial.py took 0.069 seconds
[2024-09-10 20:46:28,611] {processor.py:153} INFO - Started process (PID=254) to work on /home/airflow/.local/lib/python3.7/site-packages/airflow/example_dags/tutorial.py
[2024-09-10 20:46:28,612] {processor.py:641} INFO - Processing file /home/airflow/.local/lib/python3.7/site-packages/airflow/example_dags/tutorial.py for tasks to queue
[2024-09-10 20:46:28,613] {logging_mixin.py:115} INFO - [2024-09-10 20:46:28,613] {dagbag.py:507} INFO - Filling up the DagBag from /home/airflow/.local/lib/python3.7/site-packages/airflow/example_dags/tutorial.py
[2024-09-10 20:46:28,629] {processor.py:651} INFO - DAG(s) dict_keys(['tutorial']) retrieved from /home/airflow/.local/lib/python3.7/site-packages/airflow/example_dags/tutorial.py
[2024-09-10 20:46:28,659] {logging_mixin.py:115} INFO - [2024-09-10 20:46:28,659] {dag.py:2379} INFO - Sync 1 DAGs
[2024-09-10 20:46:28,680] {logging_mixin.py:115} INFO - [2024-09-10 20:46:28,680] {dag.py:2927} INFO - Setting next_dagrun for tutorial to 2024-09-09T20:46:28.680173+00:00, run_after=2024-09-10T20:46:28.680173+00:00
[2024-09-10 20:46:28,706] {processor.py:161} INFO - Processing /home/airflow/.local/lib/python3.7/site-packages/airflow/example_dags/tutorial.py took 0.100 seconds
[2024-09-10 20:46:59,123] {processor.py:153} INFO - Started process (PID=298) to work on /home/airflow/.local/lib/python3.7/site-packages/airflow/example_dags/tutorial.py
[2024-09-10 20:46:59,124] {processor.py:641} INFO - Processing file /home/airflow/.local/lib/python3.7/site-packages/airflow/example_dags/tutorial.py for tasks to queue
[2024-09-10 20:46:59,125] {logging_mixin.py:115} INFO - [2024-09-10 20:46:59,125] {dagbag.py:507} INFO - Filling up the DagBag from /home/airflow/.local/lib/python3.7/site-packages/airflow/example_dags/tutorial.py
[2024-09-10 20:46:59,131] {processor.py:651} INFO - DAG(s) dict_keys(['tutorial']) retrieved from /home/airflow/.local/lib/python3.7/site-packages/airflow/example_dags/tutorial.py
[2024-09-10 20:46:59,156] {logging_mixin.py:115} INFO - [2024-09-10 20:46:59,156] {dag.py:2379} INFO - Sync 1 DAGs
[2024-09-10 20:46:59,177] {logging_mixin.py:115} INFO - [2024-09-10 20:46:59,177] {dag.py:2927} INFO - Setting next_dagrun for tutorial to 2024-09-09T20:46:59.176962+00:00, run_after=2024-09-10T20:46:59.176962+00:00
[2024-09-10 20:46:59,187] {processor.py:161} INFO - Processing /home/airflow/.local/lib/python3.7/site-packages/airflow/example_dags/tutorial.py took 0.069 seconds
[2024-09-10 20:47:29,504] {processor.py:153} INFO - Started process (PID=340) to work on /home/airflow/.local/lib/python3.7/site-packages/airflow/example_dags/tutorial.py
[2024-09-10 20:47:29,505] {processor.py:641} INFO - Processing file /home/airflow/.local/lib/python3.7/site-packages/airflow/example_dags/tutorial.py for tasks to queue
[2024-09-10 20:47:29,505] {logging_mixin.py:115} INFO - [2024-09-10 20:47:29,505] {dagbag.py:507} INFO - Filling up the DagBag from /home/airflow/.local/lib/python3.7/site-packages/airflow/example_dags/tutorial.py
[2024-09-10 20:47:29,511] {processor.py:651} INFO - DAG(s) dict_keys(['tutorial']) retrieved from /home/airflow/.local/lib/python3.7/site-packages/airflow/example_dags/tutorial.py
[2024-09-10 20:47:29,539] {logging_mixin.py:115} INFO - [2024-09-10 20:47:29,539] {dag.py:2379} INFO - Sync 1 DAGs
[2024-09-10 20:47:29,564] {logging_mixin.py:115} INFO - [2024-09-10 20:47:29,564] {dag.py:2927} INFO - Setting next_dagrun for tutorial to 2024-09-09T20:47:29.563742+00:00, run_after=2024-09-10T20:47:29.563742+00:00
[2024-09-10 20:47:29,578] {processor.py:161} INFO - Processing /home/airflow/.local/lib/python3.7/site-packages/airflow/example_dags/tutorial.py took 0.077 seconds
[2024-09-10 20:48:00,133] {processor.py:153} INFO - Started process (PID=381) to work on /home/airflow/.local/lib/python3.7/site-packages/airflow/example_dags/tutorial.py
[2024-09-10 20:48:00,133] {processor.py:641} INFO - Processing file /home/airflow/.local/lib/python3.7/site-packages/airflow/example_dags/tutorial.py for tasks to queue
[2024-09-10 20:48:00,134] {logging_mixin.py:115} INFO - [2024-09-10 20:48:00,134] {dagbag.py:507} INFO - Filling up the DagBag from /home/airflow/.local/lib/python3.7/site-packages/airflow/example_dags/tutorial.py
[2024-09-10 20:48:00,141] {processor.py:651} INFO - DAG(s) dict_keys(['tutorial']) retrieved from /home/airflow/.local/lib/python3.7/site-packages/airflow/example_dags/tutorial.py
[2024-09-10 20:48:00,175] {logging_mixin.py:115} INFO - [2024-09-10 20:48:00,175] {dag.py:2379} INFO - Sync 1 DAGs
[2024-09-10 20:48:00,214] {logging_mixin.py:115} INFO - [2024-09-10 20:48:00,214] {dag.py:2927} INFO - Setting next_dagrun for tutorial to 2024-09-09T20:48:00.213752+00:00, run_after=2024-09-10T20:48:00.213752+00:00
[2024-09-10 20:48:00,238] {processor.py:161} INFO - Processing /home/airflow/.local/lib/python3.7/site-packages/airflow/example_dags/tutorial.py took 0.108 seconds
[2024-09-10 20:48:31,085] {processor.py:153} INFO - Started process (PID=424) to work on /home/airflow/.local/lib/python3.7/site-packages/airflow/example_dags/tutorial.py
[2024-09-10 20:48:31,086] {processor.py:641} INFO - Processing file /home/airflow/.local/lib/python3.7/site-packages/airflow/example_dags/tutorial.py for tasks to queue
[2024-09-10 20:48:31,087] {logging_mixin.py:115} INFO - [2024-09-10 20:48:31,087] {dagbag.py:507} INFO - Filling up the DagBag from /home/airflow/.local/lib/python3.7/site-packages/airflow/example_dags/tutorial.py
[2024-09-10 20:48:31,095] {processor.py:651} INFO - DAG(s) dict_keys(['tutorial']) retrieved from /home/airflow/.local/lib/python3.7/site-packages/airflow/example_dags/tutorial.py
[2024-09-10 20:48:31,129] {logging_mixin.py:115} INFO - [2024-09-10 20:48:31,129] {dag.py:2379} INFO - Sync 1 DAGs
[2024-09-10 20:48:31,156] {logging_mixin.py:115} INFO - [2024-09-10 20:48:31,156] {dag.py:2927} INFO - Setting next_dagrun for tutorial to 2024-09-09T20:48:31.156405+00:00, run_after=2024-09-10T20:48:31.156405+00:00
[2024-09-10 20:48:31,177] {processor.py:161} INFO - Processing /home/airflow/.local/lib/python3.7/site-packages/airflow/example_dags/tutorial.py took 0.098 seconds
[2024-09-10 20:49:01,641] {processor.py:153} INFO - Started process (PID=466) to work on /home/airflow/.local/lib/python3.7/site-packages/airflow/example_dags/tutorial.py
[2024-09-10 20:49:01,644] {processor.py:641} INFO - Processing file /home/airflow/.local/lib/python3.7/site-packages/airflow/example_dags/tutorial.py for tasks to queue
[2024-09-10 20:49:01,645] {logging_mixin.py:115} INFO - [2024-09-10 20:49:01,645] {dagbag.py:507} INFO - Filling up the DagBag from /home/airflow/.local/lib/python3.7/site-packages/airflow/example_dags/tutorial.py
[2024-09-10 20:49:01,654] {processor.py:651} INFO - DAG(s) dict_keys(['tutorial']) retrieved from /home/airflow/.local/lib/python3.7/site-packages/airflow/example_dags/tutorial.py
[2024-09-10 20:49:01,681] {logging_mixin.py:115} INFO - [2024-09-10 20:49:01,681] {dag.py:2379} INFO - Sync 1 DAGs
[2024-09-10 20:49:01,704] {logging_mixin.py:115} INFO - [2024-09-10 20:49:01,704] {dag.py:2927} INFO - Setting next_dagrun for tutorial to 2024-09-09T20:49:01.703851+00:00, run_after=2024-09-10T20:49:01.703851+00:00
[2024-09-10 20:49:01,716] {processor.py:161} INFO - Processing /home/airflow/.local/lib/python3.7/site-packages/airflow/example_dags/tutorial.py took 0.080 seconds
[2024-09-10 20:49:32,284] {processor.py:153} INFO - Started process (PID=508) to work on /home/airflow/.local/lib/python3.7/site-packages/airflow/example_dags/tutorial.py
[2024-09-10 20:49:32,284] {processor.py:641} INFO - Processing file /home/airflow/.local/lib/python3.7/site-packages/airflow/example_dags/tutorial.py for tasks to queue
[2024-09-10 20:49:32,285] {logging_mixin.py:115} INFO - [2024-09-10 20:49:32,285] {dagbag.py:507} INFO - Filling up the DagBag from /home/airflow/.local/lib/python3.7/site-packages/airflow/example_dags/tutorial.py
[2024-09-10 20:49:32,292] {processor.py:651} INFO - DAG(s) dict_keys(['tutorial']) retrieved from /home/airflow/.local/lib/python3.7/site-packages/airflow/example_dags/tutorial.py
[2024-09-10 20:49:32,330] {logging_mixin.py:115} INFO - [2024-09-10 20:49:32,330] {dag.py:2379} INFO - Sync 1 DAGs
[2024-09-10 20:49:32,358] {logging_mixin.py:115} INFO - [2024-09-10 20:49:32,358] {dag.py:2927} INFO - Setting next_dagrun for tutorial to 2024-09-09T20:49:32.358024+00:00, run_after=2024-09-10T20:49:32.358024+00:00
[2024-09-10 20:49:32,373] {processor.py:161} INFO - Processing /home/airflow/.local/lib/python3.7/site-packages/airflow/example_dags/tutorial.py took 0.092 seconds
[2024-09-10 20:50:02,800] {processor.py:153} INFO - Started process (PID=550) to work on /home/airflow/.local/lib/python3.7/site-packages/airflow/example_dags/tutorial.py
[2024-09-10 20:50:02,801] {processor.py:641} INFO - Processing file /home/airflow/.local/lib/python3.7/site-packages/airflow/example_dags/tutorial.py for tasks to queue
[2024-09-10 20:50:02,802] {logging_mixin.py:115} INFO - [2024-09-10 20:50:02,801] {dagbag.py:507} INFO - Filling up the DagBag from /home/airflow/.local/lib/python3.7/site-packages/airflow/example_dags/tutorial.py
[2024-09-10 20:50:02,807] {processor.py:651} INFO - DAG(s) dict_keys(['tutorial']) retrieved from /home/airflow/.local/lib/python3.7/site-packages/airflow/example_dags/tutorial.py
[2024-09-10 20:50:02,839] {logging_mixin.py:115} INFO - [2024-09-10 20:50:02,839] {dag.py:2379} INFO - Sync 1 DAGs
[2024-09-10 20:50:02,885] {logging_mixin.py:115} INFO - [2024-09-10 20:50:02,885] {dag.py:2927} INFO - Setting next_dagrun for tutorial to 2024-09-09T20:50:02.885448+00:00, run_after=2024-09-10T20:50:02.885448+00:00
[2024-09-10 20:50:02,902] {processor.py:161} INFO - Processing /home/airflow/.local/lib/python3.7/site-packages/airflow/example_dags/tutorial.py took 0.105 seconds
[2024-09-10 20:50:23,668] {processor.py:153} INFO - Started process (PID=58) to work on /home/airflow/.local/lib/python3.7/site-packages/airflow/example_dags/tutorial.py
[2024-09-10 20:50:23,668] {processor.py:641} INFO - Processing file /home/airflow/.local/lib/python3.7/site-packages/airflow/example_dags/tutorial.py for tasks to queue
[2024-09-10 20:50:23,669] {logging_mixin.py:115} INFO - [2024-09-10 20:50:23,669] {dagbag.py:507} INFO - Filling up the DagBag from /home/airflow/.local/lib/python3.7/site-packages/airflow/example_dags/tutorial.py
[2024-09-10 20:50:23,676] {processor.py:651} INFO - DAG(s) dict_keys(['tutorial']) retrieved from /home/airflow/.local/lib/python3.7/site-packages/airflow/example_dags/tutorial.py
[2024-09-10 20:50:23,707] {logging_mixin.py:115} INFO - [2024-09-10 20:50:23,707] {dag.py:2379} INFO - Sync 1 DAGs
[2024-09-10 20:50:23,735] {logging_mixin.py:115} INFO - [2024-09-10 20:50:23,735] {dag.py:2927} INFO - Setting next_dagrun for tutorial to 2024-09-09T20:50:23.735211+00:00, run_after=2024-09-10T20:50:23.735211+00:00
[2024-09-10 20:50:23,753] {processor.py:161} INFO - Processing /home/airflow/.local/lib/python3.7/site-packages/airflow/example_dags/tutorial.py took 0.088 seconds
[2024-09-10 20:50:54,506] {processor.py:153} INFO - Started process (PID=127) to work on /home/airflow/.local/lib/python3.7/site-packages/airflow/example_dags/tutorial.py
[2024-09-10 20:50:54,507] {processor.py:641} INFO - Processing file /home/airflow/.local/lib/python3.7/site-packages/airflow/example_dags/tutorial.py for tasks to queue
[2024-09-10 20:50:54,508] {logging_mixin.py:115} INFO - [2024-09-10 20:50:54,508] {dagbag.py:507} INFO - Filling up the DagBag from /home/airflow/.local/lib/python3.7/site-packages/airflow/example_dags/tutorial.py
[2024-09-10 20:50:54,515] {processor.py:651} INFO - DAG(s) dict_keys(['tutorial']) retrieved from /home/airflow/.local/lib/python3.7/site-packages/airflow/example_dags/tutorial.py
[2024-09-10 20:50:54,549] {logging_mixin.py:115} INFO - [2024-09-10 20:50:54,548] {dag.py:2379} INFO - Sync 1 DAGs
[2024-09-10 20:50:54,575] {logging_mixin.py:115} INFO - [2024-09-10 20:50:54,575] {dag.py:2927} INFO - Setting next_dagrun for tutorial to 2024-09-09T20:50:54.574964+00:00, run_after=2024-09-10T20:50:54.574964+00:00
[2024-09-10 20:50:54,595] {processor.py:161} INFO - Processing /home/airflow/.local/lib/python3.7/site-packages/airflow/example_dags/tutorial.py took 0.095 seconds
[2024-09-10 20:51:24,844] {processor.py:153} INFO - Started process (PID=169) to work on /home/airflow/.local/lib/python3.7/site-packages/airflow/example_dags/tutorial.py
[2024-09-10 20:51:24,845] {processor.py:641} INFO - Processing file /home/airflow/.local/lib/python3.7/site-packages/airflow/example_dags/tutorial.py for tasks to queue
[2024-09-10 20:51:24,846] {logging_mixin.py:115} INFO - [2024-09-10 20:51:24,846] {dagbag.py:507} INFO - Filling up the DagBag from /home/airflow/.local/lib/python3.7/site-packages/airflow/example_dags/tutorial.py
[2024-09-10 20:51:24,854] {processor.py:651} INFO - DAG(s) dict_keys(['tutorial']) retrieved from /home/airflow/.local/lib/python3.7/site-packages/airflow/example_dags/tutorial.py
[2024-09-10 20:51:24,901] {logging_mixin.py:115} INFO - [2024-09-10 20:51:24,901] {dag.py:2379} INFO - Sync 1 DAGs
[2024-09-10 20:51:24,939] {logging_mixin.py:115} INFO - [2024-09-10 20:51:24,939] {dag.py:2927} INFO - Setting next_dagrun for tutorial to 2024-09-09T20:51:24.938646+00:00, run_after=2024-09-10T20:51:24.938646+00:00
[2024-09-10 20:51:24,957] {processor.py:161} INFO - Processing /home/airflow/.local/lib/python3.7/site-packages/airflow/example_dags/tutorial.py took 0.118 seconds
[2024-09-10 20:51:55,512] {processor.py:153} INFO - Started process (PID=211) to work on /home/airflow/.local/lib/python3.7/site-packages/airflow/example_dags/tutorial.py
[2024-09-10 20:51:55,513] {processor.py:641} INFO - Processing file /home/airflow/.local/lib/python3.7/site-packages/airflow/example_dags/tutorial.py for tasks to queue
[2024-09-10 20:51:55,514] {logging_mixin.py:115} INFO - [2024-09-10 20:51:55,514] {dagbag.py:507} INFO - Filling up the DagBag from /home/airflow/.local/lib/python3.7/site-packages/airflow/example_dags/tutorial.py
[2024-09-10 20:51:55,521] {processor.py:651} INFO - DAG(s) dict_keys(['tutorial']) retrieved from /home/airflow/.local/lib/python3.7/site-packages/airflow/example_dags/tutorial.py
[2024-09-10 20:51:55,556] {logging_mixin.py:115} INFO - [2024-09-10 20:51:55,556] {dag.py:2379} INFO - Sync 1 DAGs
[2024-09-10 20:51:55,583] {logging_mixin.py:115} INFO - [2024-09-10 20:51:55,582] {dag.py:2927} INFO - Setting next_dagrun for tutorial to 2024-09-09T20:51:55.582640+00:00, run_after=2024-09-10T20:51:55.582640+00:00
[2024-09-10 20:51:55,600] {processor.py:161} INFO - Processing /home/airflow/.local/lib/python3.7/site-packages/airflow/example_dags/tutorial.py took 0.092 seconds
[2024-09-10 20:52:26,138] {processor.py:153} INFO - Started process (PID=253) to work on /home/airflow/.local/lib/python3.7/site-packages/airflow/example_dags/tutorial.py
[2024-09-10 20:52:26,139] {processor.py:641} INFO - Processing file /home/airflow/.local/lib/python3.7/site-packages/airflow/example_dags/tutorial.py for tasks to queue
[2024-09-10 20:52:26,139] {logging_mixin.py:115} INFO - [2024-09-10 20:52:26,139] {dagbag.py:507} INFO - Filling up the DagBag from /home/airflow/.local/lib/python3.7/site-packages/airflow/example_dags/tutorial.py
[2024-09-10 20:52:26,145] {processor.py:651} INFO - DAG(s) dict_keys(['tutorial']) retrieved from /home/airflow/.local/lib/python3.7/site-packages/airflow/example_dags/tutorial.py
[2024-09-10 20:52:26,169] {logging_mixin.py:115} INFO - [2024-09-10 20:52:26,168] {dag.py:2379} INFO - Sync 1 DAGs
[2024-09-10 20:52:26,190] {logging_mixin.py:115} INFO - [2024-09-10 20:52:26,190] {dag.py:2927} INFO - Setting next_dagrun for tutorial to 2024-09-09T20:52:26.190079+00:00, run_after=2024-09-10T20:52:26.190079+00:00
[2024-09-10 20:52:26,201] {processor.py:161} INFO - Processing /home/airflow/.local/lib/python3.7/site-packages/airflow/example_dags/tutorial.py took 0.066 seconds
[2024-09-10 20:52:56,891] {processor.py:153} INFO - Started process (PID=295) to work on /home/airflow/.local/lib/python3.7/site-packages/airflow/example_dags/tutorial.py
[2024-09-10 20:52:56,892] {processor.py:641} INFO - Processing file /home/airflow/.local/lib/python3.7/site-packages/airflow/example_dags/tutorial.py for tasks to queue
[2024-09-10 20:52:56,893] {logging_mixin.py:115} INFO - [2024-09-10 20:52:56,893] {dagbag.py:507} INFO - Filling up the DagBag from /home/airflow/.local/lib/python3.7/site-packages/airflow/example_dags/tutorial.py
[2024-09-10 20:52:56,899] {processor.py:651} INFO - DAG(s) dict_keys(['tutorial']) retrieved from /home/airflow/.local/lib/python3.7/site-packages/airflow/example_dags/tutorial.py
[2024-09-10 20:52:56,925] {logging_mixin.py:115} INFO - [2024-09-10 20:52:56,925] {dag.py:2379} INFO - Sync 1 DAGs
[2024-09-10 20:52:56,948] {logging_mixin.py:115} INFO - [2024-09-10 20:52:56,947] {dag.py:2927} INFO - Setting next_dagrun for tutorial to 2024-09-09T20:52:56.947586+00:00, run_after=2024-09-10T20:52:56.947586+00:00
[2024-09-10 20:52:56,960] {processor.py:161} INFO - Processing /home/airflow/.local/lib/python3.7/site-packages/airflow/example_dags/tutorial.py took 0.074 seconds
[2024-09-10 20:53:27,178] {processor.py:153} INFO - Started process (PID=337) to work on /home/airflow/.local/lib/python3.7/site-packages/airflow/example_dags/tutorial.py
[2024-09-10 20:53:27,179] {processor.py:641} INFO - Processing file /home/airflow/.local/lib/python3.7/site-packages/airflow/example_dags/tutorial.py for tasks to queue
[2024-09-10 20:53:27,179] {logging_mixin.py:115} INFO - [2024-09-10 20:53:27,179] {dagbag.py:507} INFO - Filling up the DagBag from /home/airflow/.local/lib/python3.7/site-packages/airflow/example_dags/tutorial.py
[2024-09-10 20:53:27,185] {processor.py:651} INFO - DAG(s) dict_keys(['tutorial']) retrieved from /home/airflow/.local/lib/python3.7/site-packages/airflow/example_dags/tutorial.py
[2024-09-10 20:53:27,216] {logging_mixin.py:115} INFO - [2024-09-10 20:53:27,216] {dag.py:2379} INFO - Sync 1 DAGs
[2024-09-10 20:53:27,237] {logging_mixin.py:115} INFO - [2024-09-10 20:53:27,237] {dag.py:2927} INFO - Setting next_dagrun for tutorial to 2024-09-09T20:53:27.236810+00:00, run_after=2024-09-10T20:53:27.236810+00:00
[2024-09-10 20:53:27,249] {processor.py:161} INFO - Processing /home/airflow/.local/lib/python3.7/site-packages/airflow/example_dags/tutorial.py took 0.074 seconds
[2024-09-10 20:53:57,526] {processor.py:153} INFO - Started process (PID=379) to work on /home/airflow/.local/lib/python3.7/site-packages/airflow/example_dags/tutorial.py
[2024-09-10 20:53:57,527] {processor.py:641} INFO - Processing file /home/airflow/.local/lib/python3.7/site-packages/airflow/example_dags/tutorial.py for tasks to queue
[2024-09-10 20:53:57,528] {logging_mixin.py:115} INFO - [2024-09-10 20:53:57,527] {dagbag.py:507} INFO - Filling up the DagBag from /home/airflow/.local/lib/python3.7/site-packages/airflow/example_dags/tutorial.py
[2024-09-10 20:53:57,534] {processor.py:651} INFO - DAG(s) dict_keys(['tutorial']) retrieved from /home/airflow/.local/lib/python3.7/site-packages/airflow/example_dags/tutorial.py
[2024-09-10 20:53:57,558] {logging_mixin.py:115} INFO - [2024-09-10 20:53:57,558] {dag.py:2379} INFO - Sync 1 DAGs
[2024-09-10 20:53:57,578] {logging_mixin.py:115} INFO - [2024-09-10 20:53:57,578] {dag.py:2927} INFO - Setting next_dagrun for tutorial to 2024-09-09T20:53:57.578275+00:00, run_after=2024-09-10T20:53:57.578275+00:00
[2024-09-10 20:53:57,590] {processor.py:161} INFO - Processing /home/airflow/.local/lib/python3.7/site-packages/airflow/example_dags/tutorial.py took 0.068 seconds
[2024-09-10 20:54:27,685] {processor.py:153} INFO - Started process (PID=420) to work on /home/airflow/.local/lib/python3.7/site-packages/airflow/example_dags/tutorial.py
[2024-09-10 20:54:27,686] {processor.py:641} INFO - Processing file /home/airflow/.local/lib/python3.7/site-packages/airflow/example_dags/tutorial.py for tasks to queue
[2024-09-10 20:54:27,686] {logging_mixin.py:115} INFO - [2024-09-10 20:54:27,686] {dagbag.py:507} INFO - Filling up the DagBag from /home/airflow/.local/lib/python3.7/site-packages/airflow/example_dags/tutorial.py
[2024-09-10 20:54:27,691] {processor.py:651} INFO - DAG(s) dict_keys(['tutorial']) retrieved from /home/airflow/.local/lib/python3.7/site-packages/airflow/example_dags/tutorial.py
[2024-09-10 20:54:27,715] {logging_mixin.py:115} INFO - [2024-09-10 20:54:27,715] {dag.py:2379} INFO - Sync 1 DAGs
[2024-09-10 20:54:27,738] {logging_mixin.py:115} INFO - [2024-09-10 20:54:27,738] {dag.py:2927} INFO - Setting next_dagrun for tutorial to 2024-09-09T20:54:27.737905+00:00, run_after=2024-09-10T20:54:27.737905+00:00
[2024-09-10 20:54:27,750] {processor.py:161} INFO - Processing /home/airflow/.local/lib/python3.7/site-packages/airflow/example_dags/tutorial.py took 0.068 seconds
[2024-09-10 20:54:58,396] {processor.py:153} INFO - Started process (PID=463) to work on /home/airflow/.local/lib/python3.7/site-packages/airflow/example_dags/tutorial.py
[2024-09-10 20:54:58,397] {processor.py:641} INFO - Processing file /home/airflow/.local/lib/python3.7/site-packages/airflow/example_dags/tutorial.py for tasks to queue
[2024-09-10 20:54:58,397] {logging_mixin.py:115} INFO - [2024-09-10 20:54:58,397] {dagbag.py:507} INFO - Filling up the DagBag from /home/airflow/.local/lib/python3.7/site-packages/airflow/example_dags/tutorial.py
[2024-09-10 20:54:58,402] {processor.py:651} INFO - DAG(s) dict_keys(['tutorial']) retrieved from /home/airflow/.local/lib/python3.7/site-packages/airflow/example_dags/tutorial.py
[2024-09-10 20:54:58,425] {logging_mixin.py:115} INFO - [2024-09-10 20:54:58,424] {dag.py:2379} INFO - Sync 1 DAGs
[2024-09-10 20:54:58,444] {logging_mixin.py:115} INFO - [2024-09-10 20:54:58,444] {dag.py:2927} INFO - Setting next_dagrun for tutorial to 2024-09-09T20:54:58.444366+00:00, run_after=2024-09-10T20:54:58.444366+00:00
[2024-09-10 20:54:58,454] {processor.py:161} INFO - Processing /home/airflow/.local/lib/python3.7/site-packages/airflow/example_dags/tutorial.py took 0.061 seconds
[2024-09-10 20:55:28,690] {processor.py:153} INFO - Started process (PID=505) to work on /home/airflow/.local/lib/python3.7/site-packages/airflow/example_dags/tutorial.py
[2024-09-10 20:55:28,691] {processor.py:641} INFO - Processing file /home/airflow/.local/lib/python3.7/site-packages/airflow/example_dags/tutorial.py for tasks to queue
[2024-09-10 20:55:28,691] {logging_mixin.py:115} INFO - [2024-09-10 20:55:28,691] {dagbag.py:507} INFO - Filling up the DagBag from /home/airflow/.local/lib/python3.7/site-packages/airflow/example_dags/tutorial.py
[2024-09-10 20:55:28,698] {processor.py:651} INFO - DAG(s) dict_keys(['tutorial']) retrieved from /home/airflow/.local/lib/python3.7/site-packages/airflow/example_dags/tutorial.py
[2024-09-10 20:55:28,725] {logging_mixin.py:115} INFO - [2024-09-10 20:55:28,724] {dag.py:2379} INFO - Sync 1 DAGs
[2024-09-10 20:55:28,744] {logging_mixin.py:115} INFO - [2024-09-10 20:55:28,744] {dag.py:2927} INFO - Setting next_dagrun for tutorial to 2024-09-09T20:55:28.743783+00:00, run_after=2024-09-10T20:55:28.743783+00:00
[2024-09-10 20:55:28,754] {processor.py:161} INFO - Processing /home/airflow/.local/lib/python3.7/site-packages/airflow/example_dags/tutorial.py took 0.068 seconds
[2024-09-10 20:55:59,564] {processor.py:153} INFO - Started process (PID=547) to work on /home/airflow/.local/lib/python3.7/site-packages/airflow/example_dags/tutorial.py
[2024-09-10 20:55:59,565] {processor.py:641} INFO - Processing file /home/airflow/.local/lib/python3.7/site-packages/airflow/example_dags/tutorial.py for tasks to queue
[2024-09-10 20:55:59,565] {logging_mixin.py:115} INFO - [2024-09-10 20:55:59,565] {dagbag.py:507} INFO - Filling up the DagBag from /home/airflow/.local/lib/python3.7/site-packages/airflow/example_dags/tutorial.py
[2024-09-10 20:55:59,575] {processor.py:651} INFO - DAG(s) dict_keys(['tutorial']) retrieved from /home/airflow/.local/lib/python3.7/site-packages/airflow/example_dags/tutorial.py
[2024-09-10 20:55:59,611] {logging_mixin.py:115} INFO - [2024-09-10 20:55:59,611] {dag.py:2379} INFO - Sync 1 DAGs
[2024-09-10 20:55:59,639] {logging_mixin.py:115} INFO - [2024-09-10 20:55:59,639] {dag.py:2927} INFO - Setting next_dagrun for tutorial to 2024-09-09T20:55:59.638710+00:00, run_after=2024-09-10T20:55:59.638710+00:00
[2024-09-10 20:55:59,651] {processor.py:161} INFO - Processing /home/airflow/.local/lib/python3.7/site-packages/airflow/example_dags/tutorial.py took 0.090 seconds
[2024-09-10 20:56:29,989] {processor.py:153} INFO - Started process (PID=589) to work on /home/airflow/.local/lib/python3.7/site-packages/airflow/example_dags/tutorial.py
[2024-09-10 20:56:29,989] {processor.py:641} INFO - Processing file /home/airflow/.local/lib/python3.7/site-packages/airflow/example_dags/tutorial.py for tasks to queue
[2024-09-10 20:56:29,990] {logging_mixin.py:115} INFO - [2024-09-10 20:56:29,990] {dagbag.py:507} INFO - Filling up the DagBag from /home/airflow/.local/lib/python3.7/site-packages/airflow/example_dags/tutorial.py
[2024-09-10 20:56:29,994] {processor.py:651} INFO - DAG(s) dict_keys(['tutorial']) retrieved from /home/airflow/.local/lib/python3.7/site-packages/airflow/example_dags/tutorial.py
[2024-09-10 20:56:30,020] {logging_mixin.py:115} INFO - [2024-09-10 20:56:30,019] {dag.py:2379} INFO - Sync 1 DAGs
[2024-09-10 20:56:30,044] {logging_mixin.py:115} INFO - [2024-09-10 20:56:30,043] {dag.py:2927} INFO - Setting next_dagrun for tutorial to 2024-09-09T20:56:30.043591+00:00, run_after=2024-09-10T20:56:30.043591+00:00
[2024-09-10 20:56:30,057] {processor.py:161} INFO - Processing /home/airflow/.local/lib/python3.7/site-packages/airflow/example_dags/tutorial.py took 0.071 seconds
[2024-09-10 20:57:01,150] {processor.py:153} INFO - Started process (PID=629) to work on /home/airflow/.local/lib/python3.7/site-packages/airflow/example_dags/tutorial.py
[2024-09-10 20:57:01,151] {processor.py:641} INFO - Processing file /home/airflow/.local/lib/python3.7/site-packages/airflow/example_dags/tutorial.py for tasks to queue
[2024-09-10 20:57:01,151] {logging_mixin.py:115} INFO - [2024-09-10 20:57:01,151] {dagbag.py:507} INFO - Filling up the DagBag from /home/airflow/.local/lib/python3.7/site-packages/airflow/example_dags/tutorial.py
[2024-09-10 20:57:01,157] {processor.py:651} INFO - DAG(s) dict_keys(['tutorial']) retrieved from /home/airflow/.local/lib/python3.7/site-packages/airflow/example_dags/tutorial.py
[2024-09-10 20:57:01,184] {logging_mixin.py:115} INFO - [2024-09-10 20:57:01,184] {dag.py:2379} INFO - Sync 1 DAGs
[2024-09-10 20:57:01,207] {logging_mixin.py:115} INFO - [2024-09-10 20:57:01,207] {dag.py:2927} INFO - Setting next_dagrun for tutorial to 2024-09-09T20:57:01.206881+00:00, run_after=2024-09-10T20:57:01.206881+00:00
[2024-09-10 20:57:01,218] {processor.py:161} INFO - Processing /home/airflow/.local/lib/python3.7/site-packages/airflow/example_dags/tutorial.py took 0.071 seconds
[2024-09-10 20:57:23,663] {processor.py:153} INFO - Started process (PID=59) to work on /home/airflow/.local/lib/python3.7/site-packages/airflow/example_dags/tutorial.py
[2024-09-10 20:57:23,664] {processor.py:641} INFO - Processing file /home/airflow/.local/lib/python3.7/site-packages/airflow/example_dags/tutorial.py for tasks to queue
[2024-09-10 20:57:23,664] {logging_mixin.py:115} INFO - [2024-09-10 20:57:23,664] {dagbag.py:507} INFO - Filling up the DagBag from /home/airflow/.local/lib/python3.7/site-packages/airflow/example_dags/tutorial.py
[2024-09-10 20:57:23,671] {processor.py:651} INFO - DAG(s) dict_keys(['tutorial']) retrieved from /home/airflow/.local/lib/python3.7/site-packages/airflow/example_dags/tutorial.py
[2024-09-10 20:57:23,696] {logging_mixin.py:115} INFO - [2024-09-10 20:57:23,695] {dag.py:2379} INFO - Sync 1 DAGs
[2024-09-10 20:57:23,716] {logging_mixin.py:115} INFO - [2024-09-10 20:57:23,716] {dag.py:2927} INFO - Setting next_dagrun for tutorial to 2024-09-09T20:57:23.716009+00:00, run_after=2024-09-10T20:57:23.716009+00:00
[2024-09-10 20:57:23,727] {processor.py:161} INFO - Processing /home/airflow/.local/lib/python3.7/site-packages/airflow/example_dags/tutorial.py took 0.068 seconds
[2024-09-10 20:57:54,834] {processor.py:153} INFO - Started process (PID=129) to work on /home/airflow/.local/lib/python3.7/site-packages/airflow/example_dags/tutorial.py
[2024-09-10 20:57:54,835] {processor.py:641} INFO - Processing file /home/airflow/.local/lib/python3.7/site-packages/airflow/example_dags/tutorial.py for tasks to queue
[2024-09-10 20:57:54,835] {logging_mixin.py:115} INFO - [2024-09-10 20:57:54,835] {dagbag.py:507} INFO - Filling up the DagBag from /home/airflow/.local/lib/python3.7/site-packages/airflow/example_dags/tutorial.py
[2024-09-10 20:57:54,839] {processor.py:651} INFO - DAG(s) dict_keys(['tutorial']) retrieved from /home/airflow/.local/lib/python3.7/site-packages/airflow/example_dags/tutorial.py
[2024-09-10 20:57:54,862] {logging_mixin.py:115} INFO - [2024-09-10 20:57:54,862] {dag.py:2379} INFO - Sync 1 DAGs
[2024-09-10 20:57:54,883] {logging_mixin.py:115} INFO - [2024-09-10 20:57:54,882] {dag.py:2927} INFO - Setting next_dagrun for tutorial to 2024-09-09T20:57:54.882743+00:00, run_after=2024-09-10T20:57:54.882743+00:00
[2024-09-10 20:57:54,892] {processor.py:161} INFO - Processing /home/airflow/.local/lib/python3.7/site-packages/airflow/example_dags/tutorial.py took 0.060 seconds
[2024-09-10 20:58:25,271] {processor.py:153} INFO - Started process (PID=171) to work on /home/airflow/.local/lib/python3.7/site-packages/airflow/example_dags/tutorial.py
[2024-09-10 20:58:25,271] {processor.py:641} INFO - Processing file /home/airflow/.local/lib/python3.7/site-packages/airflow/example_dags/tutorial.py for tasks to queue
[2024-09-10 20:58:25,272] {logging_mixin.py:115} INFO - [2024-09-10 20:58:25,272] {dagbag.py:507} INFO - Filling up the DagBag from /home/airflow/.local/lib/python3.7/site-packages/airflow/example_dags/tutorial.py
[2024-09-10 20:58:25,276] {processor.py:651} INFO - DAG(s) dict_keys(['tutorial']) retrieved from /home/airflow/.local/lib/python3.7/site-packages/airflow/example_dags/tutorial.py
[2024-09-10 20:58:25,296] {logging_mixin.py:115} INFO - [2024-09-10 20:58:25,296] {dag.py:2379} INFO - Sync 1 DAGs
[2024-09-10 20:58:25,316] {logging_mixin.py:115} INFO - [2024-09-10 20:58:25,315] {dag.py:2927} INFO - Setting next_dagrun for tutorial to 2024-09-09T20:58:25.315682+00:00, run_after=2024-09-10T20:58:25.315682+00:00
[2024-09-10 20:58:25,326] {processor.py:161} INFO - Processing /home/airflow/.local/lib/python3.7/site-packages/airflow/example_dags/tutorial.py took 0.057 seconds
[2024-09-10 20:58:55,636] {processor.py:153} INFO - Started process (PID=213) to work on /home/airflow/.local/lib/python3.7/site-packages/airflow/example_dags/tutorial.py
[2024-09-10 20:58:55,640] {processor.py:641} INFO - Processing file /home/airflow/.local/lib/python3.7/site-packages/airflow/example_dags/tutorial.py for tasks to queue
[2024-09-10 20:58:55,641] {logging_mixin.py:115} INFO - [2024-09-10 20:58:55,640] {dagbag.py:507} INFO - Filling up the DagBag from /home/airflow/.local/lib/python3.7/site-packages/airflow/example_dags/tutorial.py
[2024-09-10 20:58:55,657] {processor.py:651} INFO - DAG(s) dict_keys(['tutorial']) retrieved from /home/airflow/.local/lib/python3.7/site-packages/airflow/example_dags/tutorial.py
[2024-09-10 20:58:55,708] {logging_mixin.py:115} INFO - [2024-09-10 20:58:55,708] {dag.py:2379} INFO - Sync 1 DAGs
[2024-09-10 20:58:55,744] {logging_mixin.py:115} INFO - [2024-09-10 20:58:55,744] {dag.py:2927} INFO - Setting next_dagrun for tutorial to 2024-09-09T20:58:55.742752+00:00, run_after=2024-09-10T20:58:55.742752+00:00
[2024-09-10 20:58:55,766] {processor.py:161} INFO - Processing /home/airflow/.local/lib/python3.7/site-packages/airflow/example_dags/tutorial.py took 0.137 seconds
[2024-09-10 20:59:25,825] {processor.py:153} INFO - Started process (PID=255) to work on /home/airflow/.local/lib/python3.7/site-packages/airflow/example_dags/tutorial.py
[2024-09-10 20:59:25,826] {processor.py:641} INFO - Processing file /home/airflow/.local/lib/python3.7/site-packages/airflow/example_dags/tutorial.py for tasks to queue
[2024-09-10 20:59:25,826] {logging_mixin.py:115} INFO - [2024-09-10 20:59:25,826] {dagbag.py:507} INFO - Filling up the DagBag from /home/airflow/.local/lib/python3.7/site-packages/airflow/example_dags/tutorial.py
[2024-09-10 20:59:25,831] {processor.py:651} INFO - DAG(s) dict_keys(['tutorial']) retrieved from /home/airflow/.local/lib/python3.7/site-packages/airflow/example_dags/tutorial.py
[2024-09-10 20:59:25,855] {logging_mixin.py:115} INFO - [2024-09-10 20:59:25,854] {dag.py:2379} INFO - Sync 1 DAGs
[2024-09-10 20:59:25,876] {logging_mixin.py:115} INFO - [2024-09-10 20:59:25,876] {dag.py:2927} INFO - Setting next_dagrun for tutorial to 2024-09-09T20:59:25.876112+00:00, run_after=2024-09-10T20:59:25.876112+00:00
[2024-09-10 20:59:25,888] {processor.py:161} INFO - Processing /home/airflow/.local/lib/python3.7/site-packages/airflow/example_dags/tutorial.py took 0.065 seconds
[2024-09-10 21:02:58,844] {processor.py:153} INFO - Started process (PID=66) to work on /home/airflow/.local/lib/python3.7/site-packages/airflow/example_dags/tutorial.py
[2024-09-10 21:02:58,846] {processor.py:641} INFO - Processing file /home/airflow/.local/lib/python3.7/site-packages/airflow/example_dags/tutorial.py for tasks to queue
[2024-09-10 21:02:58,847] {logging_mixin.py:115} INFO - [2024-09-10 21:02:58,847] {dagbag.py:507} INFO - Filling up the DagBag from /home/airflow/.local/lib/python3.7/site-packages/airflow/example_dags/tutorial.py
[2024-09-10 21:02:58,865] {processor.py:651} INFO - DAG(s) dict_keys(['tutorial']) retrieved from /home/airflow/.local/lib/python3.7/site-packages/airflow/example_dags/tutorial.py
[2024-09-10 21:02:58,917] {logging_mixin.py:115} INFO - [2024-09-10 21:02:58,917] {dag.py:2379} INFO - Sync 1 DAGs
[2024-09-10 21:02:58,955] {logging_mixin.py:115} INFO - [2024-09-10 21:02:58,955] {dag.py:2927} INFO - Setting next_dagrun for tutorial to 2024-09-09T21:02:58.955310+00:00, run_after=2024-09-10T21:02:58.955310+00:00
[2024-09-10 21:02:58,984] {processor.py:161} INFO - Processing /home/airflow/.local/lib/python3.7/site-packages/airflow/example_dags/tutorial.py took 0.148 seconds
[2024-09-10 21:03:29,541] {processor.py:153} INFO - Started process (PID=129) to work on /home/airflow/.local/lib/python3.7/site-packages/airflow/example_dags/tutorial.py
[2024-09-10 21:03:29,542] {processor.py:641} INFO - Processing file /home/airflow/.local/lib/python3.7/site-packages/airflow/example_dags/tutorial.py for tasks to queue
[2024-09-10 21:03:29,543] {logging_mixin.py:115} INFO - [2024-09-10 21:03:29,543] {dagbag.py:507} INFO - Filling up the DagBag from /home/airflow/.local/lib/python3.7/site-packages/airflow/example_dags/tutorial.py
[2024-09-10 21:03:29,551] {processor.py:651} INFO - DAG(s) dict_keys(['tutorial']) retrieved from /home/airflow/.local/lib/python3.7/site-packages/airflow/example_dags/tutorial.py
[2024-09-10 21:03:29,588] {logging_mixin.py:115} INFO - [2024-09-10 21:03:29,588] {dag.py:2379} INFO - Sync 1 DAGs
[2024-09-10 21:03:29,615] {logging_mixin.py:115} INFO - [2024-09-10 21:03:29,615] {dag.py:2927} INFO - Setting next_dagrun for tutorial to 2024-09-09T21:03:29.615009+00:00, run_after=2024-09-10T21:03:29.615009+00:00
[2024-09-10 21:03:29,632] {processor.py:161} INFO - Processing /home/airflow/.local/lib/python3.7/site-packages/airflow/example_dags/tutorial.py took 0.106 seconds
[2024-09-10 21:04:00,472] {processor.py:153} INFO - Started process (PID=171) to work on /home/airflow/.local/lib/python3.7/site-packages/airflow/example_dags/tutorial.py
[2024-09-10 21:04:00,473] {processor.py:641} INFO - Processing file /home/airflow/.local/lib/python3.7/site-packages/airflow/example_dags/tutorial.py for tasks to queue
[2024-09-10 21:04:00,475] {logging_mixin.py:115} INFO - [2024-09-10 21:04:00,475] {dagbag.py:507} INFO - Filling up the DagBag from /home/airflow/.local/lib/python3.7/site-packages/airflow/example_dags/tutorial.py
[2024-09-10 21:04:00,494] {processor.py:651} INFO - DAG(s) dict_keys(['tutorial']) retrieved from /home/airflow/.local/lib/python3.7/site-packages/airflow/example_dags/tutorial.py
[2024-09-10 21:04:00,539] {logging_mixin.py:115} INFO - [2024-09-10 21:04:00,539] {dag.py:2379} INFO - Sync 1 DAGs
[2024-09-10 21:04:00,563] {logging_mixin.py:115} INFO - [2024-09-10 21:04:00,563] {dag.py:2927} INFO - Setting next_dagrun for tutorial to 2024-09-09T21:04:00.562910+00:00, run_after=2024-09-10T21:04:00.562910+00:00
[2024-09-10 21:04:00,575] {processor.py:161} INFO - Processing /home/airflow/.local/lib/python3.7/site-packages/airflow/example_dags/tutorial.py took 0.111 seconds
[2024-09-10 21:04:30,668] {processor.py:153} INFO - Started process (PID=214) to work on /home/airflow/.local/lib/python3.7/site-packages/airflow/example_dags/tutorial.py
[2024-09-10 21:04:30,668] {processor.py:641} INFO - Processing file /home/airflow/.local/lib/python3.7/site-packages/airflow/example_dags/tutorial.py for tasks to queue
[2024-09-10 21:04:30,669] {logging_mixin.py:115} INFO - [2024-09-10 21:04:30,669] {dagbag.py:507} INFO - Filling up the DagBag from /home/airflow/.local/lib/python3.7/site-packages/airflow/example_dags/tutorial.py
[2024-09-10 21:04:30,675] {processor.py:651} INFO - DAG(s) dict_keys(['tutorial']) retrieved from /home/airflow/.local/lib/python3.7/site-packages/airflow/example_dags/tutorial.py
[2024-09-10 21:04:30,702] {logging_mixin.py:115} INFO - [2024-09-10 21:04:30,702] {dag.py:2379} INFO - Sync 1 DAGs
[2024-09-10 21:04:30,724] {logging_mixin.py:115} INFO - [2024-09-10 21:04:30,724] {dag.py:2927} INFO - Setting next_dagrun for tutorial to 2024-09-09T21:04:30.724286+00:00, run_after=2024-09-10T21:04:30.724286+00:00
[2024-09-10 21:04:30,740] {processor.py:161} INFO - Processing /home/airflow/.local/lib/python3.7/site-packages/airflow/example_dags/tutorial.py took 0.076 seconds
