[2024-09-15 12:27:22,700] {processor.py:153} INFO - Started process (PID=78) to work on /home/airflow/.local/lib/python3.7/site-packages/airflow/example_dags/example_branch_day_of_week_operator.py
[2024-09-15 12:27:22,701] {processor.py:641} INFO - Processing file /home/airflow/.local/lib/python3.7/site-packages/airflow/example_dags/example_branch_day_of_week_operator.py for tasks to queue
[2024-09-15 12:27:22,701] {logging_mixin.py:115} INFO - [2024-09-15 12:27:22,701] {dagbag.py:507} INFO - Filling up the DagBag from /home/airflow/.local/lib/python3.7/site-packages/airflow/example_dags/example_branch_day_of_week_operator.py
[2024-09-15 12:27:22,727] {processor.py:651} INFO - DAG(s) dict_keys(['example_weekday_branch_operator']) retrieved from /home/airflow/.local/lib/python3.7/site-packages/airflow/example_dags/example_branch_day_of_week_operator.py
[2024-09-15 12:27:22,818] {logging_mixin.py:115} INFO - [2024-09-15 12:27:22,818] {dag.py:2379} INFO - Sync 1 DAGs
[2024-09-15 12:27:22,868] {logging_mixin.py:115} INFO - [2024-09-15 12:27:22,868] {dag.py:2927} INFO - Setting next_dagrun for example_weekday_branch_operator to 2024-09-14T00:00:00+00:00, run_after=2024-09-15T00:00:00+00:00
[2024-09-15 12:27:22,896] {processor.py:161} INFO - Processing /home/airflow/.local/lib/python3.7/site-packages/airflow/example_dags/example_branch_day_of_week_operator.py took 0.200 seconds
[2024-09-15 12:27:53,356] {processor.py:153} INFO - Started process (PID=141) to work on /home/airflow/.local/lib/python3.7/site-packages/airflow/example_dags/example_branch_day_of_week_operator.py
[2024-09-15 12:27:53,357] {processor.py:641} INFO - Processing file /home/airflow/.local/lib/python3.7/site-packages/airflow/example_dags/example_branch_day_of_week_operator.py for tasks to queue
[2024-09-15 12:27:53,357] {logging_mixin.py:115} INFO - [2024-09-15 12:27:53,357] {dagbag.py:507} INFO - Filling up the DagBag from /home/airflow/.local/lib/python3.7/site-packages/airflow/example_dags/example_branch_day_of_week_operator.py
[2024-09-15 12:27:53,367] {processor.py:651} INFO - DAG(s) dict_keys(['example_weekday_branch_operator']) retrieved from /home/airflow/.local/lib/python3.7/site-packages/airflow/example_dags/example_branch_day_of_week_operator.py
[2024-09-15 12:27:53,397] {logging_mixin.py:115} INFO - [2024-09-15 12:27:53,397] {dag.py:2379} INFO - Sync 1 DAGs
[2024-09-15 12:27:53,427] {logging_mixin.py:115} INFO - [2024-09-15 12:27:53,427] {dag.py:2927} INFO - Setting next_dagrun for example_weekday_branch_operator to 2024-09-14T00:00:00+00:00, run_after=2024-09-15T00:00:00+00:00
[2024-09-15 12:27:53,444] {processor.py:161} INFO - Processing /home/airflow/.local/lib/python3.7/site-packages/airflow/example_dags/example_branch_day_of_week_operator.py took 0.090 seconds
[2024-09-15 12:28:23,625] {processor.py:153} INFO - Started process (PID=183) to work on /home/airflow/.local/lib/python3.7/site-packages/airflow/example_dags/example_branch_day_of_week_operator.py
[2024-09-15 12:28:23,625] {processor.py:641} INFO - Processing file /home/airflow/.local/lib/python3.7/site-packages/airflow/example_dags/example_branch_day_of_week_operator.py for tasks to queue
[2024-09-15 12:28:23,626] {logging_mixin.py:115} INFO - [2024-09-15 12:28:23,626] {dagbag.py:507} INFO - Filling up the DagBag from /home/airflow/.local/lib/python3.7/site-packages/airflow/example_dags/example_branch_day_of_week_operator.py
[2024-09-15 12:28:23,635] {processor.py:651} INFO - DAG(s) dict_keys(['example_weekday_branch_operator']) retrieved from /home/airflow/.local/lib/python3.7/site-packages/airflow/example_dags/example_branch_day_of_week_operator.py
[2024-09-15 12:28:23,669] {logging_mixin.py:115} INFO - [2024-09-15 12:28:23,668] {dag.py:2379} INFO - Sync 1 DAGs
[2024-09-15 12:28:23,704] {logging_mixin.py:115} INFO - [2024-09-15 12:28:23,704] {dag.py:2927} INFO - Setting next_dagrun for example_weekday_branch_operator to 2024-09-14T00:00:00+00:00, run_after=2024-09-15T00:00:00+00:00
[2024-09-15 12:28:23,719] {processor.py:161} INFO - Processing /home/airflow/.local/lib/python3.7/site-packages/airflow/example_dags/example_branch_day_of_week_operator.py took 0.098 seconds
[2024-09-15 12:28:54,385] {processor.py:153} INFO - Started process (PID=225) to work on /home/airflow/.local/lib/python3.7/site-packages/airflow/example_dags/example_branch_day_of_week_operator.py
[2024-09-15 12:28:54,385] {processor.py:641} INFO - Processing file /home/airflow/.local/lib/python3.7/site-packages/airflow/example_dags/example_branch_day_of_week_operator.py for tasks to queue
[2024-09-15 12:28:54,386] {logging_mixin.py:115} INFO - [2024-09-15 12:28:54,386] {dagbag.py:507} INFO - Filling up the DagBag from /home/airflow/.local/lib/python3.7/site-packages/airflow/example_dags/example_branch_day_of_week_operator.py
[2024-09-15 12:28:54,395] {processor.py:651} INFO - DAG(s) dict_keys(['example_weekday_branch_operator']) retrieved from /home/airflow/.local/lib/python3.7/site-packages/airflow/example_dags/example_branch_day_of_week_operator.py
[2024-09-15 12:28:54,427] {logging_mixin.py:115} INFO - [2024-09-15 12:28:54,427] {dag.py:2379} INFO - Sync 1 DAGs
[2024-09-15 12:28:54,457] {logging_mixin.py:115} INFO - [2024-09-15 12:28:54,457] {dag.py:2927} INFO - Setting next_dagrun for example_weekday_branch_operator to 2024-09-14T00:00:00+00:00, run_after=2024-09-15T00:00:00+00:00
[2024-09-15 12:28:54,471] {processor.py:161} INFO - Processing /home/airflow/.local/lib/python3.7/site-packages/airflow/example_dags/example_branch_day_of_week_operator.py took 0.090 seconds
[2024-09-15 12:29:25,197] {processor.py:153} INFO - Started process (PID=267) to work on /home/airflow/.local/lib/python3.7/site-packages/airflow/example_dags/example_branch_day_of_week_operator.py
[2024-09-15 12:29:25,198] {processor.py:641} INFO - Processing file /home/airflow/.local/lib/python3.7/site-packages/airflow/example_dags/example_branch_day_of_week_operator.py for tasks to queue
[2024-09-15 12:29:25,199] {logging_mixin.py:115} INFO - [2024-09-15 12:29:25,199] {dagbag.py:507} INFO - Filling up the DagBag from /home/airflow/.local/lib/python3.7/site-packages/airflow/example_dags/example_branch_day_of_week_operator.py
[2024-09-15 12:29:25,208] {processor.py:651} INFO - DAG(s) dict_keys(['example_weekday_branch_operator']) retrieved from /home/airflow/.local/lib/python3.7/site-packages/airflow/example_dags/example_branch_day_of_week_operator.py
[2024-09-15 12:29:25,240] {logging_mixin.py:115} INFO - [2024-09-15 12:29:25,240] {dag.py:2379} INFO - Sync 1 DAGs
[2024-09-15 12:29:25,275] {logging_mixin.py:115} INFO - [2024-09-15 12:29:25,275] {dag.py:2927} INFO - Setting next_dagrun for example_weekday_branch_operator to 2024-09-14T00:00:00+00:00, run_after=2024-09-15T00:00:00+00:00
[2024-09-15 12:29:25,288] {processor.py:161} INFO - Processing /home/airflow/.local/lib/python3.7/site-packages/airflow/example_dags/example_branch_day_of_week_operator.py took 0.096 seconds
[2024-09-15 12:29:55,966] {processor.py:153} INFO - Started process (PID=309) to work on /home/airflow/.local/lib/python3.7/site-packages/airflow/example_dags/example_branch_day_of_week_operator.py
[2024-09-15 12:29:55,967] {processor.py:641} INFO - Processing file /home/airflow/.local/lib/python3.7/site-packages/airflow/example_dags/example_branch_day_of_week_operator.py for tasks to queue
[2024-09-15 12:29:55,967] {logging_mixin.py:115} INFO - [2024-09-15 12:29:55,967] {dagbag.py:507} INFO - Filling up the DagBag from /home/airflow/.local/lib/python3.7/site-packages/airflow/example_dags/example_branch_day_of_week_operator.py
[2024-09-15 12:29:55,976] {processor.py:651} INFO - DAG(s) dict_keys(['example_weekday_branch_operator']) retrieved from /home/airflow/.local/lib/python3.7/site-packages/airflow/example_dags/example_branch_day_of_week_operator.py
[2024-09-15 12:29:56,007] {logging_mixin.py:115} INFO - [2024-09-15 12:29:56,006] {dag.py:2379} INFO - Sync 1 DAGs
[2024-09-15 12:29:56,036] {logging_mixin.py:115} INFO - [2024-09-15 12:29:56,036] {dag.py:2927} INFO - Setting next_dagrun for example_weekday_branch_operator to 2024-09-14T00:00:00+00:00, run_after=2024-09-15T00:00:00+00:00
[2024-09-15 12:29:56,051] {processor.py:161} INFO - Processing /home/airflow/.local/lib/python3.7/site-packages/airflow/example_dags/example_branch_day_of_week_operator.py took 0.088 seconds
