[2024-09-15 12:27:17,699] {processor.py:153} INFO - Started process (PID=50) to work on /home/airflow/.local/lib/python3.7/site-packages/airflow/example_dags/example_local_kubernetes_executor.py
[2024-09-15 12:27:17,700] {processor.py:641} INFO - Processing file /home/airflow/.local/lib/python3.7/site-packages/airflow/example_dags/example_local_kubernetes_executor.py for tasks to queue
[2024-09-15 12:27:17,701] {logging_mixin.py:115} INFO - [2024-09-15 12:27:17,701] {dagbag.py:507} INFO - Filling up the DagBag from /home/airflow/.local/lib/python3.7/site-packages/airflow/example_dags/example_local_kubernetes_executor.py
[2024-09-15 12:27:17,737] {processor.py:651} INFO - DAG(s) dict_keys(['example_local_kubernetes_executor']) retrieved from /home/airflow/.local/lib/python3.7/site-packages/airflow/example_dags/example_local_kubernetes_executor.py
[2024-09-15 12:27:17,798] {logging_mixin.py:115} INFO - [2024-09-15 12:27:17,798] {dag.py:2379} INFO - Sync 1 DAGs
[2024-09-15 12:27:17,862] {logging_mixin.py:115} INFO - [2024-09-15 12:27:17,862] {dag.py:2927} INFO - Setting next_dagrun for example_local_kubernetes_executor to None, run_after=None
[2024-09-15 12:27:17,896] {processor.py:161} INFO - Processing /home/airflow/.local/lib/python3.7/site-packages/airflow/example_dags/example_local_kubernetes_executor.py took 0.207 seconds
[2024-09-15 12:27:48,009] {processor.py:153} INFO - Started process (PID=119) to work on /home/airflow/.local/lib/python3.7/site-packages/airflow/example_dags/example_local_kubernetes_executor.py
[2024-09-15 12:27:48,010] {processor.py:641} INFO - Processing file /home/airflow/.local/lib/python3.7/site-packages/airflow/example_dags/example_local_kubernetes_executor.py for tasks to queue
[2024-09-15 12:27:48,011] {logging_mixin.py:115} INFO - [2024-09-15 12:27:48,011] {dagbag.py:507} INFO - Filling up the DagBag from /home/airflow/.local/lib/python3.7/site-packages/airflow/example_dags/example_local_kubernetes_executor.py
[2024-09-15 12:27:48,034] {processor.py:651} INFO - DAG(s) dict_keys(['example_local_kubernetes_executor']) retrieved from /home/airflow/.local/lib/python3.7/site-packages/airflow/example_dags/example_local_kubernetes_executor.py
[2024-09-15 12:27:48,062] {logging_mixin.py:115} INFO - [2024-09-15 12:27:48,062] {dag.py:2379} INFO - Sync 1 DAGs
[2024-09-15 12:27:48,088] {logging_mixin.py:115} INFO - [2024-09-15 12:27:48,088] {dag.py:2927} INFO - Setting next_dagrun for example_local_kubernetes_executor to None, run_after=None
[2024-09-15 12:27:48,101] {processor.py:161} INFO - Processing /home/airflow/.local/lib/python3.7/site-packages/airflow/example_dags/example_local_kubernetes_executor.py took 0.095 seconds
[2024-09-15 12:28:18,811] {processor.py:153} INFO - Started process (PID=161) to work on /home/airflow/.local/lib/python3.7/site-packages/airflow/example_dags/example_local_kubernetes_executor.py
[2024-09-15 12:28:18,812] {processor.py:641} INFO - Processing file /home/airflow/.local/lib/python3.7/site-packages/airflow/example_dags/example_local_kubernetes_executor.py for tasks to queue
[2024-09-15 12:28:18,812] {logging_mixin.py:115} INFO - [2024-09-15 12:28:18,812] {dagbag.py:507} INFO - Filling up the DagBag from /home/airflow/.local/lib/python3.7/site-packages/airflow/example_dags/example_local_kubernetes_executor.py
[2024-09-15 12:28:18,835] {processor.py:651} INFO - DAG(s) dict_keys(['example_local_kubernetes_executor']) retrieved from /home/airflow/.local/lib/python3.7/site-packages/airflow/example_dags/example_local_kubernetes_executor.py
[2024-09-15 12:28:18,868] {logging_mixin.py:115} INFO - [2024-09-15 12:28:18,868] {dag.py:2379} INFO - Sync 1 DAGs
[2024-09-15 12:28:18,894] {logging_mixin.py:115} INFO - [2024-09-15 12:28:18,894] {dag.py:2927} INFO - Setting next_dagrun for example_local_kubernetes_executor to None, run_after=None
[2024-09-15 12:28:18,907] {processor.py:161} INFO - Processing /home/airflow/.local/lib/python3.7/site-packages/airflow/example_dags/example_local_kubernetes_executor.py took 0.100 seconds
[2024-09-15 12:28:49,637] {processor.py:153} INFO - Started process (PID=203) to work on /home/airflow/.local/lib/python3.7/site-packages/airflow/example_dags/example_local_kubernetes_executor.py
[2024-09-15 12:28:49,637] {processor.py:641} INFO - Processing file /home/airflow/.local/lib/python3.7/site-packages/airflow/example_dags/example_local_kubernetes_executor.py for tasks to queue
[2024-09-15 12:28:49,638] {logging_mixin.py:115} INFO - [2024-09-15 12:28:49,638] {dagbag.py:507} INFO - Filling up the DagBag from /home/airflow/.local/lib/python3.7/site-packages/airflow/example_dags/example_local_kubernetes_executor.py
[2024-09-15 12:28:49,657] {processor.py:651} INFO - DAG(s) dict_keys(['example_local_kubernetes_executor']) retrieved from /home/airflow/.local/lib/python3.7/site-packages/airflow/example_dags/example_local_kubernetes_executor.py
[2024-09-15 12:28:49,683] {logging_mixin.py:115} INFO - [2024-09-15 12:28:49,683] {dag.py:2379} INFO - Sync 1 DAGs
[2024-09-15 12:28:49,711] {logging_mixin.py:115} INFO - [2024-09-15 12:28:49,711] {dag.py:2927} INFO - Setting next_dagrun for example_local_kubernetes_executor to None, run_after=None
[2024-09-15 12:28:49,724] {processor.py:161} INFO - Processing /home/airflow/.local/lib/python3.7/site-packages/airflow/example_dags/example_local_kubernetes_executor.py took 0.091 seconds
[2024-09-15 12:29:20,430] {processor.py:153} INFO - Started process (PID=245) to work on /home/airflow/.local/lib/python3.7/site-packages/airflow/example_dags/example_local_kubernetes_executor.py
[2024-09-15 12:29:20,430] {processor.py:641} INFO - Processing file /home/airflow/.local/lib/python3.7/site-packages/airflow/example_dags/example_local_kubernetes_executor.py for tasks to queue
[2024-09-15 12:29:20,431] {logging_mixin.py:115} INFO - [2024-09-15 12:29:20,431] {dagbag.py:507} INFO - Filling up the DagBag from /home/airflow/.local/lib/python3.7/site-packages/airflow/example_dags/example_local_kubernetes_executor.py
[2024-09-15 12:29:20,453] {processor.py:651} INFO - DAG(s) dict_keys(['example_local_kubernetes_executor']) retrieved from /home/airflow/.local/lib/python3.7/site-packages/airflow/example_dags/example_local_kubernetes_executor.py
[2024-09-15 12:29:20,488] {logging_mixin.py:115} INFO - [2024-09-15 12:29:20,487] {dag.py:2379} INFO - Sync 1 DAGs
[2024-09-15 12:29:20,521] {logging_mixin.py:115} INFO - [2024-09-15 12:29:20,521] {dag.py:2927} INFO - Setting next_dagrun for example_local_kubernetes_executor to None, run_after=None
[2024-09-15 12:29:20,539] {processor.py:161} INFO - Processing /home/airflow/.local/lib/python3.7/site-packages/airflow/example_dags/example_local_kubernetes_executor.py took 0.114 seconds
[2024-09-15 12:29:51,199] {processor.py:153} INFO - Started process (PID=287) to work on /home/airflow/.local/lib/python3.7/site-packages/airflow/example_dags/example_local_kubernetes_executor.py
[2024-09-15 12:29:51,199] {processor.py:641} INFO - Processing file /home/airflow/.local/lib/python3.7/site-packages/airflow/example_dags/example_local_kubernetes_executor.py for tasks to queue
[2024-09-15 12:29:51,200] {logging_mixin.py:115} INFO - [2024-09-15 12:29:51,200] {dagbag.py:507} INFO - Filling up the DagBag from /home/airflow/.local/lib/python3.7/site-packages/airflow/example_dags/example_local_kubernetes_executor.py
[2024-09-15 12:29:51,220] {processor.py:651} INFO - DAG(s) dict_keys(['example_local_kubernetes_executor']) retrieved from /home/airflow/.local/lib/python3.7/site-packages/airflow/example_dags/example_local_kubernetes_executor.py
[2024-09-15 12:29:51,250] {logging_mixin.py:115} INFO - [2024-09-15 12:29:51,250] {dag.py:2379} INFO - Sync 1 DAGs
[2024-09-15 12:29:51,277] {logging_mixin.py:115} INFO - [2024-09-15 12:29:51,277] {dag.py:2927} INFO - Setting next_dagrun for example_local_kubernetes_executor to None, run_after=None
[2024-09-15 12:29:51,290] {processor.py:161} INFO - Processing /home/airflow/.local/lib/python3.7/site-packages/airflow/example_dags/example_local_kubernetes_executor.py took 0.095 seconds
