[2024-09-15 12:27:21,525] {processor.py:153} INFO - Started process (PID=71) to work on /home/airflow/.local/lib/python3.7/site-packages/airflow/example_dags/example_xcomargs.py
[2024-09-15 12:27:21,532] {processor.py:641} INFO - Processing file /home/airflow/.local/lib/python3.7/site-packages/airflow/example_dags/example_xcomargs.py for tasks to queue
[2024-09-15 12:27:21,536] {logging_mixin.py:115} INFO - [2024-09-15 12:27:21,535] {dagbag.py:507} INFO - Filling up the DagBag from /home/airflow/.local/lib/python3.7/site-packages/airflow/example_dags/example_xcomargs.py
[2024-09-15 12:27:21,614] {processor.py:651} INFO - DAG(s) dict_keys(['example_xcom_args', 'example_xcom_args_with_operators']) retrieved from /home/airflow/.local/lib/python3.7/site-packages/airflow/example_dags/example_xcomargs.py
[2024-09-15 12:27:21,792] {logging_mixin.py:115} INFO - [2024-09-15 12:27:21,792] {dag.py:2379} INFO - Sync 2 DAGs
[2024-09-15 12:27:22,268] {logging_mixin.py:115} INFO - [2024-09-15 12:27:22,268] {dag.py:2927} INFO - Setting next_dagrun for example_xcom_args to None, run_after=None
[2024-09-15 12:27:22,268] {logging_mixin.py:115} INFO - [2024-09-15 12:27:22,268] {dag.py:2927} INFO - Setting next_dagrun for example_xcom_args_with_operators to None, run_after=None
[2024-09-15 12:27:22,308] {processor.py:161} INFO - Processing /home/airflow/.local/lib/python3.7/site-packages/airflow/example_dags/example_xcomargs.py took 0.796 seconds
[2024-09-15 12:27:52,851] {processor.py:153} INFO - Started process (PID=135) to work on /home/airflow/.local/lib/python3.7/site-packages/airflow/example_dags/example_xcomargs.py
[2024-09-15 12:27:52,852] {processor.py:641} INFO - Processing file /home/airflow/.local/lib/python3.7/site-packages/airflow/example_dags/example_xcomargs.py for tasks to queue
[2024-09-15 12:27:52,853] {logging_mixin.py:115} INFO - [2024-09-15 12:27:52,853] {dagbag.py:507} INFO - Filling up the DagBag from /home/airflow/.local/lib/python3.7/site-packages/airflow/example_dags/example_xcomargs.py
[2024-09-15 12:27:52,876] {processor.py:651} INFO - DAG(s) dict_keys(['example_xcom_args', 'example_xcom_args_with_operators']) retrieved from /home/airflow/.local/lib/python3.7/site-packages/airflow/example_dags/example_xcomargs.py
[2024-09-15 12:27:52,969] {logging_mixin.py:115} INFO - [2024-09-15 12:27:52,969] {dag.py:2379} INFO - Sync 2 DAGs
[2024-09-15 12:27:53,186] {logging_mixin.py:115} INFO - [2024-09-15 12:27:53,186] {dag.py:2927} INFO - Setting next_dagrun for example_xcom_args to None, run_after=None
[2024-09-15 12:27:53,187] {logging_mixin.py:115} INFO - [2024-09-15 12:27:53,187] {dag.py:2927} INFO - Setting next_dagrun for example_xcom_args_with_operators to None, run_after=None
[2024-09-15 12:27:53,203] {processor.py:161} INFO - Processing /home/airflow/.local/lib/python3.7/site-packages/airflow/example_dags/example_xcomargs.py took 0.355 seconds
[2024-09-15 12:28:23,295] {processor.py:153} INFO - Started process (PID=179) to work on /home/airflow/.local/lib/python3.7/site-packages/airflow/example_dags/example_xcomargs.py
[2024-09-15 12:28:23,295] {processor.py:641} INFO - Processing file /home/airflow/.local/lib/python3.7/site-packages/airflow/example_dags/example_xcomargs.py for tasks to queue
[2024-09-15 12:28:23,296] {logging_mixin.py:115} INFO - [2024-09-15 12:28:23,296] {dagbag.py:507} INFO - Filling up the DagBag from /home/airflow/.local/lib/python3.7/site-packages/airflow/example_dags/example_xcomargs.py
[2024-09-15 12:28:23,319] {processor.py:651} INFO - DAG(s) dict_keys(['example_xcom_args', 'example_xcom_args_with_operators']) retrieved from /home/airflow/.local/lib/python3.7/site-packages/airflow/example_dags/example_xcomargs.py
[2024-09-15 12:28:23,411] {logging_mixin.py:115} INFO - [2024-09-15 12:28:23,411] {dag.py:2379} INFO - Sync 2 DAGs
[2024-09-15 12:28:23,581] {logging_mixin.py:115} INFO - [2024-09-15 12:28:23,581] {dag.py:2927} INFO - Setting next_dagrun for example_xcom_args to None, run_after=None
[2024-09-15 12:28:23,581] {logging_mixin.py:115} INFO - [2024-09-15 12:28:23,581] {dag.py:2927} INFO - Setting next_dagrun for example_xcom_args_with_operators to None, run_after=None
[2024-09-15 12:28:23,597] {processor.py:161} INFO - Processing /home/airflow/.local/lib/python3.7/site-packages/airflow/example_dags/example_xcomargs.py took 0.306 seconds
[2024-09-15 12:28:53,899] {processor.py:153} INFO - Started process (PID=219) to work on /home/airflow/.local/lib/python3.7/site-packages/airflow/example_dags/example_xcomargs.py
[2024-09-15 12:28:53,900] {processor.py:641} INFO - Processing file /home/airflow/.local/lib/python3.7/site-packages/airflow/example_dags/example_xcomargs.py for tasks to queue
[2024-09-15 12:28:53,901] {logging_mixin.py:115} INFO - [2024-09-15 12:28:53,900] {dagbag.py:507} INFO - Filling up the DagBag from /home/airflow/.local/lib/python3.7/site-packages/airflow/example_dags/example_xcomargs.py
[2024-09-15 12:28:53,922] {processor.py:651} INFO - DAG(s) dict_keys(['example_xcom_args', 'example_xcom_args_with_operators']) retrieved from /home/airflow/.local/lib/python3.7/site-packages/airflow/example_dags/example_xcomargs.py
[2024-09-15 12:28:54,011] {logging_mixin.py:115} INFO - [2024-09-15 12:28:54,010] {dag.py:2379} INFO - Sync 2 DAGs
[2024-09-15 12:28:54,222] {logging_mixin.py:115} INFO - [2024-09-15 12:28:54,222] {dag.py:2927} INFO - Setting next_dagrun for example_xcom_args to None, run_after=None
[2024-09-15 12:28:54,223] {logging_mixin.py:115} INFO - [2024-09-15 12:28:54,223] {dag.py:2927} INFO - Setting next_dagrun for example_xcom_args_with_operators to None, run_after=None
[2024-09-15 12:28:54,239] {processor.py:161} INFO - Processing /home/airflow/.local/lib/python3.7/site-packages/airflow/example_dags/example_xcomargs.py took 0.343 seconds
[2024-09-15 12:29:24,756] {processor.py:153} INFO - Started process (PID=261) to work on /home/airflow/.local/lib/python3.7/site-packages/airflow/example_dags/example_xcomargs.py
[2024-09-15 12:29:24,757] {processor.py:641} INFO - Processing file /home/airflow/.local/lib/python3.7/site-packages/airflow/example_dags/example_xcomargs.py for tasks to queue
[2024-09-15 12:29:24,757] {logging_mixin.py:115} INFO - [2024-09-15 12:29:24,757] {dagbag.py:507} INFO - Filling up the DagBag from /home/airflow/.local/lib/python3.7/site-packages/airflow/example_dags/example_xcomargs.py
[2024-09-15 12:29:24,780] {processor.py:651} INFO - DAG(s) dict_keys(['example_xcom_args', 'example_xcom_args_with_operators']) retrieved from /home/airflow/.local/lib/python3.7/site-packages/airflow/example_dags/example_xcomargs.py
[2024-09-15 12:29:24,862] {logging_mixin.py:115} INFO - [2024-09-15 12:29:24,862] {dag.py:2379} INFO - Sync 2 DAGs
[2024-09-15 12:29:25,032] {logging_mixin.py:115} INFO - [2024-09-15 12:29:25,032] {dag.py:2927} INFO - Setting next_dagrun for example_xcom_args to None, run_after=None
[2024-09-15 12:29:25,033] {logging_mixin.py:115} INFO - [2024-09-15 12:29:25,033] {dag.py:2927} INFO - Setting next_dagrun for example_xcom_args_with_operators to None, run_after=None
[2024-09-15 12:29:25,050] {processor.py:161} INFO - Processing /home/airflow/.local/lib/python3.7/site-packages/airflow/example_dags/example_xcomargs.py took 0.301 seconds
[2024-09-15 12:29:55,520] {processor.py:153} INFO - Started process (PID=303) to work on /home/airflow/.local/lib/python3.7/site-packages/airflow/example_dags/example_xcomargs.py
[2024-09-15 12:29:55,521] {processor.py:641} INFO - Processing file /home/airflow/.local/lib/python3.7/site-packages/airflow/example_dags/example_xcomargs.py for tasks to queue
[2024-09-15 12:29:55,521] {logging_mixin.py:115} INFO - [2024-09-15 12:29:55,521] {dagbag.py:507} INFO - Filling up the DagBag from /home/airflow/.local/lib/python3.7/site-packages/airflow/example_dags/example_xcomargs.py
[2024-09-15 12:29:55,545] {processor.py:651} INFO - DAG(s) dict_keys(['example_xcom_args', 'example_xcom_args_with_operators']) retrieved from /home/airflow/.local/lib/python3.7/site-packages/airflow/example_dags/example_xcomargs.py
[2024-09-15 12:29:55,632] {logging_mixin.py:115} INFO - [2024-09-15 12:29:55,632] {dag.py:2379} INFO - Sync 2 DAGs
[2024-09-15 12:29:55,809] {logging_mixin.py:115} INFO - [2024-09-15 12:29:55,809] {dag.py:2927} INFO - Setting next_dagrun for example_xcom_args to None, run_after=None
[2024-09-15 12:29:55,809] {logging_mixin.py:115} INFO - [2024-09-15 12:29:55,809] {dag.py:2927} INFO - Setting next_dagrun for example_xcom_args_with_operators to None, run_after=None
[2024-09-15 12:29:55,825] {processor.py:161} INFO - Processing /home/airflow/.local/lib/python3.7/site-packages/airflow/example_dags/example_xcomargs.py took 0.310 seconds
