[2024-09-15 12:27:22,508] {processor.py:153} INFO - Started process (PID=77) to work on /home/airflow/.local/lib/python3.7/site-packages/airflow/example_dags/example_sla_dag.py
[2024-09-15 12:27:22,508] {processor.py:641} INFO - Processing file /home/airflow/.local/lib/python3.7/site-packages/airflow/example_dags/example_sla_dag.py for tasks to queue
[2024-09-15 12:27:22,509] {logging_mixin.py:115} INFO - [2024-09-15 12:27:22,509] {dagbag.py:507} INFO - Filling up the DagBag from /home/airflow/.local/lib/python3.7/site-packages/airflow/example_dags/example_sla_dag.py
[2024-09-15 12:27:22,547] {processor.py:651} INFO - DAG(s) dict_keys(['example_sla_dag']) retrieved from /home/airflow/.local/lib/python3.7/site-packages/airflow/example_dags/example_sla_dag.py
[2024-09-15 12:27:22,587] {logging_mixin.py:115} INFO - [2024-09-15 12:27:22,587] {dag.py:2379} INFO - Sync 1 DAGs
[2024-09-15 12:27:22,649] {logging_mixin.py:115} INFO - [2024-09-15 12:27:22,649] {dag.py:2927} INFO - Setting next_dagrun for example_sla_dag to 2024-09-15T12:24:00+00:00, run_after=2024-09-15T12:26:00+00:00
[2024-09-15 12:27:22,668] {processor.py:161} INFO - Processing /home/airflow/.local/lib/python3.7/site-packages/airflow/example_dags/example_sla_dag.py took 0.165 seconds
[2024-09-15 12:27:53,292] {processor.py:153} INFO - Started process (PID=140) to work on /home/airflow/.local/lib/python3.7/site-packages/airflow/example_dags/example_sla_dag.py
[2024-09-15 12:27:53,293] {processor.py:641} INFO - Processing file /home/airflow/.local/lib/python3.7/site-packages/airflow/example_dags/example_sla_dag.py for tasks to queue
[2024-09-15 12:27:53,294] {logging_mixin.py:115} INFO - [2024-09-15 12:27:53,294] {dagbag.py:507} INFO - Filling up the DagBag from /home/airflow/.local/lib/python3.7/site-packages/airflow/example_dags/example_sla_dag.py
[2024-09-15 12:27:53,313] {processor.py:651} INFO - DAG(s) dict_keys(['example_sla_dag']) retrieved from /home/airflow/.local/lib/python3.7/site-packages/airflow/example_dags/example_sla_dag.py
[2024-09-15 12:27:53,340] {logging_mixin.py:115} INFO - [2024-09-15 12:27:53,340] {dag.py:2379} INFO - Sync 1 DAGs
[2024-09-15 12:27:53,372] {logging_mixin.py:115} INFO - [2024-09-15 12:27:53,372] {dag.py:2927} INFO - Setting next_dagrun for example_sla_dag to 2024-09-15T12:24:00+00:00, run_after=2024-09-15T12:26:00+00:00
[2024-09-15 12:27:53,385] {processor.py:161} INFO - Processing /home/airflow/.local/lib/python3.7/site-packages/airflow/example_dags/example_sla_dag.py took 0.096 seconds
[2024-09-15 12:28:23,539] {processor.py:153} INFO - Started process (PID=182) to work on /home/airflow/.local/lib/python3.7/site-packages/airflow/example_dags/example_sla_dag.py
[2024-09-15 12:28:23,540] {processor.py:641} INFO - Processing file /home/airflow/.local/lib/python3.7/site-packages/airflow/example_dags/example_sla_dag.py for tasks to queue
[2024-09-15 12:28:23,540] {logging_mixin.py:115} INFO - [2024-09-15 12:28:23,540] {dagbag.py:507} INFO - Filling up the DagBag from /home/airflow/.local/lib/python3.7/site-packages/airflow/example_dags/example_sla_dag.py
[2024-09-15 12:28:23,559] {processor.py:651} INFO - DAG(s) dict_keys(['example_sla_dag']) retrieved from /home/airflow/.local/lib/python3.7/site-packages/airflow/example_dags/example_sla_dag.py
[2024-09-15 12:28:23,587] {logging_mixin.py:115} INFO - [2024-09-15 12:28:23,586] {dag.py:2379} INFO - Sync 1 DAGs
[2024-09-15 12:28:23,620] {logging_mixin.py:115} INFO - [2024-09-15 12:28:23,620] {dag.py:2927} INFO - Setting next_dagrun for example_sla_dag to 2024-09-15T12:26:00+00:00, run_after=2024-09-15T12:28:00+00:00
[2024-09-15 12:28:23,636] {processor.py:161} INFO - Processing /home/airflow/.local/lib/python3.7/site-packages/airflow/example_dags/example_sla_dag.py took 0.101 seconds
[2024-09-15 12:28:54,303] {processor.py:153} INFO - Started process (PID=224) to work on /home/airflow/.local/lib/python3.7/site-packages/airflow/example_dags/example_sla_dag.py
[2024-09-15 12:28:54,303] {processor.py:641} INFO - Processing file /home/airflow/.local/lib/python3.7/site-packages/airflow/example_dags/example_sla_dag.py for tasks to queue
[2024-09-15 12:28:54,304] {logging_mixin.py:115} INFO - [2024-09-15 12:28:54,304] {dagbag.py:507} INFO - Filling up the DagBag from /home/airflow/.local/lib/python3.7/site-packages/airflow/example_dags/example_sla_dag.py
[2024-09-15 12:28:54,325] {processor.py:651} INFO - DAG(s) dict_keys(['example_sla_dag']) retrieved from /home/airflow/.local/lib/python3.7/site-packages/airflow/example_dags/example_sla_dag.py
[2024-09-15 12:28:54,356] {logging_mixin.py:115} INFO - [2024-09-15 12:28:54,356] {dag.py:2379} INFO - Sync 1 DAGs
[2024-09-15 12:28:54,390] {logging_mixin.py:115} INFO - [2024-09-15 12:28:54,390] {dag.py:2927} INFO - Setting next_dagrun for example_sla_dag to 2024-09-15T12:26:00+00:00, run_after=2024-09-15T12:28:00+00:00
[2024-09-15 12:28:54,404] {processor.py:161} INFO - Processing /home/airflow/.local/lib/python3.7/site-packages/airflow/example_dags/example_sla_dag.py took 0.105 seconds
[2024-09-15 12:29:25,109] {processor.py:153} INFO - Started process (PID=266) to work on /home/airflow/.local/lib/python3.7/site-packages/airflow/example_dags/example_sla_dag.py
[2024-09-15 12:29:25,110] {processor.py:641} INFO - Processing file /home/airflow/.local/lib/python3.7/site-packages/airflow/example_dags/example_sla_dag.py for tasks to queue
[2024-09-15 12:29:25,110] {logging_mixin.py:115} INFO - [2024-09-15 12:29:25,110] {dagbag.py:507} INFO - Filling up the DagBag from /home/airflow/.local/lib/python3.7/site-packages/airflow/example_dags/example_sla_dag.py
[2024-09-15 12:29:25,129] {processor.py:651} INFO - DAG(s) dict_keys(['example_sla_dag']) retrieved from /home/airflow/.local/lib/python3.7/site-packages/airflow/example_dags/example_sla_dag.py
[2024-09-15 12:29:25,162] {logging_mixin.py:115} INFO - [2024-09-15 12:29:25,162] {dag.py:2379} INFO - Sync 1 DAGs
[2024-09-15 12:29:25,194] {logging_mixin.py:115} INFO - [2024-09-15 12:29:25,194] {dag.py:2927} INFO - Setting next_dagrun for example_sla_dag to 2024-09-15T12:26:00+00:00, run_after=2024-09-15T12:28:00+00:00
[2024-09-15 12:29:25,206] {processor.py:161} INFO - Processing /home/airflow/.local/lib/python3.7/site-packages/airflow/example_dags/example_sla_dag.py took 0.100 seconds
[2024-09-15 12:29:55,886] {processor.py:153} INFO - Started process (PID=308) to work on /home/airflow/.local/lib/python3.7/site-packages/airflow/example_dags/example_sla_dag.py
[2024-09-15 12:29:55,887] {processor.py:641} INFO - Processing file /home/airflow/.local/lib/python3.7/site-packages/airflow/example_dags/example_sla_dag.py for tasks to queue
[2024-09-15 12:29:55,887] {logging_mixin.py:115} INFO - [2024-09-15 12:29:55,887] {dagbag.py:507} INFO - Filling up the DagBag from /home/airflow/.local/lib/python3.7/site-packages/airflow/example_dags/example_sla_dag.py
[2024-09-15 12:29:55,907] {processor.py:651} INFO - DAG(s) dict_keys(['example_sla_dag']) retrieved from /home/airflow/.local/lib/python3.7/site-packages/airflow/example_dags/example_sla_dag.py
[2024-09-15 12:29:55,935] {logging_mixin.py:115} INFO - [2024-09-15 12:29:55,934] {dag.py:2379} INFO - Sync 1 DAGs
[2024-09-15 12:29:55,967] {logging_mixin.py:115} INFO - [2024-09-15 12:29:55,967] {dag.py:2927} INFO - Setting next_dagrun for example_sla_dag to 2024-09-15T12:26:00+00:00, run_after=2024-09-15T12:28:00+00:00
[2024-09-15 12:29:55,980] {processor.py:161} INFO - Processing /home/airflow/.local/lib/python3.7/site-packages/airflow/example_dags/example_sla_dag.py took 0.099 seconds
