[2024-09-15 12:27:23,869] {processor.py:153} INFO - Started process (PID=84) to work on /home/airflow/.local/lib/python3.7/site-packages/airflow/example_dags/example_latest_only.py
[2024-09-15 12:27:23,869] {processor.py:641} INFO - Processing file /home/airflow/.local/lib/python3.7/site-packages/airflow/example_dags/example_latest_only.py for tasks to queue
[2024-09-15 12:27:23,870] {logging_mixin.py:115} INFO - [2024-09-15 12:27:23,870] {dagbag.py:507} INFO - Filling up the DagBag from /home/airflow/.local/lib/python3.7/site-packages/airflow/example_dags/example_latest_only.py
[2024-09-15 12:27:23,880] {processor.py:651} INFO - DAG(s) dict_keys(['latest_only']) retrieved from /home/airflow/.local/lib/python3.7/site-packages/airflow/example_dags/example_latest_only.py
[2024-09-15 12:27:23,969] {logging_mixin.py:115} INFO - [2024-09-15 12:27:23,969] {dag.py:2379} INFO - Sync 1 DAGs
[2024-09-15 12:27:24,041] {logging_mixin.py:115} INFO - [2024-09-15 12:27:24,041] {dag.py:2927} INFO - Setting next_dagrun for latest_only to 2024-09-15T08:27:24.039033+00:00, run_after=2024-09-15T12:27:24.039033+00:00
[2024-09-15 12:27:24,090] {processor.py:161} INFO - Processing /home/airflow/.local/lib/python3.7/site-packages/airflow/example_dags/example_latest_only.py took 0.228 seconds
[2024-09-15 12:27:54,819] {processor.py:153} INFO - Started process (PID=147) to work on /home/airflow/.local/lib/python3.7/site-packages/airflow/example_dags/example_latest_only.py
[2024-09-15 12:27:54,821] {processor.py:641} INFO - Processing file /home/airflow/.local/lib/python3.7/site-packages/airflow/example_dags/example_latest_only.py for tasks to queue
[2024-09-15 12:27:54,822] {logging_mixin.py:115} INFO - [2024-09-15 12:27:54,822] {dagbag.py:507} INFO - Filling up the DagBag from /home/airflow/.local/lib/python3.7/site-packages/airflow/example_dags/example_latest_only.py
[2024-09-15 12:27:54,835] {processor.py:651} INFO - DAG(s) dict_keys(['latest_only']) retrieved from /home/airflow/.local/lib/python3.7/site-packages/airflow/example_dags/example_latest_only.py
[2024-09-15 12:27:54,886] {logging_mixin.py:115} INFO - [2024-09-15 12:27:54,886] {dag.py:2379} INFO - Sync 1 DAGs
[2024-09-15 12:27:54,921] {logging_mixin.py:115} INFO - [2024-09-15 12:27:54,920] {dag.py:2927} INFO - Setting next_dagrun for latest_only to 2024-09-15T08:27:54.920666+00:00, run_after=2024-09-15T12:27:54.920666+00:00
[2024-09-15 12:27:54,939] {processor.py:161} INFO - Processing /home/airflow/.local/lib/python3.7/site-packages/airflow/example_dags/example_latest_only.py took 0.130 seconds
[2024-09-15 12:28:24,979] {processor.py:153} INFO - Started process (PID=188) to work on /home/airflow/.local/lib/python3.7/site-packages/airflow/example_dags/example_latest_only.py
[2024-09-15 12:28:24,980] {processor.py:641} INFO - Processing file /home/airflow/.local/lib/python3.7/site-packages/airflow/example_dags/example_latest_only.py for tasks to queue
[2024-09-15 12:28:24,980] {logging_mixin.py:115} INFO - [2024-09-15 12:28:24,980] {dagbag.py:507} INFO - Filling up the DagBag from /home/airflow/.local/lib/python3.7/site-packages/airflow/example_dags/example_latest_only.py
[2024-09-15 12:28:24,986] {processor.py:651} INFO - DAG(s) dict_keys(['latest_only']) retrieved from /home/airflow/.local/lib/python3.7/site-packages/airflow/example_dags/example_latest_only.py
[2024-09-15 12:28:25,015] {logging_mixin.py:115} INFO - [2024-09-15 12:28:25,015] {dag.py:2379} INFO - Sync 1 DAGs
[2024-09-15 12:28:25,042] {logging_mixin.py:115} INFO - [2024-09-15 12:28:25,041] {dag.py:2927} INFO - Setting next_dagrun for latest_only to 2024-09-15T08:28:25.041674+00:00, run_after=2024-09-15T12:28:25.041674+00:00
[2024-09-15 12:28:25,055] {processor.py:161} INFO - Processing /home/airflow/.local/lib/python3.7/site-packages/airflow/example_dags/example_latest_only.py took 0.079 seconds
[2024-09-15 12:28:55,624] {processor.py:153} INFO - Started process (PID=230) to work on /home/airflow/.local/lib/python3.7/site-packages/airflow/example_dags/example_latest_only.py
[2024-09-15 12:28:55,625] {processor.py:641} INFO - Processing file /home/airflow/.local/lib/python3.7/site-packages/airflow/example_dags/example_latest_only.py for tasks to queue
[2024-09-15 12:28:55,626] {logging_mixin.py:115} INFO - [2024-09-15 12:28:55,626] {dagbag.py:507} INFO - Filling up the DagBag from /home/airflow/.local/lib/python3.7/site-packages/airflow/example_dags/example_latest_only.py
[2024-09-15 12:28:55,632] {processor.py:651} INFO - DAG(s) dict_keys(['latest_only']) retrieved from /home/airflow/.local/lib/python3.7/site-packages/airflow/example_dags/example_latest_only.py
[2024-09-15 12:28:55,666] {logging_mixin.py:115} INFO - [2024-09-15 12:28:55,666] {dag.py:2379} INFO - Sync 1 DAGs
[2024-09-15 12:28:55,698] {logging_mixin.py:115} INFO - [2024-09-15 12:28:55,698] {dag.py:2927} INFO - Setting next_dagrun for latest_only to 2024-09-15T08:28:55.697732+00:00, run_after=2024-09-15T12:28:55.697732+00:00
[2024-09-15 12:28:55,713] {processor.py:161} INFO - Processing /home/airflow/.local/lib/python3.7/site-packages/airflow/example_dags/example_latest_only.py took 0.092 seconds
[2024-09-15 12:29:26,436] {processor.py:153} INFO - Started process (PID=272) to work on /home/airflow/.local/lib/python3.7/site-packages/airflow/example_dags/example_latest_only.py
[2024-09-15 12:29:26,437] {processor.py:641} INFO - Processing file /home/airflow/.local/lib/python3.7/site-packages/airflow/example_dags/example_latest_only.py for tasks to queue
[2024-09-15 12:29:26,437] {logging_mixin.py:115} INFO - [2024-09-15 12:29:26,437] {dagbag.py:507} INFO - Filling up the DagBag from /home/airflow/.local/lib/python3.7/site-packages/airflow/example_dags/example_latest_only.py
[2024-09-15 12:29:26,443] {processor.py:651} INFO - DAG(s) dict_keys(['latest_only']) retrieved from /home/airflow/.local/lib/python3.7/site-packages/airflow/example_dags/example_latest_only.py
[2024-09-15 12:29:26,473] {logging_mixin.py:115} INFO - [2024-09-15 12:29:26,473] {dag.py:2379} INFO - Sync 1 DAGs
[2024-09-15 12:29:26,502] {logging_mixin.py:115} INFO - [2024-09-15 12:29:26,502] {dag.py:2927} INFO - Setting next_dagrun for latest_only to 2024-09-15T08:29:26.501721+00:00, run_after=2024-09-15T12:29:26.501721+00:00
[2024-09-15 12:29:26,516] {processor.py:161} INFO - Processing /home/airflow/.local/lib/python3.7/site-packages/airflow/example_dags/example_latest_only.py took 0.083 seconds
[2024-09-15 12:29:57,207] {processor.py:153} INFO - Started process (PID=314) to work on /home/airflow/.local/lib/python3.7/site-packages/airflow/example_dags/example_latest_only.py
[2024-09-15 12:29:57,208] {processor.py:641} INFO - Processing file /home/airflow/.local/lib/python3.7/site-packages/airflow/example_dags/example_latest_only.py for tasks to queue
[2024-09-15 12:29:57,208] {logging_mixin.py:115} INFO - [2024-09-15 12:29:57,208] {dagbag.py:507} INFO - Filling up the DagBag from /home/airflow/.local/lib/python3.7/site-packages/airflow/example_dags/example_latest_only.py
[2024-09-15 12:29:57,216] {processor.py:651} INFO - DAG(s) dict_keys(['latest_only']) retrieved from /home/airflow/.local/lib/python3.7/site-packages/airflow/example_dags/example_latest_only.py
[2024-09-15 12:29:57,251] {logging_mixin.py:115} INFO - [2024-09-15 12:29:57,250] {dag.py:2379} INFO - Sync 1 DAGs
[2024-09-15 12:29:57,282] {logging_mixin.py:115} INFO - [2024-09-15 12:29:57,282] {dag.py:2927} INFO - Setting next_dagrun for latest_only to 2024-09-15T08:29:57.282004+00:00, run_after=2024-09-15T12:29:57.282004+00:00
[2024-09-15 12:29:57,298] {processor.py:161} INFO - Processing /home/airflow/.local/lib/python3.7/site-packages/airflow/example_dags/example_latest_only.py took 0.095 seconds
