[2024-09-16 19:55:48,024] {processor.py:153} INFO - Started process (PID=48) to work on /opt/airflow/dags/stream.py
[2024-09-16 19:55:48,024] {processor.py:641} INFO - Processing file /opt/airflow/dags/stream.py for tasks to queue
[2024-09-16 19:55:48,025] {logging_mixin.py:115} INFO - [2024-09-16 19:55:48,025] {dagbag.py:507} INFO - Filling up the DagBag from /opt/airflow/dags/stream.py
[2024-09-16 19:55:49,035] {processor.py:651} INFO - DAG(s) dict_keys(['scrapy_spiders_dag']) retrieved from /opt/airflow/dags/stream.py
[2024-09-16 19:55:49,258] {logging_mixin.py:115} INFO - [2024-09-16 19:55:49,257] {dag.py:2379} INFO - Sync 1 DAGs
[2024-09-16 19:55:49,351] {logging_mixin.py:115} INFO - [2024-09-16 19:55:49,351] {dag.py:2927} INFO - Setting next_dagrun for scrapy_spiders_dag to 2024-09-16T18:55:49.350767+00:00, run_after=2024-09-16T19:55:49.350767+00:00
[2024-09-16 19:55:49,430] {processor.py:161} INFO - Processing /opt/airflow/dags/stream.py took 1.413 seconds
[2024-09-16 19:56:19,610] {processor.py:153} INFO - Started process (PID=123) to work on /opt/airflow/dags/stream.py
[2024-09-16 19:56:19,611] {processor.py:641} INFO - Processing file /opt/airflow/dags/stream.py for tasks to queue
[2024-09-16 19:56:19,612] {logging_mixin.py:115} INFO - [2024-09-16 19:56:19,612] {dagbag.py:507} INFO - Filling up the DagBag from /opt/airflow/dags/stream.py
[2024-09-16 19:56:20,591] {processor.py:651} INFO - DAG(s) dict_keys(['scrapy_spiders_dag']) retrieved from /opt/airflow/dags/stream.py
[2024-09-16 19:56:20,613] {logging_mixin.py:115} INFO - [2024-09-16 19:56:20,613] {dag.py:2379} INFO - Sync 1 DAGs
[2024-09-16 19:56:20,647] {logging_mixin.py:115} INFO - [2024-09-16 19:56:20,647] {dag.py:2927} INFO - Setting next_dagrun for scrapy_spiders_dag to 2024-09-16T19:56:13.366464+00:00, run_after=2024-09-16T20:56:13.366464+00:00
[2024-09-16 19:56:20,675] {processor.py:161} INFO - Processing /opt/airflow/dags/stream.py took 1.068 seconds
[2024-09-16 19:56:51,015] {processor.py:153} INFO - Started process (PID=166) to work on /opt/airflow/dags/stream.py
[2024-09-16 19:56:51,015] {processor.py:641} INFO - Processing file /opt/airflow/dags/stream.py for tasks to queue
[2024-09-16 19:56:51,016] {logging_mixin.py:115} INFO - [2024-09-16 19:56:51,016] {dagbag.py:507} INFO - Filling up the DagBag from /opt/airflow/dags/stream.py
[2024-09-16 19:56:51,589] {processor.py:651} INFO - DAG(s) dict_keys(['scrapy_spiders_dag']) retrieved from /opt/airflow/dags/stream.py
[2024-09-16 19:56:51,613] {logging_mixin.py:115} INFO - [2024-09-16 19:56:51,613] {dag.py:2379} INFO - Sync 1 DAGs
[2024-09-16 19:56:51,638] {logging_mixin.py:115} INFO - [2024-09-16 19:56:51,638] {dag.py:2927} INFO - Setting next_dagrun for scrapy_spiders_dag to 2024-09-16T19:56:13.366464+00:00, run_after=2024-09-16T20:56:13.366464+00:00
[2024-09-16 19:56:51,652] {processor.py:161} INFO - Processing /opt/airflow/dags/stream.py took 0.642 seconds
[2024-09-16 19:57:21,687] {processor.py:153} INFO - Started process (PID=210) to work on /opt/airflow/dags/stream.py
[2024-09-16 19:57:21,687] {processor.py:641} INFO - Processing file /opt/airflow/dags/stream.py for tasks to queue
[2024-09-16 19:57:21,688] {logging_mixin.py:115} INFO - [2024-09-16 19:57:21,688] {dagbag.py:507} INFO - Filling up the DagBag from /opt/airflow/dags/stream.py
[2024-09-16 19:57:21,993] {processor.py:651} INFO - DAG(s) dict_keys(['scrapy_spiders_dag']) retrieved from /opt/airflow/dags/stream.py
[2024-09-16 19:57:22,016] {logging_mixin.py:115} INFO - [2024-09-16 19:57:22,016] {dag.py:2379} INFO - Sync 1 DAGs
[2024-09-16 19:57:22,042] {logging_mixin.py:115} INFO - [2024-09-16 19:57:22,041] {dag.py:2927} INFO - Setting next_dagrun for scrapy_spiders_dag to 2024-09-16T19:56:13.366464+00:00, run_after=2024-09-16T20:56:13.366464+00:00
[2024-09-16 19:57:22,053] {processor.py:161} INFO - Processing /opt/airflow/dags/stream.py took 0.370 seconds
[2024-09-16 19:57:52,857] {processor.py:153} INFO - Started process (PID=252) to work on /opt/airflow/dags/stream.py
[2024-09-16 19:57:52,858] {processor.py:641} INFO - Processing file /opt/airflow/dags/stream.py for tasks to queue
[2024-09-16 19:57:52,859] {logging_mixin.py:115} INFO - [2024-09-16 19:57:52,859] {dagbag.py:507} INFO - Filling up the DagBag from /opt/airflow/dags/stream.py
[2024-09-16 19:57:53,235] {processor.py:651} INFO - DAG(s) dict_keys(['scrapy_spiders_dag']) retrieved from /opt/airflow/dags/stream.py
[2024-09-16 19:57:53,259] {logging_mixin.py:115} INFO - [2024-09-16 19:57:53,259] {dag.py:2379} INFO - Sync 1 DAGs
[2024-09-16 19:57:53,284] {logging_mixin.py:115} INFO - [2024-09-16 19:57:53,284] {dag.py:2927} INFO - Setting next_dagrun for scrapy_spiders_dag to 2024-09-16T19:56:13.366464+00:00, run_after=2024-09-16T20:56:13.366464+00:00
[2024-09-16 19:57:53,299] {processor.py:161} INFO - Processing /opt/airflow/dags/stream.py took 0.448 seconds
[2024-09-16 19:58:23,529] {processor.py:153} INFO - Started process (PID=294) to work on /opt/airflow/dags/stream.py
[2024-09-16 19:58:23,530] {processor.py:641} INFO - Processing file /opt/airflow/dags/stream.py for tasks to queue
[2024-09-16 19:58:23,530] {logging_mixin.py:115} INFO - [2024-09-16 19:58:23,530] {dagbag.py:507} INFO - Filling up the DagBag from /opt/airflow/dags/stream.py
[2024-09-16 19:58:23,881] {processor.py:651} INFO - DAG(s) dict_keys(['scrapy_spiders_dag']) retrieved from /opt/airflow/dags/stream.py
[2024-09-16 19:58:23,907] {logging_mixin.py:115} INFO - [2024-09-16 19:58:23,907] {dag.py:2379} INFO - Sync 1 DAGs
[2024-09-16 19:58:23,932] {logging_mixin.py:115} INFO - [2024-09-16 19:58:23,931] {dag.py:2927} INFO - Setting next_dagrun for scrapy_spiders_dag to 2024-09-16T19:56:13.366464+00:00, run_after=2024-09-16T20:56:13.366464+00:00
[2024-09-16 19:58:23,943] {processor.py:161} INFO - Processing /opt/airflow/dags/stream.py took 0.417 seconds
[2024-09-16 19:58:54,426] {processor.py:153} INFO - Started process (PID=336) to work on /opt/airflow/dags/stream.py
[2024-09-16 19:58:54,427] {processor.py:641} INFO - Processing file /opt/airflow/dags/stream.py for tasks to queue
[2024-09-16 19:58:54,428] {logging_mixin.py:115} INFO - [2024-09-16 19:58:54,428] {dagbag.py:507} INFO - Filling up the DagBag from /opt/airflow/dags/stream.py
[2024-09-16 19:58:54,780] {processor.py:651} INFO - DAG(s) dict_keys(['scrapy_spiders_dag']) retrieved from /opt/airflow/dags/stream.py
[2024-09-16 19:58:54,809] {logging_mixin.py:115} INFO - [2024-09-16 19:58:54,809] {dag.py:2379} INFO - Sync 1 DAGs
[2024-09-16 19:58:54,833] {logging_mixin.py:115} INFO - [2024-09-16 19:58:54,833] {dag.py:2927} INFO - Setting next_dagrun for scrapy_spiders_dag to 2024-09-16T19:56:13.366464+00:00, run_after=2024-09-16T20:56:13.366464+00:00
[2024-09-16 19:58:54,847] {processor.py:161} INFO - Processing /opt/airflow/dags/stream.py took 0.426 seconds
[2024-09-16 19:59:25,672] {processor.py:153} INFO - Started process (PID=378) to work on /opt/airflow/dags/stream.py
[2024-09-16 19:59:25,673] {processor.py:641} INFO - Processing file /opt/airflow/dags/stream.py for tasks to queue
[2024-09-16 19:59:25,674] {logging_mixin.py:115} INFO - [2024-09-16 19:59:25,674] {dagbag.py:507} INFO - Filling up the DagBag from /opt/airflow/dags/stream.py
[2024-09-16 19:59:26,221] {processor.py:651} INFO - DAG(s) dict_keys(['scrapy_spiders_dag']) retrieved from /opt/airflow/dags/stream.py
[2024-09-16 19:59:26,248] {logging_mixin.py:115} INFO - [2024-09-16 19:59:26,248] {dag.py:2379} INFO - Sync 1 DAGs
[2024-09-16 19:59:26,278] {logging_mixin.py:115} INFO - [2024-09-16 19:59:26,277] {dag.py:2927} INFO - Setting next_dagrun for scrapy_spiders_dag to 2024-09-16T19:56:13.366464+00:00, run_after=2024-09-16T20:56:13.366464+00:00
[2024-09-16 19:59:26,293] {processor.py:161} INFO - Processing /opt/airflow/dags/stream.py took 0.625 seconds
[2024-09-16 19:59:57,135] {processor.py:153} INFO - Started process (PID=420) to work on /opt/airflow/dags/stream.py
[2024-09-16 19:59:57,145] {processor.py:641} INFO - Processing file /opt/airflow/dags/stream.py for tasks to queue
[2024-09-16 19:59:57,146] {logging_mixin.py:115} INFO - [2024-09-16 19:59:57,146] {dagbag.py:507} INFO - Filling up the DagBag from /opt/airflow/dags/stream.py
[2024-09-16 19:59:57,524] {processor.py:651} INFO - DAG(s) dict_keys(['scrapy_spiders_dag']) retrieved from /opt/airflow/dags/stream.py
[2024-09-16 19:59:57,552] {logging_mixin.py:115} INFO - [2024-09-16 19:59:57,552] {dag.py:2379} INFO - Sync 1 DAGs
[2024-09-16 19:59:57,581] {logging_mixin.py:115} INFO - [2024-09-16 19:59:57,581] {dag.py:2927} INFO - Setting next_dagrun for scrapy_spiders_dag to 2024-09-16T19:56:13.366464+00:00, run_after=2024-09-16T20:56:13.366464+00:00
[2024-09-16 19:59:57,594] {processor.py:161} INFO - Processing /opt/airflow/dags/stream.py took 0.465 seconds
[2024-09-16 20:00:28,030] {processor.py:153} INFO - Started process (PID=465) to work on /opt/airflow/dags/stream.py
[2024-09-16 20:00:28,031] {processor.py:641} INFO - Processing file /opt/airflow/dags/stream.py for tasks to queue
[2024-09-16 20:00:28,032] {logging_mixin.py:115} INFO - [2024-09-16 20:00:28,031] {dagbag.py:507} INFO - Filling up the DagBag from /opt/airflow/dags/stream.py
[2024-09-16 20:00:28,340] {processor.py:651} INFO - DAG(s) dict_keys(['scrapy_spiders_dag']) retrieved from /opt/airflow/dags/stream.py
[2024-09-16 20:00:28,362] {logging_mixin.py:115} INFO - [2024-09-16 20:00:28,362] {dag.py:2379} INFO - Sync 1 DAGs
[2024-09-16 20:00:28,386] {logging_mixin.py:115} INFO - [2024-09-16 20:00:28,386] {dag.py:2927} INFO - Setting next_dagrun for scrapy_spiders_dag to 2024-09-16T19:56:13.366464+00:00, run_after=2024-09-16T20:56:13.366464+00:00
[2024-09-16 20:00:28,398] {processor.py:161} INFO - Processing /opt/airflow/dags/stream.py took 0.372 seconds
[2024-09-16 20:00:58,645] {processor.py:153} INFO - Started process (PID=507) to work on /opt/airflow/dags/stream.py
[2024-09-16 20:00:58,646] {processor.py:641} INFO - Processing file /opt/airflow/dags/stream.py for tasks to queue
[2024-09-16 20:00:58,647] {logging_mixin.py:115} INFO - [2024-09-16 20:00:58,646] {dagbag.py:507} INFO - Filling up the DagBag from /opt/airflow/dags/stream.py
[2024-09-16 20:00:59,001] {processor.py:651} INFO - DAG(s) dict_keys(['scrapy_spiders_dag']) retrieved from /opt/airflow/dags/stream.py
[2024-09-16 20:00:59,025] {logging_mixin.py:115} INFO - [2024-09-16 20:00:59,024] {dag.py:2379} INFO - Sync 1 DAGs
[2024-09-16 20:00:59,054] {logging_mixin.py:115} INFO - [2024-09-16 20:00:59,053] {dag.py:2927} INFO - Setting next_dagrun for scrapy_spiders_dag to 2024-09-16T19:56:13.366464+00:00, run_after=2024-09-16T20:56:13.366464+00:00
[2024-09-16 20:00:59,069] {processor.py:161} INFO - Processing /opt/airflow/dags/stream.py took 0.427 seconds
[2024-09-16 20:01:29,505] {processor.py:153} INFO - Started process (PID=550) to work on /opt/airflow/dags/stream.py
[2024-09-16 20:01:29,506] {processor.py:641} INFO - Processing file /opt/airflow/dags/stream.py for tasks to queue
[2024-09-16 20:01:29,506] {logging_mixin.py:115} INFO - [2024-09-16 20:01:29,506] {dagbag.py:507} INFO - Filling up the DagBag from /opt/airflow/dags/stream.py
[2024-09-16 20:01:29,810] {processor.py:651} INFO - DAG(s) dict_keys(['scrapy_spiders_dag']) retrieved from /opt/airflow/dags/stream.py
[2024-09-16 20:01:29,833] {logging_mixin.py:115} INFO - [2024-09-16 20:01:29,833] {dag.py:2379} INFO - Sync 1 DAGs
[2024-09-16 20:01:29,860] {logging_mixin.py:115} INFO - [2024-09-16 20:01:29,859] {dag.py:2927} INFO - Setting next_dagrun for scrapy_spiders_dag to 2024-09-16T19:56:13.366464+00:00, run_after=2024-09-16T20:56:13.366464+00:00
[2024-09-16 20:01:29,873] {processor.py:161} INFO - Processing /opt/airflow/dags/stream.py took 0.371 seconds
[2024-09-16 20:02:00,080] {processor.py:153} INFO - Started process (PID=588) to work on /opt/airflow/dags/stream.py
[2024-09-16 20:02:00,091] {processor.py:641} INFO - Processing file /opt/airflow/dags/stream.py for tasks to queue
[2024-09-16 20:02:00,091] {logging_mixin.py:115} INFO - [2024-09-16 20:02:00,091] {dagbag.py:507} INFO - Filling up the DagBag from /opt/airflow/dags/stream.py
[2024-09-16 20:02:00,423] {processor.py:651} INFO - DAG(s) dict_keys(['scrapy_spiders_dag']) retrieved from /opt/airflow/dags/stream.py
[2024-09-16 20:02:00,445] {logging_mixin.py:115} INFO - [2024-09-16 20:02:00,445] {dag.py:2379} INFO - Sync 1 DAGs
[2024-09-16 20:02:00,469] {logging_mixin.py:115} INFO - [2024-09-16 20:02:00,469] {dag.py:2927} INFO - Setting next_dagrun for scrapy_spiders_dag to 2024-09-16T19:56:13.366464+00:00, run_after=2024-09-16T20:56:13.366464+00:00
[2024-09-16 20:02:00,481] {processor.py:161} INFO - Processing /opt/airflow/dags/stream.py took 0.403 seconds
[2024-09-16 20:02:31,409] {processor.py:153} INFO - Started process (PID=630) to work on /opt/airflow/dags/stream.py
[2024-09-16 20:02:31,420] {processor.py:641} INFO - Processing file /opt/airflow/dags/stream.py for tasks to queue
[2024-09-16 20:02:31,420] {logging_mixin.py:115} INFO - [2024-09-16 20:02:31,420] {dagbag.py:507} INFO - Filling up the DagBag from /opt/airflow/dags/stream.py
[2024-09-16 20:02:31,740] {processor.py:651} INFO - DAG(s) dict_keys(['scrapy_spiders_dag']) retrieved from /opt/airflow/dags/stream.py
[2024-09-16 20:02:31,764] {logging_mixin.py:115} INFO - [2024-09-16 20:02:31,764] {dag.py:2379} INFO - Sync 1 DAGs
[2024-09-16 20:02:31,789] {logging_mixin.py:115} INFO - [2024-09-16 20:02:31,788] {dag.py:2927} INFO - Setting next_dagrun for scrapy_spiders_dag to 2024-09-16T19:56:13.366464+00:00, run_after=2024-09-16T20:56:13.366464+00:00
[2024-09-16 20:02:31,801] {processor.py:161} INFO - Processing /opt/airflow/dags/stream.py took 0.395 seconds
[2024-09-16 20:03:02,528] {processor.py:153} INFO - Started process (PID=672) to work on /opt/airflow/dags/stream.py
[2024-09-16 20:03:02,529] {processor.py:641} INFO - Processing file /opt/airflow/dags/stream.py for tasks to queue
[2024-09-16 20:03:02,530] {logging_mixin.py:115} INFO - [2024-09-16 20:03:02,529] {dagbag.py:507} INFO - Filling up the DagBag from /opt/airflow/dags/stream.py
[2024-09-16 20:03:02,852] {processor.py:651} INFO - DAG(s) dict_keys(['scrapy_spiders_dag']) retrieved from /opt/airflow/dags/stream.py
[2024-09-16 20:03:02,879] {logging_mixin.py:115} INFO - [2024-09-16 20:03:02,879] {dag.py:2379} INFO - Sync 1 DAGs
[2024-09-16 20:03:02,904] {logging_mixin.py:115} INFO - [2024-09-16 20:03:02,904] {dag.py:2927} INFO - Setting next_dagrun for scrapy_spiders_dag to 2024-09-16T19:56:13.366464+00:00, run_after=2024-09-16T20:56:13.366464+00:00
[2024-09-16 20:03:02,916] {processor.py:161} INFO - Processing /opt/airflow/dags/stream.py took 0.394 seconds
[2024-09-16 20:03:33,704] {processor.py:153} INFO - Started process (PID=714) to work on /opt/airflow/dags/stream.py
[2024-09-16 20:03:33,714] {processor.py:641} INFO - Processing file /opt/airflow/dags/stream.py for tasks to queue
[2024-09-16 20:03:33,715] {logging_mixin.py:115} INFO - [2024-09-16 20:03:33,714] {dagbag.py:507} INFO - Filling up the DagBag from /opt/airflow/dags/stream.py
[2024-09-16 20:03:34,021] {processor.py:651} INFO - DAG(s) dict_keys(['scrapy_spiders_dag']) retrieved from /opt/airflow/dags/stream.py
[2024-09-16 20:03:34,044] {logging_mixin.py:115} INFO - [2024-09-16 20:03:34,044] {dag.py:2379} INFO - Sync 1 DAGs
[2024-09-16 20:03:34,069] {logging_mixin.py:115} INFO - [2024-09-16 20:03:34,069] {dag.py:2927} INFO - Setting next_dagrun for scrapy_spiders_dag to 2024-09-16T19:56:13.366464+00:00, run_after=2024-09-16T20:56:13.366464+00:00
[2024-09-16 20:03:34,080] {processor.py:161} INFO - Processing /opt/airflow/dags/stream.py took 0.382 seconds
[2024-09-16 20:04:04,118] {processor.py:153} INFO - Started process (PID=755) to work on /opt/airflow/dags/stream.py
[2024-09-16 20:04:04,119] {processor.py:641} INFO - Processing file /opt/airflow/dags/stream.py for tasks to queue
[2024-09-16 20:04:04,120] {logging_mixin.py:115} INFO - [2024-09-16 20:04:04,119] {dagbag.py:507} INFO - Filling up the DagBag from /opt/airflow/dags/stream.py
[2024-09-16 20:04:04,432] {processor.py:651} INFO - DAG(s) dict_keys(['scrapy_spiders_dag']) retrieved from /opt/airflow/dags/stream.py
[2024-09-16 20:04:04,455] {logging_mixin.py:115} INFO - [2024-09-16 20:04:04,455] {dag.py:2379} INFO - Sync 1 DAGs
[2024-09-16 20:04:04,480] {logging_mixin.py:115} INFO - [2024-09-16 20:04:04,480] {dag.py:2927} INFO - Setting next_dagrun for scrapy_spiders_dag to 2024-09-16T19:56:13.366464+00:00, run_after=2024-09-16T20:56:13.366464+00:00
[2024-09-16 20:04:04,492] {processor.py:161} INFO - Processing /opt/airflow/dags/stream.py took 0.379 seconds
[2024-09-16 20:04:34,817] {processor.py:153} INFO - Started process (PID=797) to work on /opt/airflow/dags/stream.py
[2024-09-16 20:04:34,827] {processor.py:641} INFO - Processing file /opt/airflow/dags/stream.py for tasks to queue
[2024-09-16 20:04:34,828] {logging_mixin.py:115} INFO - [2024-09-16 20:04:34,828] {dagbag.py:507} INFO - Filling up the DagBag from /opt/airflow/dags/stream.py
[2024-09-16 20:04:35,162] {processor.py:651} INFO - DAG(s) dict_keys(['scrapy_spiders_dag']) retrieved from /opt/airflow/dags/stream.py
[2024-09-16 20:04:35,185] {logging_mixin.py:115} INFO - [2024-09-16 20:04:35,185] {dag.py:2379} INFO - Sync 1 DAGs
[2024-09-16 20:04:35,208] {logging_mixin.py:115} INFO - [2024-09-16 20:04:35,208] {dag.py:2927} INFO - Setting next_dagrun for scrapy_spiders_dag to 2024-09-16T19:56:13.366464+00:00, run_after=2024-09-16T20:56:13.366464+00:00
[2024-09-16 20:04:35,220] {processor.py:161} INFO - Processing /opt/airflow/dags/stream.py took 0.409 seconds
[2024-09-16 20:05:05,446] {processor.py:153} INFO - Started process (PID=839) to work on /opt/airflow/dags/stream.py
[2024-09-16 20:05:05,447] {processor.py:641} INFO - Processing file /opt/airflow/dags/stream.py for tasks to queue
[2024-09-16 20:05:05,448] {logging_mixin.py:115} INFO - [2024-09-16 20:05:05,448] {dagbag.py:507} INFO - Filling up the DagBag from /opt/airflow/dags/stream.py
[2024-09-16 20:05:05,924] {processor.py:651} INFO - DAG(s) dict_keys(['scrapy_spiders_dag']) retrieved from /opt/airflow/dags/stream.py
[2024-09-16 20:05:05,951] {logging_mixin.py:115} INFO - [2024-09-16 20:05:05,950] {dag.py:2379} INFO - Sync 1 DAGs
[2024-09-16 20:05:05,976] {logging_mixin.py:115} INFO - [2024-09-16 20:05:05,976] {dag.py:2927} INFO - Setting next_dagrun for scrapy_spiders_dag to 2024-09-16T19:56:13.366464+00:00, run_after=2024-09-16T20:56:13.366464+00:00
[2024-09-16 20:05:05,989] {processor.py:161} INFO - Processing /opt/airflow/dags/stream.py took 0.549 seconds
[2024-09-16 20:05:36,096] {processor.py:153} INFO - Started process (PID=880) to work on /opt/airflow/dags/stream.py
[2024-09-16 20:05:36,097] {processor.py:641} INFO - Processing file /opt/airflow/dags/stream.py for tasks to queue
[2024-09-16 20:05:36,098] {logging_mixin.py:115} INFO - [2024-09-16 20:05:36,098] {dagbag.py:507} INFO - Filling up the DagBag from /opt/airflow/dags/stream.py
[2024-09-16 20:05:36,441] {processor.py:651} INFO - DAG(s) dict_keys(['scrapy_spiders_dag']) retrieved from /opt/airflow/dags/stream.py
[2024-09-16 20:05:36,471] {logging_mixin.py:115} INFO - [2024-09-16 20:05:36,471] {dag.py:2379} INFO - Sync 1 DAGs
[2024-09-16 20:05:36,500] {logging_mixin.py:115} INFO - [2024-09-16 20:05:36,500] {dag.py:2927} INFO - Setting next_dagrun for scrapy_spiders_dag to 2024-09-16T19:56:13.366464+00:00, run_after=2024-09-16T20:56:13.366464+00:00
[2024-09-16 20:05:36,513] {processor.py:161} INFO - Processing /opt/airflow/dags/stream.py took 0.421 seconds
[2024-09-16 20:06:06,814] {processor.py:153} INFO - Started process (PID=921) to work on /opt/airflow/dags/stream.py
[2024-09-16 20:06:06,815] {processor.py:641} INFO - Processing file /opt/airflow/dags/stream.py for tasks to queue
[2024-09-16 20:06:06,816] {logging_mixin.py:115} INFO - [2024-09-16 20:06:06,815] {dagbag.py:507} INFO - Filling up the DagBag from /opt/airflow/dags/stream.py
[2024-09-16 20:06:07,187] {processor.py:651} INFO - DAG(s) dict_keys(['scrapy_spiders_dag']) retrieved from /opt/airflow/dags/stream.py
[2024-09-16 20:06:07,211] {logging_mixin.py:115} INFO - [2024-09-16 20:06:07,210] {dag.py:2379} INFO - Sync 1 DAGs
[2024-09-16 20:06:07,237] {logging_mixin.py:115} INFO - [2024-09-16 20:06:07,237] {dag.py:2927} INFO - Setting next_dagrun for scrapy_spiders_dag to 2024-09-16T19:56:13.366464+00:00, run_after=2024-09-16T20:56:13.366464+00:00
[2024-09-16 20:06:07,252] {processor.py:161} INFO - Processing /opt/airflow/dags/stream.py took 0.441 seconds
[2024-09-16 20:06:38,088] {processor.py:153} INFO - Started process (PID=963) to work on /opt/airflow/dags/stream.py
[2024-09-16 20:06:38,098] {processor.py:641} INFO - Processing file /opt/airflow/dags/stream.py for tasks to queue
[2024-09-16 20:06:38,099] {logging_mixin.py:115} INFO - [2024-09-16 20:06:38,099] {dagbag.py:507} INFO - Filling up the DagBag from /opt/airflow/dags/stream.py
[2024-09-16 20:06:38,628] {processor.py:651} INFO - DAG(s) dict_keys(['scrapy_spiders_dag']) retrieved from /opt/airflow/dags/stream.py
[2024-09-16 20:06:38,652] {logging_mixin.py:115} INFO - [2024-09-16 20:06:38,652] {dag.py:2379} INFO - Sync 1 DAGs
[2024-09-16 20:06:38,677] {logging_mixin.py:115} INFO - [2024-09-16 20:06:38,677] {dag.py:2927} INFO - Setting next_dagrun for scrapy_spiders_dag to 2024-09-16T19:56:13.366464+00:00, run_after=2024-09-16T20:56:13.366464+00:00
[2024-09-16 20:06:38,689] {processor.py:161} INFO - Processing /opt/airflow/dags/stream.py took 0.607 seconds
[2024-09-16 20:07:09,245] {processor.py:153} INFO - Started process (PID=1011) to work on /opt/airflow/dags/stream.py
[2024-09-16 20:07:09,255] {processor.py:641} INFO - Processing file /opt/airflow/dags/stream.py for tasks to queue
[2024-09-16 20:07:09,256] {logging_mixin.py:115} INFO - [2024-09-16 20:07:09,256] {dagbag.py:507} INFO - Filling up the DagBag from /opt/airflow/dags/stream.py
[2024-09-16 20:07:09,586] {processor.py:651} INFO - DAG(s) dict_keys(['scrapy_spiders_dag']) retrieved from /opt/airflow/dags/stream.py
[2024-09-16 20:07:09,610] {logging_mixin.py:115} INFO - [2024-09-16 20:07:09,609] {dag.py:2379} INFO - Sync 1 DAGs
[2024-09-16 20:07:09,635] {logging_mixin.py:115} INFO - [2024-09-16 20:07:09,634] {dag.py:2927} INFO - Setting next_dagrun for scrapy_spiders_dag to 2024-09-16T19:56:13.366464+00:00, run_after=2024-09-16T20:56:13.366464+00:00
[2024-09-16 20:07:09,647] {processor.py:161} INFO - Processing /opt/airflow/dags/stream.py took 0.405 seconds
[2024-09-16 20:07:39,821] {processor.py:153} INFO - Started process (PID=1053) to work on /opt/airflow/dags/stream.py
[2024-09-16 20:07:39,831] {processor.py:641} INFO - Processing file /opt/airflow/dags/stream.py for tasks to queue
[2024-09-16 20:07:39,832] {logging_mixin.py:115} INFO - [2024-09-16 20:07:39,832] {dagbag.py:507} INFO - Filling up the DagBag from /opt/airflow/dags/stream.py
[2024-09-16 20:07:40,163] {processor.py:651} INFO - DAG(s) dict_keys(['scrapy_spiders_dag']) retrieved from /opt/airflow/dags/stream.py
[2024-09-16 20:07:40,188] {logging_mixin.py:115} INFO - [2024-09-16 20:07:40,187] {dag.py:2379} INFO - Sync 1 DAGs
[2024-09-16 20:07:40,222] {logging_mixin.py:115} INFO - [2024-09-16 20:07:40,222] {dag.py:2927} INFO - Setting next_dagrun for scrapy_spiders_dag to 2024-09-16T19:56:13.366464+00:00, run_after=2024-09-16T20:56:13.366464+00:00
[2024-09-16 20:07:40,236] {processor.py:161} INFO - Processing /opt/airflow/dags/stream.py took 0.421 seconds
[2024-09-16 20:08:11,070] {processor.py:153} INFO - Started process (PID=1094) to work on /opt/airflow/dags/stream.py
[2024-09-16 20:08:11,080] {processor.py:641} INFO - Processing file /opt/airflow/dags/stream.py for tasks to queue
[2024-09-16 20:08:11,081] {logging_mixin.py:115} INFO - [2024-09-16 20:08:11,081] {dagbag.py:507} INFO - Filling up the DagBag from /opt/airflow/dags/stream.py
[2024-09-16 20:08:11,418] {processor.py:651} INFO - DAG(s) dict_keys(['scrapy_spiders_dag']) retrieved from /opt/airflow/dags/stream.py
[2024-09-16 20:08:11,441] {logging_mixin.py:115} INFO - [2024-09-16 20:08:11,440] {dag.py:2379} INFO - Sync 1 DAGs
[2024-09-16 20:08:11,467] {logging_mixin.py:115} INFO - [2024-09-16 20:08:11,467] {dag.py:2927} INFO - Setting next_dagrun for scrapy_spiders_dag to 2024-09-16T19:56:13.366464+00:00, run_after=2024-09-16T20:56:13.366464+00:00
[2024-09-16 20:08:11,480] {processor.py:161} INFO - Processing /opt/airflow/dags/stream.py took 0.416 seconds
[2024-09-16 20:11:25,600] {processor.py:153} INFO - Started process (PID=48) to work on /opt/airflow/dags/stream.py
[2024-09-16 20:11:25,602] {processor.py:641} INFO - Processing file /opt/airflow/dags/stream.py for tasks to queue
[2024-09-16 20:11:25,603] {logging_mixin.py:115} INFO - [2024-09-16 20:11:25,603] {dagbag.py:507} INFO - Filling up the DagBag from /opt/airflow/dags/stream.py
[2024-09-16 20:11:26,176] {processor.py:651} INFO - DAG(s) dict_keys(['scrapy_spiders_dag']) retrieved from /opt/airflow/dags/stream.py
[2024-09-16 20:11:26,224] {logging_mixin.py:115} INFO - [2024-09-16 20:11:26,224] {dag.py:2379} INFO - Sync 1 DAGs
[2024-09-16 20:11:26,251] {logging_mixin.py:115} INFO - [2024-09-16 20:11:26,250] {dag.py:2927} INFO - Setting next_dagrun for scrapy_spiders_dag to 2024-09-16T19:56:13.366464+00:00, run_after=2024-09-16T20:56:13.366464+00:00
[2024-09-16 20:11:26,266] {processor.py:161} INFO - Processing /opt/airflow/dags/stream.py took 0.678 seconds
[2024-09-16 20:11:56,651] {processor.py:153} INFO - Started process (PID=113) to work on /opt/airflow/dags/stream.py
[2024-09-16 20:11:56,652] {processor.py:641} INFO - Processing file /opt/airflow/dags/stream.py for tasks to queue
[2024-09-16 20:11:56,652] {logging_mixin.py:115} INFO - [2024-09-16 20:11:56,652] {dagbag.py:507} INFO - Filling up the DagBag from /opt/airflow/dags/stream.py
[2024-09-16 20:11:57,172] {processor.py:651} INFO - DAG(s) dict_keys(['scrapy_spiders_dag']) retrieved from /opt/airflow/dags/stream.py
[2024-09-16 20:11:57,198] {logging_mixin.py:115} INFO - [2024-09-16 20:11:57,198] {dag.py:2379} INFO - Sync 1 DAGs
[2024-09-16 20:11:57,224] {logging_mixin.py:115} INFO - [2024-09-16 20:11:57,224] {dag.py:2927} INFO - Setting next_dagrun for scrapy_spiders_dag to 2024-09-16T19:56:13.366464+00:00, run_after=2024-09-16T20:56:13.366464+00:00
[2024-09-16 20:11:57,236] {processor.py:161} INFO - Processing /opt/airflow/dags/stream.py took 0.592 seconds
[2024-09-16 20:12:27,342] {processor.py:153} INFO - Started process (PID=159) to work on /opt/airflow/dags/stream.py
[2024-09-16 20:12:27,343] {processor.py:641} INFO - Processing file /opt/airflow/dags/stream.py for tasks to queue
[2024-09-16 20:12:27,344] {logging_mixin.py:115} INFO - [2024-09-16 20:12:27,344] {dagbag.py:507} INFO - Filling up the DagBag from /opt/airflow/dags/stream.py
[2024-09-16 20:12:27,689] {processor.py:651} INFO - DAG(s) dict_keys(['scrapy_spiders_dag']) retrieved from /opt/airflow/dags/stream.py
[2024-09-16 20:12:27,707] {logging_mixin.py:115} INFO - [2024-09-16 20:12:27,707] {dag.py:2379} INFO - Sync 1 DAGs
[2024-09-16 20:12:27,726] {logging_mixin.py:115} INFO - [2024-09-16 20:12:27,726] {dag.py:2927} INFO - Setting next_dagrun for scrapy_spiders_dag to 2024-09-16T19:56:13.366464+00:00, run_after=2024-09-16T20:56:13.366464+00:00
[2024-09-16 20:12:27,736] {processor.py:161} INFO - Processing /opt/airflow/dags/stream.py took 0.397 seconds
[2024-09-16 20:12:57,955] {processor.py:153} INFO - Started process (PID=201) to work on /opt/airflow/dags/stream.py
[2024-09-16 20:12:57,956] {processor.py:641} INFO - Processing file /opt/airflow/dags/stream.py for tasks to queue
[2024-09-16 20:12:57,957] {logging_mixin.py:115} INFO - [2024-09-16 20:12:57,957] {dagbag.py:507} INFO - Filling up the DagBag from /opt/airflow/dags/stream.py
[2024-09-16 20:12:58,485] {processor.py:651} INFO - DAG(s) dict_keys(['scrapy_spiders_dag']) retrieved from /opt/airflow/dags/stream.py
[2024-09-16 20:12:58,515] {logging_mixin.py:115} INFO - [2024-09-16 20:12:58,514] {dag.py:2379} INFO - Sync 1 DAGs
[2024-09-16 20:12:58,541] {logging_mixin.py:115} INFO - [2024-09-16 20:12:58,541] {dag.py:2927} INFO - Setting next_dagrun for scrapy_spiders_dag to 2024-09-16T19:56:13.366464+00:00, run_after=2024-09-16T20:56:13.366464+00:00
[2024-09-16 20:12:58,556] {processor.py:161} INFO - Processing /opt/airflow/dags/stream.py took 0.605 seconds
[2024-09-16 20:13:29,296] {processor.py:153} INFO - Started process (PID=243) to work on /opt/airflow/dags/stream.py
[2024-09-16 20:13:29,298] {processor.py:641} INFO - Processing file /opt/airflow/dags/stream.py for tasks to queue
[2024-09-16 20:13:29,299] {logging_mixin.py:115} INFO - [2024-09-16 20:13:29,299] {dagbag.py:507} INFO - Filling up the DagBag from /opt/airflow/dags/stream.py
[2024-09-16 20:13:29,685] {processor.py:651} INFO - DAG(s) dict_keys(['scrapy_spiders_dag']) retrieved from /opt/airflow/dags/stream.py
[2024-09-16 20:13:29,715] {logging_mixin.py:115} INFO - [2024-09-16 20:13:29,715] {dag.py:2379} INFO - Sync 1 DAGs
[2024-09-16 20:13:29,750] {logging_mixin.py:115} INFO - [2024-09-16 20:13:29,750] {dag.py:2927} INFO - Setting next_dagrun for scrapy_spiders_dag to 2024-09-16T19:56:13.366464+00:00, run_after=2024-09-16T20:56:13.366464+00:00
[2024-09-16 20:13:29,770] {processor.py:161} INFO - Processing /opt/airflow/dags/stream.py took 0.478 seconds
[2024-09-16 20:14:00,112] {processor.py:153} INFO - Started process (PID=286) to work on /opt/airflow/dags/stream.py
[2024-09-16 20:14:00,113] {processor.py:641} INFO - Processing file /opt/airflow/dags/stream.py for tasks to queue
[2024-09-16 20:14:00,114] {logging_mixin.py:115} INFO - [2024-09-16 20:14:00,114] {dagbag.py:507} INFO - Filling up the DagBag from /opt/airflow/dags/stream.py
[2024-09-16 20:14:00,583] {processor.py:651} INFO - DAG(s) dict_keys(['scrapy_spiders_dag']) retrieved from /opt/airflow/dags/stream.py
[2024-09-16 20:14:00,643] {logging_mixin.py:115} INFO - [2024-09-16 20:14:00,643] {dag.py:2379} INFO - Sync 1 DAGs
[2024-09-16 20:14:00,725] {logging_mixin.py:115} INFO - [2024-09-16 20:14:00,724] {dag.py:2927} INFO - Setting next_dagrun for scrapy_spiders_dag to 2024-09-16T19:56:13.366464+00:00, run_after=2024-09-16T20:56:13.366464+00:00
[2024-09-16 20:14:00,752] {processor.py:161} INFO - Processing /opt/airflow/dags/stream.py took 0.643 seconds
[2024-09-16 20:14:31,521] {processor.py:153} INFO - Started process (PID=329) to work on /opt/airflow/dags/stream.py
[2024-09-16 20:14:31,531] {processor.py:641} INFO - Processing file /opt/airflow/dags/stream.py for tasks to queue
[2024-09-16 20:14:31,532] {logging_mixin.py:115} INFO - [2024-09-16 20:14:31,532] {dagbag.py:507} INFO - Filling up the DagBag from /opt/airflow/dags/stream.py
[2024-09-16 20:14:31,844] {processor.py:651} INFO - DAG(s) dict_keys(['scrapy_spiders_dag']) retrieved from /opt/airflow/dags/stream.py
[2024-09-16 20:14:31,867] {logging_mixin.py:115} INFO - [2024-09-16 20:14:31,866] {dag.py:2379} INFO - Sync 1 DAGs
[2024-09-16 20:14:31,893] {logging_mixin.py:115} INFO - [2024-09-16 20:14:31,893] {dag.py:2927} INFO - Setting next_dagrun for scrapy_spiders_dag to 2024-09-16T19:56:13.366464+00:00, run_after=2024-09-16T20:56:13.366464+00:00
[2024-09-16 20:14:31,906] {processor.py:161} INFO - Processing /opt/airflow/dags/stream.py took 0.388 seconds
[2024-09-16 20:15:01,952] {processor.py:153} INFO - Started process (PID=373) to work on /opt/airflow/dags/stream.py
[2024-09-16 20:15:01,953] {processor.py:641} INFO - Processing file /opt/airflow/dags/stream.py for tasks to queue
[2024-09-16 20:15:01,954] {logging_mixin.py:115} INFO - [2024-09-16 20:15:01,954] {dagbag.py:507} INFO - Filling up the DagBag from /opt/airflow/dags/stream.py
[2024-09-16 20:15:02,254] {processor.py:651} INFO - DAG(s) dict_keys(['scrapy_spiders_dag']) retrieved from /opt/airflow/dags/stream.py
[2024-09-16 20:15:02,280] {logging_mixin.py:115} INFO - [2024-09-16 20:15:02,280] {dag.py:2379} INFO - Sync 1 DAGs
[2024-09-16 20:15:02,305] {logging_mixin.py:115} INFO - [2024-09-16 20:15:02,305] {dag.py:2927} INFO - Setting next_dagrun for scrapy_spiders_dag to 2024-09-16T19:56:13.366464+00:00, run_after=2024-09-16T20:56:13.366464+00:00
[2024-09-16 20:15:02,317] {processor.py:161} INFO - Processing /opt/airflow/dags/stream.py took 0.371 seconds
[2024-09-16 20:15:32,422] {processor.py:153} INFO - Started process (PID=412) to work on /opt/airflow/dags/stream.py
[2024-09-16 20:15:32,423] {processor.py:641} INFO - Processing file /opt/airflow/dags/stream.py for tasks to queue
[2024-09-16 20:15:32,424] {logging_mixin.py:115} INFO - [2024-09-16 20:15:32,424] {dagbag.py:507} INFO - Filling up the DagBag from /opt/airflow/dags/stream.py
[2024-09-16 20:15:32,762] {processor.py:651} INFO - DAG(s) dict_keys(['scrapy_spiders_dag']) retrieved from /opt/airflow/dags/stream.py
[2024-09-16 20:15:32,785] {logging_mixin.py:115} INFO - [2024-09-16 20:15:32,785] {dag.py:2379} INFO - Sync 1 DAGs
[2024-09-16 20:15:32,810] {logging_mixin.py:115} INFO - [2024-09-16 20:15:32,810] {dag.py:2927} INFO - Setting next_dagrun for scrapy_spiders_dag to 2024-09-16T19:56:13.366464+00:00, run_after=2024-09-16T20:56:13.366464+00:00
[2024-09-16 20:15:32,823] {processor.py:161} INFO - Processing /opt/airflow/dags/stream.py took 0.405 seconds
[2024-09-16 20:16:03,204] {processor.py:153} INFO - Started process (PID=454) to work on /opt/airflow/dags/stream.py
[2024-09-16 20:16:03,205] {processor.py:641} INFO - Processing file /opt/airflow/dags/stream.py for tasks to queue
[2024-09-16 20:16:03,206] {logging_mixin.py:115} INFO - [2024-09-16 20:16:03,206] {dagbag.py:507} INFO - Filling up the DagBag from /opt/airflow/dags/stream.py
[2024-09-16 20:16:03,517] {processor.py:651} INFO - DAG(s) dict_keys(['scrapy_spiders_dag']) retrieved from /opt/airflow/dags/stream.py
[2024-09-16 20:16:03,541] {logging_mixin.py:115} INFO - [2024-09-16 20:16:03,541] {dag.py:2379} INFO - Sync 1 DAGs
[2024-09-16 20:16:03,568] {logging_mixin.py:115} INFO - [2024-09-16 20:16:03,568] {dag.py:2927} INFO - Setting next_dagrun for scrapy_spiders_dag to 2024-09-16T19:56:13.366464+00:00, run_after=2024-09-16T20:56:13.366464+00:00
[2024-09-16 20:16:03,580] {processor.py:161} INFO - Processing /opt/airflow/dags/stream.py took 0.379 seconds
[2024-09-16 20:16:33,813] {processor.py:153} INFO - Started process (PID=495) to work on /opt/airflow/dags/stream.py
[2024-09-16 20:16:33,814] {processor.py:641} INFO - Processing file /opt/airflow/dags/stream.py for tasks to queue
[2024-09-16 20:16:33,815] {logging_mixin.py:115} INFO - [2024-09-16 20:16:33,814] {dagbag.py:507} INFO - Filling up the DagBag from /opt/airflow/dags/stream.py
[2024-09-16 20:16:34,146] {processor.py:651} INFO - DAG(s) dict_keys(['scrapy_spiders_dag']) retrieved from /opt/airflow/dags/stream.py
[2024-09-16 20:16:34,170] {logging_mixin.py:115} INFO - [2024-09-16 20:16:34,170] {dag.py:2379} INFO - Sync 1 DAGs
[2024-09-16 20:16:34,196] {logging_mixin.py:115} INFO - [2024-09-16 20:16:34,196] {dag.py:2927} INFO - Setting next_dagrun for scrapy_spiders_dag to 2024-09-16T19:56:13.366464+00:00, run_after=2024-09-16T20:56:13.366464+00:00
[2024-09-16 20:16:34,208] {processor.py:161} INFO - Processing /opt/airflow/dags/stream.py took 0.400 seconds
[2024-09-16 20:17:04,455] {processor.py:153} INFO - Started process (PID=537) to work on /opt/airflow/dags/stream.py
[2024-09-16 20:17:04,456] {processor.py:641} INFO - Processing file /opt/airflow/dags/stream.py for tasks to queue
[2024-09-16 20:17:04,457] {logging_mixin.py:115} INFO - [2024-09-16 20:17:04,457] {dagbag.py:507} INFO - Filling up the DagBag from /opt/airflow/dags/stream.py
[2024-09-16 20:17:04,804] {processor.py:651} INFO - DAG(s) dict_keys(['scrapy_spiders_dag']) retrieved from /opt/airflow/dags/stream.py
[2024-09-16 20:17:04,829] {logging_mixin.py:115} INFO - [2024-09-16 20:17:04,829] {dag.py:2379} INFO - Sync 1 DAGs
[2024-09-16 20:17:04,854] {logging_mixin.py:115} INFO - [2024-09-16 20:17:04,854] {dag.py:2927} INFO - Setting next_dagrun for scrapy_spiders_dag to 2024-09-16T19:56:13.366464+00:00, run_after=2024-09-16T20:56:13.366464+00:00
[2024-09-16 20:17:04,866] {processor.py:161} INFO - Processing /opt/airflow/dags/stream.py took 0.416 seconds
[2024-09-16 20:17:35,138] {processor.py:153} INFO - Started process (PID=579) to work on /opt/airflow/dags/stream.py
[2024-09-16 20:17:35,148] {processor.py:641} INFO - Processing file /opt/airflow/dags/stream.py for tasks to queue
[2024-09-16 20:17:35,149] {logging_mixin.py:115} INFO - [2024-09-16 20:17:35,149] {dagbag.py:507} INFO - Filling up the DagBag from /opt/airflow/dags/stream.py
[2024-09-16 20:17:35,460] {processor.py:651} INFO - DAG(s) dict_keys(['scrapy_spiders_dag']) retrieved from /opt/airflow/dags/stream.py
[2024-09-16 20:17:35,482] {logging_mixin.py:115} INFO - [2024-09-16 20:17:35,482] {dag.py:2379} INFO - Sync 1 DAGs
[2024-09-16 20:17:35,507] {logging_mixin.py:115} INFO - [2024-09-16 20:17:35,507] {dag.py:2927} INFO - Setting next_dagrun for scrapy_spiders_dag to 2024-09-16T19:56:13.366464+00:00, run_after=2024-09-16T20:56:13.366464+00:00
[2024-09-16 20:17:35,526] {processor.py:161} INFO - Processing /opt/airflow/dags/stream.py took 0.394 seconds
[2024-09-16 20:18:05,573] {processor.py:153} INFO - Started process (PID=621) to work on /opt/airflow/dags/stream.py
[2024-09-16 20:18:05,574] {processor.py:641} INFO - Processing file /opt/airflow/dags/stream.py for tasks to queue
[2024-09-16 20:18:05,575] {logging_mixin.py:115} INFO - [2024-09-16 20:18:05,574] {dagbag.py:507} INFO - Filling up the DagBag from /opt/airflow/dags/stream.py
[2024-09-16 20:18:05,912] {processor.py:651} INFO - DAG(s) dict_keys(['scrapy_spiders_dag']) retrieved from /opt/airflow/dags/stream.py
[2024-09-16 20:18:05,934] {logging_mixin.py:115} INFO - [2024-09-16 20:18:05,934] {dag.py:2379} INFO - Sync 1 DAGs
[2024-09-16 20:18:05,961] {logging_mixin.py:115} INFO - [2024-09-16 20:18:05,961] {dag.py:2927} INFO - Setting next_dagrun for scrapy_spiders_dag to 2024-09-16T19:56:13.366464+00:00, run_after=2024-09-16T20:56:13.366464+00:00
[2024-09-16 20:18:05,973] {processor.py:161} INFO - Processing /opt/airflow/dags/stream.py took 0.406 seconds
[2024-09-16 20:18:36,170] {processor.py:153} INFO - Started process (PID=663) to work on /opt/airflow/dags/stream.py
[2024-09-16 20:18:36,180] {processor.py:641} INFO - Processing file /opt/airflow/dags/stream.py for tasks to queue
[2024-09-16 20:18:36,181] {logging_mixin.py:115} INFO - [2024-09-16 20:18:36,181] {dagbag.py:507} INFO - Filling up the DagBag from /opt/airflow/dags/stream.py
[2024-09-16 20:18:36,523] {processor.py:651} INFO - DAG(s) dict_keys(['scrapy_spiders_dag']) retrieved from /opt/airflow/dags/stream.py
[2024-09-16 20:18:36,547] {logging_mixin.py:115} INFO - [2024-09-16 20:18:36,547] {dag.py:2379} INFO - Sync 1 DAGs
[2024-09-16 20:18:36,573] {logging_mixin.py:115} INFO - [2024-09-16 20:18:36,573] {dag.py:2927} INFO - Setting next_dagrun for scrapy_spiders_dag to 2024-09-16T19:56:13.366464+00:00, run_after=2024-09-16T20:56:13.366464+00:00
[2024-09-16 20:18:36,584] {processor.py:161} INFO - Processing /opt/airflow/dags/stream.py took 0.417 seconds
[2024-09-16 20:19:06,750] {processor.py:153} INFO - Started process (PID=704) to work on /opt/airflow/dags/stream.py
[2024-09-16 20:19:06,760] {processor.py:641} INFO - Processing file /opt/airflow/dags/stream.py for tasks to queue
[2024-09-16 20:19:06,761] {logging_mixin.py:115} INFO - [2024-09-16 20:19:06,761] {dagbag.py:507} INFO - Filling up the DagBag from /opt/airflow/dags/stream.py
[2024-09-16 20:19:07,108] {processor.py:651} INFO - DAG(s) dict_keys(['scrapy_spiders_dag']) retrieved from /opt/airflow/dags/stream.py
[2024-09-16 20:19:07,131] {logging_mixin.py:115} INFO - [2024-09-16 20:19:07,130] {dag.py:2379} INFO - Sync 1 DAGs
[2024-09-16 20:19:07,155] {logging_mixin.py:115} INFO - [2024-09-16 20:19:07,155] {dag.py:2927} INFO - Setting next_dagrun for scrapy_spiders_dag to 2024-09-16T19:56:13.366464+00:00, run_after=2024-09-16T20:56:13.366464+00:00
[2024-09-16 20:19:07,166] {processor.py:161} INFO - Processing /opt/airflow/dags/stream.py took 0.423 seconds
[2024-09-16 20:19:37,411] {processor.py:153} INFO - Started process (PID=746) to work on /opt/airflow/dags/stream.py
[2024-09-16 20:19:37,422] {processor.py:641} INFO - Processing file /opt/airflow/dags/stream.py for tasks to queue
[2024-09-16 20:19:37,423] {logging_mixin.py:115} INFO - [2024-09-16 20:19:37,423] {dagbag.py:507} INFO - Filling up the DagBag from /opt/airflow/dags/stream.py
[2024-09-16 20:19:37,760] {processor.py:651} INFO - DAG(s) dict_keys(['scrapy_spiders_dag']) retrieved from /opt/airflow/dags/stream.py
[2024-09-16 20:19:37,784] {logging_mixin.py:115} INFO - [2024-09-16 20:19:37,784] {dag.py:2379} INFO - Sync 1 DAGs
[2024-09-16 20:19:37,809] {logging_mixin.py:115} INFO - [2024-09-16 20:19:37,809] {dag.py:2927} INFO - Setting next_dagrun for scrapy_spiders_dag to 2024-09-16T19:56:13.366464+00:00, run_after=2024-09-16T20:56:13.366464+00:00
[2024-09-16 20:19:37,821] {processor.py:161} INFO - Processing /opt/airflow/dags/stream.py took 0.414 seconds
[2024-09-16 20:20:08,001] {processor.py:153} INFO - Started process (PID=788) to work on /opt/airflow/dags/stream.py
[2024-09-16 20:20:08,012] {processor.py:641} INFO - Processing file /opt/airflow/dags/stream.py for tasks to queue
[2024-09-16 20:20:08,012] {logging_mixin.py:115} INFO - [2024-09-16 20:20:08,012] {dagbag.py:507} INFO - Filling up the DagBag from /opt/airflow/dags/stream.py
[2024-09-16 20:20:08,343] {processor.py:651} INFO - DAG(s) dict_keys(['scrapy_spiders_dag']) retrieved from /opt/airflow/dags/stream.py
[2024-09-16 20:20:08,367] {logging_mixin.py:115} INFO - [2024-09-16 20:20:08,366] {dag.py:2379} INFO - Sync 1 DAGs
[2024-09-16 20:20:08,392] {logging_mixin.py:115} INFO - [2024-09-16 20:20:08,392] {dag.py:2927} INFO - Setting next_dagrun for scrapy_spiders_dag to 2024-09-16T19:56:13.366464+00:00, run_after=2024-09-16T20:56:13.366464+00:00
[2024-09-16 20:20:08,405] {processor.py:161} INFO - Processing /opt/airflow/dags/stream.py took 0.409 seconds
[2024-09-16 20:20:38,532] {processor.py:153} INFO - Started process (PID=830) to work on /opt/airflow/dags/stream.py
[2024-09-16 20:20:38,543] {processor.py:641} INFO - Processing file /opt/airflow/dags/stream.py for tasks to queue
[2024-09-16 20:20:38,543] {logging_mixin.py:115} INFO - [2024-09-16 20:20:38,543] {dagbag.py:507} INFO - Filling up the DagBag from /opt/airflow/dags/stream.py
[2024-09-16 20:20:38,857] {processor.py:651} INFO - DAG(s) dict_keys(['scrapy_spiders_dag']) retrieved from /opt/airflow/dags/stream.py
[2024-09-16 20:20:38,882] {logging_mixin.py:115} INFO - [2024-09-16 20:20:38,882] {dag.py:2379} INFO - Sync 1 DAGs
[2024-09-16 20:20:38,906] {logging_mixin.py:115} INFO - [2024-09-16 20:20:38,906] {dag.py:2927} INFO - Setting next_dagrun for scrapy_spiders_dag to 2024-09-16T19:56:13.366464+00:00, run_after=2024-09-16T20:56:13.366464+00:00
[2024-09-16 20:20:38,918] {processor.py:161} INFO - Processing /opt/airflow/dags/stream.py took 0.390 seconds
[2024-09-16 20:21:09,220] {processor.py:153} INFO - Started process (PID=872) to work on /opt/airflow/dags/stream.py
[2024-09-16 20:21:09,221] {processor.py:641} INFO - Processing file /opt/airflow/dags/stream.py for tasks to queue
[2024-09-16 20:21:09,222] {logging_mixin.py:115} INFO - [2024-09-16 20:21:09,222] {dagbag.py:507} INFO - Filling up the DagBag from /opt/airflow/dags/stream.py
[2024-09-16 20:21:09,557] {processor.py:651} INFO - DAG(s) dict_keys(['scrapy_spiders_dag']) retrieved from /opt/airflow/dags/stream.py
[2024-09-16 20:21:09,578] {logging_mixin.py:115} INFO - [2024-09-16 20:21:09,578] {dag.py:2379} INFO - Sync 1 DAGs
[2024-09-16 20:21:09,604] {logging_mixin.py:115} INFO - [2024-09-16 20:21:09,604] {dag.py:2927} INFO - Setting next_dagrun for scrapy_spiders_dag to 2024-09-16T19:56:13.366464+00:00, run_after=2024-09-16T20:56:13.366464+00:00
[2024-09-16 20:21:09,617] {processor.py:161} INFO - Processing /opt/airflow/dags/stream.py took 0.401 seconds
[2024-09-16 20:21:39,686] {processor.py:153} INFO - Started process (PID=914) to work on /opt/airflow/dags/stream.py
[2024-09-16 20:21:39,696] {processor.py:641} INFO - Processing file /opt/airflow/dags/stream.py for tasks to queue
[2024-09-16 20:21:39,697] {logging_mixin.py:115} INFO - [2024-09-16 20:21:39,697] {dagbag.py:507} INFO - Filling up the DagBag from /opt/airflow/dags/stream.py
[2024-09-16 20:21:40,031] {processor.py:651} INFO - DAG(s) dict_keys(['scrapy_spiders_dag']) retrieved from /opt/airflow/dags/stream.py
[2024-09-16 20:21:40,054] {logging_mixin.py:115} INFO - [2024-09-16 20:21:40,053] {dag.py:2379} INFO - Sync 1 DAGs
[2024-09-16 20:21:40,080] {logging_mixin.py:115} INFO - [2024-09-16 20:21:40,080] {dag.py:2927} INFO - Setting next_dagrun for scrapy_spiders_dag to 2024-09-16T19:56:13.366464+00:00, run_after=2024-09-16T20:56:13.366464+00:00
[2024-09-16 20:21:40,093] {processor.py:161} INFO - Processing /opt/airflow/dags/stream.py took 0.413 seconds
[2024-09-16 20:22:10,470] {processor.py:153} INFO - Started process (PID=956) to work on /opt/airflow/dags/stream.py
[2024-09-16 20:22:10,472] {processor.py:641} INFO - Processing file /opt/airflow/dags/stream.py for tasks to queue
[2024-09-16 20:22:10,473] {logging_mixin.py:115} INFO - [2024-09-16 20:22:10,473] {dagbag.py:507} INFO - Filling up the DagBag from /opt/airflow/dags/stream.py
[2024-09-16 20:22:11,129] {processor.py:651} INFO - DAG(s) dict_keys(['scrapy_spiders_dag']) retrieved from /opt/airflow/dags/stream.py
[2024-09-16 20:22:11,154] {logging_mixin.py:115} INFO - [2024-09-16 20:22:11,154] {dag.py:2379} INFO - Sync 1 DAGs
[2024-09-16 20:22:11,182] {logging_mixin.py:115} INFO - [2024-09-16 20:22:11,182] {dag.py:2927} INFO - Setting next_dagrun for scrapy_spiders_dag to 2024-09-16T19:56:13.366464+00:00, run_after=2024-09-16T20:56:13.366464+00:00
[2024-09-16 20:22:11,196] {processor.py:161} INFO - Processing /opt/airflow/dags/stream.py took 0.729 seconds
[2024-09-16 20:22:41,449] {processor.py:153} INFO - Started process (PID=1002) to work on /opt/airflow/dags/stream.py
[2024-09-16 20:22:41,450] {processor.py:641} INFO - Processing file /opt/airflow/dags/stream.py for tasks to queue
[2024-09-16 20:22:41,451] {logging_mixin.py:115} INFO - [2024-09-16 20:22:41,450] {dagbag.py:507} INFO - Filling up the DagBag from /opt/airflow/dags/stream.py
[2024-09-16 20:22:41,863] {processor.py:651} INFO - DAG(s) dict_keys(['scrapy_spiders_dag']) retrieved from /opt/airflow/dags/stream.py
[2024-09-16 20:22:41,892] {logging_mixin.py:115} INFO - [2024-09-16 20:22:41,892] {dag.py:2379} INFO - Sync 1 DAGs
[2024-09-16 20:22:41,920] {logging_mixin.py:115} INFO - [2024-09-16 20:22:41,920] {dag.py:2927} INFO - Setting next_dagrun for scrapy_spiders_dag to 2024-09-16T19:56:13.366464+00:00, run_after=2024-09-16T20:56:13.366464+00:00
[2024-09-16 20:22:41,935] {processor.py:161} INFO - Processing /opt/airflow/dags/stream.py took 0.491 seconds
[2024-09-16 20:23:12,376] {processor.py:153} INFO - Started process (PID=1045) to work on /opt/airflow/dags/stream.py
[2024-09-16 20:23:12,380] {processor.py:641} INFO - Processing file /opt/airflow/dags/stream.py for tasks to queue
[2024-09-16 20:23:12,380] {logging_mixin.py:115} INFO - [2024-09-16 20:23:12,380] {dagbag.py:507} INFO - Filling up the DagBag from /opt/airflow/dags/stream.py
[2024-09-16 20:23:12,730] {processor.py:651} INFO - DAG(s) dict_keys(['scrapy_spiders_dag']) retrieved from /opt/airflow/dags/stream.py
[2024-09-16 20:23:12,754] {logging_mixin.py:115} INFO - [2024-09-16 20:23:12,754] {dag.py:2379} INFO - Sync 1 DAGs
[2024-09-16 20:23:12,779] {logging_mixin.py:115} INFO - [2024-09-16 20:23:12,779] {dag.py:2927} INFO - Setting next_dagrun for scrapy_spiders_dag to 2024-09-16T19:56:13.366464+00:00, run_after=2024-09-16T20:56:13.366464+00:00
[2024-09-16 20:23:12,790] {processor.py:161} INFO - Processing /opt/airflow/dags/stream.py took 0.419 seconds
[2024-09-16 20:23:43,035] {processor.py:153} INFO - Started process (PID=1087) to work on /opt/airflow/dags/stream.py
[2024-09-16 20:23:43,036] {processor.py:641} INFO - Processing file /opt/airflow/dags/stream.py for tasks to queue
[2024-09-16 20:23:43,037] {logging_mixin.py:115} INFO - [2024-09-16 20:23:43,037] {dagbag.py:507} INFO - Filling up the DagBag from /opt/airflow/dags/stream.py
[2024-09-16 20:23:43,380] {processor.py:651} INFO - DAG(s) dict_keys(['scrapy_spiders_dag']) retrieved from /opt/airflow/dags/stream.py
[2024-09-16 20:23:43,404] {logging_mixin.py:115} INFO - [2024-09-16 20:23:43,404] {dag.py:2379} INFO - Sync 1 DAGs
[2024-09-16 20:23:43,429] {logging_mixin.py:115} INFO - [2024-09-16 20:23:43,429] {dag.py:2927} INFO - Setting next_dagrun for scrapy_spiders_dag to 2024-09-16T19:56:13.366464+00:00, run_after=2024-09-16T20:56:13.366464+00:00
[2024-09-16 20:23:43,440] {processor.py:161} INFO - Processing /opt/airflow/dags/stream.py took 0.409 seconds
[2024-09-16 20:24:13,752] {processor.py:153} INFO - Started process (PID=1130) to work on /opt/airflow/dags/stream.py
[2024-09-16 20:24:13,753] {processor.py:641} INFO - Processing file /opt/airflow/dags/stream.py for tasks to queue
[2024-09-16 20:24:13,754] {logging_mixin.py:115} INFO - [2024-09-16 20:24:13,753] {dagbag.py:507} INFO - Filling up the DagBag from /opt/airflow/dags/stream.py
[2024-09-16 20:24:14,056] {processor.py:651} INFO - DAG(s) dict_keys(['scrapy_spiders_dag']) retrieved from /opt/airflow/dags/stream.py
[2024-09-16 20:24:14,080] {logging_mixin.py:115} INFO - [2024-09-16 20:24:14,080] {dag.py:2379} INFO - Sync 1 DAGs
[2024-09-16 20:24:14,106] {logging_mixin.py:115} INFO - [2024-09-16 20:24:14,105] {dag.py:2927} INFO - Setting next_dagrun for scrapy_spiders_dag to 2024-09-16T19:56:13.366464+00:00, run_after=2024-09-16T20:56:13.366464+00:00
[2024-09-16 20:24:14,118] {processor.py:161} INFO - Processing /opt/airflow/dags/stream.py took 0.371 seconds
[2024-09-16 20:24:44,285] {processor.py:153} INFO - Started process (PID=1172) to work on /opt/airflow/dags/stream.py
[2024-09-16 20:24:44,286] {processor.py:641} INFO - Processing file /opt/airflow/dags/stream.py for tasks to queue
[2024-09-16 20:24:44,287] {logging_mixin.py:115} INFO - [2024-09-16 20:24:44,287] {dagbag.py:507} INFO - Filling up the DagBag from /opt/airflow/dags/stream.py
[2024-09-16 20:24:44,600] {processor.py:651} INFO - DAG(s) dict_keys(['scrapy_spiders_dag']) retrieved from /opt/airflow/dags/stream.py
[2024-09-16 20:24:44,623] {logging_mixin.py:115} INFO - [2024-09-16 20:24:44,623] {dag.py:2379} INFO - Sync 1 DAGs
[2024-09-16 20:24:44,650] {logging_mixin.py:115} INFO - [2024-09-16 20:24:44,649] {dag.py:2927} INFO - Setting next_dagrun for scrapy_spiders_dag to 2024-09-16T19:56:13.366464+00:00, run_after=2024-09-16T20:56:13.366464+00:00
[2024-09-16 20:24:44,661] {processor.py:161} INFO - Processing /opt/airflow/dags/stream.py took 0.381 seconds
[2024-09-16 20:25:14,943] {processor.py:153} INFO - Started process (PID=1214) to work on /opt/airflow/dags/stream.py
[2024-09-16 20:25:14,944] {processor.py:641} INFO - Processing file /opt/airflow/dags/stream.py for tasks to queue
[2024-09-16 20:25:14,945] {logging_mixin.py:115} INFO - [2024-09-16 20:25:14,945] {dagbag.py:507} INFO - Filling up the DagBag from /opt/airflow/dags/stream.py
[2024-09-16 20:25:15,261] {processor.py:651} INFO - DAG(s) dict_keys(['scrapy_spiders_dag']) retrieved from /opt/airflow/dags/stream.py
[2024-09-16 20:25:15,283] {logging_mixin.py:115} INFO - [2024-09-16 20:25:15,283] {dag.py:2379} INFO - Sync 1 DAGs
[2024-09-16 20:25:15,309] {logging_mixin.py:115} INFO - [2024-09-16 20:25:15,309] {dag.py:2927} INFO - Setting next_dagrun for scrapy_spiders_dag to 2024-09-16T19:56:13.366464+00:00, run_after=2024-09-16T20:56:13.366464+00:00
[2024-09-16 20:25:15,320] {processor.py:161} INFO - Processing /opt/airflow/dags/stream.py took 0.382 seconds
[2024-09-16 20:25:45,564] {processor.py:153} INFO - Started process (PID=1257) to work on /opt/airflow/dags/stream.py
[2024-09-16 20:25:45,565] {processor.py:641} INFO - Processing file /opt/airflow/dags/stream.py for tasks to queue
[2024-09-16 20:25:45,566] {logging_mixin.py:115} INFO - [2024-09-16 20:25:45,566] {dagbag.py:507} INFO - Filling up the DagBag from /opt/airflow/dags/stream.py
[2024-09-16 20:25:45,855] {processor.py:651} INFO - DAG(s) dict_keys(['scrapy_spiders_dag']) retrieved from /opt/airflow/dags/stream.py
[2024-09-16 20:25:45,879] {logging_mixin.py:115} INFO - [2024-09-16 20:25:45,879] {dag.py:2379} INFO - Sync 1 DAGs
[2024-09-16 20:25:45,905] {logging_mixin.py:115} INFO - [2024-09-16 20:25:45,905] {dag.py:2927} INFO - Setting next_dagrun for scrapy_spiders_dag to 2024-09-16T19:56:13.366464+00:00, run_after=2024-09-16T20:56:13.366464+00:00
[2024-09-16 20:25:45,927] {processor.py:161} INFO - Processing /opt/airflow/dags/stream.py took 0.368 seconds
[2024-09-16 20:26:16,261] {processor.py:153} INFO - Started process (PID=1299) to work on /opt/airflow/dags/stream.py
[2024-09-16 20:26:16,262] {processor.py:641} INFO - Processing file /opt/airflow/dags/stream.py for tasks to queue
[2024-09-16 20:26:16,263] {logging_mixin.py:115} INFO - [2024-09-16 20:26:16,263] {dagbag.py:507} INFO - Filling up the DagBag from /opt/airflow/dags/stream.py
[2024-09-16 20:26:16,578] {processor.py:651} INFO - DAG(s) dict_keys(['scrapy_spiders_dag']) retrieved from /opt/airflow/dags/stream.py
[2024-09-16 20:26:16,603] {logging_mixin.py:115} INFO - [2024-09-16 20:26:16,602] {dag.py:2379} INFO - Sync 1 DAGs
[2024-09-16 20:26:16,627] {logging_mixin.py:115} INFO - [2024-09-16 20:26:16,627] {dag.py:2927} INFO - Setting next_dagrun for scrapy_spiders_dag to 2024-09-16T19:56:13.366464+00:00, run_after=2024-09-16T20:56:13.366464+00:00
[2024-09-16 20:26:16,637] {processor.py:161} INFO - Processing /opt/airflow/dags/stream.py took 0.379 seconds
[2024-09-16 20:26:46,918] {processor.py:153} INFO - Started process (PID=1338) to work on /opt/airflow/dags/stream.py
[2024-09-16 20:26:46,920] {processor.py:641} INFO - Processing file /opt/airflow/dags/stream.py for tasks to queue
[2024-09-16 20:26:46,921] {logging_mixin.py:115} INFO - [2024-09-16 20:26:46,920] {dagbag.py:507} INFO - Filling up the DagBag from /opt/airflow/dags/stream.py
[2024-09-16 20:26:47,288] {processor.py:651} INFO - DAG(s) dict_keys(['scrapy_spiders_dag']) retrieved from /opt/airflow/dags/stream.py
[2024-09-16 20:26:47,311] {logging_mixin.py:115} INFO - [2024-09-16 20:26:47,310] {dag.py:2379} INFO - Sync 1 DAGs
[2024-09-16 20:26:47,335] {logging_mixin.py:115} INFO - [2024-09-16 20:26:47,335] {dag.py:2927} INFO - Setting next_dagrun for scrapy_spiders_dag to 2024-09-16T19:56:13.366464+00:00, run_after=2024-09-16T20:56:13.366464+00:00
[2024-09-16 20:26:47,350] {processor.py:161} INFO - Processing /opt/airflow/dags/stream.py took 0.436 seconds
[2024-09-16 20:27:17,447] {processor.py:153} INFO - Started process (PID=1382) to work on /opt/airflow/dags/stream.py
[2024-09-16 20:27:17,448] {processor.py:641} INFO - Processing file /opt/airflow/dags/stream.py for tasks to queue
[2024-09-16 20:27:17,449] {logging_mixin.py:115} INFO - [2024-09-16 20:27:17,449] {dagbag.py:507} INFO - Filling up the DagBag from /opt/airflow/dags/stream.py
[2024-09-16 20:27:17,736] {processor.py:651} INFO - DAG(s) dict_keys(['scrapy_spiders_dag']) retrieved from /opt/airflow/dags/stream.py
[2024-09-16 20:27:17,759] {logging_mixin.py:115} INFO - [2024-09-16 20:27:17,759] {dag.py:2379} INFO - Sync 1 DAGs
[2024-09-16 20:27:17,783] {logging_mixin.py:115} INFO - [2024-09-16 20:27:17,783] {dag.py:2927} INFO - Setting next_dagrun for scrapy_spiders_dag to 2024-09-16T19:56:13.366464+00:00, run_after=2024-09-16T20:56:13.366464+00:00
[2024-09-16 20:27:17,797] {processor.py:161} INFO - Processing /opt/airflow/dags/stream.py took 0.353 seconds
[2024-09-16 20:27:47,825] {processor.py:153} INFO - Started process (PID=1424) to work on /opt/airflow/dags/stream.py
[2024-09-16 20:27:47,826] {processor.py:641} INFO - Processing file /opt/airflow/dags/stream.py for tasks to queue
[2024-09-16 20:27:47,826] {logging_mixin.py:115} INFO - [2024-09-16 20:27:47,826] {dagbag.py:507} INFO - Filling up the DagBag from /opt/airflow/dags/stream.py
[2024-09-16 20:27:48,154] {processor.py:651} INFO - DAG(s) dict_keys(['scrapy_spiders_dag']) retrieved from /opt/airflow/dags/stream.py
[2024-09-16 20:27:48,180] {logging_mixin.py:115} INFO - [2024-09-16 20:27:48,180] {dag.py:2379} INFO - Sync 1 DAGs
[2024-09-16 20:27:48,211] {logging_mixin.py:115} INFO - [2024-09-16 20:27:48,211] {dag.py:2927} INFO - Setting next_dagrun for scrapy_spiders_dag to 2024-09-16T19:56:13.366464+00:00, run_after=2024-09-16T20:56:13.366464+00:00
[2024-09-16 20:27:48,237] {processor.py:161} INFO - Processing /opt/airflow/dags/stream.py took 0.416 seconds
[2024-09-16 20:28:18,390] {processor.py:153} INFO - Started process (PID=1471) to work on /opt/airflow/dags/stream.py
[2024-09-16 20:28:18,390] {processor.py:641} INFO - Processing file /opt/airflow/dags/stream.py for tasks to queue
[2024-09-16 20:28:18,391] {logging_mixin.py:115} INFO - [2024-09-16 20:28:18,391] {dagbag.py:507} INFO - Filling up the DagBag from /opt/airflow/dags/stream.py
[2024-09-16 20:28:18,692] {processor.py:651} INFO - DAG(s) dict_keys(['scrapy_spiders_dag']) retrieved from /opt/airflow/dags/stream.py
[2024-09-16 20:28:18,714] {logging_mixin.py:115} INFO - [2024-09-16 20:28:18,714] {dag.py:2379} INFO - Sync 1 DAGs
[2024-09-16 20:28:18,739] {logging_mixin.py:115} INFO - [2024-09-16 20:28:18,738] {dag.py:2927} INFO - Setting next_dagrun for scrapy_spiders_dag to 2024-09-16T19:56:13.366464+00:00, run_after=2024-09-16T20:56:13.366464+00:00
[2024-09-16 20:28:18,752] {processor.py:161} INFO - Processing /opt/airflow/dags/stream.py took 0.367 seconds
[2024-09-16 20:28:48,820] {processor.py:153} INFO - Started process (PID=1510) to work on /opt/airflow/dags/stream.py
[2024-09-16 20:28:48,821] {processor.py:641} INFO - Processing file /opt/airflow/dags/stream.py for tasks to queue
[2024-09-16 20:28:48,822] {logging_mixin.py:115} INFO - [2024-09-16 20:28:48,822] {dagbag.py:507} INFO - Filling up the DagBag from /opt/airflow/dags/stream.py
[2024-09-16 20:28:49,122] {processor.py:651} INFO - DAG(s) dict_keys(['scrapy_spiders_dag']) retrieved from /opt/airflow/dags/stream.py
[2024-09-16 20:28:49,144] {logging_mixin.py:115} INFO - [2024-09-16 20:28:49,144] {dag.py:2379} INFO - Sync 1 DAGs
[2024-09-16 20:28:49,167] {logging_mixin.py:115} INFO - [2024-09-16 20:28:49,167] {dag.py:2927} INFO - Setting next_dagrun for scrapy_spiders_dag to 2024-09-16T19:56:13.366464+00:00, run_after=2024-09-16T20:56:13.366464+00:00
[2024-09-16 20:28:49,180] {processor.py:161} INFO - Processing /opt/airflow/dags/stream.py took 0.363 seconds
[2024-09-16 20:29:19,630] {processor.py:153} INFO - Started process (PID=1554) to work on /opt/airflow/dags/stream.py
[2024-09-16 20:29:19,630] {processor.py:641} INFO - Processing file /opt/airflow/dags/stream.py for tasks to queue
[2024-09-16 20:29:19,631] {logging_mixin.py:115} INFO - [2024-09-16 20:29:19,631] {dagbag.py:507} INFO - Filling up the DagBag from /opt/airflow/dags/stream.py
[2024-09-16 20:29:19,925] {processor.py:651} INFO - DAG(s) dict_keys(['scrapy_spiders_dag']) retrieved from /opt/airflow/dags/stream.py
[2024-09-16 20:29:19,951] {logging_mixin.py:115} INFO - [2024-09-16 20:29:19,950] {dag.py:2379} INFO - Sync 1 DAGs
[2024-09-16 20:29:19,975] {logging_mixin.py:115} INFO - [2024-09-16 20:29:19,975] {dag.py:2927} INFO - Setting next_dagrun for scrapy_spiders_dag to 2024-09-16T19:56:13.366464+00:00, run_after=2024-09-16T20:56:13.366464+00:00
[2024-09-16 20:29:19,990] {processor.py:161} INFO - Processing /opt/airflow/dags/stream.py took 0.364 seconds
[2024-09-16 20:29:50,294] {processor.py:153} INFO - Started process (PID=1596) to work on /opt/airflow/dags/stream.py
[2024-09-16 20:29:50,295] {processor.py:641} INFO - Processing file /opt/airflow/dags/stream.py for tasks to queue
[2024-09-16 20:29:50,295] {logging_mixin.py:115} INFO - [2024-09-16 20:29:50,295] {dagbag.py:507} INFO - Filling up the DagBag from /opt/airflow/dags/stream.py
[2024-09-16 20:29:50,598] {processor.py:651} INFO - DAG(s) dict_keys(['scrapy_spiders_dag']) retrieved from /opt/airflow/dags/stream.py
[2024-09-16 20:29:50,619] {logging_mixin.py:115} INFO - [2024-09-16 20:29:50,619] {dag.py:2379} INFO - Sync 1 DAGs
[2024-09-16 20:29:50,644] {logging_mixin.py:115} INFO - [2024-09-16 20:29:50,644] {dag.py:2927} INFO - Setting next_dagrun for scrapy_spiders_dag to 2024-09-16T19:56:13.366464+00:00, run_after=2024-09-16T20:56:13.366464+00:00
[2024-09-16 20:29:50,657] {processor.py:161} INFO - Processing /opt/airflow/dags/stream.py took 0.366 seconds
[2024-09-16 20:30:21,076] {processor.py:153} INFO - Started process (PID=1639) to work on /opt/airflow/dags/stream.py
[2024-09-16 20:30:21,077] {processor.py:641} INFO - Processing file /opt/airflow/dags/stream.py for tasks to queue
[2024-09-16 20:30:21,078] {logging_mixin.py:115} INFO - [2024-09-16 20:30:21,078] {dagbag.py:507} INFO - Filling up the DagBag from /opt/airflow/dags/stream.py
[2024-09-16 20:30:21,359] {processor.py:651} INFO - DAG(s) dict_keys(['scrapy_spiders_dag']) retrieved from /opt/airflow/dags/stream.py
[2024-09-16 20:30:21,381] {logging_mixin.py:115} INFO - [2024-09-16 20:30:21,381] {dag.py:2379} INFO - Sync 1 DAGs
[2024-09-16 20:30:21,406] {logging_mixin.py:115} INFO - [2024-09-16 20:30:21,406] {dag.py:2927} INFO - Setting next_dagrun for scrapy_spiders_dag to 2024-09-16T19:56:13.366464+00:00, run_after=2024-09-16T20:56:13.366464+00:00
[2024-09-16 20:30:21,420] {processor.py:161} INFO - Processing /opt/airflow/dags/stream.py took 0.347 seconds
[2024-09-16 20:30:51,518] {processor.py:153} INFO - Started process (PID=1680) to work on /opt/airflow/dags/stream.py
[2024-09-16 20:30:51,518] {processor.py:641} INFO - Processing file /opt/airflow/dags/stream.py for tasks to queue
[2024-09-16 20:30:51,519] {logging_mixin.py:115} INFO - [2024-09-16 20:30:51,519] {dagbag.py:507} INFO - Filling up the DagBag from /opt/airflow/dags/stream.py
[2024-09-16 20:30:51,803] {processor.py:651} INFO - DAG(s) dict_keys(['scrapy_spiders_dag']) retrieved from /opt/airflow/dags/stream.py
[2024-09-16 20:30:51,826] {logging_mixin.py:115} INFO - [2024-09-16 20:30:51,826] {dag.py:2379} INFO - Sync 1 DAGs
[2024-09-16 20:30:51,852] {logging_mixin.py:115} INFO - [2024-09-16 20:30:51,852] {dag.py:2927} INFO - Setting next_dagrun for scrapy_spiders_dag to 2024-09-16T19:56:13.366464+00:00, run_after=2024-09-16T20:56:13.366464+00:00
[2024-09-16 20:30:51,875] {processor.py:161} INFO - Processing /opt/airflow/dags/stream.py took 0.361 seconds
[2024-09-16 20:31:22,119] {processor.py:153} INFO - Started process (PID=1722) to work on /opt/airflow/dags/stream.py
[2024-09-16 20:31:22,119] {processor.py:641} INFO - Processing file /opt/airflow/dags/stream.py for tasks to queue
[2024-09-16 20:31:22,120] {logging_mixin.py:115} INFO - [2024-09-16 20:31:22,120] {dagbag.py:507} INFO - Filling up the DagBag from /opt/airflow/dags/stream.py
[2024-09-16 20:31:22,414] {processor.py:651} INFO - DAG(s) dict_keys(['scrapy_spiders_dag']) retrieved from /opt/airflow/dags/stream.py
[2024-09-16 20:31:22,436] {logging_mixin.py:115} INFO - [2024-09-16 20:31:22,436] {dag.py:2379} INFO - Sync 1 DAGs
[2024-09-16 20:31:22,460] {logging_mixin.py:115} INFO - [2024-09-16 20:31:22,460] {dag.py:2927} INFO - Setting next_dagrun for scrapy_spiders_dag to 2024-09-16T19:56:13.366464+00:00, run_after=2024-09-16T20:56:13.366464+00:00
[2024-09-16 20:31:22,483] {processor.py:161} INFO - Processing /opt/airflow/dags/stream.py took 0.370 seconds
[2024-09-16 20:31:52,693] {processor.py:153} INFO - Started process (PID=1764) to work on /opt/airflow/dags/stream.py
[2024-09-16 20:31:52,694] {processor.py:641} INFO - Processing file /opt/airflow/dags/stream.py for tasks to queue
[2024-09-16 20:31:52,694] {logging_mixin.py:115} INFO - [2024-09-16 20:31:52,694] {dagbag.py:507} INFO - Filling up the DagBag from /opt/airflow/dags/stream.py
[2024-09-16 20:31:52,979] {processor.py:651} INFO - DAG(s) dict_keys(['scrapy_spiders_dag']) retrieved from /opt/airflow/dags/stream.py
[2024-09-16 20:31:53,001] {logging_mixin.py:115} INFO - [2024-09-16 20:31:53,001] {dag.py:2379} INFO - Sync 1 DAGs
[2024-09-16 20:31:53,026] {logging_mixin.py:115} INFO - [2024-09-16 20:31:53,026] {dag.py:2927} INFO - Setting next_dagrun for scrapy_spiders_dag to 2024-09-16T19:56:13.366464+00:00, run_after=2024-09-16T20:56:13.366464+00:00
[2024-09-16 20:31:53,040] {processor.py:161} INFO - Processing /opt/airflow/dags/stream.py took 0.350 seconds
[2024-09-16 20:32:23,292] {processor.py:153} INFO - Started process (PID=1806) to work on /opt/airflow/dags/stream.py
[2024-09-16 20:32:23,293] {processor.py:641} INFO - Processing file /opt/airflow/dags/stream.py for tasks to queue
[2024-09-16 20:32:23,293] {logging_mixin.py:115} INFO - [2024-09-16 20:32:23,293] {dagbag.py:507} INFO - Filling up the DagBag from /opt/airflow/dags/stream.py
[2024-09-16 20:32:23,578] {processor.py:651} INFO - DAG(s) dict_keys(['scrapy_spiders_dag']) retrieved from /opt/airflow/dags/stream.py
[2024-09-16 20:32:23,602] {logging_mixin.py:115} INFO - [2024-09-16 20:32:23,602] {dag.py:2379} INFO - Sync 1 DAGs
[2024-09-16 20:32:23,627] {logging_mixin.py:115} INFO - [2024-09-16 20:32:23,627] {dag.py:2927} INFO - Setting next_dagrun for scrapy_spiders_dag to 2024-09-16T19:56:13.366464+00:00, run_after=2024-09-16T20:56:13.366464+00:00
[2024-09-16 20:32:23,640] {processor.py:161} INFO - Processing /opt/airflow/dags/stream.py took 0.353 seconds
[2024-09-16 20:32:54,582] {processor.py:153} INFO - Started process (PID=1848) to work on /opt/airflow/dags/stream.py
[2024-09-16 20:32:54,583] {processor.py:641} INFO - Processing file /opt/airflow/dags/stream.py for tasks to queue
[2024-09-16 20:32:54,584] {logging_mixin.py:115} INFO - [2024-09-16 20:32:54,584] {dagbag.py:507} INFO - Filling up the DagBag from /opt/airflow/dags/stream.py
[2024-09-16 20:32:54,939] {processor.py:651} INFO - DAG(s) dict_keys(['scrapy_spiders_dag']) retrieved from /opt/airflow/dags/stream.py
[2024-09-16 20:32:54,966] {logging_mixin.py:115} INFO - [2024-09-16 20:32:54,965] {dag.py:2379} INFO - Sync 1 DAGs
[2024-09-16 20:32:54,992] {logging_mixin.py:115} INFO - [2024-09-16 20:32:54,992] {dag.py:2927} INFO - Setting next_dagrun for scrapy_spiders_dag to 2024-09-16T19:56:13.366464+00:00, run_after=2024-09-16T20:56:13.366464+00:00
[2024-09-16 20:32:55,007] {processor.py:161} INFO - Processing /opt/airflow/dags/stream.py took 0.430 seconds
[2024-09-16 20:33:25,491] {processor.py:153} INFO - Started process (PID=1890) to work on /opt/airflow/dags/stream.py
[2024-09-16 20:33:25,492] {processor.py:641} INFO - Processing file /opt/airflow/dags/stream.py for tasks to queue
[2024-09-16 20:33:25,493] {logging_mixin.py:115} INFO - [2024-09-16 20:33:25,493] {dagbag.py:507} INFO - Filling up the DagBag from /opt/airflow/dags/stream.py
[2024-09-16 20:33:25,953] {processor.py:651} INFO - DAG(s) dict_keys(['scrapy_spiders_dag']) retrieved from /opt/airflow/dags/stream.py
[2024-09-16 20:33:25,983] {logging_mixin.py:115} INFO - [2024-09-16 20:33:25,983] {dag.py:2379} INFO - Sync 1 DAGs
[2024-09-16 20:33:26,016] {logging_mixin.py:115} INFO - [2024-09-16 20:33:26,015] {dag.py:2927} INFO - Setting next_dagrun for scrapy_spiders_dag to 2024-09-16T19:56:13.366464+00:00, run_after=2024-09-16T20:56:13.366464+00:00
[2024-09-16 20:33:26,036] {processor.py:161} INFO - Processing /opt/airflow/dags/stream.py took 0.549 seconds
[2024-09-16 20:33:56,205] {processor.py:153} INFO - Started process (PID=1935) to work on /opt/airflow/dags/stream.py
[2024-09-16 20:33:56,206] {processor.py:641} INFO - Processing file /opt/airflow/dags/stream.py for tasks to queue
[2024-09-16 20:33:56,207] {logging_mixin.py:115} INFO - [2024-09-16 20:33:56,207] {dagbag.py:507} INFO - Filling up the DagBag from /opt/airflow/dags/stream.py
[2024-09-16 20:33:56,728] {processor.py:651} INFO - DAG(s) dict_keys(['scrapy_spiders_dag']) retrieved from /opt/airflow/dags/stream.py
[2024-09-16 20:33:56,783] {logging_mixin.py:115} INFO - [2024-09-16 20:33:56,783] {dag.py:2379} INFO - Sync 1 DAGs
[2024-09-16 20:33:56,816] {logging_mixin.py:115} INFO - [2024-09-16 20:33:56,816] {dag.py:2927} INFO - Setting next_dagrun for scrapy_spiders_dag to 2024-09-16T19:56:13.366464+00:00, run_after=2024-09-16T20:56:13.366464+00:00
[2024-09-16 20:33:56,840] {processor.py:161} INFO - Processing /opt/airflow/dags/stream.py took 0.640 seconds
[2024-09-16 20:34:27,415] {processor.py:153} INFO - Started process (PID=1979) to work on /opt/airflow/dags/stream.py
[2024-09-16 20:34:27,417] {processor.py:641} INFO - Processing file /opt/airflow/dags/stream.py for tasks to queue
[2024-09-16 20:34:27,417] {logging_mixin.py:115} INFO - [2024-09-16 20:34:27,417] {dagbag.py:507} INFO - Filling up the DagBag from /opt/airflow/dags/stream.py
[2024-09-16 20:34:27,858] {processor.py:651} INFO - DAG(s) dict_keys(['scrapy_spiders_dag']) retrieved from /opt/airflow/dags/stream.py
[2024-09-16 20:34:27,904] {logging_mixin.py:115} INFO - [2024-09-16 20:34:27,904] {dag.py:2379} INFO - Sync 1 DAGs
[2024-09-16 20:34:27,941] {logging_mixin.py:115} INFO - [2024-09-16 20:34:27,941] {dag.py:2927} INFO - Setting next_dagrun for scrapy_spiders_dag to 2024-09-16T19:56:13.366464+00:00, run_after=2024-09-16T20:56:13.366464+00:00
[2024-09-16 20:34:27,960] {processor.py:161} INFO - Processing /opt/airflow/dags/stream.py took 0.551 seconds
[2024-09-16 20:34:58,756] {processor.py:153} INFO - Started process (PID=2021) to work on /opt/airflow/dags/stream.py
[2024-09-16 20:34:58,760] {processor.py:641} INFO - Processing file /opt/airflow/dags/stream.py for tasks to queue
[2024-09-16 20:34:58,761] {logging_mixin.py:115} INFO - [2024-09-16 20:34:58,761] {dagbag.py:507} INFO - Filling up the DagBag from /opt/airflow/dags/stream.py
[2024-09-16 20:34:59,234] {processor.py:651} INFO - DAG(s) dict_keys(['scrapy_spiders_dag']) retrieved from /opt/airflow/dags/stream.py
[2024-09-16 20:34:59,267] {logging_mixin.py:115} INFO - [2024-09-16 20:34:59,267] {dag.py:2379} INFO - Sync 1 DAGs
[2024-09-16 20:34:59,299] {logging_mixin.py:115} INFO - [2024-09-16 20:34:59,298] {dag.py:2927} INFO - Setting next_dagrun for scrapy_spiders_dag to 2024-09-16T19:56:13.366464+00:00, run_after=2024-09-16T20:56:13.366464+00:00
[2024-09-16 20:34:59,315] {processor.py:161} INFO - Processing /opt/airflow/dags/stream.py took 0.568 seconds
[2024-09-16 20:35:30,171] {processor.py:153} INFO - Started process (PID=2065) to work on /opt/airflow/dags/stream.py
[2024-09-16 20:35:30,172] {processor.py:641} INFO - Processing file /opt/airflow/dags/stream.py for tasks to queue
[2024-09-16 20:35:30,173] {logging_mixin.py:115} INFO - [2024-09-16 20:35:30,173] {dagbag.py:507} INFO - Filling up the DagBag from /opt/airflow/dags/stream.py
[2024-09-16 20:35:30,694] {processor.py:651} INFO - DAG(s) dict_keys(['scrapy_spiders_dag']) retrieved from /opt/airflow/dags/stream.py
[2024-09-16 20:35:30,868] {logging_mixin.py:115} INFO - [2024-09-16 20:35:30,868] {dag.py:2379} INFO - Sync 1 DAGs
[2024-09-16 20:35:30,925] {logging_mixin.py:115} INFO - [2024-09-16 20:35:30,925] {dag.py:2927} INFO - Setting next_dagrun for scrapy_spiders_dag to 2024-09-16T19:56:13.366464+00:00, run_after=2024-09-16T20:56:13.366464+00:00
[2024-09-16 20:35:30,955] {processor.py:161} INFO - Processing /opt/airflow/dags/stream.py took 0.790 seconds
[2024-09-16 20:36:01,239] {processor.py:153} INFO - Started process (PID=2108) to work on /opt/airflow/dags/stream.py
[2024-09-16 20:36:01,240] {processor.py:641} INFO - Processing file /opt/airflow/dags/stream.py for tasks to queue
[2024-09-16 20:36:01,241] {logging_mixin.py:115} INFO - [2024-09-16 20:36:01,241] {dagbag.py:507} INFO - Filling up the DagBag from /opt/airflow/dags/stream.py
[2024-09-16 20:36:01,732] {processor.py:651} INFO - DAG(s) dict_keys(['scrapy_spiders_dag']) retrieved from /opt/airflow/dags/stream.py
[2024-09-16 20:36:01,764] {logging_mixin.py:115} INFO - [2024-09-16 20:36:01,764] {dag.py:2379} INFO - Sync 1 DAGs
[2024-09-16 20:36:01,788] {logging_mixin.py:115} INFO - [2024-09-16 20:36:01,787] {dag.py:2927} INFO - Setting next_dagrun for scrapy_spiders_dag to 2024-09-16T19:56:13.366464+00:00, run_after=2024-09-16T20:56:13.366464+00:00
[2024-09-16 20:36:01,800] {processor.py:161} INFO - Processing /opt/airflow/dags/stream.py took 0.565 seconds
[2024-09-16 20:36:31,889] {processor.py:153} INFO - Started process (PID=2152) to work on /opt/airflow/dags/stream.py
[2024-09-16 20:36:31,890] {processor.py:641} INFO - Processing file /opt/airflow/dags/stream.py for tasks to queue
[2024-09-16 20:36:31,891] {logging_mixin.py:115} INFO - [2024-09-16 20:36:31,891] {dagbag.py:507} INFO - Filling up the DagBag from /opt/airflow/dags/stream.py
[2024-09-16 20:36:32,346] {processor.py:651} INFO - DAG(s) dict_keys(['scrapy_spiders_dag']) retrieved from /opt/airflow/dags/stream.py
[2024-09-16 20:36:32,377] {logging_mixin.py:115} INFO - [2024-09-16 20:36:32,377] {dag.py:2379} INFO - Sync 1 DAGs
[2024-09-16 20:36:32,407] {logging_mixin.py:115} INFO - [2024-09-16 20:36:32,407] {dag.py:2927} INFO - Setting next_dagrun for scrapy_spiders_dag to 2024-09-16T19:56:13.366464+00:00, run_after=2024-09-16T20:56:13.366464+00:00
[2024-09-16 20:36:32,422] {processor.py:161} INFO - Processing /opt/airflow/dags/stream.py took 0.537 seconds
[2024-09-16 20:37:02,472] {processor.py:153} INFO - Started process (PID=2193) to work on /opt/airflow/dags/stream.py
[2024-09-16 20:37:02,473] {processor.py:641} INFO - Processing file /opt/airflow/dags/stream.py for tasks to queue
[2024-09-16 20:37:02,473] {logging_mixin.py:115} INFO - [2024-09-16 20:37:02,473] {dagbag.py:507} INFO - Filling up the DagBag from /opt/airflow/dags/stream.py
[2024-09-16 20:37:02,807] {processor.py:651} INFO - DAG(s) dict_keys(['scrapy_spiders_dag']) retrieved from /opt/airflow/dags/stream.py
[2024-09-16 20:37:02,833] {logging_mixin.py:115} INFO - [2024-09-16 20:37:02,833] {dag.py:2379} INFO - Sync 1 DAGs
[2024-09-16 20:37:02,859] {logging_mixin.py:115} INFO - [2024-09-16 20:37:02,859] {dag.py:2927} INFO - Setting next_dagrun for scrapy_spiders_dag to 2024-09-16T19:56:13.366464+00:00, run_after=2024-09-16T20:56:13.366464+00:00
[2024-09-16 20:37:02,872] {processor.py:161} INFO - Processing /opt/airflow/dags/stream.py took 0.403 seconds
[2024-09-16 20:37:33,551] {processor.py:153} INFO - Started process (PID=2235) to work on /opt/airflow/dags/stream.py
[2024-09-16 20:37:33,552] {processor.py:641} INFO - Processing file /opt/airflow/dags/stream.py for tasks to queue
[2024-09-16 20:37:33,552] {logging_mixin.py:115} INFO - [2024-09-16 20:37:33,552] {dagbag.py:507} INFO - Filling up the DagBag from /opt/airflow/dags/stream.py
[2024-09-16 20:37:33,922] {processor.py:651} INFO - DAG(s) dict_keys(['scrapy_spiders_dag']) retrieved from /opt/airflow/dags/stream.py
[2024-09-16 20:37:33,952] {logging_mixin.py:115} INFO - [2024-09-16 20:37:33,951] {dag.py:2379} INFO - Sync 1 DAGs
[2024-09-16 20:37:33,979] {logging_mixin.py:115} INFO - [2024-09-16 20:37:33,978] {dag.py:2927} INFO - Setting next_dagrun for scrapy_spiders_dag to 2024-09-16T19:56:13.366464+00:00, run_after=2024-09-16T20:56:13.366464+00:00
[2024-09-16 20:37:33,991] {processor.py:161} INFO - Processing /opt/airflow/dags/stream.py took 0.444 seconds
[2024-09-16 20:38:04,438] {processor.py:153} INFO - Started process (PID=2276) to work on /opt/airflow/dags/stream.py
[2024-09-16 20:38:04,439] {processor.py:641} INFO - Processing file /opt/airflow/dags/stream.py for tasks to queue
[2024-09-16 20:38:04,440] {logging_mixin.py:115} INFO - [2024-09-16 20:38:04,440] {dagbag.py:507} INFO - Filling up the DagBag from /opt/airflow/dags/stream.py
[2024-09-16 20:38:04,808] {processor.py:651} INFO - DAG(s) dict_keys(['scrapy_spiders_dag']) retrieved from /opt/airflow/dags/stream.py
[2024-09-16 20:38:04,840] {logging_mixin.py:115} INFO - [2024-09-16 20:38:04,840] {dag.py:2379} INFO - Sync 1 DAGs
[2024-09-16 20:38:04,867] {logging_mixin.py:115} INFO - [2024-09-16 20:38:04,867] {dag.py:2927} INFO - Setting next_dagrun for scrapy_spiders_dag to 2024-09-16T19:56:13.366464+00:00, run_after=2024-09-16T20:56:13.366464+00:00
[2024-09-16 20:38:04,879] {processor.py:161} INFO - Processing /opt/airflow/dags/stream.py took 0.446 seconds
[2024-09-16 20:38:35,201] {processor.py:153} INFO - Started process (PID=2317) to work on /opt/airflow/dags/stream.py
[2024-09-16 20:38:35,201] {processor.py:641} INFO - Processing file /opt/airflow/dags/stream.py for tasks to queue
[2024-09-16 20:38:35,202] {logging_mixin.py:115} INFO - [2024-09-16 20:38:35,202] {dagbag.py:507} INFO - Filling up the DagBag from /opt/airflow/dags/stream.py
[2024-09-16 20:38:35,657] {processor.py:651} INFO - DAG(s) dict_keys(['scrapy_spiders_dag']) retrieved from /opt/airflow/dags/stream.py
[2024-09-16 20:38:35,698] {logging_mixin.py:115} INFO - [2024-09-16 20:38:35,698] {dag.py:2379} INFO - Sync 1 DAGs
[2024-09-16 20:38:35,727] {logging_mixin.py:115} INFO - [2024-09-16 20:38:35,727] {dag.py:2927} INFO - Setting next_dagrun for scrapy_spiders_dag to 2024-09-16T19:56:13.366464+00:00, run_after=2024-09-16T20:56:13.366464+00:00
[2024-09-16 20:38:35,741] {processor.py:161} INFO - Processing /opt/airflow/dags/stream.py took 0.544 seconds
