[2024-09-21 12:04:50,296] {processor.py:153} INFO - Started process (PID=49) to work on /opt/airflow/dags/stream.py
[2024-09-21 12:04:50,296] {processor.py:641} INFO - Processing file /opt/airflow/dags/stream.py for tasks to queue
[2024-09-21 12:04:50,297] {logging_mixin.py:115} INFO - [2024-09-21 12:04:50,297] {dagbag.py:507} INFO - Filling up the DagBag from /opt/airflow/dags/stream.py
[2024-09-21 12:04:51,191] {logging_mixin.py:115} WARNING - /home/airflow/.local/lib/python3.7/site-packages/airflow/providers/apache/spark/operators/spark_submit.py:124 DeprecationWarning: The 'task_concurrency' parameter is deprecated. Please use 'max_active_tis_per_dag'.
[2024-09-21 12:04:51,194] {processor.py:651} INFO - DAG(s) dict_keys(['scrapy_spiders_dag']) retrieved from /opt/airflow/dags/stream.py
[2024-09-21 12:04:51,297] {logging_mixin.py:115} INFO - [2024-09-21 12:04:51,297] {dag.py:2379} INFO - Sync 1 DAGs
[2024-09-21 12:04:51,327] {logging_mixin.py:115} INFO - [2024-09-21 12:04:51,326] {dag.py:2927} INFO - Setting next_dagrun for scrapy_spiders_dag to 2024-09-21T11:04:51.326705+00:00, run_after=2024-09-21T12:04:51.326705+00:00
[2024-09-21 12:04:51,365] {processor.py:161} INFO - Processing /opt/airflow/dags/stream.py took 1.082 seconds
[2024-09-21 12:05:21,764] {processor.py:153} INFO - Started process (PID=121) to work on /opt/airflow/dags/stream.py
[2024-09-21 12:05:21,765] {processor.py:641} INFO - Processing file /opt/airflow/dags/stream.py for tasks to queue
[2024-09-21 12:05:21,766] {logging_mixin.py:115} INFO - [2024-09-21 12:05:21,766] {dagbag.py:507} INFO - Filling up the DagBag from /opt/airflow/dags/stream.py
[2024-09-21 12:05:22,595] {logging_mixin.py:115} WARNING - /home/airflow/.local/lib/python3.7/site-packages/airflow/providers/apache/spark/operators/spark_submit.py:124 DeprecationWarning: The 'task_concurrency' parameter is deprecated. Please use 'max_active_tis_per_dag'.
[2024-09-21 12:05:22,596] {processor.py:651} INFO - DAG(s) dict_keys(['scrapy_spiders_dag']) retrieved from /opt/airflow/dags/stream.py
[2024-09-21 12:05:22,616] {logging_mixin.py:115} INFO - [2024-09-21 12:05:22,616] {dag.py:2379} INFO - Sync 1 DAGs
[2024-09-21 12:05:22,637] {logging_mixin.py:115} INFO - [2024-09-21 12:05:22,637] {dag.py:2927} INFO - Setting next_dagrun for scrapy_spiders_dag to 2024-09-21T12:04:51.326705+00:00, run_after=2024-09-21T13:04:51.326705+00:00
[2024-09-21 12:05:22,736] {processor.py:161} INFO - Processing /opt/airflow/dags/stream.py took 0.976 seconds
[2024-09-21 12:05:53,363] {processor.py:153} INFO - Started process (PID=166) to work on /opt/airflow/dags/stream.py
[2024-09-21 12:05:53,366] {processor.py:641} INFO - Processing file /opt/airflow/dags/stream.py for tasks to queue
[2024-09-21 12:05:53,367] {logging_mixin.py:115} INFO - [2024-09-21 12:05:53,367] {dagbag.py:507} INFO - Filling up the DagBag from /opt/airflow/dags/stream.py
[2024-09-21 12:05:53,673] {logging_mixin.py:115} WARNING - /home/airflow/.local/lib/python3.7/site-packages/airflow/providers/apache/spark/operators/spark_submit.py:124 DeprecationWarning: The 'task_concurrency' parameter is deprecated. Please use 'max_active_tis_per_dag'.
[2024-09-21 12:05:53,674] {processor.py:651} INFO - DAG(s) dict_keys(['scrapy_spiders_dag']) retrieved from /opt/airflow/dags/stream.py
[2024-09-21 12:05:53,692] {logging_mixin.py:115} INFO - [2024-09-21 12:05:53,692] {dag.py:2379} INFO - Sync 1 DAGs
[2024-09-21 12:05:53,711] {logging_mixin.py:115} INFO - [2024-09-21 12:05:53,711] {dag.py:2927} INFO - Setting next_dagrun for scrapy_spiders_dag to 2024-09-21T12:04:51.326705+00:00, run_after=2024-09-21T13:04:51.326705+00:00
[2024-09-21 12:05:53,720] {processor.py:161} INFO - Processing /opt/airflow/dags/stream.py took 0.364 seconds
[2024-09-21 12:06:24,254] {processor.py:153} INFO - Started process (PID=206) to work on /opt/airflow/dags/stream.py
[2024-09-21 12:06:24,254] {processor.py:641} INFO - Processing file /opt/airflow/dags/stream.py for tasks to queue
[2024-09-21 12:06:24,255] {logging_mixin.py:115} INFO - [2024-09-21 12:06:24,255] {dagbag.py:507} INFO - Filling up the DagBag from /opt/airflow/dags/stream.py
[2024-09-21 12:06:24,725] {logging_mixin.py:115} WARNING - /home/airflow/.local/lib/python3.7/site-packages/airflow/providers/apache/spark/operators/spark_submit.py:124 DeprecationWarning: The 'task_concurrency' parameter is deprecated. Please use 'max_active_tis_per_dag'.
[2024-09-21 12:06:24,726] {processor.py:651} INFO - DAG(s) dict_keys(['scrapy_spiders_dag']) retrieved from /opt/airflow/dags/stream.py
[2024-09-21 12:06:24,744] {logging_mixin.py:115} INFO - [2024-09-21 12:06:24,744] {dag.py:2379} INFO - Sync 1 DAGs
[2024-09-21 12:06:24,763] {logging_mixin.py:115} INFO - [2024-09-21 12:06:24,763] {dag.py:2927} INFO - Setting next_dagrun for scrapy_spiders_dag to 2024-09-21T12:04:51.326705+00:00, run_after=2024-09-21T13:04:51.326705+00:00
[2024-09-21 12:06:24,772] {processor.py:161} INFO - Processing /opt/airflow/dags/stream.py took 0.524 seconds
[2024-09-21 12:06:55,443] {processor.py:153} INFO - Started process (PID=254) to work on /opt/airflow/dags/stream.py
[2024-09-21 12:06:55,444] {processor.py:641} INFO - Processing file /opt/airflow/dags/stream.py for tasks to queue
[2024-09-21 12:06:55,445] {logging_mixin.py:115} INFO - [2024-09-21 12:06:55,445] {dagbag.py:507} INFO - Filling up the DagBag from /opt/airflow/dags/stream.py
[2024-09-21 12:06:55,697] {logging_mixin.py:115} WARNING - /home/airflow/.local/lib/python3.7/site-packages/airflow/providers/apache/spark/operators/spark_submit.py:124 DeprecationWarning: The 'task_concurrency' parameter is deprecated. Please use 'max_active_tis_per_dag'.
[2024-09-21 12:06:55,699] {processor.py:651} INFO - DAG(s) dict_keys(['scrapy_spiders_dag']) retrieved from /opt/airflow/dags/stream.py
[2024-09-21 12:06:55,715] {logging_mixin.py:115} INFO - [2024-09-21 12:06:55,715] {dag.py:2379} INFO - Sync 1 DAGs
[2024-09-21 12:06:55,733] {logging_mixin.py:115} INFO - [2024-09-21 12:06:55,733] {dag.py:2927} INFO - Setting next_dagrun for scrapy_spiders_dag to 2024-09-21T12:04:51.326705+00:00, run_after=2024-09-21T13:04:51.326705+00:00
[2024-09-21 12:06:55,743] {processor.py:161} INFO - Processing /opt/airflow/dags/stream.py took 0.306 seconds
[2024-09-21 12:07:25,797] {processor.py:153} INFO - Started process (PID=296) to work on /opt/airflow/dags/stream.py
[2024-09-21 12:07:25,798] {processor.py:641} INFO - Processing file /opt/airflow/dags/stream.py for tasks to queue
[2024-09-21 12:07:25,798] {logging_mixin.py:115} INFO - [2024-09-21 12:07:25,798] {dagbag.py:507} INFO - Filling up the DagBag from /opt/airflow/dags/stream.py
[2024-09-21 12:07:26,259] {logging_mixin.py:115} WARNING - /home/airflow/.local/lib/python3.7/site-packages/airflow/providers/apache/spark/operators/spark_submit.py:124 DeprecationWarning: The 'task_concurrency' parameter is deprecated. Please use 'max_active_tis_per_dag'.
[2024-09-21 12:07:26,261] {processor.py:651} INFO - DAG(s) dict_keys(['scrapy_spiders_dag']) retrieved from /opt/airflow/dags/stream.py
[2024-09-21 12:07:26,278] {logging_mixin.py:115} INFO - [2024-09-21 12:07:26,278] {dag.py:2379} INFO - Sync 1 DAGs
[2024-09-21 12:07:26,297] {logging_mixin.py:115} INFO - [2024-09-21 12:07:26,297] {dag.py:2927} INFO - Setting next_dagrun for scrapy_spiders_dag to 2024-09-21T12:04:51.326705+00:00, run_after=2024-09-21T13:04:51.326705+00:00
[2024-09-21 12:07:26,307] {processor.py:161} INFO - Processing /opt/airflow/dags/stream.py took 0.516 seconds
[2024-09-21 12:07:56,359] {processor.py:153} INFO - Started process (PID=338) to work on /opt/airflow/dags/stream.py
[2024-09-21 12:07:56,360] {processor.py:641} INFO - Processing file /opt/airflow/dags/stream.py for tasks to queue
[2024-09-21 12:07:56,360] {logging_mixin.py:115} INFO - [2024-09-21 12:07:56,360] {dagbag.py:507} INFO - Filling up the DagBag from /opt/airflow/dags/stream.py
[2024-09-21 12:07:56,787] {logging_mixin.py:115} WARNING - /home/airflow/.local/lib/python3.7/site-packages/airflow/providers/apache/spark/operators/spark_submit.py:124 DeprecationWarning: The 'task_concurrency' parameter is deprecated. Please use 'max_active_tis_per_dag'.
[2024-09-21 12:07:56,789] {processor.py:651} INFO - DAG(s) dict_keys(['scrapy_spiders_dag']) retrieved from /opt/airflow/dags/stream.py
[2024-09-21 12:07:56,807] {logging_mixin.py:115} INFO - [2024-09-21 12:07:56,807] {dag.py:2379} INFO - Sync 1 DAGs
[2024-09-21 12:07:56,825] {logging_mixin.py:115} INFO - [2024-09-21 12:07:56,825] {dag.py:2927} INFO - Setting next_dagrun for scrapy_spiders_dag to 2024-09-21T12:04:51.326705+00:00, run_after=2024-09-21T13:04:51.326705+00:00
[2024-09-21 12:07:56,836] {processor.py:161} INFO - Processing /opt/airflow/dags/stream.py took 0.481 seconds
[2024-09-21 12:08:26,865] {processor.py:153} INFO - Started process (PID=379) to work on /opt/airflow/dags/stream.py
[2024-09-21 12:08:26,866] {processor.py:641} INFO - Processing file /opt/airflow/dags/stream.py for tasks to queue
[2024-09-21 12:08:26,867] {logging_mixin.py:115} INFO - [2024-09-21 12:08:26,867] {dagbag.py:507} INFO - Filling up the DagBag from /opt/airflow/dags/stream.py
[2024-09-21 12:08:27,157] {logging_mixin.py:115} WARNING - /home/airflow/.local/lib/python3.7/site-packages/airflow/providers/apache/spark/operators/spark_submit.py:124 DeprecationWarning: The 'task_concurrency' parameter is deprecated. Please use 'max_active_tis_per_dag'.
[2024-09-21 12:08:27,158] {processor.py:651} INFO - DAG(s) dict_keys(['scrapy_spiders_dag']) retrieved from /opt/airflow/dags/stream.py
[2024-09-21 12:08:27,174] {logging_mixin.py:115} INFO - [2024-09-21 12:08:27,174] {dag.py:2379} INFO - Sync 1 DAGs
[2024-09-21 12:08:27,194] {logging_mixin.py:115} INFO - [2024-09-21 12:08:27,194] {dag.py:2927} INFO - Setting next_dagrun for scrapy_spiders_dag to 2024-09-21T12:04:51.326705+00:00, run_after=2024-09-21T13:04:51.326705+00:00
[2024-09-21 12:08:27,205] {processor.py:161} INFO - Processing /opt/airflow/dags/stream.py took 0.345 seconds
[2024-09-21 12:08:58,018] {processor.py:153} INFO - Started process (PID=420) to work on /opt/airflow/dags/stream.py
[2024-09-21 12:08:58,019] {processor.py:641} INFO - Processing file /opt/airflow/dags/stream.py for tasks to queue
[2024-09-21 12:08:58,020] {logging_mixin.py:115} INFO - [2024-09-21 12:08:58,020] {dagbag.py:507} INFO - Filling up the DagBag from /opt/airflow/dags/stream.py
[2024-09-21 12:08:58,296] {logging_mixin.py:115} WARNING - /home/airflow/.local/lib/python3.7/site-packages/airflow/providers/apache/spark/operators/spark_submit.py:124 DeprecationWarning: The 'task_concurrency' parameter is deprecated. Please use 'max_active_tis_per_dag'.
[2024-09-21 12:08:58,298] {processor.py:651} INFO - DAG(s) dict_keys(['scrapy_spiders_dag']) retrieved from /opt/airflow/dags/stream.py
[2024-09-21 12:08:58,319] {logging_mixin.py:115} INFO - [2024-09-21 12:08:58,319] {dag.py:2379} INFO - Sync 1 DAGs
[2024-09-21 12:08:58,337] {logging_mixin.py:115} INFO - [2024-09-21 12:08:58,337] {dag.py:2927} INFO - Setting next_dagrun for scrapy_spiders_dag to 2024-09-21T12:04:51.326705+00:00, run_after=2024-09-21T13:04:51.326705+00:00
[2024-09-21 12:08:58,348] {processor.py:161} INFO - Processing /opt/airflow/dags/stream.py took 0.335 seconds
[2024-09-21 12:09:28,879] {processor.py:153} INFO - Started process (PID=462) to work on /opt/airflow/dags/stream.py
[2024-09-21 12:09:28,880] {processor.py:641} INFO - Processing file /opt/airflow/dags/stream.py for tasks to queue
[2024-09-21 12:09:28,881] {logging_mixin.py:115} INFO - [2024-09-21 12:09:28,881] {dagbag.py:507} INFO - Filling up the DagBag from /opt/airflow/dags/stream.py
[2024-09-21 12:09:29,462] {logging_mixin.py:115} WARNING - /home/airflow/.local/lib/python3.7/site-packages/airflow/providers/apache/spark/operators/spark_submit.py:124 DeprecationWarning: The 'task_concurrency' parameter is deprecated. Please use 'max_active_tis_per_dag'.
[2024-09-21 12:09:29,465] {processor.py:651} INFO - DAG(s) dict_keys(['scrapy_spiders_dag']) retrieved from /opt/airflow/dags/stream.py
[2024-09-21 12:09:29,501] {logging_mixin.py:115} INFO - [2024-09-21 12:09:29,500] {dag.py:2379} INFO - Sync 1 DAGs
[2024-09-21 12:09:29,544] {logging_mixin.py:115} INFO - [2024-09-21 12:09:29,544] {dag.py:2927} INFO - Setting next_dagrun for scrapy_spiders_dag to 2024-09-21T12:04:51.326705+00:00, run_after=2024-09-21T13:04:51.326705+00:00
[2024-09-21 12:09:29,567] {processor.py:161} INFO - Processing /opt/airflow/dags/stream.py took 0.692 seconds
[2024-09-21 12:10:23,842] {processor.py:153} INFO - Started process (PID=498) to work on /opt/airflow/dags/stream.py
[2024-09-21 12:10:23,858] {processor.py:641} INFO - Processing file /opt/airflow/dags/stream.py for tasks to queue
[2024-09-21 12:10:23,878] {logging_mixin.py:115} INFO - [2024-09-21 12:10:23,872] {dagbag.py:507} INFO - Filling up the DagBag from /opt/airflow/dags/stream.py
[2024-09-21 12:10:42,047] {logging_mixin.py:115} WARNING - /home/airflow/.local/lib/python3.7/site-packages/airflow/providers/apache/spark/operators/spark_submit.py:124 DeprecationWarning: The 'task_concurrency' parameter is deprecated. Please use 'max_active_tis_per_dag'.
[2024-09-21 12:10:42,049] {processor.py:651} INFO - DAG(s) dict_keys(['scrapy_spiders_dag']) retrieved from /opt/airflow/dags/stream.py
[2024-09-21 12:10:42,071] {logging_mixin.py:115} INFO - [2024-09-21 12:10:42,071] {dag.py:2379} INFO - Sync 1 DAGs
[2024-09-21 12:10:42,096] {logging_mixin.py:115} INFO - [2024-09-21 12:10:42,096] {dag.py:2927} INFO - Setting next_dagrun for scrapy_spiders_dag to 2024-09-21T12:04:51.326705+00:00, run_after=2024-09-21T13:04:51.326705+00:00
[2024-09-21 12:10:42,108] {processor.py:161} INFO - Processing /opt/airflow/dags/stream.py took 18.386 seconds
[2024-09-21 12:21:25,927] {processor.py:153} INFO - Started process (PID=49) to work on /opt/airflow/dags/stream.py
[2024-09-21 12:21:25,928] {processor.py:641} INFO - Processing file /opt/airflow/dags/stream.py for tasks to queue
[2024-09-21 12:21:25,929] {logging_mixin.py:115} INFO - [2024-09-21 12:21:25,928] {dagbag.py:507} INFO - Filling up the DagBag from /opt/airflow/dags/stream.py
[2024-09-21 12:21:26,789] {logging_mixin.py:115} WARNING - /home/airflow/.local/lib/python3.7/site-packages/airflow/providers/apache/spark/operators/spark_submit.py:124 DeprecationWarning: The 'task_concurrency' parameter is deprecated. Please use 'max_active_tis_per_dag'.
[2024-09-21 12:21:26,791] {processor.py:651} INFO - DAG(s) dict_keys(['scrapy_spiders_dag']) retrieved from /opt/airflow/dags/stream.py
[2024-09-21 12:21:26,907] {logging_mixin.py:115} INFO - [2024-09-21 12:21:26,907] {dag.py:2379} INFO - Sync 1 DAGs
[2024-09-21 12:21:26,933] {logging_mixin.py:115} INFO - [2024-09-21 12:21:26,933] {dag.py:2927} INFO - Setting next_dagrun for scrapy_spiders_dag to 2024-09-21T12:04:51.326705+00:00, run_after=2024-09-21T13:04:51.326705+00:00
[2024-09-21 12:21:26,964] {processor.py:161} INFO - Processing /opt/airflow/dags/stream.py took 1.063 seconds
[2024-09-21 12:21:57,669] {processor.py:153} INFO - Started process (PID=114) to work on /opt/airflow/dags/stream.py
[2024-09-21 12:21:57,670] {processor.py:641} INFO - Processing file /opt/airflow/dags/stream.py for tasks to queue
[2024-09-21 12:21:57,671] {logging_mixin.py:115} INFO - [2024-09-21 12:21:57,671] {dagbag.py:507} INFO - Filling up the DagBag from /opt/airflow/dags/stream.py
[2024-09-21 12:21:57,999] {logging_mixin.py:115} WARNING - /home/airflow/.local/lib/python3.7/site-packages/airflow/providers/apache/spark/operators/spark_submit.py:124 DeprecationWarning: The 'task_concurrency' parameter is deprecated. Please use 'max_active_tis_per_dag'.
[2024-09-21 12:21:58,001] {processor.py:651} INFO - DAG(s) dict_keys(['scrapy_spiders_dag']) retrieved from /opt/airflow/dags/stream.py
[2024-09-21 12:21:58,030] {logging_mixin.py:115} INFO - [2024-09-21 12:21:58,029] {dag.py:2379} INFO - Sync 1 DAGs
[2024-09-21 12:21:58,055] {logging_mixin.py:115} INFO - [2024-09-21 12:21:58,054] {dag.py:2927} INFO - Setting next_dagrun for scrapy_spiders_dag to 2024-09-21T12:04:51.326705+00:00, run_after=2024-09-21T13:04:51.326705+00:00
[2024-09-21 12:21:58,070] {processor.py:161} INFO - Processing /opt/airflow/dags/stream.py took 0.403 seconds
[2024-09-21 12:22:28,119] {processor.py:153} INFO - Started process (PID=167) to work on /opt/airflow/dags/stream.py
[2024-09-21 12:22:28,120] {processor.py:641} INFO - Processing file /opt/airflow/dags/stream.py for tasks to queue
[2024-09-21 12:22:28,121] {logging_mixin.py:115} INFO - [2024-09-21 12:22:28,120] {dagbag.py:507} INFO - Filling up the DagBag from /opt/airflow/dags/stream.py
[2024-09-21 12:22:28,623] {logging_mixin.py:115} WARNING - /home/airflow/.local/lib/python3.7/site-packages/airflow/providers/apache/spark/operators/spark_submit.py:124 DeprecationWarning: The 'task_concurrency' parameter is deprecated. Please use 'max_active_tis_per_dag'.
[2024-09-21 12:22:28,624] {processor.py:651} INFO - DAG(s) dict_keys(['scrapy_spiders_dag']) retrieved from /opt/airflow/dags/stream.py
[2024-09-21 12:22:28,642] {logging_mixin.py:115} INFO - [2024-09-21 12:22:28,642] {dag.py:2379} INFO - Sync 1 DAGs
[2024-09-21 12:22:28,660] {logging_mixin.py:115} INFO - [2024-09-21 12:22:28,660] {dag.py:2927} INFO - Setting next_dagrun for scrapy_spiders_dag to 2024-09-21T12:04:51.326705+00:00, run_after=2024-09-21T13:04:51.326705+00:00
[2024-09-21 12:22:28,670] {processor.py:161} INFO - Processing /opt/airflow/dags/stream.py took 0.553 seconds
[2024-09-21 12:22:58,805] {processor.py:153} INFO - Started process (PID=212) to work on /opt/airflow/dags/stream.py
[2024-09-21 12:22:58,805] {processor.py:641} INFO - Processing file /opt/airflow/dags/stream.py for tasks to queue
[2024-09-21 12:22:58,806] {logging_mixin.py:115} INFO - [2024-09-21 12:22:58,806] {dagbag.py:507} INFO - Filling up the DagBag from /opt/airflow/dags/stream.py
[2024-09-21 12:22:59,039] {logging_mixin.py:115} WARNING - /home/airflow/.local/lib/python3.7/site-packages/airflow/providers/apache/spark/operators/spark_submit.py:124 DeprecationWarning: The 'task_concurrency' parameter is deprecated. Please use 'max_active_tis_per_dag'.
[2024-09-21 12:22:59,041] {processor.py:651} INFO - DAG(s) dict_keys(['scrapy_spiders_dag']) retrieved from /opt/airflow/dags/stream.py
[2024-09-21 12:22:59,058] {logging_mixin.py:115} INFO - [2024-09-21 12:22:59,058] {dag.py:2379} INFO - Sync 1 DAGs
[2024-09-21 12:22:59,076] {logging_mixin.py:115} INFO - [2024-09-21 12:22:59,076] {dag.py:2927} INFO - Setting next_dagrun for scrapy_spiders_dag to 2024-09-21T12:04:51.326705+00:00, run_after=2024-09-21T13:04:51.326705+00:00
[2024-09-21 12:22:59,085] {processor.py:161} INFO - Processing /opt/airflow/dags/stream.py took 0.283 seconds
[2024-09-21 12:23:29,152] {processor.py:153} INFO - Started process (PID=254) to work on /opt/airflow/dags/stream.py
[2024-09-21 12:23:29,153] {processor.py:641} INFO - Processing file /opt/airflow/dags/stream.py for tasks to queue
[2024-09-21 12:23:29,153] {logging_mixin.py:115} INFO - [2024-09-21 12:23:29,153] {dagbag.py:507} INFO - Filling up the DagBag from /opt/airflow/dags/stream.py
[2024-09-21 12:23:29,544] {logging_mixin.py:115} WARNING - /home/airflow/.local/lib/python3.7/site-packages/airflow/providers/apache/spark/operators/spark_submit.py:124 DeprecationWarning: The 'task_concurrency' parameter is deprecated. Please use 'max_active_tis_per_dag'.
[2024-09-21 12:23:29,545] {processor.py:651} INFO - DAG(s) dict_keys(['scrapy_spiders_dag']) retrieved from /opt/airflow/dags/stream.py
[2024-09-21 12:23:29,562] {logging_mixin.py:115} INFO - [2024-09-21 12:23:29,562] {dag.py:2379} INFO - Sync 1 DAGs
[2024-09-21 12:23:29,579] {logging_mixin.py:115} INFO - [2024-09-21 12:23:29,579] {dag.py:2927} INFO - Setting next_dagrun for scrapy_spiders_dag to 2024-09-21T12:04:51.326705+00:00, run_after=2024-09-21T13:04:51.326705+00:00
[2024-09-21 12:23:29,588] {processor.py:161} INFO - Processing /opt/airflow/dags/stream.py took 0.441 seconds
[2024-09-21 12:23:59,727] {processor.py:153} INFO - Started process (PID=296) to work on /opt/airflow/dags/stream.py
[2024-09-21 12:23:59,728] {processor.py:641} INFO - Processing file /opt/airflow/dags/stream.py for tasks to queue
[2024-09-21 12:23:59,729] {logging_mixin.py:115} INFO - [2024-09-21 12:23:59,729] {dagbag.py:507} INFO - Filling up the DagBag from /opt/airflow/dags/stream.py
[2024-09-21 12:23:59,944] {logging_mixin.py:115} WARNING - /home/airflow/.local/lib/python3.7/site-packages/airflow/providers/apache/spark/operators/spark_submit.py:124 DeprecationWarning: The 'task_concurrency' parameter is deprecated. Please use 'max_active_tis_per_dag'.
[2024-09-21 12:23:59,946] {processor.py:651} INFO - DAG(s) dict_keys(['scrapy_spiders_dag']) retrieved from /opt/airflow/dags/stream.py
[2024-09-21 12:23:59,961] {logging_mixin.py:115} INFO - [2024-09-21 12:23:59,961] {dag.py:2379} INFO - Sync 1 DAGs
[2024-09-21 12:23:59,979] {logging_mixin.py:115} INFO - [2024-09-21 12:23:59,979] {dag.py:2927} INFO - Setting next_dagrun for scrapy_spiders_dag to 2024-09-21T12:04:51.326705+00:00, run_after=2024-09-21T13:04:51.326705+00:00
[2024-09-21 12:23:59,998] {processor.py:161} INFO - Processing /opt/airflow/dags/stream.py took 0.274 seconds
[2024-09-21 12:24:30,361] {processor.py:153} INFO - Started process (PID=332) to work on /opt/airflow/dags/stream.py
[2024-09-21 12:24:30,372] {processor.py:641} INFO - Processing file /opt/airflow/dags/stream.py for tasks to queue
[2024-09-21 12:24:30,372] {logging_mixin.py:115} INFO - [2024-09-21 12:24:30,372] {dagbag.py:507} INFO - Filling up the DagBag from /opt/airflow/dags/stream.py
[2024-09-21 12:24:30,621] {logging_mixin.py:115} WARNING - /home/airflow/.local/lib/python3.7/site-packages/airflow/providers/apache/spark/operators/spark_submit.py:124 DeprecationWarning: The 'task_concurrency' parameter is deprecated. Please use 'max_active_tis_per_dag'.
[2024-09-21 12:24:30,623] {processor.py:651} INFO - DAG(s) dict_keys(['scrapy_spiders_dag']) retrieved from /opt/airflow/dags/stream.py
[2024-09-21 12:24:30,640] {logging_mixin.py:115} INFO - [2024-09-21 12:24:30,640] {dag.py:2379} INFO - Sync 1 DAGs
[2024-09-21 12:24:30,658] {logging_mixin.py:115} INFO - [2024-09-21 12:24:30,658] {dag.py:2927} INFO - Setting next_dagrun for scrapy_spiders_dag to 2024-09-21T12:04:51.326705+00:00, run_after=2024-09-21T13:04:51.326705+00:00
[2024-09-21 12:24:30,668] {processor.py:161} INFO - Processing /opt/airflow/dags/stream.py took 0.312 seconds
[2024-09-21 12:25:00,990] {processor.py:153} INFO - Started process (PID=374) to work on /opt/airflow/dags/stream.py
[2024-09-21 12:25:01,000] {processor.py:641} INFO - Processing file /opt/airflow/dags/stream.py for tasks to queue
[2024-09-21 12:25:01,000] {logging_mixin.py:115} INFO - [2024-09-21 12:25:01,000] {dagbag.py:507} INFO - Filling up the DagBag from /opt/airflow/dags/stream.py
[2024-09-21 12:25:01,245] {logging_mixin.py:115} WARNING - /home/airflow/.local/lib/python3.7/site-packages/airflow/providers/apache/spark/operators/spark_submit.py:124 DeprecationWarning: The 'task_concurrency' parameter is deprecated. Please use 'max_active_tis_per_dag'.
[2024-09-21 12:25:01,246] {processor.py:651} INFO - DAG(s) dict_keys(['scrapy_spiders_dag']) retrieved from /opt/airflow/dags/stream.py
[2024-09-21 12:25:01,263] {logging_mixin.py:115} INFO - [2024-09-21 12:25:01,263] {dag.py:2379} INFO - Sync 1 DAGs
[2024-09-21 12:25:01,281] {logging_mixin.py:115} INFO - [2024-09-21 12:25:01,281] {dag.py:2927} INFO - Setting next_dagrun for scrapy_spiders_dag to 2024-09-21T12:04:51.326705+00:00, run_after=2024-09-21T13:04:51.326705+00:00
[2024-09-21 12:25:01,292] {processor.py:161} INFO - Processing /opt/airflow/dags/stream.py took 0.305 seconds
[2024-09-21 12:25:31,348] {processor.py:153} INFO - Started process (PID=419) to work on /opt/airflow/dags/stream.py
[2024-09-21 12:25:31,349] {processor.py:641} INFO - Processing file /opt/airflow/dags/stream.py for tasks to queue
[2024-09-21 12:25:31,349] {logging_mixin.py:115} INFO - [2024-09-21 12:25:31,349] {dagbag.py:507} INFO - Filling up the DagBag from /opt/airflow/dags/stream.py
[2024-09-21 12:25:31,579] {logging_mixin.py:115} WARNING - /home/airflow/.local/lib/python3.7/site-packages/airflow/providers/apache/spark/operators/spark_submit.py:124 DeprecationWarning: The 'task_concurrency' parameter is deprecated. Please use 'max_active_tis_per_dag'.
[2024-09-21 12:25:31,580] {processor.py:651} INFO - DAG(s) dict_keys(['scrapy_spiders_dag']) retrieved from /opt/airflow/dags/stream.py
[2024-09-21 12:25:31,596] {logging_mixin.py:115} INFO - [2024-09-21 12:25:31,596] {dag.py:2379} INFO - Sync 1 DAGs
[2024-09-21 12:25:31,614] {logging_mixin.py:115} INFO - [2024-09-21 12:25:31,613] {dag.py:2927} INFO - Setting next_dagrun for scrapy_spiders_dag to 2024-09-21T12:04:51.326705+00:00, run_after=2024-09-21T13:04:51.326705+00:00
[2024-09-21 12:25:31,623] {processor.py:161} INFO - Processing /opt/airflow/dags/stream.py took 0.277 seconds
[2024-09-21 12:26:01,759] {processor.py:153} INFO - Started process (PID=460) to work on /opt/airflow/dags/stream.py
[2024-09-21 12:26:01,760] {processor.py:641} INFO - Processing file /opt/airflow/dags/stream.py for tasks to queue
[2024-09-21 12:26:01,760] {logging_mixin.py:115} INFO - [2024-09-21 12:26:01,760] {dagbag.py:507} INFO - Filling up the DagBag from /opt/airflow/dags/stream.py
[2024-09-21 12:26:02,009] {logging_mixin.py:115} WARNING - /home/airflow/.local/lib/python3.7/site-packages/airflow/providers/apache/spark/operators/spark_submit.py:124 DeprecationWarning: The 'task_concurrency' parameter is deprecated. Please use 'max_active_tis_per_dag'.
[2024-09-21 12:26:02,011] {processor.py:651} INFO - DAG(s) dict_keys(['scrapy_spiders_dag']) retrieved from /opt/airflow/dags/stream.py
[2024-09-21 12:26:02,029] {logging_mixin.py:115} INFO - [2024-09-21 12:26:02,029] {dag.py:2379} INFO - Sync 1 DAGs
[2024-09-21 12:26:02,048] {logging_mixin.py:115} INFO - [2024-09-21 12:26:02,048] {dag.py:2927} INFO - Setting next_dagrun for scrapy_spiders_dag to 2024-09-21T12:04:51.326705+00:00, run_after=2024-09-21T13:04:51.326705+00:00
[2024-09-21 12:26:02,061] {processor.py:161} INFO - Processing /opt/airflow/dags/stream.py took 0.307 seconds
[2024-09-21 12:26:32,998] {processor.py:153} INFO - Started process (PID=504) to work on /opt/airflow/dags/stream.py
[2024-09-21 12:26:33,008] {processor.py:641} INFO - Processing file /opt/airflow/dags/stream.py for tasks to queue
[2024-09-21 12:26:33,009] {logging_mixin.py:115} INFO - [2024-09-21 12:26:33,009] {dagbag.py:507} INFO - Filling up the DagBag from /opt/airflow/dags/stream.py
[2024-09-21 12:26:33,267] {logging_mixin.py:115} WARNING - /home/airflow/.local/lib/python3.7/site-packages/airflow/providers/apache/spark/operators/spark_submit.py:124 DeprecationWarning: The 'task_concurrency' parameter is deprecated. Please use 'max_active_tis_per_dag'.
[2024-09-21 12:26:33,268] {processor.py:651} INFO - DAG(s) dict_keys(['scrapy_spiders_dag']) retrieved from /opt/airflow/dags/stream.py
[2024-09-21 12:26:33,288] {logging_mixin.py:115} INFO - [2024-09-21 12:26:33,288] {dag.py:2379} INFO - Sync 1 DAGs
[2024-09-21 12:26:33,307] {logging_mixin.py:115} INFO - [2024-09-21 12:26:33,307] {dag.py:2927} INFO - Setting next_dagrun for scrapy_spiders_dag to 2024-09-21T12:04:51.326705+00:00, run_after=2024-09-21T13:04:51.326705+00:00
[2024-09-21 12:26:33,316] {processor.py:161} INFO - Processing /opt/airflow/dags/stream.py took 0.320 seconds
[2024-09-21 12:27:03,558] {processor.py:153} INFO - Started process (PID=547) to work on /opt/airflow/dags/stream.py
[2024-09-21 12:27:03,559] {processor.py:641} INFO - Processing file /opt/airflow/dags/stream.py for tasks to queue
[2024-09-21 12:27:03,559] {logging_mixin.py:115} INFO - [2024-09-21 12:27:03,559] {dagbag.py:507} INFO - Filling up the DagBag from /opt/airflow/dags/stream.py
[2024-09-21 12:27:03,828] {logging_mixin.py:115} WARNING - /home/airflow/.local/lib/python3.7/site-packages/airflow/providers/apache/spark/operators/spark_submit.py:124 DeprecationWarning: The 'task_concurrency' parameter is deprecated. Please use 'max_active_tis_per_dag'.
[2024-09-21 12:27:03,830] {processor.py:651} INFO - DAG(s) dict_keys(['scrapy_spiders_dag']) retrieved from /opt/airflow/dags/stream.py
[2024-09-21 12:27:03,852] {logging_mixin.py:115} INFO - [2024-09-21 12:27:03,851] {dag.py:2379} INFO - Sync 1 DAGs
[2024-09-21 12:27:03,874] {logging_mixin.py:115} INFO - [2024-09-21 12:27:03,874] {dag.py:2927} INFO - Setting next_dagrun for scrapy_spiders_dag to 2024-09-21T12:04:51.326705+00:00, run_after=2024-09-21T13:04:51.326705+00:00
[2024-09-21 12:27:03,886] {processor.py:161} INFO - Processing /opt/airflow/dags/stream.py took 0.330 seconds
[2024-09-21 12:27:34,030] {processor.py:153} INFO - Started process (PID=591) to work on /opt/airflow/dags/stream.py
[2024-09-21 12:27:34,031] {processor.py:641} INFO - Processing file /opt/airflow/dags/stream.py for tasks to queue
[2024-09-21 12:27:34,031] {logging_mixin.py:115} INFO - [2024-09-21 12:27:34,031] {dagbag.py:507} INFO - Filling up the DagBag from /opt/airflow/dags/stream.py
[2024-09-21 12:27:34,269] {logging_mixin.py:115} WARNING - /home/airflow/.local/lib/python3.7/site-packages/airflow/providers/apache/spark/operators/spark_submit.py:124 DeprecationWarning: The 'task_concurrency' parameter is deprecated. Please use 'max_active_tis_per_dag'.
[2024-09-21 12:27:34,271] {processor.py:651} INFO - DAG(s) dict_keys(['scrapy_spiders_dag']) retrieved from /opt/airflow/dags/stream.py
[2024-09-21 12:27:34,288] {logging_mixin.py:115} INFO - [2024-09-21 12:27:34,288] {dag.py:2379} INFO - Sync 1 DAGs
[2024-09-21 12:27:34,309] {logging_mixin.py:115} INFO - [2024-09-21 12:27:34,309] {dag.py:2927} INFO - Setting next_dagrun for scrapy_spiders_dag to 2024-09-21T12:04:51.326705+00:00, run_after=2024-09-21T13:04:51.326705+00:00
[2024-09-21 12:27:34,319] {processor.py:161} INFO - Processing /opt/airflow/dags/stream.py took 0.291 seconds
[2024-09-21 12:28:04,397] {processor.py:153} INFO - Started process (PID=635) to work on /opt/airflow/dags/stream.py
[2024-09-21 12:28:04,398] {processor.py:641} INFO - Processing file /opt/airflow/dags/stream.py for tasks to queue
[2024-09-21 12:28:04,398] {logging_mixin.py:115} INFO - [2024-09-21 12:28:04,398] {dagbag.py:507} INFO - Filling up the DagBag from /opt/airflow/dags/stream.py
[2024-09-21 12:28:04,651] {logging_mixin.py:115} WARNING - /home/airflow/.local/lib/python3.7/site-packages/airflow/providers/apache/spark/operators/spark_submit.py:124 DeprecationWarning: The 'task_concurrency' parameter is deprecated. Please use 'max_active_tis_per_dag'.
[2024-09-21 12:28:04,653] {processor.py:651} INFO - DAG(s) dict_keys(['scrapy_spiders_dag']) retrieved from /opt/airflow/dags/stream.py
[2024-09-21 12:28:04,675] {logging_mixin.py:115} INFO - [2024-09-21 12:28:04,675] {dag.py:2379} INFO - Sync 1 DAGs
[2024-09-21 12:28:04,698] {logging_mixin.py:115} INFO - [2024-09-21 12:28:04,697] {dag.py:2927} INFO - Setting next_dagrun for scrapy_spiders_dag to 2024-09-21T12:04:51.326705+00:00, run_after=2024-09-21T13:04:51.326705+00:00
[2024-09-21 12:28:04,708] {processor.py:161} INFO - Processing /opt/airflow/dags/stream.py took 0.315 seconds
[2024-09-21 12:28:34,996] {processor.py:153} INFO - Started process (PID=679) to work on /opt/airflow/dags/stream.py
[2024-09-21 12:28:34,997] {processor.py:641} INFO - Processing file /opt/airflow/dags/stream.py for tasks to queue
[2024-09-21 12:28:34,998] {logging_mixin.py:115} INFO - [2024-09-21 12:28:34,998] {dagbag.py:507} INFO - Filling up the DagBag from /opt/airflow/dags/stream.py
[2024-09-21 12:28:35,284] {logging_mixin.py:115} WARNING - /home/airflow/.local/lib/python3.7/site-packages/airflow/providers/apache/spark/operators/spark_submit.py:124 DeprecationWarning: The 'task_concurrency' parameter is deprecated. Please use 'max_active_tis_per_dag'.
[2024-09-21 12:28:35,286] {processor.py:651} INFO - DAG(s) dict_keys(['scrapy_spiders_dag']) retrieved from /opt/airflow/dags/stream.py
[2024-09-21 12:28:35,310] {logging_mixin.py:115} INFO - [2024-09-21 12:28:35,309] {dag.py:2379} INFO - Sync 1 DAGs
[2024-09-21 12:28:35,331] {logging_mixin.py:115} INFO - [2024-09-21 12:28:35,331] {dag.py:2927} INFO - Setting next_dagrun for scrapy_spiders_dag to 2024-09-21T12:04:51.326705+00:00, run_after=2024-09-21T13:04:51.326705+00:00
[2024-09-21 12:28:35,341] {processor.py:161} INFO - Processing /opt/airflow/dags/stream.py took 0.351 seconds
[2024-09-21 12:29:05,797] {processor.py:153} INFO - Started process (PID=720) to work on /opt/airflow/dags/stream.py
[2024-09-21 12:29:05,798] {processor.py:641} INFO - Processing file /opt/airflow/dags/stream.py for tasks to queue
[2024-09-21 12:29:05,799] {logging_mixin.py:115} INFO - [2024-09-21 12:29:05,798] {dagbag.py:507} INFO - Filling up the DagBag from /opt/airflow/dags/stream.py
[2024-09-21 12:29:06,065] {logging_mixin.py:115} WARNING - /home/airflow/.local/lib/python3.7/site-packages/airflow/providers/apache/spark/operators/spark_submit.py:124 DeprecationWarning: The 'task_concurrency' parameter is deprecated. Please use 'max_active_tis_per_dag'.
[2024-09-21 12:29:06,066] {processor.py:651} INFO - DAG(s) dict_keys(['scrapy_spiders_dag']) retrieved from /opt/airflow/dags/stream.py
[2024-09-21 12:29:06,085] {logging_mixin.py:115} INFO - [2024-09-21 12:29:06,085] {dag.py:2379} INFO - Sync 1 DAGs
[2024-09-21 12:29:06,105] {logging_mixin.py:115} INFO - [2024-09-21 12:29:06,105] {dag.py:2927} INFO - Setting next_dagrun for scrapy_spiders_dag to 2024-09-21T12:04:51.326705+00:00, run_after=2024-09-21T13:04:51.326705+00:00
[2024-09-21 12:29:06,114] {processor.py:161} INFO - Processing /opt/airflow/dags/stream.py took 0.322 seconds
[2024-09-21 12:29:36,992] {processor.py:153} INFO - Started process (PID=762) to work on /opt/airflow/dags/stream.py
[2024-09-21 12:29:37,002] {processor.py:641} INFO - Processing file /opt/airflow/dags/stream.py for tasks to queue
[2024-09-21 12:29:37,003] {logging_mixin.py:115} INFO - [2024-09-21 12:29:37,003] {dagbag.py:507} INFO - Filling up the DagBag from /opt/airflow/dags/stream.py
[2024-09-21 12:29:37,275] {logging_mixin.py:115} WARNING - /home/airflow/.local/lib/python3.7/site-packages/airflow/providers/apache/spark/operators/spark_submit.py:124 DeprecationWarning: The 'task_concurrency' parameter is deprecated. Please use 'max_active_tis_per_dag'.
[2024-09-21 12:29:37,276] {processor.py:651} INFO - DAG(s) dict_keys(['scrapy_spiders_dag']) retrieved from /opt/airflow/dags/stream.py
[2024-09-21 12:29:37,296] {logging_mixin.py:115} INFO - [2024-09-21 12:29:37,296] {dag.py:2379} INFO - Sync 1 DAGs
[2024-09-21 12:29:37,314] {logging_mixin.py:115} INFO - [2024-09-21 12:29:37,314] {dag.py:2927} INFO - Setting next_dagrun for scrapy_spiders_dag to 2024-09-21T12:04:51.326705+00:00, run_after=2024-09-21T13:04:51.326705+00:00
[2024-09-21 12:29:37,332] {processor.py:161} INFO - Processing /opt/airflow/dags/stream.py took 0.346 seconds
[2024-09-21 12:30:07,969] {processor.py:153} INFO - Started process (PID=804) to work on /opt/airflow/dags/stream.py
[2024-09-21 12:30:07,980] {processor.py:641} INFO - Processing file /opt/airflow/dags/stream.py for tasks to queue
[2024-09-21 12:30:07,981] {logging_mixin.py:115} INFO - [2024-09-21 12:30:07,980] {dagbag.py:507} INFO - Filling up the DagBag from /opt/airflow/dags/stream.py
[2024-09-21 12:30:08,225] {logging_mixin.py:115} WARNING - /home/airflow/.local/lib/python3.7/site-packages/airflow/providers/apache/spark/operators/spark_submit.py:124 DeprecationWarning: The 'task_concurrency' parameter is deprecated. Please use 'max_active_tis_per_dag'.
[2024-09-21 12:30:08,226] {processor.py:651} INFO - DAG(s) dict_keys(['scrapy_spiders_dag']) retrieved from /opt/airflow/dags/stream.py
[2024-09-21 12:30:08,243] {logging_mixin.py:115} INFO - [2024-09-21 12:30:08,243] {dag.py:2379} INFO - Sync 1 DAGs
[2024-09-21 12:30:08,263] {logging_mixin.py:115} INFO - [2024-09-21 12:30:08,263] {dag.py:2927} INFO - Setting next_dagrun for scrapy_spiders_dag to 2024-09-21T12:04:51.326705+00:00, run_after=2024-09-21T13:04:51.326705+00:00
[2024-09-21 12:30:08,283] {processor.py:161} INFO - Processing /opt/airflow/dags/stream.py took 0.319 seconds
[2024-09-21 12:30:38,973] {processor.py:153} INFO - Started process (PID=846) to work on /opt/airflow/dags/stream.py
[2024-09-21 12:30:38,984] {processor.py:641} INFO - Processing file /opt/airflow/dags/stream.py for tasks to queue
[2024-09-21 12:30:38,985] {logging_mixin.py:115} INFO - [2024-09-21 12:30:38,985] {dagbag.py:507} INFO - Filling up the DagBag from /opt/airflow/dags/stream.py
[2024-09-21 12:30:39,301] {logging_mixin.py:115} WARNING - /home/airflow/.local/lib/python3.7/site-packages/airflow/providers/apache/spark/operators/spark_submit.py:124 DeprecationWarning: The 'task_concurrency' parameter is deprecated. Please use 'max_active_tis_per_dag'.
[2024-09-21 12:30:39,303] {processor.py:651} INFO - DAG(s) dict_keys(['scrapy_spiders_dag']) retrieved from /opt/airflow/dags/stream.py
[2024-09-21 12:30:39,327] {logging_mixin.py:115} INFO - [2024-09-21 12:30:39,327] {dag.py:2379} INFO - Sync 1 DAGs
[2024-09-21 12:30:39,351] {logging_mixin.py:115} INFO - [2024-09-21 12:30:39,350] {dag.py:2927} INFO - Setting next_dagrun for scrapy_spiders_dag to 2024-09-21T12:04:51.326705+00:00, run_after=2024-09-21T13:04:51.326705+00:00
[2024-09-21 12:30:39,362] {processor.py:161} INFO - Processing /opt/airflow/dags/stream.py took 0.392 seconds
[2024-09-21 12:35:08,138] {processor.py:153} INFO - Started process (PID=41) to work on /opt/airflow/dags/stream.py
[2024-09-21 12:35:08,145] {processor.py:641} INFO - Processing file /opt/airflow/dags/stream.py for tasks to queue
[2024-09-21 12:35:08,145] {logging_mixin.py:115} INFO - [2024-09-21 12:35:08,145] {dagbag.py:507} INFO - Filling up the DagBag from /opt/airflow/dags/stream.py
[2024-09-21 12:35:08,702] {logging_mixin.py:115} WARNING - /home/airflow/.local/lib/python3.7/site-packages/airflow/providers/apache/spark/operators/spark_submit.py:124 DeprecationWarning: The 'task_concurrency' parameter is deprecated. Please use 'max_active_tis_per_dag'.
[2024-09-21 12:35:08,707] {processor.py:651} INFO - DAG(s) dict_keys(['scrapy_spiders_dag']) retrieved from /opt/airflow/dags/stream.py
[2024-09-21 12:35:08,749] {logging_mixin.py:115} INFO - [2024-09-21 12:35:08,749] {dag.py:2379} INFO - Sync 1 DAGs
[2024-09-21 12:35:08,782] {logging_mixin.py:115} INFO - [2024-09-21 12:35:08,782] {dag.py:2927} INFO - Setting next_dagrun for scrapy_spiders_dag to 2024-09-21T12:04:51.326705+00:00, run_after=2024-09-21T13:04:51.326705+00:00
[2024-09-21 12:35:08,807] {processor.py:161} INFO - Processing /opt/airflow/dags/stream.py took 0.679 seconds
[2024-09-21 12:35:38,846] {processor.py:153} INFO - Started process (PID=111) to work on /opt/airflow/dags/stream.py
[2024-09-21 12:35:38,847] {processor.py:641} INFO - Processing file /opt/airflow/dags/stream.py for tasks to queue
[2024-09-21 12:35:38,848] {logging_mixin.py:115} INFO - [2024-09-21 12:35:38,848] {dagbag.py:507} INFO - Filling up the DagBag from /opt/airflow/dags/stream.py
[2024-09-21 12:35:39,528] {logging_mixin.py:115} WARNING - /home/airflow/.local/lib/python3.7/site-packages/airflow/providers/apache/spark/operators/spark_submit.py:124 DeprecationWarning: The 'task_concurrency' parameter is deprecated. Please use 'max_active_tis_per_dag'.
[2024-09-21 12:35:39,531] {processor.py:651} INFO - DAG(s) dict_keys(['scrapy_spiders_dag']) retrieved from /opt/airflow/dags/stream.py
[2024-09-21 12:35:39,559] {logging_mixin.py:115} INFO - [2024-09-21 12:35:39,559] {dag.py:2379} INFO - Sync 1 DAGs
[2024-09-21 12:35:39,588] {logging_mixin.py:115} INFO - [2024-09-21 12:35:39,588] {dag.py:2927} INFO - Setting next_dagrun for scrapy_spiders_dag to 2024-09-21T12:04:51.326705+00:00, run_after=2024-09-21T13:04:51.326705+00:00
[2024-09-21 12:35:39,604] {processor.py:161} INFO - Processing /opt/airflow/dags/stream.py took 0.762 seconds
[2024-09-21 12:36:09,734] {processor.py:153} INFO - Started process (PID=158) to work on /opt/airflow/dags/stream.py
[2024-09-21 12:36:09,735] {processor.py:641} INFO - Processing file /opt/airflow/dags/stream.py for tasks to queue
[2024-09-21 12:36:09,736] {logging_mixin.py:115} INFO - [2024-09-21 12:36:09,736] {dagbag.py:507} INFO - Filling up the DagBag from /opt/airflow/dags/stream.py
[2024-09-21 12:36:10,177] {logging_mixin.py:115} WARNING - /home/airflow/.local/lib/python3.7/site-packages/airflow/providers/apache/spark/operators/spark_submit.py:124 DeprecationWarning: The 'task_concurrency' parameter is deprecated. Please use 'max_active_tis_per_dag'.
[2024-09-21 12:36:10,180] {processor.py:651} INFO - DAG(s) dict_keys(['scrapy_spiders_dag']) retrieved from /opt/airflow/dags/stream.py
[2024-09-21 12:36:10,203] {logging_mixin.py:115} INFO - [2024-09-21 12:36:10,203] {dag.py:2379} INFO - Sync 1 DAGs
[2024-09-21 12:36:10,229] {logging_mixin.py:115} INFO - [2024-09-21 12:36:10,229] {dag.py:2927} INFO - Setting next_dagrun for scrapy_spiders_dag to 2024-09-21T12:04:51.326705+00:00, run_after=2024-09-21T13:04:51.326705+00:00
[2024-09-21 12:36:10,242] {processor.py:161} INFO - Processing /opt/airflow/dags/stream.py took 0.512 seconds
[2024-09-21 12:36:41,077] {processor.py:153} INFO - Started process (PID=201) to work on /opt/airflow/dags/stream.py
[2024-09-21 12:36:41,087] {processor.py:641} INFO - Processing file /opt/airflow/dags/stream.py for tasks to queue
[2024-09-21 12:36:41,088] {logging_mixin.py:115} INFO - [2024-09-21 12:36:41,088] {dagbag.py:507} INFO - Filling up the DagBag from /opt/airflow/dags/stream.py
[2024-09-21 12:36:41,612] {logging_mixin.py:115} WARNING - /home/airflow/.local/lib/python3.7/site-packages/airflow/providers/apache/spark/operators/spark_submit.py:124 DeprecationWarning: The 'task_concurrency' parameter is deprecated. Please use 'max_active_tis_per_dag'.
[2024-09-21 12:36:41,615] {processor.py:651} INFO - DAG(s) dict_keys(['scrapy_spiders_dag']) retrieved from /opt/airflow/dags/stream.py
[2024-09-21 12:36:41,640] {logging_mixin.py:115} INFO - [2024-09-21 12:36:41,640] {dag.py:2379} INFO - Sync 1 DAGs
[2024-09-21 12:36:41,664] {logging_mixin.py:115} INFO - [2024-09-21 12:36:41,664] {dag.py:2927} INFO - Setting next_dagrun for scrapy_spiders_dag to 2024-09-21T12:04:51.326705+00:00, run_after=2024-09-21T13:04:51.326705+00:00
[2024-09-21 12:36:41,677] {processor.py:161} INFO - Processing /opt/airflow/dags/stream.py took 0.604 seconds
[2024-09-21 12:37:11,783] {processor.py:153} INFO - Started process (PID=249) to work on /opt/airflow/dags/stream.py
[2024-09-21 12:37:11,784] {processor.py:641} INFO - Processing file /opt/airflow/dags/stream.py for tasks to queue
[2024-09-21 12:37:11,785] {logging_mixin.py:115} INFO - [2024-09-21 12:37:11,785] {dagbag.py:507} INFO - Filling up the DagBag from /opt/airflow/dags/stream.py
[2024-09-21 12:37:12,288] {logging_mixin.py:115} WARNING - /home/airflow/.local/lib/python3.7/site-packages/airflow/providers/apache/spark/operators/spark_submit.py:124 DeprecationWarning: The 'task_concurrency' parameter is deprecated. Please use 'max_active_tis_per_dag'.
[2024-09-21 12:37:12,291] {processor.py:651} INFO - DAG(s) dict_keys(['scrapy_spiders_dag']) retrieved from /opt/airflow/dags/stream.py
[2024-09-21 12:37:12,327] {logging_mixin.py:115} INFO - [2024-09-21 12:37:12,326] {dag.py:2379} INFO - Sync 1 DAGs
[2024-09-21 12:37:12,362] {logging_mixin.py:115} INFO - [2024-09-21 12:37:12,361] {dag.py:2927} INFO - Setting next_dagrun for scrapy_spiders_dag to 2024-09-21T12:04:51.326705+00:00, run_after=2024-09-21T13:04:51.326705+00:00
[2024-09-21 12:37:12,385] {processor.py:161} INFO - Processing /opt/airflow/dags/stream.py took 0.607 seconds
