[2024-09-09 09:52:27,318] {scheduler_job.py:182} INFO - Started process (PID=52) to work on /home/airflow/.local/lib/python3.6/site-packages/airflow/example_dags/example_dag_decorator.py
[2024-09-09 09:52:27,319] {scheduler_job.py:629} INFO - Processing file /home/airflow/.local/lib/python3.6/site-packages/airflow/example_dags/example_dag_decorator.py for tasks to queue
[2024-09-09 09:52:27,320] {logging_mixin.py:104} INFO - [2024-09-09 09:52:27,320] {dagbag.py:451} INFO - Filling up the DagBag from /home/airflow/.local/lib/python3.6/site-packages/airflow/example_dags/example_dag_decorator.py
[2024-09-09 09:52:27,343] {scheduler_job.py:639} INFO - DAG(s) dict_keys(['example_dag_decorator']) retrieved from /home/airflow/.local/lib/python3.6/site-packages/airflow/example_dags/example_dag_decorator.py
[2024-09-09 09:52:27,370] {logging_mixin.py:104} INFO - [2024-09-09 09:52:27,370] {dag.py:1824} INFO - Sync 1 DAGs
[2024-09-09 09:52:27,380] {logging_mixin.py:104} INFO - [2024-09-09 09:52:27,380] {dag.py:1843} INFO - Creating ORM DAG for example_dag_decorator
[2024-09-09 09:52:27,386] {logging_mixin.py:104} INFO - [2024-09-09 09:52:27,386] {dag.py:2280} INFO - Setting next_dagrun for example_dag_decorator to None
[2024-09-09 09:52:27,400] {scheduler_job.py:190} INFO - Processing /home/airflow/.local/lib/python3.6/site-packages/airflow/example_dags/example_dag_decorator.py took 0.086 seconds
[2024-09-09 09:52:58,006] {scheduler_job.py:182} INFO - Started process (PID=81) to work on /home/airflow/.local/lib/python3.6/site-packages/airflow/example_dags/example_dag_decorator.py
[2024-09-09 09:52:58,007] {scheduler_job.py:629} INFO - Processing file /home/airflow/.local/lib/python3.6/site-packages/airflow/example_dags/example_dag_decorator.py for tasks to queue
[2024-09-09 09:52:58,008] {logging_mixin.py:104} INFO - [2024-09-09 09:52:58,008] {dagbag.py:451} INFO - Filling up the DagBag from /home/airflow/.local/lib/python3.6/site-packages/airflow/example_dags/example_dag_decorator.py
[2024-09-09 09:52:58,025] {scheduler_job.py:639} INFO - DAG(s) dict_keys(['example_dag_decorator']) retrieved from /home/airflow/.local/lib/python3.6/site-packages/airflow/example_dags/example_dag_decorator.py
[2024-09-09 09:52:58,051] {logging_mixin.py:104} INFO - [2024-09-09 09:52:58,051] {dag.py:1824} INFO - Sync 1 DAGs
[2024-09-09 09:52:58,067] {logging_mixin.py:104} INFO - [2024-09-09 09:52:58,067] {dag.py:2280} INFO - Setting next_dagrun for example_dag_decorator to None
[2024-09-09 09:52:58,080] {scheduler_job.py:190} INFO - Processing /home/airflow/.local/lib/python3.6/site-packages/airflow/example_dags/example_dag_decorator.py took 0.077 seconds
[2024-09-09 20:51:42,765] {scheduler_job.py:182} INFO - Started process (PID=56) to work on /home/airflow/.local/lib/python3.6/site-packages/airflow/example_dags/example_dag_decorator.py
[2024-09-09 20:51:42,769] {scheduler_job.py:629} INFO - Processing file /home/airflow/.local/lib/python3.6/site-packages/airflow/example_dags/example_dag_decorator.py for tasks to queue
[2024-09-09 20:51:42,770] {logging_mixin.py:104} INFO - [2024-09-09 20:51:42,769] {dagbag.py:451} INFO - Filling up the DagBag from /home/airflow/.local/lib/python3.6/site-packages/airflow/example_dags/example_dag_decorator.py
[2024-09-09 20:51:42,796] {scheduler_job.py:639} INFO - DAG(s) dict_keys(['example_dag_decorator']) retrieved from /home/airflow/.local/lib/python3.6/site-packages/airflow/example_dags/example_dag_decorator.py
[2024-09-09 20:51:42,823] {logging_mixin.py:104} INFO - [2024-09-09 20:51:42,823] {dag.py:1824} INFO - Sync 1 DAGs
[2024-09-09 20:51:42,839] {logging_mixin.py:104} INFO - [2024-09-09 20:51:42,839] {dag.py:2280} INFO - Setting next_dagrun for example_dag_decorator to None
[2024-09-09 20:51:42,850] {scheduler_job.py:190} INFO - Processing /home/airflow/.local/lib/python3.6/site-packages/airflow/example_dags/example_dag_decorator.py took 0.088 seconds
[2024-09-09 20:52:13,177] {scheduler_job.py:182} INFO - Started process (PID=83) to work on /home/airflow/.local/lib/python3.6/site-packages/airflow/example_dags/example_dag_decorator.py
[2024-09-09 20:52:13,178] {scheduler_job.py:629} INFO - Processing file /home/airflow/.local/lib/python3.6/site-packages/airflow/example_dags/example_dag_decorator.py for tasks to queue
[2024-09-09 20:52:13,179] {logging_mixin.py:104} INFO - [2024-09-09 20:52:13,179] {dagbag.py:451} INFO - Filling up the DagBag from /home/airflow/.local/lib/python3.6/site-packages/airflow/example_dags/example_dag_decorator.py
[2024-09-09 20:52:13,194] {scheduler_job.py:639} INFO - DAG(s) dict_keys(['example_dag_decorator']) retrieved from /home/airflow/.local/lib/python3.6/site-packages/airflow/example_dags/example_dag_decorator.py
[2024-09-09 20:52:13,222] {logging_mixin.py:104} INFO - [2024-09-09 20:52:13,222] {dag.py:1824} INFO - Sync 1 DAGs
[2024-09-09 20:52:13,238] {logging_mixin.py:104} INFO - [2024-09-09 20:52:13,237] {dag.py:2280} INFO - Setting next_dagrun for example_dag_decorator to None
[2024-09-09 20:52:13,249] {scheduler_job.py:190} INFO - Processing /home/airflow/.local/lib/python3.6/site-packages/airflow/example_dags/example_dag_decorator.py took 0.075 seconds
[2024-09-09 20:52:43,537] {scheduler_job.py:182} INFO - Started process (PID=111) to work on /home/airflow/.local/lib/python3.6/site-packages/airflow/example_dags/example_dag_decorator.py
[2024-09-09 20:52:43,538] {scheduler_job.py:629} INFO - Processing file /home/airflow/.local/lib/python3.6/site-packages/airflow/example_dags/example_dag_decorator.py for tasks to queue
[2024-09-09 20:52:43,539] {logging_mixin.py:104} INFO - [2024-09-09 20:52:43,539] {dagbag.py:451} INFO - Filling up the DagBag from /home/airflow/.local/lib/python3.6/site-packages/airflow/example_dags/example_dag_decorator.py
[2024-09-09 20:52:43,555] {scheduler_job.py:639} INFO - DAG(s) dict_keys(['example_dag_decorator']) retrieved from /home/airflow/.local/lib/python3.6/site-packages/airflow/example_dags/example_dag_decorator.py
[2024-09-09 20:52:43,582] {logging_mixin.py:104} INFO - [2024-09-09 20:52:43,582] {dag.py:1824} INFO - Sync 1 DAGs
[2024-09-09 20:52:43,598] {logging_mixin.py:104} INFO - [2024-09-09 20:52:43,597] {dag.py:2280} INFO - Setting next_dagrun for example_dag_decorator to None
[2024-09-09 20:52:43,609] {scheduler_job.py:190} INFO - Processing /home/airflow/.local/lib/python3.6/site-packages/airflow/example_dags/example_dag_decorator.py took 0.075 seconds
[2024-09-09 20:53:13,914] {scheduler_job.py:182} INFO - Started process (PID=137) to work on /home/airflow/.local/lib/python3.6/site-packages/airflow/example_dags/example_dag_decorator.py
[2024-09-09 20:53:13,915] {scheduler_job.py:629} INFO - Processing file /home/airflow/.local/lib/python3.6/site-packages/airflow/example_dags/example_dag_decorator.py for tasks to queue
[2024-09-09 20:53:13,915] {logging_mixin.py:104} INFO - [2024-09-09 20:53:13,915] {dagbag.py:451} INFO - Filling up the DagBag from /home/airflow/.local/lib/python3.6/site-packages/airflow/example_dags/example_dag_decorator.py
[2024-09-09 20:53:13,932] {scheduler_job.py:639} INFO - DAG(s) dict_keys(['example_dag_decorator']) retrieved from /home/airflow/.local/lib/python3.6/site-packages/airflow/example_dags/example_dag_decorator.py
[2024-09-09 20:53:13,964] {logging_mixin.py:104} INFO - [2024-09-09 20:53:13,964] {dag.py:1824} INFO - Sync 1 DAGs
[2024-09-09 20:53:13,981] {logging_mixin.py:104} INFO - [2024-09-09 20:53:13,980] {dag.py:2280} INFO - Setting next_dagrun for example_dag_decorator to None
[2024-09-09 20:53:13,992] {scheduler_job.py:190} INFO - Processing /home/airflow/.local/lib/python3.6/site-packages/airflow/example_dags/example_dag_decorator.py took 0.082 seconds
[2024-09-09 20:53:44,323] {scheduler_job.py:182} INFO - Started process (PID=164) to work on /home/airflow/.local/lib/python3.6/site-packages/airflow/example_dags/example_dag_decorator.py
[2024-09-09 20:53:44,324] {scheduler_job.py:629} INFO - Processing file /home/airflow/.local/lib/python3.6/site-packages/airflow/example_dags/example_dag_decorator.py for tasks to queue
[2024-09-09 20:53:44,325] {logging_mixin.py:104} INFO - [2024-09-09 20:53:44,324] {dagbag.py:451} INFO - Filling up the DagBag from /home/airflow/.local/lib/python3.6/site-packages/airflow/example_dags/example_dag_decorator.py
[2024-09-09 20:53:44,342] {scheduler_job.py:639} INFO - DAG(s) dict_keys(['example_dag_decorator']) retrieved from /home/airflow/.local/lib/python3.6/site-packages/airflow/example_dags/example_dag_decorator.py
[2024-09-09 20:53:44,371] {logging_mixin.py:104} INFO - [2024-09-09 20:53:44,371] {dag.py:1824} INFO - Sync 1 DAGs
[2024-09-09 20:53:44,385] {logging_mixin.py:104} INFO - [2024-09-09 20:53:44,385] {dag.py:2280} INFO - Setting next_dagrun for example_dag_decorator to None
[2024-09-09 20:53:44,396] {scheduler_job.py:190} INFO - Processing /home/airflow/.local/lib/python3.6/site-packages/airflow/example_dags/example_dag_decorator.py took 0.077 seconds
[2024-09-09 20:54:14,703] {scheduler_job.py:182} INFO - Started process (PID=191) to work on /home/airflow/.local/lib/python3.6/site-packages/airflow/example_dags/example_dag_decorator.py
[2024-09-09 20:54:14,705] {scheduler_job.py:629} INFO - Processing file /home/airflow/.local/lib/python3.6/site-packages/airflow/example_dags/example_dag_decorator.py for tasks to queue
[2024-09-09 20:54:14,707] {logging_mixin.py:104} INFO - [2024-09-09 20:54:14,706] {dagbag.py:451} INFO - Filling up the DagBag from /home/airflow/.local/lib/python3.6/site-packages/airflow/example_dags/example_dag_decorator.py
[2024-09-09 20:54:14,729] {scheduler_job.py:639} INFO - DAG(s) dict_keys(['example_dag_decorator']) retrieved from /home/airflow/.local/lib/python3.6/site-packages/airflow/example_dags/example_dag_decorator.py
[2024-09-09 20:54:14,782] {logging_mixin.py:104} INFO - [2024-09-09 20:54:14,782] {dag.py:1824} INFO - Sync 1 DAGs
[2024-09-09 20:54:14,814] {logging_mixin.py:104} INFO - [2024-09-09 20:54:14,814] {dag.py:2280} INFO - Setting next_dagrun for example_dag_decorator to None
[2024-09-09 20:54:14,838] {scheduler_job.py:190} INFO - Processing /home/airflow/.local/lib/python3.6/site-packages/airflow/example_dags/example_dag_decorator.py took 0.142 seconds
[2024-09-09 20:54:45,148] {scheduler_job.py:182} INFO - Started process (PID=216) to work on /home/airflow/.local/lib/python3.6/site-packages/airflow/example_dags/example_dag_decorator.py
[2024-09-09 20:54:45,150] {scheduler_job.py:629} INFO - Processing file /home/airflow/.local/lib/python3.6/site-packages/airflow/example_dags/example_dag_decorator.py for tasks to queue
[2024-09-09 20:54:45,151] {logging_mixin.py:104} INFO - [2024-09-09 20:54:45,150] {dagbag.py:451} INFO - Filling up the DagBag from /home/airflow/.local/lib/python3.6/site-packages/airflow/example_dags/example_dag_decorator.py
[2024-09-09 20:54:45,178] {scheduler_job.py:639} INFO - DAG(s) dict_keys(['example_dag_decorator']) retrieved from /home/airflow/.local/lib/python3.6/site-packages/airflow/example_dags/example_dag_decorator.py
[2024-09-09 20:54:45,201] {logging_mixin.py:104} INFO - [2024-09-09 20:54:45,201] {dag.py:1824} INFO - Sync 1 DAGs
[2024-09-09 20:54:45,217] {logging_mixin.py:104} INFO - [2024-09-09 20:54:45,217] {dag.py:2280} INFO - Setting next_dagrun for example_dag_decorator to None
[2024-09-09 20:54:45,229] {scheduler_job.py:190} INFO - Processing /home/airflow/.local/lib/python3.6/site-packages/airflow/example_dags/example_dag_decorator.py took 0.084 seconds
[2024-09-09 20:55:15,568] {scheduler_job.py:182} INFO - Started process (PID=242) to work on /home/airflow/.local/lib/python3.6/site-packages/airflow/example_dags/example_dag_decorator.py
[2024-09-09 20:55:15,569] {scheduler_job.py:629} INFO - Processing file /home/airflow/.local/lib/python3.6/site-packages/airflow/example_dags/example_dag_decorator.py for tasks to queue
[2024-09-09 20:55:15,570] {logging_mixin.py:104} INFO - [2024-09-09 20:55:15,570] {dagbag.py:451} INFO - Filling up the DagBag from /home/airflow/.local/lib/python3.6/site-packages/airflow/example_dags/example_dag_decorator.py
[2024-09-09 20:55:15,591] {scheduler_job.py:639} INFO - DAG(s) dict_keys(['example_dag_decorator']) retrieved from /home/airflow/.local/lib/python3.6/site-packages/airflow/example_dags/example_dag_decorator.py
[2024-09-09 20:55:15,617] {logging_mixin.py:104} INFO - [2024-09-09 20:55:15,617] {dag.py:1824} INFO - Sync 1 DAGs
[2024-09-09 20:55:15,632] {logging_mixin.py:104} INFO - [2024-09-09 20:55:15,632] {dag.py:2280} INFO - Setting next_dagrun for example_dag_decorator to None
[2024-09-09 20:55:15,644] {scheduler_job.py:190} INFO - Processing /home/airflow/.local/lib/python3.6/site-packages/airflow/example_dags/example_dag_decorator.py took 0.080 seconds
[2024-09-09 20:55:45,824] {scheduler_job.py:182} INFO - Started process (PID=269) to work on /home/airflow/.local/lib/python3.6/site-packages/airflow/example_dags/example_dag_decorator.py
[2024-09-09 20:55:45,825] {scheduler_job.py:629} INFO - Processing file /home/airflow/.local/lib/python3.6/site-packages/airflow/example_dags/example_dag_decorator.py for tasks to queue
[2024-09-09 20:55:45,826] {logging_mixin.py:104} INFO - [2024-09-09 20:55:45,826] {dagbag.py:451} INFO - Filling up the DagBag from /home/airflow/.local/lib/python3.6/site-packages/airflow/example_dags/example_dag_decorator.py
[2024-09-09 20:55:45,843] {scheduler_job.py:639} INFO - DAG(s) dict_keys(['example_dag_decorator']) retrieved from /home/airflow/.local/lib/python3.6/site-packages/airflow/example_dags/example_dag_decorator.py
[2024-09-09 20:55:45,866] {logging_mixin.py:104} INFO - [2024-09-09 20:55:45,866] {dag.py:1824} INFO - Sync 1 DAGs
[2024-09-09 20:55:45,882] {logging_mixin.py:104} INFO - [2024-09-09 20:55:45,882] {dag.py:2280} INFO - Setting next_dagrun for example_dag_decorator to None
[2024-09-09 20:55:45,894] {scheduler_job.py:190} INFO - Processing /home/airflow/.local/lib/python3.6/site-packages/airflow/example_dags/example_dag_decorator.py took 0.072 seconds
[2024-09-09 20:56:16,283] {scheduler_job.py:182} INFO - Started process (PID=297) to work on /home/airflow/.local/lib/python3.6/site-packages/airflow/example_dags/example_dag_decorator.py
[2024-09-09 20:56:16,284] {scheduler_job.py:629} INFO - Processing file /home/airflow/.local/lib/python3.6/site-packages/airflow/example_dags/example_dag_decorator.py for tasks to queue
[2024-09-09 20:56:16,284] {logging_mixin.py:104} INFO - [2024-09-09 20:56:16,284] {dagbag.py:451} INFO - Filling up the DagBag from /home/airflow/.local/lib/python3.6/site-packages/airflow/example_dags/example_dag_decorator.py
[2024-09-09 20:56:16,302] {scheduler_job.py:639} INFO - DAG(s) dict_keys(['example_dag_decorator']) retrieved from /home/airflow/.local/lib/python3.6/site-packages/airflow/example_dags/example_dag_decorator.py
[2024-09-09 20:56:16,329] {logging_mixin.py:104} INFO - [2024-09-09 20:56:16,328] {dag.py:1824} INFO - Sync 1 DAGs
[2024-09-09 20:56:16,346] {logging_mixin.py:104} INFO - [2024-09-09 20:56:16,345] {dag.py:2280} INFO - Setting next_dagrun for example_dag_decorator to None
[2024-09-09 20:56:16,359] {scheduler_job.py:190} INFO - Processing /home/airflow/.local/lib/python3.6/site-packages/airflow/example_dags/example_dag_decorator.py took 0.079 seconds
[2024-09-09 20:56:46,698] {scheduler_job.py:182} INFO - Started process (PID=325) to work on /home/airflow/.local/lib/python3.6/site-packages/airflow/example_dags/example_dag_decorator.py
[2024-09-09 20:56:46,700] {scheduler_job.py:629} INFO - Processing file /home/airflow/.local/lib/python3.6/site-packages/airflow/example_dags/example_dag_decorator.py for tasks to queue
[2024-09-09 20:56:46,701] {logging_mixin.py:104} INFO - [2024-09-09 20:56:46,701] {dagbag.py:451} INFO - Filling up the DagBag from /home/airflow/.local/lib/python3.6/site-packages/airflow/example_dags/example_dag_decorator.py
[2024-09-09 20:56:46,720] {scheduler_job.py:639} INFO - DAG(s) dict_keys(['example_dag_decorator']) retrieved from /home/airflow/.local/lib/python3.6/site-packages/airflow/example_dags/example_dag_decorator.py
[2024-09-09 20:56:46,743] {logging_mixin.py:104} INFO - [2024-09-09 20:56:46,743] {dag.py:1824} INFO - Sync 1 DAGs
[2024-09-09 20:56:46,758] {logging_mixin.py:104} INFO - [2024-09-09 20:56:46,758] {dag.py:2280} INFO - Setting next_dagrun for example_dag_decorator to None
[2024-09-09 20:56:46,769] {scheduler_job.py:190} INFO - Processing /home/airflow/.local/lib/python3.6/site-packages/airflow/example_dags/example_dag_decorator.py took 0.075 seconds
[2024-09-09 20:57:17,241] {scheduler_job.py:182} INFO - Started process (PID=352) to work on /home/airflow/.local/lib/python3.6/site-packages/airflow/example_dags/example_dag_decorator.py
[2024-09-09 20:57:17,242] {scheduler_job.py:629} INFO - Processing file /home/airflow/.local/lib/python3.6/site-packages/airflow/example_dags/example_dag_decorator.py for tasks to queue
[2024-09-09 20:57:17,242] {logging_mixin.py:104} INFO - [2024-09-09 20:57:17,242] {dagbag.py:451} INFO - Filling up the DagBag from /home/airflow/.local/lib/python3.6/site-packages/airflow/example_dags/example_dag_decorator.py
[2024-09-09 20:57:17,261] {scheduler_job.py:639} INFO - DAG(s) dict_keys(['example_dag_decorator']) retrieved from /home/airflow/.local/lib/python3.6/site-packages/airflow/example_dags/example_dag_decorator.py
[2024-09-09 20:57:17,284] {logging_mixin.py:104} INFO - [2024-09-09 20:57:17,284] {dag.py:1824} INFO - Sync 1 DAGs
[2024-09-09 20:57:17,299] {logging_mixin.py:104} INFO - [2024-09-09 20:57:17,299] {dag.py:2280} INFO - Setting next_dagrun for example_dag_decorator to None
[2024-09-09 20:57:17,311] {scheduler_job.py:190} INFO - Processing /home/airflow/.local/lib/python3.6/site-packages/airflow/example_dags/example_dag_decorator.py took 0.074 seconds
[2024-09-09 20:57:47,721] {scheduler_job.py:182} INFO - Started process (PID=379) to work on /home/airflow/.local/lib/python3.6/site-packages/airflow/example_dags/example_dag_decorator.py
[2024-09-09 20:57:47,722] {scheduler_job.py:629} INFO - Processing file /home/airflow/.local/lib/python3.6/site-packages/airflow/example_dags/example_dag_decorator.py for tasks to queue
[2024-09-09 20:57:47,722] {logging_mixin.py:104} INFO - [2024-09-09 20:57:47,722] {dagbag.py:451} INFO - Filling up the DagBag from /home/airflow/.local/lib/python3.6/site-packages/airflow/example_dags/example_dag_decorator.py
[2024-09-09 20:57:47,742] {scheduler_job.py:639} INFO - DAG(s) dict_keys(['example_dag_decorator']) retrieved from /home/airflow/.local/lib/python3.6/site-packages/airflow/example_dags/example_dag_decorator.py
[2024-09-09 20:57:47,766] {logging_mixin.py:104} INFO - [2024-09-09 20:57:47,766] {dag.py:1824} INFO - Sync 1 DAGs
[2024-09-09 20:57:47,782] {logging_mixin.py:104} INFO - [2024-09-09 20:57:47,782] {dag.py:2280} INFO - Setting next_dagrun for example_dag_decorator to None
[2024-09-09 20:57:47,794] {scheduler_job.py:190} INFO - Processing /home/airflow/.local/lib/python3.6/site-packages/airflow/example_dags/example_dag_decorator.py took 0.077 seconds
[2024-09-09 20:58:18,024] {scheduler_job.py:182} INFO - Started process (PID=405) to work on /home/airflow/.local/lib/python3.6/site-packages/airflow/example_dags/example_dag_decorator.py
[2024-09-09 20:58:18,026] {scheduler_job.py:629} INFO - Processing file /home/airflow/.local/lib/python3.6/site-packages/airflow/example_dags/example_dag_decorator.py for tasks to queue
[2024-09-09 20:58:18,026] {logging_mixin.py:104} INFO - [2024-09-09 20:58:18,026] {dagbag.py:451} INFO - Filling up the DagBag from /home/airflow/.local/lib/python3.6/site-packages/airflow/example_dags/example_dag_decorator.py
[2024-09-09 20:58:18,045] {scheduler_job.py:639} INFO - DAG(s) dict_keys(['example_dag_decorator']) retrieved from /home/airflow/.local/lib/python3.6/site-packages/airflow/example_dags/example_dag_decorator.py
[2024-09-09 20:58:18,071] {logging_mixin.py:104} INFO - [2024-09-09 20:58:18,071] {dag.py:1824} INFO - Sync 1 DAGs
[2024-09-09 20:58:18,088] {logging_mixin.py:104} INFO - [2024-09-09 20:58:18,088] {dag.py:2280} INFO - Setting next_dagrun for example_dag_decorator to None
[2024-09-09 20:58:18,102] {scheduler_job.py:190} INFO - Processing /home/airflow/.local/lib/python3.6/site-packages/airflow/example_dags/example_dag_decorator.py took 0.081 seconds
[2024-09-09 20:58:48,474] {scheduler_job.py:182} INFO - Started process (PID=432) to work on /home/airflow/.local/lib/python3.6/site-packages/airflow/example_dags/example_dag_decorator.py
[2024-09-09 20:58:48,479] {scheduler_job.py:629} INFO - Processing file /home/airflow/.local/lib/python3.6/site-packages/airflow/example_dags/example_dag_decorator.py for tasks to queue
[2024-09-09 20:58:48,480] {logging_mixin.py:104} INFO - [2024-09-09 20:58:48,480] {dagbag.py:451} INFO - Filling up the DagBag from /home/airflow/.local/lib/python3.6/site-packages/airflow/example_dags/example_dag_decorator.py
[2024-09-09 20:58:48,496] {scheduler_job.py:639} INFO - DAG(s) dict_keys(['example_dag_decorator']) retrieved from /home/airflow/.local/lib/python3.6/site-packages/airflow/example_dags/example_dag_decorator.py
[2024-09-09 20:58:48,520] {logging_mixin.py:104} INFO - [2024-09-09 20:58:48,519] {dag.py:1824} INFO - Sync 1 DAGs
[2024-09-09 20:58:48,535] {logging_mixin.py:104} INFO - [2024-09-09 20:58:48,535] {dag.py:2280} INFO - Setting next_dagrun for example_dag_decorator to None
[2024-09-09 20:58:48,546] {scheduler_job.py:190} INFO - Processing /home/airflow/.local/lib/python3.6/site-packages/airflow/example_dags/example_dag_decorator.py took 0.076 seconds
[2024-09-09 20:59:18,765] {scheduler_job.py:182} INFO - Started process (PID=459) to work on /home/airflow/.local/lib/python3.6/site-packages/airflow/example_dags/example_dag_decorator.py
[2024-09-09 20:59:18,766] {scheduler_job.py:629} INFO - Processing file /home/airflow/.local/lib/python3.6/site-packages/airflow/example_dags/example_dag_decorator.py for tasks to queue
[2024-09-09 20:59:18,767] {logging_mixin.py:104} INFO - [2024-09-09 20:59:18,767] {dagbag.py:451} INFO - Filling up the DagBag from /home/airflow/.local/lib/python3.6/site-packages/airflow/example_dags/example_dag_decorator.py
[2024-09-09 20:59:18,782] {scheduler_job.py:639} INFO - DAG(s) dict_keys(['example_dag_decorator']) retrieved from /home/airflow/.local/lib/python3.6/site-packages/airflow/example_dags/example_dag_decorator.py
[2024-09-09 20:59:18,808] {logging_mixin.py:104} INFO - [2024-09-09 20:59:18,808] {dag.py:1824} INFO - Sync 1 DAGs
[2024-09-09 20:59:18,827] {logging_mixin.py:104} INFO - [2024-09-09 20:59:18,827] {dag.py:2280} INFO - Setting next_dagrun for example_dag_decorator to None
[2024-09-09 20:59:18,839] {scheduler_job.py:190} INFO - Processing /home/airflow/.local/lib/python3.6/site-packages/airflow/example_dags/example_dag_decorator.py took 0.077 seconds
[2024-09-09 20:59:49,115] {scheduler_job.py:182} INFO - Started process (PID=485) to work on /home/airflow/.local/lib/python3.6/site-packages/airflow/example_dags/example_dag_decorator.py
[2024-09-09 20:59:49,116] {scheduler_job.py:629} INFO - Processing file /home/airflow/.local/lib/python3.6/site-packages/airflow/example_dags/example_dag_decorator.py for tasks to queue
[2024-09-09 20:59:49,117] {logging_mixin.py:104} INFO - [2024-09-09 20:59:49,116] {dagbag.py:451} INFO - Filling up the DagBag from /home/airflow/.local/lib/python3.6/site-packages/airflow/example_dags/example_dag_decorator.py
[2024-09-09 20:59:49,133] {scheduler_job.py:639} INFO - DAG(s) dict_keys(['example_dag_decorator']) retrieved from /home/airflow/.local/lib/python3.6/site-packages/airflow/example_dags/example_dag_decorator.py
[2024-09-09 20:59:49,160] {logging_mixin.py:104} INFO - [2024-09-09 20:59:49,160] {dag.py:1824} INFO - Sync 1 DAGs
[2024-09-09 20:59:49,178] {logging_mixin.py:104} INFO - [2024-09-09 20:59:49,178] {dag.py:2280} INFO - Setting next_dagrun for example_dag_decorator to None
[2024-09-09 20:59:49,191] {scheduler_job.py:190} INFO - Processing /home/airflow/.local/lib/python3.6/site-packages/airflow/example_dags/example_dag_decorator.py took 0.080 seconds
[2024-09-09 21:00:19,476] {scheduler_job.py:182} INFO - Started process (PID=512) to work on /home/airflow/.local/lib/python3.6/site-packages/airflow/example_dags/example_dag_decorator.py
[2024-09-09 21:00:19,478] {scheduler_job.py:629} INFO - Processing file /home/airflow/.local/lib/python3.6/site-packages/airflow/example_dags/example_dag_decorator.py for tasks to queue
[2024-09-09 21:00:19,479] {logging_mixin.py:104} INFO - [2024-09-09 21:00:19,479] {dagbag.py:451} INFO - Filling up the DagBag from /home/airflow/.local/lib/python3.6/site-packages/airflow/example_dags/example_dag_decorator.py
[2024-09-09 21:00:19,502] {scheduler_job.py:639} INFO - DAG(s) dict_keys(['example_dag_decorator']) retrieved from /home/airflow/.local/lib/python3.6/site-packages/airflow/example_dags/example_dag_decorator.py
[2024-09-09 21:00:19,537] {logging_mixin.py:104} INFO - [2024-09-09 21:00:19,536] {dag.py:1824} INFO - Sync 1 DAGs
[2024-09-09 21:00:19,558] {logging_mixin.py:104} INFO - [2024-09-09 21:00:19,558] {dag.py:2280} INFO - Setting next_dagrun for example_dag_decorator to None
[2024-09-09 21:00:19,574] {scheduler_job.py:190} INFO - Processing /home/airflow/.local/lib/python3.6/site-packages/airflow/example_dags/example_dag_decorator.py took 0.102 seconds
[2024-09-09 21:00:49,848] {scheduler_job.py:182} INFO - Started process (PID=540) to work on /home/airflow/.local/lib/python3.6/site-packages/airflow/example_dags/example_dag_decorator.py
[2024-09-09 21:00:49,849] {scheduler_job.py:629} INFO - Processing file /home/airflow/.local/lib/python3.6/site-packages/airflow/example_dags/example_dag_decorator.py for tasks to queue
[2024-09-09 21:00:49,849] {logging_mixin.py:104} INFO - [2024-09-09 21:00:49,849] {dagbag.py:451} INFO - Filling up the DagBag from /home/airflow/.local/lib/python3.6/site-packages/airflow/example_dags/example_dag_decorator.py
[2024-09-09 21:00:49,866] {scheduler_job.py:639} INFO - DAG(s) dict_keys(['example_dag_decorator']) retrieved from /home/airflow/.local/lib/python3.6/site-packages/airflow/example_dags/example_dag_decorator.py
[2024-09-09 21:00:49,893] {logging_mixin.py:104} INFO - [2024-09-09 21:00:49,893] {dag.py:1824} INFO - Sync 1 DAGs
[2024-09-09 21:00:49,911] {logging_mixin.py:104} INFO - [2024-09-09 21:00:49,911] {dag.py:2280} INFO - Setting next_dagrun for example_dag_decorator to None
[2024-09-09 21:00:49,925] {scheduler_job.py:190} INFO - Processing /home/airflow/.local/lib/python3.6/site-packages/airflow/example_dags/example_dag_decorator.py took 0.080 seconds
[2024-09-09 21:01:20,146] {scheduler_job.py:182} INFO - Started process (PID=566) to work on /home/airflow/.local/lib/python3.6/site-packages/airflow/example_dags/example_dag_decorator.py
[2024-09-09 21:01:20,147] {scheduler_job.py:629} INFO - Processing file /home/airflow/.local/lib/python3.6/site-packages/airflow/example_dags/example_dag_decorator.py for tasks to queue
[2024-09-09 21:01:20,147] {logging_mixin.py:104} INFO - [2024-09-09 21:01:20,147] {dagbag.py:451} INFO - Filling up the DagBag from /home/airflow/.local/lib/python3.6/site-packages/airflow/example_dags/example_dag_decorator.py
[2024-09-09 21:01:20,165] {scheduler_job.py:639} INFO - DAG(s) dict_keys(['example_dag_decorator']) retrieved from /home/airflow/.local/lib/python3.6/site-packages/airflow/example_dags/example_dag_decorator.py
[2024-09-09 21:01:20,193] {logging_mixin.py:104} INFO - [2024-09-09 21:01:20,192] {dag.py:1824} INFO - Sync 1 DAGs
[2024-09-09 21:01:20,210] {logging_mixin.py:104} INFO - [2024-09-09 21:01:20,210] {dag.py:2280} INFO - Setting next_dagrun for example_dag_decorator to None
[2024-09-09 21:01:20,222] {scheduler_job.py:190} INFO - Processing /home/airflow/.local/lib/python3.6/site-packages/airflow/example_dags/example_dag_decorator.py took 0.081 seconds
[2024-09-09 21:01:50,397] {scheduler_job.py:182} INFO - Started process (PID=592) to work on /home/airflow/.local/lib/python3.6/site-packages/airflow/example_dags/example_dag_decorator.py
[2024-09-09 21:01:50,398] {scheduler_job.py:629} INFO - Processing file /home/airflow/.local/lib/python3.6/site-packages/airflow/example_dags/example_dag_decorator.py for tasks to queue
[2024-09-09 21:01:50,398] {logging_mixin.py:104} INFO - [2024-09-09 21:01:50,398] {dagbag.py:451} INFO - Filling up the DagBag from /home/airflow/.local/lib/python3.6/site-packages/airflow/example_dags/example_dag_decorator.py
[2024-09-09 21:01:50,414] {scheduler_job.py:639} INFO - DAG(s) dict_keys(['example_dag_decorator']) retrieved from /home/airflow/.local/lib/python3.6/site-packages/airflow/example_dags/example_dag_decorator.py
[2024-09-09 21:01:50,437] {logging_mixin.py:104} INFO - [2024-09-09 21:01:50,437] {dag.py:1824} INFO - Sync 1 DAGs
[2024-09-09 21:01:50,455] {logging_mixin.py:104} INFO - [2024-09-09 21:01:50,454] {dag.py:2280} INFO - Setting next_dagrun for example_dag_decorator to None
[2024-09-09 21:01:50,467] {scheduler_job.py:190} INFO - Processing /home/airflow/.local/lib/python3.6/site-packages/airflow/example_dags/example_dag_decorator.py took 0.074 seconds
[2024-09-09 21:02:20,876] {scheduler_job.py:182} INFO - Started process (PID=621) to work on /home/airflow/.local/lib/python3.6/site-packages/airflow/example_dags/example_dag_decorator.py
[2024-09-09 21:02:20,877] {scheduler_job.py:629} INFO - Processing file /home/airflow/.local/lib/python3.6/site-packages/airflow/example_dags/example_dag_decorator.py for tasks to queue
[2024-09-09 21:02:20,878] {logging_mixin.py:104} INFO - [2024-09-09 21:02:20,878] {dagbag.py:451} INFO - Filling up the DagBag from /home/airflow/.local/lib/python3.6/site-packages/airflow/example_dags/example_dag_decorator.py
[2024-09-09 21:02:20,898] {scheduler_job.py:639} INFO - DAG(s) dict_keys(['example_dag_decorator']) retrieved from /home/airflow/.local/lib/python3.6/site-packages/airflow/example_dags/example_dag_decorator.py
[2024-09-09 21:02:20,933] {logging_mixin.py:104} INFO - [2024-09-09 21:02:20,933] {dag.py:1824} INFO - Sync 1 DAGs
[2024-09-09 21:02:20,954] {logging_mixin.py:104} INFO - [2024-09-09 21:02:20,954] {dag.py:2280} INFO - Setting next_dagrun for example_dag_decorator to None
[2024-09-09 21:02:20,968] {scheduler_job.py:190} INFO - Processing /home/airflow/.local/lib/python3.6/site-packages/airflow/example_dags/example_dag_decorator.py took 0.095 seconds
[2024-09-09 21:02:51,185] {scheduler_job.py:182} INFO - Started process (PID=648) to work on /home/airflow/.local/lib/python3.6/site-packages/airflow/example_dags/example_dag_decorator.py
[2024-09-09 21:02:51,186] {scheduler_job.py:629} INFO - Processing file /home/airflow/.local/lib/python3.6/site-packages/airflow/example_dags/example_dag_decorator.py for tasks to queue
[2024-09-09 21:02:51,186] {logging_mixin.py:104} INFO - [2024-09-09 21:02:51,186] {dagbag.py:451} INFO - Filling up the DagBag from /home/airflow/.local/lib/python3.6/site-packages/airflow/example_dags/example_dag_decorator.py
[2024-09-09 21:02:51,202] {scheduler_job.py:639} INFO - DAG(s) dict_keys(['example_dag_decorator']) retrieved from /home/airflow/.local/lib/python3.6/site-packages/airflow/example_dags/example_dag_decorator.py
[2024-09-09 21:02:51,225] {logging_mixin.py:104} INFO - [2024-09-09 21:02:51,225] {dag.py:1824} INFO - Sync 1 DAGs
[2024-09-09 21:02:51,241] {logging_mixin.py:104} INFO - [2024-09-09 21:02:51,241] {dag.py:2280} INFO - Setting next_dagrun for example_dag_decorator to None
[2024-09-09 21:02:51,253] {scheduler_job.py:190} INFO - Processing /home/airflow/.local/lib/python3.6/site-packages/airflow/example_dags/example_dag_decorator.py took 0.071 seconds
[2024-09-09 21:03:21,479] {scheduler_job.py:182} INFO - Started process (PID=674) to work on /home/airflow/.local/lib/python3.6/site-packages/airflow/example_dags/example_dag_decorator.py
[2024-09-09 21:03:21,480] {scheduler_job.py:629} INFO - Processing file /home/airflow/.local/lib/python3.6/site-packages/airflow/example_dags/example_dag_decorator.py for tasks to queue
[2024-09-09 21:03:21,481] {logging_mixin.py:104} INFO - [2024-09-09 21:03:21,481] {dagbag.py:451} INFO - Filling up the DagBag from /home/airflow/.local/lib/python3.6/site-packages/airflow/example_dags/example_dag_decorator.py
[2024-09-09 21:03:21,496] {scheduler_job.py:639} INFO - DAG(s) dict_keys(['example_dag_decorator']) retrieved from /home/airflow/.local/lib/python3.6/site-packages/airflow/example_dags/example_dag_decorator.py
[2024-09-09 21:03:21,523] {logging_mixin.py:104} INFO - [2024-09-09 21:03:21,523] {dag.py:1824} INFO - Sync 1 DAGs
[2024-09-09 21:03:21,540] {logging_mixin.py:104} INFO - [2024-09-09 21:03:21,540] {dag.py:2280} INFO - Setting next_dagrun for example_dag_decorator to None
[2024-09-09 21:03:21,551] {scheduler_job.py:190} INFO - Processing /home/airflow/.local/lib/python3.6/site-packages/airflow/example_dags/example_dag_decorator.py took 0.075 seconds
[2024-09-09 21:03:51,889] {scheduler_job.py:182} INFO - Started process (PID=701) to work on /home/airflow/.local/lib/python3.6/site-packages/airflow/example_dags/example_dag_decorator.py
[2024-09-09 21:03:51,891] {scheduler_job.py:629} INFO - Processing file /home/airflow/.local/lib/python3.6/site-packages/airflow/example_dags/example_dag_decorator.py for tasks to queue
[2024-09-09 21:03:51,892] {logging_mixin.py:104} INFO - [2024-09-09 21:03:51,892] {dagbag.py:451} INFO - Filling up the DagBag from /home/airflow/.local/lib/python3.6/site-packages/airflow/example_dags/example_dag_decorator.py
[2024-09-09 21:03:51,908] {scheduler_job.py:639} INFO - DAG(s) dict_keys(['example_dag_decorator']) retrieved from /home/airflow/.local/lib/python3.6/site-packages/airflow/example_dags/example_dag_decorator.py
[2024-09-09 21:03:51,932] {logging_mixin.py:104} INFO - [2024-09-09 21:03:51,932] {dag.py:1824} INFO - Sync 1 DAGs
[2024-09-09 21:03:51,948] {logging_mixin.py:104} INFO - [2024-09-09 21:03:51,948] {dag.py:2280} INFO - Setting next_dagrun for example_dag_decorator to None
[2024-09-09 21:03:51,960] {scheduler_job.py:190} INFO - Processing /home/airflow/.local/lib/python3.6/site-packages/airflow/example_dags/example_dag_decorator.py took 0.075 seconds
[2024-09-09 21:04:22,216] {scheduler_job.py:182} INFO - Started process (PID=728) to work on /home/airflow/.local/lib/python3.6/site-packages/airflow/example_dags/example_dag_decorator.py
[2024-09-09 21:04:22,217] {scheduler_job.py:629} INFO - Processing file /home/airflow/.local/lib/python3.6/site-packages/airflow/example_dags/example_dag_decorator.py for tasks to queue
[2024-09-09 21:04:22,218] {logging_mixin.py:104} INFO - [2024-09-09 21:04:22,217] {dagbag.py:451} INFO - Filling up the DagBag from /home/airflow/.local/lib/python3.6/site-packages/airflow/example_dags/example_dag_decorator.py
[2024-09-09 21:04:22,234] {scheduler_job.py:639} INFO - DAG(s) dict_keys(['example_dag_decorator']) retrieved from /home/airflow/.local/lib/python3.6/site-packages/airflow/example_dags/example_dag_decorator.py
[2024-09-09 21:04:22,258] {logging_mixin.py:104} INFO - [2024-09-09 21:04:22,257] {dag.py:1824} INFO - Sync 1 DAGs
[2024-09-09 21:04:22,273] {logging_mixin.py:104} INFO - [2024-09-09 21:04:22,273] {dag.py:2280} INFO - Setting next_dagrun for example_dag_decorator to None
[2024-09-09 21:04:22,285] {scheduler_job.py:190} INFO - Processing /home/airflow/.local/lib/python3.6/site-packages/airflow/example_dags/example_dag_decorator.py took 0.072 seconds
[2024-09-09 21:04:52,566] {scheduler_job.py:182} INFO - Started process (PID=755) to work on /home/airflow/.local/lib/python3.6/site-packages/airflow/example_dags/example_dag_decorator.py
[2024-09-09 21:04:52,567] {scheduler_job.py:629} INFO - Processing file /home/airflow/.local/lib/python3.6/site-packages/airflow/example_dags/example_dag_decorator.py for tasks to queue
[2024-09-09 21:04:52,568] {logging_mixin.py:104} INFO - [2024-09-09 21:04:52,568] {dagbag.py:451} INFO - Filling up the DagBag from /home/airflow/.local/lib/python3.6/site-packages/airflow/example_dags/example_dag_decorator.py
[2024-09-09 21:04:52,585] {scheduler_job.py:639} INFO - DAG(s) dict_keys(['example_dag_decorator']) retrieved from /home/airflow/.local/lib/python3.6/site-packages/airflow/example_dags/example_dag_decorator.py
[2024-09-09 21:04:52,609] {logging_mixin.py:104} INFO - [2024-09-09 21:04:52,609] {dag.py:1824} INFO - Sync 1 DAGs
[2024-09-09 21:04:52,626] {logging_mixin.py:104} INFO - [2024-09-09 21:04:52,626] {dag.py:2280} INFO - Setting next_dagrun for example_dag_decorator to None
[2024-09-09 21:04:52,638] {scheduler_job.py:190} INFO - Processing /home/airflow/.local/lib/python3.6/site-packages/airflow/example_dags/example_dag_decorator.py took 0.075 seconds
[2024-09-09 21:11:38,665] {scheduler_job.py:182} INFO - Started process (PID=43) to work on /home/airflow/.local/lib/python3.6/site-packages/airflow/example_dags/example_dag_decorator.py
[2024-09-09 21:11:38,667] {scheduler_job.py:629} INFO - Processing file /home/airflow/.local/lib/python3.6/site-packages/airflow/example_dags/example_dag_decorator.py for tasks to queue
[2024-09-09 21:11:38,668] {logging_mixin.py:104} INFO - [2024-09-09 21:11:38,668] {dagbag.py:451} INFO - Filling up the DagBag from /home/airflow/.local/lib/python3.6/site-packages/airflow/example_dags/example_dag_decorator.py
[2024-09-09 21:11:38,690] {scheduler_job.py:639} INFO - DAG(s) dict_keys(['example_dag_decorator']) retrieved from /home/airflow/.local/lib/python3.6/site-packages/airflow/example_dags/example_dag_decorator.py
[2024-09-09 21:11:38,716] {logging_mixin.py:104} INFO - [2024-09-09 21:11:38,716] {dag.py:1824} INFO - Sync 1 DAGs
[2024-09-09 21:11:38,729] {logging_mixin.py:104} INFO - [2024-09-09 21:11:38,729] {dag.py:2280} INFO - Setting next_dagrun for example_dag_decorator to None
[2024-09-09 21:11:38,741] {scheduler_job.py:190} INFO - Processing /home/airflow/.local/lib/python3.6/site-packages/airflow/example_dags/example_dag_decorator.py took 0.080 seconds
[2024-09-09 21:12:09,232] {scheduler_job.py:182} INFO - Started process (PID=72) to work on /home/airflow/.local/lib/python3.6/site-packages/airflow/example_dags/example_dag_decorator.py
[2024-09-09 21:12:09,233] {scheduler_job.py:629} INFO - Processing file /home/airflow/.local/lib/python3.6/site-packages/airflow/example_dags/example_dag_decorator.py for tasks to queue
[2024-09-09 21:12:09,234] {logging_mixin.py:104} INFO - [2024-09-09 21:12:09,234] {dagbag.py:451} INFO - Filling up the DagBag from /home/airflow/.local/lib/python3.6/site-packages/airflow/example_dags/example_dag_decorator.py
[2024-09-09 21:12:09,254] {scheduler_job.py:639} INFO - DAG(s) dict_keys(['example_dag_decorator']) retrieved from /home/airflow/.local/lib/python3.6/site-packages/airflow/example_dags/example_dag_decorator.py
[2024-09-09 21:12:09,282] {logging_mixin.py:104} INFO - [2024-09-09 21:12:09,282] {dag.py:1824} INFO - Sync 1 DAGs
[2024-09-09 21:12:09,297] {logging_mixin.py:104} INFO - [2024-09-09 21:12:09,297] {dag.py:2280} INFO - Setting next_dagrun for example_dag_decorator to None
[2024-09-09 21:12:09,309] {scheduler_job.py:190} INFO - Processing /home/airflow/.local/lib/python3.6/site-packages/airflow/example_dags/example_dag_decorator.py took 0.080 seconds
[2024-09-09 21:12:39,329] {scheduler_job.py:182} INFO - Started process (PID=99) to work on /home/airflow/.local/lib/python3.6/site-packages/airflow/example_dags/example_dag_decorator.py
[2024-09-09 21:12:39,330] {scheduler_job.py:629} INFO - Processing file /home/airflow/.local/lib/python3.6/site-packages/airflow/example_dags/example_dag_decorator.py for tasks to queue
[2024-09-09 21:12:39,330] {logging_mixin.py:104} INFO - [2024-09-09 21:12:39,330] {dagbag.py:451} INFO - Filling up the DagBag from /home/airflow/.local/lib/python3.6/site-packages/airflow/example_dags/example_dag_decorator.py
[2024-09-09 21:12:39,347] {scheduler_job.py:639} INFO - DAG(s) dict_keys(['example_dag_decorator']) retrieved from /home/airflow/.local/lib/python3.6/site-packages/airflow/example_dags/example_dag_decorator.py
[2024-09-09 21:12:39,373] {logging_mixin.py:104} INFO - [2024-09-09 21:12:39,373] {dag.py:1824} INFO - Sync 1 DAGs
[2024-09-09 21:12:39,388] {logging_mixin.py:104} INFO - [2024-09-09 21:12:39,388] {dag.py:2280} INFO - Setting next_dagrun for example_dag_decorator to None
[2024-09-09 21:12:39,404] {scheduler_job.py:190} INFO - Processing /home/airflow/.local/lib/python3.6/site-packages/airflow/example_dags/example_dag_decorator.py took 0.078 seconds
[2024-09-09 21:13:09,679] {scheduler_job.py:182} INFO - Started process (PID=128) to work on /home/airflow/.local/lib/python3.6/site-packages/airflow/example_dags/example_dag_decorator.py
[2024-09-09 21:13:09,680] {scheduler_job.py:629} INFO - Processing file /home/airflow/.local/lib/python3.6/site-packages/airflow/example_dags/example_dag_decorator.py for tasks to queue
[2024-09-09 21:13:09,680] {logging_mixin.py:104} INFO - [2024-09-09 21:13:09,680] {dagbag.py:451} INFO - Filling up the DagBag from /home/airflow/.local/lib/python3.6/site-packages/airflow/example_dags/example_dag_decorator.py
[2024-09-09 21:13:09,696] {scheduler_job.py:639} INFO - DAG(s) dict_keys(['example_dag_decorator']) retrieved from /home/airflow/.local/lib/python3.6/site-packages/airflow/example_dags/example_dag_decorator.py
[2024-09-09 21:13:09,725] {logging_mixin.py:104} INFO - [2024-09-09 21:13:09,725] {dag.py:1824} INFO - Sync 1 DAGs
[2024-09-09 21:13:09,740] {logging_mixin.py:104} INFO - [2024-09-09 21:13:09,740] {dag.py:2280} INFO - Setting next_dagrun for example_dag_decorator to None
[2024-09-09 21:13:09,754] {scheduler_job.py:190} INFO - Processing /home/airflow/.local/lib/python3.6/site-packages/airflow/example_dags/example_dag_decorator.py took 0.078 seconds
[2024-09-09 21:13:40,104] {scheduler_job.py:182} INFO - Started process (PID=155) to work on /home/airflow/.local/lib/python3.6/site-packages/airflow/example_dags/example_dag_decorator.py
[2024-09-09 21:13:40,104] {scheduler_job.py:629} INFO - Processing file /home/airflow/.local/lib/python3.6/site-packages/airflow/example_dags/example_dag_decorator.py for tasks to queue
[2024-09-09 21:13:40,105] {logging_mixin.py:104} INFO - [2024-09-09 21:13:40,105] {dagbag.py:451} INFO - Filling up the DagBag from /home/airflow/.local/lib/python3.6/site-packages/airflow/example_dags/example_dag_decorator.py
[2024-09-09 21:13:40,122] {scheduler_job.py:639} INFO - DAG(s) dict_keys(['example_dag_decorator']) retrieved from /home/airflow/.local/lib/python3.6/site-packages/airflow/example_dags/example_dag_decorator.py
[2024-09-09 21:13:40,153] {logging_mixin.py:104} INFO - [2024-09-09 21:13:40,153] {dag.py:1824} INFO - Sync 1 DAGs
[2024-09-09 21:13:40,169] {logging_mixin.py:104} INFO - [2024-09-09 21:13:40,169] {dag.py:2280} INFO - Setting next_dagrun for example_dag_decorator to None
[2024-09-09 21:13:40,182] {scheduler_job.py:190} INFO - Processing /home/airflow/.local/lib/python3.6/site-packages/airflow/example_dags/example_dag_decorator.py took 0.081 seconds
[2024-09-09 21:14:10,717] {scheduler_job.py:182} INFO - Started process (PID=183) to work on /home/airflow/.local/lib/python3.6/site-packages/airflow/example_dags/example_dag_decorator.py
[2024-09-09 21:14:10,718] {scheduler_job.py:629} INFO - Processing file /home/airflow/.local/lib/python3.6/site-packages/airflow/example_dags/example_dag_decorator.py for tasks to queue
[2024-09-09 21:14:10,720] {logging_mixin.py:104} INFO - [2024-09-09 21:14:10,720] {dagbag.py:451} INFO - Filling up the DagBag from /home/airflow/.local/lib/python3.6/site-packages/airflow/example_dags/example_dag_decorator.py
[2024-09-09 21:14:10,747] {scheduler_job.py:639} INFO - DAG(s) dict_keys(['example_dag_decorator']) retrieved from /home/airflow/.local/lib/python3.6/site-packages/airflow/example_dags/example_dag_decorator.py
[2024-09-09 21:14:10,793] {logging_mixin.py:104} INFO - [2024-09-09 21:14:10,793] {dag.py:1824} INFO - Sync 1 DAGs
[2024-09-09 21:14:10,814] {logging_mixin.py:104} INFO - [2024-09-09 21:14:10,814] {dag.py:2280} INFO - Setting next_dagrun for example_dag_decorator to None
[2024-09-09 21:14:10,835] {scheduler_job.py:190} INFO - Processing /home/airflow/.local/lib/python3.6/site-packages/airflow/example_dags/example_dag_decorator.py took 0.122 seconds
[2024-09-09 21:14:41,044] {scheduler_job.py:182} INFO - Started process (PID=207) to work on /home/airflow/.local/lib/python3.6/site-packages/airflow/example_dags/example_dag_decorator.py
[2024-09-09 21:14:41,046] {scheduler_job.py:629} INFO - Processing file /home/airflow/.local/lib/python3.6/site-packages/airflow/example_dags/example_dag_decorator.py for tasks to queue
[2024-09-09 21:14:41,046] {logging_mixin.py:104} INFO - [2024-09-09 21:14:41,046] {dagbag.py:451} INFO - Filling up the DagBag from /home/airflow/.local/lib/python3.6/site-packages/airflow/example_dags/example_dag_decorator.py
[2024-09-09 21:14:41,069] {scheduler_job.py:639} INFO - DAG(s) dict_keys(['example_dag_decorator']) retrieved from /home/airflow/.local/lib/python3.6/site-packages/airflow/example_dags/example_dag_decorator.py
[2024-09-09 21:14:41,096] {logging_mixin.py:104} INFO - [2024-09-09 21:14:41,096] {dag.py:1824} INFO - Sync 1 DAGs
[2024-09-09 21:14:41,113] {logging_mixin.py:104} INFO - [2024-09-09 21:14:41,113] {dag.py:2280} INFO - Setting next_dagrun for example_dag_decorator to None
[2024-09-09 21:14:41,126] {scheduler_job.py:190} INFO - Processing /home/airflow/.local/lib/python3.6/site-packages/airflow/example_dags/example_dag_decorator.py took 0.085 seconds
