[2024-09-09 09:52:27,049] {scheduler_job.py:182} INFO - Started process (PID=49) to work on /home/airflow/.local/lib/python3.6/site-packages/airflow/example_dags/example_skip_dag.py
[2024-09-09 09:52:27,051] {scheduler_job.py:629} INFO - Processing file /home/airflow/.local/lib/python3.6/site-packages/airflow/example_dags/example_skip_dag.py for tasks to queue
[2024-09-09 09:52:27,052] {logging_mixin.py:104} INFO - [2024-09-09 09:52:27,051] {dagbag.py:451} INFO - Filling up the DagBag from /home/airflow/.local/lib/python3.6/site-packages/airflow/example_dags/example_skip_dag.py
[2024-09-09 09:52:27,067] {scheduler_job.py:639} INFO - DAG(s) dict_keys(['example_skip_dag']) retrieved from /home/airflow/.local/lib/python3.6/site-packages/airflow/example_dags/example_skip_dag.py
[2024-09-09 09:52:27,128] {logging_mixin.py:104} INFO - [2024-09-09 09:52:27,128] {dag.py:1824} INFO - Sync 1 DAGs
[2024-09-09 09:52:27,142] {logging_mixin.py:104} INFO - [2024-09-09 09:52:27,142] {dag.py:1843} INFO - Creating ORM DAG for example_skip_dag
[2024-09-09 09:52:27,150] {logging_mixin.py:104} INFO - [2024-09-09 09:52:27,148] {dag.py:2280} INFO - Setting next_dagrun for example_skip_dag to 2024-09-07 00:00:00+00:00
[2024-09-09 09:52:27,172] {scheduler_job.py:190} INFO - Processing /home/airflow/.local/lib/python3.6/site-packages/airflow/example_dags/example_skip_dag.py took 0.130 seconds
[2024-09-09 09:52:57,901] {scheduler_job.py:182} INFO - Started process (PID=78) to work on /home/airflow/.local/lib/python3.6/site-packages/airflow/example_dags/example_skip_dag.py
[2024-09-09 09:52:57,902] {scheduler_job.py:629} INFO - Processing file /home/airflow/.local/lib/python3.6/site-packages/airflow/example_dags/example_skip_dag.py for tasks to queue
[2024-09-09 09:52:57,903] {logging_mixin.py:104} INFO - [2024-09-09 09:52:57,903] {dagbag.py:451} INFO - Filling up the DagBag from /home/airflow/.local/lib/python3.6/site-packages/airflow/example_dags/example_skip_dag.py
[2024-09-09 09:52:57,914] {scheduler_job.py:639} INFO - DAG(s) dict_keys(['example_skip_dag']) retrieved from /home/airflow/.local/lib/python3.6/site-packages/airflow/example_dags/example_skip_dag.py
[2024-09-09 09:52:57,937] {logging_mixin.py:104} INFO - [2024-09-09 09:52:57,937] {dag.py:1824} INFO - Sync 1 DAGs
[2024-09-09 09:52:57,955] {logging_mixin.py:104} INFO - [2024-09-09 09:52:57,955] {dag.py:2280} INFO - Setting next_dagrun for example_skip_dag to 2024-09-07 00:00:00+00:00
[2024-09-09 09:52:57,974] {scheduler_job.py:190} INFO - Processing /home/airflow/.local/lib/python3.6/site-packages/airflow/example_dags/example_skip_dag.py took 0.076 seconds
[2024-09-09 20:51:41,563] {scheduler_job.py:182} INFO - Started process (PID=38) to work on /home/airflow/.local/lib/python3.6/site-packages/airflow/example_dags/example_skip_dag.py
[2024-09-09 20:51:41,566] {scheduler_job.py:629} INFO - Processing file /home/airflow/.local/lib/python3.6/site-packages/airflow/example_dags/example_skip_dag.py for tasks to queue
[2024-09-09 20:51:41,567] {logging_mixin.py:104} INFO - [2024-09-09 20:51:41,566] {dagbag.py:451} INFO - Filling up the DagBag from /home/airflow/.local/lib/python3.6/site-packages/airflow/example_dags/example_skip_dag.py
[2024-09-09 20:51:41,582] {scheduler_job.py:639} INFO - DAG(s) dict_keys(['example_skip_dag']) retrieved from /home/airflow/.local/lib/python3.6/site-packages/airflow/example_dags/example_skip_dag.py
[2024-09-09 20:51:41,616] {logging_mixin.py:104} INFO - [2024-09-09 20:51:41,616] {dag.py:1824} INFO - Sync 1 DAGs
[2024-09-09 20:51:41,639] {logging_mixin.py:104} INFO - [2024-09-09 20:51:41,639] {dag.py:2280} INFO - Setting next_dagrun for example_skip_dag to 2024-09-07 00:00:00+00:00
[2024-09-09 20:51:41,653] {scheduler_job.py:190} INFO - Processing /home/airflow/.local/lib/python3.6/site-packages/airflow/example_dags/example_skip_dag.py took 0.094 seconds
[2024-09-09 20:52:12,299] {scheduler_job.py:182} INFO - Started process (PID=66) to work on /home/airflow/.local/lib/python3.6/site-packages/airflow/example_dags/example_skip_dag.py
[2024-09-09 20:52:12,300] {scheduler_job.py:629} INFO - Processing file /home/airflow/.local/lib/python3.6/site-packages/airflow/example_dags/example_skip_dag.py for tasks to queue
[2024-09-09 20:52:12,301] {logging_mixin.py:104} INFO - [2024-09-09 20:52:12,301] {dagbag.py:451} INFO - Filling up the DagBag from /home/airflow/.local/lib/python3.6/site-packages/airflow/example_dags/example_skip_dag.py
[2024-09-09 20:52:12,314] {scheduler_job.py:639} INFO - DAG(s) dict_keys(['example_skip_dag']) retrieved from /home/airflow/.local/lib/python3.6/site-packages/airflow/example_dags/example_skip_dag.py
[2024-09-09 20:52:12,340] {logging_mixin.py:104} INFO - [2024-09-09 20:52:12,340] {dag.py:1824} INFO - Sync 1 DAGs
[2024-09-09 20:52:12,362] {logging_mixin.py:104} INFO - [2024-09-09 20:52:12,362] {dag.py:2280} INFO - Setting next_dagrun for example_skip_dag to 2024-09-07 00:00:00+00:00
[2024-09-09 20:52:12,375] {scheduler_job.py:190} INFO - Processing /home/airflow/.local/lib/python3.6/site-packages/airflow/example_dags/example_skip_dag.py took 0.081 seconds
[2024-09-09 20:52:42,822] {scheduler_job.py:182} INFO - Started process (PID=95) to work on /home/airflow/.local/lib/python3.6/site-packages/airflow/example_dags/example_skip_dag.py
[2024-09-09 20:52:42,823] {scheduler_job.py:629} INFO - Processing file /home/airflow/.local/lib/python3.6/site-packages/airflow/example_dags/example_skip_dag.py for tasks to queue
[2024-09-09 20:52:42,823] {logging_mixin.py:104} INFO - [2024-09-09 20:52:42,823] {dagbag.py:451} INFO - Filling up the DagBag from /home/airflow/.local/lib/python3.6/site-packages/airflow/example_dags/example_skip_dag.py
[2024-09-09 20:52:42,836] {scheduler_job.py:639} INFO - DAG(s) dict_keys(['example_skip_dag']) retrieved from /home/airflow/.local/lib/python3.6/site-packages/airflow/example_dags/example_skip_dag.py
[2024-09-09 20:52:42,862] {logging_mixin.py:104} INFO - [2024-09-09 20:52:42,861] {dag.py:1824} INFO - Sync 1 DAGs
[2024-09-09 20:52:42,885] {logging_mixin.py:104} INFO - [2024-09-09 20:52:42,884] {dag.py:2280} INFO - Setting next_dagrun for example_skip_dag to 2024-09-07 00:00:00+00:00
[2024-09-09 20:52:42,898] {scheduler_job.py:190} INFO - Processing /home/airflow/.local/lib/python3.6/site-packages/airflow/example_dags/example_skip_dag.py took 0.080 seconds
[2024-09-09 20:53:13,148] {scheduler_job.py:182} INFO - Started process (PID=121) to work on /home/airflow/.local/lib/python3.6/site-packages/airflow/example_dags/example_skip_dag.py
[2024-09-09 20:53:13,150] {scheduler_job.py:629} INFO - Processing file /home/airflow/.local/lib/python3.6/site-packages/airflow/example_dags/example_skip_dag.py for tasks to queue
[2024-09-09 20:53:13,150] {logging_mixin.py:104} INFO - [2024-09-09 20:53:13,150] {dagbag.py:451} INFO - Filling up the DagBag from /home/airflow/.local/lib/python3.6/site-packages/airflow/example_dags/example_skip_dag.py
[2024-09-09 20:53:13,163] {scheduler_job.py:639} INFO - DAG(s) dict_keys(['example_skip_dag']) retrieved from /home/airflow/.local/lib/python3.6/site-packages/airflow/example_dags/example_skip_dag.py
[2024-09-09 20:53:13,189] {logging_mixin.py:104} INFO - [2024-09-09 20:53:13,188] {dag.py:1824} INFO - Sync 1 DAGs
[2024-09-09 20:53:13,210] {logging_mixin.py:104} INFO - [2024-09-09 20:53:13,209] {dag.py:2280} INFO - Setting next_dagrun for example_skip_dag to 2024-09-07 00:00:00+00:00
[2024-09-09 20:53:13,221] {scheduler_job.py:190} INFO - Processing /home/airflow/.local/lib/python3.6/site-packages/airflow/example_dags/example_skip_dag.py took 0.076 seconds
[2024-09-09 20:53:43,557] {scheduler_job.py:182} INFO - Started process (PID=149) to work on /home/airflow/.local/lib/python3.6/site-packages/airflow/example_dags/example_skip_dag.py
[2024-09-09 20:53:43,558] {scheduler_job.py:629} INFO - Processing file /home/airflow/.local/lib/python3.6/site-packages/airflow/example_dags/example_skip_dag.py for tasks to queue
[2024-09-09 20:53:43,559] {logging_mixin.py:104} INFO - [2024-09-09 20:53:43,559] {dagbag.py:451} INFO - Filling up the DagBag from /home/airflow/.local/lib/python3.6/site-packages/airflow/example_dags/example_skip_dag.py
[2024-09-09 20:53:43,570] {scheduler_job.py:639} INFO - DAG(s) dict_keys(['example_skip_dag']) retrieved from /home/airflow/.local/lib/python3.6/site-packages/airflow/example_dags/example_skip_dag.py
[2024-09-09 20:53:43,593] {logging_mixin.py:104} INFO - [2024-09-09 20:53:43,593] {dag.py:1824} INFO - Sync 1 DAGs
[2024-09-09 20:53:43,611] {logging_mixin.py:104} INFO - [2024-09-09 20:53:43,611] {dag.py:2280} INFO - Setting next_dagrun for example_skip_dag to 2024-09-07 00:00:00+00:00
[2024-09-09 20:53:43,620] {scheduler_job.py:190} INFO - Processing /home/airflow/.local/lib/python3.6/site-packages/airflow/example_dags/example_skip_dag.py took 0.067 seconds
[2024-09-09 20:54:14,190] {scheduler_job.py:182} INFO - Started process (PID=179) to work on /home/airflow/.local/lib/python3.6/site-packages/airflow/example_dags/example_skip_dag.py
[2024-09-09 20:54:14,191] {scheduler_job.py:629} INFO - Processing file /home/airflow/.local/lib/python3.6/site-packages/airflow/example_dags/example_skip_dag.py for tasks to queue
[2024-09-09 20:54:14,192] {logging_mixin.py:104} INFO - [2024-09-09 20:54:14,192] {dagbag.py:451} INFO - Filling up the DagBag from /home/airflow/.local/lib/python3.6/site-packages/airflow/example_dags/example_skip_dag.py
[2024-09-09 20:54:14,202] {scheduler_job.py:639} INFO - DAG(s) dict_keys(['example_skip_dag']) retrieved from /home/airflow/.local/lib/python3.6/site-packages/airflow/example_dags/example_skip_dag.py
[2024-09-09 20:54:14,228] {logging_mixin.py:104} INFO - [2024-09-09 20:54:14,228] {dag.py:1824} INFO - Sync 1 DAGs
[2024-09-09 20:54:14,249] {logging_mixin.py:104} INFO - [2024-09-09 20:54:14,249] {dag.py:2280} INFO - Setting next_dagrun for example_skip_dag to 2024-09-07 00:00:00+00:00
[2024-09-09 20:54:14,259] {scheduler_job.py:190} INFO - Processing /home/airflow/.local/lib/python3.6/site-packages/airflow/example_dags/example_skip_dag.py took 0.073 seconds
[2024-09-09 20:54:44,685] {scheduler_job.py:182} INFO - Started process (PID=207) to work on /home/airflow/.local/lib/python3.6/site-packages/airflow/example_dags/example_skip_dag.py
[2024-09-09 20:54:44,686] {scheduler_job.py:629} INFO - Processing file /home/airflow/.local/lib/python3.6/site-packages/airflow/example_dags/example_skip_dag.py for tasks to queue
[2024-09-09 20:54:44,686] {logging_mixin.py:104} INFO - [2024-09-09 20:54:44,686] {dagbag.py:451} INFO - Filling up the DagBag from /home/airflow/.local/lib/python3.6/site-packages/airflow/example_dags/example_skip_dag.py
[2024-09-09 20:54:44,698] {scheduler_job.py:639} INFO - DAG(s) dict_keys(['example_skip_dag']) retrieved from /home/airflow/.local/lib/python3.6/site-packages/airflow/example_dags/example_skip_dag.py
[2024-09-09 20:54:44,728] {logging_mixin.py:104} INFO - [2024-09-09 20:54:44,728] {dag.py:1824} INFO - Sync 1 DAGs
[2024-09-09 20:54:44,747] {logging_mixin.py:104} INFO - [2024-09-09 20:54:44,747] {dag.py:2280} INFO - Setting next_dagrun for example_skip_dag to 2024-09-07 00:00:00+00:00
[2024-09-09 20:54:44,761] {scheduler_job.py:190} INFO - Processing /home/airflow/.local/lib/python3.6/site-packages/airflow/example_dags/example_skip_dag.py took 0.079 seconds
[2024-09-09 20:55:15,131] {scheduler_job.py:182} INFO - Started process (PID=234) to work on /home/airflow/.local/lib/python3.6/site-packages/airflow/example_dags/example_skip_dag.py
[2024-09-09 20:55:15,132] {scheduler_job.py:629} INFO - Processing file /home/airflow/.local/lib/python3.6/site-packages/airflow/example_dags/example_skip_dag.py for tasks to queue
[2024-09-09 20:55:15,133] {logging_mixin.py:104} INFO - [2024-09-09 20:55:15,133] {dagbag.py:451} INFO - Filling up the DagBag from /home/airflow/.local/lib/python3.6/site-packages/airflow/example_dags/example_skip_dag.py
[2024-09-09 20:55:15,145] {scheduler_job.py:639} INFO - DAG(s) dict_keys(['example_skip_dag']) retrieved from /home/airflow/.local/lib/python3.6/site-packages/airflow/example_dags/example_skip_dag.py
[2024-09-09 20:55:15,170] {logging_mixin.py:104} INFO - [2024-09-09 20:55:15,170] {dag.py:1824} INFO - Sync 1 DAGs
[2024-09-09 20:55:15,186] {logging_mixin.py:104} INFO - [2024-09-09 20:55:15,186] {dag.py:2280} INFO - Setting next_dagrun for example_skip_dag to 2024-09-07 00:00:00+00:00
[2024-09-09 20:55:15,196] {scheduler_job.py:190} INFO - Processing /home/airflow/.local/lib/python3.6/site-packages/airflow/example_dags/example_skip_dag.py took 0.070 seconds
[2024-09-09 20:55:45,522] {scheduler_job.py:182} INFO - Started process (PID=261) to work on /home/airflow/.local/lib/python3.6/site-packages/airflow/example_dags/example_skip_dag.py
[2024-09-09 20:55:45,523] {scheduler_job.py:629} INFO - Processing file /home/airflow/.local/lib/python3.6/site-packages/airflow/example_dags/example_skip_dag.py for tasks to queue
[2024-09-09 20:55:45,523] {logging_mixin.py:104} INFO - [2024-09-09 20:55:45,523] {dagbag.py:451} INFO - Filling up the DagBag from /home/airflow/.local/lib/python3.6/site-packages/airflow/example_dags/example_skip_dag.py
[2024-09-09 20:55:45,534] {scheduler_job.py:639} INFO - DAG(s) dict_keys(['example_skip_dag']) retrieved from /home/airflow/.local/lib/python3.6/site-packages/airflow/example_dags/example_skip_dag.py
[2024-09-09 20:55:45,562] {logging_mixin.py:104} INFO - [2024-09-09 20:55:45,561] {dag.py:1824} INFO - Sync 1 DAGs
[2024-09-09 20:55:45,579] {logging_mixin.py:104} INFO - [2024-09-09 20:55:45,579] {dag.py:2280} INFO - Setting next_dagrun for example_skip_dag to 2024-09-07 00:00:00+00:00
[2024-09-09 20:55:45,590] {scheduler_job.py:190} INFO - Processing /home/airflow/.local/lib/python3.6/site-packages/airflow/example_dags/example_skip_dag.py took 0.072 seconds
[2024-09-09 20:56:15,960] {scheduler_job.py:182} INFO - Started process (PID=290) to work on /home/airflow/.local/lib/python3.6/site-packages/airflow/example_dags/example_skip_dag.py
[2024-09-09 20:56:15,961] {scheduler_job.py:629} INFO - Processing file /home/airflow/.local/lib/python3.6/site-packages/airflow/example_dags/example_skip_dag.py for tasks to queue
[2024-09-09 20:56:15,962] {logging_mixin.py:104} INFO - [2024-09-09 20:56:15,962] {dagbag.py:451} INFO - Filling up the DagBag from /home/airflow/.local/lib/python3.6/site-packages/airflow/example_dags/example_skip_dag.py
[2024-09-09 20:56:15,973] {scheduler_job.py:639} INFO - DAG(s) dict_keys(['example_skip_dag']) retrieved from /home/airflow/.local/lib/python3.6/site-packages/airflow/example_dags/example_skip_dag.py
[2024-09-09 20:56:15,998] {logging_mixin.py:104} INFO - [2024-09-09 20:56:15,998] {dag.py:1824} INFO - Sync 1 DAGs
[2024-09-09 20:56:16,015] {logging_mixin.py:104} INFO - [2024-09-09 20:56:16,015] {dag.py:2280} INFO - Setting next_dagrun for example_skip_dag to 2024-09-07 00:00:00+00:00
[2024-09-09 20:56:16,024] {scheduler_job.py:190} INFO - Processing /home/airflow/.local/lib/python3.6/site-packages/airflow/example_dags/example_skip_dag.py took 0.068 seconds
[2024-09-09 20:56:46,451] {scheduler_job.py:182} INFO - Started process (PID=320) to work on /home/airflow/.local/lib/python3.6/site-packages/airflow/example_dags/example_skip_dag.py
[2024-09-09 20:56:46,452] {scheduler_job.py:629} INFO - Processing file /home/airflow/.local/lib/python3.6/site-packages/airflow/example_dags/example_skip_dag.py for tasks to queue
[2024-09-09 20:56:46,453] {logging_mixin.py:104} INFO - [2024-09-09 20:56:46,453] {dagbag.py:451} INFO - Filling up the DagBag from /home/airflow/.local/lib/python3.6/site-packages/airflow/example_dags/example_skip_dag.py
[2024-09-09 20:56:46,466] {scheduler_job.py:639} INFO - DAG(s) dict_keys(['example_skip_dag']) retrieved from /home/airflow/.local/lib/python3.6/site-packages/airflow/example_dags/example_skip_dag.py
[2024-09-09 20:56:46,486] {logging_mixin.py:104} INFO - [2024-09-09 20:56:46,486] {dag.py:1824} INFO - Sync 1 DAGs
[2024-09-09 20:56:46,501] {logging_mixin.py:104} INFO - [2024-09-09 20:56:46,501] {dag.py:2280} INFO - Setting next_dagrun for example_skip_dag to 2024-09-07 00:00:00+00:00
[2024-09-09 20:56:46,510] {scheduler_job.py:190} INFO - Processing /home/airflow/.local/lib/python3.6/site-packages/airflow/example_dags/example_skip_dag.py took 0.062 seconds
[2024-09-09 20:57:16,975] {scheduler_job.py:182} INFO - Started process (PID=346) to work on /home/airflow/.local/lib/python3.6/site-packages/airflow/example_dags/example_skip_dag.py
[2024-09-09 20:57:16,976] {scheduler_job.py:629} INFO - Processing file /home/airflow/.local/lib/python3.6/site-packages/airflow/example_dags/example_skip_dag.py for tasks to queue
[2024-09-09 20:57:16,977] {logging_mixin.py:104} INFO - [2024-09-09 20:57:16,976] {dagbag.py:451} INFO - Filling up the DagBag from /home/airflow/.local/lib/python3.6/site-packages/airflow/example_dags/example_skip_dag.py
[2024-09-09 20:57:16,991] {scheduler_job.py:639} INFO - DAG(s) dict_keys(['example_skip_dag']) retrieved from /home/airflow/.local/lib/python3.6/site-packages/airflow/example_dags/example_skip_dag.py
[2024-09-09 20:57:17,011] {logging_mixin.py:104} INFO - [2024-09-09 20:57:17,010] {dag.py:1824} INFO - Sync 1 DAGs
[2024-09-09 20:57:17,026] {logging_mixin.py:104} INFO - [2024-09-09 20:57:17,026] {dag.py:2280} INFO - Setting next_dagrun for example_skip_dag to 2024-09-07 00:00:00+00:00
[2024-09-09 20:57:17,036] {scheduler_job.py:190} INFO - Processing /home/airflow/.local/lib/python3.6/site-packages/airflow/example_dags/example_skip_dag.py took 0.063 seconds
[2024-09-09 20:57:47,586] {scheduler_job.py:182} INFO - Started process (PID=376) to work on /home/airflow/.local/lib/python3.6/site-packages/airflow/example_dags/example_skip_dag.py
[2024-09-09 20:57:47,587] {scheduler_job.py:629} INFO - Processing file /home/airflow/.local/lib/python3.6/site-packages/airflow/example_dags/example_skip_dag.py for tasks to queue
[2024-09-09 20:57:47,588] {logging_mixin.py:104} INFO - [2024-09-09 20:57:47,588] {dagbag.py:451} INFO - Filling up the DagBag from /home/airflow/.local/lib/python3.6/site-packages/airflow/example_dags/example_skip_dag.py
[2024-09-09 20:57:47,601] {scheduler_job.py:639} INFO - DAG(s) dict_keys(['example_skip_dag']) retrieved from /home/airflow/.local/lib/python3.6/site-packages/airflow/example_dags/example_skip_dag.py
[2024-09-09 20:57:47,622] {logging_mixin.py:104} INFO - [2024-09-09 20:57:47,622] {dag.py:1824} INFO - Sync 1 DAGs
[2024-09-09 20:57:47,637] {logging_mixin.py:104} INFO - [2024-09-09 20:57:47,637] {dag.py:2280} INFO - Setting next_dagrun for example_skip_dag to 2024-09-07 00:00:00+00:00
[2024-09-09 20:57:47,648] {scheduler_job.py:190} INFO - Processing /home/airflow/.local/lib/python3.6/site-packages/airflow/example_dags/example_skip_dag.py took 0.065 seconds
[2024-09-09 20:58:17,919] {scheduler_job.py:182} INFO - Started process (PID=402) to work on /home/airflow/.local/lib/python3.6/site-packages/airflow/example_dags/example_skip_dag.py
[2024-09-09 20:58:17,920] {scheduler_job.py:629} INFO - Processing file /home/airflow/.local/lib/python3.6/site-packages/airflow/example_dags/example_skip_dag.py for tasks to queue
[2024-09-09 20:58:17,921] {logging_mixin.py:104} INFO - [2024-09-09 20:58:17,921] {dagbag.py:451} INFO - Filling up the DagBag from /home/airflow/.local/lib/python3.6/site-packages/airflow/example_dags/example_skip_dag.py
[2024-09-09 20:58:17,935] {scheduler_job.py:639} INFO - DAG(s) dict_keys(['example_skip_dag']) retrieved from /home/airflow/.local/lib/python3.6/site-packages/airflow/example_dags/example_skip_dag.py
[2024-09-09 20:58:17,959] {logging_mixin.py:104} INFO - [2024-09-09 20:58:17,959] {dag.py:1824} INFO - Sync 1 DAGs
[2024-09-09 20:58:17,976] {logging_mixin.py:104} INFO - [2024-09-09 20:58:17,976] {dag.py:2280} INFO - Setting next_dagrun for example_skip_dag to 2024-09-07 00:00:00+00:00
[2024-09-09 20:58:17,987] {scheduler_job.py:190} INFO - Processing /home/airflow/.local/lib/python3.6/site-packages/airflow/example_dags/example_skip_dag.py took 0.071 seconds
[2024-09-09 20:58:48,344] {scheduler_job.py:182} INFO - Started process (PID=429) to work on /home/airflow/.local/lib/python3.6/site-packages/airflow/example_dags/example_skip_dag.py
[2024-09-09 20:58:48,349] {scheduler_job.py:629} INFO - Processing file /home/airflow/.local/lib/python3.6/site-packages/airflow/example_dags/example_skip_dag.py for tasks to queue
[2024-09-09 20:58:48,350] {logging_mixin.py:104} INFO - [2024-09-09 20:58:48,350] {dagbag.py:451} INFO - Filling up the DagBag from /home/airflow/.local/lib/python3.6/site-packages/airflow/example_dags/example_skip_dag.py
[2024-09-09 20:58:48,360] {scheduler_job.py:639} INFO - DAG(s) dict_keys(['example_skip_dag']) retrieved from /home/airflow/.local/lib/python3.6/site-packages/airflow/example_dags/example_skip_dag.py
[2024-09-09 20:58:48,383] {logging_mixin.py:104} INFO - [2024-09-09 20:58:48,383] {dag.py:1824} INFO - Sync 1 DAGs
[2024-09-09 20:58:48,398] {logging_mixin.py:104} INFO - [2024-09-09 20:58:48,398] {dag.py:2280} INFO - Setting next_dagrun for example_skip_dag to 2024-09-07 00:00:00+00:00
[2024-09-09 20:58:48,408] {scheduler_job.py:190} INFO - Processing /home/airflow/.local/lib/python3.6/site-packages/airflow/example_dags/example_skip_dag.py took 0.066 seconds
[2024-09-09 20:59:18,665] {scheduler_job.py:182} INFO - Started process (PID=456) to work on /home/airflow/.local/lib/python3.6/site-packages/airflow/example_dags/example_skip_dag.py
[2024-09-09 20:59:18,666] {scheduler_job.py:629} INFO - Processing file /home/airflow/.local/lib/python3.6/site-packages/airflow/example_dags/example_skip_dag.py for tasks to queue
[2024-09-09 20:59:18,667] {logging_mixin.py:104} INFO - [2024-09-09 20:59:18,667] {dagbag.py:451} INFO - Filling up the DagBag from /home/airflow/.local/lib/python3.6/site-packages/airflow/example_dags/example_skip_dag.py
[2024-09-09 20:59:18,677] {scheduler_job.py:639} INFO - DAG(s) dict_keys(['example_skip_dag']) retrieved from /home/airflow/.local/lib/python3.6/site-packages/airflow/example_dags/example_skip_dag.py
[2024-09-09 20:59:18,699] {logging_mixin.py:104} INFO - [2024-09-09 20:59:18,698] {dag.py:1824} INFO - Sync 1 DAGs
[2024-09-09 20:59:18,715] {logging_mixin.py:104} INFO - [2024-09-09 20:59:18,715] {dag.py:2280} INFO - Setting next_dagrun for example_skip_dag to 2024-09-07 00:00:00+00:00
[2024-09-09 20:59:18,725] {scheduler_job.py:190} INFO - Processing /home/airflow/.local/lib/python3.6/site-packages/airflow/example_dags/example_skip_dag.py took 0.063 seconds
[2024-09-09 20:59:49,031] {scheduler_job.py:182} INFO - Started process (PID=482) to work on /home/airflow/.local/lib/python3.6/site-packages/airflow/example_dags/example_skip_dag.py
[2024-09-09 20:59:49,032] {scheduler_job.py:629} INFO - Processing file /home/airflow/.local/lib/python3.6/site-packages/airflow/example_dags/example_skip_dag.py for tasks to queue
[2024-09-09 20:59:49,033] {logging_mixin.py:104} INFO - [2024-09-09 20:59:49,033] {dagbag.py:451} INFO - Filling up the DagBag from /home/airflow/.local/lib/python3.6/site-packages/airflow/example_dags/example_skip_dag.py
[2024-09-09 20:59:49,044] {scheduler_job.py:639} INFO - DAG(s) dict_keys(['example_skip_dag']) retrieved from /home/airflow/.local/lib/python3.6/site-packages/airflow/example_dags/example_skip_dag.py
[2024-09-09 20:59:49,070] {logging_mixin.py:104} INFO - [2024-09-09 20:59:49,070] {dag.py:1824} INFO - Sync 1 DAGs
[2024-09-09 20:59:49,088] {logging_mixin.py:104} INFO - [2024-09-09 20:59:49,088] {dag.py:2280} INFO - Setting next_dagrun for example_skip_dag to 2024-09-07 00:00:00+00:00
[2024-09-09 20:59:49,098] {scheduler_job.py:190} INFO - Processing /home/airflow/.local/lib/python3.6/site-packages/airflow/example_dags/example_skip_dag.py took 0.070 seconds
[2024-09-09 21:00:19,303] {scheduler_job.py:182} INFO - Started process (PID=509) to work on /home/airflow/.local/lib/python3.6/site-packages/airflow/example_dags/example_skip_dag.py
[2024-09-09 21:00:19,305] {scheduler_job.py:629} INFO - Processing file /home/airflow/.local/lib/python3.6/site-packages/airflow/example_dags/example_skip_dag.py for tasks to queue
[2024-09-09 21:00:19,306] {logging_mixin.py:104} INFO - [2024-09-09 21:00:19,306] {dagbag.py:451} INFO - Filling up the DagBag from /home/airflow/.local/lib/python3.6/site-packages/airflow/example_dags/example_skip_dag.py
[2024-09-09 21:00:19,318] {scheduler_job.py:639} INFO - DAG(s) dict_keys(['example_skip_dag']) retrieved from /home/airflow/.local/lib/python3.6/site-packages/airflow/example_dags/example_skip_dag.py
[2024-09-09 21:00:19,340] {logging_mixin.py:104} INFO - [2024-09-09 21:00:19,340] {dag.py:1824} INFO - Sync 1 DAGs
[2024-09-09 21:00:19,357] {logging_mixin.py:104} INFO - [2024-09-09 21:00:19,357] {dag.py:2280} INFO - Setting next_dagrun for example_skip_dag to 2024-09-07 00:00:00+00:00
[2024-09-09 21:00:19,368] {scheduler_job.py:190} INFO - Processing /home/airflow/.local/lib/python3.6/site-packages/airflow/example_dags/example_skip_dag.py took 0.068 seconds
[2024-09-09 21:00:49,653] {scheduler_job.py:182} INFO - Started process (PID=535) to work on /home/airflow/.local/lib/python3.6/site-packages/airflow/example_dags/example_skip_dag.py
[2024-09-09 21:00:49,654] {scheduler_job.py:629} INFO - Processing file /home/airflow/.local/lib/python3.6/site-packages/airflow/example_dags/example_skip_dag.py for tasks to queue
[2024-09-09 21:00:49,655] {logging_mixin.py:104} INFO - [2024-09-09 21:00:49,655] {dagbag.py:451} INFO - Filling up the DagBag from /home/airflow/.local/lib/python3.6/site-packages/airflow/example_dags/example_skip_dag.py
[2024-09-09 21:00:49,667] {scheduler_job.py:639} INFO - DAG(s) dict_keys(['example_skip_dag']) retrieved from /home/airflow/.local/lib/python3.6/site-packages/airflow/example_dags/example_skip_dag.py
[2024-09-09 21:00:49,692] {logging_mixin.py:104} INFO - [2024-09-09 21:00:49,692] {dag.py:1824} INFO - Sync 1 DAGs
[2024-09-09 21:00:49,709] {logging_mixin.py:104} INFO - [2024-09-09 21:00:49,708] {dag.py:2280} INFO - Setting next_dagrun for example_skip_dag to 2024-09-07 00:00:00+00:00
[2024-09-09 21:00:49,718] {scheduler_job.py:190} INFO - Processing /home/airflow/.local/lib/python3.6/site-packages/airflow/example_dags/example_skip_dag.py took 0.068 seconds
[2024-09-09 21:01:19,970] {scheduler_job.py:182} INFO - Started process (PID=562) to work on /home/airflow/.local/lib/python3.6/site-packages/airflow/example_dags/example_skip_dag.py
[2024-09-09 21:01:19,971] {scheduler_job.py:629} INFO - Processing file /home/airflow/.local/lib/python3.6/site-packages/airflow/example_dags/example_skip_dag.py for tasks to queue
[2024-09-09 21:01:19,972] {logging_mixin.py:104} INFO - [2024-09-09 21:01:19,972] {dagbag.py:451} INFO - Filling up the DagBag from /home/airflow/.local/lib/python3.6/site-packages/airflow/example_dags/example_skip_dag.py
[2024-09-09 21:01:19,982] {scheduler_job.py:639} INFO - DAG(s) dict_keys(['example_skip_dag']) retrieved from /home/airflow/.local/lib/python3.6/site-packages/airflow/example_dags/example_skip_dag.py
[2024-09-09 21:01:20,013] {logging_mixin.py:104} INFO - [2024-09-09 21:01:20,013] {dag.py:1824} INFO - Sync 1 DAGs
[2024-09-09 21:01:20,030] {logging_mixin.py:104} INFO - [2024-09-09 21:01:20,030] {dag.py:2280} INFO - Setting next_dagrun for example_skip_dag to 2024-09-07 00:00:00+00:00
[2024-09-09 21:01:20,041] {scheduler_job.py:190} INFO - Processing /home/airflow/.local/lib/python3.6/site-packages/airflow/example_dags/example_skip_dag.py took 0.074 seconds
[2024-09-09 21:01:50,209] {scheduler_job.py:182} INFO - Started process (PID=588) to work on /home/airflow/.local/lib/python3.6/site-packages/airflow/example_dags/example_skip_dag.py
[2024-09-09 21:01:50,210] {scheduler_job.py:629} INFO - Processing file /home/airflow/.local/lib/python3.6/site-packages/airflow/example_dags/example_skip_dag.py for tasks to queue
[2024-09-09 21:01:50,211] {logging_mixin.py:104} INFO - [2024-09-09 21:01:50,211] {dagbag.py:451} INFO - Filling up the DagBag from /home/airflow/.local/lib/python3.6/site-packages/airflow/example_dags/example_skip_dag.py
[2024-09-09 21:01:50,222] {scheduler_job.py:639} INFO - DAG(s) dict_keys(['example_skip_dag']) retrieved from /home/airflow/.local/lib/python3.6/site-packages/airflow/example_dags/example_skip_dag.py
[2024-09-09 21:01:50,243] {logging_mixin.py:104} INFO - [2024-09-09 21:01:50,243] {dag.py:1824} INFO - Sync 1 DAGs
[2024-09-09 21:01:50,259] {logging_mixin.py:104} INFO - [2024-09-09 21:01:50,258] {dag.py:2280} INFO - Setting next_dagrun for example_skip_dag to 2024-09-07 00:00:00+00:00
[2024-09-09 21:01:50,269] {scheduler_job.py:190} INFO - Processing /home/airflow/.local/lib/python3.6/site-packages/airflow/example_dags/example_skip_dag.py took 0.063 seconds
[2024-09-09 21:02:20,601] {scheduler_job.py:182} INFO - Started process (PID=616) to work on /home/airflow/.local/lib/python3.6/site-packages/airflow/example_dags/example_skip_dag.py
[2024-09-09 21:02:20,602] {scheduler_job.py:629} INFO - Processing file /home/airflow/.local/lib/python3.6/site-packages/airflow/example_dags/example_skip_dag.py for tasks to queue
[2024-09-09 21:02:20,603] {logging_mixin.py:104} INFO - [2024-09-09 21:02:20,603] {dagbag.py:451} INFO - Filling up the DagBag from /home/airflow/.local/lib/python3.6/site-packages/airflow/example_dags/example_skip_dag.py
[2024-09-09 21:02:20,614] {scheduler_job.py:639} INFO - DAG(s) dict_keys(['example_skip_dag']) retrieved from /home/airflow/.local/lib/python3.6/site-packages/airflow/example_dags/example_skip_dag.py
[2024-09-09 21:02:20,637] {logging_mixin.py:104} INFO - [2024-09-09 21:02:20,637] {dag.py:1824} INFO - Sync 1 DAGs
[2024-09-09 21:02:20,655] {logging_mixin.py:104} INFO - [2024-09-09 21:02:20,655] {dag.py:2280} INFO - Setting next_dagrun for example_skip_dag to 2024-09-07 00:00:00+00:00
[2024-09-09 21:02:20,666] {scheduler_job.py:190} INFO - Processing /home/airflow/.local/lib/python3.6/site-packages/airflow/example_dags/example_skip_dag.py took 0.068 seconds
[2024-09-09 21:02:50,937] {scheduler_job.py:182} INFO - Started process (PID=643) to work on /home/airflow/.local/lib/python3.6/site-packages/airflow/example_dags/example_skip_dag.py
[2024-09-09 21:02:50,938] {scheduler_job.py:629} INFO - Processing file /home/airflow/.local/lib/python3.6/site-packages/airflow/example_dags/example_skip_dag.py for tasks to queue
[2024-09-09 21:02:50,939] {logging_mixin.py:104} INFO - [2024-09-09 21:02:50,939] {dagbag.py:451} INFO - Filling up the DagBag from /home/airflow/.local/lib/python3.6/site-packages/airflow/example_dags/example_skip_dag.py
[2024-09-09 21:02:50,950] {scheduler_job.py:639} INFO - DAG(s) dict_keys(['example_skip_dag']) retrieved from /home/airflow/.local/lib/python3.6/site-packages/airflow/example_dags/example_skip_dag.py
[2024-09-09 21:02:50,971] {logging_mixin.py:104} INFO - [2024-09-09 21:02:50,971] {dag.py:1824} INFO - Sync 1 DAGs
[2024-09-09 21:02:50,989] {logging_mixin.py:104} INFO - [2024-09-09 21:02:50,988] {dag.py:2280} INFO - Setting next_dagrun for example_skip_dag to 2024-09-07 00:00:00+00:00
[2024-09-09 21:02:50,999] {scheduler_job.py:190} INFO - Processing /home/airflow/.local/lib/python3.6/site-packages/airflow/example_dags/example_skip_dag.py took 0.065 seconds
[2024-09-09 21:03:21,303] {scheduler_job.py:182} INFO - Started process (PID=670) to work on /home/airflow/.local/lib/python3.6/site-packages/airflow/example_dags/example_skip_dag.py
[2024-09-09 21:03:21,304] {scheduler_job.py:629} INFO - Processing file /home/airflow/.local/lib/python3.6/site-packages/airflow/example_dags/example_skip_dag.py for tasks to queue
[2024-09-09 21:03:21,304] {logging_mixin.py:104} INFO - [2024-09-09 21:03:21,304] {dagbag.py:451} INFO - Filling up the DagBag from /home/airflow/.local/lib/python3.6/site-packages/airflow/example_dags/example_skip_dag.py
[2024-09-09 21:03:21,315] {scheduler_job.py:639} INFO - DAG(s) dict_keys(['example_skip_dag']) retrieved from /home/airflow/.local/lib/python3.6/site-packages/airflow/example_dags/example_skip_dag.py
[2024-09-09 21:03:21,337] {logging_mixin.py:104} INFO - [2024-09-09 21:03:21,337] {dag.py:1824} INFO - Sync 1 DAGs
[2024-09-09 21:03:21,354] {logging_mixin.py:104} INFO - [2024-09-09 21:03:21,353] {dag.py:2280} INFO - Setting next_dagrun for example_skip_dag to 2024-09-07 00:00:00+00:00
[2024-09-09 21:03:21,363] {scheduler_job.py:190} INFO - Processing /home/airflow/.local/lib/python3.6/site-packages/airflow/example_dags/example_skip_dag.py took 0.063 seconds
[2024-09-09 21:03:51,806] {scheduler_job.py:182} INFO - Started process (PID=700) to work on /home/airflow/.local/lib/python3.6/site-packages/airflow/example_dags/example_skip_dag.py
[2024-09-09 21:03:51,808] {scheduler_job.py:629} INFO - Processing file /home/airflow/.local/lib/python3.6/site-packages/airflow/example_dags/example_skip_dag.py for tasks to queue
[2024-09-09 21:03:51,809] {logging_mixin.py:104} INFO - [2024-09-09 21:03:51,809] {dagbag.py:451} INFO - Filling up the DagBag from /home/airflow/.local/lib/python3.6/site-packages/airflow/example_dags/example_skip_dag.py
[2024-09-09 21:03:51,820] {scheduler_job.py:639} INFO - DAG(s) dict_keys(['example_skip_dag']) retrieved from /home/airflow/.local/lib/python3.6/site-packages/airflow/example_dags/example_skip_dag.py
[2024-09-09 21:03:51,841] {logging_mixin.py:104} INFO - [2024-09-09 21:03:51,841] {dag.py:1824} INFO - Sync 1 DAGs
[2024-09-09 21:03:51,859] {logging_mixin.py:104} INFO - [2024-09-09 21:03:51,858] {dag.py:2280} INFO - Setting next_dagrun for example_skip_dag to 2024-09-07 00:00:00+00:00
[2024-09-09 21:03:51,868] {scheduler_job.py:190} INFO - Processing /home/airflow/.local/lib/python3.6/site-packages/airflow/example_dags/example_skip_dag.py took 0.066 seconds
[2024-09-09 21:04:22,135] {scheduler_job.py:182} INFO - Started process (PID=726) to work on /home/airflow/.local/lib/python3.6/site-packages/airflow/example_dags/example_skip_dag.py
[2024-09-09 21:04:22,136] {scheduler_job.py:629} INFO - Processing file /home/airflow/.local/lib/python3.6/site-packages/airflow/example_dags/example_skip_dag.py for tasks to queue
[2024-09-09 21:04:22,137] {logging_mixin.py:104} INFO - [2024-09-09 21:04:22,137] {dagbag.py:451} INFO - Filling up the DagBag from /home/airflow/.local/lib/python3.6/site-packages/airflow/example_dags/example_skip_dag.py
[2024-09-09 21:04:22,148] {scheduler_job.py:639} INFO - DAG(s) dict_keys(['example_skip_dag']) retrieved from /home/airflow/.local/lib/python3.6/site-packages/airflow/example_dags/example_skip_dag.py
[2024-09-09 21:04:22,170] {logging_mixin.py:104} INFO - [2024-09-09 21:04:22,170] {dag.py:1824} INFO - Sync 1 DAGs
[2024-09-09 21:04:22,187] {logging_mixin.py:104} INFO - [2024-09-09 21:04:22,187] {dag.py:2280} INFO - Setting next_dagrun for example_skip_dag to 2024-09-07 00:00:00+00:00
[2024-09-09 21:04:22,197] {scheduler_job.py:190} INFO - Processing /home/airflow/.local/lib/python3.6/site-packages/airflow/example_dags/example_skip_dag.py took 0.067 seconds
[2024-09-09 21:04:52,482] {scheduler_job.py:182} INFO - Started process (PID=753) to work on /home/airflow/.local/lib/python3.6/site-packages/airflow/example_dags/example_skip_dag.py
[2024-09-09 21:04:52,484] {scheduler_job.py:629} INFO - Processing file /home/airflow/.local/lib/python3.6/site-packages/airflow/example_dags/example_skip_dag.py for tasks to queue
[2024-09-09 21:04:52,484] {logging_mixin.py:104} INFO - [2024-09-09 21:04:52,484] {dagbag.py:451} INFO - Filling up the DagBag from /home/airflow/.local/lib/python3.6/site-packages/airflow/example_dags/example_skip_dag.py
[2024-09-09 21:04:52,496] {scheduler_job.py:639} INFO - DAG(s) dict_keys(['example_skip_dag']) retrieved from /home/airflow/.local/lib/python3.6/site-packages/airflow/example_dags/example_skip_dag.py
[2024-09-09 21:04:52,519] {logging_mixin.py:104} INFO - [2024-09-09 21:04:52,519] {dag.py:1824} INFO - Sync 1 DAGs
[2024-09-09 21:04:52,537] {logging_mixin.py:104} INFO - [2024-09-09 21:04:52,537] {dag.py:2280} INFO - Setting next_dagrun for example_skip_dag to 2024-09-07 00:00:00+00:00
[2024-09-09 21:04:52,549] {scheduler_job.py:190} INFO - Processing /home/airflow/.local/lib/python3.6/site-packages/airflow/example_dags/example_skip_dag.py took 0.070 seconds
[2024-09-09 21:11:38,448] {scheduler_job.py:182} INFO - Started process (PID=40) to work on /home/airflow/.local/lib/python3.6/site-packages/airflow/example_dags/example_skip_dag.py
[2024-09-09 21:11:38,449] {scheduler_job.py:629} INFO - Processing file /home/airflow/.local/lib/python3.6/site-packages/airflow/example_dags/example_skip_dag.py for tasks to queue
[2024-09-09 21:11:38,449] {logging_mixin.py:104} INFO - [2024-09-09 21:11:38,449] {dagbag.py:451} INFO - Filling up the DagBag from /home/airflow/.local/lib/python3.6/site-packages/airflow/example_dags/example_skip_dag.py
[2024-09-09 21:11:38,458] {scheduler_job.py:639} INFO - DAG(s) dict_keys(['example_skip_dag']) retrieved from /home/airflow/.local/lib/python3.6/site-packages/airflow/example_dags/example_skip_dag.py
[2024-09-09 21:11:38,475] {logging_mixin.py:104} INFO - [2024-09-09 21:11:38,475] {dag.py:1824} INFO - Sync 1 DAGs
[2024-09-09 21:11:38,490] {logging_mixin.py:104} INFO - [2024-09-09 21:11:38,490] {dag.py:2280} INFO - Setting next_dagrun for example_skip_dag to 2024-09-07 00:00:00+00:00
[2024-09-09 21:11:38,498] {scheduler_job.py:190} INFO - Processing /home/airflow/.local/lib/python3.6/site-packages/airflow/example_dags/example_skip_dag.py took 0.053 seconds
[2024-09-09 21:12:08,967] {scheduler_job.py:182} INFO - Started process (PID=68) to work on /home/airflow/.local/lib/python3.6/site-packages/airflow/example_dags/example_skip_dag.py
[2024-09-09 21:12:08,969] {scheduler_job.py:629} INFO - Processing file /home/airflow/.local/lib/python3.6/site-packages/airflow/example_dags/example_skip_dag.py for tasks to queue
[2024-09-09 21:12:08,969] {logging_mixin.py:104} INFO - [2024-09-09 21:12:08,969] {dagbag.py:451} INFO - Filling up the DagBag from /home/airflow/.local/lib/python3.6/site-packages/airflow/example_dags/example_skip_dag.py
[2024-09-09 21:12:08,982] {scheduler_job.py:639} INFO - DAG(s) dict_keys(['example_skip_dag']) retrieved from /home/airflow/.local/lib/python3.6/site-packages/airflow/example_dags/example_skip_dag.py
[2024-09-09 21:12:09,007] {logging_mixin.py:104} INFO - [2024-09-09 21:12:09,006] {dag.py:1824} INFO - Sync 1 DAGs
[2024-09-09 21:12:09,026] {logging_mixin.py:104} INFO - [2024-09-09 21:12:09,026] {dag.py:2280} INFO - Setting next_dagrun for example_skip_dag to 2024-09-07 00:00:00+00:00
[2024-09-09 21:12:09,035] {scheduler_job.py:190} INFO - Processing /home/airflow/.local/lib/python3.6/site-packages/airflow/example_dags/example_skip_dag.py took 0.071 seconds
[2024-09-09 21:12:39,253] {scheduler_job.py:182} INFO - Started process (PID=97) to work on /home/airflow/.local/lib/python3.6/site-packages/airflow/example_dags/example_skip_dag.py
[2024-09-09 21:12:39,254] {scheduler_job.py:629} INFO - Processing file /home/airflow/.local/lib/python3.6/site-packages/airflow/example_dags/example_skip_dag.py for tasks to queue
[2024-09-09 21:12:39,255] {logging_mixin.py:104} INFO - [2024-09-09 21:12:39,254] {dagbag.py:451} INFO - Filling up the DagBag from /home/airflow/.local/lib/python3.6/site-packages/airflow/example_dags/example_skip_dag.py
[2024-09-09 21:12:39,264] {scheduler_job.py:639} INFO - DAG(s) dict_keys(['example_skip_dag']) retrieved from /home/airflow/.local/lib/python3.6/site-packages/airflow/example_dags/example_skip_dag.py
[2024-09-09 21:12:39,288] {logging_mixin.py:104} INFO - [2024-09-09 21:12:39,287] {dag.py:1824} INFO - Sync 1 DAGs
[2024-09-09 21:12:39,305] {logging_mixin.py:104} INFO - [2024-09-09 21:12:39,305] {dag.py:2280} INFO - Setting next_dagrun for example_skip_dag to 2024-09-07 00:00:00+00:00
[2024-09-09 21:12:39,313] {scheduler_job.py:190} INFO - Processing /home/airflow/.local/lib/python3.6/site-packages/airflow/example_dags/example_skip_dag.py took 0.064 seconds
[2024-09-09 21:13:09,577] {scheduler_job.py:182} INFO - Started process (PID=125) to work on /home/airflow/.local/lib/python3.6/site-packages/airflow/example_dags/example_skip_dag.py
[2024-09-09 21:13:09,578] {scheduler_job.py:629} INFO - Processing file /home/airflow/.local/lib/python3.6/site-packages/airflow/example_dags/example_skip_dag.py for tasks to queue
[2024-09-09 21:13:09,578] {logging_mixin.py:104} INFO - [2024-09-09 21:13:09,578] {dagbag.py:451} INFO - Filling up the DagBag from /home/airflow/.local/lib/python3.6/site-packages/airflow/example_dags/example_skip_dag.py
[2024-09-09 21:13:09,589] {scheduler_job.py:639} INFO - DAG(s) dict_keys(['example_skip_dag']) retrieved from /home/airflow/.local/lib/python3.6/site-packages/airflow/example_dags/example_skip_dag.py
[2024-09-09 21:13:09,612] {logging_mixin.py:104} INFO - [2024-09-09 21:13:09,612] {dag.py:1824} INFO - Sync 1 DAGs
[2024-09-09 21:13:09,631] {logging_mixin.py:104} INFO - [2024-09-09 21:13:09,631] {dag.py:2280} INFO - Setting next_dagrun for example_skip_dag to 2024-09-07 00:00:00+00:00
[2024-09-09 21:13:09,641] {scheduler_job.py:190} INFO - Processing /home/airflow/.local/lib/python3.6/site-packages/airflow/example_dags/example_skip_dag.py took 0.067 seconds
[2024-09-09 21:13:40,021] {scheduler_job.py:182} INFO - Started process (PID=153) to work on /home/airflow/.local/lib/python3.6/site-packages/airflow/example_dags/example_skip_dag.py
[2024-09-09 21:13:40,022] {scheduler_job.py:629} INFO - Processing file /home/airflow/.local/lib/python3.6/site-packages/airflow/example_dags/example_skip_dag.py for tasks to queue
[2024-09-09 21:13:40,022] {logging_mixin.py:104} INFO - [2024-09-09 21:13:40,022] {dagbag.py:451} INFO - Filling up the DagBag from /home/airflow/.local/lib/python3.6/site-packages/airflow/example_dags/example_skip_dag.py
[2024-09-09 21:13:40,034] {scheduler_job.py:639} INFO - DAG(s) dict_keys(['example_skip_dag']) retrieved from /home/airflow/.local/lib/python3.6/site-packages/airflow/example_dags/example_skip_dag.py
[2024-09-09 21:13:40,057] {logging_mixin.py:104} INFO - [2024-09-09 21:13:40,056] {dag.py:1824} INFO - Sync 1 DAGs
[2024-09-09 21:13:40,075] {logging_mixin.py:104} INFO - [2024-09-09 21:13:40,075] {dag.py:2280} INFO - Setting next_dagrun for example_skip_dag to 2024-09-07 00:00:00+00:00
[2024-09-09 21:13:40,086] {scheduler_job.py:190} INFO - Processing /home/airflow/.local/lib/python3.6/site-packages/airflow/example_dags/example_skip_dag.py took 0.068 seconds
[2024-09-09 21:14:10,603] {scheduler_job.py:182} INFO - Started process (PID=181) to work on /home/airflow/.local/lib/python3.6/site-packages/airflow/example_dags/example_skip_dag.py
[2024-09-09 21:14:10,604] {scheduler_job.py:629} INFO - Processing file /home/airflow/.local/lib/python3.6/site-packages/airflow/example_dags/example_skip_dag.py for tasks to queue
[2024-09-09 21:14:10,605] {logging_mixin.py:104} INFO - [2024-09-09 21:14:10,605] {dagbag.py:451} INFO - Filling up the DagBag from /home/airflow/.local/lib/python3.6/site-packages/airflow/example_dags/example_skip_dag.py
[2024-09-09 21:14:10,621] {scheduler_job.py:639} INFO - DAG(s) dict_keys(['example_skip_dag']) retrieved from /home/airflow/.local/lib/python3.6/site-packages/airflow/example_dags/example_skip_dag.py
[2024-09-09 21:14:10,650] {logging_mixin.py:104} INFO - [2024-09-09 21:14:10,650] {dag.py:1824} INFO - Sync 1 DAGs
[2024-09-09 21:14:10,677] {logging_mixin.py:104} INFO - [2024-09-09 21:14:10,677] {dag.py:2280} INFO - Setting next_dagrun for example_skip_dag to 2024-09-07 00:00:00+00:00
[2024-09-09 21:14:10,693] {scheduler_job.py:190} INFO - Processing /home/airflow/.local/lib/python3.6/site-packages/airflow/example_dags/example_skip_dag.py took 0.095 seconds
[2024-09-09 21:14:41,282] {scheduler_job.py:182} INFO - Started process (PID=212) to work on /home/airflow/.local/lib/python3.6/site-packages/airflow/example_dags/example_skip_dag.py
[2024-09-09 21:14:41,283] {scheduler_job.py:629} INFO - Processing file /home/airflow/.local/lib/python3.6/site-packages/airflow/example_dags/example_skip_dag.py for tasks to queue
[2024-09-09 21:14:41,284] {logging_mixin.py:104} INFO - [2024-09-09 21:14:41,284] {dagbag.py:451} INFO - Filling up the DagBag from /home/airflow/.local/lib/python3.6/site-packages/airflow/example_dags/example_skip_dag.py
[2024-09-09 21:14:41,298] {scheduler_job.py:639} INFO - DAG(s) dict_keys(['example_skip_dag']) retrieved from /home/airflow/.local/lib/python3.6/site-packages/airflow/example_dags/example_skip_dag.py
[2024-09-09 21:14:41,326] {logging_mixin.py:104} INFO - [2024-09-09 21:14:41,326] {dag.py:1824} INFO - Sync 1 DAGs
[2024-09-09 21:14:41,343] {logging_mixin.py:104} INFO - [2024-09-09 21:14:41,343] {dag.py:2280} INFO - Setting next_dagrun for example_skip_dag to 2024-09-07 00:00:00+00:00
[2024-09-09 21:14:41,354] {scheduler_job.py:190} INFO - Processing /home/airflow/.local/lib/python3.6/site-packages/airflow/example_dags/example_skip_dag.py took 0.076 seconds
