[2024-09-09 09:52:26,579] {scheduler_job.py:182} INFO - Started process (PID=42) to work on /home/airflow/.local/lib/python3.6/site-packages/airflow/example_dags/example_short_circuit_operator.py
[2024-09-09 09:52:26,580] {scheduler_job.py:629} INFO - Processing file /home/airflow/.local/lib/python3.6/site-packages/airflow/example_dags/example_short_circuit_operator.py for tasks to queue
[2024-09-09 09:52:26,581] {logging_mixin.py:104} INFO - [2024-09-09 09:52:26,581] {dagbag.py:451} INFO - Filling up the DagBag from /home/airflow/.local/lib/python3.6/site-packages/airflow/example_dags/example_short_circuit_operator.py
[2024-09-09 09:52:26,598] {scheduler_job.py:639} INFO - DAG(s) dict_keys(['example_short_circuit_operator']) retrieved from /home/airflow/.local/lib/python3.6/site-packages/airflow/example_dags/example_short_circuit_operator.py
[2024-09-09 09:52:26,627] {logging_mixin.py:104} INFO - [2024-09-09 09:52:26,626] {dag.py:1824} INFO - Sync 1 DAGs
[2024-09-09 09:52:26,638] {logging_mixin.py:104} INFO - [2024-09-09 09:52:26,638] {dag.py:1843} INFO - Creating ORM DAG for example_short_circuit_operator
[2024-09-09 09:52:26,645] {logging_mixin.py:104} INFO - [2024-09-09 09:52:26,645] {dag.py:2280} INFO - Setting next_dagrun for example_short_circuit_operator to 2024-09-07 00:00:00+00:00
[2024-09-09 09:52:26,662] {scheduler_job.py:190} INFO - Processing /home/airflow/.local/lib/python3.6/site-packages/airflow/example_dags/example_short_circuit_operator.py took 0.092 seconds
[2024-09-09 09:52:57,621] {scheduler_job.py:182} INFO - Started process (PID=72) to work on /home/airflow/.local/lib/python3.6/site-packages/airflow/example_dags/example_short_circuit_operator.py
[2024-09-09 09:52:57,621] {scheduler_job.py:629} INFO - Processing file /home/airflow/.local/lib/python3.6/site-packages/airflow/example_dags/example_short_circuit_operator.py for tasks to queue
[2024-09-09 09:52:57,622] {logging_mixin.py:104} INFO - [2024-09-09 09:52:57,622] {dagbag.py:451} INFO - Filling up the DagBag from /home/airflow/.local/lib/python3.6/site-packages/airflow/example_dags/example_short_circuit_operator.py
[2024-09-09 09:52:57,638] {scheduler_job.py:639} INFO - DAG(s) dict_keys(['example_short_circuit_operator']) retrieved from /home/airflow/.local/lib/python3.6/site-packages/airflow/example_dags/example_short_circuit_operator.py
[2024-09-09 09:52:57,665] {logging_mixin.py:104} INFO - [2024-09-09 09:52:57,664] {dag.py:1824} INFO - Sync 1 DAGs
[2024-09-09 09:52:57,682] {logging_mixin.py:104} INFO - [2024-09-09 09:52:57,682] {dag.py:2280} INFO - Setting next_dagrun for example_short_circuit_operator to 2024-09-07 00:00:00+00:00
[2024-09-09 09:52:57,693] {scheduler_job.py:190} INFO - Processing /home/airflow/.local/lib/python3.6/site-packages/airflow/example_dags/example_short_circuit_operator.py took 0.076 seconds
[2024-09-09 20:51:42,066] {scheduler_job.py:182} INFO - Started process (PID=46) to work on /home/airflow/.local/lib/python3.6/site-packages/airflow/example_dags/example_short_circuit_operator.py
[2024-09-09 20:51:42,067] {scheduler_job.py:629} INFO - Processing file /home/airflow/.local/lib/python3.6/site-packages/airflow/example_dags/example_short_circuit_operator.py for tasks to queue
[2024-09-09 20:51:42,068] {logging_mixin.py:104} INFO - [2024-09-09 20:51:42,068] {dagbag.py:451} INFO - Filling up the DagBag from /home/airflow/.local/lib/python3.6/site-packages/airflow/example_dags/example_short_circuit_operator.py
[2024-09-09 20:51:42,085] {scheduler_job.py:639} INFO - DAG(s) dict_keys(['example_short_circuit_operator']) retrieved from /home/airflow/.local/lib/python3.6/site-packages/airflow/example_dags/example_short_circuit_operator.py
[2024-09-09 20:51:42,116] {logging_mixin.py:104} INFO - [2024-09-09 20:51:42,116] {dag.py:1824} INFO - Sync 1 DAGs
[2024-09-09 20:51:42,140] {logging_mixin.py:104} INFO - [2024-09-09 20:51:42,139] {dag.py:2280} INFO - Setting next_dagrun for example_short_circuit_operator to 2024-09-07 00:00:00+00:00
[2024-09-09 20:51:42,159] {scheduler_job.py:190} INFO - Processing /home/airflow/.local/lib/python3.6/site-packages/airflow/example_dags/example_short_circuit_operator.py took 0.097 seconds
[2024-09-09 20:52:12,664] {scheduler_job.py:182} INFO - Started process (PID=73) to work on /home/airflow/.local/lib/python3.6/site-packages/airflow/example_dags/example_short_circuit_operator.py
[2024-09-09 20:52:12,665] {scheduler_job.py:629} INFO - Processing file /home/airflow/.local/lib/python3.6/site-packages/airflow/example_dags/example_short_circuit_operator.py for tasks to queue
[2024-09-09 20:52:12,666] {logging_mixin.py:104} INFO - [2024-09-09 20:52:12,666] {dagbag.py:451} INFO - Filling up the DagBag from /home/airflow/.local/lib/python3.6/site-packages/airflow/example_dags/example_short_circuit_operator.py
[2024-09-09 20:52:12,679] {scheduler_job.py:639} INFO - DAG(s) dict_keys(['example_short_circuit_operator']) retrieved from /home/airflow/.local/lib/python3.6/site-packages/airflow/example_dags/example_short_circuit_operator.py
[2024-09-09 20:52:12,701] {logging_mixin.py:104} INFO - [2024-09-09 20:52:12,700] {dag.py:1824} INFO - Sync 1 DAGs
[2024-09-09 20:52:12,720] {logging_mixin.py:104} INFO - [2024-09-09 20:52:12,720] {dag.py:2280} INFO - Setting next_dagrun for example_short_circuit_operator to 2024-09-07 00:00:00+00:00
[2024-09-09 20:52:12,730] {scheduler_job.py:190} INFO - Processing /home/airflow/.local/lib/python3.6/site-packages/airflow/example_dags/example_short_circuit_operator.py took 0.069 seconds
[2024-09-09 20:52:43,088] {scheduler_job.py:182} INFO - Started process (PID=101) to work on /home/airflow/.local/lib/python3.6/site-packages/airflow/example_dags/example_short_circuit_operator.py
[2024-09-09 20:52:43,089] {scheduler_job.py:629} INFO - Processing file /home/airflow/.local/lib/python3.6/site-packages/airflow/example_dags/example_short_circuit_operator.py for tasks to queue
[2024-09-09 20:52:43,090] {logging_mixin.py:104} INFO - [2024-09-09 20:52:43,090] {dagbag.py:451} INFO - Filling up the DagBag from /home/airflow/.local/lib/python3.6/site-packages/airflow/example_dags/example_short_circuit_operator.py
[2024-09-09 20:52:43,103] {scheduler_job.py:639} INFO - DAG(s) dict_keys(['example_short_circuit_operator']) retrieved from /home/airflow/.local/lib/python3.6/site-packages/airflow/example_dags/example_short_circuit_operator.py
[2024-09-09 20:52:43,126] {logging_mixin.py:104} INFO - [2024-09-09 20:52:43,126] {dag.py:1824} INFO - Sync 1 DAGs
[2024-09-09 20:52:43,146] {logging_mixin.py:104} INFO - [2024-09-09 20:52:43,146] {dag.py:2280} INFO - Setting next_dagrun for example_short_circuit_operator to 2024-09-07 00:00:00+00:00
[2024-09-09 20:52:43,156] {scheduler_job.py:190} INFO - Processing /home/airflow/.local/lib/python3.6/site-packages/airflow/example_dags/example_short_circuit_operator.py took 0.071 seconds
[2024-09-09 20:53:13,352] {scheduler_job.py:182} INFO - Started process (PID=126) to work on /home/airflow/.local/lib/python3.6/site-packages/airflow/example_dags/example_short_circuit_operator.py
[2024-09-09 20:53:13,353] {scheduler_job.py:629} INFO - Processing file /home/airflow/.local/lib/python3.6/site-packages/airflow/example_dags/example_short_circuit_operator.py for tasks to queue
[2024-09-09 20:53:13,354] {logging_mixin.py:104} INFO - [2024-09-09 20:53:13,354] {dagbag.py:451} INFO - Filling up the DagBag from /home/airflow/.local/lib/python3.6/site-packages/airflow/example_dags/example_short_circuit_operator.py
[2024-09-09 20:53:13,370] {scheduler_job.py:639} INFO - DAG(s) dict_keys(['example_short_circuit_operator']) retrieved from /home/airflow/.local/lib/python3.6/site-packages/airflow/example_dags/example_short_circuit_operator.py
[2024-09-09 20:53:13,393] {logging_mixin.py:104} INFO - [2024-09-09 20:53:13,393] {dag.py:1824} INFO - Sync 1 DAGs
[2024-09-09 20:53:13,413] {logging_mixin.py:104} INFO - [2024-09-09 20:53:13,413] {dag.py:2280} INFO - Setting next_dagrun for example_short_circuit_operator to 2024-09-07 00:00:00+00:00
[2024-09-09 20:53:13,424] {scheduler_job.py:190} INFO - Processing /home/airflow/.local/lib/python3.6/site-packages/airflow/example_dags/example_short_circuit_operator.py took 0.074 seconds
[2024-09-09 20:53:43,782] {scheduler_job.py:182} INFO - Started process (PID=154) to work on /home/airflow/.local/lib/python3.6/site-packages/airflow/example_dags/example_short_circuit_operator.py
[2024-09-09 20:53:43,784] {scheduler_job.py:629} INFO - Processing file /home/airflow/.local/lib/python3.6/site-packages/airflow/example_dags/example_short_circuit_operator.py for tasks to queue
[2024-09-09 20:53:43,785] {logging_mixin.py:104} INFO - [2024-09-09 20:53:43,785] {dagbag.py:451} INFO - Filling up the DagBag from /home/airflow/.local/lib/python3.6/site-packages/airflow/example_dags/example_short_circuit_operator.py
[2024-09-09 20:53:43,798] {scheduler_job.py:639} INFO - DAG(s) dict_keys(['example_short_circuit_operator']) retrieved from /home/airflow/.local/lib/python3.6/site-packages/airflow/example_dags/example_short_circuit_operator.py
[2024-09-09 20:53:43,822] {logging_mixin.py:104} INFO - [2024-09-09 20:53:43,822] {dag.py:1824} INFO - Sync 1 DAGs
[2024-09-09 20:53:43,838] {logging_mixin.py:104} INFO - [2024-09-09 20:53:43,838] {dag.py:2280} INFO - Setting next_dagrun for example_short_circuit_operator to 2024-09-07 00:00:00+00:00
[2024-09-09 20:53:43,847] {scheduler_job.py:190} INFO - Processing /home/airflow/.local/lib/python3.6/site-packages/airflow/example_dags/example_short_circuit_operator.py took 0.069 seconds
[2024-09-09 20:54:13,958] {scheduler_job.py:182} INFO - Started process (PID=175) to work on /home/airflow/.local/lib/python3.6/site-packages/airflow/example_dags/example_short_circuit_operator.py
[2024-09-09 20:54:13,960] {scheduler_job.py:629} INFO - Processing file /home/airflow/.local/lib/python3.6/site-packages/airflow/example_dags/example_short_circuit_operator.py for tasks to queue
[2024-09-09 20:54:13,961] {logging_mixin.py:104} INFO - [2024-09-09 20:54:13,961] {dagbag.py:451} INFO - Filling up the DagBag from /home/airflow/.local/lib/python3.6/site-packages/airflow/example_dags/example_short_circuit_operator.py
[2024-09-09 20:54:13,976] {scheduler_job.py:639} INFO - DAG(s) dict_keys(['example_short_circuit_operator']) retrieved from /home/airflow/.local/lib/python3.6/site-packages/airflow/example_dags/example_short_circuit_operator.py
[2024-09-09 20:54:14,034] {logging_mixin.py:104} INFO - [2024-09-09 20:54:14,034] {dag.py:1824} INFO - Sync 1 DAGs
[2024-09-09 20:54:14,054] {logging_mixin.py:104} INFO - [2024-09-09 20:54:14,054] {dag.py:2280} INFO - Setting next_dagrun for example_short_circuit_operator to 2024-09-07 00:00:00+00:00
[2024-09-09 20:54:14,070] {scheduler_job.py:190} INFO - Processing /home/airflow/.local/lib/python3.6/site-packages/airflow/example_dags/example_short_circuit_operator.py took 0.116 seconds
[2024-09-09 20:54:44,444] {scheduler_job.py:182} INFO - Started process (PID=202) to work on /home/airflow/.local/lib/python3.6/site-packages/airflow/example_dags/example_short_circuit_operator.py
[2024-09-09 20:54:44,445] {scheduler_job.py:629} INFO - Processing file /home/airflow/.local/lib/python3.6/site-packages/airflow/example_dags/example_short_circuit_operator.py for tasks to queue
[2024-09-09 20:54:44,445] {logging_mixin.py:104} INFO - [2024-09-09 20:54:44,445] {dagbag.py:451} INFO - Filling up the DagBag from /home/airflow/.local/lib/python3.6/site-packages/airflow/example_dags/example_short_circuit_operator.py
[2024-09-09 20:54:44,458] {scheduler_job.py:639} INFO - DAG(s) dict_keys(['example_short_circuit_operator']) retrieved from /home/airflow/.local/lib/python3.6/site-packages/airflow/example_dags/example_short_circuit_operator.py
[2024-09-09 20:54:44,483] {logging_mixin.py:104} INFO - [2024-09-09 20:54:44,483] {dag.py:1824} INFO - Sync 1 DAGs
[2024-09-09 20:54:44,500] {logging_mixin.py:104} INFO - [2024-09-09 20:54:44,500] {dag.py:2280} INFO - Setting next_dagrun for example_short_circuit_operator to 2024-09-07 00:00:00+00:00
[2024-09-09 20:54:44,511] {scheduler_job.py:190} INFO - Processing /home/airflow/.local/lib/python3.6/site-packages/airflow/example_dags/example_short_circuit_operator.py took 0.071 seconds
[2024-09-09 20:55:14,873] {scheduler_job.py:182} INFO - Started process (PID=228) to work on /home/airflow/.local/lib/python3.6/site-packages/airflow/example_dags/example_short_circuit_operator.py
[2024-09-09 20:55:14,874] {scheduler_job.py:629} INFO - Processing file /home/airflow/.local/lib/python3.6/site-packages/airflow/example_dags/example_short_circuit_operator.py for tasks to queue
[2024-09-09 20:55:14,874] {logging_mixin.py:104} INFO - [2024-09-09 20:55:14,874] {dagbag.py:451} INFO - Filling up the DagBag from /home/airflow/.local/lib/python3.6/site-packages/airflow/example_dags/example_short_circuit_operator.py
[2024-09-09 20:55:14,887] {scheduler_job.py:639} INFO - DAG(s) dict_keys(['example_short_circuit_operator']) retrieved from /home/airflow/.local/lib/python3.6/site-packages/airflow/example_dags/example_short_circuit_operator.py
[2024-09-09 20:55:14,911] {logging_mixin.py:104} INFO - [2024-09-09 20:55:14,911] {dag.py:1824} INFO - Sync 1 DAGs
[2024-09-09 20:55:14,927] {logging_mixin.py:104} INFO - [2024-09-09 20:55:14,926] {dag.py:2280} INFO - Setting next_dagrun for example_short_circuit_operator to 2024-09-07 00:00:00+00:00
[2024-09-09 20:55:14,937] {scheduler_job.py:190} INFO - Processing /home/airflow/.local/lib/python3.6/site-packages/airflow/example_dags/example_short_circuit_operator.py took 0.067 seconds
[2024-09-09 20:55:45,269] {scheduler_job.py:182} INFO - Started process (PID=255) to work on /home/airflow/.local/lib/python3.6/site-packages/airflow/example_dags/example_short_circuit_operator.py
[2024-09-09 20:55:45,270] {scheduler_job.py:629} INFO - Processing file /home/airflow/.local/lib/python3.6/site-packages/airflow/example_dags/example_short_circuit_operator.py for tasks to queue
[2024-09-09 20:55:45,271] {logging_mixin.py:104} INFO - [2024-09-09 20:55:45,270] {dagbag.py:451} INFO - Filling up the DagBag from /home/airflow/.local/lib/python3.6/site-packages/airflow/example_dags/example_short_circuit_operator.py
[2024-09-09 20:55:45,283] {scheduler_job.py:639} INFO - DAG(s) dict_keys(['example_short_circuit_operator']) retrieved from /home/airflow/.local/lib/python3.6/site-packages/airflow/example_dags/example_short_circuit_operator.py
[2024-09-09 20:55:45,309] {logging_mixin.py:104} INFO - [2024-09-09 20:55:45,309] {dag.py:1824} INFO - Sync 1 DAGs
[2024-09-09 20:55:45,324] {logging_mixin.py:104} INFO - [2024-09-09 20:55:45,324] {dag.py:2280} INFO - Setting next_dagrun for example_short_circuit_operator to 2024-09-07 00:00:00+00:00
[2024-09-09 20:55:45,333] {scheduler_job.py:190} INFO - Processing /home/airflow/.local/lib/python3.6/site-packages/airflow/example_dags/example_short_circuit_operator.py took 0.067 seconds
[2024-09-09 20:56:15,556] {scheduler_job.py:182} INFO - Started process (PID=281) to work on /home/airflow/.local/lib/python3.6/site-packages/airflow/example_dags/example_short_circuit_operator.py
[2024-09-09 20:56:15,557] {scheduler_job.py:629} INFO - Processing file /home/airflow/.local/lib/python3.6/site-packages/airflow/example_dags/example_short_circuit_operator.py for tasks to queue
[2024-09-09 20:56:15,558] {logging_mixin.py:104} INFO - [2024-09-09 20:56:15,558] {dagbag.py:451} INFO - Filling up the DagBag from /home/airflow/.local/lib/python3.6/site-packages/airflow/example_dags/example_short_circuit_operator.py
[2024-09-09 20:56:15,576] {scheduler_job.py:639} INFO - DAG(s) dict_keys(['example_short_circuit_operator']) retrieved from /home/airflow/.local/lib/python3.6/site-packages/airflow/example_dags/example_short_circuit_operator.py
[2024-09-09 20:56:15,598] {logging_mixin.py:104} INFO - [2024-09-09 20:56:15,598] {dag.py:1824} INFO - Sync 1 DAGs
[2024-09-09 20:56:15,614] {logging_mixin.py:104} INFO - [2024-09-09 20:56:15,614] {dag.py:2280} INFO - Setting next_dagrun for example_short_circuit_operator to 2024-09-07 00:00:00+00:00
[2024-09-09 20:56:15,626] {scheduler_job.py:190} INFO - Processing /home/airflow/.local/lib/python3.6/site-packages/airflow/example_dags/example_short_circuit_operator.py took 0.074 seconds
[2024-09-09 20:56:45,983] {scheduler_job.py:182} INFO - Started process (PID=309) to work on /home/airflow/.local/lib/python3.6/site-packages/airflow/example_dags/example_short_circuit_operator.py
[2024-09-09 20:56:45,984] {scheduler_job.py:629} INFO - Processing file /home/airflow/.local/lib/python3.6/site-packages/airflow/example_dags/example_short_circuit_operator.py for tasks to queue
[2024-09-09 20:56:45,985] {logging_mixin.py:104} INFO - [2024-09-09 20:56:45,985] {dagbag.py:451} INFO - Filling up the DagBag from /home/airflow/.local/lib/python3.6/site-packages/airflow/example_dags/example_short_circuit_operator.py
[2024-09-09 20:56:46,000] {scheduler_job.py:639} INFO - DAG(s) dict_keys(['example_short_circuit_operator']) retrieved from /home/airflow/.local/lib/python3.6/site-packages/airflow/example_dags/example_short_circuit_operator.py
[2024-09-09 20:56:46,021] {logging_mixin.py:104} INFO - [2024-09-09 20:56:46,021] {dag.py:1824} INFO - Sync 1 DAGs
[2024-09-09 20:56:46,037] {logging_mixin.py:104} INFO - [2024-09-09 20:56:46,036] {dag.py:2280} INFO - Setting next_dagrun for example_short_circuit_operator to 2024-09-07 00:00:00+00:00
[2024-09-09 20:56:46,045] {scheduler_job.py:190} INFO - Processing /home/airflow/.local/lib/python3.6/site-packages/airflow/example_dags/example_short_circuit_operator.py took 0.067 seconds
[2024-09-09 20:57:16,368] {scheduler_job.py:182} INFO - Started process (PID=336) to work on /home/airflow/.local/lib/python3.6/site-packages/airflow/example_dags/example_short_circuit_operator.py
[2024-09-09 20:57:16,369] {scheduler_job.py:629} INFO - Processing file /home/airflow/.local/lib/python3.6/site-packages/airflow/example_dags/example_short_circuit_operator.py for tasks to queue
[2024-09-09 20:57:16,369] {logging_mixin.py:104} INFO - [2024-09-09 20:57:16,369] {dagbag.py:451} INFO - Filling up the DagBag from /home/airflow/.local/lib/python3.6/site-packages/airflow/example_dags/example_short_circuit_operator.py
[2024-09-09 20:57:16,386] {scheduler_job.py:639} INFO - DAG(s) dict_keys(['example_short_circuit_operator']) retrieved from /home/airflow/.local/lib/python3.6/site-packages/airflow/example_dags/example_short_circuit_operator.py
[2024-09-09 20:57:16,409] {logging_mixin.py:104} INFO - [2024-09-09 20:57:16,408] {dag.py:1824} INFO - Sync 1 DAGs
[2024-09-09 20:57:16,425] {logging_mixin.py:104} INFO - [2024-09-09 20:57:16,424] {dag.py:2280} INFO - Setting next_dagrun for example_short_circuit_operator to 2024-09-07 00:00:00+00:00
[2024-09-09 20:57:16,436] {scheduler_job.py:190} INFO - Processing /home/airflow/.local/lib/python3.6/site-packages/airflow/example_dags/example_short_circuit_operator.py took 0.072 seconds
[2024-09-09 20:57:46,729] {scheduler_job.py:182} INFO - Started process (PID=360) to work on /home/airflow/.local/lib/python3.6/site-packages/airflow/example_dags/example_short_circuit_operator.py
[2024-09-09 20:57:46,731] {scheduler_job.py:629} INFO - Processing file /home/airflow/.local/lib/python3.6/site-packages/airflow/example_dags/example_short_circuit_operator.py for tasks to queue
[2024-09-09 20:57:46,732] {logging_mixin.py:104} INFO - [2024-09-09 20:57:46,732] {dagbag.py:451} INFO - Filling up the DagBag from /home/airflow/.local/lib/python3.6/site-packages/airflow/example_dags/example_short_circuit_operator.py
[2024-09-09 20:57:46,753] {scheduler_job.py:639} INFO - DAG(s) dict_keys(['example_short_circuit_operator']) retrieved from /home/airflow/.local/lib/python3.6/site-packages/airflow/example_dags/example_short_circuit_operator.py
[2024-09-09 20:57:46,781] {logging_mixin.py:104} INFO - [2024-09-09 20:57:46,781] {dag.py:1824} INFO - Sync 1 DAGs
[2024-09-09 20:57:46,800] {logging_mixin.py:104} INFO - [2024-09-09 20:57:46,800] {dag.py:2280} INFO - Setting next_dagrun for example_short_circuit_operator to 2024-09-07 00:00:00+00:00
[2024-09-09 20:57:46,812] {scheduler_job.py:190} INFO - Processing /home/airflow/.local/lib/python3.6/site-packages/airflow/example_dags/example_short_circuit_operator.py took 0.087 seconds
[2024-09-09 20:58:17,162] {scheduler_job.py:182} INFO - Started process (PID=387) to work on /home/airflow/.local/lib/python3.6/site-packages/airflow/example_dags/example_short_circuit_operator.py
[2024-09-09 20:58:17,163] {scheduler_job.py:629} INFO - Processing file /home/airflow/.local/lib/python3.6/site-packages/airflow/example_dags/example_short_circuit_operator.py for tasks to queue
[2024-09-09 20:58:17,164] {logging_mixin.py:104} INFO - [2024-09-09 20:58:17,164] {dagbag.py:451} INFO - Filling up the DagBag from /home/airflow/.local/lib/python3.6/site-packages/airflow/example_dags/example_short_circuit_operator.py
[2024-09-09 20:58:17,182] {scheduler_job.py:639} INFO - DAG(s) dict_keys(['example_short_circuit_operator']) retrieved from /home/airflow/.local/lib/python3.6/site-packages/airflow/example_dags/example_short_circuit_operator.py
[2024-09-09 20:58:17,206] {logging_mixin.py:104} INFO - [2024-09-09 20:58:17,206] {dag.py:1824} INFO - Sync 1 DAGs
[2024-09-09 20:58:17,222] {logging_mixin.py:104} INFO - [2024-09-09 20:58:17,222] {dag.py:2280} INFO - Setting next_dagrun for example_short_circuit_operator to 2024-09-07 00:00:00+00:00
[2024-09-09 20:58:17,231] {scheduler_job.py:190} INFO - Processing /home/airflow/.local/lib/python3.6/site-packages/airflow/example_dags/example_short_circuit_operator.py took 0.073 seconds
[2024-09-09 20:58:47,564] {scheduler_job.py:182} INFO - Started process (PID=414) to work on /home/airflow/.local/lib/python3.6/site-packages/airflow/example_dags/example_short_circuit_operator.py
[2024-09-09 20:58:47,571] {scheduler_job.py:629} INFO - Processing file /home/airflow/.local/lib/python3.6/site-packages/airflow/example_dags/example_short_circuit_operator.py for tasks to queue
[2024-09-09 20:58:47,572] {logging_mixin.py:104} INFO - [2024-09-09 20:58:47,572] {dagbag.py:451} INFO - Filling up the DagBag from /home/airflow/.local/lib/python3.6/site-packages/airflow/example_dags/example_short_circuit_operator.py
[2024-09-09 20:58:47,584] {scheduler_job.py:639} INFO - DAG(s) dict_keys(['example_short_circuit_operator']) retrieved from /home/airflow/.local/lib/python3.6/site-packages/airflow/example_dags/example_short_circuit_operator.py
[2024-09-09 20:58:47,604] {logging_mixin.py:104} INFO - [2024-09-09 20:58:47,604] {dag.py:1824} INFO - Sync 1 DAGs
[2024-09-09 20:58:47,620] {logging_mixin.py:104} INFO - [2024-09-09 20:58:47,620] {dag.py:2280} INFO - Setting next_dagrun for example_short_circuit_operator to 2024-09-07 00:00:00+00:00
[2024-09-09 20:58:47,630] {scheduler_job.py:190} INFO - Processing /home/airflow/.local/lib/python3.6/site-packages/airflow/example_dags/example_short_circuit_operator.py took 0.070 seconds
[2024-09-09 20:59:18,045] {scheduler_job.py:182} INFO - Started process (PID=442) to work on /home/airflow/.local/lib/python3.6/site-packages/airflow/example_dags/example_short_circuit_operator.py
[2024-09-09 20:59:18,048] {scheduler_job.py:629} INFO - Processing file /home/airflow/.local/lib/python3.6/site-packages/airflow/example_dags/example_short_circuit_operator.py for tasks to queue
[2024-09-09 20:59:18,049] {logging_mixin.py:104} INFO - [2024-09-09 20:59:18,048] {dagbag.py:451} INFO - Filling up the DagBag from /home/airflow/.local/lib/python3.6/site-packages/airflow/example_dags/example_short_circuit_operator.py
[2024-09-09 20:59:18,063] {scheduler_job.py:639} INFO - DAG(s) dict_keys(['example_short_circuit_operator']) retrieved from /home/airflow/.local/lib/python3.6/site-packages/airflow/example_dags/example_short_circuit_operator.py
[2024-09-09 20:59:18,085] {logging_mixin.py:104} INFO - [2024-09-09 20:59:18,085] {dag.py:1824} INFO - Sync 1 DAGs
[2024-09-09 20:59:18,102] {logging_mixin.py:104} INFO - [2024-09-09 20:59:18,102] {dag.py:2280} INFO - Setting next_dagrun for example_short_circuit_operator to 2024-09-07 00:00:00+00:00
[2024-09-09 20:59:18,121] {scheduler_job.py:190} INFO - Processing /home/airflow/.local/lib/python3.6/site-packages/airflow/example_dags/example_short_circuit_operator.py took 0.079 seconds
[2024-09-09 20:59:48,461] {scheduler_job.py:182} INFO - Started process (PID=472) to work on /home/airflow/.local/lib/python3.6/site-packages/airflow/example_dags/example_short_circuit_operator.py
[2024-09-09 20:59:48,462] {scheduler_job.py:629} INFO - Processing file /home/airflow/.local/lib/python3.6/site-packages/airflow/example_dags/example_short_circuit_operator.py for tasks to queue
[2024-09-09 20:59:48,462] {logging_mixin.py:104} INFO - [2024-09-09 20:59:48,462] {dagbag.py:451} INFO - Filling up the DagBag from /home/airflow/.local/lib/python3.6/site-packages/airflow/example_dags/example_short_circuit_operator.py
[2024-09-09 20:59:48,475] {scheduler_job.py:639} INFO - DAG(s) dict_keys(['example_short_circuit_operator']) retrieved from /home/airflow/.local/lib/python3.6/site-packages/airflow/example_dags/example_short_circuit_operator.py
[2024-09-09 20:59:48,496] {logging_mixin.py:104} INFO - [2024-09-09 20:59:48,496] {dag.py:1824} INFO - Sync 1 DAGs
[2024-09-09 20:59:48,512] {logging_mixin.py:104} INFO - [2024-09-09 20:59:48,512] {dag.py:2280} INFO - Setting next_dagrun for example_short_circuit_operator to 2024-09-07 00:00:00+00:00
[2024-09-09 20:59:48,522] {scheduler_job.py:190} INFO - Processing /home/airflow/.local/lib/python3.6/site-packages/airflow/example_dags/example_short_circuit_operator.py took 0.064 seconds
[2024-09-09 21:00:18,866] {scheduler_job.py:182} INFO - Started process (PID=499) to work on /home/airflow/.local/lib/python3.6/site-packages/airflow/example_dags/example_short_circuit_operator.py
[2024-09-09 21:00:18,867] {scheduler_job.py:629} INFO - Processing file /home/airflow/.local/lib/python3.6/site-packages/airflow/example_dags/example_short_circuit_operator.py for tasks to queue
[2024-09-09 21:00:18,868] {logging_mixin.py:104} INFO - [2024-09-09 21:00:18,868] {dagbag.py:451} INFO - Filling up the DagBag from /home/airflow/.local/lib/python3.6/site-packages/airflow/example_dags/example_short_circuit_operator.py
[2024-09-09 21:00:18,881] {scheduler_job.py:639} INFO - DAG(s) dict_keys(['example_short_circuit_operator']) retrieved from /home/airflow/.local/lib/python3.6/site-packages/airflow/example_dags/example_short_circuit_operator.py
[2024-09-09 21:00:18,904] {logging_mixin.py:104} INFO - [2024-09-09 21:00:18,904] {dag.py:1824} INFO - Sync 1 DAGs
[2024-09-09 21:00:18,921] {logging_mixin.py:104} INFO - [2024-09-09 21:00:18,921] {dag.py:2280} INFO - Setting next_dagrun for example_short_circuit_operator to 2024-09-07 00:00:00+00:00
[2024-09-09 21:00:18,931] {scheduler_job.py:190} INFO - Processing /home/airflow/.local/lib/python3.6/site-packages/airflow/example_dags/example_short_circuit_operator.py took 0.068 seconds
[2024-09-09 21:00:49,322] {scheduler_job.py:182} INFO - Started process (PID=528) to work on /home/airflow/.local/lib/python3.6/site-packages/airflow/example_dags/example_short_circuit_operator.py
[2024-09-09 21:00:49,323] {scheduler_job.py:629} INFO - Processing file /home/airflow/.local/lib/python3.6/site-packages/airflow/example_dags/example_short_circuit_operator.py for tasks to queue
[2024-09-09 21:00:49,323] {logging_mixin.py:104} INFO - [2024-09-09 21:00:49,323] {dagbag.py:451} INFO - Filling up the DagBag from /home/airflow/.local/lib/python3.6/site-packages/airflow/example_dags/example_short_circuit_operator.py
[2024-09-09 21:00:49,337] {scheduler_job.py:639} INFO - DAG(s) dict_keys(['example_short_circuit_operator']) retrieved from /home/airflow/.local/lib/python3.6/site-packages/airflow/example_dags/example_short_circuit_operator.py
[2024-09-09 21:00:49,361] {logging_mixin.py:104} INFO - [2024-09-09 21:00:49,361] {dag.py:1824} INFO - Sync 1 DAGs
[2024-09-09 21:00:49,379] {logging_mixin.py:104} INFO - [2024-09-09 21:00:49,379] {dag.py:2280} INFO - Setting next_dagrun for example_short_circuit_operator to 2024-09-07 00:00:00+00:00
[2024-09-09 21:00:49,389] {scheduler_job.py:190} INFO - Processing /home/airflow/.local/lib/python3.6/site-packages/airflow/example_dags/example_short_circuit_operator.py took 0.070 seconds
[2024-09-09 21:01:19,595] {scheduler_job.py:182} INFO - Started process (PID=553) to work on /home/airflow/.local/lib/python3.6/site-packages/airflow/example_dags/example_short_circuit_operator.py
[2024-09-09 21:01:19,596] {scheduler_job.py:629} INFO - Processing file /home/airflow/.local/lib/python3.6/site-packages/airflow/example_dags/example_short_circuit_operator.py for tasks to queue
[2024-09-09 21:01:19,597] {logging_mixin.py:104} INFO - [2024-09-09 21:01:19,597] {dagbag.py:451} INFO - Filling up the DagBag from /home/airflow/.local/lib/python3.6/site-packages/airflow/example_dags/example_short_circuit_operator.py
[2024-09-09 21:01:19,611] {scheduler_job.py:639} INFO - DAG(s) dict_keys(['example_short_circuit_operator']) retrieved from /home/airflow/.local/lib/python3.6/site-packages/airflow/example_dags/example_short_circuit_operator.py
[2024-09-09 21:01:19,635] {logging_mixin.py:104} INFO - [2024-09-09 21:01:19,635] {dag.py:1824} INFO - Sync 1 DAGs
[2024-09-09 21:01:19,651] {logging_mixin.py:104} INFO - [2024-09-09 21:01:19,651] {dag.py:2280} INFO - Setting next_dagrun for example_short_circuit_operator to 2024-09-07 00:00:00+00:00
[2024-09-09 21:01:19,662] {scheduler_job.py:190} INFO - Processing /home/airflow/.local/lib/python3.6/site-packages/airflow/example_dags/example_short_circuit_operator.py took 0.069 seconds
[2024-09-09 21:01:49,989] {scheduler_job.py:182} INFO - Started process (PID=582) to work on /home/airflow/.local/lib/python3.6/site-packages/airflow/example_dags/example_short_circuit_operator.py
[2024-09-09 21:01:49,990] {scheduler_job.py:629} INFO - Processing file /home/airflow/.local/lib/python3.6/site-packages/airflow/example_dags/example_short_circuit_operator.py for tasks to queue
[2024-09-09 21:01:49,990] {logging_mixin.py:104} INFO - [2024-09-09 21:01:49,990] {dagbag.py:451} INFO - Filling up the DagBag from /home/airflow/.local/lib/python3.6/site-packages/airflow/example_dags/example_short_circuit_operator.py
[2024-09-09 21:01:50,003] {scheduler_job.py:639} INFO - DAG(s) dict_keys(['example_short_circuit_operator']) retrieved from /home/airflow/.local/lib/python3.6/site-packages/airflow/example_dags/example_short_circuit_operator.py
[2024-09-09 21:01:50,028] {logging_mixin.py:104} INFO - [2024-09-09 21:01:50,028] {dag.py:1824} INFO - Sync 1 DAGs
[2024-09-09 21:01:50,045] {logging_mixin.py:104} INFO - [2024-09-09 21:01:50,045] {dag.py:2280} INFO - Setting next_dagrun for example_short_circuit_operator to 2024-09-07 00:00:00+00:00
[2024-09-09 21:01:50,057] {scheduler_job.py:190} INFO - Processing /home/airflow/.local/lib/python3.6/site-packages/airflow/example_dags/example_short_circuit_operator.py took 0.071 seconds
[2024-09-09 21:02:20,313] {scheduler_job.py:182} INFO - Started process (PID=609) to work on /home/airflow/.local/lib/python3.6/site-packages/airflow/example_dags/example_short_circuit_operator.py
[2024-09-09 21:02:20,314] {scheduler_job.py:629} INFO - Processing file /home/airflow/.local/lib/python3.6/site-packages/airflow/example_dags/example_short_circuit_operator.py for tasks to queue
[2024-09-09 21:02:20,314] {logging_mixin.py:104} INFO - [2024-09-09 21:02:20,314] {dagbag.py:451} INFO - Filling up the DagBag from /home/airflow/.local/lib/python3.6/site-packages/airflow/example_dags/example_short_circuit_operator.py
[2024-09-09 21:02:20,328] {scheduler_job.py:639} INFO - DAG(s) dict_keys(['example_short_circuit_operator']) retrieved from /home/airflow/.local/lib/python3.6/site-packages/airflow/example_dags/example_short_circuit_operator.py
[2024-09-09 21:02:20,349] {logging_mixin.py:104} INFO - [2024-09-09 21:02:20,349] {dag.py:1824} INFO - Sync 1 DAGs
[2024-09-09 21:02:20,366] {logging_mixin.py:104} INFO - [2024-09-09 21:02:20,366] {dag.py:2280} INFO - Setting next_dagrun for example_short_circuit_operator to 2024-09-07 00:00:00+00:00
[2024-09-09 21:02:20,376] {scheduler_job.py:190} INFO - Processing /home/airflow/.local/lib/python3.6/site-packages/airflow/example_dags/example_short_circuit_operator.py took 0.067 seconds
[2024-09-09 21:02:50,633] {scheduler_job.py:182} INFO - Started process (PID=636) to work on /home/airflow/.local/lib/python3.6/site-packages/airflow/example_dags/example_short_circuit_operator.py
[2024-09-09 21:02:50,634] {scheduler_job.py:629} INFO - Processing file /home/airflow/.local/lib/python3.6/site-packages/airflow/example_dags/example_short_circuit_operator.py for tasks to queue
[2024-09-09 21:02:50,635] {logging_mixin.py:104} INFO - [2024-09-09 21:02:50,634] {dagbag.py:451} INFO - Filling up the DagBag from /home/airflow/.local/lib/python3.6/site-packages/airflow/example_dags/example_short_circuit_operator.py
[2024-09-09 21:02:50,648] {scheduler_job.py:639} INFO - DAG(s) dict_keys(['example_short_circuit_operator']) retrieved from /home/airflow/.local/lib/python3.6/site-packages/airflow/example_dags/example_short_circuit_operator.py
[2024-09-09 21:02:50,669] {logging_mixin.py:104} INFO - [2024-09-09 21:02:50,669] {dag.py:1824} INFO - Sync 1 DAGs
[2024-09-09 21:02:50,686] {logging_mixin.py:104} INFO - [2024-09-09 21:02:50,686] {dag.py:2280} INFO - Setting next_dagrun for example_short_circuit_operator to 2024-09-07 00:00:00+00:00
[2024-09-09 21:02:50,696] {scheduler_job.py:190} INFO - Processing /home/airflow/.local/lib/python3.6/site-packages/airflow/example_dags/example_short_circuit_operator.py took 0.066 seconds
[2024-09-09 21:03:20,951] {scheduler_job.py:182} INFO - Started process (PID=662) to work on /home/airflow/.local/lib/python3.6/site-packages/airflow/example_dags/example_short_circuit_operator.py
[2024-09-09 21:03:20,952] {scheduler_job.py:629} INFO - Processing file /home/airflow/.local/lib/python3.6/site-packages/airflow/example_dags/example_short_circuit_operator.py for tasks to queue
[2024-09-09 21:03:20,953] {logging_mixin.py:104} INFO - [2024-09-09 21:03:20,953] {dagbag.py:451} INFO - Filling up the DagBag from /home/airflow/.local/lib/python3.6/site-packages/airflow/example_dags/example_short_circuit_operator.py
[2024-09-09 21:03:20,966] {scheduler_job.py:639} INFO - DAG(s) dict_keys(['example_short_circuit_operator']) retrieved from /home/airflow/.local/lib/python3.6/site-packages/airflow/example_dags/example_short_circuit_operator.py
[2024-09-09 21:03:20,987] {logging_mixin.py:104} INFO - [2024-09-09 21:03:20,987] {dag.py:1824} INFO - Sync 1 DAGs
[2024-09-09 21:03:21,003] {logging_mixin.py:104} INFO - [2024-09-09 21:03:21,003] {dag.py:2280} INFO - Setting next_dagrun for example_short_circuit_operator to 2024-09-07 00:00:00+00:00
[2024-09-09 21:03:21,013] {scheduler_job.py:190} INFO - Processing /home/airflow/.local/lib/python3.6/site-packages/airflow/example_dags/example_short_circuit_operator.py took 0.065 seconds
[2024-09-09 21:03:51,292] {scheduler_job.py:182} INFO - Started process (PID=689) to work on /home/airflow/.local/lib/python3.6/site-packages/airflow/example_dags/example_short_circuit_operator.py
[2024-09-09 21:03:51,294] {scheduler_job.py:629} INFO - Processing file /home/airflow/.local/lib/python3.6/site-packages/airflow/example_dags/example_short_circuit_operator.py for tasks to queue
[2024-09-09 21:03:51,295] {logging_mixin.py:104} INFO - [2024-09-09 21:03:51,295] {dagbag.py:451} INFO - Filling up the DagBag from /home/airflow/.local/lib/python3.6/site-packages/airflow/example_dags/example_short_circuit_operator.py
[2024-09-09 21:03:51,308] {scheduler_job.py:639} INFO - DAG(s) dict_keys(['example_short_circuit_operator']) retrieved from /home/airflow/.local/lib/python3.6/site-packages/airflow/example_dags/example_short_circuit_operator.py
[2024-09-09 21:03:51,329] {logging_mixin.py:104} INFO - [2024-09-09 21:03:51,329] {dag.py:1824} INFO - Sync 1 DAGs
[2024-09-09 21:03:51,346] {logging_mixin.py:104} INFO - [2024-09-09 21:03:51,346] {dag.py:2280} INFO - Setting next_dagrun for example_short_circuit_operator to 2024-09-07 00:00:00+00:00
[2024-09-09 21:03:51,355] {scheduler_job.py:190} INFO - Processing /home/airflow/.local/lib/python3.6/site-packages/airflow/example_dags/example_short_circuit_operator.py took 0.067 seconds
[2024-09-09 21:04:21,779] {scheduler_job.py:182} INFO - Started process (PID=717) to work on /home/airflow/.local/lib/python3.6/site-packages/airflow/example_dags/example_short_circuit_operator.py
[2024-09-09 21:04:21,781] {scheduler_job.py:629} INFO - Processing file /home/airflow/.local/lib/python3.6/site-packages/airflow/example_dags/example_short_circuit_operator.py for tasks to queue
[2024-09-09 21:04:21,781] {logging_mixin.py:104} INFO - [2024-09-09 21:04:21,781] {dagbag.py:451} INFO - Filling up the DagBag from /home/airflow/.local/lib/python3.6/site-packages/airflow/example_dags/example_short_circuit_operator.py
[2024-09-09 21:04:21,796] {scheduler_job.py:639} INFO - DAG(s) dict_keys(['example_short_circuit_operator']) retrieved from /home/airflow/.local/lib/python3.6/site-packages/airflow/example_dags/example_short_circuit_operator.py
[2024-09-09 21:04:21,819] {logging_mixin.py:104} INFO - [2024-09-09 21:04:21,819] {dag.py:1824} INFO - Sync 1 DAGs
[2024-09-09 21:04:21,838] {logging_mixin.py:104} INFO - [2024-09-09 21:04:21,838] {dag.py:2280} INFO - Setting next_dagrun for example_short_circuit_operator to 2024-09-07 00:00:00+00:00
[2024-09-09 21:04:21,849] {scheduler_job.py:190} INFO - Processing /home/airflow/.local/lib/python3.6/site-packages/airflow/example_dags/example_short_circuit_operator.py took 0.074 seconds
[2024-09-09 21:04:52,174] {scheduler_job.py:182} INFO - Started process (PID=746) to work on /home/airflow/.local/lib/python3.6/site-packages/airflow/example_dags/example_short_circuit_operator.py
[2024-09-09 21:04:52,176] {scheduler_job.py:629} INFO - Processing file /home/airflow/.local/lib/python3.6/site-packages/airflow/example_dags/example_short_circuit_operator.py for tasks to queue
[2024-09-09 21:04:52,177] {logging_mixin.py:104} INFO - [2024-09-09 21:04:52,177] {dagbag.py:451} INFO - Filling up the DagBag from /home/airflow/.local/lib/python3.6/site-packages/airflow/example_dags/example_short_circuit_operator.py
[2024-09-09 21:04:52,190] {scheduler_job.py:639} INFO - DAG(s) dict_keys(['example_short_circuit_operator']) retrieved from /home/airflow/.local/lib/python3.6/site-packages/airflow/example_dags/example_short_circuit_operator.py
[2024-09-09 21:04:52,214] {logging_mixin.py:104} INFO - [2024-09-09 21:04:52,214] {dag.py:1824} INFO - Sync 1 DAGs
[2024-09-09 21:04:52,233] {logging_mixin.py:104} INFO - [2024-09-09 21:04:52,232] {dag.py:2280} INFO - Setting next_dagrun for example_short_circuit_operator to 2024-09-07 00:00:00+00:00
[2024-09-09 21:04:52,243] {scheduler_job.py:190} INFO - Processing /home/airflow/.local/lib/python3.6/site-packages/airflow/example_dags/example_short_circuit_operator.py took 0.072 seconds
[2024-09-09 21:11:38,760] {scheduler_job.py:182} INFO - Started process (PID=45) to work on /home/airflow/.local/lib/python3.6/site-packages/airflow/example_dags/example_short_circuit_operator.py
[2024-09-09 21:11:38,761] {scheduler_job.py:629} INFO - Processing file /home/airflow/.local/lib/python3.6/site-packages/airflow/example_dags/example_short_circuit_operator.py for tasks to queue
[2024-09-09 21:11:38,762] {logging_mixin.py:104} INFO - [2024-09-09 21:11:38,762] {dagbag.py:451} INFO - Filling up the DagBag from /home/airflow/.local/lib/python3.6/site-packages/airflow/example_dags/example_short_circuit_operator.py
[2024-09-09 21:11:38,774] {scheduler_job.py:639} INFO - DAG(s) dict_keys(['example_short_circuit_operator']) retrieved from /home/airflow/.local/lib/python3.6/site-packages/airflow/example_dags/example_short_circuit_operator.py
[2024-09-09 21:11:38,796] {logging_mixin.py:104} INFO - [2024-09-09 21:11:38,796] {dag.py:1824} INFO - Sync 1 DAGs
[2024-09-09 21:11:38,816] {logging_mixin.py:104} INFO - [2024-09-09 21:11:38,815] {dag.py:2280} INFO - Setting next_dagrun for example_short_circuit_operator to 2024-09-07 00:00:00+00:00
[2024-09-09 21:11:38,825] {scheduler_job.py:190} INFO - Processing /home/airflow/.local/lib/python3.6/site-packages/airflow/example_dags/example_short_circuit_operator.py took 0.067 seconds
[2024-09-09 21:12:08,877] {scheduler_job.py:182} INFO - Started process (PID=66) to work on /home/airflow/.local/lib/python3.6/site-packages/airflow/example_dags/example_short_circuit_operator.py
[2024-09-09 21:12:08,878] {scheduler_job.py:629} INFO - Processing file /home/airflow/.local/lib/python3.6/site-packages/airflow/example_dags/example_short_circuit_operator.py for tasks to queue
[2024-09-09 21:12:08,879] {logging_mixin.py:104} INFO - [2024-09-09 21:12:08,879] {dagbag.py:451} INFO - Filling up the DagBag from /home/airflow/.local/lib/python3.6/site-packages/airflow/example_dags/example_short_circuit_operator.py
[2024-09-09 21:12:08,891] {scheduler_job.py:639} INFO - DAG(s) dict_keys(['example_short_circuit_operator']) retrieved from /home/airflow/.local/lib/python3.6/site-packages/airflow/example_dags/example_short_circuit_operator.py
[2024-09-09 21:12:08,915] {logging_mixin.py:104} INFO - [2024-09-09 21:12:08,915] {dag.py:1824} INFO - Sync 1 DAGs
[2024-09-09 21:12:08,934] {logging_mixin.py:104} INFO - [2024-09-09 21:12:08,934] {dag.py:2280} INFO - Setting next_dagrun for example_short_circuit_operator to 2024-09-07 00:00:00+00:00
[2024-09-09 21:12:08,945] {scheduler_job.py:190} INFO - Processing /home/airflow/.local/lib/python3.6/site-packages/airflow/example_dags/example_short_circuit_operator.py took 0.071 seconds
[2024-09-09 21:12:39,186] {scheduler_job.py:182} INFO - Started process (PID=96) to work on /home/airflow/.local/lib/python3.6/site-packages/airflow/example_dags/example_short_circuit_operator.py
[2024-09-09 21:12:39,187] {scheduler_job.py:629} INFO - Processing file /home/airflow/.local/lib/python3.6/site-packages/airflow/example_dags/example_short_circuit_operator.py for tasks to queue
[2024-09-09 21:12:39,188] {logging_mixin.py:104} INFO - [2024-09-09 21:12:39,188] {dagbag.py:451} INFO - Filling up the DagBag from /home/airflow/.local/lib/python3.6/site-packages/airflow/example_dags/example_short_circuit_operator.py
[2024-09-09 21:12:39,200] {scheduler_job.py:639} INFO - DAG(s) dict_keys(['example_short_circuit_operator']) retrieved from /home/airflow/.local/lib/python3.6/site-packages/airflow/example_dags/example_short_circuit_operator.py
[2024-09-09 21:12:39,226] {logging_mixin.py:104} INFO - [2024-09-09 21:12:39,226] {dag.py:1824} INFO - Sync 1 DAGs
[2024-09-09 21:12:39,247] {logging_mixin.py:104} INFO - [2024-09-09 21:12:39,247] {dag.py:2280} INFO - Setting next_dagrun for example_short_circuit_operator to 2024-09-07 00:00:00+00:00
[2024-09-09 21:12:39,257] {scheduler_job.py:190} INFO - Processing /home/airflow/.local/lib/python3.6/site-packages/airflow/example_dags/example_short_circuit_operator.py took 0.074 seconds
[2024-09-09 21:13:09,364] {scheduler_job.py:182} INFO - Started process (PID=120) to work on /home/airflow/.local/lib/python3.6/site-packages/airflow/example_dags/example_short_circuit_operator.py
[2024-09-09 21:13:09,364] {scheduler_job.py:629} INFO - Processing file /home/airflow/.local/lib/python3.6/site-packages/airflow/example_dags/example_short_circuit_operator.py for tasks to queue
[2024-09-09 21:13:09,365] {logging_mixin.py:104} INFO - [2024-09-09 21:13:09,365] {dagbag.py:451} INFO - Filling up the DagBag from /home/airflow/.local/lib/python3.6/site-packages/airflow/example_dags/example_short_circuit_operator.py
[2024-09-09 21:13:09,378] {scheduler_job.py:639} INFO - DAG(s) dict_keys(['example_short_circuit_operator']) retrieved from /home/airflow/.local/lib/python3.6/site-packages/airflow/example_dags/example_short_circuit_operator.py
[2024-09-09 21:13:09,401] {logging_mixin.py:104} INFO - [2024-09-09 21:13:09,401] {dag.py:1824} INFO - Sync 1 DAGs
[2024-09-09 21:13:09,421] {logging_mixin.py:104} INFO - [2024-09-09 21:13:09,421] {dag.py:2280} INFO - Setting next_dagrun for example_short_circuit_operator to 2024-09-07 00:00:00+00:00
[2024-09-09 21:13:09,432] {scheduler_job.py:190} INFO - Processing /home/airflow/.local/lib/python3.6/site-packages/airflow/example_dags/example_short_circuit_operator.py took 0.072 seconds
[2024-09-09 21:13:39,756] {scheduler_job.py:182} INFO - Started process (PID=147) to work on /home/airflow/.local/lib/python3.6/site-packages/airflow/example_dags/example_short_circuit_operator.py
[2024-09-09 21:13:39,757] {scheduler_job.py:629} INFO - Processing file /home/airflow/.local/lib/python3.6/site-packages/airflow/example_dags/example_short_circuit_operator.py for tasks to queue
[2024-09-09 21:13:39,758] {logging_mixin.py:104} INFO - [2024-09-09 21:13:39,758] {dagbag.py:451} INFO - Filling up the DagBag from /home/airflow/.local/lib/python3.6/site-packages/airflow/example_dags/example_short_circuit_operator.py
[2024-09-09 21:13:39,771] {scheduler_job.py:639} INFO - DAG(s) dict_keys(['example_short_circuit_operator']) retrieved from /home/airflow/.local/lib/python3.6/site-packages/airflow/example_dags/example_short_circuit_operator.py
[2024-09-09 21:13:39,792] {logging_mixin.py:104} INFO - [2024-09-09 21:13:39,792] {dag.py:1824} INFO - Sync 1 DAGs
[2024-09-09 21:13:39,812] {logging_mixin.py:104} INFO - [2024-09-09 21:13:39,812] {dag.py:2280} INFO - Setting next_dagrun for example_short_circuit_operator to 2024-09-07 00:00:00+00:00
[2024-09-09 21:13:39,823] {scheduler_job.py:190} INFO - Processing /home/airflow/.local/lib/python3.6/site-packages/airflow/example_dags/example_short_circuit_operator.py took 0.071 seconds
[2024-09-09 21:14:10,143] {scheduler_job.py:182} INFO - Started process (PID=174) to work on /home/airflow/.local/lib/python3.6/site-packages/airflow/example_dags/example_short_circuit_operator.py
[2024-09-09 21:14:10,144] {scheduler_job.py:629} INFO - Processing file /home/airflow/.local/lib/python3.6/site-packages/airflow/example_dags/example_short_circuit_operator.py for tasks to queue
[2024-09-09 21:14:10,145] {logging_mixin.py:104} INFO - [2024-09-09 21:14:10,145] {dagbag.py:451} INFO - Filling up the DagBag from /home/airflow/.local/lib/python3.6/site-packages/airflow/example_dags/example_short_circuit_operator.py
[2024-09-09 21:14:10,158] {scheduler_job.py:639} INFO - DAG(s) dict_keys(['example_short_circuit_operator']) retrieved from /home/airflow/.local/lib/python3.6/site-packages/airflow/example_dags/example_short_circuit_operator.py
[2024-09-09 21:14:10,183] {logging_mixin.py:104} INFO - [2024-09-09 21:14:10,183] {dag.py:1824} INFO - Sync 1 DAGs
[2024-09-09 21:14:10,200] {logging_mixin.py:104} INFO - [2024-09-09 21:14:10,200] {dag.py:2280} INFO - Setting next_dagrun for example_short_circuit_operator to 2024-09-07 00:00:00+00:00
[2024-09-09 21:14:10,211] {scheduler_job.py:190} INFO - Processing /home/airflow/.local/lib/python3.6/site-packages/airflow/example_dags/example_short_circuit_operator.py took 0.072 seconds
[2024-09-09 21:14:40,835] {scheduler_job.py:182} INFO - Started process (PID=202) to work on /home/airflow/.local/lib/python3.6/site-packages/airflow/example_dags/example_short_circuit_operator.py
[2024-09-09 21:14:40,836] {scheduler_job.py:629} INFO - Processing file /home/airflow/.local/lib/python3.6/site-packages/airflow/example_dags/example_short_circuit_operator.py for tasks to queue
[2024-09-09 21:14:40,836] {logging_mixin.py:104} INFO - [2024-09-09 21:14:40,836] {dagbag.py:451} INFO - Filling up the DagBag from /home/airflow/.local/lib/python3.6/site-packages/airflow/example_dags/example_short_circuit_operator.py
[2024-09-09 21:14:40,851] {scheduler_job.py:639} INFO - DAG(s) dict_keys(['example_short_circuit_operator']) retrieved from /home/airflow/.local/lib/python3.6/site-packages/airflow/example_dags/example_short_circuit_operator.py
[2024-09-09 21:14:40,882] {logging_mixin.py:104} INFO - [2024-09-09 21:14:40,882] {dag.py:1824} INFO - Sync 1 DAGs
[2024-09-09 21:14:40,902] {logging_mixin.py:104} INFO - [2024-09-09 21:14:40,902] {dag.py:2280} INFO - Setting next_dagrun for example_short_circuit_operator to 2024-09-07 00:00:00+00:00
[2024-09-09 21:14:40,913] {scheduler_job.py:190} INFO - Processing /home/airflow/.local/lib/python3.6/site-packages/airflow/example_dags/example_short_circuit_operator.py took 0.082 seconds
