[2024-09-09 09:52:27,878] {scheduler_job.py:182} INFO - Started process (PID=60) to work on /home/airflow/.local/lib/python3.6/site-packages/airflow/example_dags/example_xcomargs.py
[2024-09-09 09:52:27,879] {scheduler_job.py:629} INFO - Processing file /home/airflow/.local/lib/python3.6/site-packages/airflow/example_dags/example_xcomargs.py for tasks to queue
[2024-09-09 09:52:27,879] {logging_mixin.py:104} INFO - [2024-09-09 09:52:27,879] {dagbag.py:451} INFO - Filling up the DagBag from /home/airflow/.local/lib/python3.6/site-packages/airflow/example_dags/example_xcomargs.py
[2024-09-09 09:52:27,910] {scheduler_job.py:639} INFO - DAG(s) dict_keys(['example_xcom_args', 'example_xcom_args_with_operators']) retrieved from /home/airflow/.local/lib/python3.6/site-packages/airflow/example_dags/example_xcomargs.py
[2024-09-09 09:52:27,957] {logging_mixin.py:104} INFO - [2024-09-09 09:52:27,957] {dag.py:1824} INFO - Sync 2 DAGs
[2024-09-09 09:52:27,968] {logging_mixin.py:104} INFO - [2024-09-09 09:52:27,968] {dag.py:1843} INFO - Creating ORM DAG for example_xcom_args_with_operators
[2024-09-09 09:52:27,968] {logging_mixin.py:104} INFO - [2024-09-09 09:52:27,968] {dag.py:1843} INFO - Creating ORM DAG for example_xcom_args
[2024-09-09 09:52:27,974] {logging_mixin.py:104} INFO - [2024-09-09 09:52:27,974] {dag.py:2280} INFO - Setting next_dagrun for example_xcom_args to None
[2024-09-09 09:52:27,975] {logging_mixin.py:104} INFO - [2024-09-09 09:52:27,975] {dag.py:2280} INFO - Setting next_dagrun for example_xcom_args_with_operators to None
[2024-09-09 09:52:27,995] {scheduler_job.py:190} INFO - Processing /home/airflow/.local/lib/python3.6/site-packages/airflow/example_dags/example_xcomargs.py took 0.121 seconds
[2024-09-09 09:52:58,671] {scheduler_job.py:182} INFO - Started process (PID=89) to work on /home/airflow/.local/lib/python3.6/site-packages/airflow/example_dags/example_xcomargs.py
[2024-09-09 09:52:58,672] {scheduler_job.py:629} INFO - Processing file /home/airflow/.local/lib/python3.6/site-packages/airflow/example_dags/example_xcomargs.py for tasks to queue
[2024-09-09 09:52:58,673] {logging_mixin.py:104} INFO - [2024-09-09 09:52:58,673] {dagbag.py:451} INFO - Filling up the DagBag from /home/airflow/.local/lib/python3.6/site-packages/airflow/example_dags/example_xcomargs.py
[2024-09-09 09:52:58,693] {scheduler_job.py:639} INFO - DAG(s) dict_keys(['example_xcom_args', 'example_xcom_args_with_operators']) retrieved from /home/airflow/.local/lib/python3.6/site-packages/airflow/example_dags/example_xcomargs.py
[2024-09-09 09:52:58,730] {logging_mixin.py:104} INFO - [2024-09-09 09:52:58,730] {dag.py:1824} INFO - Sync 2 DAGs
[2024-09-09 09:52:58,753] {logging_mixin.py:104} INFO - [2024-09-09 09:52:58,753] {dag.py:2280} INFO - Setting next_dagrun for example_xcom_args to None
[2024-09-09 09:52:58,755] {logging_mixin.py:104} INFO - [2024-09-09 09:52:58,755] {dag.py:2280} INFO - Setting next_dagrun for example_xcom_args_with_operators to None
[2024-09-09 09:52:58,771] {scheduler_job.py:190} INFO - Processing /home/airflow/.local/lib/python3.6/site-packages/airflow/example_dags/example_xcomargs.py took 0.104 seconds
[2024-09-09 20:51:42,204] {scheduler_job.py:182} INFO - Started process (PID=48) to work on /home/airflow/.local/lib/python3.6/site-packages/airflow/example_dags/example_xcomargs.py
[2024-09-09 20:51:42,207] {scheduler_job.py:629} INFO - Processing file /home/airflow/.local/lib/python3.6/site-packages/airflow/example_dags/example_xcomargs.py for tasks to queue
[2024-09-09 20:51:42,208] {logging_mixin.py:104} INFO - [2024-09-09 20:51:42,207] {dagbag.py:451} INFO - Filling up the DagBag from /home/airflow/.local/lib/python3.6/site-packages/airflow/example_dags/example_xcomargs.py
[2024-09-09 20:51:42,235] {scheduler_job.py:639} INFO - DAG(s) dict_keys(['example_xcom_args', 'example_xcom_args_with_operators']) retrieved from /home/airflow/.local/lib/python3.6/site-packages/airflow/example_dags/example_xcomargs.py
[2024-09-09 20:51:42,312] {logging_mixin.py:104} INFO - [2024-09-09 20:51:42,312] {dag.py:1824} INFO - Sync 2 DAGs
[2024-09-09 20:51:42,337] {logging_mixin.py:104} INFO - [2024-09-09 20:51:42,337] {dag.py:2280} INFO - Setting next_dagrun for example_xcom_args to None
[2024-09-09 20:51:42,338] {logging_mixin.py:104} INFO - [2024-09-09 20:51:42,338] {dag.py:2280} INFO - Setting next_dagrun for example_xcom_args_with_operators to None
[2024-09-09 20:51:42,360] {scheduler_job.py:190} INFO - Processing /home/airflow/.local/lib/python3.6/site-packages/airflow/example_dags/example_xcomargs.py took 0.163 seconds
[2024-09-09 20:52:12,711] {scheduler_job.py:182} INFO - Started process (PID=74) to work on /home/airflow/.local/lib/python3.6/site-packages/airflow/example_dags/example_xcomargs.py
[2024-09-09 20:52:12,712] {scheduler_job.py:629} INFO - Processing file /home/airflow/.local/lib/python3.6/site-packages/airflow/example_dags/example_xcomargs.py for tasks to queue
[2024-09-09 20:52:12,712] {logging_mixin.py:104} INFO - [2024-09-09 20:52:12,712] {dagbag.py:451} INFO - Filling up the DagBag from /home/airflow/.local/lib/python3.6/site-packages/airflow/example_dags/example_xcomargs.py
[2024-09-09 20:52:12,726] {scheduler_job.py:639} INFO - DAG(s) dict_keys(['example_xcom_args', 'example_xcom_args_with_operators']) retrieved from /home/airflow/.local/lib/python3.6/site-packages/airflow/example_dags/example_xcomargs.py
[2024-09-09 20:52:12,758] {logging_mixin.py:104} INFO - [2024-09-09 20:52:12,758] {dag.py:1824} INFO - Sync 2 DAGs
[2024-09-09 20:52:12,774] {logging_mixin.py:104} INFO - [2024-09-09 20:52:12,774] {dag.py:2280} INFO - Setting next_dagrun for example_xcom_args to None
[2024-09-09 20:52:12,775] {logging_mixin.py:104} INFO - [2024-09-09 20:52:12,775] {dag.py:2280} INFO - Setting next_dagrun for example_xcom_args_with_operators to None
[2024-09-09 20:52:12,787] {scheduler_job.py:190} INFO - Processing /home/airflow/.local/lib/python3.6/site-packages/airflow/example_dags/example_xcomargs.py took 0.079 seconds
[2024-09-09 20:52:43,052] {scheduler_job.py:182} INFO - Started process (PID=100) to work on /home/airflow/.local/lib/python3.6/site-packages/airflow/example_dags/example_xcomargs.py
[2024-09-09 20:52:43,053] {scheduler_job.py:629} INFO - Processing file /home/airflow/.local/lib/python3.6/site-packages/airflow/example_dags/example_xcomargs.py for tasks to queue
[2024-09-09 20:52:43,053] {logging_mixin.py:104} INFO - [2024-09-09 20:52:43,053] {dagbag.py:451} INFO - Filling up the DagBag from /home/airflow/.local/lib/python3.6/site-packages/airflow/example_dags/example_xcomargs.py
[2024-09-09 20:52:43,068] {scheduler_job.py:639} INFO - DAG(s) dict_keys(['example_xcom_args', 'example_xcom_args_with_operators']) retrieved from /home/airflow/.local/lib/python3.6/site-packages/airflow/example_dags/example_xcomargs.py
[2024-09-09 20:52:43,101] {logging_mixin.py:104} INFO - [2024-09-09 20:52:43,101] {dag.py:1824} INFO - Sync 2 DAGs
[2024-09-09 20:52:43,118] {logging_mixin.py:104} INFO - [2024-09-09 20:52:43,117] {dag.py:2280} INFO - Setting next_dagrun for example_xcom_args to None
[2024-09-09 20:52:43,119] {logging_mixin.py:104} INFO - [2024-09-09 20:52:43,118] {dag.py:2280} INFO - Setting next_dagrun for example_xcom_args_with_operators to None
[2024-09-09 20:52:43,129] {scheduler_job.py:190} INFO - Processing /home/airflow/.local/lib/python3.6/site-packages/airflow/example_dags/example_xcomargs.py took 0.080 seconds
[2024-09-09 20:53:13,443] {scheduler_job.py:182} INFO - Started process (PID=128) to work on /home/airflow/.local/lib/python3.6/site-packages/airflow/example_dags/example_xcomargs.py
[2024-09-09 20:53:13,444] {scheduler_job.py:629} INFO - Processing file /home/airflow/.local/lib/python3.6/site-packages/airflow/example_dags/example_xcomargs.py for tasks to queue
[2024-09-09 20:53:13,445] {logging_mixin.py:104} INFO - [2024-09-09 20:53:13,445] {dagbag.py:451} INFO - Filling up the DagBag from /home/airflow/.local/lib/python3.6/site-packages/airflow/example_dags/example_xcomargs.py
[2024-09-09 20:53:13,462] {scheduler_job.py:639} INFO - DAG(s) dict_keys(['example_xcom_args', 'example_xcom_args_with_operators']) retrieved from /home/airflow/.local/lib/python3.6/site-packages/airflow/example_dags/example_xcomargs.py
[2024-09-09 20:53:13,496] {logging_mixin.py:104} INFO - [2024-09-09 20:53:13,496] {dag.py:1824} INFO - Sync 2 DAGs
[2024-09-09 20:53:13,512] {logging_mixin.py:104} INFO - [2024-09-09 20:53:13,512] {dag.py:2280} INFO - Setting next_dagrun for example_xcom_args to None
[2024-09-09 20:53:13,513] {logging_mixin.py:104} INFO - [2024-09-09 20:53:13,513] {dag.py:2280} INFO - Setting next_dagrun for example_xcom_args_with_operators to None
[2024-09-09 20:53:13,527] {scheduler_job.py:190} INFO - Processing /home/airflow/.local/lib/python3.6/site-packages/airflow/example_dags/example_xcomargs.py took 0.086 seconds
[2024-09-09 20:53:43,941] {scheduler_job.py:182} INFO - Started process (PID=156) to work on /home/airflow/.local/lib/python3.6/site-packages/airflow/example_dags/example_xcomargs.py
[2024-09-09 20:53:43,942] {scheduler_job.py:629} INFO - Processing file /home/airflow/.local/lib/python3.6/site-packages/airflow/example_dags/example_xcomargs.py for tasks to queue
[2024-09-09 20:53:43,942] {logging_mixin.py:104} INFO - [2024-09-09 20:53:43,942] {dagbag.py:451} INFO - Filling up the DagBag from /home/airflow/.local/lib/python3.6/site-packages/airflow/example_dags/example_xcomargs.py
[2024-09-09 20:53:43,959] {scheduler_job.py:639} INFO - DAG(s) dict_keys(['example_xcom_args', 'example_xcom_args_with_operators']) retrieved from /home/airflow/.local/lib/python3.6/site-packages/airflow/example_dags/example_xcomargs.py
[2024-09-09 20:53:43,989] {logging_mixin.py:104} INFO - [2024-09-09 20:53:43,989] {dag.py:1824} INFO - Sync 2 DAGs
[2024-09-09 20:53:44,005] {logging_mixin.py:104} INFO - [2024-09-09 20:53:44,005] {dag.py:2280} INFO - Setting next_dagrun for example_xcom_args to None
[2024-09-09 20:53:44,006] {logging_mixin.py:104} INFO - [2024-09-09 20:53:44,006] {dag.py:2280} INFO - Setting next_dagrun for example_xcom_args_with_operators to None
[2024-09-09 20:53:44,018] {scheduler_job.py:190} INFO - Processing /home/airflow/.local/lib/python3.6/site-packages/airflow/example_dags/example_xcomargs.py took 0.080 seconds
[2024-09-09 20:54:14,409] {scheduler_job.py:182} INFO - Started process (PID=185) to work on /home/airflow/.local/lib/python3.6/site-packages/airflow/example_dags/example_xcomargs.py
[2024-09-09 20:54:14,410] {scheduler_job.py:629} INFO - Processing file /home/airflow/.local/lib/python3.6/site-packages/airflow/example_dags/example_xcomargs.py for tasks to queue
[2024-09-09 20:54:14,411] {logging_mixin.py:104} INFO - [2024-09-09 20:54:14,411] {dagbag.py:451} INFO - Filling up the DagBag from /home/airflow/.local/lib/python3.6/site-packages/airflow/example_dags/example_xcomargs.py
[2024-09-09 20:54:14,425] {scheduler_job.py:639} INFO - DAG(s) dict_keys(['example_xcom_args', 'example_xcom_args_with_operators']) retrieved from /home/airflow/.local/lib/python3.6/site-packages/airflow/example_dags/example_xcomargs.py
[2024-09-09 20:54:14,457] {logging_mixin.py:104} INFO - [2024-09-09 20:54:14,457] {dag.py:1824} INFO - Sync 2 DAGs
[2024-09-09 20:54:14,474] {logging_mixin.py:104} INFO - [2024-09-09 20:54:14,474] {dag.py:2280} INFO - Setting next_dagrun for example_xcom_args to None
[2024-09-09 20:54:14,475] {logging_mixin.py:104} INFO - [2024-09-09 20:54:14,475] {dag.py:2280} INFO - Setting next_dagrun for example_xcom_args_with_operators to None
[2024-09-09 20:54:14,488] {scheduler_job.py:190} INFO - Processing /home/airflow/.local/lib/python3.6/site-packages/airflow/example_dags/example_xcomargs.py took 0.082 seconds
[2024-09-09 20:54:44,946] {scheduler_job.py:182} INFO - Started process (PID=211) to work on /home/airflow/.local/lib/python3.6/site-packages/airflow/example_dags/example_xcomargs.py
[2024-09-09 20:54:44,947] {scheduler_job.py:629} INFO - Processing file /home/airflow/.local/lib/python3.6/site-packages/airflow/example_dags/example_xcomargs.py for tasks to queue
[2024-09-09 20:54:44,948] {logging_mixin.py:104} INFO - [2024-09-09 20:54:44,948] {dagbag.py:451} INFO - Filling up the DagBag from /home/airflow/.local/lib/python3.6/site-packages/airflow/example_dags/example_xcomargs.py
[2024-09-09 20:54:44,964] {scheduler_job.py:639} INFO - DAG(s) dict_keys(['example_xcom_args', 'example_xcom_args_with_operators']) retrieved from /home/airflow/.local/lib/python3.6/site-packages/airflow/example_dags/example_xcomargs.py
[2024-09-09 20:54:45,001] {logging_mixin.py:104} INFO - [2024-09-09 20:54:45,001] {dag.py:1824} INFO - Sync 2 DAGs
[2024-09-09 20:54:45,017] {logging_mixin.py:104} INFO - [2024-09-09 20:54:45,017] {dag.py:2280} INFO - Setting next_dagrun for example_xcom_args to None
[2024-09-09 20:54:45,018] {logging_mixin.py:104} INFO - [2024-09-09 20:54:45,018] {dag.py:2280} INFO - Setting next_dagrun for example_xcom_args_with_operators to None
[2024-09-09 20:54:45,030] {scheduler_job.py:190} INFO - Processing /home/airflow/.local/lib/python3.6/site-packages/airflow/example_dags/example_xcomargs.py took 0.088 seconds
[2024-09-09 20:55:15,372] {scheduler_job.py:182} INFO - Started process (PID=239) to work on /home/airflow/.local/lib/python3.6/site-packages/airflow/example_dags/example_xcomargs.py
[2024-09-09 20:55:15,373] {scheduler_job.py:629} INFO - Processing file /home/airflow/.local/lib/python3.6/site-packages/airflow/example_dags/example_xcomargs.py for tasks to queue
[2024-09-09 20:55:15,374] {logging_mixin.py:104} INFO - [2024-09-09 20:55:15,374] {dagbag.py:451} INFO - Filling up the DagBag from /home/airflow/.local/lib/python3.6/site-packages/airflow/example_dags/example_xcomargs.py
[2024-09-09 20:55:15,391] {scheduler_job.py:639} INFO - DAG(s) dict_keys(['example_xcom_args', 'example_xcom_args_with_operators']) retrieved from /home/airflow/.local/lib/python3.6/site-packages/airflow/example_dags/example_xcomargs.py
[2024-09-09 20:55:15,419] {logging_mixin.py:104} INFO - [2024-09-09 20:55:15,419] {dag.py:1824} INFO - Sync 2 DAGs
[2024-09-09 20:55:15,436] {logging_mixin.py:104} INFO - [2024-09-09 20:55:15,435] {dag.py:2280} INFO - Setting next_dagrun for example_xcom_args to None
[2024-09-09 20:55:15,436] {logging_mixin.py:104} INFO - [2024-09-09 20:55:15,436] {dag.py:2280} INFO - Setting next_dagrun for example_xcom_args_with_operators to None
[2024-09-09 20:55:15,448] {scheduler_job.py:190} INFO - Processing /home/airflow/.local/lib/python3.6/site-packages/airflow/example_dags/example_xcomargs.py took 0.079 seconds
[2024-09-09 20:55:45,667] {scheduler_job.py:182} INFO - Started process (PID=265) to work on /home/airflow/.local/lib/python3.6/site-packages/airflow/example_dags/example_xcomargs.py
[2024-09-09 20:55:45,668] {scheduler_job.py:629} INFO - Processing file /home/airflow/.local/lib/python3.6/site-packages/airflow/example_dags/example_xcomargs.py for tasks to queue
[2024-09-09 20:55:45,669] {logging_mixin.py:104} INFO - [2024-09-09 20:55:45,669] {dagbag.py:451} INFO - Filling up the DagBag from /home/airflow/.local/lib/python3.6/site-packages/airflow/example_dags/example_xcomargs.py
[2024-09-09 20:55:45,686] {scheduler_job.py:639} INFO - DAG(s) dict_keys(['example_xcom_args', 'example_xcom_args_with_operators']) retrieved from /home/airflow/.local/lib/python3.6/site-packages/airflow/example_dags/example_xcomargs.py
[2024-09-09 20:55:45,714] {logging_mixin.py:104} INFO - [2024-09-09 20:55:45,713] {dag.py:1824} INFO - Sync 2 DAGs
[2024-09-09 20:55:45,730] {logging_mixin.py:104} INFO - [2024-09-09 20:55:45,729] {dag.py:2280} INFO - Setting next_dagrun for example_xcom_args to None
[2024-09-09 20:55:45,730] {logging_mixin.py:104} INFO - [2024-09-09 20:55:45,730] {dag.py:2280} INFO - Setting next_dagrun for example_xcom_args_with_operators to None
[2024-09-09 20:55:45,742] {scheduler_job.py:190} INFO - Processing /home/airflow/.local/lib/python3.6/site-packages/airflow/example_dags/example_xcomargs.py took 0.078 seconds
[2024-09-09 20:56:15,863] {scheduler_job.py:182} INFO - Started process (PID=288) to work on /home/airflow/.local/lib/python3.6/site-packages/airflow/example_dags/example_xcomargs.py
[2024-09-09 20:56:15,863] {scheduler_job.py:629} INFO - Processing file /home/airflow/.local/lib/python3.6/site-packages/airflow/example_dags/example_xcomargs.py for tasks to queue
[2024-09-09 20:56:15,864] {logging_mixin.py:104} INFO - [2024-09-09 20:56:15,864] {dagbag.py:451} INFO - Filling up the DagBag from /home/airflow/.local/lib/python3.6/site-packages/airflow/example_dags/example_xcomargs.py
[2024-09-09 20:56:15,881] {scheduler_job.py:639} INFO - DAG(s) dict_keys(['example_xcom_args', 'example_xcom_args_with_operators']) retrieved from /home/airflow/.local/lib/python3.6/site-packages/airflow/example_dags/example_xcomargs.py
[2024-09-09 20:56:15,911] {logging_mixin.py:104} INFO - [2024-09-09 20:56:15,911] {dag.py:1824} INFO - Sync 2 DAGs
[2024-09-09 20:56:15,927] {logging_mixin.py:104} INFO - [2024-09-09 20:56:15,927] {dag.py:2280} INFO - Setting next_dagrun for example_xcom_args to None
[2024-09-09 20:56:15,928] {logging_mixin.py:104} INFO - [2024-09-09 20:56:15,928] {dag.py:2280} INFO - Setting next_dagrun for example_xcom_args_with_operators to None
[2024-09-09 20:56:15,940] {scheduler_job.py:190} INFO - Processing /home/airflow/.local/lib/python3.6/site-packages/airflow/example_dags/example_xcomargs.py took 0.080 seconds
[2024-09-09 20:56:46,081] {scheduler_job.py:182} INFO - Started process (PID=311) to work on /home/airflow/.local/lib/python3.6/site-packages/airflow/example_dags/example_xcomargs.py
[2024-09-09 20:56:46,083] {scheduler_job.py:629} INFO - Processing file /home/airflow/.local/lib/python3.6/site-packages/airflow/example_dags/example_xcomargs.py for tasks to queue
[2024-09-09 20:56:46,083] {logging_mixin.py:104} INFO - [2024-09-09 20:56:46,083] {dagbag.py:451} INFO - Filling up the DagBag from /home/airflow/.local/lib/python3.6/site-packages/airflow/example_dags/example_xcomargs.py
[2024-09-09 20:56:46,101] {scheduler_job.py:639} INFO - DAG(s) dict_keys(['example_xcom_args', 'example_xcom_args_with_operators']) retrieved from /home/airflow/.local/lib/python3.6/site-packages/airflow/example_dags/example_xcomargs.py
[2024-09-09 20:56:46,130] {logging_mixin.py:104} INFO - [2024-09-09 20:56:46,130] {dag.py:1824} INFO - Sync 2 DAGs
[2024-09-09 20:56:46,146] {logging_mixin.py:104} INFO - [2024-09-09 20:56:46,146] {dag.py:2280} INFO - Setting next_dagrun for example_xcom_args to None
[2024-09-09 20:56:46,147] {logging_mixin.py:104} INFO - [2024-09-09 20:56:46,147] {dag.py:2280} INFO - Setting next_dagrun for example_xcom_args_with_operators to None
[2024-09-09 20:56:46,159] {scheduler_job.py:190} INFO - Processing /home/airflow/.local/lib/python3.6/site-packages/airflow/example_dags/example_xcomargs.py took 0.081 seconds
[2024-09-09 20:57:16,453] {scheduler_job.py:182} INFO - Started process (PID=337) to work on /home/airflow/.local/lib/python3.6/site-packages/airflow/example_dags/example_xcomargs.py
[2024-09-09 20:57:16,454] {scheduler_job.py:629} INFO - Processing file /home/airflow/.local/lib/python3.6/site-packages/airflow/example_dags/example_xcomargs.py for tasks to queue
[2024-09-09 20:57:16,455] {logging_mixin.py:104} INFO - [2024-09-09 20:57:16,455] {dagbag.py:451} INFO - Filling up the DagBag from /home/airflow/.local/lib/python3.6/site-packages/airflow/example_dags/example_xcomargs.py
[2024-09-09 20:57:16,472] {scheduler_job.py:639} INFO - DAG(s) dict_keys(['example_xcom_args', 'example_xcom_args_with_operators']) retrieved from /home/airflow/.local/lib/python3.6/site-packages/airflow/example_dags/example_xcomargs.py
[2024-09-09 20:57:16,500] {logging_mixin.py:104} INFO - [2024-09-09 20:57:16,500] {dag.py:1824} INFO - Sync 2 DAGs
[2024-09-09 20:57:16,516] {logging_mixin.py:104} INFO - [2024-09-09 20:57:16,516] {dag.py:2280} INFO - Setting next_dagrun for example_xcom_args to None
[2024-09-09 20:57:16,517] {logging_mixin.py:104} INFO - [2024-09-09 20:57:16,517] {dag.py:2280} INFO - Setting next_dagrun for example_xcom_args_with_operators to None
[2024-09-09 20:57:16,529] {scheduler_job.py:190} INFO - Processing /home/airflow/.local/lib/python3.6/site-packages/airflow/example_dags/example_xcomargs.py took 0.079 seconds
[2024-09-09 20:57:47,126] {scheduler_job.py:182} INFO - Started process (PID=366) to work on /home/airflow/.local/lib/python3.6/site-packages/airflow/example_dags/example_xcomargs.py
[2024-09-09 20:57:47,127] {scheduler_job.py:629} INFO - Processing file /home/airflow/.local/lib/python3.6/site-packages/airflow/example_dags/example_xcomargs.py for tasks to queue
[2024-09-09 20:57:47,127] {logging_mixin.py:104} INFO - [2024-09-09 20:57:47,127] {dagbag.py:451} INFO - Filling up the DagBag from /home/airflow/.local/lib/python3.6/site-packages/airflow/example_dags/example_xcomargs.py
[2024-09-09 20:57:47,143] {scheduler_job.py:639} INFO - DAG(s) dict_keys(['example_xcom_args', 'example_xcom_args_with_operators']) retrieved from /home/airflow/.local/lib/python3.6/site-packages/airflow/example_dags/example_xcomargs.py
[2024-09-09 20:57:47,169] {logging_mixin.py:104} INFO - [2024-09-09 20:57:47,169] {dag.py:1824} INFO - Sync 2 DAGs
[2024-09-09 20:57:47,185] {logging_mixin.py:104} INFO - [2024-09-09 20:57:47,185] {dag.py:2280} INFO - Setting next_dagrun for example_xcom_args to None
[2024-09-09 20:57:47,185] {logging_mixin.py:104} INFO - [2024-09-09 20:57:47,185] {dag.py:2280} INFO - Setting next_dagrun for example_xcom_args_with_operators to None
[2024-09-09 20:57:47,198] {scheduler_job.py:190} INFO - Processing /home/airflow/.local/lib/python3.6/site-packages/airflow/example_dags/example_xcomargs.py took 0.075 seconds
[2024-09-09 20:58:17,442] {scheduler_job.py:182} INFO - Started process (PID=391) to work on /home/airflow/.local/lib/python3.6/site-packages/airflow/example_dags/example_xcomargs.py
[2024-09-09 20:58:17,443] {scheduler_job.py:629} INFO - Processing file /home/airflow/.local/lib/python3.6/site-packages/airflow/example_dags/example_xcomargs.py for tasks to queue
[2024-09-09 20:58:17,444] {logging_mixin.py:104} INFO - [2024-09-09 20:58:17,444] {dagbag.py:451} INFO - Filling up the DagBag from /home/airflow/.local/lib/python3.6/site-packages/airflow/example_dags/example_xcomargs.py
[2024-09-09 20:58:17,462] {scheduler_job.py:639} INFO - DAG(s) dict_keys(['example_xcom_args', 'example_xcom_args_with_operators']) retrieved from /home/airflow/.local/lib/python3.6/site-packages/airflow/example_dags/example_xcomargs.py
[2024-09-09 20:58:17,490] {logging_mixin.py:104} INFO - [2024-09-09 20:58:17,490] {dag.py:1824} INFO - Sync 2 DAGs
[2024-09-09 20:58:17,507] {logging_mixin.py:104} INFO - [2024-09-09 20:58:17,507] {dag.py:2280} INFO - Setting next_dagrun for example_xcom_args to None
[2024-09-09 20:58:17,507] {logging_mixin.py:104} INFO - [2024-09-09 20:58:17,507] {dag.py:2280} INFO - Setting next_dagrun for example_xcom_args_with_operators to None
[2024-09-09 20:58:17,519] {scheduler_job.py:190} INFO - Processing /home/airflow/.local/lib/python3.6/site-packages/airflow/example_dags/example_xcomargs.py took 0.081 seconds
[2024-09-09 20:58:47,832] {scheduler_job.py:182} INFO - Started process (PID=419) to work on /home/airflow/.local/lib/python3.6/site-packages/airflow/example_dags/example_xcomargs.py
[2024-09-09 20:58:47,839] {scheduler_job.py:629} INFO - Processing file /home/airflow/.local/lib/python3.6/site-packages/airflow/example_dags/example_xcomargs.py for tasks to queue
[2024-09-09 20:58:47,839] {logging_mixin.py:104} INFO - [2024-09-09 20:58:47,839] {dagbag.py:451} INFO - Filling up the DagBag from /home/airflow/.local/lib/python3.6/site-packages/airflow/example_dags/example_xcomargs.py
[2024-09-09 20:58:47,855] {scheduler_job.py:639} INFO - DAG(s) dict_keys(['example_xcom_args', 'example_xcom_args_with_operators']) retrieved from /home/airflow/.local/lib/python3.6/site-packages/airflow/example_dags/example_xcomargs.py
[2024-09-09 20:58:47,884] {logging_mixin.py:104} INFO - [2024-09-09 20:58:47,884] {dag.py:1824} INFO - Sync 2 DAGs
[2024-09-09 20:58:47,900] {logging_mixin.py:104} INFO - [2024-09-09 20:58:47,900] {dag.py:2280} INFO - Setting next_dagrun for example_xcom_args to None
[2024-09-09 20:58:47,901] {logging_mixin.py:104} INFO - [2024-09-09 20:58:47,901] {dag.py:2280} INFO - Setting next_dagrun for example_xcom_args_with_operators to None
[2024-09-09 20:58:47,914] {scheduler_job.py:190} INFO - Processing /home/airflow/.local/lib/python3.6/site-packages/airflow/example_dags/example_xcomargs.py took 0.086 seconds
[2024-09-09 20:59:18,350] {scheduler_job.py:182} INFO - Started process (PID=449) to work on /home/airflow/.local/lib/python3.6/site-packages/airflow/example_dags/example_xcomargs.py
[2024-09-09 20:59:18,351] {scheduler_job.py:629} INFO - Processing file /home/airflow/.local/lib/python3.6/site-packages/airflow/example_dags/example_xcomargs.py for tasks to queue
[2024-09-09 20:59:18,352] {logging_mixin.py:104} INFO - [2024-09-09 20:59:18,352] {dagbag.py:451} INFO - Filling up the DagBag from /home/airflow/.local/lib/python3.6/site-packages/airflow/example_dags/example_xcomargs.py
[2024-09-09 20:59:18,366] {scheduler_job.py:639} INFO - DAG(s) dict_keys(['example_xcom_args', 'example_xcom_args_with_operators']) retrieved from /home/airflow/.local/lib/python3.6/site-packages/airflow/example_dags/example_xcomargs.py
[2024-09-09 20:59:18,394] {logging_mixin.py:104} INFO - [2024-09-09 20:59:18,394] {dag.py:1824} INFO - Sync 2 DAGs
[2024-09-09 20:59:18,411] {logging_mixin.py:104} INFO - [2024-09-09 20:59:18,411] {dag.py:2280} INFO - Setting next_dagrun for example_xcom_args to None
[2024-09-09 20:59:18,412] {logging_mixin.py:104} INFO - [2024-09-09 20:59:18,412] {dag.py:2280} INFO - Setting next_dagrun for example_xcom_args_with_operators to None
[2024-09-09 20:59:18,424] {scheduler_job.py:190} INFO - Processing /home/airflow/.local/lib/python3.6/site-packages/airflow/example_dags/example_xcomargs.py took 0.078 seconds
[2024-09-09 20:59:48,661] {scheduler_job.py:182} INFO - Started process (PID=476) to work on /home/airflow/.local/lib/python3.6/site-packages/airflow/example_dags/example_xcomargs.py
[2024-09-09 20:59:48,662] {scheduler_job.py:629} INFO - Processing file /home/airflow/.local/lib/python3.6/site-packages/airflow/example_dags/example_xcomargs.py for tasks to queue
[2024-09-09 20:59:48,662] {logging_mixin.py:104} INFO - [2024-09-09 20:59:48,662] {dagbag.py:451} INFO - Filling up the DagBag from /home/airflow/.local/lib/python3.6/site-packages/airflow/example_dags/example_xcomargs.py
[2024-09-09 20:59:48,680] {scheduler_job.py:639} INFO - DAG(s) dict_keys(['example_xcom_args', 'example_xcom_args_with_operators']) retrieved from /home/airflow/.local/lib/python3.6/site-packages/airflow/example_dags/example_xcomargs.py
[2024-09-09 20:59:48,710] {logging_mixin.py:104} INFO - [2024-09-09 20:59:48,710] {dag.py:1824} INFO - Sync 2 DAGs
[2024-09-09 20:59:48,725] {logging_mixin.py:104} INFO - [2024-09-09 20:59:48,725] {dag.py:2280} INFO - Setting next_dagrun for example_xcom_args to None
[2024-09-09 20:59:48,726] {logging_mixin.py:104} INFO - [2024-09-09 20:59:48,726] {dag.py:2280} INFO - Setting next_dagrun for example_xcom_args_with_operators to None
[2024-09-09 20:59:48,737] {scheduler_job.py:190} INFO - Processing /home/airflow/.local/lib/python3.6/site-packages/airflow/example_dags/example_xcomargs.py took 0.080 seconds
[2024-09-09 21:00:19,067] {scheduler_job.py:182} INFO - Started process (PID=504) to work on /home/airflow/.local/lib/python3.6/site-packages/airflow/example_dags/example_xcomargs.py
[2024-09-09 21:00:19,068] {scheduler_job.py:629} INFO - Processing file /home/airflow/.local/lib/python3.6/site-packages/airflow/example_dags/example_xcomargs.py for tasks to queue
[2024-09-09 21:00:19,069] {logging_mixin.py:104} INFO - [2024-09-09 21:00:19,069] {dagbag.py:451} INFO - Filling up the DagBag from /home/airflow/.local/lib/python3.6/site-packages/airflow/example_dags/example_xcomargs.py
[2024-09-09 21:00:19,083] {scheduler_job.py:639} INFO - DAG(s) dict_keys(['example_xcom_args', 'example_xcom_args_with_operators']) retrieved from /home/airflow/.local/lib/python3.6/site-packages/airflow/example_dags/example_xcomargs.py
[2024-09-09 21:00:19,109] {logging_mixin.py:104} INFO - [2024-09-09 21:00:19,109] {dag.py:1824} INFO - Sync 2 DAGs
[2024-09-09 21:00:19,126] {logging_mixin.py:104} INFO - [2024-09-09 21:00:19,126] {dag.py:2280} INFO - Setting next_dagrun for example_xcom_args to None
[2024-09-09 21:00:19,127] {logging_mixin.py:104} INFO - [2024-09-09 21:00:19,127] {dag.py:2280} INFO - Setting next_dagrun for example_xcom_args_with_operators to None
[2024-09-09 21:00:19,140] {scheduler_job.py:190} INFO - Processing /home/airflow/.local/lib/python3.6/site-packages/airflow/example_dags/example_xcomargs.py took 0.075 seconds
[2024-09-09 21:00:49,471] {scheduler_job.py:182} INFO - Started process (PID=532) to work on /home/airflow/.local/lib/python3.6/site-packages/airflow/example_dags/example_xcomargs.py
[2024-09-09 21:00:49,472] {scheduler_job.py:629} INFO - Processing file /home/airflow/.local/lib/python3.6/site-packages/airflow/example_dags/example_xcomargs.py for tasks to queue
[2024-09-09 21:00:49,472] {logging_mixin.py:104} INFO - [2024-09-09 21:00:49,472] {dagbag.py:451} INFO - Filling up the DagBag from /home/airflow/.local/lib/python3.6/site-packages/airflow/example_dags/example_xcomargs.py
[2024-09-09 21:00:49,488] {scheduler_job.py:639} INFO - DAG(s) dict_keys(['example_xcom_args', 'example_xcom_args_with_operators']) retrieved from /home/airflow/.local/lib/python3.6/site-packages/airflow/example_dags/example_xcomargs.py
[2024-09-09 21:00:49,518] {logging_mixin.py:104} INFO - [2024-09-09 21:00:49,517] {dag.py:1824} INFO - Sync 2 DAGs
[2024-09-09 21:00:49,535] {logging_mixin.py:104} INFO - [2024-09-09 21:00:49,534] {dag.py:2280} INFO - Setting next_dagrun for example_xcom_args to None
[2024-09-09 21:00:49,535] {logging_mixin.py:104} INFO - [2024-09-09 21:00:49,535] {dag.py:2280} INFO - Setting next_dagrun for example_xcom_args_with_operators to None
[2024-09-09 21:00:49,547] {scheduler_job.py:190} INFO - Processing /home/airflow/.local/lib/python3.6/site-packages/airflow/example_dags/example_xcomargs.py took 0.079 seconds
[2024-09-09 21:01:19,808] {scheduler_job.py:182} INFO - Started process (PID=559) to work on /home/airflow/.local/lib/python3.6/site-packages/airflow/example_dags/example_xcomargs.py
[2024-09-09 21:01:19,809] {scheduler_job.py:629} INFO - Processing file /home/airflow/.local/lib/python3.6/site-packages/airflow/example_dags/example_xcomargs.py for tasks to queue
[2024-09-09 21:01:19,810] {logging_mixin.py:104} INFO - [2024-09-09 21:01:19,810] {dagbag.py:451} INFO - Filling up the DagBag from /home/airflow/.local/lib/python3.6/site-packages/airflow/example_dags/example_xcomargs.py
[2024-09-09 21:01:19,825] {scheduler_job.py:639} INFO - DAG(s) dict_keys(['example_xcom_args', 'example_xcom_args_with_operators']) retrieved from /home/airflow/.local/lib/python3.6/site-packages/airflow/example_dags/example_xcomargs.py
[2024-09-09 21:01:19,857] {logging_mixin.py:104} INFO - [2024-09-09 21:01:19,856] {dag.py:1824} INFO - Sync 2 DAGs
[2024-09-09 21:01:19,874] {logging_mixin.py:104} INFO - [2024-09-09 21:01:19,874] {dag.py:2280} INFO - Setting next_dagrun for example_xcom_args to None
[2024-09-09 21:01:19,875] {logging_mixin.py:104} INFO - [2024-09-09 21:01:19,875] {dag.py:2280} INFO - Setting next_dagrun for example_xcom_args_with_operators to None
[2024-09-09 21:01:19,888] {scheduler_job.py:190} INFO - Processing /home/airflow/.local/lib/python3.6/site-packages/airflow/example_dags/example_xcomargs.py took 0.083 seconds
[2024-09-09 21:01:50,113] {scheduler_job.py:182} INFO - Started process (PID=585) to work on /home/airflow/.local/lib/python3.6/site-packages/airflow/example_dags/example_xcomargs.py
[2024-09-09 21:01:50,115] {scheduler_job.py:629} INFO - Processing file /home/airflow/.local/lib/python3.6/site-packages/airflow/example_dags/example_xcomargs.py for tasks to queue
[2024-09-09 21:01:50,115] {logging_mixin.py:104} INFO - [2024-09-09 21:01:50,115] {dagbag.py:451} INFO - Filling up the DagBag from /home/airflow/.local/lib/python3.6/site-packages/airflow/example_dags/example_xcomargs.py
[2024-09-09 21:01:50,130] {scheduler_job.py:639} INFO - DAG(s) dict_keys(['example_xcom_args', 'example_xcom_args_with_operators']) retrieved from /home/airflow/.local/lib/python3.6/site-packages/airflow/example_dags/example_xcomargs.py
[2024-09-09 21:01:50,161] {logging_mixin.py:104} INFO - [2024-09-09 21:01:50,161] {dag.py:1824} INFO - Sync 2 DAGs
[2024-09-09 21:01:50,177] {logging_mixin.py:104} INFO - [2024-09-09 21:01:50,177] {dag.py:2280} INFO - Setting next_dagrun for example_xcom_args to None
[2024-09-09 21:01:50,178] {logging_mixin.py:104} INFO - [2024-09-09 21:01:50,178] {dag.py:2280} INFO - Setting next_dagrun for example_xcom_args_with_operators to None
[2024-09-09 21:01:50,190] {scheduler_job.py:190} INFO - Processing /home/airflow/.local/lib/python3.6/site-packages/airflow/example_dags/example_xcomargs.py took 0.080 seconds
[2024-09-09 21:02:20,450] {scheduler_job.py:182} INFO - Started process (PID=613) to work on /home/airflow/.local/lib/python3.6/site-packages/airflow/example_dags/example_xcomargs.py
[2024-09-09 21:02:20,451] {scheduler_job.py:629} INFO - Processing file /home/airflow/.local/lib/python3.6/site-packages/airflow/example_dags/example_xcomargs.py for tasks to queue
[2024-09-09 21:02:20,451] {logging_mixin.py:104} INFO - [2024-09-09 21:02:20,451] {dagbag.py:451} INFO - Filling up the DagBag from /home/airflow/.local/lib/python3.6/site-packages/airflow/example_dags/example_xcomargs.py
[2024-09-09 21:02:20,468] {scheduler_job.py:639} INFO - DAG(s) dict_keys(['example_xcom_args', 'example_xcom_args_with_operators']) retrieved from /home/airflow/.local/lib/python3.6/site-packages/airflow/example_dags/example_xcomargs.py
[2024-09-09 21:02:20,496] {logging_mixin.py:104} INFO - [2024-09-09 21:02:20,496] {dag.py:1824} INFO - Sync 2 DAGs
[2024-09-09 21:02:20,514] {logging_mixin.py:104} INFO - [2024-09-09 21:02:20,514] {dag.py:2280} INFO - Setting next_dagrun for example_xcom_args to None
[2024-09-09 21:02:20,515] {logging_mixin.py:104} INFO - [2024-09-09 21:02:20,515] {dag.py:2280} INFO - Setting next_dagrun for example_xcom_args_with_operators to None
[2024-09-09 21:02:20,527] {scheduler_job.py:190} INFO - Processing /home/airflow/.local/lib/python3.6/site-packages/airflow/example_dags/example_xcomargs.py took 0.081 seconds
[2024-09-09 21:02:50,795] {scheduler_job.py:182} INFO - Started process (PID=640) to work on /home/airflow/.local/lib/python3.6/site-packages/airflow/example_dags/example_xcomargs.py
[2024-09-09 21:02:50,797] {scheduler_job.py:629} INFO - Processing file /home/airflow/.local/lib/python3.6/site-packages/airflow/example_dags/example_xcomargs.py for tasks to queue
[2024-09-09 21:02:50,798] {logging_mixin.py:104} INFO - [2024-09-09 21:02:50,798] {dagbag.py:451} INFO - Filling up the DagBag from /home/airflow/.local/lib/python3.6/site-packages/airflow/example_dags/example_xcomargs.py
[2024-09-09 21:02:50,813] {scheduler_job.py:639} INFO - DAG(s) dict_keys(['example_xcom_args', 'example_xcom_args_with_operators']) retrieved from /home/airflow/.local/lib/python3.6/site-packages/airflow/example_dags/example_xcomargs.py
[2024-09-09 21:02:50,841] {logging_mixin.py:104} INFO - [2024-09-09 21:02:50,841] {dag.py:1824} INFO - Sync 2 DAGs
[2024-09-09 21:02:50,859] {logging_mixin.py:104} INFO - [2024-09-09 21:02:50,858] {dag.py:2280} INFO - Setting next_dagrun for example_xcom_args to None
[2024-09-09 21:02:50,859] {logging_mixin.py:104} INFO - [2024-09-09 21:02:50,859] {dag.py:2280} INFO - Setting next_dagrun for example_xcom_args_with_operators to None
[2024-09-09 21:02:50,871] {scheduler_job.py:190} INFO - Processing /home/airflow/.local/lib/python3.6/site-packages/airflow/example_dags/example_xcomargs.py took 0.080 seconds
[2024-09-09 21:03:21,128] {scheduler_job.py:182} INFO - Started process (PID=666) to work on /home/airflow/.local/lib/python3.6/site-packages/airflow/example_dags/example_xcomargs.py
[2024-09-09 21:03:21,129] {scheduler_job.py:629} INFO - Processing file /home/airflow/.local/lib/python3.6/site-packages/airflow/example_dags/example_xcomargs.py for tasks to queue
[2024-09-09 21:03:21,130] {logging_mixin.py:104} INFO - [2024-09-09 21:03:21,130] {dagbag.py:451} INFO - Filling up the DagBag from /home/airflow/.local/lib/python3.6/site-packages/airflow/example_dags/example_xcomargs.py
[2024-09-09 21:03:21,145] {scheduler_job.py:639} INFO - DAG(s) dict_keys(['example_xcom_args', 'example_xcom_args_with_operators']) retrieved from /home/airflow/.local/lib/python3.6/site-packages/airflow/example_dags/example_xcomargs.py
[2024-09-09 21:03:21,176] {logging_mixin.py:104} INFO - [2024-09-09 21:03:21,176] {dag.py:1824} INFO - Sync 2 DAGs
[2024-09-09 21:03:21,193] {logging_mixin.py:104} INFO - [2024-09-09 21:03:21,193] {dag.py:2280} INFO - Setting next_dagrun for example_xcom_args to None
[2024-09-09 21:03:21,194] {logging_mixin.py:104} INFO - [2024-09-09 21:03:21,194] {dag.py:2280} INFO - Setting next_dagrun for example_xcom_args_with_operators to None
[2024-09-09 21:03:21,206] {scheduler_job.py:190} INFO - Processing /home/airflow/.local/lib/python3.6/site-packages/airflow/example_dags/example_xcomargs.py took 0.081 seconds
[2024-09-09 21:03:51,516] {scheduler_job.py:182} INFO - Started process (PID=694) to work on /home/airflow/.local/lib/python3.6/site-packages/airflow/example_dags/example_xcomargs.py
[2024-09-09 21:03:51,518] {scheduler_job.py:629} INFO - Processing file /home/airflow/.local/lib/python3.6/site-packages/airflow/example_dags/example_xcomargs.py for tasks to queue
[2024-09-09 21:03:51,519] {logging_mixin.py:104} INFO - [2024-09-09 21:03:51,519] {dagbag.py:451} INFO - Filling up the DagBag from /home/airflow/.local/lib/python3.6/site-packages/airflow/example_dags/example_xcomargs.py
[2024-09-09 21:03:51,535] {scheduler_job.py:639} INFO - DAG(s) dict_keys(['example_xcom_args', 'example_xcom_args_with_operators']) retrieved from /home/airflow/.local/lib/python3.6/site-packages/airflow/example_dags/example_xcomargs.py
[2024-09-09 21:03:51,564] {logging_mixin.py:104} INFO - [2024-09-09 21:03:51,564] {dag.py:1824} INFO - Sync 2 DAGs
[2024-09-09 21:03:51,581] {logging_mixin.py:104} INFO - [2024-09-09 21:03:51,581] {dag.py:2280} INFO - Setting next_dagrun for example_xcom_args to None
[2024-09-09 21:03:51,582] {logging_mixin.py:104} INFO - [2024-09-09 21:03:51,582] {dag.py:2280} INFO - Setting next_dagrun for example_xcom_args_with_operators to None
[2024-09-09 21:03:51,594] {scheduler_job.py:190} INFO - Processing /home/airflow/.local/lib/python3.6/site-packages/airflow/example_dags/example_xcomargs.py took 0.082 seconds
[2024-09-09 21:04:21,873] {scheduler_job.py:182} INFO - Started process (PID=720) to work on /home/airflow/.local/lib/python3.6/site-packages/airflow/example_dags/example_xcomargs.py
[2024-09-09 21:04:21,874] {scheduler_job.py:629} INFO - Processing file /home/airflow/.local/lib/python3.6/site-packages/airflow/example_dags/example_xcomargs.py for tasks to queue
[2024-09-09 21:04:21,875] {logging_mixin.py:104} INFO - [2024-09-09 21:04:21,875] {dagbag.py:451} INFO - Filling up the DagBag from /home/airflow/.local/lib/python3.6/site-packages/airflow/example_dags/example_xcomargs.py
[2024-09-09 21:04:21,889] {scheduler_job.py:639} INFO - DAG(s) dict_keys(['example_xcom_args', 'example_xcom_args_with_operators']) retrieved from /home/airflow/.local/lib/python3.6/site-packages/airflow/example_dags/example_xcomargs.py
[2024-09-09 21:04:21,921] {logging_mixin.py:104} INFO - [2024-09-09 21:04:21,920] {dag.py:1824} INFO - Sync 2 DAGs
[2024-09-09 21:04:21,939] {logging_mixin.py:104} INFO - [2024-09-09 21:04:21,939] {dag.py:2280} INFO - Setting next_dagrun for example_xcom_args to None
[2024-09-09 21:04:21,940] {logging_mixin.py:104} INFO - [2024-09-09 21:04:21,940] {dag.py:2280} INFO - Setting next_dagrun for example_xcom_args_with_operators to None
[2024-09-09 21:04:21,951] {scheduler_job.py:190} INFO - Processing /home/airflow/.local/lib/python3.6/site-packages/airflow/example_dags/example_xcomargs.py took 0.082 seconds
[2024-09-09 21:04:52,261] {scheduler_job.py:182} INFO - Started process (PID=748) to work on /home/airflow/.local/lib/python3.6/site-packages/airflow/example_dags/example_xcomargs.py
[2024-09-09 21:04:52,262] {scheduler_job.py:629} INFO - Processing file /home/airflow/.local/lib/python3.6/site-packages/airflow/example_dags/example_xcomargs.py for tasks to queue
[2024-09-09 21:04:52,263] {logging_mixin.py:104} INFO - [2024-09-09 21:04:52,262] {dagbag.py:451} INFO - Filling up the DagBag from /home/airflow/.local/lib/python3.6/site-packages/airflow/example_dags/example_xcomargs.py
[2024-09-09 21:04:52,278] {scheduler_job.py:639} INFO - DAG(s) dict_keys(['example_xcom_args', 'example_xcom_args_with_operators']) retrieved from /home/airflow/.local/lib/python3.6/site-packages/airflow/example_dags/example_xcomargs.py
[2024-09-09 21:04:52,309] {logging_mixin.py:104} INFO - [2024-09-09 21:04:52,309] {dag.py:1824} INFO - Sync 2 DAGs
[2024-09-09 21:04:52,326] {logging_mixin.py:104} INFO - [2024-09-09 21:04:52,326] {dag.py:2280} INFO - Setting next_dagrun for example_xcom_args to None
[2024-09-09 21:04:52,327] {logging_mixin.py:104} INFO - [2024-09-09 21:04:52,326] {dag.py:2280} INFO - Setting next_dagrun for example_xcom_args_with_operators to None
[2024-09-09 21:04:52,338] {scheduler_job.py:190} INFO - Processing /home/airflow/.local/lib/python3.6/site-packages/airflow/example_dags/example_xcomargs.py took 0.080 seconds
[2024-09-09 21:11:39,285] {scheduler_job.py:182} INFO - Started process (PID=57) to work on /home/airflow/.local/lib/python3.6/site-packages/airflow/example_dags/example_xcomargs.py
[2024-09-09 21:11:39,286] {scheduler_job.py:629} INFO - Processing file /home/airflow/.local/lib/python3.6/site-packages/airflow/example_dags/example_xcomargs.py for tasks to queue
[2024-09-09 21:11:39,286] {logging_mixin.py:104} INFO - [2024-09-09 21:11:39,286] {dagbag.py:451} INFO - Filling up the DagBag from /home/airflow/.local/lib/python3.6/site-packages/airflow/example_dags/example_xcomargs.py
[2024-09-09 21:11:39,298] {scheduler_job.py:639} INFO - DAG(s) dict_keys(['example_xcom_args', 'example_xcom_args_with_operators']) retrieved from /home/airflow/.local/lib/python3.6/site-packages/airflow/example_dags/example_xcomargs.py
[2024-09-09 21:11:39,329] {logging_mixin.py:104} INFO - [2024-09-09 21:11:39,328] {dag.py:1824} INFO - Sync 2 DAGs
[2024-09-09 21:11:39,343] {logging_mixin.py:104} INFO - [2024-09-09 21:11:39,343] {dag.py:2280} INFO - Setting next_dagrun for example_xcom_args to None
[2024-09-09 21:11:39,344] {logging_mixin.py:104} INFO - [2024-09-09 21:11:39,344] {dag.py:2280} INFO - Setting next_dagrun for example_xcom_args_with_operators to None
[2024-09-09 21:11:39,356] {scheduler_job.py:190} INFO - Processing /home/airflow/.local/lib/python3.6/site-packages/airflow/example_dags/example_xcomargs.py took 0.074 seconds
[2024-09-09 21:12:09,797] {scheduler_job.py:182} INFO - Started process (PID=83) to work on /home/airflow/.local/lib/python3.6/site-packages/airflow/example_dags/example_xcomargs.py
[2024-09-09 21:12:09,798] {scheduler_job.py:629} INFO - Processing file /home/airflow/.local/lib/python3.6/site-packages/airflow/example_dags/example_xcomargs.py for tasks to queue
[2024-09-09 21:12:09,799] {logging_mixin.py:104} INFO - [2024-09-09 21:12:09,799] {dagbag.py:451} INFO - Filling up the DagBag from /home/airflow/.local/lib/python3.6/site-packages/airflow/example_dags/example_xcomargs.py
[2024-09-09 21:12:09,816] {scheduler_job.py:639} INFO - DAG(s) dict_keys(['example_xcom_args', 'example_xcom_args_with_operators']) retrieved from /home/airflow/.local/lib/python3.6/site-packages/airflow/example_dags/example_xcomargs.py
[2024-09-09 21:12:09,849] {logging_mixin.py:104} INFO - [2024-09-09 21:12:09,849] {dag.py:1824} INFO - Sync 2 DAGs
[2024-09-09 21:12:09,866] {logging_mixin.py:104} INFO - [2024-09-09 21:12:09,865] {dag.py:2280} INFO - Setting next_dagrun for example_xcom_args to None
[2024-09-09 21:12:09,867] {logging_mixin.py:104} INFO - [2024-09-09 21:12:09,867] {dag.py:2280} INFO - Setting next_dagrun for example_xcom_args_with_operators to None
[2024-09-09 21:12:09,879] {scheduler_job.py:190} INFO - Processing /home/airflow/.local/lib/python3.6/site-packages/airflow/example_dags/example_xcomargs.py took 0.086 seconds
[2024-09-09 21:12:39,925] {scheduler_job.py:182} INFO - Started process (PID=111) to work on /home/airflow/.local/lib/python3.6/site-packages/airflow/example_dags/example_xcomargs.py
[2024-09-09 21:12:39,926] {scheduler_job.py:629} INFO - Processing file /home/airflow/.local/lib/python3.6/site-packages/airflow/example_dags/example_xcomargs.py for tasks to queue
[2024-09-09 21:12:39,927] {logging_mixin.py:104} INFO - [2024-09-09 21:12:39,927] {dagbag.py:451} INFO - Filling up the DagBag from /home/airflow/.local/lib/python3.6/site-packages/airflow/example_dags/example_xcomargs.py
[2024-09-09 21:12:39,940] {scheduler_job.py:639} INFO - DAG(s) dict_keys(['example_xcom_args', 'example_xcom_args_with_operators']) retrieved from /home/airflow/.local/lib/python3.6/site-packages/airflow/example_dags/example_xcomargs.py
[2024-09-09 21:12:39,978] {logging_mixin.py:104} INFO - [2024-09-09 21:12:39,978] {dag.py:1824} INFO - Sync 2 DAGs
[2024-09-09 21:12:39,992] {logging_mixin.py:104} INFO - [2024-09-09 21:12:39,991] {dag.py:2280} INFO - Setting next_dagrun for example_xcom_args to None
[2024-09-09 21:12:39,992] {logging_mixin.py:104} INFO - [2024-09-09 21:12:39,992] {dag.py:2280} INFO - Setting next_dagrun for example_xcom_args_with_operators to None
[2024-09-09 21:12:40,004] {scheduler_job.py:190} INFO - Processing /home/airflow/.local/lib/python3.6/site-packages/airflow/example_dags/example_xcomargs.py took 0.083 seconds
[2024-09-09 21:13:10,118] {scheduler_job.py:182} INFO - Started process (PID=136) to work on /home/airflow/.local/lib/python3.6/site-packages/airflow/example_dags/example_xcomargs.py
[2024-09-09 21:13:10,119] {scheduler_job.py:629} INFO - Processing file /home/airflow/.local/lib/python3.6/site-packages/airflow/example_dags/example_xcomargs.py for tasks to queue
[2024-09-09 21:13:10,119] {logging_mixin.py:104} INFO - [2024-09-09 21:13:10,119] {dagbag.py:451} INFO - Filling up the DagBag from /home/airflow/.local/lib/python3.6/site-packages/airflow/example_dags/example_xcomargs.py
[2024-09-09 21:13:10,136] {scheduler_job.py:639} INFO - DAG(s) dict_keys(['example_xcom_args', 'example_xcom_args_with_operators']) retrieved from /home/airflow/.local/lib/python3.6/site-packages/airflow/example_dags/example_xcomargs.py
[2024-09-09 21:13:10,171] {logging_mixin.py:104} INFO - [2024-09-09 21:13:10,171] {dag.py:1824} INFO - Sync 2 DAGs
[2024-09-09 21:13:10,187] {logging_mixin.py:104} INFO - [2024-09-09 21:13:10,186] {dag.py:2280} INFO - Setting next_dagrun for example_xcom_args to None
[2024-09-09 21:13:10,187] {logging_mixin.py:104} INFO - [2024-09-09 21:13:10,187] {dag.py:2280} INFO - Setting next_dagrun for example_xcom_args_with_operators to None
[2024-09-09 21:13:10,210] {scheduler_job.py:190} INFO - Processing /home/airflow/.local/lib/python3.6/site-packages/airflow/example_dags/example_xcomargs.py took 0.096 seconds
[2024-09-09 21:13:40,495] {scheduler_job.py:182} INFO - Started process (PID=163) to work on /home/airflow/.local/lib/python3.6/site-packages/airflow/example_dags/example_xcomargs.py
[2024-09-09 21:13:40,496] {scheduler_job.py:629} INFO - Processing file /home/airflow/.local/lib/python3.6/site-packages/airflow/example_dags/example_xcomargs.py for tasks to queue
[2024-09-09 21:13:40,497] {logging_mixin.py:104} INFO - [2024-09-09 21:13:40,497] {dagbag.py:451} INFO - Filling up the DagBag from /home/airflow/.local/lib/python3.6/site-packages/airflow/example_dags/example_xcomargs.py
[2024-09-09 21:13:40,524] {scheduler_job.py:639} INFO - DAG(s) dict_keys(['example_xcom_args', 'example_xcom_args_with_operators']) retrieved from /home/airflow/.local/lib/python3.6/site-packages/airflow/example_dags/example_xcomargs.py
[2024-09-09 21:13:40,559] {logging_mixin.py:104} INFO - [2024-09-09 21:13:40,559] {dag.py:1824} INFO - Sync 2 DAGs
[2024-09-09 21:13:40,575] {logging_mixin.py:104} INFO - [2024-09-09 21:13:40,575] {dag.py:2280} INFO - Setting next_dagrun for example_xcom_args to None
[2024-09-09 21:13:40,576] {logging_mixin.py:104} INFO - [2024-09-09 21:13:40,576] {dag.py:2280} INFO - Setting next_dagrun for example_xcom_args_with_operators to None
[2024-09-09 21:13:40,588] {scheduler_job.py:190} INFO - Processing /home/airflow/.local/lib/python3.6/site-packages/airflow/example_dags/example_xcomargs.py took 0.097 seconds
[2024-09-09 21:14:10,867] {scheduler_job.py:182} INFO - Started process (PID=184) to work on /home/airflow/.local/lib/python3.6/site-packages/airflow/example_dags/example_xcomargs.py
[2024-09-09 21:14:10,871] {scheduler_job.py:629} INFO - Processing file /home/airflow/.local/lib/python3.6/site-packages/airflow/example_dags/example_xcomargs.py for tasks to queue
[2024-09-09 21:14:10,872] {logging_mixin.py:104} INFO - [2024-09-09 21:14:10,872] {dagbag.py:451} INFO - Filling up the DagBag from /home/airflow/.local/lib/python3.6/site-packages/airflow/example_dags/example_xcomargs.py
[2024-09-09 21:14:10,895] {scheduler_job.py:639} INFO - DAG(s) dict_keys(['example_xcom_args', 'example_xcom_args_with_operators']) retrieved from /home/airflow/.local/lib/python3.6/site-packages/airflow/example_dags/example_xcomargs.py
[2024-09-09 21:14:10,968] {logging_mixin.py:104} INFO - [2024-09-09 21:14:10,967] {dag.py:1824} INFO - Sync 2 DAGs
[2024-09-09 21:14:10,997] {logging_mixin.py:104} INFO - [2024-09-09 21:14:10,997] {dag.py:2280} INFO - Setting next_dagrun for example_xcom_args to None
[2024-09-09 21:14:10,999] {logging_mixin.py:104} INFO - [2024-09-09 21:14:10,999] {dag.py:2280} INFO - Setting next_dagrun for example_xcom_args_with_operators to None
[2024-09-09 21:14:11,018] {scheduler_job.py:190} INFO - Processing /home/airflow/.local/lib/python3.6/site-packages/airflow/example_dags/example_xcomargs.py took 0.156 seconds
[2024-09-09 21:14:41,205] {scheduler_job.py:182} INFO - Started process (PID=210) to work on /home/airflow/.local/lib/python3.6/site-packages/airflow/example_dags/example_xcomargs.py
[2024-09-09 21:14:41,206] {scheduler_job.py:629} INFO - Processing file /home/airflow/.local/lib/python3.6/site-packages/airflow/example_dags/example_xcomargs.py for tasks to queue
[2024-09-09 21:14:41,206] {logging_mixin.py:104} INFO - [2024-09-09 21:14:41,206] {dagbag.py:451} INFO - Filling up the DagBag from /home/airflow/.local/lib/python3.6/site-packages/airflow/example_dags/example_xcomargs.py
[2024-09-09 21:14:41,221] {scheduler_job.py:639} INFO - DAG(s) dict_keys(['example_xcom_args', 'example_xcom_args_with_operators']) retrieved from /home/airflow/.local/lib/python3.6/site-packages/airflow/example_dags/example_xcomargs.py
[2024-09-09 21:14:41,253] {logging_mixin.py:104} INFO - [2024-09-09 21:14:41,253] {dag.py:1824} INFO - Sync 2 DAGs
[2024-09-09 21:14:41,271] {logging_mixin.py:104} INFO - [2024-09-09 21:14:41,271] {dag.py:2280} INFO - Setting next_dagrun for example_xcom_args to None
[2024-09-09 21:14:41,272] {logging_mixin.py:104} INFO - [2024-09-09 21:14:41,272] {dag.py:2280} INFO - Setting next_dagrun for example_xcom_args_with_operators to None
[2024-09-09 21:14:41,286] {scheduler_job.py:190} INFO - Processing /home/airflow/.local/lib/python3.6/site-packages/airflow/example_dags/example_xcomargs.py took 0.084 seconds
