[2024-09-09 09:52:26,219] {scheduler_job.py:182} INFO - Started process (PID=37) to work on /home/airflow/.local/lib/python3.6/site-packages/airflow/example_dags/example_trigger_controller_dag.py
[2024-09-09 09:52:26,220] {scheduler_job.py:629} INFO - Processing file /home/airflow/.local/lib/python3.6/site-packages/airflow/example_dags/example_trigger_controller_dag.py for tasks to queue
[2024-09-09 09:52:26,220] {logging_mixin.py:104} INFO - [2024-09-09 09:52:26,220] {dagbag.py:451} INFO - Filling up the DagBag from /home/airflow/.local/lib/python3.6/site-packages/airflow/example_dags/example_trigger_controller_dag.py
[2024-09-09 09:52:26,254] {scheduler_job.py:639} INFO - DAG(s) dict_keys(['example_trigger_controller_dag']) retrieved from /home/airflow/.local/lib/python3.6/site-packages/airflow/example_dags/example_trigger_controller_dag.py
[2024-09-09 09:52:26,291] {logging_mixin.py:104} INFO - [2024-09-09 09:52:26,291] {dag.py:1824} INFO - Sync 1 DAGs
[2024-09-09 09:52:26,303] {logging_mixin.py:104} INFO - [2024-09-09 09:52:26,303] {dag.py:1843} INFO - Creating ORM DAG for example_trigger_controller_dag
[2024-09-09 09:52:26,309] {logging_mixin.py:104} INFO - [2024-09-09 09:52:26,309] {dag.py:2280} INFO - Setting next_dagrun for example_trigger_controller_dag to 2024-09-07 00:00:00+00:00
[2024-09-09 09:52:26,326] {scheduler_job.py:190} INFO - Processing /home/airflow/.local/lib/python3.6/site-packages/airflow/example_dags/example_trigger_controller_dag.py took 0.111 seconds
[2024-09-09 09:52:57,361] {scheduler_job.py:182} INFO - Started process (PID=67) to work on /home/airflow/.local/lib/python3.6/site-packages/airflow/example_dags/example_trigger_controller_dag.py
[2024-09-09 09:52:57,362] {scheduler_job.py:629} INFO - Processing file /home/airflow/.local/lib/python3.6/site-packages/airflow/example_dags/example_trigger_controller_dag.py for tasks to queue
[2024-09-09 09:52:57,362] {logging_mixin.py:104} INFO - [2024-09-09 09:52:57,362] {dagbag.py:451} INFO - Filling up the DagBag from /home/airflow/.local/lib/python3.6/site-packages/airflow/example_dags/example_trigger_controller_dag.py
[2024-09-09 09:52:57,378] {scheduler_job.py:639} INFO - DAG(s) dict_keys(['example_trigger_controller_dag']) retrieved from /home/airflow/.local/lib/python3.6/site-packages/airflow/example_dags/example_trigger_controller_dag.py
[2024-09-09 09:52:57,402] {logging_mixin.py:104} INFO - [2024-09-09 09:52:57,402] {dag.py:1824} INFO - Sync 1 DAGs
[2024-09-09 09:52:57,422] {logging_mixin.py:104} INFO - [2024-09-09 09:52:57,422] {dag.py:2280} INFO - Setting next_dagrun for example_trigger_controller_dag to 2024-09-07 00:00:00+00:00
[2024-09-09 09:52:57,438] {scheduler_job.py:190} INFO - Processing /home/airflow/.local/lib/python3.6/site-packages/airflow/example_dags/example_trigger_controller_dag.py took 0.080 seconds
[2024-09-09 20:51:41,831] {scheduler_job.py:182} INFO - Started process (PID=43) to work on /home/airflow/.local/lib/python3.6/site-packages/airflow/example_dags/example_trigger_controller_dag.py
[2024-09-09 20:51:41,836] {scheduler_job.py:629} INFO - Processing file /home/airflow/.local/lib/python3.6/site-packages/airflow/example_dags/example_trigger_controller_dag.py for tasks to queue
[2024-09-09 20:51:41,839] {logging_mixin.py:104} INFO - [2024-09-09 20:51:41,838] {dagbag.py:451} INFO - Filling up the DagBag from /home/airflow/.local/lib/python3.6/site-packages/airflow/example_dags/example_trigger_controller_dag.py
[2024-09-09 20:51:41,860] {scheduler_job.py:639} INFO - DAG(s) dict_keys(['example_trigger_controller_dag']) retrieved from /home/airflow/.local/lib/python3.6/site-packages/airflow/example_dags/example_trigger_controller_dag.py
[2024-09-09 20:51:41,901] {logging_mixin.py:104} INFO - [2024-09-09 20:51:41,901] {dag.py:1824} INFO - Sync 1 DAGs
[2024-09-09 20:51:41,937] {logging_mixin.py:104} INFO - [2024-09-09 20:51:41,937] {dag.py:2280} INFO - Setting next_dagrun for example_trigger_controller_dag to 2024-09-07 00:00:00+00:00
[2024-09-09 20:51:41,953] {scheduler_job.py:190} INFO - Processing /home/airflow/.local/lib/python3.6/site-packages/airflow/example_dags/example_trigger_controller_dag.py took 0.131 seconds
[2024-09-09 20:52:12,524] {scheduler_job.py:182} INFO - Started process (PID=70) to work on /home/airflow/.local/lib/python3.6/site-packages/airflow/example_dags/example_trigger_controller_dag.py
[2024-09-09 20:52:12,525] {scheduler_job.py:629} INFO - Processing file /home/airflow/.local/lib/python3.6/site-packages/airflow/example_dags/example_trigger_controller_dag.py for tasks to queue
[2024-09-09 20:52:12,526] {logging_mixin.py:104} INFO - [2024-09-09 20:52:12,526] {dagbag.py:451} INFO - Filling up the DagBag from /home/airflow/.local/lib/python3.6/site-packages/airflow/example_dags/example_trigger_controller_dag.py
[2024-09-09 20:52:12,538] {scheduler_job.py:639} INFO - DAG(s) dict_keys(['example_trigger_controller_dag']) retrieved from /home/airflow/.local/lib/python3.6/site-packages/airflow/example_dags/example_trigger_controller_dag.py
[2024-09-09 20:52:12,559] {logging_mixin.py:104} INFO - [2024-09-09 20:52:12,559] {dag.py:1824} INFO - Sync 1 DAGs
[2024-09-09 20:52:12,578] {logging_mixin.py:104} INFO - [2024-09-09 20:52:12,578] {dag.py:2280} INFO - Setting next_dagrun for example_trigger_controller_dag to 2024-09-07 00:00:00+00:00
[2024-09-09 20:52:12,588] {scheduler_job.py:190} INFO - Processing /home/airflow/.local/lib/python3.6/site-packages/airflow/example_dags/example_trigger_controller_dag.py took 0.067 seconds
[2024-09-09 20:52:42,686] {scheduler_job.py:182} INFO - Started process (PID=92) to work on /home/airflow/.local/lib/python3.6/site-packages/airflow/example_dags/example_trigger_controller_dag.py
[2024-09-09 20:52:42,687] {scheduler_job.py:629} INFO - Processing file /home/airflow/.local/lib/python3.6/site-packages/airflow/example_dags/example_trigger_controller_dag.py for tasks to queue
[2024-09-09 20:52:42,688] {logging_mixin.py:104} INFO - [2024-09-09 20:52:42,688] {dagbag.py:451} INFO - Filling up the DagBag from /home/airflow/.local/lib/python3.6/site-packages/airflow/example_dags/example_trigger_controller_dag.py
[2024-09-09 20:52:42,700] {scheduler_job.py:639} INFO - DAG(s) dict_keys(['example_trigger_controller_dag']) retrieved from /home/airflow/.local/lib/python3.6/site-packages/airflow/example_dags/example_trigger_controller_dag.py
[2024-09-09 20:52:42,728] {logging_mixin.py:104} INFO - [2024-09-09 20:52:42,727] {dag.py:1824} INFO - Sync 1 DAGs
[2024-09-09 20:52:42,750] {logging_mixin.py:104} INFO - [2024-09-09 20:52:42,750] {dag.py:2280} INFO - Setting next_dagrun for example_trigger_controller_dag to 2024-09-07 00:00:00+00:00
[2024-09-09 20:52:42,762] {scheduler_job.py:190} INFO - Processing /home/airflow/.local/lib/python3.6/site-packages/airflow/example_dags/example_trigger_controller_dag.py took 0.079 seconds
[2024-09-09 20:53:12,983] {scheduler_job.py:182} INFO - Started process (PID=118) to work on /home/airflow/.local/lib/python3.6/site-packages/airflow/example_dags/example_trigger_controller_dag.py
[2024-09-09 20:53:12,985] {scheduler_job.py:629} INFO - Processing file /home/airflow/.local/lib/python3.6/site-packages/airflow/example_dags/example_trigger_controller_dag.py for tasks to queue
[2024-09-09 20:53:12,985] {logging_mixin.py:104} INFO - [2024-09-09 20:53:12,985] {dagbag.py:451} INFO - Filling up the DagBag from /home/airflow/.local/lib/python3.6/site-packages/airflow/example_dags/example_trigger_controller_dag.py
[2024-09-09 20:53:12,995] {scheduler_job.py:639} INFO - DAG(s) dict_keys(['example_trigger_controller_dag']) retrieved from /home/airflow/.local/lib/python3.6/site-packages/airflow/example_dags/example_trigger_controller_dag.py
[2024-09-09 20:53:13,016] {logging_mixin.py:104} INFO - [2024-09-09 20:53:13,016] {dag.py:1824} INFO - Sync 1 DAGs
[2024-09-09 20:53:13,034] {logging_mixin.py:104} INFO - [2024-09-09 20:53:13,034] {dag.py:2280} INFO - Setting next_dagrun for example_trigger_controller_dag to 2024-09-07 00:00:00+00:00
[2024-09-09 20:53:13,044] {scheduler_job.py:190} INFO - Processing /home/airflow/.local/lib/python3.6/site-packages/airflow/example_dags/example_trigger_controller_dag.py took 0.065 seconds
[2024-09-09 20:53:43,117] {scheduler_job.py:182} INFO - Started process (PID=141) to work on /home/airflow/.local/lib/python3.6/site-packages/airflow/example_dags/example_trigger_controller_dag.py
[2024-09-09 20:53:43,118] {scheduler_job.py:629} INFO - Processing file /home/airflow/.local/lib/python3.6/site-packages/airflow/example_dags/example_trigger_controller_dag.py for tasks to queue
[2024-09-09 20:53:43,119] {logging_mixin.py:104} INFO - [2024-09-09 20:53:43,119] {dagbag.py:451} INFO - Filling up the DagBag from /home/airflow/.local/lib/python3.6/site-packages/airflow/example_dags/example_trigger_controller_dag.py
[2024-09-09 20:53:43,131] {scheduler_job.py:639} INFO - DAG(s) dict_keys(['example_trigger_controller_dag']) retrieved from /home/airflow/.local/lib/python3.6/site-packages/airflow/example_dags/example_trigger_controller_dag.py
[2024-09-09 20:53:43,169] {logging_mixin.py:104} INFO - [2024-09-09 20:53:43,169] {dag.py:1824} INFO - Sync 1 DAGs
[2024-09-09 20:53:43,191] {logging_mixin.py:104} INFO - [2024-09-09 20:53:43,191] {dag.py:2280} INFO - Setting next_dagrun for example_trigger_controller_dag to 2024-09-07 00:00:00+00:00
[2024-09-09 20:53:43,203] {scheduler_job.py:190} INFO - Processing /home/airflow/.local/lib/python3.6/site-packages/airflow/example_dags/example_trigger_controller_dag.py took 0.091 seconds
[2024-09-09 20:54:13,584] {scheduler_job.py:182} INFO - Started process (PID=168) to work on /home/airflow/.local/lib/python3.6/site-packages/airflow/example_dags/example_trigger_controller_dag.py
[2024-09-09 20:54:13,586] {scheduler_job.py:629} INFO - Processing file /home/airflow/.local/lib/python3.6/site-packages/airflow/example_dags/example_trigger_controller_dag.py for tasks to queue
[2024-09-09 20:54:13,586] {logging_mixin.py:104} INFO - [2024-09-09 20:54:13,586] {dagbag.py:451} INFO - Filling up the DagBag from /home/airflow/.local/lib/python3.6/site-packages/airflow/example_dags/example_trigger_controller_dag.py
[2024-09-09 20:54:13,596] {scheduler_job.py:639} INFO - DAG(s) dict_keys(['example_trigger_controller_dag']) retrieved from /home/airflow/.local/lib/python3.6/site-packages/airflow/example_dags/example_trigger_controller_dag.py
[2024-09-09 20:54:13,621] {logging_mixin.py:104} INFO - [2024-09-09 20:54:13,621] {dag.py:1824} INFO - Sync 1 DAGs
[2024-09-09 20:54:13,643] {logging_mixin.py:104} INFO - [2024-09-09 20:54:13,643] {dag.py:2280} INFO - Setting next_dagrun for example_trigger_controller_dag to 2024-09-07 00:00:00+00:00
[2024-09-09 20:54:13,654] {scheduler_job.py:190} INFO - Processing /home/airflow/.local/lib/python3.6/site-packages/airflow/example_dags/example_trigger_controller_dag.py took 0.073 seconds
[2024-09-09 20:54:44,058] {scheduler_job.py:182} INFO - Started process (PID=195) to work on /home/airflow/.local/lib/python3.6/site-packages/airflow/example_dags/example_trigger_controller_dag.py
[2024-09-09 20:54:44,059] {scheduler_job.py:629} INFO - Processing file /home/airflow/.local/lib/python3.6/site-packages/airflow/example_dags/example_trigger_controller_dag.py for tasks to queue
[2024-09-09 20:54:44,060] {logging_mixin.py:104} INFO - [2024-09-09 20:54:44,060] {dagbag.py:451} INFO - Filling up the DagBag from /home/airflow/.local/lib/python3.6/site-packages/airflow/example_dags/example_trigger_controller_dag.py
[2024-09-09 20:54:44,072] {scheduler_job.py:639} INFO - DAG(s) dict_keys(['example_trigger_controller_dag']) retrieved from /home/airflow/.local/lib/python3.6/site-packages/airflow/example_dags/example_trigger_controller_dag.py
[2024-09-09 20:54:44,096] {logging_mixin.py:104} INFO - [2024-09-09 20:54:44,096] {dag.py:1824} INFO - Sync 1 DAGs
[2024-09-09 20:54:44,112] {logging_mixin.py:104} INFO - [2024-09-09 20:54:44,112] {dag.py:2280} INFO - Setting next_dagrun for example_trigger_controller_dag to 2024-09-07 00:00:00+00:00
[2024-09-09 20:54:44,132] {scheduler_job.py:190} INFO - Processing /home/airflow/.local/lib/python3.6/site-packages/airflow/example_dags/example_trigger_controller_dag.py took 0.078 seconds
[2024-09-09 20:55:14,483] {scheduler_job.py:182} INFO - Started process (PID=222) to work on /home/airflow/.local/lib/python3.6/site-packages/airflow/example_dags/example_trigger_controller_dag.py
[2024-09-09 20:55:14,484] {scheduler_job.py:629} INFO - Processing file /home/airflow/.local/lib/python3.6/site-packages/airflow/example_dags/example_trigger_controller_dag.py for tasks to queue
[2024-09-09 20:55:14,485] {logging_mixin.py:104} INFO - [2024-09-09 20:55:14,485] {dagbag.py:451} INFO - Filling up the DagBag from /home/airflow/.local/lib/python3.6/site-packages/airflow/example_dags/example_trigger_controller_dag.py
[2024-09-09 20:55:14,495] {scheduler_job.py:639} INFO - DAG(s) dict_keys(['example_trigger_controller_dag']) retrieved from /home/airflow/.local/lib/python3.6/site-packages/airflow/example_dags/example_trigger_controller_dag.py
[2024-09-09 20:55:14,521] {logging_mixin.py:104} INFO - [2024-09-09 20:55:14,521] {dag.py:1824} INFO - Sync 1 DAGs
[2024-09-09 20:55:14,536] {logging_mixin.py:104} INFO - [2024-09-09 20:55:14,536] {dag.py:2280} INFO - Setting next_dagrun for example_trigger_controller_dag to 2024-09-07 00:00:00+00:00
[2024-09-09 20:55:14,547] {scheduler_job.py:190} INFO - Processing /home/airflow/.local/lib/python3.6/site-packages/airflow/example_dags/example_trigger_controller_dag.py took 0.067 seconds
[2024-09-09 20:55:44,928] {scheduler_job.py:182} INFO - Started process (PID=249) to work on /home/airflow/.local/lib/python3.6/site-packages/airflow/example_dags/example_trigger_controller_dag.py
[2024-09-09 20:55:44,929] {scheduler_job.py:629} INFO - Processing file /home/airflow/.local/lib/python3.6/site-packages/airflow/example_dags/example_trigger_controller_dag.py for tasks to queue
[2024-09-09 20:55:44,930] {logging_mixin.py:104} INFO - [2024-09-09 20:55:44,930] {dagbag.py:451} INFO - Filling up the DagBag from /home/airflow/.local/lib/python3.6/site-packages/airflow/example_dags/example_trigger_controller_dag.py
[2024-09-09 20:55:44,939] {scheduler_job.py:639} INFO - DAG(s) dict_keys(['example_trigger_controller_dag']) retrieved from /home/airflow/.local/lib/python3.6/site-packages/airflow/example_dags/example_trigger_controller_dag.py
[2024-09-09 20:55:44,963] {logging_mixin.py:104} INFO - [2024-09-09 20:55:44,963] {dag.py:1824} INFO - Sync 1 DAGs
[2024-09-09 20:55:44,979] {logging_mixin.py:104} INFO - [2024-09-09 20:55:44,979] {dag.py:2280} INFO - Setting next_dagrun for example_trigger_controller_dag to 2024-09-07 00:00:00+00:00
[2024-09-09 20:55:44,998] {scheduler_job.py:190} INFO - Processing /home/airflow/.local/lib/python3.6/site-packages/airflow/example_dags/example_trigger_controller_dag.py took 0.074 seconds
[2024-09-09 20:56:15,387] {scheduler_job.py:182} INFO - Started process (PID=278) to work on /home/airflow/.local/lib/python3.6/site-packages/airflow/example_dags/example_trigger_controller_dag.py
[2024-09-09 20:56:15,388] {scheduler_job.py:629} INFO - Processing file /home/airflow/.local/lib/python3.6/site-packages/airflow/example_dags/example_trigger_controller_dag.py for tasks to queue
[2024-09-09 20:56:15,389] {logging_mixin.py:104} INFO - [2024-09-09 20:56:15,389] {dagbag.py:451} INFO - Filling up the DagBag from /home/airflow/.local/lib/python3.6/site-packages/airflow/example_dags/example_trigger_controller_dag.py
[2024-09-09 20:56:15,400] {scheduler_job.py:639} INFO - DAG(s) dict_keys(['example_trigger_controller_dag']) retrieved from /home/airflow/.local/lib/python3.6/site-packages/airflow/example_dags/example_trigger_controller_dag.py
[2024-09-09 20:56:15,427] {logging_mixin.py:104} INFO - [2024-09-09 20:56:15,427] {dag.py:1824} INFO - Sync 1 DAGs
[2024-09-09 20:56:15,442] {logging_mixin.py:104} INFO - [2024-09-09 20:56:15,442] {dag.py:2280} INFO - Setting next_dagrun for example_trigger_controller_dag to 2024-09-07 00:00:00+00:00
[2024-09-09 20:56:15,451] {scheduler_job.py:190} INFO - Processing /home/airflow/.local/lib/python3.6/site-packages/airflow/example_dags/example_trigger_controller_dag.py took 0.068 seconds
[2024-09-09 20:56:45,650] {scheduler_job.py:182} INFO - Started process (PID=303) to work on /home/airflow/.local/lib/python3.6/site-packages/airflow/example_dags/example_trigger_controller_dag.py
[2024-09-09 20:56:45,651] {scheduler_job.py:629} INFO - Processing file /home/airflow/.local/lib/python3.6/site-packages/airflow/example_dags/example_trigger_controller_dag.py for tasks to queue
[2024-09-09 20:56:45,652] {logging_mixin.py:104} INFO - [2024-09-09 20:56:45,652] {dagbag.py:451} INFO - Filling up the DagBag from /home/airflow/.local/lib/python3.6/site-packages/airflow/example_dags/example_trigger_controller_dag.py
[2024-09-09 20:56:45,666] {scheduler_job.py:639} INFO - DAG(s) dict_keys(['example_trigger_controller_dag']) retrieved from /home/airflow/.local/lib/python3.6/site-packages/airflow/example_dags/example_trigger_controller_dag.py
[2024-09-09 20:56:45,686] {logging_mixin.py:104} INFO - [2024-09-09 20:56:45,686] {dag.py:1824} INFO - Sync 1 DAGs
[2024-09-09 20:56:45,701] {logging_mixin.py:104} INFO - [2024-09-09 20:56:45,701] {dag.py:2280} INFO - Setting next_dagrun for example_trigger_controller_dag to 2024-09-07 00:00:00+00:00
[2024-09-09 20:56:45,714] {scheduler_job.py:190} INFO - Processing /home/airflow/.local/lib/python3.6/site-packages/airflow/example_dags/example_trigger_controller_dag.py took 0.068 seconds
[2024-09-09 20:57:15,985] {scheduler_job.py:182} INFO - Started process (PID=330) to work on /home/airflow/.local/lib/python3.6/site-packages/airflow/example_dags/example_trigger_controller_dag.py
[2024-09-09 20:57:15,986] {scheduler_job.py:629} INFO - Processing file /home/airflow/.local/lib/python3.6/site-packages/airflow/example_dags/example_trigger_controller_dag.py for tasks to queue
[2024-09-09 20:57:15,987] {logging_mixin.py:104} INFO - [2024-09-09 20:57:15,987] {dagbag.py:451} INFO - Filling up the DagBag from /home/airflow/.local/lib/python3.6/site-packages/airflow/example_dags/example_trigger_controller_dag.py
[2024-09-09 20:57:16,003] {scheduler_job.py:639} INFO - DAG(s) dict_keys(['example_trigger_controller_dag']) retrieved from /home/airflow/.local/lib/python3.6/site-packages/airflow/example_dags/example_trigger_controller_dag.py
[2024-09-09 20:57:16,029] {logging_mixin.py:104} INFO - [2024-09-09 20:57:16,028] {dag.py:1824} INFO - Sync 1 DAGs
[2024-09-09 20:57:16,047] {logging_mixin.py:104} INFO - [2024-09-09 20:57:16,047] {dag.py:2280} INFO - Setting next_dagrun for example_trigger_controller_dag to 2024-09-07 00:00:00+00:00
[2024-09-09 20:57:16,068] {scheduler_job.py:190} INFO - Processing /home/airflow/.local/lib/python3.6/site-packages/airflow/example_dags/example_trigger_controller_dag.py took 0.088 seconds
[2024-09-09 20:57:46,516] {scheduler_job.py:182} INFO - Started process (PID=357) to work on /home/airflow/.local/lib/python3.6/site-packages/airflow/example_dags/example_trigger_controller_dag.py
[2024-09-09 20:57:46,517] {scheduler_job.py:629} INFO - Processing file /home/airflow/.local/lib/python3.6/site-packages/airflow/example_dags/example_trigger_controller_dag.py for tasks to queue
[2024-09-09 20:57:46,518] {logging_mixin.py:104} INFO - [2024-09-09 20:57:46,518] {dagbag.py:451} INFO - Filling up the DagBag from /home/airflow/.local/lib/python3.6/site-packages/airflow/example_dags/example_trigger_controller_dag.py
[2024-09-09 20:57:46,534] {scheduler_job.py:639} INFO - DAG(s) dict_keys(['example_trigger_controller_dag']) retrieved from /home/airflow/.local/lib/python3.6/site-packages/airflow/example_dags/example_trigger_controller_dag.py
[2024-09-09 20:57:46,559] {logging_mixin.py:104} INFO - [2024-09-09 20:57:46,559] {dag.py:1824} INFO - Sync 1 DAGs
[2024-09-09 20:57:46,578] {logging_mixin.py:104} INFO - [2024-09-09 20:57:46,578] {dag.py:2280} INFO - Setting next_dagrun for example_trigger_controller_dag to 2024-09-07 00:00:00+00:00
[2024-09-09 20:57:46,601] {scheduler_job.py:190} INFO - Processing /home/airflow/.local/lib/python3.6/site-packages/airflow/example_dags/example_trigger_controller_dag.py took 0.089 seconds
[2024-09-09 20:58:16,986] {scheduler_job.py:182} INFO - Started process (PID=384) to work on /home/airflow/.local/lib/python3.6/site-packages/airflow/example_dags/example_trigger_controller_dag.py
[2024-09-09 20:58:16,988] {scheduler_job.py:629} INFO - Processing file /home/airflow/.local/lib/python3.6/site-packages/airflow/example_dags/example_trigger_controller_dag.py for tasks to queue
[2024-09-09 20:58:16,989] {logging_mixin.py:104} INFO - [2024-09-09 20:58:16,989] {dagbag.py:451} INFO - Filling up the DagBag from /home/airflow/.local/lib/python3.6/site-packages/airflow/example_dags/example_trigger_controller_dag.py
[2024-09-09 20:58:17,005] {scheduler_job.py:639} INFO - DAG(s) dict_keys(['example_trigger_controller_dag']) retrieved from /home/airflow/.local/lib/python3.6/site-packages/airflow/example_dags/example_trigger_controller_dag.py
[2024-09-09 20:58:17,028] {logging_mixin.py:104} INFO - [2024-09-09 20:58:17,028] {dag.py:1824} INFO - Sync 1 DAGs
[2024-09-09 20:58:17,045] {logging_mixin.py:104} INFO - [2024-09-09 20:58:17,045] {dag.py:2280} INFO - Setting next_dagrun for example_trigger_controller_dag to 2024-09-07 00:00:00+00:00
[2024-09-09 20:58:17,056] {scheduler_job.py:190} INFO - Processing /home/airflow/.local/lib/python3.6/site-packages/airflow/example_dags/example_trigger_controller_dag.py took 0.073 seconds
[2024-09-09 20:58:47,351] {scheduler_job.py:182} INFO - Started process (PID=411) to work on /home/airflow/.local/lib/python3.6/site-packages/airflow/example_dags/example_trigger_controller_dag.py
[2024-09-09 20:58:47,365] {scheduler_job.py:629} INFO - Processing file /home/airflow/.local/lib/python3.6/site-packages/airflow/example_dags/example_trigger_controller_dag.py for tasks to queue
[2024-09-09 20:58:47,366] {logging_mixin.py:104} INFO - [2024-09-09 20:58:47,366] {dagbag.py:451} INFO - Filling up the DagBag from /home/airflow/.local/lib/python3.6/site-packages/airflow/example_dags/example_trigger_controller_dag.py
[2024-09-09 20:58:47,388] {scheduler_job.py:639} INFO - DAG(s) dict_keys(['example_trigger_controller_dag']) retrieved from /home/airflow/.local/lib/python3.6/site-packages/airflow/example_dags/example_trigger_controller_dag.py
[2024-09-09 20:58:47,421] {logging_mixin.py:104} INFO - [2024-09-09 20:58:47,421] {dag.py:1824} INFO - Sync 1 DAGs
[2024-09-09 20:58:47,445] {logging_mixin.py:104} INFO - [2024-09-09 20:58:47,445] {dag.py:2280} INFO - Setting next_dagrun for example_trigger_controller_dag to 2024-09-07 00:00:00+00:00
[2024-09-09 20:58:47,460] {scheduler_job.py:190} INFO - Processing /home/airflow/.local/lib/python3.6/site-packages/airflow/example_dags/example_trigger_controller_dag.py took 0.115 seconds
[2024-09-09 20:59:17,765] {scheduler_job.py:182} INFO - Started process (PID=438) to work on /home/airflow/.local/lib/python3.6/site-packages/airflow/example_dags/example_trigger_controller_dag.py
[2024-09-09 20:59:17,767] {scheduler_job.py:629} INFO - Processing file /home/airflow/.local/lib/python3.6/site-packages/airflow/example_dags/example_trigger_controller_dag.py for tasks to queue
[2024-09-09 20:59:17,768] {logging_mixin.py:104} INFO - [2024-09-09 20:59:17,768] {dagbag.py:451} INFO - Filling up the DagBag from /home/airflow/.local/lib/python3.6/site-packages/airflow/example_dags/example_trigger_controller_dag.py
[2024-09-09 20:59:17,780] {scheduler_job.py:639} INFO - DAG(s) dict_keys(['example_trigger_controller_dag']) retrieved from /home/airflow/.local/lib/python3.6/site-packages/airflow/example_dags/example_trigger_controller_dag.py
[2024-09-09 20:59:17,807] {logging_mixin.py:104} INFO - [2024-09-09 20:59:17,807] {dag.py:1824} INFO - Sync 1 DAGs
[2024-09-09 20:59:17,827] {logging_mixin.py:104} INFO - [2024-09-09 20:59:17,826] {dag.py:2280} INFO - Setting next_dagrun for example_trigger_controller_dag to 2024-09-07 00:00:00+00:00
[2024-09-09 20:59:17,838] {scheduler_job.py:190} INFO - Processing /home/airflow/.local/lib/python3.6/site-packages/airflow/example_dags/example_trigger_controller_dag.py took 0.077 seconds
[2024-09-09 20:59:48,136] {scheduler_job.py:182} INFO - Started process (PID=465) to work on /home/airflow/.local/lib/python3.6/site-packages/airflow/example_dags/example_trigger_controller_dag.py
[2024-09-09 20:59:48,137] {scheduler_job.py:629} INFO - Processing file /home/airflow/.local/lib/python3.6/site-packages/airflow/example_dags/example_trigger_controller_dag.py for tasks to queue
[2024-09-09 20:59:48,138] {logging_mixin.py:104} INFO - [2024-09-09 20:59:48,138] {dagbag.py:451} INFO - Filling up the DagBag from /home/airflow/.local/lib/python3.6/site-packages/airflow/example_dags/example_trigger_controller_dag.py
[2024-09-09 20:59:48,152] {scheduler_job.py:639} INFO - DAG(s) dict_keys(['example_trigger_controller_dag']) retrieved from /home/airflow/.local/lib/python3.6/site-packages/airflow/example_dags/example_trigger_controller_dag.py
[2024-09-09 20:59:48,172] {logging_mixin.py:104} INFO - [2024-09-09 20:59:48,172] {dag.py:1824} INFO - Sync 1 DAGs
[2024-09-09 20:59:48,188] {logging_mixin.py:104} INFO - [2024-09-09 20:59:48,188] {dag.py:2280} INFO - Setting next_dagrun for example_trigger_controller_dag to 2024-09-07 00:00:00+00:00
[2024-09-09 20:59:48,197] {scheduler_job.py:190} INFO - Processing /home/airflow/.local/lib/python3.6/site-packages/airflow/example_dags/example_trigger_controller_dag.py took 0.067 seconds
[2024-09-09 21:00:18,442] {scheduler_job.py:182} INFO - Started process (PID=492) to work on /home/airflow/.local/lib/python3.6/site-packages/airflow/example_dags/example_trigger_controller_dag.py
[2024-09-09 21:00:18,443] {scheduler_job.py:629} INFO - Processing file /home/airflow/.local/lib/python3.6/site-packages/airflow/example_dags/example_trigger_controller_dag.py for tasks to queue
[2024-09-09 21:00:18,444] {logging_mixin.py:104} INFO - [2024-09-09 21:00:18,444] {dagbag.py:451} INFO - Filling up the DagBag from /home/airflow/.local/lib/python3.6/site-packages/airflow/example_dags/example_trigger_controller_dag.py
[2024-09-09 21:00:18,455] {scheduler_job.py:639} INFO - DAG(s) dict_keys(['example_trigger_controller_dag']) retrieved from /home/airflow/.local/lib/python3.6/site-packages/airflow/example_dags/example_trigger_controller_dag.py
[2024-09-09 21:00:18,477] {logging_mixin.py:104} INFO - [2024-09-09 21:00:18,477] {dag.py:1824} INFO - Sync 1 DAGs
[2024-09-09 21:00:18,494] {logging_mixin.py:104} INFO - [2024-09-09 21:00:18,494] {dag.py:2280} INFO - Setting next_dagrun for example_trigger_controller_dag to 2024-09-07 00:00:00+00:00
[2024-09-09 21:00:18,517] {scheduler_job.py:190} INFO - Processing /home/airflow/.local/lib/python3.6/site-packages/airflow/example_dags/example_trigger_controller_dag.py took 0.077 seconds
[2024-09-09 21:00:48,806] {scheduler_job.py:182} INFO - Started process (PID=519) to work on /home/airflow/.local/lib/python3.6/site-packages/airflow/example_dags/example_trigger_controller_dag.py
[2024-09-09 21:00:48,807] {scheduler_job.py:629} INFO - Processing file /home/airflow/.local/lib/python3.6/site-packages/airflow/example_dags/example_trigger_controller_dag.py for tasks to queue
[2024-09-09 21:00:48,807] {logging_mixin.py:104} INFO - [2024-09-09 21:00:48,807] {dagbag.py:451} INFO - Filling up the DagBag from /home/airflow/.local/lib/python3.6/site-packages/airflow/example_dags/example_trigger_controller_dag.py
[2024-09-09 21:00:48,818] {scheduler_job.py:639} INFO - DAG(s) dict_keys(['example_trigger_controller_dag']) retrieved from /home/airflow/.local/lib/python3.6/site-packages/airflow/example_dags/example_trigger_controller_dag.py
[2024-09-09 21:00:48,840] {logging_mixin.py:104} INFO - [2024-09-09 21:00:48,839] {dag.py:1824} INFO - Sync 1 DAGs
[2024-09-09 21:00:48,856] {logging_mixin.py:104} INFO - [2024-09-09 21:00:48,856] {dag.py:2280} INFO - Setting next_dagrun for example_trigger_controller_dag to 2024-09-07 00:00:00+00:00
[2024-09-09 21:00:48,870] {scheduler_job.py:190} INFO - Processing /home/airflow/.local/lib/python3.6/site-packages/airflow/example_dags/example_trigger_controller_dag.py took 0.068 seconds
[2024-09-09 21:01:19,180] {scheduler_job.py:182} INFO - Started process (PID=546) to work on /home/airflow/.local/lib/python3.6/site-packages/airflow/example_dags/example_trigger_controller_dag.py
[2024-09-09 21:01:19,181] {scheduler_job.py:629} INFO - Processing file /home/airflow/.local/lib/python3.6/site-packages/airflow/example_dags/example_trigger_controller_dag.py for tasks to queue
[2024-09-09 21:01:19,182] {logging_mixin.py:104} INFO - [2024-09-09 21:01:19,182] {dagbag.py:451} INFO - Filling up the DagBag from /home/airflow/.local/lib/python3.6/site-packages/airflow/example_dags/example_trigger_controller_dag.py
[2024-09-09 21:01:19,193] {scheduler_job.py:639} INFO - DAG(s) dict_keys(['example_trigger_controller_dag']) retrieved from /home/airflow/.local/lib/python3.6/site-packages/airflow/example_dags/example_trigger_controller_dag.py
[2024-09-09 21:01:19,216] {logging_mixin.py:104} INFO - [2024-09-09 21:01:19,216] {dag.py:1824} INFO - Sync 1 DAGs
[2024-09-09 21:01:19,232] {logging_mixin.py:104} INFO - [2024-09-09 21:01:19,232] {dag.py:2280} INFO - Setting next_dagrun for example_trigger_controller_dag to 2024-09-07 00:00:00+00:00
[2024-09-09 21:01:19,244] {scheduler_job.py:190} INFO - Processing /home/airflow/.local/lib/python3.6/site-packages/airflow/example_dags/example_trigger_controller_dag.py took 0.067 seconds
[2024-09-09 21:01:49,554] {scheduler_job.py:182} INFO - Started process (PID=573) to work on /home/airflow/.local/lib/python3.6/site-packages/airflow/example_dags/example_trigger_controller_dag.py
[2024-09-09 21:01:49,555] {scheduler_job.py:629} INFO - Processing file /home/airflow/.local/lib/python3.6/site-packages/airflow/example_dags/example_trigger_controller_dag.py for tasks to queue
[2024-09-09 21:01:49,556] {logging_mixin.py:104} INFO - [2024-09-09 21:01:49,556] {dagbag.py:451} INFO - Filling up the DagBag from /home/airflow/.local/lib/python3.6/site-packages/airflow/example_dags/example_trigger_controller_dag.py
[2024-09-09 21:01:49,573] {scheduler_job.py:639} INFO - DAG(s) dict_keys(['example_trigger_controller_dag']) retrieved from /home/airflow/.local/lib/python3.6/site-packages/airflow/example_dags/example_trigger_controller_dag.py
[2024-09-09 21:01:49,601] {logging_mixin.py:104} INFO - [2024-09-09 21:01:49,601] {dag.py:1824} INFO - Sync 1 DAGs
[2024-09-09 21:01:49,621] {logging_mixin.py:104} INFO - [2024-09-09 21:01:49,620] {dag.py:2280} INFO - Setting next_dagrun for example_trigger_controller_dag to 2024-09-07 00:00:00+00:00
[2024-09-09 21:01:49,632] {scheduler_job.py:190} INFO - Processing /home/airflow/.local/lib/python3.6/site-packages/airflow/example_dags/example_trigger_controller_dag.py took 0.083 seconds
[2024-09-09 21:02:19,848] {scheduler_job.py:182} INFO - Started process (PID=600) to work on /home/airflow/.local/lib/python3.6/site-packages/airflow/example_dags/example_trigger_controller_dag.py
[2024-09-09 21:02:19,849] {scheduler_job.py:629} INFO - Processing file /home/airflow/.local/lib/python3.6/site-packages/airflow/example_dags/example_trigger_controller_dag.py for tasks to queue
[2024-09-09 21:02:19,849] {logging_mixin.py:104} INFO - [2024-09-09 21:02:19,849] {dagbag.py:451} INFO - Filling up the DagBag from /home/airflow/.local/lib/python3.6/site-packages/airflow/example_dags/example_trigger_controller_dag.py
[2024-09-09 21:02:19,862] {scheduler_job.py:639} INFO - DAG(s) dict_keys(['example_trigger_controller_dag']) retrieved from /home/airflow/.local/lib/python3.6/site-packages/airflow/example_dags/example_trigger_controller_dag.py
[2024-09-09 21:02:19,889] {logging_mixin.py:104} INFO - [2024-09-09 21:02:19,889] {dag.py:1824} INFO - Sync 1 DAGs
[2024-09-09 21:02:19,909] {logging_mixin.py:104} INFO - [2024-09-09 21:02:19,909] {dag.py:2280} INFO - Setting next_dagrun for example_trigger_controller_dag to 2024-09-07 00:00:00+00:00
[2024-09-09 21:02:19,923] {scheduler_job.py:190} INFO - Processing /home/airflow/.local/lib/python3.6/site-packages/airflow/example_dags/example_trigger_controller_dag.py took 0.079 seconds
[2024-09-09 21:02:50,174] {scheduler_job.py:182} INFO - Started process (PID=627) to work on /home/airflow/.local/lib/python3.6/site-packages/airflow/example_dags/example_trigger_controller_dag.py
[2024-09-09 21:02:50,175] {scheduler_job.py:629} INFO - Processing file /home/airflow/.local/lib/python3.6/site-packages/airflow/example_dags/example_trigger_controller_dag.py for tasks to queue
[2024-09-09 21:02:50,176] {logging_mixin.py:104} INFO - [2024-09-09 21:02:50,176] {dagbag.py:451} INFO - Filling up the DagBag from /home/airflow/.local/lib/python3.6/site-packages/airflow/example_dags/example_trigger_controller_dag.py
[2024-09-09 21:02:50,189] {scheduler_job.py:639} INFO - DAG(s) dict_keys(['example_trigger_controller_dag']) retrieved from /home/airflow/.local/lib/python3.6/site-packages/airflow/example_dags/example_trigger_controller_dag.py
[2024-09-09 21:02:50,214] {logging_mixin.py:104} INFO - [2024-09-09 21:02:50,214] {dag.py:1824} INFO - Sync 1 DAGs
[2024-09-09 21:02:50,233] {logging_mixin.py:104} INFO - [2024-09-09 21:02:50,232] {dag.py:2280} INFO - Setting next_dagrun for example_trigger_controller_dag to 2024-09-07 00:00:00+00:00
[2024-09-09 21:02:50,255] {scheduler_job.py:190} INFO - Processing /home/airflow/.local/lib/python3.6/site-packages/airflow/example_dags/example_trigger_controller_dag.py took 0.086 seconds
[2024-09-09 21:03:20,500] {scheduler_job.py:182} INFO - Started process (PID=654) to work on /home/airflow/.local/lib/python3.6/site-packages/airflow/example_dags/example_trigger_controller_dag.py
[2024-09-09 21:03:20,501] {scheduler_job.py:629} INFO - Processing file /home/airflow/.local/lib/python3.6/site-packages/airflow/example_dags/example_trigger_controller_dag.py for tasks to queue
[2024-09-09 21:03:20,502] {logging_mixin.py:104} INFO - [2024-09-09 21:03:20,502] {dagbag.py:451} INFO - Filling up the DagBag from /home/airflow/.local/lib/python3.6/site-packages/airflow/example_dags/example_trigger_controller_dag.py
[2024-09-09 21:03:20,515] {scheduler_job.py:639} INFO - DAG(s) dict_keys(['example_trigger_controller_dag']) retrieved from /home/airflow/.local/lib/python3.6/site-packages/airflow/example_dags/example_trigger_controller_dag.py
[2024-09-09 21:03:20,543] {logging_mixin.py:104} INFO - [2024-09-09 21:03:20,543] {dag.py:1824} INFO - Sync 1 DAGs
[2024-09-09 21:03:20,562] {logging_mixin.py:104} INFO - [2024-09-09 21:03:20,562] {dag.py:2280} INFO - Setting next_dagrun for example_trigger_controller_dag to 2024-09-07 00:00:00+00:00
[2024-09-09 21:03:20,579] {scheduler_job.py:190} INFO - Processing /home/airflow/.local/lib/python3.6/site-packages/airflow/example_dags/example_trigger_controller_dag.py took 0.085 seconds
[2024-09-09 21:03:50,834] {scheduler_job.py:182} INFO - Started process (PID=681) to work on /home/airflow/.local/lib/python3.6/site-packages/airflow/example_dags/example_trigger_controller_dag.py
[2024-09-09 21:03:50,836] {scheduler_job.py:629} INFO - Processing file /home/airflow/.local/lib/python3.6/site-packages/airflow/example_dags/example_trigger_controller_dag.py for tasks to queue
[2024-09-09 21:03:50,837] {logging_mixin.py:104} INFO - [2024-09-09 21:03:50,837] {dagbag.py:451} INFO - Filling up the DagBag from /home/airflow/.local/lib/python3.6/site-packages/airflow/example_dags/example_trigger_controller_dag.py
[2024-09-09 21:03:50,849] {scheduler_job.py:639} INFO - DAG(s) dict_keys(['example_trigger_controller_dag']) retrieved from /home/airflow/.local/lib/python3.6/site-packages/airflow/example_dags/example_trigger_controller_dag.py
[2024-09-09 21:03:50,874] {logging_mixin.py:104} INFO - [2024-09-09 21:03:50,874] {dag.py:1824} INFO - Sync 1 DAGs
[2024-09-09 21:03:50,894] {logging_mixin.py:104} INFO - [2024-09-09 21:03:50,894] {dag.py:2280} INFO - Setting next_dagrun for example_trigger_controller_dag to 2024-09-07 00:00:00+00:00
[2024-09-09 21:03:50,915] {scheduler_job.py:190} INFO - Processing /home/airflow/.local/lib/python3.6/site-packages/airflow/example_dags/example_trigger_controller_dag.py took 0.087 seconds
[2024-09-09 21:04:21,252] {scheduler_job.py:182} INFO - Started process (PID=708) to work on /home/airflow/.local/lib/python3.6/site-packages/airflow/example_dags/example_trigger_controller_dag.py
[2024-09-09 21:04:21,254] {scheduler_job.py:629} INFO - Processing file /home/airflow/.local/lib/python3.6/site-packages/airflow/example_dags/example_trigger_controller_dag.py for tasks to queue
[2024-09-09 21:04:21,254] {logging_mixin.py:104} INFO - [2024-09-09 21:04:21,254] {dagbag.py:451} INFO - Filling up the DagBag from /home/airflow/.local/lib/python3.6/site-packages/airflow/example_dags/example_trigger_controller_dag.py
[2024-09-09 21:04:21,266] {scheduler_job.py:639} INFO - DAG(s) dict_keys(['example_trigger_controller_dag']) retrieved from /home/airflow/.local/lib/python3.6/site-packages/airflow/example_dags/example_trigger_controller_dag.py
[2024-09-09 21:04:21,290] {logging_mixin.py:104} INFO - [2024-09-09 21:04:21,290] {dag.py:1824} INFO - Sync 1 DAGs
[2024-09-09 21:04:21,307] {logging_mixin.py:104} INFO - [2024-09-09 21:04:21,307] {dag.py:2280} INFO - Setting next_dagrun for example_trigger_controller_dag to 2024-09-07 00:00:00+00:00
[2024-09-09 21:04:21,317] {scheduler_job.py:190} INFO - Processing /home/airflow/.local/lib/python3.6/site-packages/airflow/example_dags/example_trigger_controller_dag.py took 0.068 seconds
[2024-09-09 21:04:51,567] {scheduler_job.py:182} INFO - Started process (PID=735) to work on /home/airflow/.local/lib/python3.6/site-packages/airflow/example_dags/example_trigger_controller_dag.py
[2024-09-09 21:04:51,569] {scheduler_job.py:629} INFO - Processing file /home/airflow/.local/lib/python3.6/site-packages/airflow/example_dags/example_trigger_controller_dag.py for tasks to queue
[2024-09-09 21:04:51,571] {logging_mixin.py:104} INFO - [2024-09-09 21:04:51,571] {dagbag.py:451} INFO - Filling up the DagBag from /home/airflow/.local/lib/python3.6/site-packages/airflow/example_dags/example_trigger_controller_dag.py
[2024-09-09 21:04:51,596] {scheduler_job.py:639} INFO - DAG(s) dict_keys(['example_trigger_controller_dag']) retrieved from /home/airflow/.local/lib/python3.6/site-packages/airflow/example_dags/example_trigger_controller_dag.py
[2024-09-09 21:04:51,637] {logging_mixin.py:104} INFO - [2024-09-09 21:04:51,637] {dag.py:1824} INFO - Sync 1 DAGs
[2024-09-09 21:04:51,661] {logging_mixin.py:104} INFO - [2024-09-09 21:04:51,661] {dag.py:2280} INFO - Setting next_dagrun for example_trigger_controller_dag to 2024-09-07 00:00:00+00:00
[2024-09-09 21:04:51,673] {scheduler_job.py:190} INFO - Processing /home/airflow/.local/lib/python3.6/site-packages/airflow/example_dags/example_trigger_controller_dag.py took 0.112 seconds
[2024-09-09 21:11:39,011] {scheduler_job.py:182} INFO - Started process (PID=50) to work on /home/airflow/.local/lib/python3.6/site-packages/airflow/example_dags/example_trigger_controller_dag.py
[2024-09-09 21:11:39,012] {scheduler_job.py:629} INFO - Processing file /home/airflow/.local/lib/python3.6/site-packages/airflow/example_dags/example_trigger_controller_dag.py for tasks to queue
[2024-09-09 21:11:39,013] {logging_mixin.py:104} INFO - [2024-09-09 21:11:39,013] {dagbag.py:451} INFO - Filling up the DagBag from /home/airflow/.local/lib/python3.6/site-packages/airflow/example_dags/example_trigger_controller_dag.py
[2024-09-09 21:11:39,028] {scheduler_job.py:639} INFO - DAG(s) dict_keys(['example_trigger_controller_dag']) retrieved from /home/airflow/.local/lib/python3.6/site-packages/airflow/example_dags/example_trigger_controller_dag.py
[2024-09-09 21:11:39,049] {logging_mixin.py:104} INFO - [2024-09-09 21:11:39,049] {dag.py:1824} INFO - Sync 1 DAGs
[2024-09-09 21:11:39,069] {logging_mixin.py:104} INFO - [2024-09-09 21:11:39,069] {dag.py:2280} INFO - Setting next_dagrun for example_trigger_controller_dag to 2024-09-07 00:00:00+00:00
[2024-09-09 21:11:39,078] {scheduler_job.py:190} INFO - Processing /home/airflow/.local/lib/python3.6/site-packages/airflow/example_dags/example_trigger_controller_dag.py took 0.070 seconds
[2024-09-09 21:12:09,506] {scheduler_job.py:182} INFO - Started process (PID=77) to work on /home/airflow/.local/lib/python3.6/site-packages/airflow/example_dags/example_trigger_controller_dag.py
[2024-09-09 21:12:09,507] {scheduler_job.py:629} INFO - Processing file /home/airflow/.local/lib/python3.6/site-packages/airflow/example_dags/example_trigger_controller_dag.py for tasks to queue
[2024-09-09 21:12:09,508] {logging_mixin.py:104} INFO - [2024-09-09 21:12:09,508] {dagbag.py:451} INFO - Filling up the DagBag from /home/airflow/.local/lib/python3.6/site-packages/airflow/example_dags/example_trigger_controller_dag.py
[2024-09-09 21:12:09,520] {scheduler_job.py:639} INFO - DAG(s) dict_keys(['example_trigger_controller_dag']) retrieved from /home/airflow/.local/lib/python3.6/site-packages/airflow/example_dags/example_trigger_controller_dag.py
[2024-09-09 21:12:09,544] {logging_mixin.py:104} INFO - [2024-09-09 21:12:09,544] {dag.py:1824} INFO - Sync 1 DAGs
[2024-09-09 21:12:09,564] {logging_mixin.py:104} INFO - [2024-09-09 21:12:09,564] {dag.py:2280} INFO - Setting next_dagrun for example_trigger_controller_dag to 2024-09-07 00:00:00+00:00
[2024-09-09 21:12:09,574] {scheduler_job.py:190} INFO - Processing /home/airflow/.local/lib/python3.6/site-packages/airflow/example_dags/example_trigger_controller_dag.py took 0.071 seconds
[2024-09-09 21:12:39,655] {scheduler_job.py:182} INFO - Started process (PID=105) to work on /home/airflow/.local/lib/python3.6/site-packages/airflow/example_dags/example_trigger_controller_dag.py
[2024-09-09 21:12:39,656] {scheduler_job.py:629} INFO - Processing file /home/airflow/.local/lib/python3.6/site-packages/airflow/example_dags/example_trigger_controller_dag.py for tasks to queue
[2024-09-09 21:12:39,657] {logging_mixin.py:104} INFO - [2024-09-09 21:12:39,656] {dagbag.py:451} INFO - Filling up the DagBag from /home/airflow/.local/lib/python3.6/site-packages/airflow/example_dags/example_trigger_controller_dag.py
[2024-09-09 21:12:39,665] {scheduler_job.py:639} INFO - DAG(s) dict_keys(['example_trigger_controller_dag']) retrieved from /home/airflow/.local/lib/python3.6/site-packages/airflow/example_dags/example_trigger_controller_dag.py
[2024-09-09 21:12:39,687] {logging_mixin.py:104} INFO - [2024-09-09 21:12:39,687] {dag.py:1824} INFO - Sync 1 DAGs
[2024-09-09 21:12:39,704] {logging_mixin.py:104} INFO - [2024-09-09 21:12:39,704] {dag.py:2280} INFO - Setting next_dagrun for example_trigger_controller_dag to 2024-09-07 00:00:00+00:00
[2024-09-09 21:12:39,715] {scheduler_job.py:190} INFO - Processing /home/airflow/.local/lib/python3.6/site-packages/airflow/example_dags/example_trigger_controller_dag.py took 0.062 seconds
[2024-09-09 21:13:09,848] {scheduler_job.py:182} INFO - Started process (PID=131) to work on /home/airflow/.local/lib/python3.6/site-packages/airflow/example_dags/example_trigger_controller_dag.py
[2024-09-09 21:13:09,849] {scheduler_job.py:629} INFO - Processing file /home/airflow/.local/lib/python3.6/site-packages/airflow/example_dags/example_trigger_controller_dag.py for tasks to queue
[2024-09-09 21:13:09,850] {logging_mixin.py:104} INFO - [2024-09-09 21:13:09,850] {dagbag.py:451} INFO - Filling up the DagBag from /home/airflow/.local/lib/python3.6/site-packages/airflow/example_dags/example_trigger_controller_dag.py
[2024-09-09 21:13:09,860] {scheduler_job.py:639} INFO - DAG(s) dict_keys(['example_trigger_controller_dag']) retrieved from /home/airflow/.local/lib/python3.6/site-packages/airflow/example_dags/example_trigger_controller_dag.py
[2024-09-09 21:13:09,881] {logging_mixin.py:104} INFO - [2024-09-09 21:13:09,881] {dag.py:1824} INFO - Sync 1 DAGs
[2024-09-09 21:13:09,899] {logging_mixin.py:104} INFO - [2024-09-09 21:13:09,899] {dag.py:2280} INFO - Setting next_dagrun for example_trigger_controller_dag to 2024-09-07 00:00:00+00:00
[2024-09-09 21:13:09,909] {scheduler_job.py:190} INFO - Processing /home/airflow/.local/lib/python3.6/site-packages/airflow/example_dags/example_trigger_controller_dag.py took 0.063 seconds
[2024-09-09 21:13:40,291] {scheduler_job.py:182} INFO - Started process (PID=158) to work on /home/airflow/.local/lib/python3.6/site-packages/airflow/example_dags/example_trigger_controller_dag.py
[2024-09-09 21:13:40,293] {scheduler_job.py:629} INFO - Processing file /home/airflow/.local/lib/python3.6/site-packages/airflow/example_dags/example_trigger_controller_dag.py for tasks to queue
[2024-09-09 21:13:40,294] {logging_mixin.py:104} INFO - [2024-09-09 21:13:40,294] {dagbag.py:451} INFO - Filling up the DagBag from /home/airflow/.local/lib/python3.6/site-packages/airflow/example_dags/example_trigger_controller_dag.py
[2024-09-09 21:13:40,306] {scheduler_job.py:639} INFO - DAG(s) dict_keys(['example_trigger_controller_dag']) retrieved from /home/airflow/.local/lib/python3.6/site-packages/airflow/example_dags/example_trigger_controller_dag.py
[2024-09-09 21:13:40,330] {logging_mixin.py:104} INFO - [2024-09-09 21:13:40,330] {dag.py:1824} INFO - Sync 1 DAGs
[2024-09-09 21:13:40,349] {logging_mixin.py:104} INFO - [2024-09-09 21:13:40,349] {dag.py:2280} INFO - Setting next_dagrun for example_trigger_controller_dag to 2024-09-07 00:00:00+00:00
[2024-09-09 21:13:40,358] {scheduler_job.py:190} INFO - Processing /home/airflow/.local/lib/python3.6/site-packages/airflow/example_dags/example_trigger_controller_dag.py took 0.071 seconds
[2024-09-09 21:14:11,035] {scheduler_job.py:182} INFO - Started process (PID=186) to work on /home/airflow/.local/lib/python3.6/site-packages/airflow/example_dags/example_trigger_controller_dag.py
[2024-09-09 21:14:11,037] {scheduler_job.py:629} INFO - Processing file /home/airflow/.local/lib/python3.6/site-packages/airflow/example_dags/example_trigger_controller_dag.py for tasks to queue
[2024-09-09 21:14:11,038] {logging_mixin.py:104} INFO - [2024-09-09 21:14:11,038] {dagbag.py:451} INFO - Filling up the DagBag from /home/airflow/.local/lib/python3.6/site-packages/airflow/example_dags/example_trigger_controller_dag.py
[2024-09-09 21:14:11,048] {scheduler_job.py:639} INFO - DAG(s) dict_keys(['example_trigger_controller_dag']) retrieved from /home/airflow/.local/lib/python3.6/site-packages/airflow/example_dags/example_trigger_controller_dag.py
[2024-09-09 21:14:11,071] {logging_mixin.py:104} INFO - [2024-09-09 21:14:11,071] {dag.py:1824} INFO - Sync 1 DAGs
[2024-09-09 21:14:11,092] {logging_mixin.py:104} INFO - [2024-09-09 21:14:11,091] {dag.py:2280} INFO - Setting next_dagrun for example_trigger_controller_dag to 2024-09-07 00:00:00+00:00
[2024-09-09 21:14:11,103] {scheduler_job.py:190} INFO - Processing /home/airflow/.local/lib/python3.6/site-packages/airflow/example_dags/example_trigger_controller_dag.py took 0.073 seconds
[2024-09-09 21:14:41,305] {scheduler_job.py:182} INFO - Started process (PID=213) to work on /home/airflow/.local/lib/python3.6/site-packages/airflow/example_dags/example_trigger_controller_dag.py
[2024-09-09 21:14:41,306] {scheduler_job.py:629} INFO - Processing file /home/airflow/.local/lib/python3.6/site-packages/airflow/example_dags/example_trigger_controller_dag.py for tasks to queue
[2024-09-09 21:14:41,307] {logging_mixin.py:104} INFO - [2024-09-09 21:14:41,306] {dagbag.py:451} INFO - Filling up the DagBag from /home/airflow/.local/lib/python3.6/site-packages/airflow/example_dags/example_trigger_controller_dag.py
[2024-09-09 21:14:41,319] {scheduler_job.py:639} INFO - DAG(s) dict_keys(['example_trigger_controller_dag']) retrieved from /home/airflow/.local/lib/python3.6/site-packages/airflow/example_dags/example_trigger_controller_dag.py
[2024-09-09 21:14:41,346] {logging_mixin.py:104} INFO - [2024-09-09 21:14:41,346] {dag.py:1824} INFO - Sync 1 DAGs
[2024-09-09 21:14:41,363] {logging_mixin.py:104} INFO - [2024-09-09 21:14:41,363] {dag.py:2280} INFO - Setting next_dagrun for example_trigger_controller_dag to 2024-09-07 00:00:00+00:00
[2024-09-09 21:14:41,374] {scheduler_job.py:190} INFO - Processing /home/airflow/.local/lib/python3.6/site-packages/airflow/example_dags/example_trigger_controller_dag.py took 0.072 seconds
