[2024-09-09 09:52:26,245] {scheduler_job.py:182} INFO - Started process (PID=38) to work on /home/airflow/.local/lib/python3.6/site-packages/airflow/example_dags/example_subdag_operator.py
[2024-09-09 09:52:26,247] {scheduler_job.py:629} INFO - Processing file /home/airflow/.local/lib/python3.6/site-packages/airflow/example_dags/example_subdag_operator.py for tasks to queue
[2024-09-09 09:52:26,247] {logging_mixin.py:104} INFO - [2024-09-09 09:52:26,247] {dagbag.py:451} INFO - Filling up the DagBag from /home/airflow/.local/lib/python3.6/site-packages/airflow/example_dags/example_subdag_operator.py
[2024-09-09 09:52:26,303] {scheduler_job.py:639} INFO - DAG(s) dict_keys(['example_subdag_operator.section-1', 'example_subdag_operator.section-2', 'example_subdag_operator']) retrieved from /home/airflow/.local/lib/python3.6/site-packages/airflow/example_dags/example_subdag_operator.py
[2024-09-09 09:52:26,323] {logging_mixin.py:104} INFO - [2024-09-09 09:52:26,323] {dag.py:1824} INFO - Sync 3 DAGs
[2024-09-09 09:52:26,334] {logging_mixin.py:104} INFO - [2024-09-09 09:52:26,334] {dag.py:1843} INFO - Creating ORM DAG for example_subdag_operator
[2024-09-09 09:52:26,335] {logging_mixin.py:104} INFO - [2024-09-09 09:52:26,335] {dag.py:1843} INFO - Creating ORM DAG for example_subdag_operator.section-2
[2024-09-09 09:52:26,335] {logging_mixin.py:104} INFO - [2024-09-09 09:52:26,335] {dag.py:1843} INFO - Creating ORM DAG for example_subdag_operator.section-1
[2024-09-09 09:52:26,343] {logging_mixin.py:104} INFO - [2024-09-09 09:52:26,343] {dag.py:2280} INFO - Setting next_dagrun for example_subdag_operator to 2024-09-07 00:00:00+00:00
[2024-09-09 09:52:26,344] {logging_mixin.py:104} INFO - [2024-09-09 09:52:26,344] {dag.py:2280} INFO - Setting next_dagrun for example_subdag_operator.section-1 to None
[2024-09-09 09:52:26,344] {logging_mixin.py:104} INFO - [2024-09-09 09:52:26,344] {dag.py:2280} INFO - Setting next_dagrun for example_subdag_operator.section-2 to None
[2024-09-09 09:52:26,363] {logging_mixin.py:104} INFO - [2024-09-09 09:52:26,363] {dag.py:1824} INFO - Sync 2 DAGs
[2024-09-09 09:52:26,372] {logging_mixin.py:104} INFO - [2024-09-09 09:52:26,371] {dag.py:2280} INFO - Setting next_dagrun for example_subdag_operator.section-1 to None
[2024-09-09 09:52:26,372] {logging_mixin.py:104} INFO - [2024-09-09 09:52:26,372] {dag.py:2280} INFO - Setting next_dagrun for example_subdag_operator.section-2 to None
[2024-09-09 09:52:26,382] {scheduler_job.py:190} INFO - Processing /home/airflow/.local/lib/python3.6/site-packages/airflow/example_dags/example_subdag_operator.py took 0.144 seconds
[2024-09-09 09:52:57,414] {scheduler_job.py:182} INFO - Started process (PID=68) to work on /home/airflow/.local/lib/python3.6/site-packages/airflow/example_dags/example_subdag_operator.py
[2024-09-09 09:52:57,415] {scheduler_job.py:629} INFO - Processing file /home/airflow/.local/lib/python3.6/site-packages/airflow/example_dags/example_subdag_operator.py for tasks to queue
[2024-09-09 09:52:57,416] {logging_mixin.py:104} INFO - [2024-09-09 09:52:57,416] {dagbag.py:451} INFO - Filling up the DagBag from /home/airflow/.local/lib/python3.6/site-packages/airflow/example_dags/example_subdag_operator.py
[2024-09-09 09:52:57,452] {scheduler_job.py:639} INFO - DAG(s) dict_keys(['example_subdag_operator.section-1', 'example_subdag_operator.section-2', 'example_subdag_operator']) retrieved from /home/airflow/.local/lib/python3.6/site-packages/airflow/example_dags/example_subdag_operator.py
[2024-09-09 09:52:57,467] {logging_mixin.py:104} INFO - [2024-09-09 09:52:57,466] {dag.py:1824} INFO - Sync 3 DAGs
[2024-09-09 09:52:57,488] {logging_mixin.py:104} INFO - [2024-09-09 09:52:57,488] {dag.py:2280} INFO - Setting next_dagrun for example_subdag_operator to 2024-09-07 00:00:00+00:00
[2024-09-09 09:52:57,489] {logging_mixin.py:104} INFO - [2024-09-09 09:52:57,489] {dag.py:2280} INFO - Setting next_dagrun for example_subdag_operator.section-1 to None
[2024-09-09 09:52:57,489] {logging_mixin.py:104} INFO - [2024-09-09 09:52:57,489] {dag.py:2280} INFO - Setting next_dagrun for example_subdag_operator.section-2 to None
[2024-09-09 09:52:57,500] {logging_mixin.py:104} INFO - [2024-09-09 09:52:57,500] {dag.py:1824} INFO - Sync 2 DAGs
[2024-09-09 09:52:57,513] {logging_mixin.py:104} INFO - [2024-09-09 09:52:57,513] {dag.py:2280} INFO - Setting next_dagrun for example_subdag_operator.section-1 to None
[2024-09-09 09:52:57,514] {logging_mixin.py:104} INFO - [2024-09-09 09:52:57,513] {dag.py:2280} INFO - Setting next_dagrun for example_subdag_operator.section-2 to None
[2024-09-09 09:52:57,522] {scheduler_job.py:190} INFO - Processing /home/airflow/.local/lib/python3.6/site-packages/airflow/example_dags/example_subdag_operator.py took 0.113 seconds
[2024-09-09 20:51:42,073] {scheduler_job.py:182} INFO - Started process (PID=47) to work on /home/airflow/.local/lib/python3.6/site-packages/airflow/example_dags/example_subdag_operator.py
[2024-09-09 20:51:42,074] {scheduler_job.py:629} INFO - Processing file /home/airflow/.local/lib/python3.6/site-packages/airflow/example_dags/example_subdag_operator.py for tasks to queue
[2024-09-09 20:51:42,076] {logging_mixin.py:104} INFO - [2024-09-09 20:51:42,076] {dagbag.py:451} INFO - Filling up the DagBag from /home/airflow/.local/lib/python3.6/site-packages/airflow/example_dags/example_subdag_operator.py
[2024-09-09 20:51:42,125] {scheduler_job.py:639} INFO - DAG(s) dict_keys(['example_subdag_operator.section-1', 'example_subdag_operator.section-2', 'example_subdag_operator']) retrieved from /home/airflow/.local/lib/python3.6/site-packages/airflow/example_dags/example_subdag_operator.py
[2024-09-09 20:51:42,142] {logging_mixin.py:104} INFO - [2024-09-09 20:51:42,141] {dag.py:1824} INFO - Sync 3 DAGs
[2024-09-09 20:51:42,173] {logging_mixin.py:104} INFO - [2024-09-09 20:51:42,173] {dag.py:2280} INFO - Setting next_dagrun for example_subdag_operator to 2024-09-07 00:00:00+00:00
[2024-09-09 20:51:42,174] {logging_mixin.py:104} INFO - [2024-09-09 20:51:42,174] {dag.py:2280} INFO - Setting next_dagrun for example_subdag_operator.section-1 to None
[2024-09-09 20:51:42,174] {logging_mixin.py:104} INFO - [2024-09-09 20:51:42,174] {dag.py:2280} INFO - Setting next_dagrun for example_subdag_operator.section-2 to None
[2024-09-09 20:51:42,189] {logging_mixin.py:104} INFO - [2024-09-09 20:51:42,188] {dag.py:1824} INFO - Sync 2 DAGs
[2024-09-09 20:51:42,216] {logging_mixin.py:104} INFO - [2024-09-09 20:51:42,216] {dag.py:2280} INFO - Setting next_dagrun for example_subdag_operator.section-1 to None
[2024-09-09 20:51:42,216] {logging_mixin.py:104} INFO - [2024-09-09 20:51:42,216] {dag.py:2280} INFO - Setting next_dagrun for example_subdag_operator.section-2 to None
[2024-09-09 20:51:42,242] {scheduler_job.py:190} INFO - Processing /home/airflow/.local/lib/python3.6/site-packages/airflow/example_dags/example_subdag_operator.py took 0.173 seconds
[2024-09-09 20:52:12,606] {scheduler_job.py:182} INFO - Started process (PID=72) to work on /home/airflow/.local/lib/python3.6/site-packages/airflow/example_dags/example_subdag_operator.py
[2024-09-09 20:52:12,607] {scheduler_job.py:629} INFO - Processing file /home/airflow/.local/lib/python3.6/site-packages/airflow/example_dags/example_subdag_operator.py for tasks to queue
[2024-09-09 20:52:12,607] {logging_mixin.py:104} INFO - [2024-09-09 20:52:12,607] {dagbag.py:451} INFO - Filling up the DagBag from /home/airflow/.local/lib/python3.6/site-packages/airflow/example_dags/example_subdag_operator.py
[2024-09-09 20:52:12,636] {scheduler_job.py:639} INFO - DAG(s) dict_keys(['example_subdag_operator.section-1', 'example_subdag_operator.section-2', 'example_subdag_operator']) retrieved from /home/airflow/.local/lib/python3.6/site-packages/airflow/example_dags/example_subdag_operator.py
[2024-09-09 20:52:12,648] {logging_mixin.py:104} INFO - [2024-09-09 20:52:12,648] {dag.py:1824} INFO - Sync 3 DAGs
[2024-09-09 20:52:12,669] {logging_mixin.py:104} INFO - [2024-09-09 20:52:12,668] {dag.py:2280} INFO - Setting next_dagrun for example_subdag_operator to 2024-09-07 00:00:00+00:00
[2024-09-09 20:52:12,669] {logging_mixin.py:104} INFO - [2024-09-09 20:52:12,669] {dag.py:2280} INFO - Setting next_dagrun for example_subdag_operator.section-1 to None
[2024-09-09 20:52:12,670] {logging_mixin.py:104} INFO - [2024-09-09 20:52:12,670] {dag.py:2280} INFO - Setting next_dagrun for example_subdag_operator.section-2 to None
[2024-09-09 20:52:12,677] {logging_mixin.py:104} INFO - [2024-09-09 20:52:12,677] {dag.py:1824} INFO - Sync 2 DAGs
[2024-09-09 20:52:12,685] {logging_mixin.py:104} INFO - [2024-09-09 20:52:12,685] {dag.py:2280} INFO - Setting next_dagrun for example_subdag_operator.section-1 to None
[2024-09-09 20:52:12,686] {logging_mixin.py:104} INFO - [2024-09-09 20:52:12,686] {dag.py:2280} INFO - Setting next_dagrun for example_subdag_operator.section-2 to None
[2024-09-09 20:52:12,692] {scheduler_job.py:190} INFO - Processing /home/airflow/.local/lib/python3.6/site-packages/airflow/example_dags/example_subdag_operator.py took 0.090 seconds
[2024-09-09 20:52:42,975] {scheduler_job.py:182} INFO - Started process (PID=99) to work on /home/airflow/.local/lib/python3.6/site-packages/airflow/example_dags/example_subdag_operator.py
[2024-09-09 20:52:42,976] {scheduler_job.py:629} INFO - Processing file /home/airflow/.local/lib/python3.6/site-packages/airflow/example_dags/example_subdag_operator.py for tasks to queue
[2024-09-09 20:52:42,977] {logging_mixin.py:104} INFO - [2024-09-09 20:52:42,977] {dagbag.py:451} INFO - Filling up the DagBag from /home/airflow/.local/lib/python3.6/site-packages/airflow/example_dags/example_subdag_operator.py
[2024-09-09 20:52:43,008] {scheduler_job.py:639} INFO - DAG(s) dict_keys(['example_subdag_operator.section-1', 'example_subdag_operator.section-2', 'example_subdag_operator']) retrieved from /home/airflow/.local/lib/python3.6/site-packages/airflow/example_dags/example_subdag_operator.py
[2024-09-09 20:52:43,021] {logging_mixin.py:104} INFO - [2024-09-09 20:52:43,021] {dag.py:1824} INFO - Sync 3 DAGs
[2024-09-09 20:52:43,045] {logging_mixin.py:104} INFO - [2024-09-09 20:52:43,045] {dag.py:2280} INFO - Setting next_dagrun for example_subdag_operator to 2024-09-07 00:00:00+00:00
[2024-09-09 20:52:43,046] {logging_mixin.py:104} INFO - [2024-09-09 20:52:43,046] {dag.py:2280} INFO - Setting next_dagrun for example_subdag_operator.section-1 to None
[2024-09-09 20:52:43,046] {logging_mixin.py:104} INFO - [2024-09-09 20:52:43,046] {dag.py:2280} INFO - Setting next_dagrun for example_subdag_operator.section-2 to None
[2024-09-09 20:52:43,054] {logging_mixin.py:104} INFO - [2024-09-09 20:52:43,054] {dag.py:1824} INFO - Sync 2 DAGs
[2024-09-09 20:52:43,062] {logging_mixin.py:104} INFO - [2024-09-09 20:52:43,062] {dag.py:2280} INFO - Setting next_dagrun for example_subdag_operator.section-1 to None
[2024-09-09 20:52:43,062] {logging_mixin.py:104} INFO - [2024-09-09 20:52:43,062] {dag.py:2280} INFO - Setting next_dagrun for example_subdag_operator.section-2 to None
[2024-09-09 20:52:43,069] {scheduler_job.py:190} INFO - Processing /home/airflow/.local/lib/python3.6/site-packages/airflow/example_dags/example_subdag_operator.py took 0.098 seconds
[2024-09-09 20:53:13,257] {scheduler_job.py:182} INFO - Started process (PID=125) to work on /home/airflow/.local/lib/python3.6/site-packages/airflow/example_dags/example_subdag_operator.py
[2024-09-09 20:53:13,258] {scheduler_job.py:629} INFO - Processing file /home/airflow/.local/lib/python3.6/site-packages/airflow/example_dags/example_subdag_operator.py for tasks to queue
[2024-09-09 20:53:13,259] {logging_mixin.py:104} INFO - [2024-09-09 20:53:13,259] {dagbag.py:451} INFO - Filling up the DagBag from /home/airflow/.local/lib/python3.6/site-packages/airflow/example_dags/example_subdag_operator.py
[2024-09-09 20:53:13,293] {scheduler_job.py:639} INFO - DAG(s) dict_keys(['example_subdag_operator.section-1', 'example_subdag_operator.section-2', 'example_subdag_operator']) retrieved from /home/airflow/.local/lib/python3.6/site-packages/airflow/example_dags/example_subdag_operator.py
[2024-09-09 20:53:13,307] {logging_mixin.py:104} INFO - [2024-09-09 20:53:13,306] {dag.py:1824} INFO - Sync 3 DAGs
[2024-09-09 20:53:13,326] {logging_mixin.py:104} INFO - [2024-09-09 20:53:13,326] {dag.py:2280} INFO - Setting next_dagrun for example_subdag_operator to 2024-09-07 00:00:00+00:00
[2024-09-09 20:53:13,327] {logging_mixin.py:104} INFO - [2024-09-09 20:53:13,327] {dag.py:2280} INFO - Setting next_dagrun for example_subdag_operator.section-1 to None
[2024-09-09 20:53:13,327] {logging_mixin.py:104} INFO - [2024-09-09 20:53:13,327] {dag.py:2280} INFO - Setting next_dagrun for example_subdag_operator.section-2 to None
[2024-09-09 20:53:13,338] {logging_mixin.py:104} INFO - [2024-09-09 20:53:13,338] {dag.py:1824} INFO - Sync 2 DAGs
[2024-09-09 20:53:13,348] {logging_mixin.py:104} INFO - [2024-09-09 20:53:13,348] {dag.py:2280} INFO - Setting next_dagrun for example_subdag_operator.section-1 to None
[2024-09-09 20:53:13,348] {logging_mixin.py:104} INFO - [2024-09-09 20:53:13,348] {dag.py:2280} INFO - Setting next_dagrun for example_subdag_operator.section-2 to None
[2024-09-09 20:53:13,357] {scheduler_job.py:190} INFO - Processing /home/airflow/.local/lib/python3.6/site-packages/airflow/example_dags/example_subdag_operator.py took 0.103 seconds
[2024-09-09 20:53:43,447] {scheduler_job.py:182} INFO - Started process (PID=147) to work on /home/airflow/.local/lib/python3.6/site-packages/airflow/example_dags/example_subdag_operator.py
[2024-09-09 20:53:43,449] {scheduler_job.py:629} INFO - Processing file /home/airflow/.local/lib/python3.6/site-packages/airflow/example_dags/example_subdag_operator.py for tasks to queue
[2024-09-09 20:53:43,450] {logging_mixin.py:104} INFO - [2024-09-09 20:53:43,450] {dagbag.py:451} INFO - Filling up the DagBag from /home/airflow/.local/lib/python3.6/site-packages/airflow/example_dags/example_subdag_operator.py
[2024-09-09 20:53:43,480] {scheduler_job.py:639} INFO - DAG(s) dict_keys(['example_subdag_operator.section-1', 'example_subdag_operator.section-2', 'example_subdag_operator']) retrieved from /home/airflow/.local/lib/python3.6/site-packages/airflow/example_dags/example_subdag_operator.py
[2024-09-09 20:53:43,495] {logging_mixin.py:104} INFO - [2024-09-09 20:53:43,495] {dag.py:1824} INFO - Sync 3 DAGs
[2024-09-09 20:53:43,513] {logging_mixin.py:104} INFO - [2024-09-09 20:53:43,513] {dag.py:2280} INFO - Setting next_dagrun for example_subdag_operator to 2024-09-07 00:00:00+00:00
[2024-09-09 20:53:43,513] {logging_mixin.py:104} INFO - [2024-09-09 20:53:43,513] {dag.py:2280} INFO - Setting next_dagrun for example_subdag_operator.section-1 to None
[2024-09-09 20:53:43,514] {logging_mixin.py:104} INFO - [2024-09-09 20:53:43,514] {dag.py:2280} INFO - Setting next_dagrun for example_subdag_operator.section-2 to None
[2024-09-09 20:53:43,521] {logging_mixin.py:104} INFO - [2024-09-09 20:53:43,521] {dag.py:1824} INFO - Sync 2 DAGs
[2024-09-09 20:53:43,529] {logging_mixin.py:104} INFO - [2024-09-09 20:53:43,529] {dag.py:2280} INFO - Setting next_dagrun for example_subdag_operator.section-1 to None
[2024-09-09 20:53:43,529] {logging_mixin.py:104} INFO - [2024-09-09 20:53:43,529] {dag.py:2280} INFO - Setting next_dagrun for example_subdag_operator.section-2 to None
[2024-09-09 20:53:43,536] {scheduler_job.py:190} INFO - Processing /home/airflow/.local/lib/python3.6/site-packages/airflow/example_dags/example_subdag_operator.py took 0.095 seconds
[2024-09-09 20:54:13,757] {scheduler_job.py:182} INFO - Started process (PID=171) to work on /home/airflow/.local/lib/python3.6/site-packages/airflow/example_dags/example_subdag_operator.py
[2024-09-09 20:54:13,759] {scheduler_job.py:629} INFO - Processing file /home/airflow/.local/lib/python3.6/site-packages/airflow/example_dags/example_subdag_operator.py for tasks to queue
[2024-09-09 20:54:13,760] {logging_mixin.py:104} INFO - [2024-09-09 20:54:13,760] {dagbag.py:451} INFO - Filling up the DagBag from /home/airflow/.local/lib/python3.6/site-packages/airflow/example_dags/example_subdag_operator.py
[2024-09-09 20:54:13,792] {scheduler_job.py:639} INFO - DAG(s) dict_keys(['example_subdag_operator.section-1', 'example_subdag_operator.section-2', 'example_subdag_operator']) retrieved from /home/airflow/.local/lib/python3.6/site-packages/airflow/example_dags/example_subdag_operator.py
[2024-09-09 20:54:13,809] {logging_mixin.py:104} INFO - [2024-09-09 20:54:13,809] {dag.py:1824} INFO - Sync 3 DAGs
[2024-09-09 20:54:13,825] {logging_mixin.py:104} INFO - [2024-09-09 20:54:13,825] {dag.py:2280} INFO - Setting next_dagrun for example_subdag_operator to 2024-09-07 00:00:00+00:00
[2024-09-09 20:54:13,826] {logging_mixin.py:104} INFO - [2024-09-09 20:54:13,826] {dag.py:2280} INFO - Setting next_dagrun for example_subdag_operator.section-1 to None
[2024-09-09 20:54:13,826] {logging_mixin.py:104} INFO - [2024-09-09 20:54:13,826] {dag.py:2280} INFO - Setting next_dagrun for example_subdag_operator.section-2 to None
[2024-09-09 20:54:13,833] {logging_mixin.py:104} INFO - [2024-09-09 20:54:13,833] {dag.py:1824} INFO - Sync 2 DAGs
[2024-09-09 20:54:13,842] {logging_mixin.py:104} INFO - [2024-09-09 20:54:13,842] {dag.py:2280} INFO - Setting next_dagrun for example_subdag_operator.section-1 to None
[2024-09-09 20:54:13,843] {logging_mixin.py:104} INFO - [2024-09-09 20:54:13,843] {dag.py:2280} INFO - Setting next_dagrun for example_subdag_operator.section-2 to None
[2024-09-09 20:54:13,851] {scheduler_job.py:190} INFO - Processing /home/airflow/.local/lib/python3.6/site-packages/airflow/example_dags/example_subdag_operator.py took 0.098 seconds
[2024-09-09 20:54:44,243] {scheduler_job.py:182} INFO - Started process (PID=198) to work on /home/airflow/.local/lib/python3.6/site-packages/airflow/example_dags/example_subdag_operator.py
[2024-09-09 20:54:44,244] {scheduler_job.py:629} INFO - Processing file /home/airflow/.local/lib/python3.6/site-packages/airflow/example_dags/example_subdag_operator.py for tasks to queue
[2024-09-09 20:54:44,244] {logging_mixin.py:104} INFO - [2024-09-09 20:54:44,244] {dagbag.py:451} INFO - Filling up the DagBag from /home/airflow/.local/lib/python3.6/site-packages/airflow/example_dags/example_subdag_operator.py
[2024-09-09 20:54:44,275] {scheduler_job.py:639} INFO - DAG(s) dict_keys(['example_subdag_operator.section-1', 'example_subdag_operator.section-2', 'example_subdag_operator']) retrieved from /home/airflow/.local/lib/python3.6/site-packages/airflow/example_dags/example_subdag_operator.py
[2024-09-09 20:54:44,290] {logging_mixin.py:104} INFO - [2024-09-09 20:54:44,290] {dag.py:1824} INFO - Sync 3 DAGs
[2024-09-09 20:54:44,306] {logging_mixin.py:104} INFO - [2024-09-09 20:54:44,306] {dag.py:2280} INFO - Setting next_dagrun for example_subdag_operator to 2024-09-07 00:00:00+00:00
[2024-09-09 20:54:44,307] {logging_mixin.py:104} INFO - [2024-09-09 20:54:44,307] {dag.py:2280} INFO - Setting next_dagrun for example_subdag_operator.section-1 to None
[2024-09-09 20:54:44,307] {logging_mixin.py:104} INFO - [2024-09-09 20:54:44,307] {dag.py:2280} INFO - Setting next_dagrun for example_subdag_operator.section-2 to None
[2024-09-09 20:54:44,314] {logging_mixin.py:104} INFO - [2024-09-09 20:54:44,314] {dag.py:1824} INFO - Sync 2 DAGs
[2024-09-09 20:54:44,322] {logging_mixin.py:104} INFO - [2024-09-09 20:54:44,322] {dag.py:2280} INFO - Setting next_dagrun for example_subdag_operator.section-1 to None
[2024-09-09 20:54:44,323] {logging_mixin.py:104} INFO - [2024-09-09 20:54:44,323] {dag.py:2280} INFO - Setting next_dagrun for example_subdag_operator.section-2 to None
[2024-09-09 20:54:44,330] {scheduler_job.py:190} INFO - Processing /home/airflow/.local/lib/python3.6/site-packages/airflow/example_dags/example_subdag_operator.py took 0.091 seconds
[2024-09-09 20:55:14,749] {scheduler_job.py:182} INFO - Started process (PID=226) to work on /home/airflow/.local/lib/python3.6/site-packages/airflow/example_dags/example_subdag_operator.py
[2024-09-09 20:55:14,750] {scheduler_job.py:629} INFO - Processing file /home/airflow/.local/lib/python3.6/site-packages/airflow/example_dags/example_subdag_operator.py for tasks to queue
[2024-09-09 20:55:14,750] {logging_mixin.py:104} INFO - [2024-09-09 20:55:14,750] {dagbag.py:451} INFO - Filling up the DagBag from /home/airflow/.local/lib/python3.6/site-packages/airflow/example_dags/example_subdag_operator.py
[2024-09-09 20:55:14,806] {scheduler_job.py:639} INFO - DAG(s) dict_keys(['example_subdag_operator.section-1', 'example_subdag_operator.section-2', 'example_subdag_operator']) retrieved from /home/airflow/.local/lib/python3.6/site-packages/airflow/example_dags/example_subdag_operator.py
[2024-09-09 20:55:14,823] {logging_mixin.py:104} INFO - [2024-09-09 20:55:14,823] {dag.py:1824} INFO - Sync 3 DAGs
[2024-09-09 20:55:14,839] {logging_mixin.py:104} INFO - [2024-09-09 20:55:14,839] {dag.py:2280} INFO - Setting next_dagrun for example_subdag_operator to 2024-09-07 00:00:00+00:00
[2024-09-09 20:55:14,840] {logging_mixin.py:104} INFO - [2024-09-09 20:55:14,839] {dag.py:2280} INFO - Setting next_dagrun for example_subdag_operator.section-1 to None
[2024-09-09 20:55:14,840] {logging_mixin.py:104} INFO - [2024-09-09 20:55:14,840] {dag.py:2280} INFO - Setting next_dagrun for example_subdag_operator.section-2 to None
[2024-09-09 20:55:14,847] {logging_mixin.py:104} INFO - [2024-09-09 20:55:14,847] {dag.py:1824} INFO - Sync 2 DAGs
[2024-09-09 20:55:14,855] {logging_mixin.py:104} INFO - [2024-09-09 20:55:14,855] {dag.py:2280} INFO - Setting next_dagrun for example_subdag_operator.section-1 to None
[2024-09-09 20:55:14,855] {logging_mixin.py:104} INFO - [2024-09-09 20:55:14,855] {dag.py:2280} INFO - Setting next_dagrun for example_subdag_operator.section-2 to None
[2024-09-09 20:55:14,863] {scheduler_job.py:190} INFO - Processing /home/airflow/.local/lib/python3.6/site-packages/airflow/example_dags/example_subdag_operator.py took 0.118 seconds
[2024-09-09 20:55:45,180] {scheduler_job.py:182} INFO - Started process (PID=253) to work on /home/airflow/.local/lib/python3.6/site-packages/airflow/example_dags/example_subdag_operator.py
[2024-09-09 20:55:45,180] {scheduler_job.py:629} INFO - Processing file /home/airflow/.local/lib/python3.6/site-packages/airflow/example_dags/example_subdag_operator.py for tasks to queue
[2024-09-09 20:55:45,181] {logging_mixin.py:104} INFO - [2024-09-09 20:55:45,181] {dagbag.py:451} INFO - Filling up the DagBag from /home/airflow/.local/lib/python3.6/site-packages/airflow/example_dags/example_subdag_operator.py
[2024-09-09 20:55:45,214] {scheduler_job.py:639} INFO - DAG(s) dict_keys(['example_subdag_operator.section-1', 'example_subdag_operator.section-2', 'example_subdag_operator']) retrieved from /home/airflow/.local/lib/python3.6/site-packages/airflow/example_dags/example_subdag_operator.py
[2024-09-09 20:55:45,226] {logging_mixin.py:104} INFO - [2024-09-09 20:55:45,226] {dag.py:1824} INFO - Sync 3 DAGs
[2024-09-09 20:55:45,241] {logging_mixin.py:104} INFO - [2024-09-09 20:55:45,241] {dag.py:2280} INFO - Setting next_dagrun for example_subdag_operator to 2024-09-07 00:00:00+00:00
[2024-09-09 20:55:45,242] {logging_mixin.py:104} INFO - [2024-09-09 20:55:45,242] {dag.py:2280} INFO - Setting next_dagrun for example_subdag_operator.section-1 to None
[2024-09-09 20:55:45,242] {logging_mixin.py:104} INFO - [2024-09-09 20:55:45,242] {dag.py:2280} INFO - Setting next_dagrun for example_subdag_operator.section-2 to None
[2024-09-09 20:55:45,249] {logging_mixin.py:104} INFO - [2024-09-09 20:55:45,249] {dag.py:1824} INFO - Sync 2 DAGs
[2024-09-09 20:55:45,257] {logging_mixin.py:104} INFO - [2024-09-09 20:55:45,257] {dag.py:2280} INFO - Setting next_dagrun for example_subdag_operator.section-1 to None
[2024-09-09 20:55:45,258] {logging_mixin.py:104} INFO - [2024-09-09 20:55:45,258] {dag.py:2280} INFO - Setting next_dagrun for example_subdag_operator.section-2 to None
[2024-09-09 20:55:45,265] {scheduler_job.py:190} INFO - Processing /home/airflow/.local/lib/python3.6/site-packages/airflow/example_dags/example_subdag_operator.py took 0.089 seconds
[2024-09-09 20:56:15,572] {scheduler_job.py:182} INFO - Started process (PID=282) to work on /home/airflow/.local/lib/python3.6/site-packages/airflow/example_dags/example_subdag_operator.py
[2024-09-09 20:56:15,573] {scheduler_job.py:629} INFO - Processing file /home/airflow/.local/lib/python3.6/site-packages/airflow/example_dags/example_subdag_operator.py for tasks to queue
[2024-09-09 20:56:15,574] {logging_mixin.py:104} INFO - [2024-09-09 20:56:15,574] {dagbag.py:451} INFO - Filling up the DagBag from /home/airflow/.local/lib/python3.6/site-packages/airflow/example_dags/example_subdag_operator.py
[2024-09-09 20:56:15,610] {scheduler_job.py:639} INFO - DAG(s) dict_keys(['example_subdag_operator.section-1', 'example_subdag_operator.section-2', 'example_subdag_operator']) retrieved from /home/airflow/.local/lib/python3.6/site-packages/airflow/example_dags/example_subdag_operator.py
[2024-09-09 20:56:15,622] {logging_mixin.py:104} INFO - [2024-09-09 20:56:15,622] {dag.py:1824} INFO - Sync 3 DAGs
[2024-09-09 20:56:15,643] {logging_mixin.py:104} INFO - [2024-09-09 20:56:15,643] {dag.py:2280} INFO - Setting next_dagrun for example_subdag_operator to 2024-09-07 00:00:00+00:00
[2024-09-09 20:56:15,644] {logging_mixin.py:104} INFO - [2024-09-09 20:56:15,644] {dag.py:2280} INFO - Setting next_dagrun for example_subdag_operator.section-1 to None
[2024-09-09 20:56:15,644] {logging_mixin.py:104} INFO - [2024-09-09 20:56:15,644] {dag.py:2280} INFO - Setting next_dagrun for example_subdag_operator.section-2 to None
[2024-09-09 20:56:15,652] {logging_mixin.py:104} INFO - [2024-09-09 20:56:15,651] {dag.py:1824} INFO - Sync 2 DAGs
[2024-09-09 20:56:15,659] {logging_mixin.py:104} INFO - [2024-09-09 20:56:15,659] {dag.py:2280} INFO - Setting next_dagrun for example_subdag_operator.section-1 to None
[2024-09-09 20:56:15,660] {logging_mixin.py:104} INFO - [2024-09-09 20:56:15,660] {dag.py:2280} INFO - Setting next_dagrun for example_subdag_operator.section-2 to None
[2024-09-09 20:56:15,666] {scheduler_job.py:190} INFO - Processing /home/airflow/.local/lib/python3.6/site-packages/airflow/example_dags/example_subdag_operator.py took 0.099 seconds
[2024-09-09 20:56:45,976] {scheduler_job.py:182} INFO - Started process (PID=308) to work on /home/airflow/.local/lib/python3.6/site-packages/airflow/example_dags/example_subdag_operator.py
[2024-09-09 20:56:45,977] {scheduler_job.py:629} INFO - Processing file /home/airflow/.local/lib/python3.6/site-packages/airflow/example_dags/example_subdag_operator.py for tasks to queue
[2024-09-09 20:56:45,978] {logging_mixin.py:104} INFO - [2024-09-09 20:56:45,977] {dagbag.py:451} INFO - Filling up the DagBag from /home/airflow/.local/lib/python3.6/site-packages/airflow/example_dags/example_subdag_operator.py
[2024-09-09 20:56:46,010] {scheduler_job.py:639} INFO - DAG(s) dict_keys(['example_subdag_operator.section-1', 'example_subdag_operator.section-2', 'example_subdag_operator']) retrieved from /home/airflow/.local/lib/python3.6/site-packages/airflow/example_dags/example_subdag_operator.py
[2024-09-09 20:56:46,021] {logging_mixin.py:104} INFO - [2024-09-09 20:56:46,021] {dag.py:1824} INFO - Sync 3 DAGs
[2024-09-09 20:56:46,038] {logging_mixin.py:104} INFO - [2024-09-09 20:56:46,037] {dag.py:2280} INFO - Setting next_dagrun for example_subdag_operator to 2024-09-07 00:00:00+00:00
[2024-09-09 20:56:46,038] {logging_mixin.py:104} INFO - [2024-09-09 20:56:46,038] {dag.py:2280} INFO - Setting next_dagrun for example_subdag_operator.section-1 to None
[2024-09-09 20:56:46,038] {logging_mixin.py:104} INFO - [2024-09-09 20:56:46,038] {dag.py:2280} INFO - Setting next_dagrun for example_subdag_operator.section-2 to None
[2024-09-09 20:56:46,046] {logging_mixin.py:104} INFO - [2024-09-09 20:56:46,046] {dag.py:1824} INFO - Sync 2 DAGs
[2024-09-09 20:56:46,054] {logging_mixin.py:104} INFO - [2024-09-09 20:56:46,054] {dag.py:2280} INFO - Setting next_dagrun for example_subdag_operator.section-1 to None
[2024-09-09 20:56:46,055] {logging_mixin.py:104} INFO - [2024-09-09 20:56:46,055] {dag.py:2280} INFO - Setting next_dagrun for example_subdag_operator.section-2 to None
[2024-09-09 20:56:46,062] {scheduler_job.py:190} INFO - Processing /home/airflow/.local/lib/python3.6/site-packages/airflow/example_dags/example_subdag_operator.py took 0.090 seconds
[2024-09-09 20:57:16,362] {scheduler_job.py:182} INFO - Started process (PID=335) to work on /home/airflow/.local/lib/python3.6/site-packages/airflow/example_dags/example_subdag_operator.py
[2024-09-09 20:57:16,364] {scheduler_job.py:629} INFO - Processing file /home/airflow/.local/lib/python3.6/site-packages/airflow/example_dags/example_subdag_operator.py for tasks to queue
[2024-09-09 20:57:16,365] {logging_mixin.py:104} INFO - [2024-09-09 20:57:16,365] {dagbag.py:451} INFO - Filling up the DagBag from /home/airflow/.local/lib/python3.6/site-packages/airflow/example_dags/example_subdag_operator.py
[2024-09-09 20:57:16,399] {scheduler_job.py:639} INFO - DAG(s) dict_keys(['example_subdag_operator.section-1', 'example_subdag_operator.section-2', 'example_subdag_operator']) retrieved from /home/airflow/.local/lib/python3.6/site-packages/airflow/example_dags/example_subdag_operator.py
[2024-09-09 20:57:16,411] {logging_mixin.py:104} INFO - [2024-09-09 20:57:16,410] {dag.py:1824} INFO - Sync 3 DAGs
[2024-09-09 20:57:16,428] {logging_mixin.py:104} INFO - [2024-09-09 20:57:16,428] {dag.py:2280} INFO - Setting next_dagrun for example_subdag_operator to 2024-09-07 00:00:00+00:00
[2024-09-09 20:57:16,429] {logging_mixin.py:104} INFO - [2024-09-09 20:57:16,429] {dag.py:2280} INFO - Setting next_dagrun for example_subdag_operator.section-1 to None
[2024-09-09 20:57:16,429] {logging_mixin.py:104} INFO - [2024-09-09 20:57:16,429] {dag.py:2280} INFO - Setting next_dagrun for example_subdag_operator.section-2 to None
[2024-09-09 20:57:16,436] {logging_mixin.py:104} INFO - [2024-09-09 20:57:16,436] {dag.py:1824} INFO - Sync 2 DAGs
[2024-09-09 20:57:16,444] {logging_mixin.py:104} INFO - [2024-09-09 20:57:16,444] {dag.py:2280} INFO - Setting next_dagrun for example_subdag_operator.section-1 to None
[2024-09-09 20:57:16,444] {logging_mixin.py:104} INFO - [2024-09-09 20:57:16,444] {dag.py:2280} INFO - Setting next_dagrun for example_subdag_operator.section-2 to None
[2024-09-09 20:57:16,452] {scheduler_job.py:190} INFO - Processing /home/airflow/.local/lib/python3.6/site-packages/airflow/example_dags/example_subdag_operator.py took 0.095 seconds
[2024-09-09 20:57:46,835] {scheduler_job.py:182} INFO - Started process (PID=361) to work on /home/airflow/.local/lib/python3.6/site-packages/airflow/example_dags/example_subdag_operator.py
[2024-09-09 20:57:46,836] {scheduler_job.py:629} INFO - Processing file /home/airflow/.local/lib/python3.6/site-packages/airflow/example_dags/example_subdag_operator.py for tasks to queue
[2024-09-09 20:57:46,836] {logging_mixin.py:104} INFO - [2024-09-09 20:57:46,836] {dagbag.py:451} INFO - Filling up the DagBag from /home/airflow/.local/lib/python3.6/site-packages/airflow/example_dags/example_subdag_operator.py
[2024-09-09 20:57:46,876] {scheduler_job.py:639} INFO - DAG(s) dict_keys(['example_subdag_operator.section-1', 'example_subdag_operator.section-2', 'example_subdag_operator']) retrieved from /home/airflow/.local/lib/python3.6/site-packages/airflow/example_dags/example_subdag_operator.py
[2024-09-09 20:57:46,888] {logging_mixin.py:104} INFO - [2024-09-09 20:57:46,888] {dag.py:1824} INFO - Sync 3 DAGs
[2024-09-09 20:57:46,904] {logging_mixin.py:104} INFO - [2024-09-09 20:57:46,904] {dag.py:2280} INFO - Setting next_dagrun for example_subdag_operator to 2024-09-07 00:00:00+00:00
[2024-09-09 20:57:46,905] {logging_mixin.py:104} INFO - [2024-09-09 20:57:46,905] {dag.py:2280} INFO - Setting next_dagrun for example_subdag_operator.section-1 to None
[2024-09-09 20:57:46,905] {logging_mixin.py:104} INFO - [2024-09-09 20:57:46,905] {dag.py:2280} INFO - Setting next_dagrun for example_subdag_operator.section-2 to None
[2024-09-09 20:57:46,924] {logging_mixin.py:104} INFO - [2024-09-09 20:57:46,924] {dag.py:1824} INFO - Sync 2 DAGs
[2024-09-09 20:57:46,932] {logging_mixin.py:104} INFO - [2024-09-09 20:57:46,932] {dag.py:2280} INFO - Setting next_dagrun for example_subdag_operator.section-1 to None
[2024-09-09 20:57:46,932] {logging_mixin.py:104} INFO - [2024-09-09 20:57:46,932] {dag.py:2280} INFO - Setting next_dagrun for example_subdag_operator.section-2 to None
[2024-09-09 20:57:46,939] {scheduler_job.py:190} INFO - Processing /home/airflow/.local/lib/python3.6/site-packages/airflow/example_dags/example_subdag_operator.py took 0.108 seconds
[2024-09-09 20:58:17,249] {scheduler_job.py:182} INFO - Started process (PID=388) to work on /home/airflow/.local/lib/python3.6/site-packages/airflow/example_dags/example_subdag_operator.py
[2024-09-09 20:58:17,250] {scheduler_job.py:629} INFO - Processing file /home/airflow/.local/lib/python3.6/site-packages/airflow/example_dags/example_subdag_operator.py for tasks to queue
[2024-09-09 20:58:17,251] {logging_mixin.py:104} INFO - [2024-09-09 20:58:17,250] {dagbag.py:451} INFO - Filling up the DagBag from /home/airflow/.local/lib/python3.6/site-packages/airflow/example_dags/example_subdag_operator.py
[2024-09-09 20:58:17,284] {scheduler_job.py:639} INFO - DAG(s) dict_keys(['example_subdag_operator.section-1', 'example_subdag_operator.section-2', 'example_subdag_operator']) retrieved from /home/airflow/.local/lib/python3.6/site-packages/airflow/example_dags/example_subdag_operator.py
[2024-09-09 20:58:17,296] {logging_mixin.py:104} INFO - [2024-09-09 20:58:17,296] {dag.py:1824} INFO - Sync 3 DAGs
[2024-09-09 20:58:17,313] {logging_mixin.py:104} INFO - [2024-09-09 20:58:17,313] {dag.py:2280} INFO - Setting next_dagrun for example_subdag_operator to 2024-09-07 00:00:00+00:00
[2024-09-09 20:58:17,314] {logging_mixin.py:104} INFO - [2024-09-09 20:58:17,313] {dag.py:2280} INFO - Setting next_dagrun for example_subdag_operator.section-1 to None
[2024-09-09 20:58:17,314] {logging_mixin.py:104} INFO - [2024-09-09 20:58:17,314] {dag.py:2280} INFO - Setting next_dagrun for example_subdag_operator.section-2 to None
[2024-09-09 20:58:17,321] {logging_mixin.py:104} INFO - [2024-09-09 20:58:17,321] {dag.py:1824} INFO - Sync 2 DAGs
[2024-09-09 20:58:17,330] {logging_mixin.py:104} INFO - [2024-09-09 20:58:17,329] {dag.py:2280} INFO - Setting next_dagrun for example_subdag_operator.section-1 to None
[2024-09-09 20:58:17,330] {logging_mixin.py:104} INFO - [2024-09-09 20:58:17,330] {dag.py:2280} INFO - Setting next_dagrun for example_subdag_operator.section-2 to None
[2024-09-09 20:58:17,337] {scheduler_job.py:190} INFO - Processing /home/airflow/.local/lib/python3.6/site-packages/airflow/example_dags/example_subdag_operator.py took 0.090 seconds
[2024-09-09 20:58:47,733] {scheduler_job.py:182} INFO - Started process (PID=417) to work on /home/airflow/.local/lib/python3.6/site-packages/airflow/example_dags/example_subdag_operator.py
[2024-09-09 20:58:47,739] {scheduler_job.py:629} INFO - Processing file /home/airflow/.local/lib/python3.6/site-packages/airflow/example_dags/example_subdag_operator.py for tasks to queue
[2024-09-09 20:58:47,739] {logging_mixin.py:104} INFO - [2024-09-09 20:58:47,739] {dagbag.py:451} INFO - Filling up the DagBag from /home/airflow/.local/lib/python3.6/site-packages/airflow/example_dags/example_subdag_operator.py
[2024-09-09 20:58:47,770] {scheduler_job.py:639} INFO - DAG(s) dict_keys(['example_subdag_operator.section-1', 'example_subdag_operator.section-2', 'example_subdag_operator']) retrieved from /home/airflow/.local/lib/python3.6/site-packages/airflow/example_dags/example_subdag_operator.py
[2024-09-09 20:58:47,782] {logging_mixin.py:104} INFO - [2024-09-09 20:58:47,782] {dag.py:1824} INFO - Sync 3 DAGs
[2024-09-09 20:58:47,800] {logging_mixin.py:104} INFO - [2024-09-09 20:58:47,800] {dag.py:2280} INFO - Setting next_dagrun for example_subdag_operator to 2024-09-07 00:00:00+00:00
[2024-09-09 20:58:47,801] {logging_mixin.py:104} INFO - [2024-09-09 20:58:47,801] {dag.py:2280} INFO - Setting next_dagrun for example_subdag_operator.section-1 to None
[2024-09-09 20:58:47,801] {logging_mixin.py:104} INFO - [2024-09-09 20:58:47,801] {dag.py:2280} INFO - Setting next_dagrun for example_subdag_operator.section-2 to None
[2024-09-09 20:58:47,809] {logging_mixin.py:104} INFO - [2024-09-09 20:58:47,809] {dag.py:1824} INFO - Sync 2 DAGs
[2024-09-09 20:58:47,822] {logging_mixin.py:104} INFO - [2024-09-09 20:58:47,822] {dag.py:2280} INFO - Setting next_dagrun for example_subdag_operator.section-1 to None
[2024-09-09 20:58:47,823] {logging_mixin.py:104} INFO - [2024-09-09 20:58:47,823] {dag.py:2280} INFO - Setting next_dagrun for example_subdag_operator.section-2 to None
[2024-09-09 20:58:47,830] {scheduler_job.py:190} INFO - Processing /home/airflow/.local/lib/python3.6/site-packages/airflow/example_dags/example_subdag_operator.py took 0.100 seconds
[2024-09-09 20:59:18,247] {scheduler_job.py:182} INFO - Started process (PID=447) to work on /home/airflow/.local/lib/python3.6/site-packages/airflow/example_dags/example_subdag_operator.py
[2024-09-09 20:59:18,248] {scheduler_job.py:629} INFO - Processing file /home/airflow/.local/lib/python3.6/site-packages/airflow/example_dags/example_subdag_operator.py for tasks to queue
[2024-09-09 20:59:18,248] {logging_mixin.py:104} INFO - [2024-09-09 20:59:18,248] {dagbag.py:451} INFO - Filling up the DagBag from /home/airflow/.local/lib/python3.6/site-packages/airflow/example_dags/example_subdag_operator.py
[2024-09-09 20:59:18,277] {scheduler_job.py:639} INFO - DAG(s) dict_keys(['example_subdag_operator.section-1', 'example_subdag_operator.section-2', 'example_subdag_operator']) retrieved from /home/airflow/.local/lib/python3.6/site-packages/airflow/example_dags/example_subdag_operator.py
[2024-09-09 20:59:18,289] {logging_mixin.py:104} INFO - [2024-09-09 20:59:18,289] {dag.py:1824} INFO - Sync 3 DAGs
[2024-09-09 20:59:18,306] {logging_mixin.py:104} INFO - [2024-09-09 20:59:18,306] {dag.py:2280} INFO - Setting next_dagrun for example_subdag_operator to 2024-09-07 00:00:00+00:00
[2024-09-09 20:59:18,307] {logging_mixin.py:104} INFO - [2024-09-09 20:59:18,307] {dag.py:2280} INFO - Setting next_dagrun for example_subdag_operator.section-1 to None
[2024-09-09 20:59:18,307] {logging_mixin.py:104} INFO - [2024-09-09 20:59:18,307] {dag.py:2280} INFO - Setting next_dagrun for example_subdag_operator.section-2 to None
[2024-09-09 20:59:18,315] {logging_mixin.py:104} INFO - [2024-09-09 20:59:18,315] {dag.py:1824} INFO - Sync 2 DAGs
[2024-09-09 20:59:18,323] {logging_mixin.py:104} INFO - [2024-09-09 20:59:18,322] {dag.py:2280} INFO - Setting next_dagrun for example_subdag_operator.section-1 to None
[2024-09-09 20:59:18,323] {logging_mixin.py:104} INFO - [2024-09-09 20:59:18,323] {dag.py:2280} INFO - Setting next_dagrun for example_subdag_operator.section-2 to None
[2024-09-09 20:59:18,330] {scheduler_job.py:190} INFO - Processing /home/airflow/.local/lib/python3.6/site-packages/airflow/example_dags/example_subdag_operator.py took 0.086 seconds
[2024-09-09 20:59:48,452] {scheduler_job.py:182} INFO - Started process (PID=471) to work on /home/airflow/.local/lib/python3.6/site-packages/airflow/example_dags/example_subdag_operator.py
[2024-09-09 20:59:48,453] {scheduler_job.py:629} INFO - Processing file /home/airflow/.local/lib/python3.6/site-packages/airflow/example_dags/example_subdag_operator.py for tasks to queue
[2024-09-09 20:59:48,453] {logging_mixin.py:104} INFO - [2024-09-09 20:59:48,453] {dagbag.py:451} INFO - Filling up the DagBag from /home/airflow/.local/lib/python3.6/site-packages/airflow/example_dags/example_subdag_operator.py
[2024-09-09 20:59:48,484] {scheduler_job.py:639} INFO - DAG(s) dict_keys(['example_subdag_operator.section-1', 'example_subdag_operator.section-2', 'example_subdag_operator']) retrieved from /home/airflow/.local/lib/python3.6/site-packages/airflow/example_dags/example_subdag_operator.py
[2024-09-09 20:59:48,496] {logging_mixin.py:104} INFO - [2024-09-09 20:59:48,496] {dag.py:1824} INFO - Sync 3 DAGs
[2024-09-09 20:59:48,512] {logging_mixin.py:104} INFO - [2024-09-09 20:59:48,512] {dag.py:2280} INFO - Setting next_dagrun for example_subdag_operator to 2024-09-07 00:00:00+00:00
[2024-09-09 20:59:48,513] {logging_mixin.py:104} INFO - [2024-09-09 20:59:48,513] {dag.py:2280} INFO - Setting next_dagrun for example_subdag_operator.section-1 to None
[2024-09-09 20:59:48,513] {logging_mixin.py:104} INFO - [2024-09-09 20:59:48,513] {dag.py:2280} INFO - Setting next_dagrun for example_subdag_operator.section-2 to None
[2024-09-09 20:59:48,520] {logging_mixin.py:104} INFO - [2024-09-09 20:59:48,520] {dag.py:1824} INFO - Sync 2 DAGs
[2024-09-09 20:59:48,530] {logging_mixin.py:104} INFO - [2024-09-09 20:59:48,530] {dag.py:2280} INFO - Setting next_dagrun for example_subdag_operator.section-1 to None
[2024-09-09 20:59:48,530] {logging_mixin.py:104} INFO - [2024-09-09 20:59:48,530] {dag.py:2280} INFO - Setting next_dagrun for example_subdag_operator.section-2 to None
[2024-09-09 20:59:48,537] {scheduler_job.py:190} INFO - Processing /home/airflow/.local/lib/python3.6/site-packages/airflow/example_dags/example_subdag_operator.py took 0.089 seconds
[2024-09-09 21:00:18,790] {scheduler_job.py:182} INFO - Started process (PID=498) to work on /home/airflow/.local/lib/python3.6/site-packages/airflow/example_dags/example_subdag_operator.py
[2024-09-09 21:00:18,792] {scheduler_job.py:629} INFO - Processing file /home/airflow/.local/lib/python3.6/site-packages/airflow/example_dags/example_subdag_operator.py for tasks to queue
[2024-09-09 21:00:18,793] {logging_mixin.py:104} INFO - [2024-09-09 21:00:18,793] {dagbag.py:451} INFO - Filling up the DagBag from /home/airflow/.local/lib/python3.6/site-packages/airflow/example_dags/example_subdag_operator.py
[2024-09-09 21:00:18,823] {scheduler_job.py:639} INFO - DAG(s) dict_keys(['example_subdag_operator.section-1', 'example_subdag_operator.section-2', 'example_subdag_operator']) retrieved from /home/airflow/.local/lib/python3.6/site-packages/airflow/example_dags/example_subdag_operator.py
[2024-09-09 21:00:18,835] {logging_mixin.py:104} INFO - [2024-09-09 21:00:18,834] {dag.py:1824} INFO - Sync 3 DAGs
[2024-09-09 21:00:18,853] {logging_mixin.py:104} INFO - [2024-09-09 21:00:18,853] {dag.py:2280} INFO - Setting next_dagrun for example_subdag_operator to 2024-09-07 00:00:00+00:00
[2024-09-09 21:00:18,854] {logging_mixin.py:104} INFO - [2024-09-09 21:00:18,854] {dag.py:2280} INFO - Setting next_dagrun for example_subdag_operator.section-1 to None
[2024-09-09 21:00:18,854] {logging_mixin.py:104} INFO - [2024-09-09 21:00:18,854] {dag.py:2280} INFO - Setting next_dagrun for example_subdag_operator.section-2 to None
[2024-09-09 21:00:18,863] {logging_mixin.py:104} INFO - [2024-09-09 21:00:18,863] {dag.py:1824} INFO - Sync 2 DAGs
[2024-09-09 21:00:18,871] {logging_mixin.py:104} INFO - [2024-09-09 21:00:18,871] {dag.py:2280} INFO - Setting next_dagrun for example_subdag_operator.section-1 to None
[2024-09-09 21:00:18,871] {logging_mixin.py:104} INFO - [2024-09-09 21:00:18,871] {dag.py:2280} INFO - Setting next_dagrun for example_subdag_operator.section-2 to None
[2024-09-09 21:00:18,878] {scheduler_job.py:190} INFO - Processing /home/airflow/.local/lib/python3.6/site-packages/airflow/example_dags/example_subdag_operator.py took 0.092 seconds
[2024-09-09 21:00:49,242] {scheduler_job.py:182} INFO - Started process (PID=527) to work on /home/airflow/.local/lib/python3.6/site-packages/airflow/example_dags/example_subdag_operator.py
[2024-09-09 21:00:49,243] {scheduler_job.py:629} INFO - Processing file /home/airflow/.local/lib/python3.6/site-packages/airflow/example_dags/example_subdag_operator.py for tasks to queue
[2024-09-09 21:00:49,243] {logging_mixin.py:104} INFO - [2024-09-09 21:00:49,243] {dagbag.py:451} INFO - Filling up the DagBag from /home/airflow/.local/lib/python3.6/site-packages/airflow/example_dags/example_subdag_operator.py
[2024-09-09 21:00:49,276] {scheduler_job.py:639} INFO - DAG(s) dict_keys(['example_subdag_operator.section-1', 'example_subdag_operator.section-2', 'example_subdag_operator']) retrieved from /home/airflow/.local/lib/python3.6/site-packages/airflow/example_dags/example_subdag_operator.py
[2024-09-09 21:00:49,289] {logging_mixin.py:104} INFO - [2024-09-09 21:00:49,288] {dag.py:1824} INFO - Sync 3 DAGs
[2024-09-09 21:00:49,306] {logging_mixin.py:104} INFO - [2024-09-09 21:00:49,306] {dag.py:2280} INFO - Setting next_dagrun for example_subdag_operator to 2024-09-07 00:00:00+00:00
[2024-09-09 21:00:49,307] {logging_mixin.py:104} INFO - [2024-09-09 21:00:49,307] {dag.py:2280} INFO - Setting next_dagrun for example_subdag_operator.section-1 to None
[2024-09-09 21:00:49,307] {logging_mixin.py:104} INFO - [2024-09-09 21:00:49,307] {dag.py:2280} INFO - Setting next_dagrun for example_subdag_operator.section-2 to None
[2024-09-09 21:00:49,316] {logging_mixin.py:104} INFO - [2024-09-09 21:00:49,316] {dag.py:1824} INFO - Sync 2 DAGs
[2024-09-09 21:00:49,324] {logging_mixin.py:104} INFO - [2024-09-09 21:00:49,324] {dag.py:2280} INFO - Setting next_dagrun for example_subdag_operator.section-1 to None
[2024-09-09 21:00:49,324] {logging_mixin.py:104} INFO - [2024-09-09 21:00:49,324] {dag.py:2280} INFO - Setting next_dagrun for example_subdag_operator.section-2 to None
[2024-09-09 21:00:49,332] {scheduler_job.py:190} INFO - Processing /home/airflow/.local/lib/python3.6/site-packages/airflow/example_dags/example_subdag_operator.py took 0.094 seconds
[2024-09-09 21:01:19,513] {scheduler_job.py:182} INFO - Started process (PID=552) to work on /home/airflow/.local/lib/python3.6/site-packages/airflow/example_dags/example_subdag_operator.py
[2024-09-09 21:01:19,514] {scheduler_job.py:629} INFO - Processing file /home/airflow/.local/lib/python3.6/site-packages/airflow/example_dags/example_subdag_operator.py for tasks to queue
[2024-09-09 21:01:19,514] {logging_mixin.py:104} INFO - [2024-09-09 21:01:19,514] {dagbag.py:451} INFO - Filling up the DagBag from /home/airflow/.local/lib/python3.6/site-packages/airflow/example_dags/example_subdag_operator.py
[2024-09-09 21:01:19,546] {scheduler_job.py:639} INFO - DAG(s) dict_keys(['example_subdag_operator.section-1', 'example_subdag_operator.section-2', 'example_subdag_operator']) retrieved from /home/airflow/.local/lib/python3.6/site-packages/airflow/example_dags/example_subdag_operator.py
[2024-09-09 21:01:19,558] {logging_mixin.py:104} INFO - [2024-09-09 21:01:19,558] {dag.py:1824} INFO - Sync 3 DAGs
[2024-09-09 21:01:19,576] {logging_mixin.py:104} INFO - [2024-09-09 21:01:19,576] {dag.py:2280} INFO - Setting next_dagrun for example_subdag_operator to 2024-09-07 00:00:00+00:00
[2024-09-09 21:01:19,577] {logging_mixin.py:104} INFO - [2024-09-09 21:01:19,577] {dag.py:2280} INFO - Setting next_dagrun for example_subdag_operator.section-1 to None
[2024-09-09 21:01:19,577] {logging_mixin.py:104} INFO - [2024-09-09 21:01:19,577] {dag.py:2280} INFO - Setting next_dagrun for example_subdag_operator.section-2 to None
[2024-09-09 21:01:19,585] {logging_mixin.py:104} INFO - [2024-09-09 21:01:19,584] {dag.py:1824} INFO - Sync 2 DAGs
[2024-09-09 21:01:19,594] {logging_mixin.py:104} INFO - [2024-09-09 21:01:19,594] {dag.py:2280} INFO - Setting next_dagrun for example_subdag_operator.section-1 to None
[2024-09-09 21:01:19,595] {logging_mixin.py:104} INFO - [2024-09-09 21:01:19,595] {dag.py:2280} INFO - Setting next_dagrun for example_subdag_operator.section-2 to None
[2024-09-09 21:01:19,602] {scheduler_job.py:190} INFO - Processing /home/airflow/.local/lib/python3.6/site-packages/airflow/example_dags/example_subdag_operator.py took 0.092 seconds
[2024-09-09 21:01:49,932] {scheduler_job.py:182} INFO - Started process (PID=581) to work on /home/airflow/.local/lib/python3.6/site-packages/airflow/example_dags/example_subdag_operator.py
[2024-09-09 21:01:49,933] {scheduler_job.py:629} INFO - Processing file /home/airflow/.local/lib/python3.6/site-packages/airflow/example_dags/example_subdag_operator.py for tasks to queue
[2024-09-09 21:01:49,934] {logging_mixin.py:104} INFO - [2024-09-09 21:01:49,934] {dagbag.py:451} INFO - Filling up the DagBag from /home/airflow/.local/lib/python3.6/site-packages/airflow/example_dags/example_subdag_operator.py
[2024-09-09 21:01:49,965] {scheduler_job.py:639} INFO - DAG(s) dict_keys(['example_subdag_operator.section-1', 'example_subdag_operator.section-2', 'example_subdag_operator']) retrieved from /home/airflow/.local/lib/python3.6/site-packages/airflow/example_dags/example_subdag_operator.py
[2024-09-09 21:01:49,978] {logging_mixin.py:104} INFO - [2024-09-09 21:01:49,978] {dag.py:1824} INFO - Sync 3 DAGs
[2024-09-09 21:01:49,996] {logging_mixin.py:104} INFO - [2024-09-09 21:01:49,995] {dag.py:2280} INFO - Setting next_dagrun for example_subdag_operator to 2024-09-07 00:00:00+00:00
[2024-09-09 21:01:49,996] {logging_mixin.py:104} INFO - [2024-09-09 21:01:49,996] {dag.py:2280} INFO - Setting next_dagrun for example_subdag_operator.section-1 to None
[2024-09-09 21:01:49,997] {logging_mixin.py:104} INFO - [2024-09-09 21:01:49,997] {dag.py:2280} INFO - Setting next_dagrun for example_subdag_operator.section-2 to None
[2024-09-09 21:01:50,004] {logging_mixin.py:104} INFO - [2024-09-09 21:01:50,004] {dag.py:1824} INFO - Sync 2 DAGs
[2024-09-09 21:01:50,013] {logging_mixin.py:104} INFO - [2024-09-09 21:01:50,013] {dag.py:2280} INFO - Setting next_dagrun for example_subdag_operator.section-1 to None
[2024-09-09 21:01:50,013] {logging_mixin.py:104} INFO - [2024-09-09 21:01:50,013] {dag.py:2280} INFO - Setting next_dagrun for example_subdag_operator.section-2 to None
[2024-09-09 21:01:50,022] {scheduler_job.py:190} INFO - Processing /home/airflow/.local/lib/python3.6/site-packages/airflow/example_dags/example_subdag_operator.py took 0.092 seconds
[2024-09-09 21:02:20,257] {scheduler_job.py:182} INFO - Started process (PID=608) to work on /home/airflow/.local/lib/python3.6/site-packages/airflow/example_dags/example_subdag_operator.py
[2024-09-09 21:02:20,258] {scheduler_job.py:629} INFO - Processing file /home/airflow/.local/lib/python3.6/site-packages/airflow/example_dags/example_subdag_operator.py for tasks to queue
[2024-09-09 21:02:20,258] {logging_mixin.py:104} INFO - [2024-09-09 21:02:20,258] {dagbag.py:451} INFO - Filling up the DagBag from /home/airflow/.local/lib/python3.6/site-packages/airflow/example_dags/example_subdag_operator.py
[2024-09-09 21:02:20,291] {scheduler_job.py:639} INFO - DAG(s) dict_keys(['example_subdag_operator.section-1', 'example_subdag_operator.section-2', 'example_subdag_operator']) retrieved from /home/airflow/.local/lib/python3.6/site-packages/airflow/example_dags/example_subdag_operator.py
[2024-09-09 21:02:20,305] {logging_mixin.py:104} INFO - [2024-09-09 21:02:20,305] {dag.py:1824} INFO - Sync 3 DAGs
[2024-09-09 21:02:20,324] {logging_mixin.py:104} INFO - [2024-09-09 21:02:20,324] {dag.py:2280} INFO - Setting next_dagrun for example_subdag_operator to 2024-09-07 00:00:00+00:00
[2024-09-09 21:02:20,325] {logging_mixin.py:104} INFO - [2024-09-09 21:02:20,325] {dag.py:2280} INFO - Setting next_dagrun for example_subdag_operator.section-1 to None
[2024-09-09 21:02:20,325] {logging_mixin.py:104} INFO - [2024-09-09 21:02:20,325] {dag.py:2280} INFO - Setting next_dagrun for example_subdag_operator.section-2 to None
[2024-09-09 21:02:20,333] {logging_mixin.py:104} INFO - [2024-09-09 21:02:20,333] {dag.py:1824} INFO - Sync 2 DAGs
[2024-09-09 21:02:20,342] {logging_mixin.py:104} INFO - [2024-09-09 21:02:20,342] {dag.py:2280} INFO - Setting next_dagrun for example_subdag_operator.section-1 to None
[2024-09-09 21:02:20,342] {logging_mixin.py:104} INFO - [2024-09-09 21:02:20,342] {dag.py:2280} INFO - Setting next_dagrun for example_subdag_operator.section-2 to None
[2024-09-09 21:02:20,349] {scheduler_job.py:190} INFO - Processing /home/airflow/.local/lib/python3.6/site-packages/airflow/example_dags/example_subdag_operator.py took 0.096 seconds
[2024-09-09 21:02:50,623] {scheduler_job.py:182} INFO - Started process (PID=635) to work on /home/airflow/.local/lib/python3.6/site-packages/airflow/example_dags/example_subdag_operator.py
[2024-09-09 21:02:50,624] {scheduler_job.py:629} INFO - Processing file /home/airflow/.local/lib/python3.6/site-packages/airflow/example_dags/example_subdag_operator.py for tasks to queue
[2024-09-09 21:02:50,625] {logging_mixin.py:104} INFO - [2024-09-09 21:02:50,625] {dagbag.py:451} INFO - Filling up the DagBag from /home/airflow/.local/lib/python3.6/site-packages/airflow/example_dags/example_subdag_operator.py
[2024-09-09 21:02:50,656] {scheduler_job.py:639} INFO - DAG(s) dict_keys(['example_subdag_operator.section-1', 'example_subdag_operator.section-2', 'example_subdag_operator']) retrieved from /home/airflow/.local/lib/python3.6/site-packages/airflow/example_dags/example_subdag_operator.py
[2024-09-09 21:02:50,667] {logging_mixin.py:104} INFO - [2024-09-09 21:02:50,667] {dag.py:1824} INFO - Sync 3 DAGs
[2024-09-09 21:02:50,686] {logging_mixin.py:104} INFO - [2024-09-09 21:02:50,686] {dag.py:2280} INFO - Setting next_dagrun for example_subdag_operator to 2024-09-07 00:00:00+00:00
[2024-09-09 21:02:50,687] {logging_mixin.py:104} INFO - [2024-09-09 21:02:50,687] {dag.py:2280} INFO - Setting next_dagrun for example_subdag_operator.section-1 to None
[2024-09-09 21:02:50,687] {logging_mixin.py:104} INFO - [2024-09-09 21:02:50,687] {dag.py:2280} INFO - Setting next_dagrun for example_subdag_operator.section-2 to None
[2024-09-09 21:02:50,695] {logging_mixin.py:104} INFO - [2024-09-09 21:02:50,695] {dag.py:1824} INFO - Sync 2 DAGs
[2024-09-09 21:02:50,705] {logging_mixin.py:104} INFO - [2024-09-09 21:02:50,705] {dag.py:2280} INFO - Setting next_dagrun for example_subdag_operator.section-1 to None
[2024-09-09 21:02:50,705] {logging_mixin.py:104} INFO - [2024-09-09 21:02:50,705] {dag.py:2280} INFO - Setting next_dagrun for example_subdag_operator.section-2 to None
[2024-09-09 21:02:50,712] {scheduler_job.py:190} INFO - Processing /home/airflow/.local/lib/python3.6/site-packages/airflow/example_dags/example_subdag_operator.py took 0.092 seconds
[2024-09-09 21:03:20,934] {scheduler_job.py:182} INFO - Started process (PID=661) to work on /home/airflow/.local/lib/python3.6/site-packages/airflow/example_dags/example_subdag_operator.py
[2024-09-09 21:03:20,935] {scheduler_job.py:629} INFO - Processing file /home/airflow/.local/lib/python3.6/site-packages/airflow/example_dags/example_subdag_operator.py for tasks to queue
[2024-09-09 21:03:20,935] {logging_mixin.py:104} INFO - [2024-09-09 21:03:20,935] {dagbag.py:451} INFO - Filling up the DagBag from /home/airflow/.local/lib/python3.6/site-packages/airflow/example_dags/example_subdag_operator.py
[2024-09-09 21:03:20,968] {scheduler_job.py:639} INFO - DAG(s) dict_keys(['example_subdag_operator.section-1', 'example_subdag_operator.section-2', 'example_subdag_operator']) retrieved from /home/airflow/.local/lib/python3.6/site-packages/airflow/example_dags/example_subdag_operator.py
[2024-09-09 21:03:20,980] {logging_mixin.py:104} INFO - [2024-09-09 21:03:20,980] {dag.py:1824} INFO - Sync 3 DAGs
[2024-09-09 21:03:20,997] {logging_mixin.py:104} INFO - [2024-09-09 21:03:20,997] {dag.py:2280} INFO - Setting next_dagrun for example_subdag_operator to 2024-09-07 00:00:00+00:00
[2024-09-09 21:03:20,997] {logging_mixin.py:104} INFO - [2024-09-09 21:03:20,997] {dag.py:2280} INFO - Setting next_dagrun for example_subdag_operator.section-1 to None
[2024-09-09 21:03:20,998] {logging_mixin.py:104} INFO - [2024-09-09 21:03:20,998] {dag.py:2280} INFO - Setting next_dagrun for example_subdag_operator.section-2 to None
[2024-09-09 21:03:21,006] {logging_mixin.py:104} INFO - [2024-09-09 21:03:21,005] {dag.py:1824} INFO - Sync 2 DAGs
[2024-09-09 21:03:21,014] {logging_mixin.py:104} INFO - [2024-09-09 21:03:21,013] {dag.py:2280} INFO - Setting next_dagrun for example_subdag_operator.section-1 to None
[2024-09-09 21:03:21,014] {logging_mixin.py:104} INFO - [2024-09-09 21:03:21,014] {dag.py:2280} INFO - Setting next_dagrun for example_subdag_operator.section-2 to None
[2024-09-09 21:03:21,021] {scheduler_job.py:190} INFO - Processing /home/airflow/.local/lib/python3.6/site-packages/airflow/example_dags/example_subdag_operator.py took 0.090 seconds
[2024-09-09 21:03:51,280] {scheduler_job.py:182} INFO - Started process (PID=688) to work on /home/airflow/.local/lib/python3.6/site-packages/airflow/example_dags/example_subdag_operator.py
[2024-09-09 21:03:51,282] {scheduler_job.py:629} INFO - Processing file /home/airflow/.local/lib/python3.6/site-packages/airflow/example_dags/example_subdag_operator.py for tasks to queue
[2024-09-09 21:03:51,282] {logging_mixin.py:104} INFO - [2024-09-09 21:03:51,282] {dagbag.py:451} INFO - Filling up the DagBag from /home/airflow/.local/lib/python3.6/site-packages/airflow/example_dags/example_subdag_operator.py
[2024-09-09 21:03:51,315] {scheduler_job.py:639} INFO - DAG(s) dict_keys(['example_subdag_operator.section-1', 'example_subdag_operator.section-2', 'example_subdag_operator']) retrieved from /home/airflow/.local/lib/python3.6/site-packages/airflow/example_dags/example_subdag_operator.py
[2024-09-09 21:03:51,328] {logging_mixin.py:104} INFO - [2024-09-09 21:03:51,328] {dag.py:1824} INFO - Sync 3 DAGs
[2024-09-09 21:03:51,346] {logging_mixin.py:104} INFO - [2024-09-09 21:03:51,346] {dag.py:2280} INFO - Setting next_dagrun for example_subdag_operator to 2024-09-07 00:00:00+00:00
[2024-09-09 21:03:51,347] {logging_mixin.py:104} INFO - [2024-09-09 21:03:51,347] {dag.py:2280} INFO - Setting next_dagrun for example_subdag_operator.section-1 to None
[2024-09-09 21:03:51,347] {logging_mixin.py:104} INFO - [2024-09-09 21:03:51,347] {dag.py:2280} INFO - Setting next_dagrun for example_subdag_operator.section-2 to None
[2024-09-09 21:03:51,353] {logging_mixin.py:104} INFO - [2024-09-09 21:03:51,353] {dag.py:1824} INFO - Sync 2 DAGs
[2024-09-09 21:03:51,361] {logging_mixin.py:104} INFO - [2024-09-09 21:03:51,361] {dag.py:2280} INFO - Setting next_dagrun for example_subdag_operator.section-1 to None
[2024-09-09 21:03:51,361] {logging_mixin.py:104} INFO - [2024-09-09 21:03:51,361] {dag.py:2280} INFO - Setting next_dagrun for example_subdag_operator.section-2 to None
[2024-09-09 21:03:51,369] {scheduler_job.py:190} INFO - Processing /home/airflow/.local/lib/python3.6/site-packages/airflow/example_dags/example_subdag_operator.py took 0.092 seconds
[2024-09-09 21:04:21,677] {scheduler_job.py:182} INFO - Started process (PID=716) to work on /home/airflow/.local/lib/python3.6/site-packages/airflow/example_dags/example_subdag_operator.py
[2024-09-09 21:04:21,678] {scheduler_job.py:629} INFO - Processing file /home/airflow/.local/lib/python3.6/site-packages/airflow/example_dags/example_subdag_operator.py for tasks to queue
[2024-09-09 21:04:21,679] {logging_mixin.py:104} INFO - [2024-09-09 21:04:21,679] {dagbag.py:451} INFO - Filling up the DagBag from /home/airflow/.local/lib/python3.6/site-packages/airflow/example_dags/example_subdag_operator.py
[2024-09-09 21:04:21,707] {scheduler_job.py:639} INFO - DAG(s) dict_keys(['example_subdag_operator.section-1', 'example_subdag_operator.section-2', 'example_subdag_operator']) retrieved from /home/airflow/.local/lib/python3.6/site-packages/airflow/example_dags/example_subdag_operator.py
[2024-09-09 21:04:21,719] {logging_mixin.py:104} INFO - [2024-09-09 21:04:21,719] {dag.py:1824} INFO - Sync 3 DAGs
[2024-09-09 21:04:21,737] {logging_mixin.py:104} INFO - [2024-09-09 21:04:21,737] {dag.py:2280} INFO - Setting next_dagrun for example_subdag_operator to 2024-09-07 00:00:00+00:00
[2024-09-09 21:04:21,738] {logging_mixin.py:104} INFO - [2024-09-09 21:04:21,738] {dag.py:2280} INFO - Setting next_dagrun for example_subdag_operator.section-1 to None
[2024-09-09 21:04:21,738] {logging_mixin.py:104} INFO - [2024-09-09 21:04:21,738] {dag.py:2280} INFO - Setting next_dagrun for example_subdag_operator.section-2 to None
[2024-09-09 21:04:21,745] {logging_mixin.py:104} INFO - [2024-09-09 21:04:21,745] {dag.py:1824} INFO - Sync 2 DAGs
[2024-09-09 21:04:21,752] {logging_mixin.py:104} INFO - [2024-09-09 21:04:21,752] {dag.py:2280} INFO - Setting next_dagrun for example_subdag_operator.section-1 to None
[2024-09-09 21:04:21,753] {logging_mixin.py:104} INFO - [2024-09-09 21:04:21,753] {dag.py:2280} INFO - Setting next_dagrun for example_subdag_operator.section-2 to None
[2024-09-09 21:04:21,759] {scheduler_job.py:190} INFO - Processing /home/airflow/.local/lib/python3.6/site-packages/airflow/example_dags/example_subdag_operator.py took 0.085 seconds
[2024-09-09 21:04:52,028] {scheduler_job.py:182} INFO - Started process (PID=742) to work on /home/airflow/.local/lib/python3.6/site-packages/airflow/example_dags/example_subdag_operator.py
[2024-09-09 21:04:52,029] {scheduler_job.py:629} INFO - Processing file /home/airflow/.local/lib/python3.6/site-packages/airflow/example_dags/example_subdag_operator.py for tasks to queue
[2024-09-09 21:04:52,030] {logging_mixin.py:104} INFO - [2024-09-09 21:04:52,029] {dagbag.py:451} INFO - Filling up the DagBag from /home/airflow/.local/lib/python3.6/site-packages/airflow/example_dags/example_subdag_operator.py
[2024-09-09 21:04:52,062] {scheduler_job.py:639} INFO - DAG(s) dict_keys(['example_subdag_operator.section-1', 'example_subdag_operator.section-2', 'example_subdag_operator']) retrieved from /home/airflow/.local/lib/python3.6/site-packages/airflow/example_dags/example_subdag_operator.py
[2024-09-09 21:04:52,074] {logging_mixin.py:104} INFO - [2024-09-09 21:04:52,074] {dag.py:1824} INFO - Sync 3 DAGs
[2024-09-09 21:04:52,092] {logging_mixin.py:104} INFO - [2024-09-09 21:04:52,092] {dag.py:2280} INFO - Setting next_dagrun for example_subdag_operator to 2024-09-07 00:00:00+00:00
[2024-09-09 21:04:52,093] {logging_mixin.py:104} INFO - [2024-09-09 21:04:52,093] {dag.py:2280} INFO - Setting next_dagrun for example_subdag_operator.section-1 to None
[2024-09-09 21:04:52,093] {logging_mixin.py:104} INFO - [2024-09-09 21:04:52,093] {dag.py:2280} INFO - Setting next_dagrun for example_subdag_operator.section-2 to None
[2024-09-09 21:04:52,101] {logging_mixin.py:104} INFO - [2024-09-09 21:04:52,101] {dag.py:1824} INFO - Sync 2 DAGs
[2024-09-09 21:04:52,109] {logging_mixin.py:104} INFO - [2024-09-09 21:04:52,109] {dag.py:2280} INFO - Setting next_dagrun for example_subdag_operator.section-1 to None
[2024-09-09 21:04:52,109] {logging_mixin.py:104} INFO - [2024-09-09 21:04:52,109] {dag.py:2280} INFO - Setting next_dagrun for example_subdag_operator.section-2 to None
[2024-09-09 21:04:52,116] {scheduler_job.py:190} INFO - Processing /home/airflow/.local/lib/python3.6/site-packages/airflow/example_dags/example_subdag_operator.py took 0.091 seconds
[2024-09-09 21:11:39,112] {scheduler_job.py:182} INFO - Started process (PID=53) to work on /home/airflow/.local/lib/python3.6/site-packages/airflow/example_dags/example_subdag_operator.py
[2024-09-09 21:11:39,113] {scheduler_job.py:629} INFO - Processing file /home/airflow/.local/lib/python3.6/site-packages/airflow/example_dags/example_subdag_operator.py for tasks to queue
[2024-09-09 21:11:39,113] {logging_mixin.py:104} INFO - [2024-09-09 21:11:39,113] {dagbag.py:451} INFO - Filling up the DagBag from /home/airflow/.local/lib/python3.6/site-packages/airflow/example_dags/example_subdag_operator.py
[2024-09-09 21:11:39,141] {scheduler_job.py:639} INFO - DAG(s) dict_keys(['example_subdag_operator.section-1', 'example_subdag_operator.section-2', 'example_subdag_operator']) retrieved from /home/airflow/.local/lib/python3.6/site-packages/airflow/example_dags/example_subdag_operator.py
[2024-09-09 21:11:39,151] {logging_mixin.py:104} INFO - [2024-09-09 21:11:39,151] {dag.py:1824} INFO - Sync 3 DAGs
[2024-09-09 21:11:39,171] {logging_mixin.py:104} INFO - [2024-09-09 21:11:39,171] {dag.py:2280} INFO - Setting next_dagrun for example_subdag_operator to 2024-09-07 00:00:00+00:00
[2024-09-09 21:11:39,171] {logging_mixin.py:104} INFO - [2024-09-09 21:11:39,171] {dag.py:2280} INFO - Setting next_dagrun for example_subdag_operator.section-1 to None
[2024-09-09 21:11:39,172] {logging_mixin.py:104} INFO - [2024-09-09 21:11:39,172] {dag.py:2280} INFO - Setting next_dagrun for example_subdag_operator.section-2 to None
[2024-09-09 21:11:39,179] {logging_mixin.py:104} INFO - [2024-09-09 21:11:39,179] {dag.py:1824} INFO - Sync 2 DAGs
[2024-09-09 21:11:39,186] {logging_mixin.py:104} INFO - [2024-09-09 21:11:39,186] {dag.py:2280} INFO - Setting next_dagrun for example_subdag_operator.section-1 to None
[2024-09-09 21:11:39,186] {logging_mixin.py:104} INFO - [2024-09-09 21:11:39,186] {dag.py:2280} INFO - Setting next_dagrun for example_subdag_operator.section-2 to None
[2024-09-09 21:11:39,192] {scheduler_job.py:190} INFO - Processing /home/airflow/.local/lib/python3.6/site-packages/airflow/example_dags/example_subdag_operator.py took 0.083 seconds
[2024-09-09 21:12:09,645] {scheduler_job.py:182} INFO - Started process (PID=80) to work on /home/airflow/.local/lib/python3.6/site-packages/airflow/example_dags/example_subdag_operator.py
[2024-09-09 21:12:09,647] {scheduler_job.py:629} INFO - Processing file /home/airflow/.local/lib/python3.6/site-packages/airflow/example_dags/example_subdag_operator.py for tasks to queue
[2024-09-09 21:12:09,647] {logging_mixin.py:104} INFO - [2024-09-09 21:12:09,647] {dagbag.py:451} INFO - Filling up the DagBag from /home/airflow/.local/lib/python3.6/site-packages/airflow/example_dags/example_subdag_operator.py
[2024-09-09 21:12:09,683] {scheduler_job.py:639} INFO - DAG(s) dict_keys(['example_subdag_operator.section-1', 'example_subdag_operator.section-2', 'example_subdag_operator']) retrieved from /home/airflow/.local/lib/python3.6/site-packages/airflow/example_dags/example_subdag_operator.py
[2024-09-09 21:12:09,696] {logging_mixin.py:104} INFO - [2024-09-09 21:12:09,696] {dag.py:1824} INFO - Sync 3 DAGs
[2024-09-09 21:12:09,718] {logging_mixin.py:104} INFO - [2024-09-09 21:12:09,717] {dag.py:2280} INFO - Setting next_dagrun for example_subdag_operator to 2024-09-07 00:00:00+00:00
[2024-09-09 21:12:09,719] {logging_mixin.py:104} INFO - [2024-09-09 21:12:09,719] {dag.py:2280} INFO - Setting next_dagrun for example_subdag_operator.section-1 to None
[2024-09-09 21:12:09,719] {logging_mixin.py:104} INFO - [2024-09-09 21:12:09,719] {dag.py:2280} INFO - Setting next_dagrun for example_subdag_operator.section-2 to None
[2024-09-09 21:12:09,727] {logging_mixin.py:104} INFO - [2024-09-09 21:12:09,727] {dag.py:1824} INFO - Sync 2 DAGs
[2024-09-09 21:12:09,737] {logging_mixin.py:104} INFO - [2024-09-09 21:12:09,736] {dag.py:2280} INFO - Setting next_dagrun for example_subdag_operator.section-1 to None
[2024-09-09 21:12:09,737] {logging_mixin.py:104} INFO - [2024-09-09 21:12:09,737] {dag.py:2280} INFO - Setting next_dagrun for example_subdag_operator.section-2 to None
[2024-09-09 21:12:09,746] {scheduler_job.py:190} INFO - Processing /home/airflow/.local/lib/python3.6/site-packages/airflow/example_dags/example_subdag_operator.py took 0.105 seconds
[2024-09-09 21:12:39,820] {scheduler_job.py:182} INFO - Started process (PID=108) to work on /home/airflow/.local/lib/python3.6/site-packages/airflow/example_dags/example_subdag_operator.py
[2024-09-09 21:12:39,822] {scheduler_job.py:629} INFO - Processing file /home/airflow/.local/lib/python3.6/site-packages/airflow/example_dags/example_subdag_operator.py for tasks to queue
[2024-09-09 21:12:39,822] {logging_mixin.py:104} INFO - [2024-09-09 21:12:39,822] {dagbag.py:451} INFO - Filling up the DagBag from /home/airflow/.local/lib/python3.6/site-packages/airflow/example_dags/example_subdag_operator.py
[2024-09-09 21:12:39,849] {scheduler_job.py:639} INFO - DAG(s) dict_keys(['example_subdag_operator.section-1', 'example_subdag_operator.section-2', 'example_subdag_operator']) retrieved from /home/airflow/.local/lib/python3.6/site-packages/airflow/example_dags/example_subdag_operator.py
[2024-09-09 21:12:39,859] {logging_mixin.py:104} INFO - [2024-09-09 21:12:39,859] {dag.py:1824} INFO - Sync 3 DAGs
[2024-09-09 21:12:39,876] {logging_mixin.py:104} INFO - [2024-09-09 21:12:39,876] {dag.py:2280} INFO - Setting next_dagrun for example_subdag_operator to 2024-09-07 00:00:00+00:00
[2024-09-09 21:12:39,877] {logging_mixin.py:104} INFO - [2024-09-09 21:12:39,877] {dag.py:2280} INFO - Setting next_dagrun for example_subdag_operator.section-1 to None
[2024-09-09 21:12:39,877] {logging_mixin.py:104} INFO - [2024-09-09 21:12:39,877] {dag.py:2280} INFO - Setting next_dagrun for example_subdag_operator.section-2 to None
[2024-09-09 21:12:39,884] {logging_mixin.py:104} INFO - [2024-09-09 21:12:39,884] {dag.py:1824} INFO - Sync 2 DAGs
[2024-09-09 21:12:39,891] {logging_mixin.py:104} INFO - [2024-09-09 21:12:39,891] {dag.py:2280} INFO - Setting next_dagrun for example_subdag_operator.section-1 to None
[2024-09-09 21:12:39,891] {logging_mixin.py:104} INFO - [2024-09-09 21:12:39,891] {dag.py:2280} INFO - Setting next_dagrun for example_subdag_operator.section-2 to None
[2024-09-09 21:12:39,899] {scheduler_job.py:190} INFO - Processing /home/airflow/.local/lib/python3.6/site-packages/airflow/example_dags/example_subdag_operator.py took 0.082 seconds
[2024-09-09 21:13:10,237] {scheduler_job.py:182} INFO - Started process (PID=137) to work on /home/airflow/.local/lib/python3.6/site-packages/airflow/example_dags/example_subdag_operator.py
[2024-09-09 21:13:10,238] {scheduler_job.py:629} INFO - Processing file /home/airflow/.local/lib/python3.6/site-packages/airflow/example_dags/example_subdag_operator.py for tasks to queue
[2024-09-09 21:13:10,239] {logging_mixin.py:104} INFO - [2024-09-09 21:13:10,239] {dagbag.py:451} INFO - Filling up the DagBag from /home/airflow/.local/lib/python3.6/site-packages/airflow/example_dags/example_subdag_operator.py
[2024-09-09 21:13:10,274] {scheduler_job.py:639} INFO - DAG(s) dict_keys(['example_subdag_operator.section-1', 'example_subdag_operator.section-2', 'example_subdag_operator']) retrieved from /home/airflow/.local/lib/python3.6/site-packages/airflow/example_dags/example_subdag_operator.py
[2024-09-09 21:13:10,286] {logging_mixin.py:104} INFO - [2024-09-09 21:13:10,286] {dag.py:1824} INFO - Sync 3 DAGs
[2024-09-09 21:13:10,306] {logging_mixin.py:104} INFO - [2024-09-09 21:13:10,306] {dag.py:2280} INFO - Setting next_dagrun for example_subdag_operator to 2024-09-07 00:00:00+00:00
[2024-09-09 21:13:10,307] {logging_mixin.py:104} INFO - [2024-09-09 21:13:10,307] {dag.py:2280} INFO - Setting next_dagrun for example_subdag_operator.section-1 to None
[2024-09-09 21:13:10,307] {logging_mixin.py:104} INFO - [2024-09-09 21:13:10,307] {dag.py:2280} INFO - Setting next_dagrun for example_subdag_operator.section-2 to None
[2024-09-09 21:13:10,315] {logging_mixin.py:104} INFO - [2024-09-09 21:13:10,315] {dag.py:1824} INFO - Sync 2 DAGs
[2024-09-09 21:13:10,324] {logging_mixin.py:104} INFO - [2024-09-09 21:13:10,324] {dag.py:2280} INFO - Setting next_dagrun for example_subdag_operator.section-1 to None
[2024-09-09 21:13:10,325] {logging_mixin.py:104} INFO - [2024-09-09 21:13:10,325] {dag.py:2280} INFO - Setting next_dagrun for example_subdag_operator.section-2 to None
[2024-09-09 21:13:10,331] {scheduler_job.py:190} INFO - Processing /home/airflow/.local/lib/python3.6/site-packages/airflow/example_dags/example_subdag_operator.py took 0.097 seconds
[2024-09-09 21:13:40,567] {scheduler_job.py:182} INFO - Started process (PID=164) to work on /home/airflow/.local/lib/python3.6/site-packages/airflow/example_dags/example_subdag_operator.py
[2024-09-09 21:13:40,568] {scheduler_job.py:629} INFO - Processing file /home/airflow/.local/lib/python3.6/site-packages/airflow/example_dags/example_subdag_operator.py for tasks to queue
[2024-09-09 21:13:40,569] {logging_mixin.py:104} INFO - [2024-09-09 21:13:40,569] {dagbag.py:451} INFO - Filling up the DagBag from /home/airflow/.local/lib/python3.6/site-packages/airflow/example_dags/example_subdag_operator.py
[2024-09-09 21:13:40,598] {scheduler_job.py:639} INFO - DAG(s) dict_keys(['example_subdag_operator.section-1', 'example_subdag_operator.section-2', 'example_subdag_operator']) retrieved from /home/airflow/.local/lib/python3.6/site-packages/airflow/example_dags/example_subdag_operator.py
[2024-09-09 21:13:40,615] {logging_mixin.py:104} INFO - [2024-09-09 21:13:40,614] {dag.py:1824} INFO - Sync 3 DAGs
[2024-09-09 21:13:40,631] {logging_mixin.py:104} INFO - [2024-09-09 21:13:40,631] {dag.py:2280} INFO - Setting next_dagrun for example_subdag_operator to 2024-09-07 00:00:00+00:00
[2024-09-09 21:13:40,632] {logging_mixin.py:104} INFO - [2024-09-09 21:13:40,632] {dag.py:2280} INFO - Setting next_dagrun for example_subdag_operator.section-1 to None
[2024-09-09 21:13:40,632] {logging_mixin.py:104} INFO - [2024-09-09 21:13:40,632] {dag.py:2280} INFO - Setting next_dagrun for example_subdag_operator.section-2 to None
[2024-09-09 21:13:40,640] {logging_mixin.py:104} INFO - [2024-09-09 21:13:40,640] {dag.py:1824} INFO - Sync 2 DAGs
[2024-09-09 21:13:40,650] {logging_mixin.py:104} INFO - [2024-09-09 21:13:40,650] {dag.py:2280} INFO - Setting next_dagrun for example_subdag_operator.section-1 to None
[2024-09-09 21:13:40,650] {logging_mixin.py:104} INFO - [2024-09-09 21:13:40,650] {dag.py:2280} INFO - Setting next_dagrun for example_subdag_operator.section-2 to None
[2024-09-09 21:13:40,657] {scheduler_job.py:190} INFO - Processing /home/airflow/.local/lib/python3.6/site-packages/airflow/example_dags/example_subdag_operator.py took 0.093 seconds
[2024-09-09 21:14:11,128] {scheduler_job.py:182} INFO - Started process (PID=188) to work on /home/airflow/.local/lib/python3.6/site-packages/airflow/example_dags/example_subdag_operator.py
[2024-09-09 21:14:11,129] {scheduler_job.py:629} INFO - Processing file /home/airflow/.local/lib/python3.6/site-packages/airflow/example_dags/example_subdag_operator.py for tasks to queue
[2024-09-09 21:14:11,130] {logging_mixin.py:104} INFO - [2024-09-09 21:14:11,130] {dagbag.py:451} INFO - Filling up the DagBag from /home/airflow/.local/lib/python3.6/site-packages/airflow/example_dags/example_subdag_operator.py
[2024-09-09 21:14:11,164] {scheduler_job.py:639} INFO - DAG(s) dict_keys(['example_subdag_operator.section-1', 'example_subdag_operator.section-2', 'example_subdag_operator']) retrieved from /home/airflow/.local/lib/python3.6/site-packages/airflow/example_dags/example_subdag_operator.py
[2024-09-09 21:14:11,181] {logging_mixin.py:104} INFO - [2024-09-09 21:14:11,181] {dag.py:1824} INFO - Sync 3 DAGs
[2024-09-09 21:14:11,199] {logging_mixin.py:104} INFO - [2024-09-09 21:14:11,199] {dag.py:2280} INFO - Setting next_dagrun for example_subdag_operator to 2024-09-07 00:00:00+00:00
[2024-09-09 21:14:11,200] {logging_mixin.py:104} INFO - [2024-09-09 21:14:11,200] {dag.py:2280} INFO - Setting next_dagrun for example_subdag_operator.section-1 to None
[2024-09-09 21:14:11,200] {logging_mixin.py:104} INFO - [2024-09-09 21:14:11,200] {dag.py:2280} INFO - Setting next_dagrun for example_subdag_operator.section-2 to None
[2024-09-09 21:14:11,209] {logging_mixin.py:104} INFO - [2024-09-09 21:14:11,208] {dag.py:1824} INFO - Sync 2 DAGs
[2024-09-09 21:14:11,216] {logging_mixin.py:104} INFO - [2024-09-09 21:14:11,216] {dag.py:2280} INFO - Setting next_dagrun for example_subdag_operator.section-1 to None
[2024-09-09 21:14:11,216] {logging_mixin.py:104} INFO - [2024-09-09 21:14:11,216] {dag.py:2280} INFO - Setting next_dagrun for example_subdag_operator.section-2 to None
[2024-09-09 21:14:11,223] {scheduler_job.py:190} INFO - Processing /home/airflow/.local/lib/python3.6/site-packages/airflow/example_dags/example_subdag_operator.py took 0.099 seconds
[2024-09-09 21:14:41,372] {scheduler_job.py:182} INFO - Started process (PID=214) to work on /home/airflow/.local/lib/python3.6/site-packages/airflow/example_dags/example_subdag_operator.py
[2024-09-09 21:14:41,373] {scheduler_job.py:629} INFO - Processing file /home/airflow/.local/lib/python3.6/site-packages/airflow/example_dags/example_subdag_operator.py for tasks to queue
[2024-09-09 21:14:41,374] {logging_mixin.py:104} INFO - [2024-09-09 21:14:41,374] {dagbag.py:451} INFO - Filling up the DagBag from /home/airflow/.local/lib/python3.6/site-packages/airflow/example_dags/example_subdag_operator.py
[2024-09-09 21:14:41,406] {scheduler_job.py:639} INFO - DAG(s) dict_keys(['example_subdag_operator.section-1', 'example_subdag_operator.section-2', 'example_subdag_operator']) retrieved from /home/airflow/.local/lib/python3.6/site-packages/airflow/example_dags/example_subdag_operator.py
[2024-09-09 21:14:41,423] {logging_mixin.py:104} INFO - [2024-09-09 21:14:41,423] {dag.py:1824} INFO - Sync 3 DAGs
[2024-09-09 21:14:41,439] {logging_mixin.py:104} INFO - [2024-09-09 21:14:41,439] {dag.py:2280} INFO - Setting next_dagrun for example_subdag_operator to 2024-09-07 00:00:00+00:00
[2024-09-09 21:14:41,440] {logging_mixin.py:104} INFO - [2024-09-09 21:14:41,440] {dag.py:2280} INFO - Setting next_dagrun for example_subdag_operator.section-1 to None
[2024-09-09 21:14:41,440] {logging_mixin.py:104} INFO - [2024-09-09 21:14:41,440] {dag.py:2280} INFO - Setting next_dagrun for example_subdag_operator.section-2 to None
[2024-09-09 21:14:41,448] {logging_mixin.py:104} INFO - [2024-09-09 21:14:41,448] {dag.py:1824} INFO - Sync 2 DAGs
[2024-09-09 21:14:41,457] {logging_mixin.py:104} INFO - [2024-09-09 21:14:41,457] {dag.py:2280} INFO - Setting next_dagrun for example_subdag_operator.section-1 to None
[2024-09-09 21:14:41,457] {logging_mixin.py:104} INFO - [2024-09-09 21:14:41,457] {dag.py:2280} INFO - Setting next_dagrun for example_subdag_operator.section-2 to None
[2024-09-09 21:14:41,464] {scheduler_job.py:190} INFO - Processing /home/airflow/.local/lib/python3.6/site-packages/airflow/example_dags/example_subdag_operator.py took 0.095 seconds
