[2024-09-09 09:52:25,927] {scheduler_job.py:182} INFO - Started process (PID=34) to work on /home/airflow/.local/lib/python3.6/site-packages/airflow/example_dags/example_external_task_marker_dag.py
[2024-09-09 09:52:25,931] {scheduler_job.py:629} INFO - Processing file /home/airflow/.local/lib/python3.6/site-packages/airflow/example_dags/example_external_task_marker_dag.py for tasks to queue
[2024-09-09 09:52:25,932] {logging_mixin.py:104} INFO - [2024-09-09 09:52:25,932] {dagbag.py:451} INFO - Filling up the DagBag from /home/airflow/.local/lib/python3.6/site-packages/airflow/example_dags/example_external_task_marker_dag.py
[2024-09-09 09:52:25,956] {scheduler_job.py:639} INFO - DAG(s) dict_keys(['example_external_task_marker_parent', 'example_external_task_marker_child']) retrieved from /home/airflow/.local/lib/python3.6/site-packages/airflow/example_dags/example_external_task_marker_dag.py
[2024-09-09 09:52:26,012] {logging_mixin.py:104} INFO - [2024-09-09 09:52:26,012] {dag.py:1824} INFO - Sync 2 DAGs
[2024-09-09 09:52:26,027] {logging_mixin.py:104} INFO - [2024-09-09 09:52:26,027] {dag.py:1843} INFO - Creating ORM DAG for example_external_task_marker_parent
[2024-09-09 09:52:26,027] {logging_mixin.py:104} INFO - [2024-09-09 09:52:26,027] {dag.py:1843} INFO - Creating ORM DAG for example_external_task_marker_child
[2024-09-09 09:52:26,038] {logging_mixin.py:104} INFO - [2024-09-09 09:52:26,038] {dag.py:2280} INFO - Setting next_dagrun for example_external_task_marker_child to None
[2024-09-09 09:52:26,039] {logging_mixin.py:104} INFO - [2024-09-09 09:52:26,039] {dag.py:2280} INFO - Setting next_dagrun for example_external_task_marker_parent to None
[2024-09-09 09:52:26,071] {scheduler_job.py:190} INFO - Processing /home/airflow/.local/lib/python3.6/site-packages/airflow/example_dags/example_external_task_marker_dag.py took 0.151 seconds
[2024-09-09 09:52:56,116] {scheduler_job.py:182} INFO - Started process (PID=63) to work on /home/airflow/.local/lib/python3.6/site-packages/airflow/example_dags/example_external_task_marker_dag.py
[2024-09-09 09:52:56,117] {scheduler_job.py:629} INFO - Processing file /home/airflow/.local/lib/python3.6/site-packages/airflow/example_dags/example_external_task_marker_dag.py for tasks to queue
[2024-09-09 09:52:56,117] {logging_mixin.py:104} INFO - [2024-09-09 09:52:56,117] {dagbag.py:451} INFO - Filling up the DagBag from /home/airflow/.local/lib/python3.6/site-packages/airflow/example_dags/example_external_task_marker_dag.py
[2024-09-09 09:52:56,130] {scheduler_job.py:639} INFO - DAG(s) dict_keys(['example_external_task_marker_parent', 'example_external_task_marker_child']) retrieved from /home/airflow/.local/lib/python3.6/site-packages/airflow/example_dags/example_external_task_marker_dag.py
[2024-09-09 09:52:56,161] {logging_mixin.py:104} INFO - [2024-09-09 09:52:56,160] {dag.py:1824} INFO - Sync 2 DAGs
[2024-09-09 09:52:56,177] {logging_mixin.py:104} INFO - [2024-09-09 09:52:56,177] {dag.py:2280} INFO - Setting next_dagrun for example_external_task_marker_child to None
[2024-09-09 09:52:56,178] {logging_mixin.py:104} INFO - [2024-09-09 09:52:56,178] {dag.py:2280} INFO - Setting next_dagrun for example_external_task_marker_parent to None
[2024-09-09 09:52:56,191] {scheduler_job.py:190} INFO - Processing /home/airflow/.local/lib/python3.6/site-packages/airflow/example_dags/example_external_task_marker_dag.py took 0.078 seconds
[2024-09-09 20:51:42,381] {scheduler_job.py:182} INFO - Started process (PID=50) to work on /home/airflow/.local/lib/python3.6/site-packages/airflow/example_dags/example_external_task_marker_dag.py
[2024-09-09 20:51:42,383] {scheduler_job.py:629} INFO - Processing file /home/airflow/.local/lib/python3.6/site-packages/airflow/example_dags/example_external_task_marker_dag.py for tasks to queue
[2024-09-09 20:51:42,384] {logging_mixin.py:104} INFO - [2024-09-09 20:51:42,383] {dagbag.py:451} INFO - Filling up the DagBag from /home/airflow/.local/lib/python3.6/site-packages/airflow/example_dags/example_external_task_marker_dag.py
[2024-09-09 20:51:42,402] {scheduler_job.py:639} INFO - DAG(s) dict_keys(['example_external_task_marker_parent', 'example_external_task_marker_child']) retrieved from /home/airflow/.local/lib/python3.6/site-packages/airflow/example_dags/example_external_task_marker_dag.py
[2024-09-09 20:51:42,435] {logging_mixin.py:104} INFO - [2024-09-09 20:51:42,435] {dag.py:1824} INFO - Sync 2 DAGs
[2024-09-09 20:51:42,457] {logging_mixin.py:104} INFO - [2024-09-09 20:51:42,457] {dag.py:2280} INFO - Setting next_dagrun for example_external_task_marker_child to None
[2024-09-09 20:51:42,458] {logging_mixin.py:104} INFO - [2024-09-09 20:51:42,458] {dag.py:2280} INFO - Setting next_dagrun for example_external_task_marker_parent to None
[2024-09-09 20:51:42,474] {scheduler_job.py:190} INFO - Processing /home/airflow/.local/lib/python3.6/site-packages/airflow/example_dags/example_external_task_marker_dag.py took 0.097 seconds
[2024-09-09 20:52:12,807] {scheduler_job.py:182} INFO - Started process (PID=76) to work on /home/airflow/.local/lib/python3.6/site-packages/airflow/example_dags/example_external_task_marker_dag.py
[2024-09-09 20:52:12,808] {scheduler_job.py:629} INFO - Processing file /home/airflow/.local/lib/python3.6/site-packages/airflow/example_dags/example_external_task_marker_dag.py for tasks to queue
[2024-09-09 20:52:12,809] {logging_mixin.py:104} INFO - [2024-09-09 20:52:12,809] {dagbag.py:451} INFO - Filling up the DagBag from /home/airflow/.local/lib/python3.6/site-packages/airflow/example_dags/example_external_task_marker_dag.py
[2024-09-09 20:52:12,822] {scheduler_job.py:639} INFO - DAG(s) dict_keys(['example_external_task_marker_parent', 'example_external_task_marker_child']) retrieved from /home/airflow/.local/lib/python3.6/site-packages/airflow/example_dags/example_external_task_marker_dag.py
[2024-09-09 20:52:12,849] {logging_mixin.py:104} INFO - [2024-09-09 20:52:12,849] {dag.py:1824} INFO - Sync 2 DAGs
[2024-09-09 20:52:12,867] {logging_mixin.py:104} INFO - [2024-09-09 20:52:12,867] {dag.py:2280} INFO - Setting next_dagrun for example_external_task_marker_child to None
[2024-09-09 20:52:12,868] {logging_mixin.py:104} INFO - [2024-09-09 20:52:12,868] {dag.py:2280} INFO - Setting next_dagrun for example_external_task_marker_parent to None
[2024-09-09 20:52:12,880] {scheduler_job.py:190} INFO - Processing /home/airflow/.local/lib/python3.6/site-packages/airflow/example_dags/example_external_task_marker_dag.py took 0.077 seconds
[2024-09-09 20:52:43,174] {scheduler_job.py:182} INFO - Started process (PID=103) to work on /home/airflow/.local/lib/python3.6/site-packages/airflow/example_dags/example_external_task_marker_dag.py
[2024-09-09 20:52:43,175] {scheduler_job.py:629} INFO - Processing file /home/airflow/.local/lib/python3.6/site-packages/airflow/example_dags/example_external_task_marker_dag.py for tasks to queue
[2024-09-09 20:52:43,176] {logging_mixin.py:104} INFO - [2024-09-09 20:52:43,176] {dagbag.py:451} INFO - Filling up the DagBag from /home/airflow/.local/lib/python3.6/site-packages/airflow/example_dags/example_external_task_marker_dag.py
[2024-09-09 20:52:43,187] {scheduler_job.py:639} INFO - DAG(s) dict_keys(['example_external_task_marker_parent', 'example_external_task_marker_child']) retrieved from /home/airflow/.local/lib/python3.6/site-packages/airflow/example_dags/example_external_task_marker_dag.py
[2024-09-09 20:52:43,213] {logging_mixin.py:104} INFO - [2024-09-09 20:52:43,213] {dag.py:1824} INFO - Sync 2 DAGs
[2024-09-09 20:52:43,234] {logging_mixin.py:104} INFO - [2024-09-09 20:52:43,234] {dag.py:2280} INFO - Setting next_dagrun for example_external_task_marker_child to None
[2024-09-09 20:52:43,235] {logging_mixin.py:104} INFO - [2024-09-09 20:52:43,235] {dag.py:2280} INFO - Setting next_dagrun for example_external_task_marker_parent to None
[2024-09-09 20:52:43,245] {scheduler_job.py:190} INFO - Processing /home/airflow/.local/lib/python3.6/site-packages/airflow/example_dags/example_external_task_marker_dag.py took 0.073 seconds
[2024-09-09 20:53:13,648] {scheduler_job.py:182} INFO - Started process (PID=133) to work on /home/airflow/.local/lib/python3.6/site-packages/airflow/example_dags/example_external_task_marker_dag.py
[2024-09-09 20:53:13,649] {scheduler_job.py:629} INFO - Processing file /home/airflow/.local/lib/python3.6/site-packages/airflow/example_dags/example_external_task_marker_dag.py for tasks to queue
[2024-09-09 20:53:13,650] {logging_mixin.py:104} INFO - [2024-09-09 20:53:13,650] {dagbag.py:451} INFO - Filling up the DagBag from /home/airflow/.local/lib/python3.6/site-packages/airflow/example_dags/example_external_task_marker_dag.py
[2024-09-09 20:53:13,665] {scheduler_job.py:639} INFO - DAG(s) dict_keys(['example_external_task_marker_parent', 'example_external_task_marker_child']) retrieved from /home/airflow/.local/lib/python3.6/site-packages/airflow/example_dags/example_external_task_marker_dag.py
[2024-09-09 20:53:13,692] {logging_mixin.py:104} INFO - [2024-09-09 20:53:13,692] {dag.py:1824} INFO - Sync 2 DAGs
[2024-09-09 20:53:13,711] {logging_mixin.py:104} INFO - [2024-09-09 20:53:13,711] {dag.py:2280} INFO - Setting next_dagrun for example_external_task_marker_child to None
[2024-09-09 20:53:13,712] {logging_mixin.py:104} INFO - [2024-09-09 20:53:13,712] {dag.py:2280} INFO - Setting next_dagrun for example_external_task_marker_parent to None
[2024-09-09 20:53:13,722] {scheduler_job.py:190} INFO - Processing /home/airflow/.local/lib/python3.6/site-packages/airflow/example_dags/example_external_task_marker_dag.py took 0.078 seconds
[2024-09-09 20:53:43,776] {scheduler_job.py:182} INFO - Started process (PID=153) to work on /home/airflow/.local/lib/python3.6/site-packages/airflow/example_dags/example_external_task_marker_dag.py
[2024-09-09 20:53:43,777] {scheduler_job.py:629} INFO - Processing file /home/airflow/.local/lib/python3.6/site-packages/airflow/example_dags/example_external_task_marker_dag.py for tasks to queue
[2024-09-09 20:53:43,778] {logging_mixin.py:104} INFO - [2024-09-09 20:53:43,778] {dagbag.py:451} INFO - Filling up the DagBag from /home/airflow/.local/lib/python3.6/site-packages/airflow/example_dags/example_external_task_marker_dag.py
[2024-09-09 20:53:43,791] {scheduler_job.py:639} INFO - DAG(s) dict_keys(['example_external_task_marker_parent', 'example_external_task_marker_child']) retrieved from /home/airflow/.local/lib/python3.6/site-packages/airflow/example_dags/example_external_task_marker_dag.py
[2024-09-09 20:53:43,822] {logging_mixin.py:104} INFO - [2024-09-09 20:53:43,822] {dag.py:1824} INFO - Sync 2 DAGs
[2024-09-09 20:53:43,838] {logging_mixin.py:104} INFO - [2024-09-09 20:53:43,838] {dag.py:2280} INFO - Setting next_dagrun for example_external_task_marker_child to None
[2024-09-09 20:53:43,839] {logging_mixin.py:104} INFO - [2024-09-09 20:53:43,839] {dag.py:2280} INFO - Setting next_dagrun for example_external_task_marker_parent to None
[2024-09-09 20:53:43,850] {scheduler_job.py:190} INFO - Processing /home/airflow/.local/lib/python3.6/site-packages/airflow/example_dags/example_external_task_marker_dag.py took 0.079 seconds
[2024-09-09 20:54:14,099] {scheduler_job.py:182} INFO - Started process (PID=177) to work on /home/airflow/.local/lib/python3.6/site-packages/airflow/example_dags/example_external_task_marker_dag.py
[2024-09-09 20:54:14,100] {scheduler_job.py:629} INFO - Processing file /home/airflow/.local/lib/python3.6/site-packages/airflow/example_dags/example_external_task_marker_dag.py for tasks to queue
[2024-09-09 20:54:14,101] {logging_mixin.py:104} INFO - [2024-09-09 20:54:14,101] {dagbag.py:451} INFO - Filling up the DagBag from /home/airflow/.local/lib/python3.6/site-packages/airflow/example_dags/example_external_task_marker_dag.py
[2024-09-09 20:54:14,112] {scheduler_job.py:639} INFO - DAG(s) dict_keys(['example_external_task_marker_parent', 'example_external_task_marker_child']) retrieved from /home/airflow/.local/lib/python3.6/site-packages/airflow/example_dags/example_external_task_marker_dag.py
[2024-09-09 20:54:14,141] {logging_mixin.py:104} INFO - [2024-09-09 20:54:14,141] {dag.py:1824} INFO - Sync 2 DAGs
[2024-09-09 20:54:14,158] {logging_mixin.py:104} INFO - [2024-09-09 20:54:14,158] {dag.py:2280} INFO - Setting next_dagrun for example_external_task_marker_child to None
[2024-09-09 20:54:14,159] {logging_mixin.py:104} INFO - [2024-09-09 20:54:14,159] {dag.py:2280} INFO - Setting next_dagrun for example_external_task_marker_parent to None
[2024-09-09 20:54:14,170] {scheduler_job.py:190} INFO - Processing /home/airflow/.local/lib/python3.6/site-packages/airflow/example_dags/example_external_task_marker_dag.py took 0.075 seconds
[2024-09-09 20:54:44,530] {scheduler_job.py:182} INFO - Started process (PID=204) to work on /home/airflow/.local/lib/python3.6/site-packages/airflow/example_dags/example_external_task_marker_dag.py
[2024-09-09 20:54:44,531] {scheduler_job.py:629} INFO - Processing file /home/airflow/.local/lib/python3.6/site-packages/airflow/example_dags/example_external_task_marker_dag.py for tasks to queue
[2024-09-09 20:54:44,532] {logging_mixin.py:104} INFO - [2024-09-09 20:54:44,532] {dagbag.py:451} INFO - Filling up the DagBag from /home/airflow/.local/lib/python3.6/site-packages/airflow/example_dags/example_external_task_marker_dag.py
[2024-09-09 20:54:44,544] {scheduler_job.py:639} INFO - DAG(s) dict_keys(['example_external_task_marker_parent', 'example_external_task_marker_child']) retrieved from /home/airflow/.local/lib/python3.6/site-packages/airflow/example_dags/example_external_task_marker_dag.py
[2024-09-09 20:54:44,578] {logging_mixin.py:104} INFO - [2024-09-09 20:54:44,578] {dag.py:1824} INFO - Sync 2 DAGs
[2024-09-09 20:54:44,595] {logging_mixin.py:104} INFO - [2024-09-09 20:54:44,595] {dag.py:2280} INFO - Setting next_dagrun for example_external_task_marker_child to None
[2024-09-09 20:54:44,596] {logging_mixin.py:104} INFO - [2024-09-09 20:54:44,596] {dag.py:2280} INFO - Setting next_dagrun for example_external_task_marker_parent to None
[2024-09-09 20:54:44,609] {scheduler_job.py:190} INFO - Processing /home/airflow/.local/lib/python3.6/site-packages/airflow/example_dags/example_external_task_marker_dag.py took 0.082 seconds
[2024-09-09 20:55:14,954] {scheduler_job.py:182} INFO - Started process (PID=230) to work on /home/airflow/.local/lib/python3.6/site-packages/airflow/example_dags/example_external_task_marker_dag.py
[2024-09-09 20:55:14,955] {scheduler_job.py:629} INFO - Processing file /home/airflow/.local/lib/python3.6/site-packages/airflow/example_dags/example_external_task_marker_dag.py for tasks to queue
[2024-09-09 20:55:14,956] {logging_mixin.py:104} INFO - [2024-09-09 20:55:14,956] {dagbag.py:451} INFO - Filling up the DagBag from /home/airflow/.local/lib/python3.6/site-packages/airflow/example_dags/example_external_task_marker_dag.py
[2024-09-09 20:55:14,968] {scheduler_job.py:639} INFO - DAG(s) dict_keys(['example_external_task_marker_parent', 'example_external_task_marker_child']) retrieved from /home/airflow/.local/lib/python3.6/site-packages/airflow/example_dags/example_external_task_marker_dag.py
[2024-09-09 20:55:14,997] {logging_mixin.py:104} INFO - [2024-09-09 20:55:14,997] {dag.py:1824} INFO - Sync 2 DAGs
[2024-09-09 20:55:15,015] {logging_mixin.py:104} INFO - [2024-09-09 20:55:15,015] {dag.py:2280} INFO - Setting next_dagrun for example_external_task_marker_child to None
[2024-09-09 20:55:15,016] {logging_mixin.py:104} INFO - [2024-09-09 20:55:15,016] {dag.py:2280} INFO - Setting next_dagrun for example_external_task_marker_parent to None
[2024-09-09 20:55:15,025] {scheduler_job.py:190} INFO - Processing /home/airflow/.local/lib/python3.6/site-packages/airflow/example_dags/example_external_task_marker_dag.py took 0.074 seconds
[2024-09-09 20:55:45,352] {scheduler_job.py:182} INFO - Started process (PID=257) to work on /home/airflow/.local/lib/python3.6/site-packages/airflow/example_dags/example_external_task_marker_dag.py
[2024-09-09 20:55:45,353] {scheduler_job.py:629} INFO - Processing file /home/airflow/.local/lib/python3.6/site-packages/airflow/example_dags/example_external_task_marker_dag.py for tasks to queue
[2024-09-09 20:55:45,353] {logging_mixin.py:104} INFO - [2024-09-09 20:55:45,353] {dagbag.py:451} INFO - Filling up the DagBag from /home/airflow/.local/lib/python3.6/site-packages/airflow/example_dags/example_external_task_marker_dag.py
[2024-09-09 20:55:45,365] {scheduler_job.py:639} INFO - DAG(s) dict_keys(['example_external_task_marker_parent', 'example_external_task_marker_child']) retrieved from /home/airflow/.local/lib/python3.6/site-packages/airflow/example_dags/example_external_task_marker_dag.py
[2024-09-09 20:55:45,393] {logging_mixin.py:104} INFO - [2024-09-09 20:55:45,393] {dag.py:1824} INFO - Sync 2 DAGs
[2024-09-09 20:55:45,410] {logging_mixin.py:104} INFO - [2024-09-09 20:55:45,410] {dag.py:2280} INFO - Setting next_dagrun for example_external_task_marker_child to None
[2024-09-09 20:55:45,411] {logging_mixin.py:104} INFO - [2024-09-09 20:55:45,411] {dag.py:2280} INFO - Setting next_dagrun for example_external_task_marker_parent to None
[2024-09-09 20:55:45,420] {scheduler_job.py:190} INFO - Processing /home/airflow/.local/lib/python3.6/site-packages/airflow/example_dags/example_external_task_marker_dag.py took 0.071 seconds
[2024-09-09 20:56:15,684] {scheduler_job.py:182} INFO - Started process (PID=284) to work on /home/airflow/.local/lib/python3.6/site-packages/airflow/example_dags/example_external_task_marker_dag.py
[2024-09-09 20:56:15,685] {scheduler_job.py:629} INFO - Processing file /home/airflow/.local/lib/python3.6/site-packages/airflow/example_dags/example_external_task_marker_dag.py for tasks to queue
[2024-09-09 20:56:15,685] {logging_mixin.py:104} INFO - [2024-09-09 20:56:15,685] {dagbag.py:451} INFO - Filling up the DagBag from /home/airflow/.local/lib/python3.6/site-packages/airflow/example_dags/example_external_task_marker_dag.py
[2024-09-09 20:56:15,696] {scheduler_job.py:639} INFO - DAG(s) dict_keys(['example_external_task_marker_parent', 'example_external_task_marker_child']) retrieved from /home/airflow/.local/lib/python3.6/site-packages/airflow/example_dags/example_external_task_marker_dag.py
[2024-09-09 20:56:15,726] {logging_mixin.py:104} INFO - [2024-09-09 20:56:15,726] {dag.py:1824} INFO - Sync 2 DAGs
[2024-09-09 20:56:15,743] {logging_mixin.py:104} INFO - [2024-09-09 20:56:15,743] {dag.py:2280} INFO - Setting next_dagrun for example_external_task_marker_child to None
[2024-09-09 20:56:15,744] {logging_mixin.py:104} INFO - [2024-09-09 20:56:15,744] {dag.py:2280} INFO - Setting next_dagrun for example_external_task_marker_parent to None
[2024-09-09 20:56:15,757] {scheduler_job.py:190} INFO - Processing /home/airflow/.local/lib/python3.6/site-packages/airflow/example_dags/example_external_task_marker_dag.py took 0.076 seconds
[2024-09-09 20:56:46,178] {scheduler_job.py:182} INFO - Started process (PID=313) to work on /home/airflow/.local/lib/python3.6/site-packages/airflow/example_dags/example_external_task_marker_dag.py
[2024-09-09 20:56:46,179] {scheduler_job.py:629} INFO - Processing file /home/airflow/.local/lib/python3.6/site-packages/airflow/example_dags/example_external_task_marker_dag.py for tasks to queue
[2024-09-09 20:56:46,179] {logging_mixin.py:104} INFO - [2024-09-09 20:56:46,179] {dagbag.py:451} INFO - Filling up the DagBag from /home/airflow/.local/lib/python3.6/site-packages/airflow/example_dags/example_external_task_marker_dag.py
[2024-09-09 20:56:46,194] {scheduler_job.py:639} INFO - DAG(s) dict_keys(['example_external_task_marker_parent', 'example_external_task_marker_child']) retrieved from /home/airflow/.local/lib/python3.6/site-packages/airflow/example_dags/example_external_task_marker_dag.py
[2024-09-09 20:56:46,224] {logging_mixin.py:104} INFO - [2024-09-09 20:56:46,223] {dag.py:1824} INFO - Sync 2 DAGs
[2024-09-09 20:56:46,240] {logging_mixin.py:104} INFO - [2024-09-09 20:56:46,240] {dag.py:2280} INFO - Setting next_dagrun for example_external_task_marker_child to None
[2024-09-09 20:56:46,241] {logging_mixin.py:104} INFO - [2024-09-09 20:56:46,241] {dag.py:2280} INFO - Setting next_dagrun for example_external_task_marker_parent to None
[2024-09-09 20:56:46,252] {scheduler_job.py:190} INFO - Processing /home/airflow/.local/lib/python3.6/site-packages/airflow/example_dags/example_external_task_marker_dag.py took 0.078 seconds
[2024-09-09 20:57:16,623] {scheduler_job.py:182} INFO - Started process (PID=340) to work on /home/airflow/.local/lib/python3.6/site-packages/airflow/example_dags/example_external_task_marker_dag.py
[2024-09-09 20:57:16,624] {scheduler_job.py:629} INFO - Processing file /home/airflow/.local/lib/python3.6/site-packages/airflow/example_dags/example_external_task_marker_dag.py for tasks to queue
[2024-09-09 20:57:16,624] {logging_mixin.py:104} INFO - [2024-09-09 20:57:16,624] {dagbag.py:451} INFO - Filling up the DagBag from /home/airflow/.local/lib/python3.6/site-packages/airflow/example_dags/example_external_task_marker_dag.py
[2024-09-09 20:57:16,638] {scheduler_job.py:639} INFO - DAG(s) dict_keys(['example_external_task_marker_parent', 'example_external_task_marker_child']) retrieved from /home/airflow/.local/lib/python3.6/site-packages/airflow/example_dags/example_external_task_marker_dag.py
[2024-09-09 20:57:16,667] {logging_mixin.py:104} INFO - [2024-09-09 20:57:16,667] {dag.py:1824} INFO - Sync 2 DAGs
[2024-09-09 20:57:16,683] {logging_mixin.py:104} INFO - [2024-09-09 20:57:16,683] {dag.py:2280} INFO - Setting next_dagrun for example_external_task_marker_child to None
[2024-09-09 20:57:16,684] {logging_mixin.py:104} INFO - [2024-09-09 20:57:16,684] {dag.py:2280} INFO - Setting next_dagrun for example_external_task_marker_parent to None
[2024-09-09 20:57:16,695] {scheduler_job.py:190} INFO - Processing /home/airflow/.local/lib/python3.6/site-packages/airflow/example_dags/example_external_task_marker_dag.py took 0.075 seconds
[2024-09-09 20:57:47,038] {scheduler_job.py:182} INFO - Started process (PID=364) to work on /home/airflow/.local/lib/python3.6/site-packages/airflow/example_dags/example_external_task_marker_dag.py
[2024-09-09 20:57:47,039] {scheduler_job.py:629} INFO - Processing file /home/airflow/.local/lib/python3.6/site-packages/airflow/example_dags/example_external_task_marker_dag.py for tasks to queue
[2024-09-09 20:57:47,040] {logging_mixin.py:104} INFO - [2024-09-09 20:57:47,040] {dagbag.py:451} INFO - Filling up the DagBag from /home/airflow/.local/lib/python3.6/site-packages/airflow/example_dags/example_external_task_marker_dag.py
[2024-09-09 20:57:47,055] {scheduler_job.py:639} INFO - DAG(s) dict_keys(['example_external_task_marker_parent', 'example_external_task_marker_child']) retrieved from /home/airflow/.local/lib/python3.6/site-packages/airflow/example_dags/example_external_task_marker_dag.py
[2024-09-09 20:57:47,083] {logging_mixin.py:104} INFO - [2024-09-09 20:57:47,083] {dag.py:1824} INFO - Sync 2 DAGs
[2024-09-09 20:57:47,099] {logging_mixin.py:104} INFO - [2024-09-09 20:57:47,099] {dag.py:2280} INFO - Setting next_dagrun for example_external_task_marker_child to None
[2024-09-09 20:57:47,100] {logging_mixin.py:104} INFO - [2024-09-09 20:57:47,100] {dag.py:2280} INFO - Setting next_dagrun for example_external_task_marker_parent to None
[2024-09-09 20:57:47,110] {scheduler_job.py:190} INFO - Processing /home/airflow/.local/lib/python3.6/site-packages/airflow/example_dags/example_external_task_marker_dag.py took 0.074 seconds
[2024-09-09 20:58:17,529] {scheduler_job.py:182} INFO - Started process (PID=393) to work on /home/airflow/.local/lib/python3.6/site-packages/airflow/example_dags/example_external_task_marker_dag.py
[2024-09-09 20:58:17,530] {scheduler_job.py:629} INFO - Processing file /home/airflow/.local/lib/python3.6/site-packages/airflow/example_dags/example_external_task_marker_dag.py for tasks to queue
[2024-09-09 20:58:17,530] {logging_mixin.py:104} INFO - [2024-09-09 20:58:17,530] {dagbag.py:451} INFO - Filling up the DagBag from /home/airflow/.local/lib/python3.6/site-packages/airflow/example_dags/example_external_task_marker_dag.py
[2024-09-09 20:58:17,545] {scheduler_job.py:639} INFO - DAG(s) dict_keys(['example_external_task_marker_parent', 'example_external_task_marker_child']) retrieved from /home/airflow/.local/lib/python3.6/site-packages/airflow/example_dags/example_external_task_marker_dag.py
[2024-09-09 20:58:17,587] {logging_mixin.py:104} INFO - [2024-09-09 20:58:17,587] {dag.py:1824} INFO - Sync 2 DAGs
[2024-09-09 20:58:17,603] {logging_mixin.py:104} INFO - [2024-09-09 20:58:17,603] {dag.py:2280} INFO - Setting next_dagrun for example_external_task_marker_child to None
[2024-09-09 20:58:17,604] {logging_mixin.py:104} INFO - [2024-09-09 20:58:17,604] {dag.py:2280} INFO - Setting next_dagrun for example_external_task_marker_parent to None
[2024-09-09 20:58:17,616] {scheduler_job.py:190} INFO - Processing /home/airflow/.local/lib/python3.6/site-packages/airflow/example_dags/example_external_task_marker_dag.py took 0.091 seconds
[2024-09-09 20:58:47,851] {scheduler_job.py:182} INFO - Started process (PID=420) to work on /home/airflow/.local/lib/python3.6/site-packages/airflow/example_dags/example_external_task_marker_dag.py
[2024-09-09 20:58:47,857] {scheduler_job.py:629} INFO - Processing file /home/airflow/.local/lib/python3.6/site-packages/airflow/example_dags/example_external_task_marker_dag.py for tasks to queue
[2024-09-09 20:58:47,858] {logging_mixin.py:104} INFO - [2024-09-09 20:58:47,858] {dagbag.py:451} INFO - Filling up the DagBag from /home/airflow/.local/lib/python3.6/site-packages/airflow/example_dags/example_external_task_marker_dag.py
[2024-09-09 20:58:47,871] {scheduler_job.py:639} INFO - DAG(s) dict_keys(['example_external_task_marker_parent', 'example_external_task_marker_child']) retrieved from /home/airflow/.local/lib/python3.6/site-packages/airflow/example_dags/example_external_task_marker_dag.py
[2024-09-09 20:58:47,895] {logging_mixin.py:104} INFO - [2024-09-09 20:58:47,895] {dag.py:1824} INFO - Sync 2 DAGs
[2024-09-09 20:58:47,912] {logging_mixin.py:104} INFO - [2024-09-09 20:58:47,912] {dag.py:2280} INFO - Setting next_dagrun for example_external_task_marker_child to None
[2024-09-09 20:58:47,913] {logging_mixin.py:104} INFO - [2024-09-09 20:58:47,913] {dag.py:2280} INFO - Setting next_dagrun for example_external_task_marker_parent to None
[2024-09-09 20:58:47,925] {scheduler_job.py:190} INFO - Processing /home/airflow/.local/lib/python3.6/site-packages/airflow/example_dags/example_external_task_marker_dag.py took 0.077 seconds
[2024-09-09 20:59:18,159] {scheduler_job.py:182} INFO - Started process (PID=445) to work on /home/airflow/.local/lib/python3.6/site-packages/airflow/example_dags/example_external_task_marker_dag.py
[2024-09-09 20:59:18,160] {scheduler_job.py:629} INFO - Processing file /home/airflow/.local/lib/python3.6/site-packages/airflow/example_dags/example_external_task_marker_dag.py for tasks to queue
[2024-09-09 20:59:18,160] {logging_mixin.py:104} INFO - [2024-09-09 20:59:18,160] {dagbag.py:451} INFO - Filling up the DagBag from /home/airflow/.local/lib/python3.6/site-packages/airflow/example_dags/example_external_task_marker_dag.py
[2024-09-09 20:59:18,172] {scheduler_job.py:639} INFO - DAG(s) dict_keys(['example_external_task_marker_parent', 'example_external_task_marker_child']) retrieved from /home/airflow/.local/lib/python3.6/site-packages/airflow/example_dags/example_external_task_marker_dag.py
[2024-09-09 20:59:18,197] {logging_mixin.py:104} INFO - [2024-09-09 20:59:18,197] {dag.py:1824} INFO - Sync 2 DAGs
[2024-09-09 20:59:18,217] {logging_mixin.py:104} INFO - [2024-09-09 20:59:18,217] {dag.py:2280} INFO - Setting next_dagrun for example_external_task_marker_child to None
[2024-09-09 20:59:18,218] {logging_mixin.py:104} INFO - [2024-09-09 20:59:18,217] {dag.py:2280} INFO - Setting next_dagrun for example_external_task_marker_parent to None
[2024-09-09 20:59:18,227] {scheduler_job.py:190} INFO - Processing /home/airflow/.local/lib/python3.6/site-packages/airflow/example_dags/example_external_task_marker_dag.py took 0.071 seconds
[2024-09-09 20:59:48,541] {scheduler_job.py:182} INFO - Started process (PID=473) to work on /home/airflow/.local/lib/python3.6/site-packages/airflow/example_dags/example_external_task_marker_dag.py
[2024-09-09 20:59:48,543] {scheduler_job.py:629} INFO - Processing file /home/airflow/.local/lib/python3.6/site-packages/airflow/example_dags/example_external_task_marker_dag.py for tasks to queue
[2024-09-09 20:59:48,544] {logging_mixin.py:104} INFO - [2024-09-09 20:59:48,544] {dagbag.py:451} INFO - Filling up the DagBag from /home/airflow/.local/lib/python3.6/site-packages/airflow/example_dags/example_external_task_marker_dag.py
[2024-09-09 20:59:48,557] {scheduler_job.py:639} INFO - DAG(s) dict_keys(['example_external_task_marker_parent', 'example_external_task_marker_child']) retrieved from /home/airflow/.local/lib/python3.6/site-packages/airflow/example_dags/example_external_task_marker_dag.py
[2024-09-09 20:59:48,586] {logging_mixin.py:104} INFO - [2024-09-09 20:59:48,586] {dag.py:1824} INFO - Sync 2 DAGs
[2024-09-09 20:59:48,604] {logging_mixin.py:104} INFO - [2024-09-09 20:59:48,603] {dag.py:2280} INFO - Setting next_dagrun for example_external_task_marker_child to None
[2024-09-09 20:59:48,605] {logging_mixin.py:104} INFO - [2024-09-09 20:59:48,604] {dag.py:2280} INFO - Setting next_dagrun for example_external_task_marker_parent to None
[2024-09-09 20:59:48,620] {scheduler_job.py:190} INFO - Processing /home/airflow/.local/lib/python3.6/site-packages/airflow/example_dags/example_external_task_marker_dag.py took 0.083 seconds
[2024-09-09 21:00:18,897] {scheduler_job.py:182} INFO - Started process (PID=500) to work on /home/airflow/.local/lib/python3.6/site-packages/airflow/example_dags/example_external_task_marker_dag.py
[2024-09-09 21:00:18,898] {scheduler_job.py:629} INFO - Processing file /home/airflow/.local/lib/python3.6/site-packages/airflow/example_dags/example_external_task_marker_dag.py for tasks to queue
[2024-09-09 21:00:18,899] {logging_mixin.py:104} INFO - [2024-09-09 21:00:18,899] {dagbag.py:451} INFO - Filling up the DagBag from /home/airflow/.local/lib/python3.6/site-packages/airflow/example_dags/example_external_task_marker_dag.py
[2024-09-09 21:00:18,910] {scheduler_job.py:639} INFO - DAG(s) dict_keys(['example_external_task_marker_parent', 'example_external_task_marker_child']) retrieved from /home/airflow/.local/lib/python3.6/site-packages/airflow/example_dags/example_external_task_marker_dag.py
[2024-09-09 21:00:18,937] {logging_mixin.py:104} INFO - [2024-09-09 21:00:18,936] {dag.py:1824} INFO - Sync 2 DAGs
[2024-09-09 21:00:18,956] {logging_mixin.py:104} INFO - [2024-09-09 21:00:18,956] {dag.py:2280} INFO - Setting next_dagrun for example_external_task_marker_child to None
[2024-09-09 21:00:18,957] {logging_mixin.py:104} INFO - [2024-09-09 21:00:18,957] {dag.py:2280} INFO - Setting next_dagrun for example_external_task_marker_parent to None
[2024-09-09 21:00:18,968] {scheduler_job.py:190} INFO - Processing /home/airflow/.local/lib/python3.6/site-packages/airflow/example_dags/example_external_task_marker_dag.py took 0.074 seconds
[2024-09-09 21:00:49,227] {scheduler_job.py:182} INFO - Started process (PID=526) to work on /home/airflow/.local/lib/python3.6/site-packages/airflow/example_dags/example_external_task_marker_dag.py
[2024-09-09 21:00:49,228] {scheduler_job.py:629} INFO - Processing file /home/airflow/.local/lib/python3.6/site-packages/airflow/example_dags/example_external_task_marker_dag.py for tasks to queue
[2024-09-09 21:00:49,229] {logging_mixin.py:104} INFO - [2024-09-09 21:00:49,229] {dagbag.py:451} INFO - Filling up the DagBag from /home/airflow/.local/lib/python3.6/site-packages/airflow/example_dags/example_external_task_marker_dag.py
[2024-09-09 21:00:49,242] {scheduler_job.py:639} INFO - DAG(s) dict_keys(['example_external_task_marker_parent', 'example_external_task_marker_child']) retrieved from /home/airflow/.local/lib/python3.6/site-packages/airflow/example_dags/example_external_task_marker_dag.py
[2024-09-09 21:00:49,273] {logging_mixin.py:104} INFO - [2024-09-09 21:00:49,272] {dag.py:1824} INFO - Sync 2 DAGs
[2024-09-09 21:00:49,290] {logging_mixin.py:104} INFO - [2024-09-09 21:00:49,290] {dag.py:2280} INFO - Setting next_dagrun for example_external_task_marker_child to None
[2024-09-09 21:00:49,291] {logging_mixin.py:104} INFO - [2024-09-09 21:00:49,291] {dag.py:2280} INFO - Setting next_dagrun for example_external_task_marker_parent to None
[2024-09-09 21:00:49,304] {scheduler_job.py:190} INFO - Processing /home/airflow/.local/lib/python3.6/site-packages/airflow/example_dags/example_external_task_marker_dag.py took 0.082 seconds
[2024-09-09 21:01:19,507] {scheduler_job.py:182} INFO - Started process (PID=551) to work on /home/airflow/.local/lib/python3.6/site-packages/airflow/example_dags/example_external_task_marker_dag.py
[2024-09-09 21:01:19,508] {scheduler_job.py:629} INFO - Processing file /home/airflow/.local/lib/python3.6/site-packages/airflow/example_dags/example_external_task_marker_dag.py for tasks to queue
[2024-09-09 21:01:19,509] {logging_mixin.py:104} INFO - [2024-09-09 21:01:19,509] {dagbag.py:451} INFO - Filling up the DagBag from /home/airflow/.local/lib/python3.6/site-packages/airflow/example_dags/example_external_task_marker_dag.py
[2024-09-09 21:01:19,521] {scheduler_job.py:639} INFO - DAG(s) dict_keys(['example_external_task_marker_parent', 'example_external_task_marker_child']) retrieved from /home/airflow/.local/lib/python3.6/site-packages/airflow/example_dags/example_external_task_marker_dag.py
[2024-09-09 21:01:19,547] {logging_mixin.py:104} INFO - [2024-09-09 21:01:19,547] {dag.py:1824} INFO - Sync 2 DAGs
[2024-09-09 21:01:19,563] {logging_mixin.py:104} INFO - [2024-09-09 21:01:19,563] {dag.py:2280} INFO - Setting next_dagrun for example_external_task_marker_child to None
[2024-09-09 21:01:19,564] {logging_mixin.py:104} INFO - [2024-09-09 21:01:19,564] {dag.py:2280} INFO - Setting next_dagrun for example_external_task_marker_parent to None
[2024-09-09 21:01:19,576] {scheduler_job.py:190} INFO - Processing /home/airflow/.local/lib/python3.6/site-packages/airflow/example_dags/example_external_task_marker_dag.py took 0.072 seconds
[2024-09-09 21:01:49,902] {scheduler_job.py:182} INFO - Started process (PID=580) to work on /home/airflow/.local/lib/python3.6/site-packages/airflow/example_dags/example_external_task_marker_dag.py
[2024-09-09 21:01:49,903] {scheduler_job.py:629} INFO - Processing file /home/airflow/.local/lib/python3.6/site-packages/airflow/example_dags/example_external_task_marker_dag.py for tasks to queue
[2024-09-09 21:01:49,904] {logging_mixin.py:104} INFO - [2024-09-09 21:01:49,904] {dagbag.py:451} INFO - Filling up the DagBag from /home/airflow/.local/lib/python3.6/site-packages/airflow/example_dags/example_external_task_marker_dag.py
[2024-09-09 21:01:49,915] {scheduler_job.py:639} INFO - DAG(s) dict_keys(['example_external_task_marker_parent', 'example_external_task_marker_child']) retrieved from /home/airflow/.local/lib/python3.6/site-packages/airflow/example_dags/example_external_task_marker_dag.py
[2024-09-09 21:01:49,942] {logging_mixin.py:104} INFO - [2024-09-09 21:01:49,942] {dag.py:1824} INFO - Sync 2 DAGs
[2024-09-09 21:01:49,960] {logging_mixin.py:104} INFO - [2024-09-09 21:01:49,960] {dag.py:2280} INFO - Setting next_dagrun for example_external_task_marker_child to None
[2024-09-09 21:01:49,961] {logging_mixin.py:104} INFO - [2024-09-09 21:01:49,961] {dag.py:2280} INFO - Setting next_dagrun for example_external_task_marker_parent to None
[2024-09-09 21:01:49,970] {scheduler_job.py:190} INFO - Processing /home/airflow/.local/lib/python3.6/site-packages/airflow/example_dags/example_external_task_marker_dag.py took 0.072 seconds
[2024-09-09 21:02:20,219] {scheduler_job.py:182} INFO - Started process (PID=607) to work on /home/airflow/.local/lib/python3.6/site-packages/airflow/example_dags/example_external_task_marker_dag.py
[2024-09-09 21:02:20,220] {scheduler_job.py:629} INFO - Processing file /home/airflow/.local/lib/python3.6/site-packages/airflow/example_dags/example_external_task_marker_dag.py for tasks to queue
[2024-09-09 21:02:20,221] {logging_mixin.py:104} INFO - [2024-09-09 21:02:20,221] {dagbag.py:451} INFO - Filling up the DagBag from /home/airflow/.local/lib/python3.6/site-packages/airflow/example_dags/example_external_task_marker_dag.py
[2024-09-09 21:02:20,233] {scheduler_job.py:639} INFO - DAG(s) dict_keys(['example_external_task_marker_parent', 'example_external_task_marker_child']) retrieved from /home/airflow/.local/lib/python3.6/site-packages/airflow/example_dags/example_external_task_marker_dag.py
[2024-09-09 21:02:20,263] {logging_mixin.py:104} INFO - [2024-09-09 21:02:20,263] {dag.py:1824} INFO - Sync 2 DAGs
[2024-09-09 21:02:20,280] {logging_mixin.py:104} INFO - [2024-09-09 21:02:20,280] {dag.py:2280} INFO - Setting next_dagrun for example_external_task_marker_child to None
[2024-09-09 21:02:20,281] {logging_mixin.py:104} INFO - [2024-09-09 21:02:20,281] {dag.py:2280} INFO - Setting next_dagrun for example_external_task_marker_parent to None
[2024-09-09 21:02:20,293] {scheduler_job.py:190} INFO - Processing /home/airflow/.local/lib/python3.6/site-packages/airflow/example_dags/example_external_task_marker_dag.py took 0.077 seconds
[2024-09-09 21:02:50,543] {scheduler_job.py:182} INFO - Started process (PID=634) to work on /home/airflow/.local/lib/python3.6/site-packages/airflow/example_dags/example_external_task_marker_dag.py
[2024-09-09 21:02:50,544] {scheduler_job.py:629} INFO - Processing file /home/airflow/.local/lib/python3.6/site-packages/airflow/example_dags/example_external_task_marker_dag.py for tasks to queue
[2024-09-09 21:02:50,544] {logging_mixin.py:104} INFO - [2024-09-09 21:02:50,544] {dagbag.py:451} INFO - Filling up the DagBag from /home/airflow/.local/lib/python3.6/site-packages/airflow/example_dags/example_external_task_marker_dag.py
[2024-09-09 21:02:50,556] {scheduler_job.py:639} INFO - DAG(s) dict_keys(['example_external_task_marker_parent', 'example_external_task_marker_child']) retrieved from /home/airflow/.local/lib/python3.6/site-packages/airflow/example_dags/example_external_task_marker_dag.py
[2024-09-09 21:02:50,584] {logging_mixin.py:104} INFO - [2024-09-09 21:02:50,584] {dag.py:1824} INFO - Sync 2 DAGs
[2024-09-09 21:02:50,601] {logging_mixin.py:104} INFO - [2024-09-09 21:02:50,601] {dag.py:2280} INFO - Setting next_dagrun for example_external_task_marker_child to None
[2024-09-09 21:02:50,602] {logging_mixin.py:104} INFO - [2024-09-09 21:02:50,602] {dag.py:2280} INFO - Setting next_dagrun for example_external_task_marker_parent to None
[2024-09-09 21:02:50,613] {scheduler_job.py:190} INFO - Processing /home/airflow/.local/lib/python3.6/site-packages/airflow/example_dags/example_external_task_marker_dag.py took 0.073 seconds
[2024-09-09 21:03:21,030] {scheduler_job.py:182} INFO - Started process (PID=663) to work on /home/airflow/.local/lib/python3.6/site-packages/airflow/example_dags/example_external_task_marker_dag.py
[2024-09-09 21:03:21,031] {scheduler_job.py:629} INFO - Processing file /home/airflow/.local/lib/python3.6/site-packages/airflow/example_dags/example_external_task_marker_dag.py for tasks to queue
[2024-09-09 21:03:21,031] {logging_mixin.py:104} INFO - [2024-09-09 21:03:21,031] {dagbag.py:451} INFO - Filling up the DagBag from /home/airflow/.local/lib/python3.6/site-packages/airflow/example_dags/example_external_task_marker_dag.py
[2024-09-09 21:03:21,044] {scheduler_job.py:639} INFO - DAG(s) dict_keys(['example_external_task_marker_parent', 'example_external_task_marker_child']) retrieved from /home/airflow/.local/lib/python3.6/site-packages/airflow/example_dags/example_external_task_marker_dag.py
[2024-09-09 21:03:21,072] {logging_mixin.py:104} INFO - [2024-09-09 21:03:21,072] {dag.py:1824} INFO - Sync 2 DAGs
[2024-09-09 21:03:21,088] {logging_mixin.py:104} INFO - [2024-09-09 21:03:21,088] {dag.py:2280} INFO - Setting next_dagrun for example_external_task_marker_child to None
[2024-09-09 21:03:21,089] {logging_mixin.py:104} INFO - [2024-09-09 21:03:21,089] {dag.py:2280} INFO - Setting next_dagrun for example_external_task_marker_parent to None
[2024-09-09 21:03:21,101] {scheduler_job.py:190} INFO - Processing /home/airflow/.local/lib/python3.6/site-packages/airflow/example_dags/example_external_task_marker_dag.py took 0.074 seconds
[2024-09-09 21:03:51,426] {scheduler_job.py:182} INFO - Started process (PID=692) to work on /home/airflow/.local/lib/python3.6/site-packages/airflow/example_dags/example_external_task_marker_dag.py
[2024-09-09 21:03:51,427] {scheduler_job.py:629} INFO - Processing file /home/airflow/.local/lib/python3.6/site-packages/airflow/example_dags/example_external_task_marker_dag.py for tasks to queue
[2024-09-09 21:03:51,428] {logging_mixin.py:104} INFO - [2024-09-09 21:03:51,428] {dagbag.py:451} INFO - Filling up the DagBag from /home/airflow/.local/lib/python3.6/site-packages/airflow/example_dags/example_external_task_marker_dag.py
[2024-09-09 21:03:51,439] {scheduler_job.py:639} INFO - DAG(s) dict_keys(['example_external_task_marker_parent', 'example_external_task_marker_child']) retrieved from /home/airflow/.local/lib/python3.6/site-packages/airflow/example_dags/example_external_task_marker_dag.py
[2024-09-09 21:03:51,467] {logging_mixin.py:104} INFO - [2024-09-09 21:03:51,467] {dag.py:1824} INFO - Sync 2 DAGs
[2024-09-09 21:03:51,483] {logging_mixin.py:104} INFO - [2024-09-09 21:03:51,483] {dag.py:2280} INFO - Setting next_dagrun for example_external_task_marker_child to None
[2024-09-09 21:03:51,484] {logging_mixin.py:104} INFO - [2024-09-09 21:03:51,484] {dag.py:2280} INFO - Setting next_dagrun for example_external_task_marker_parent to None
[2024-09-09 21:03:51,496] {scheduler_job.py:190} INFO - Processing /home/airflow/.local/lib/python3.6/site-packages/airflow/example_dags/example_external_task_marker_dag.py took 0.073 seconds
[2024-09-09 21:04:21,597] {scheduler_job.py:182} INFO - Started process (PID=715) to work on /home/airflow/.local/lib/python3.6/site-packages/airflow/example_dags/example_external_task_marker_dag.py
[2024-09-09 21:04:21,598] {scheduler_job.py:629} INFO - Processing file /home/airflow/.local/lib/python3.6/site-packages/airflow/example_dags/example_external_task_marker_dag.py for tasks to queue
[2024-09-09 21:04:21,599] {logging_mixin.py:104} INFO - [2024-09-09 21:04:21,599] {dagbag.py:451} INFO - Filling up the DagBag from /home/airflow/.local/lib/python3.6/site-packages/airflow/example_dags/example_external_task_marker_dag.py
[2024-09-09 21:04:21,612] {scheduler_job.py:639} INFO - DAG(s) dict_keys(['example_external_task_marker_parent', 'example_external_task_marker_child']) retrieved from /home/airflow/.local/lib/python3.6/site-packages/airflow/example_dags/example_external_task_marker_dag.py
[2024-09-09 21:04:21,636] {logging_mixin.py:104} INFO - [2024-09-09 21:04:21,636] {dag.py:1824} INFO - Sync 2 DAGs
[2024-09-09 21:04:21,654] {logging_mixin.py:104} INFO - [2024-09-09 21:04:21,654] {dag.py:2280} INFO - Setting next_dagrun for example_external_task_marker_child to None
[2024-09-09 21:04:21,655] {logging_mixin.py:104} INFO - [2024-09-09 21:04:21,655] {dag.py:2280} INFO - Setting next_dagrun for example_external_task_marker_parent to None
[2024-09-09 21:04:21,665] {scheduler_job.py:190} INFO - Processing /home/airflow/.local/lib/python3.6/site-packages/airflow/example_dags/example_external_task_marker_dag.py took 0.073 seconds
[2024-09-09 21:04:52,036] {scheduler_job.py:182} INFO - Started process (PID=743) to work on /home/airflow/.local/lib/python3.6/site-packages/airflow/example_dags/example_external_task_marker_dag.py
[2024-09-09 21:04:52,037] {scheduler_job.py:629} INFO - Processing file /home/airflow/.local/lib/python3.6/site-packages/airflow/example_dags/example_external_task_marker_dag.py for tasks to queue
[2024-09-09 21:04:52,037] {logging_mixin.py:104} INFO - [2024-09-09 21:04:52,037] {dagbag.py:451} INFO - Filling up the DagBag from /home/airflow/.local/lib/python3.6/site-packages/airflow/example_dags/example_external_task_marker_dag.py
[2024-09-09 21:04:52,050] {scheduler_job.py:639} INFO - DAG(s) dict_keys(['example_external_task_marker_parent', 'example_external_task_marker_child']) retrieved from /home/airflow/.local/lib/python3.6/site-packages/airflow/example_dags/example_external_task_marker_dag.py
[2024-09-09 21:04:52,077] {logging_mixin.py:104} INFO - [2024-09-09 21:04:52,077] {dag.py:1824} INFO - Sync 2 DAGs
[2024-09-09 21:04:52,093] {logging_mixin.py:104} INFO - [2024-09-09 21:04:52,093] {dag.py:2280} INFO - Setting next_dagrun for example_external_task_marker_child to None
[2024-09-09 21:04:52,094] {logging_mixin.py:104} INFO - [2024-09-09 21:04:52,094] {dag.py:2280} INFO - Setting next_dagrun for example_external_task_marker_parent to None
[2024-09-09 21:04:52,108] {scheduler_job.py:190} INFO - Processing /home/airflow/.local/lib/python3.6/site-packages/airflow/example_dags/example_external_task_marker_dag.py took 0.076 seconds
[2024-09-09 21:11:38,179] {scheduler_job.py:182} INFO - Started process (PID=32) to work on /home/airflow/.local/lib/python3.6/site-packages/airflow/example_dags/example_external_task_marker_dag.py
[2024-09-09 21:11:38,180] {scheduler_job.py:629} INFO - Processing file /home/airflow/.local/lib/python3.6/site-packages/airflow/example_dags/example_external_task_marker_dag.py for tasks to queue
[2024-09-09 21:11:38,181] {logging_mixin.py:104} INFO - [2024-09-09 21:11:38,181] {dagbag.py:451} INFO - Filling up the DagBag from /home/airflow/.local/lib/python3.6/site-packages/airflow/example_dags/example_external_task_marker_dag.py
[2024-09-09 21:11:38,202] {scheduler_job.py:639} INFO - DAG(s) dict_keys(['example_external_task_marker_parent', 'example_external_task_marker_child']) retrieved from /home/airflow/.local/lib/python3.6/site-packages/airflow/example_dags/example_external_task_marker_dag.py
[2024-09-09 21:11:38,226] {logging_mixin.py:104} INFO - [2024-09-09 21:11:38,226] {dag.py:1824} INFO - Sync 2 DAGs
[2024-09-09 21:11:38,237] {logging_mixin.py:104} INFO - [2024-09-09 21:11:38,237] {dag.py:2280} INFO - Setting next_dagrun for example_external_task_marker_child to None
[2024-09-09 21:11:38,238] {logging_mixin.py:104} INFO - [2024-09-09 21:11:38,237] {dag.py:2280} INFO - Setting next_dagrun for example_external_task_marker_parent to None
[2024-09-09 21:11:38,247] {scheduler_job.py:190} INFO - Processing /home/airflow/.local/lib/python3.6/site-packages/airflow/example_dags/example_external_task_marker_dag.py took 0.070 seconds
[2024-09-09 21:12:08,504] {scheduler_job.py:182} INFO - Started process (PID=59) to work on /home/airflow/.local/lib/python3.6/site-packages/airflow/example_dags/example_external_task_marker_dag.py
[2024-09-09 21:12:08,507] {scheduler_job.py:629} INFO - Processing file /home/airflow/.local/lib/python3.6/site-packages/airflow/example_dags/example_external_task_marker_dag.py for tasks to queue
[2024-09-09 21:12:08,509] {logging_mixin.py:104} INFO - [2024-09-09 21:12:08,508] {dagbag.py:451} INFO - Filling up the DagBag from /home/airflow/.local/lib/python3.6/site-packages/airflow/example_dags/example_external_task_marker_dag.py
[2024-09-09 21:12:08,538] {scheduler_job.py:639} INFO - DAG(s) dict_keys(['example_external_task_marker_parent', 'example_external_task_marker_child']) retrieved from /home/airflow/.local/lib/python3.6/site-packages/airflow/example_dags/example_external_task_marker_dag.py
[2024-09-09 21:12:08,586] {logging_mixin.py:104} INFO - [2024-09-09 21:12:08,586] {dag.py:1824} INFO - Sync 2 DAGs
[2024-09-09 21:12:08,610] {logging_mixin.py:104} INFO - [2024-09-09 21:12:08,610] {dag.py:2280} INFO - Setting next_dagrun for example_external_task_marker_child to None
[2024-09-09 21:12:08,612] {logging_mixin.py:104} INFO - [2024-09-09 21:12:08,612] {dag.py:2280} INFO - Setting next_dagrun for example_external_task_marker_parent to None
[2024-09-09 21:12:08,632] {scheduler_job.py:190} INFO - Processing /home/airflow/.local/lib/python3.6/site-packages/airflow/example_dags/example_external_task_marker_dag.py took 0.137 seconds
[2024-09-09 21:12:38,946] {scheduler_job.py:182} INFO - Started process (PID=88) to work on /home/airflow/.local/lib/python3.6/site-packages/airflow/example_dags/example_external_task_marker_dag.py
[2024-09-09 21:12:38,947] {scheduler_job.py:629} INFO - Processing file /home/airflow/.local/lib/python3.6/site-packages/airflow/example_dags/example_external_task_marker_dag.py for tasks to queue
[2024-09-09 21:12:38,948] {logging_mixin.py:104} INFO - [2024-09-09 21:12:38,948] {dagbag.py:451} INFO - Filling up the DagBag from /home/airflow/.local/lib/python3.6/site-packages/airflow/example_dags/example_external_task_marker_dag.py
[2024-09-09 21:12:38,958] {scheduler_job.py:639} INFO - DAG(s) dict_keys(['example_external_task_marker_parent', 'example_external_task_marker_child']) retrieved from /home/airflow/.local/lib/python3.6/site-packages/airflow/example_dags/example_external_task_marker_dag.py
[2024-09-09 21:12:38,981] {logging_mixin.py:104} INFO - [2024-09-09 21:12:38,980] {dag.py:1824} INFO - Sync 2 DAGs
[2024-09-09 21:12:38,996] {logging_mixin.py:104} INFO - [2024-09-09 21:12:38,996] {dag.py:2280} INFO - Setting next_dagrun for example_external_task_marker_child to None
[2024-09-09 21:12:38,997] {logging_mixin.py:104} INFO - [2024-09-09 21:12:38,997] {dag.py:2280} INFO - Setting next_dagrun for example_external_task_marker_parent to None
[2024-09-09 21:12:39,004] {scheduler_job.py:190} INFO - Processing /home/airflow/.local/lib/python3.6/site-packages/airflow/example_dags/example_external_task_marker_dag.py took 0.064 seconds
[2024-09-09 21:13:09,165] {scheduler_job.py:182} INFO - Started process (PID=115) to work on /home/airflow/.local/lib/python3.6/site-packages/airflow/example_dags/example_external_task_marker_dag.py
[2024-09-09 21:13:09,166] {scheduler_job.py:629} INFO - Processing file /home/airflow/.local/lib/python3.6/site-packages/airflow/example_dags/example_external_task_marker_dag.py for tasks to queue
[2024-09-09 21:13:09,167] {logging_mixin.py:104} INFO - [2024-09-09 21:13:09,166] {dagbag.py:451} INFO - Filling up the DagBag from /home/airflow/.local/lib/python3.6/site-packages/airflow/example_dags/example_external_task_marker_dag.py
[2024-09-09 21:13:09,179] {scheduler_job.py:639} INFO - DAG(s) dict_keys(['example_external_task_marker_parent', 'example_external_task_marker_child']) retrieved from /home/airflow/.local/lib/python3.6/site-packages/airflow/example_dags/example_external_task_marker_dag.py
[2024-09-09 21:13:09,207] {logging_mixin.py:104} INFO - [2024-09-09 21:13:09,207] {dag.py:1824} INFO - Sync 2 DAGs
[2024-09-09 21:13:09,226] {logging_mixin.py:104} INFO - [2024-09-09 21:13:09,226] {dag.py:2280} INFO - Setting next_dagrun for example_external_task_marker_child to None
[2024-09-09 21:13:09,227] {logging_mixin.py:104} INFO - [2024-09-09 21:13:09,227] {dag.py:2280} INFO - Setting next_dagrun for example_external_task_marker_parent to None
[2024-09-09 21:13:09,239] {scheduler_job.py:190} INFO - Processing /home/airflow/.local/lib/python3.6/site-packages/airflow/example_dags/example_external_task_marker_dag.py took 0.078 seconds
[2024-09-09 21:13:39,510] {scheduler_job.py:182} INFO - Started process (PID=142) to work on /home/airflow/.local/lib/python3.6/site-packages/airflow/example_dags/example_external_task_marker_dag.py
[2024-09-09 21:13:39,512] {scheduler_job.py:629} INFO - Processing file /home/airflow/.local/lib/python3.6/site-packages/airflow/example_dags/example_external_task_marker_dag.py for tasks to queue
[2024-09-09 21:13:39,513] {logging_mixin.py:104} INFO - [2024-09-09 21:13:39,512] {dagbag.py:451} INFO - Filling up the DagBag from /home/airflow/.local/lib/python3.6/site-packages/airflow/example_dags/example_external_task_marker_dag.py
[2024-09-09 21:13:39,529] {scheduler_job.py:639} INFO - DAG(s) dict_keys(['example_external_task_marker_parent', 'example_external_task_marker_child']) retrieved from /home/airflow/.local/lib/python3.6/site-packages/airflow/example_dags/example_external_task_marker_dag.py
[2024-09-09 21:13:39,562] {logging_mixin.py:104} INFO - [2024-09-09 21:13:39,561] {dag.py:1824} INFO - Sync 2 DAGs
[2024-09-09 21:13:39,586] {logging_mixin.py:104} INFO - [2024-09-09 21:13:39,586] {dag.py:2280} INFO - Setting next_dagrun for example_external_task_marker_child to None
[2024-09-09 21:13:39,587] {logging_mixin.py:104} INFO - [2024-09-09 21:13:39,587] {dag.py:2280} INFO - Setting next_dagrun for example_external_task_marker_parent to None
[2024-09-09 21:13:39,600] {scheduler_job.py:190} INFO - Processing /home/airflow/.local/lib/python3.6/site-packages/airflow/example_dags/example_external_task_marker_dag.py took 0.096 seconds
[2024-09-09 21:14:09,858] {scheduler_job.py:182} INFO - Started process (PID=169) to work on /home/airflow/.local/lib/python3.6/site-packages/airflow/example_dags/example_external_task_marker_dag.py
[2024-09-09 21:14:09,859] {scheduler_job.py:629} INFO - Processing file /home/airflow/.local/lib/python3.6/site-packages/airflow/example_dags/example_external_task_marker_dag.py for tasks to queue
[2024-09-09 21:14:09,860] {logging_mixin.py:104} INFO - [2024-09-09 21:14:09,860] {dagbag.py:451} INFO - Filling up the DagBag from /home/airflow/.local/lib/python3.6/site-packages/airflow/example_dags/example_external_task_marker_dag.py
[2024-09-09 21:14:09,885] {scheduler_job.py:639} INFO - DAG(s) dict_keys(['example_external_task_marker_parent', 'example_external_task_marker_child']) retrieved from /home/airflow/.local/lib/python3.6/site-packages/airflow/example_dags/example_external_task_marker_dag.py
[2024-09-09 21:14:09,924] {logging_mixin.py:104} INFO - [2024-09-09 21:14:09,924] {dag.py:1824} INFO - Sync 2 DAGs
[2024-09-09 21:14:09,939] {logging_mixin.py:104} INFO - [2024-09-09 21:14:09,939] {dag.py:2280} INFO - Setting next_dagrun for example_external_task_marker_child to None
[2024-09-09 21:14:09,941] {logging_mixin.py:104} INFO - [2024-09-09 21:14:09,941] {dag.py:2280} INFO - Setting next_dagrun for example_external_task_marker_parent to None
[2024-09-09 21:14:09,954] {scheduler_job.py:190} INFO - Processing /home/airflow/.local/lib/python3.6/site-packages/airflow/example_dags/example_external_task_marker_dag.py took 0.100 seconds
[2024-09-09 21:14:40,573] {scheduler_job.py:182} INFO - Started process (PID=196) to work on /home/airflow/.local/lib/python3.6/site-packages/airflow/example_dags/example_external_task_marker_dag.py
[2024-09-09 21:14:40,574] {scheduler_job.py:629} INFO - Processing file /home/airflow/.local/lib/python3.6/site-packages/airflow/example_dags/example_external_task_marker_dag.py for tasks to queue
[2024-09-09 21:14:40,575] {logging_mixin.py:104} INFO - [2024-09-09 21:14:40,574] {dagbag.py:451} INFO - Filling up the DagBag from /home/airflow/.local/lib/python3.6/site-packages/airflow/example_dags/example_external_task_marker_dag.py
[2024-09-09 21:14:40,588] {scheduler_job.py:639} INFO - DAG(s) dict_keys(['example_external_task_marker_parent', 'example_external_task_marker_child']) retrieved from /home/airflow/.local/lib/python3.6/site-packages/airflow/example_dags/example_external_task_marker_dag.py
[2024-09-09 21:14:40,617] {logging_mixin.py:104} INFO - [2024-09-09 21:14:40,617] {dag.py:1824} INFO - Sync 2 DAGs
[2024-09-09 21:14:40,634] {logging_mixin.py:104} INFO - [2024-09-09 21:14:40,634] {dag.py:2280} INFO - Setting next_dagrun for example_external_task_marker_child to None
[2024-09-09 21:14:40,635] {logging_mixin.py:104} INFO - [2024-09-09 21:14:40,635] {dag.py:2280} INFO - Setting next_dagrun for example_external_task_marker_parent to None
[2024-09-09 21:14:40,646] {scheduler_job.py:190} INFO - Processing /home/airflow/.local/lib/python3.6/site-packages/airflow/example_dags/example_external_task_marker_dag.py took 0.077 seconds
