[2024-09-09 09:52:27,583] {scheduler_job.py:182} INFO - Started process (PID=56) to work on /home/airflow/.local/lib/python3.6/site-packages/airflow/example_dags/example_latest_only_with_trigger.py
[2024-09-09 09:52:27,588] {scheduler_job.py:629} INFO - Processing file /home/airflow/.local/lib/python3.6/site-packages/airflow/example_dags/example_latest_only_with_trigger.py for tasks to queue
[2024-09-09 09:52:27,589] {logging_mixin.py:104} INFO - [2024-09-09 09:52:27,588] {dagbag.py:451} INFO - Filling up the DagBag from /home/airflow/.local/lib/python3.6/site-packages/airflow/example_dags/example_latest_only_with_trigger.py
[2024-09-09 09:52:27,612] {scheduler_job.py:639} INFO - DAG(s) dict_keys(['latest_only_with_trigger']) retrieved from /home/airflow/.local/lib/python3.6/site-packages/airflow/example_dags/example_latest_only_with_trigger.py
[2024-09-09 09:52:27,650] {logging_mixin.py:104} INFO - [2024-09-09 09:52:27,650] {dag.py:1824} INFO - Sync 1 DAGs
[2024-09-09 09:52:27,662] {logging_mixin.py:104} INFO - [2024-09-09 09:52:27,662] {dag.py:1843} INFO - Creating ORM DAG for latest_only_with_trigger
[2024-09-09 09:52:27,669] {logging_mixin.py:104} INFO - [2024-09-09 09:52:27,669] {dag.py:2280} INFO - Setting next_dagrun for latest_only_with_trigger to 2024-09-07 00:00:00+00:00
[2024-09-09 09:52:27,686] {scheduler_job.py:190} INFO - Processing /home/airflow/.local/lib/python3.6/site-packages/airflow/example_dags/example_latest_only_with_trigger.py took 0.111 seconds
[2024-09-09 09:52:58,298] {scheduler_job.py:182} INFO - Started process (PID=85) to work on /home/airflow/.local/lib/python3.6/site-packages/airflow/example_dags/example_latest_only_with_trigger.py
[2024-09-09 09:52:58,299] {scheduler_job.py:629} INFO - Processing file /home/airflow/.local/lib/python3.6/site-packages/airflow/example_dags/example_latest_only_with_trigger.py for tasks to queue
[2024-09-09 09:52:58,300] {logging_mixin.py:104} INFO - [2024-09-09 09:52:58,300] {dagbag.py:451} INFO - Filling up the DagBag from /home/airflow/.local/lib/python3.6/site-packages/airflow/example_dags/example_latest_only_with_trigger.py
[2024-09-09 09:52:58,341] {scheduler_job.py:639} INFO - DAG(s) dict_keys(['latest_only_with_trigger']) retrieved from /home/airflow/.local/lib/python3.6/site-packages/airflow/example_dags/example_latest_only_with_trigger.py
[2024-09-09 09:52:58,400] {logging_mixin.py:104} INFO - [2024-09-09 09:52:58,400] {dag.py:1824} INFO - Sync 1 DAGs
[2024-09-09 09:52:58,472] {logging_mixin.py:104} INFO - [2024-09-09 09:52:58,472] {dag.py:2280} INFO - Setting next_dagrun for latest_only_with_trigger to 2024-09-07 00:00:00+00:00
[2024-09-09 09:52:58,500] {scheduler_job.py:190} INFO - Processing /home/airflow/.local/lib/python3.6/site-packages/airflow/example_dags/example_latest_only_with_trigger.py took 0.210 seconds
[2024-09-09 20:51:42,777] {scheduler_job.py:182} INFO - Started process (PID=57) to work on /home/airflow/.local/lib/python3.6/site-packages/airflow/example_dags/example_latest_only_with_trigger.py
[2024-09-09 20:51:42,779] {scheduler_job.py:629} INFO - Processing file /home/airflow/.local/lib/python3.6/site-packages/airflow/example_dags/example_latest_only_with_trigger.py for tasks to queue
[2024-09-09 20:51:42,780] {logging_mixin.py:104} INFO - [2024-09-09 20:51:42,780] {dagbag.py:451} INFO - Filling up the DagBag from /home/airflow/.local/lib/python3.6/site-packages/airflow/example_dags/example_latest_only_with_trigger.py
[2024-09-09 20:51:42,791] {scheduler_job.py:639} INFO - DAG(s) dict_keys(['latest_only_with_trigger']) retrieved from /home/airflow/.local/lib/python3.6/site-packages/airflow/example_dags/example_latest_only_with_trigger.py
[2024-09-09 20:51:42,813] {logging_mixin.py:104} INFO - [2024-09-09 20:51:42,813] {dag.py:1824} INFO - Sync 1 DAGs
[2024-09-09 20:51:42,833] {logging_mixin.py:104} INFO - [2024-09-09 20:51:42,833] {dag.py:2280} INFO - Setting next_dagrun for latest_only_with_trigger to 2024-09-07 00:00:00+00:00
[2024-09-09 20:51:42,843] {scheduler_job.py:190} INFO - Processing /home/airflow/.local/lib/python3.6/site-packages/airflow/example_dags/example_latest_only_with_trigger.py took 0.070 seconds
[2024-09-09 20:52:13,182] {scheduler_job.py:182} INFO - Started process (PID=84) to work on /home/airflow/.local/lib/python3.6/site-packages/airflow/example_dags/example_latest_only_with_trigger.py
[2024-09-09 20:52:13,183] {scheduler_job.py:629} INFO - Processing file /home/airflow/.local/lib/python3.6/site-packages/airflow/example_dags/example_latest_only_with_trigger.py for tasks to queue
[2024-09-09 20:52:13,184] {logging_mixin.py:104} INFO - [2024-09-09 20:52:13,184] {dagbag.py:451} INFO - Filling up the DagBag from /home/airflow/.local/lib/python3.6/site-packages/airflow/example_dags/example_latest_only_with_trigger.py
[2024-09-09 20:52:13,194] {scheduler_job.py:639} INFO - DAG(s) dict_keys(['latest_only_with_trigger']) retrieved from /home/airflow/.local/lib/python3.6/site-packages/airflow/example_dags/example_latest_only_with_trigger.py
[2024-09-09 20:52:13,216] {logging_mixin.py:104} INFO - [2024-09-09 20:52:13,216] {dag.py:1824} INFO - Sync 1 DAGs
[2024-09-09 20:52:13,234] {logging_mixin.py:104} INFO - [2024-09-09 20:52:13,234] {dag.py:2280} INFO - Setting next_dagrun for latest_only_with_trigger to 2024-09-07 00:00:00+00:00
[2024-09-09 20:52:13,244] {scheduler_job.py:190} INFO - Processing /home/airflow/.local/lib/python3.6/site-packages/airflow/example_dags/example_latest_only_with_trigger.py took 0.065 seconds
[2024-09-09 20:52:43,474] {scheduler_job.py:182} INFO - Started process (PID=110) to work on /home/airflow/.local/lib/python3.6/site-packages/airflow/example_dags/example_latest_only_with_trigger.py
[2024-09-09 20:52:43,475] {scheduler_job.py:629} INFO - Processing file /home/airflow/.local/lib/python3.6/site-packages/airflow/example_dags/example_latest_only_with_trigger.py for tasks to queue
[2024-09-09 20:52:43,475] {logging_mixin.py:104} INFO - [2024-09-09 20:52:43,475] {dagbag.py:451} INFO - Filling up the DagBag from /home/airflow/.local/lib/python3.6/site-packages/airflow/example_dags/example_latest_only_with_trigger.py
[2024-09-09 20:52:43,485] {scheduler_job.py:639} INFO - DAG(s) dict_keys(['latest_only_with_trigger']) retrieved from /home/airflow/.local/lib/python3.6/site-packages/airflow/example_dags/example_latest_only_with_trigger.py
[2024-09-09 20:52:43,508] {logging_mixin.py:104} INFO - [2024-09-09 20:52:43,507] {dag.py:1824} INFO - Sync 1 DAGs
[2024-09-09 20:52:43,526] {logging_mixin.py:104} INFO - [2024-09-09 20:52:43,526] {dag.py:2280} INFO - Setting next_dagrun for latest_only_with_trigger to 2024-09-07 00:00:00+00:00
[2024-09-09 20:52:43,535] {scheduler_job.py:190} INFO - Processing /home/airflow/.local/lib/python3.6/site-packages/airflow/example_dags/example_latest_only_with_trigger.py took 0.065 seconds
[2024-09-09 20:53:13,927] {scheduler_job.py:182} INFO - Started process (PID=138) to work on /home/airflow/.local/lib/python3.6/site-packages/airflow/example_dags/example_latest_only_with_trigger.py
[2024-09-09 20:53:13,928] {scheduler_job.py:629} INFO - Processing file /home/airflow/.local/lib/python3.6/site-packages/airflow/example_dags/example_latest_only_with_trigger.py for tasks to queue
[2024-09-09 20:53:13,928] {logging_mixin.py:104} INFO - [2024-09-09 20:53:13,928] {dagbag.py:451} INFO - Filling up the DagBag from /home/airflow/.local/lib/python3.6/site-packages/airflow/example_dags/example_latest_only_with_trigger.py
[2024-09-09 20:53:13,941] {scheduler_job.py:639} INFO - DAG(s) dict_keys(['latest_only_with_trigger']) retrieved from /home/airflow/.local/lib/python3.6/site-packages/airflow/example_dags/example_latest_only_with_trigger.py
[2024-09-09 20:53:13,966] {logging_mixin.py:104} INFO - [2024-09-09 20:53:13,965] {dag.py:1824} INFO - Sync 1 DAGs
[2024-09-09 20:53:13,984] {logging_mixin.py:104} INFO - [2024-09-09 20:53:13,984] {dag.py:2280} INFO - Setting next_dagrun for latest_only_with_trigger to 2024-09-07 00:00:00+00:00
[2024-09-09 20:53:13,994] {scheduler_job.py:190} INFO - Processing /home/airflow/.local/lib/python3.6/site-packages/airflow/example_dags/example_latest_only_with_trigger.py took 0.070 seconds
[2024-09-09 20:53:44,409] {scheduler_job.py:182} INFO - Started process (PID=165) to work on /home/airflow/.local/lib/python3.6/site-packages/airflow/example_dags/example_latest_only_with_trigger.py
[2024-09-09 20:53:44,410] {scheduler_job.py:629} INFO - Processing file /home/airflow/.local/lib/python3.6/site-packages/airflow/example_dags/example_latest_only_with_trigger.py for tasks to queue
[2024-09-09 20:53:44,410] {logging_mixin.py:104} INFO - [2024-09-09 20:53:44,410] {dagbag.py:451} INFO - Filling up the DagBag from /home/airflow/.local/lib/python3.6/site-packages/airflow/example_dags/example_latest_only_with_trigger.py
[2024-09-09 20:53:44,420] {scheduler_job.py:639} INFO - DAG(s) dict_keys(['latest_only_with_trigger']) retrieved from /home/airflow/.local/lib/python3.6/site-packages/airflow/example_dags/example_latest_only_with_trigger.py
[2024-09-09 20:53:44,443] {logging_mixin.py:104} INFO - [2024-09-09 20:53:44,443] {dag.py:1824} INFO - Sync 1 DAGs
[2024-09-09 20:53:44,462] {logging_mixin.py:104} INFO - [2024-09-09 20:53:44,462] {dag.py:2280} INFO - Setting next_dagrun for latest_only_with_trigger to 2024-09-07 00:00:00+00:00
[2024-09-09 20:53:44,472] {scheduler_job.py:190} INFO - Processing /home/airflow/.local/lib/python3.6/site-packages/airflow/example_dags/example_latest_only_with_trigger.py took 0.066 seconds
[2024-09-09 20:54:14,835] {scheduler_job.py:182} INFO - Started process (PID=192) to work on /home/airflow/.local/lib/python3.6/site-packages/airflow/example_dags/example_latest_only_with_trigger.py
[2024-09-09 20:54:14,837] {scheduler_job.py:629} INFO - Processing file /home/airflow/.local/lib/python3.6/site-packages/airflow/example_dags/example_latest_only_with_trigger.py for tasks to queue
[2024-09-09 20:54:14,838] {logging_mixin.py:104} INFO - [2024-09-09 20:54:14,837] {dagbag.py:451} INFO - Filling up the DagBag from /home/airflow/.local/lib/python3.6/site-packages/airflow/example_dags/example_latest_only_with_trigger.py
[2024-09-09 20:54:14,851] {scheduler_job.py:639} INFO - DAG(s) dict_keys(['latest_only_with_trigger']) retrieved from /home/airflow/.local/lib/python3.6/site-packages/airflow/example_dags/example_latest_only_with_trigger.py
[2024-09-09 20:54:14,884] {logging_mixin.py:104} INFO - [2024-09-09 20:54:14,884] {dag.py:1824} INFO - Sync 1 DAGs
[2024-09-09 20:54:14,912] {logging_mixin.py:104} INFO - [2024-09-09 20:54:14,911] {dag.py:2280} INFO - Setting next_dagrun for latest_only_with_trigger to 2024-09-07 00:00:00+00:00
[2024-09-09 20:54:14,936] {scheduler_job.py:190} INFO - Processing /home/airflow/.local/lib/python3.6/site-packages/airflow/example_dags/example_latest_only_with_trigger.py took 0.105 seconds
[2024-09-09 20:54:45,315] {scheduler_job.py:182} INFO - Started process (PID=219) to work on /home/airflow/.local/lib/python3.6/site-packages/airflow/example_dags/example_latest_only_with_trigger.py
[2024-09-09 20:54:45,316] {scheduler_job.py:629} INFO - Processing file /home/airflow/.local/lib/python3.6/site-packages/airflow/example_dags/example_latest_only_with_trigger.py for tasks to queue
[2024-09-09 20:54:45,317] {logging_mixin.py:104} INFO - [2024-09-09 20:54:45,317] {dagbag.py:451} INFO - Filling up the DagBag from /home/airflow/.local/lib/python3.6/site-packages/airflow/example_dags/example_latest_only_with_trigger.py
[2024-09-09 20:54:45,327] {scheduler_job.py:639} INFO - DAG(s) dict_keys(['latest_only_with_trigger']) retrieved from /home/airflow/.local/lib/python3.6/site-packages/airflow/example_dags/example_latest_only_with_trigger.py
[2024-09-09 20:54:45,352] {logging_mixin.py:104} INFO - [2024-09-09 20:54:45,351] {dag.py:1824} INFO - Sync 1 DAGs
[2024-09-09 20:54:45,367] {logging_mixin.py:104} INFO - [2024-09-09 20:54:45,367] {dag.py:2280} INFO - Setting next_dagrun for latest_only_with_trigger to 2024-09-07 00:00:00+00:00
[2024-09-09 20:54:45,377] {scheduler_job.py:190} INFO - Processing /home/airflow/.local/lib/python3.6/site-packages/airflow/example_dags/example_latest_only_with_trigger.py took 0.066 seconds
[2024-09-09 20:55:15,663] {scheduler_job.py:182} INFO - Started process (PID=244) to work on /home/airflow/.local/lib/python3.6/site-packages/airflow/example_dags/example_latest_only_with_trigger.py
[2024-09-09 20:55:15,664] {scheduler_job.py:629} INFO - Processing file /home/airflow/.local/lib/python3.6/site-packages/airflow/example_dags/example_latest_only_with_trigger.py for tasks to queue
[2024-09-09 20:55:15,665] {logging_mixin.py:104} INFO - [2024-09-09 20:55:15,665] {dagbag.py:451} INFO - Filling up the DagBag from /home/airflow/.local/lib/python3.6/site-packages/airflow/example_dags/example_latest_only_with_trigger.py
[2024-09-09 20:55:15,675] {scheduler_job.py:639} INFO - DAG(s) dict_keys(['latest_only_with_trigger']) retrieved from /home/airflow/.local/lib/python3.6/site-packages/airflow/example_dags/example_latest_only_with_trigger.py
[2024-09-09 20:55:15,701] {logging_mixin.py:104} INFO - [2024-09-09 20:55:15,701] {dag.py:1824} INFO - Sync 1 DAGs
[2024-09-09 20:55:15,717] {logging_mixin.py:104} INFO - [2024-09-09 20:55:15,717] {dag.py:2280} INFO - Setting next_dagrun for latest_only_with_trigger to 2024-09-07 00:00:00+00:00
[2024-09-09 20:55:15,727] {scheduler_job.py:190} INFO - Processing /home/airflow/.local/lib/python3.6/site-packages/airflow/example_dags/example_latest_only_with_trigger.py took 0.067 seconds
[2024-09-09 20:55:45,866] {scheduler_job.py:182} INFO - Started process (PID=270) to work on /home/airflow/.local/lib/python3.6/site-packages/airflow/example_dags/example_latest_only_with_trigger.py
[2024-09-09 20:55:45,867] {scheduler_job.py:629} INFO - Processing file /home/airflow/.local/lib/python3.6/site-packages/airflow/example_dags/example_latest_only_with_trigger.py for tasks to queue
[2024-09-09 20:55:45,867] {logging_mixin.py:104} INFO - [2024-09-09 20:55:45,867] {dagbag.py:451} INFO - Filling up the DagBag from /home/airflow/.local/lib/python3.6/site-packages/airflow/example_dags/example_latest_only_with_trigger.py
[2024-09-09 20:55:45,877] {scheduler_job.py:639} INFO - DAG(s) dict_keys(['latest_only_with_trigger']) retrieved from /home/airflow/.local/lib/python3.6/site-packages/airflow/example_dags/example_latest_only_with_trigger.py
[2024-09-09 20:55:45,901] {logging_mixin.py:104} INFO - [2024-09-09 20:55:45,901] {dag.py:1824} INFO - Sync 1 DAGs
[2024-09-09 20:55:45,917] {logging_mixin.py:104} INFO - [2024-09-09 20:55:45,917] {dag.py:2280} INFO - Setting next_dagrun for latest_only_with_trigger to 2024-09-07 00:00:00+00:00
[2024-09-09 20:55:45,927] {scheduler_job.py:190} INFO - Processing /home/airflow/.local/lib/python3.6/site-packages/airflow/example_dags/example_latest_only_with_trigger.py took 0.064 seconds
[2024-09-09 20:56:16,120] {scheduler_job.py:182} INFO - Started process (PID=293) to work on /home/airflow/.local/lib/python3.6/site-packages/airflow/example_dags/example_latest_only_with_trigger.py
[2024-09-09 20:56:16,121] {scheduler_job.py:629} INFO - Processing file /home/airflow/.local/lib/python3.6/site-packages/airflow/example_dags/example_latest_only_with_trigger.py for tasks to queue
[2024-09-09 20:56:16,122] {logging_mixin.py:104} INFO - [2024-09-09 20:56:16,122] {dagbag.py:451} INFO - Filling up the DagBag from /home/airflow/.local/lib/python3.6/site-packages/airflow/example_dags/example_latest_only_with_trigger.py
[2024-09-09 20:56:16,135] {scheduler_job.py:639} INFO - DAG(s) dict_keys(['latest_only_with_trigger']) retrieved from /home/airflow/.local/lib/python3.6/site-packages/airflow/example_dags/example_latest_only_with_trigger.py
[2024-09-09 20:56:16,161] {logging_mixin.py:104} INFO - [2024-09-09 20:56:16,161] {dag.py:1824} INFO - Sync 1 DAGs
[2024-09-09 20:56:16,177] {logging_mixin.py:104} INFO - [2024-09-09 20:56:16,177] {dag.py:2280} INFO - Setting next_dagrun for latest_only_with_trigger to 2024-09-07 00:00:00+00:00
[2024-09-09 20:56:16,187] {scheduler_job.py:190} INFO - Processing /home/airflow/.local/lib/python3.6/site-packages/airflow/example_dags/example_latest_only_with_trigger.py took 0.072 seconds
[2024-09-09 20:56:46,537] {scheduler_job.py:182} INFO - Started process (PID=322) to work on /home/airflow/.local/lib/python3.6/site-packages/airflow/example_dags/example_latest_only_with_trigger.py
[2024-09-09 20:56:46,538] {scheduler_job.py:629} INFO - Processing file /home/airflow/.local/lib/python3.6/site-packages/airflow/example_dags/example_latest_only_with_trigger.py for tasks to queue
[2024-09-09 20:56:46,538] {logging_mixin.py:104} INFO - [2024-09-09 20:56:46,538] {dagbag.py:451} INFO - Filling up the DagBag from /home/airflow/.local/lib/python3.6/site-packages/airflow/example_dags/example_latest_only_with_trigger.py
[2024-09-09 20:56:46,552] {scheduler_job.py:639} INFO - DAG(s) dict_keys(['latest_only_with_trigger']) retrieved from /home/airflow/.local/lib/python3.6/site-packages/airflow/example_dags/example_latest_only_with_trigger.py
[2024-09-09 20:56:46,572] {logging_mixin.py:104} INFO - [2024-09-09 20:56:46,572] {dag.py:1824} INFO - Sync 1 DAGs
[2024-09-09 20:56:46,588] {logging_mixin.py:104} INFO - [2024-09-09 20:56:46,588] {dag.py:2280} INFO - Setting next_dagrun for latest_only_with_trigger to 2024-09-07 00:00:00+00:00
[2024-09-09 20:56:46,598] {scheduler_job.py:190} INFO - Processing /home/airflow/.local/lib/python3.6/site-packages/airflow/example_dags/example_latest_only_with_trigger.py took 0.064 seconds
[2024-09-09 20:57:16,715] {scheduler_job.py:182} INFO - Started process (PID=341) to work on /home/airflow/.local/lib/python3.6/site-packages/airflow/example_dags/example_latest_only_with_trigger.py
[2024-09-09 20:57:16,716] {scheduler_job.py:629} INFO - Processing file /home/airflow/.local/lib/python3.6/site-packages/airflow/example_dags/example_latest_only_with_trigger.py for tasks to queue
[2024-09-09 20:57:16,717] {logging_mixin.py:104} INFO - [2024-09-09 20:57:16,717] {dagbag.py:451} INFO - Filling up the DagBag from /home/airflow/.local/lib/python3.6/site-packages/airflow/example_dags/example_latest_only_with_trigger.py
[2024-09-09 20:57:16,731] {scheduler_job.py:639} INFO - DAG(s) dict_keys(['latest_only_with_trigger']) retrieved from /home/airflow/.local/lib/python3.6/site-packages/airflow/example_dags/example_latest_only_with_trigger.py
[2024-09-09 20:57:16,754] {logging_mixin.py:104} INFO - [2024-09-09 20:57:16,754] {dag.py:1824} INFO - Sync 1 DAGs
[2024-09-09 20:57:16,769] {logging_mixin.py:104} INFO - [2024-09-09 20:57:16,769] {dag.py:2280} INFO - Setting next_dagrun for latest_only_with_trigger to 2024-09-07 00:00:00+00:00
[2024-09-09 20:57:16,778] {scheduler_job.py:190} INFO - Processing /home/airflow/.local/lib/python3.6/site-packages/airflow/example_dags/example_latest_only_with_trigger.py took 0.068 seconds
[2024-09-09 20:57:47,408] {scheduler_job.py:182} INFO - Started process (PID=372) to work on /home/airflow/.local/lib/python3.6/site-packages/airflow/example_dags/example_latest_only_with_trigger.py
[2024-09-09 20:57:47,409] {scheduler_job.py:629} INFO - Processing file /home/airflow/.local/lib/python3.6/site-packages/airflow/example_dags/example_latest_only_with_trigger.py for tasks to queue
[2024-09-09 20:57:47,410] {logging_mixin.py:104} INFO - [2024-09-09 20:57:47,410] {dagbag.py:451} INFO - Filling up the DagBag from /home/airflow/.local/lib/python3.6/site-packages/airflow/example_dags/example_latest_only_with_trigger.py
[2024-09-09 20:57:47,423] {scheduler_job.py:639} INFO - DAG(s) dict_keys(['latest_only_with_trigger']) retrieved from /home/airflow/.local/lib/python3.6/site-packages/airflow/example_dags/example_latest_only_with_trigger.py
[2024-09-09 20:57:47,445] {logging_mixin.py:104} INFO - [2024-09-09 20:57:47,445] {dag.py:1824} INFO - Sync 1 DAGs
[2024-09-09 20:57:47,460] {logging_mixin.py:104} INFO - [2024-09-09 20:57:47,460] {dag.py:2280} INFO - Setting next_dagrun for latest_only_with_trigger to 2024-09-07 00:00:00+00:00
[2024-09-09 20:57:47,470] {scheduler_job.py:190} INFO - Processing /home/airflow/.local/lib/python3.6/site-packages/airflow/example_dags/example_latest_only_with_trigger.py took 0.065 seconds
[2024-09-09 20:58:17,890] {scheduler_job.py:182} INFO - Started process (PID=401) to work on /home/airflow/.local/lib/python3.6/site-packages/airflow/example_dags/example_latest_only_with_trigger.py
[2024-09-09 20:58:17,891] {scheduler_job.py:629} INFO - Processing file /home/airflow/.local/lib/python3.6/site-packages/airflow/example_dags/example_latest_only_with_trigger.py for tasks to queue
[2024-09-09 20:58:17,892] {logging_mixin.py:104} INFO - [2024-09-09 20:58:17,892] {dagbag.py:451} INFO - Filling up the DagBag from /home/airflow/.local/lib/python3.6/site-packages/airflow/example_dags/example_latest_only_with_trigger.py
[2024-09-09 20:58:17,906] {scheduler_job.py:639} INFO - DAG(s) dict_keys(['latest_only_with_trigger']) retrieved from /home/airflow/.local/lib/python3.6/site-packages/airflow/example_dags/example_latest_only_with_trigger.py
[2024-09-09 20:58:17,930] {logging_mixin.py:104} INFO - [2024-09-09 20:58:17,930] {dag.py:1824} INFO - Sync 1 DAGs
[2024-09-09 20:58:17,950] {logging_mixin.py:104} INFO - [2024-09-09 20:58:17,950] {dag.py:2280} INFO - Setting next_dagrun for latest_only_with_trigger to 2024-09-07 00:00:00+00:00
[2024-09-09 20:58:17,960] {scheduler_job.py:190} INFO - Processing /home/airflow/.local/lib/python3.6/site-packages/airflow/example_dags/example_latest_only_with_trigger.py took 0.073 seconds
[2024-09-09 20:58:48,264] {scheduler_job.py:182} INFO - Started process (PID=428) to work on /home/airflow/.local/lib/python3.6/site-packages/airflow/example_dags/example_latest_only_with_trigger.py
[2024-09-09 20:58:48,268] {scheduler_job.py:629} INFO - Processing file /home/airflow/.local/lib/python3.6/site-packages/airflow/example_dags/example_latest_only_with_trigger.py for tasks to queue
[2024-09-09 20:58:48,269] {logging_mixin.py:104} INFO - [2024-09-09 20:58:48,269] {dagbag.py:451} INFO - Filling up the DagBag from /home/airflow/.local/lib/python3.6/site-packages/airflow/example_dags/example_latest_only_with_trigger.py
[2024-09-09 20:58:48,279] {scheduler_job.py:639} INFO - DAG(s) dict_keys(['latest_only_with_trigger']) retrieved from /home/airflow/.local/lib/python3.6/site-packages/airflow/example_dags/example_latest_only_with_trigger.py
[2024-09-09 20:58:48,301] {logging_mixin.py:104} INFO - [2024-09-09 20:58:48,301] {dag.py:1824} INFO - Sync 1 DAGs
[2024-09-09 20:58:48,316] {logging_mixin.py:104} INFO - [2024-09-09 20:58:48,316] {dag.py:2280} INFO - Setting next_dagrun for latest_only_with_trigger to 2024-09-07 00:00:00+00:00
[2024-09-09 20:58:48,326] {scheduler_job.py:190} INFO - Processing /home/airflow/.local/lib/python3.6/site-packages/airflow/example_dags/example_latest_only_with_trigger.py took 0.065 seconds
[2024-09-09 20:59:18,646] {scheduler_job.py:182} INFO - Started process (PID=455) to work on /home/airflow/.local/lib/python3.6/site-packages/airflow/example_dags/example_latest_only_with_trigger.py
[2024-09-09 20:59:18,647] {scheduler_job.py:629} INFO - Processing file /home/airflow/.local/lib/python3.6/site-packages/airflow/example_dags/example_latest_only_with_trigger.py for tasks to queue
[2024-09-09 20:59:18,647] {logging_mixin.py:104} INFO - [2024-09-09 20:59:18,647] {dagbag.py:451} INFO - Filling up the DagBag from /home/airflow/.local/lib/python3.6/site-packages/airflow/example_dags/example_latest_only_with_trigger.py
[2024-09-09 20:59:18,659] {scheduler_job.py:639} INFO - DAG(s) dict_keys(['latest_only_with_trigger']) retrieved from /home/airflow/.local/lib/python3.6/site-packages/airflow/example_dags/example_latest_only_with_trigger.py
[2024-09-09 20:59:18,680] {logging_mixin.py:104} INFO - [2024-09-09 20:59:18,680] {dag.py:1824} INFO - Sync 1 DAGs
[2024-09-09 20:59:18,696] {logging_mixin.py:104} INFO - [2024-09-09 20:59:18,696] {dag.py:2280} INFO - Setting next_dagrun for latest_only_with_trigger to 2024-09-07 00:00:00+00:00
[2024-09-09 20:59:18,706] {scheduler_job.py:190} INFO - Processing /home/airflow/.local/lib/python3.6/site-packages/airflow/example_dags/example_latest_only_with_trigger.py took 0.063 seconds
[2024-09-09 20:59:49,169] {scheduler_job.py:182} INFO - Started process (PID=486) to work on /home/airflow/.local/lib/python3.6/site-packages/airflow/example_dags/example_latest_only_with_trigger.py
[2024-09-09 20:59:49,170] {scheduler_job.py:629} INFO - Processing file /home/airflow/.local/lib/python3.6/site-packages/airflow/example_dags/example_latest_only_with_trigger.py for tasks to queue
[2024-09-09 20:59:49,170] {logging_mixin.py:104} INFO - [2024-09-09 20:59:49,170] {dagbag.py:451} INFO - Filling up the DagBag from /home/airflow/.local/lib/python3.6/site-packages/airflow/example_dags/example_latest_only_with_trigger.py
[2024-09-09 20:59:49,181] {scheduler_job.py:639} INFO - DAG(s) dict_keys(['latest_only_with_trigger']) retrieved from /home/airflow/.local/lib/python3.6/site-packages/airflow/example_dags/example_latest_only_with_trigger.py
[2024-09-09 20:59:49,204] {logging_mixin.py:104} INFO - [2024-09-09 20:59:49,204] {dag.py:1824} INFO - Sync 1 DAGs
[2024-09-09 20:59:49,223] {logging_mixin.py:104} INFO - [2024-09-09 20:59:49,223] {dag.py:2280} INFO - Setting next_dagrun for latest_only_with_trigger to 2024-09-07 00:00:00+00:00
[2024-09-09 20:59:49,233] {scheduler_job.py:190} INFO - Processing /home/airflow/.local/lib/python3.6/site-packages/airflow/example_dags/example_latest_only_with_trigger.py took 0.067 seconds
[2024-09-09 21:00:19,535] {scheduler_job.py:182} INFO - Started process (PID=514) to work on /home/airflow/.local/lib/python3.6/site-packages/airflow/example_dags/example_latest_only_with_trigger.py
[2024-09-09 21:00:19,537] {scheduler_job.py:629} INFO - Processing file /home/airflow/.local/lib/python3.6/site-packages/airflow/example_dags/example_latest_only_with_trigger.py for tasks to queue
[2024-09-09 21:00:19,538] {logging_mixin.py:104} INFO - [2024-09-09 21:00:19,538] {dagbag.py:451} INFO - Filling up the DagBag from /home/airflow/.local/lib/python3.6/site-packages/airflow/example_dags/example_latest_only_with_trigger.py
[2024-09-09 21:00:19,554] {scheduler_job.py:639} INFO - DAG(s) dict_keys(['latest_only_with_trigger']) retrieved from /home/airflow/.local/lib/python3.6/site-packages/airflow/example_dags/example_latest_only_with_trigger.py
[2024-09-09 21:00:19,580] {logging_mixin.py:104} INFO - [2024-09-09 21:00:19,580] {dag.py:1824} INFO - Sync 1 DAGs
[2024-09-09 21:00:19,597] {logging_mixin.py:104} INFO - [2024-09-09 21:00:19,597] {dag.py:2280} INFO - Setting next_dagrun for latest_only_with_trigger to 2024-09-07 00:00:00+00:00
[2024-09-09 21:00:19,608] {scheduler_job.py:190} INFO - Processing /home/airflow/.local/lib/python3.6/site-packages/airflow/example_dags/example_latest_only_with_trigger.py took 0.077 seconds
[2024-09-09 21:00:49,948] {scheduler_job.py:182} INFO - Started process (PID=542) to work on /home/airflow/.local/lib/python3.6/site-packages/airflow/example_dags/example_latest_only_with_trigger.py
[2024-09-09 21:00:49,950] {scheduler_job.py:629} INFO - Processing file /home/airflow/.local/lib/python3.6/site-packages/airflow/example_dags/example_latest_only_with_trigger.py for tasks to queue
[2024-09-09 21:00:49,951] {logging_mixin.py:104} INFO - [2024-09-09 21:00:49,951] {dagbag.py:451} INFO - Filling up the DagBag from /home/airflow/.local/lib/python3.6/site-packages/airflow/example_dags/example_latest_only_with_trigger.py
[2024-09-09 21:00:49,966] {scheduler_job.py:639} INFO - DAG(s) dict_keys(['latest_only_with_trigger']) retrieved from /home/airflow/.local/lib/python3.6/site-packages/airflow/example_dags/example_latest_only_with_trigger.py
[2024-09-09 21:00:49,995] {logging_mixin.py:104} INFO - [2024-09-09 21:00:49,995] {dag.py:1824} INFO - Sync 1 DAGs
[2024-09-09 21:00:50,022] {logging_mixin.py:104} INFO - [2024-09-09 21:00:50,022] {dag.py:2280} INFO - Setting next_dagrun for latest_only_with_trigger to 2024-09-07 00:00:00+00:00
[2024-09-09 21:00:50,040] {scheduler_job.py:190} INFO - Processing /home/airflow/.local/lib/python3.6/site-packages/airflow/example_dags/example_latest_only_with_trigger.py took 0.097 seconds
[2024-09-09 21:01:20,339] {scheduler_job.py:182} INFO - Started process (PID=570) to work on /home/airflow/.local/lib/python3.6/site-packages/airflow/example_dags/example_latest_only_with_trigger.py
[2024-09-09 21:01:20,340] {scheduler_job.py:629} INFO - Processing file /home/airflow/.local/lib/python3.6/site-packages/airflow/example_dags/example_latest_only_with_trigger.py for tasks to queue
[2024-09-09 21:01:20,341] {logging_mixin.py:104} INFO - [2024-09-09 21:01:20,341] {dagbag.py:451} INFO - Filling up the DagBag from /home/airflow/.local/lib/python3.6/site-packages/airflow/example_dags/example_latest_only_with_trigger.py
[2024-09-09 21:01:20,352] {scheduler_job.py:639} INFO - DAG(s) dict_keys(['latest_only_with_trigger']) retrieved from /home/airflow/.local/lib/python3.6/site-packages/airflow/example_dags/example_latest_only_with_trigger.py
[2024-09-09 21:01:20,375] {logging_mixin.py:104} INFO - [2024-09-09 21:01:20,375] {dag.py:1824} INFO - Sync 1 DAGs
[2024-09-09 21:01:20,392] {logging_mixin.py:104} INFO - [2024-09-09 21:01:20,392] {dag.py:2280} INFO - Setting next_dagrun for latest_only_with_trigger to 2024-09-07 00:00:00+00:00
[2024-09-09 21:01:20,401] {scheduler_job.py:190} INFO - Processing /home/airflow/.local/lib/python3.6/site-packages/airflow/example_dags/example_latest_only_with_trigger.py took 0.066 seconds
[2024-09-09 21:01:50,573] {scheduler_job.py:182} INFO - Started process (PID=595) to work on /home/airflow/.local/lib/python3.6/site-packages/airflow/example_dags/example_latest_only_with_trigger.py
[2024-09-09 21:01:50,574] {scheduler_job.py:629} INFO - Processing file /home/airflow/.local/lib/python3.6/site-packages/airflow/example_dags/example_latest_only_with_trigger.py for tasks to queue
[2024-09-09 21:01:50,575] {logging_mixin.py:104} INFO - [2024-09-09 21:01:50,575] {dagbag.py:451} INFO - Filling up the DagBag from /home/airflow/.local/lib/python3.6/site-packages/airflow/example_dags/example_latest_only_with_trigger.py
[2024-09-09 21:01:50,587] {scheduler_job.py:639} INFO - DAG(s) dict_keys(['latest_only_with_trigger']) retrieved from /home/airflow/.local/lib/python3.6/site-packages/airflow/example_dags/example_latest_only_with_trigger.py
[2024-09-09 21:01:50,612] {logging_mixin.py:104} INFO - [2024-09-09 21:01:50,611] {dag.py:1824} INFO - Sync 1 DAGs
[2024-09-09 21:01:50,629] {logging_mixin.py:104} INFO - [2024-09-09 21:01:50,629] {dag.py:2280} INFO - Setting next_dagrun for latest_only_with_trigger to 2024-09-07 00:00:00+00:00
[2024-09-09 21:01:50,638] {scheduler_job.py:190} INFO - Processing /home/airflow/.local/lib/python3.6/site-packages/airflow/example_dags/example_latest_only_with_trigger.py took 0.070 seconds
[2024-09-09 21:02:20,945] {scheduler_job.py:182} INFO - Started process (PID=623) to work on /home/airflow/.local/lib/python3.6/site-packages/airflow/example_dags/example_latest_only_with_trigger.py
[2024-09-09 21:02:20,946] {scheduler_job.py:629} INFO - Processing file /home/airflow/.local/lib/python3.6/site-packages/airflow/example_dags/example_latest_only_with_trigger.py for tasks to queue
[2024-09-09 21:02:20,947] {logging_mixin.py:104} INFO - [2024-09-09 21:02:20,947] {dagbag.py:451} INFO - Filling up the DagBag from /home/airflow/.local/lib/python3.6/site-packages/airflow/example_dags/example_latest_only_with_trigger.py
[2024-09-09 21:02:20,960] {scheduler_job.py:639} INFO - DAG(s) dict_keys(['latest_only_with_trigger']) retrieved from /home/airflow/.local/lib/python3.6/site-packages/airflow/example_dags/example_latest_only_with_trigger.py
[2024-09-09 21:02:20,987] {logging_mixin.py:104} INFO - [2024-09-09 21:02:20,986] {dag.py:1824} INFO - Sync 1 DAGs
[2024-09-09 21:02:21,005] {logging_mixin.py:104} INFO - [2024-09-09 21:02:21,005] {dag.py:2280} INFO - Setting next_dagrun for latest_only_with_trigger to 2024-09-07 00:00:00+00:00
[2024-09-09 21:02:21,015] {scheduler_job.py:190} INFO - Processing /home/airflow/.local/lib/python3.6/site-packages/airflow/example_dags/example_latest_only_with_trigger.py took 0.073 seconds
[2024-09-09 21:02:51,280] {scheduler_job.py:182} INFO - Started process (PID=650) to work on /home/airflow/.local/lib/python3.6/site-packages/airflow/example_dags/example_latest_only_with_trigger.py
[2024-09-09 21:02:51,281] {scheduler_job.py:629} INFO - Processing file /home/airflow/.local/lib/python3.6/site-packages/airflow/example_dags/example_latest_only_with_trigger.py for tasks to queue
[2024-09-09 21:02:51,282] {logging_mixin.py:104} INFO - [2024-09-09 21:02:51,282] {dagbag.py:451} INFO - Filling up the DagBag from /home/airflow/.local/lib/python3.6/site-packages/airflow/example_dags/example_latest_only_with_trigger.py
[2024-09-09 21:02:51,294] {scheduler_job.py:639} INFO - DAG(s) dict_keys(['latest_only_with_trigger']) retrieved from /home/airflow/.local/lib/python3.6/site-packages/airflow/example_dags/example_latest_only_with_trigger.py
[2024-09-09 21:02:51,317] {logging_mixin.py:104} INFO - [2024-09-09 21:02:51,316] {dag.py:1824} INFO - Sync 1 DAGs
[2024-09-09 21:02:51,334] {logging_mixin.py:104} INFO - [2024-09-09 21:02:51,334] {dag.py:2280} INFO - Setting next_dagrun for latest_only_with_trigger to 2024-09-07 00:00:00+00:00
[2024-09-09 21:02:51,344] {scheduler_job.py:190} INFO - Processing /home/airflow/.local/lib/python3.6/site-packages/airflow/example_dags/example_latest_only_with_trigger.py took 0.068 seconds
[2024-09-09 21:03:21,643] {scheduler_job.py:182} INFO - Started process (PID=678) to work on /home/airflow/.local/lib/python3.6/site-packages/airflow/example_dags/example_latest_only_with_trigger.py
[2024-09-09 21:03:21,644] {scheduler_job.py:629} INFO - Processing file /home/airflow/.local/lib/python3.6/site-packages/airflow/example_dags/example_latest_only_with_trigger.py for tasks to queue
[2024-09-09 21:03:21,644] {logging_mixin.py:104} INFO - [2024-09-09 21:03:21,644] {dagbag.py:451} INFO - Filling up the DagBag from /home/airflow/.local/lib/python3.6/site-packages/airflow/example_dags/example_latest_only_with_trigger.py
[2024-09-09 21:03:21,655] {scheduler_job.py:639} INFO - DAG(s) dict_keys(['latest_only_with_trigger']) retrieved from /home/airflow/.local/lib/python3.6/site-packages/airflow/example_dags/example_latest_only_with_trigger.py
[2024-09-09 21:03:21,680] {logging_mixin.py:104} INFO - [2024-09-09 21:03:21,680] {dag.py:1824} INFO - Sync 1 DAGs
[2024-09-09 21:03:21,696] {logging_mixin.py:104} INFO - [2024-09-09 21:03:21,696] {dag.py:2280} INFO - Setting next_dagrun for latest_only_with_trigger to 2024-09-07 00:00:00+00:00
[2024-09-09 21:03:21,706] {scheduler_job.py:190} INFO - Processing /home/airflow/.local/lib/python3.6/site-packages/airflow/example_dags/example_latest_only_with_trigger.py took 0.066 seconds
[2024-09-09 21:03:52,072] {scheduler_job.py:182} INFO - Started process (PID=705) to work on /home/airflow/.local/lib/python3.6/site-packages/airflow/example_dags/example_latest_only_with_trigger.py
[2024-09-09 21:03:52,074] {scheduler_job.py:629} INFO - Processing file /home/airflow/.local/lib/python3.6/site-packages/airflow/example_dags/example_latest_only_with_trigger.py for tasks to queue
[2024-09-09 21:03:52,075] {logging_mixin.py:104} INFO - [2024-09-09 21:03:52,074] {dagbag.py:451} INFO - Filling up the DagBag from /home/airflow/.local/lib/python3.6/site-packages/airflow/example_dags/example_latest_only_with_trigger.py
[2024-09-09 21:03:52,087] {scheduler_job.py:639} INFO - DAG(s) dict_keys(['latest_only_with_trigger']) retrieved from /home/airflow/.local/lib/python3.6/site-packages/airflow/example_dags/example_latest_only_with_trigger.py
[2024-09-09 21:03:52,109] {logging_mixin.py:104} INFO - [2024-09-09 21:03:52,109] {dag.py:1824} INFO - Sync 1 DAGs
[2024-09-09 21:03:52,127] {logging_mixin.py:104} INFO - [2024-09-09 21:03:52,127] {dag.py:2280} INFO - Setting next_dagrun for latest_only_with_trigger to 2024-09-07 00:00:00+00:00
[2024-09-09 21:03:52,137] {scheduler_job.py:190} INFO - Processing /home/airflow/.local/lib/python3.6/site-packages/airflow/example_dags/example_latest_only_with_trigger.py took 0.070 seconds
[2024-09-09 21:04:22,389] {scheduler_job.py:182} INFO - Started process (PID=732) to work on /home/airflow/.local/lib/python3.6/site-packages/airflow/example_dags/example_latest_only_with_trigger.py
[2024-09-09 21:04:22,390] {scheduler_job.py:629} INFO - Processing file /home/airflow/.local/lib/python3.6/site-packages/airflow/example_dags/example_latest_only_with_trigger.py for tasks to queue
[2024-09-09 21:04:22,391] {logging_mixin.py:104} INFO - [2024-09-09 21:04:22,391] {dagbag.py:451} INFO - Filling up the DagBag from /home/airflow/.local/lib/python3.6/site-packages/airflow/example_dags/example_latest_only_with_trigger.py
[2024-09-09 21:04:22,402] {scheduler_job.py:639} INFO - DAG(s) dict_keys(['latest_only_with_trigger']) retrieved from /home/airflow/.local/lib/python3.6/site-packages/airflow/example_dags/example_latest_only_with_trigger.py
[2024-09-09 21:04:22,424] {logging_mixin.py:104} INFO - [2024-09-09 21:04:22,424] {dag.py:1824} INFO - Sync 1 DAGs
[2024-09-09 21:04:22,441] {logging_mixin.py:104} INFO - [2024-09-09 21:04:22,440] {dag.py:2280} INFO - Setting next_dagrun for latest_only_with_trigger to 2024-09-07 00:00:00+00:00
[2024-09-09 21:04:22,450] {scheduler_job.py:190} INFO - Processing /home/airflow/.local/lib/python3.6/site-packages/airflow/example_dags/example_latest_only_with_trigger.py took 0.064 seconds
[2024-09-09 21:04:52,756] {scheduler_job.py:182} INFO - Started process (PID=759) to work on /home/airflow/.local/lib/python3.6/site-packages/airflow/example_dags/example_latest_only_with_trigger.py
[2024-09-09 21:04:52,757] {scheduler_job.py:629} INFO - Processing file /home/airflow/.local/lib/python3.6/site-packages/airflow/example_dags/example_latest_only_with_trigger.py for tasks to queue
[2024-09-09 21:04:52,757] {logging_mixin.py:104} INFO - [2024-09-09 21:04:52,757] {dagbag.py:451} INFO - Filling up the DagBag from /home/airflow/.local/lib/python3.6/site-packages/airflow/example_dags/example_latest_only_with_trigger.py
[2024-09-09 21:04:52,768] {scheduler_job.py:639} INFO - DAG(s) dict_keys(['latest_only_with_trigger']) retrieved from /home/airflow/.local/lib/python3.6/site-packages/airflow/example_dags/example_latest_only_with_trigger.py
[2024-09-09 21:04:52,792] {logging_mixin.py:104} INFO - [2024-09-09 21:04:52,792] {dag.py:1824} INFO - Sync 1 DAGs
[2024-09-09 21:04:52,808] {logging_mixin.py:104} INFO - [2024-09-09 21:04:52,808] {dag.py:2280} INFO - Setting next_dagrun for latest_only_with_trigger to 2024-09-07 00:00:00+00:00
[2024-09-09 21:04:52,817] {scheduler_job.py:190} INFO - Processing /home/airflow/.local/lib/python3.6/site-packages/airflow/example_dags/example_latest_only_with_trigger.py took 0.064 seconds
[2024-09-09 21:11:38,843] {scheduler_job.py:182} INFO - Started process (PID=47) to work on /home/airflow/.local/lib/python3.6/site-packages/airflow/example_dags/example_latest_only_with_trigger.py
[2024-09-09 21:11:38,844] {scheduler_job.py:629} INFO - Processing file /home/airflow/.local/lib/python3.6/site-packages/airflow/example_dags/example_latest_only_with_trigger.py for tasks to queue
[2024-09-09 21:11:38,844] {logging_mixin.py:104} INFO - [2024-09-09 21:11:38,844] {dagbag.py:451} INFO - Filling up the DagBag from /home/airflow/.local/lib/python3.6/site-packages/airflow/example_dags/example_latest_only_with_trigger.py
[2024-09-09 21:11:38,853] {scheduler_job.py:639} INFO - DAG(s) dict_keys(['latest_only_with_trigger']) retrieved from /home/airflow/.local/lib/python3.6/site-packages/airflow/example_dags/example_latest_only_with_trigger.py
[2024-09-09 21:11:38,870] {logging_mixin.py:104} INFO - [2024-09-09 21:11:38,870] {dag.py:1824} INFO - Sync 1 DAGs
[2024-09-09 21:11:38,885] {logging_mixin.py:104} INFO - [2024-09-09 21:11:38,884] {dag.py:2280} INFO - Setting next_dagrun for latest_only_with_trigger to 2024-09-07 00:00:00+00:00
[2024-09-09 21:11:38,894] {scheduler_job.py:190} INFO - Processing /home/airflow/.local/lib/python3.6/site-packages/airflow/example_dags/example_latest_only_with_trigger.py took 0.053 seconds
[2024-09-09 21:12:09,329] {scheduler_job.py:182} INFO - Started process (PID=74) to work on /home/airflow/.local/lib/python3.6/site-packages/airflow/example_dags/example_latest_only_with_trigger.py
[2024-09-09 21:12:09,330] {scheduler_job.py:629} INFO - Processing file /home/airflow/.local/lib/python3.6/site-packages/airflow/example_dags/example_latest_only_with_trigger.py for tasks to queue
[2024-09-09 21:12:09,331] {logging_mixin.py:104} INFO - [2024-09-09 21:12:09,331] {dagbag.py:451} INFO - Filling up the DagBag from /home/airflow/.local/lib/python3.6/site-packages/airflow/example_dags/example_latest_only_with_trigger.py
[2024-09-09 21:12:09,345] {scheduler_job.py:639} INFO - DAG(s) dict_keys(['latest_only_with_trigger']) retrieved from /home/airflow/.local/lib/python3.6/site-packages/airflow/example_dags/example_latest_only_with_trigger.py
[2024-09-09 21:12:09,384] {logging_mixin.py:104} INFO - [2024-09-09 21:12:09,384] {dag.py:1824} INFO - Sync 1 DAGs
[2024-09-09 21:12:09,412] {logging_mixin.py:104} INFO - [2024-09-09 21:12:09,411] {dag.py:2280} INFO - Setting next_dagrun for latest_only_with_trigger to 2024-09-07 00:00:00+00:00
[2024-09-09 21:12:09,422] {scheduler_job.py:190} INFO - Processing /home/airflow/.local/lib/python3.6/site-packages/airflow/example_dags/example_latest_only_with_trigger.py took 0.097 seconds
[2024-09-09 21:12:39,455] {scheduler_job.py:182} INFO - Started process (PID=102) to work on /home/airflow/.local/lib/python3.6/site-packages/airflow/example_dags/example_latest_only_with_trigger.py
[2024-09-09 21:12:39,456] {scheduler_job.py:629} INFO - Processing file /home/airflow/.local/lib/python3.6/site-packages/airflow/example_dags/example_latest_only_with_trigger.py for tasks to queue
[2024-09-09 21:12:39,457] {logging_mixin.py:104} INFO - [2024-09-09 21:12:39,457] {dagbag.py:451} INFO - Filling up the DagBag from /home/airflow/.local/lib/python3.6/site-packages/airflow/example_dags/example_latest_only_with_trigger.py
[2024-09-09 21:12:39,469] {scheduler_job.py:639} INFO - DAG(s) dict_keys(['latest_only_with_trigger']) retrieved from /home/airflow/.local/lib/python3.6/site-packages/airflow/example_dags/example_latest_only_with_trigger.py
[2024-09-09 21:12:39,490] {logging_mixin.py:104} INFO - [2024-09-09 21:12:39,489] {dag.py:1824} INFO - Sync 1 DAGs
[2024-09-09 21:12:39,509] {logging_mixin.py:104} INFO - [2024-09-09 21:12:39,509] {dag.py:2280} INFO - Setting next_dagrun for latest_only_with_trigger to 2024-09-07 00:00:00+00:00
[2024-09-09 21:12:39,519] {scheduler_job.py:190} INFO - Processing /home/airflow/.local/lib/python3.6/site-packages/airflow/example_dags/example_latest_only_with_trigger.py took 0.068 seconds
[2024-09-09 21:13:09,597] {scheduler_job.py:182} INFO - Started process (PID=126) to work on /home/airflow/.local/lib/python3.6/site-packages/airflow/example_dags/example_latest_only_with_trigger.py
[2024-09-09 21:13:09,598] {scheduler_job.py:629} INFO - Processing file /home/airflow/.local/lib/python3.6/site-packages/airflow/example_dags/example_latest_only_with_trigger.py for tasks to queue
[2024-09-09 21:13:09,598] {logging_mixin.py:104} INFO - [2024-09-09 21:13:09,598] {dagbag.py:451} INFO - Filling up the DagBag from /home/airflow/.local/lib/python3.6/site-packages/airflow/example_dags/example_latest_only_with_trigger.py
[2024-09-09 21:13:09,609] {scheduler_job.py:639} INFO - DAG(s) dict_keys(['latest_only_with_trigger']) retrieved from /home/airflow/.local/lib/python3.6/site-packages/airflow/example_dags/example_latest_only_with_trigger.py
[2024-09-09 21:13:09,631] {logging_mixin.py:104} INFO - [2024-09-09 21:13:09,631] {dag.py:1824} INFO - Sync 1 DAGs
[2024-09-09 21:13:09,650] {logging_mixin.py:104} INFO - [2024-09-09 21:13:09,650] {dag.py:2280} INFO - Setting next_dagrun for latest_only_with_trigger to 2024-09-07 00:00:00+00:00
[2024-09-09 21:13:09,660] {scheduler_job.py:190} INFO - Processing /home/airflow/.local/lib/python3.6/site-packages/airflow/example_dags/example_latest_only_with_trigger.py took 0.067 seconds
[2024-09-09 21:13:39,842] {scheduler_job.py:182} INFO - Started process (PID=149) to work on /home/airflow/.local/lib/python3.6/site-packages/airflow/example_dags/example_latest_only_with_trigger.py
[2024-09-09 21:13:39,843] {scheduler_job.py:629} INFO - Processing file /home/airflow/.local/lib/python3.6/site-packages/airflow/example_dags/example_latest_only_with_trigger.py for tasks to queue
[2024-09-09 21:13:39,843] {logging_mixin.py:104} INFO - [2024-09-09 21:13:39,843] {dagbag.py:451} INFO - Filling up the DagBag from /home/airflow/.local/lib/python3.6/site-packages/airflow/example_dags/example_latest_only_with_trigger.py
[2024-09-09 21:13:39,855] {scheduler_job.py:639} INFO - DAG(s) dict_keys(['latest_only_with_trigger']) retrieved from /home/airflow/.local/lib/python3.6/site-packages/airflow/example_dags/example_latest_only_with_trigger.py
[2024-09-09 21:13:39,877] {logging_mixin.py:104} INFO - [2024-09-09 21:13:39,877] {dag.py:1824} INFO - Sync 1 DAGs
[2024-09-09 21:13:39,898] {logging_mixin.py:104} INFO - [2024-09-09 21:13:39,898] {dag.py:2280} INFO - Setting next_dagrun for latest_only_with_trigger to 2024-09-07 00:00:00+00:00
[2024-09-09 21:13:39,911] {scheduler_job.py:190} INFO - Processing /home/airflow/.local/lib/python3.6/site-packages/airflow/example_dags/example_latest_only_with_trigger.py took 0.072 seconds
[2024-09-09 21:14:10,237] {scheduler_job.py:182} INFO - Started process (PID=176) to work on /home/airflow/.local/lib/python3.6/site-packages/airflow/example_dags/example_latest_only_with_trigger.py
[2024-09-09 21:14:10,238] {scheduler_job.py:629} INFO - Processing file /home/airflow/.local/lib/python3.6/site-packages/airflow/example_dags/example_latest_only_with_trigger.py for tasks to queue
[2024-09-09 21:14:10,238] {logging_mixin.py:104} INFO - [2024-09-09 21:14:10,238] {dagbag.py:451} INFO - Filling up the DagBag from /home/airflow/.local/lib/python3.6/site-packages/airflow/example_dags/example_latest_only_with_trigger.py
[2024-09-09 21:14:10,250] {scheduler_job.py:639} INFO - DAG(s) dict_keys(['latest_only_with_trigger']) retrieved from /home/airflow/.local/lib/python3.6/site-packages/airflow/example_dags/example_latest_only_with_trigger.py
[2024-09-09 21:14:10,272] {logging_mixin.py:104} INFO - [2024-09-09 21:14:10,272] {dag.py:1824} INFO - Sync 1 DAGs
[2024-09-09 21:14:10,292] {logging_mixin.py:104} INFO - [2024-09-09 21:14:10,292] {dag.py:2280} INFO - Setting next_dagrun for latest_only_with_trigger to 2024-09-07 00:00:00+00:00
[2024-09-09 21:14:10,303] {scheduler_job.py:190} INFO - Processing /home/airflow/.local/lib/python3.6/site-packages/airflow/example_dags/example_latest_only_with_trigger.py took 0.069 seconds
[2024-09-09 21:14:40,932] {scheduler_job.py:182} INFO - Started process (PID=204) to work on /home/airflow/.local/lib/python3.6/site-packages/airflow/example_dags/example_latest_only_with_trigger.py
[2024-09-09 21:14:40,933] {scheduler_job.py:629} INFO - Processing file /home/airflow/.local/lib/python3.6/site-packages/airflow/example_dags/example_latest_only_with_trigger.py for tasks to queue
[2024-09-09 21:14:40,934] {logging_mixin.py:104} INFO - [2024-09-09 21:14:40,934] {dagbag.py:451} INFO - Filling up the DagBag from /home/airflow/.local/lib/python3.6/site-packages/airflow/example_dags/example_latest_only_with_trigger.py
[2024-09-09 21:14:40,946] {scheduler_job.py:639} INFO - DAG(s) dict_keys(['latest_only_with_trigger']) retrieved from /home/airflow/.local/lib/python3.6/site-packages/airflow/example_dags/example_latest_only_with_trigger.py
[2024-09-09 21:14:40,974] {logging_mixin.py:104} INFO - [2024-09-09 21:14:40,974] {dag.py:1824} INFO - Sync 1 DAGs
[2024-09-09 21:14:40,992] {logging_mixin.py:104} INFO - [2024-09-09 21:14:40,991] {dag.py:2280} INFO - Setting next_dagrun for latest_only_with_trigger to 2024-09-07 00:00:00+00:00
[2024-09-09 21:14:41,002] {scheduler_job.py:190} INFO - Processing /home/airflow/.local/lib/python3.6/site-packages/airflow/example_dags/example_latest_only_with_trigger.py took 0.073 seconds
