[2024-09-09 09:52:27,512] {scheduler_job.py:182} INFO - Started process (PID=55) to work on /home/airflow/.local/lib/python3.6/site-packages/airflow/example_dags/example_branch_python_dop_operator_3.py
[2024-09-09 09:52:27,513] {scheduler_job.py:629} INFO - Processing file /home/airflow/.local/lib/python3.6/site-packages/airflow/example_dags/example_branch_python_dop_operator_3.py for tasks to queue
[2024-09-09 09:52:27,514] {logging_mixin.py:104} INFO - [2024-09-09 09:52:27,513] {dagbag.py:451} INFO - Filling up the DagBag from /home/airflow/.local/lib/python3.6/site-packages/airflow/example_dags/example_branch_python_dop_operator_3.py
[2024-09-09 09:52:27,530] {scheduler_job.py:639} INFO - DAG(s) dict_keys(['example_branch_dop_operator_v3']) retrieved from /home/airflow/.local/lib/python3.6/site-packages/airflow/example_dags/example_branch_python_dop_operator_3.py
[2024-09-09 09:52:27,580] {logging_mixin.py:104} INFO - [2024-09-09 09:52:27,580] {dag.py:1824} INFO - Sync 1 DAGs
[2024-09-09 09:52:27,601] {logging_mixin.py:104} INFO - [2024-09-09 09:52:27,601] {dag.py:1843} INFO - Creating ORM DAG for example_branch_dop_operator_v3
[2024-09-09 09:52:27,634] {logging_mixin.py:104} INFO - [2024-09-09 09:52:27,634] {dag.py:2280} INFO - Setting next_dagrun for example_branch_dop_operator_v3 to 2024-09-07 00:00:00+00:00
[2024-09-09 09:52:27,664] {scheduler_job.py:190} INFO - Processing /home/airflow/.local/lib/python3.6/site-packages/airflow/example_dags/example_branch_python_dop_operator_3.py took 0.156 seconds
[2024-09-09 09:52:58,188] {scheduler_job.py:182} INFO - Started process (PID=84) to work on /home/airflow/.local/lib/python3.6/site-packages/airflow/example_dags/example_branch_python_dop_operator_3.py
[2024-09-09 09:52:58,189] {scheduler_job.py:629} INFO - Processing file /home/airflow/.local/lib/python3.6/site-packages/airflow/example_dags/example_branch_python_dop_operator_3.py for tasks to queue
[2024-09-09 09:52:58,190] {logging_mixin.py:104} INFO - [2024-09-09 09:52:58,190] {dagbag.py:451} INFO - Filling up the DagBag from /home/airflow/.local/lib/python3.6/site-packages/airflow/example_dags/example_branch_python_dop_operator_3.py
[2024-09-09 09:52:58,209] {scheduler_job.py:639} INFO - DAG(s) dict_keys(['example_branch_dop_operator_v3']) retrieved from /home/airflow/.local/lib/python3.6/site-packages/airflow/example_dags/example_branch_python_dop_operator_3.py
[2024-09-09 09:52:58,250] {logging_mixin.py:104} INFO - [2024-09-09 09:52:58,249] {dag.py:1824} INFO - Sync 1 DAGs
[2024-09-09 09:52:58,292] {logging_mixin.py:104} INFO - [2024-09-09 09:52:58,292] {dag.py:2280} INFO - Setting next_dagrun for example_branch_dop_operator_v3 to 2024-09-07 00:00:00+00:00
[2024-09-09 09:52:58,311] {scheduler_job.py:190} INFO - Processing /home/airflow/.local/lib/python3.6/site-packages/airflow/example_dags/example_branch_python_dop_operator_3.py took 0.127 seconds
[2024-09-09 20:51:41,680] {scheduler_job.py:182} INFO - Started process (PID=41) to work on /home/airflow/.local/lib/python3.6/site-packages/airflow/example_dags/example_branch_python_dop_operator_3.py
[2024-09-09 20:51:41,682] {scheduler_job.py:629} INFO - Processing file /home/airflow/.local/lib/python3.6/site-packages/airflow/example_dags/example_branch_python_dop_operator_3.py for tasks to queue
[2024-09-09 20:51:41,683] {logging_mixin.py:104} INFO - [2024-09-09 20:51:41,683] {dagbag.py:451} INFO - Filling up the DagBag from /home/airflow/.local/lib/python3.6/site-packages/airflow/example_dags/example_branch_python_dop_operator_3.py
[2024-09-09 20:51:41,702] {scheduler_job.py:639} INFO - DAG(s) dict_keys(['example_branch_dop_operator_v3']) retrieved from /home/airflow/.local/lib/python3.6/site-packages/airflow/example_dags/example_branch_python_dop_operator_3.py
[2024-09-09 20:51:41,728] {logging_mixin.py:104} INFO - [2024-09-09 20:51:41,727] {dag.py:1824} INFO - Sync 1 DAGs
[2024-09-09 20:51:41,775] {logging_mixin.py:104} INFO - [2024-09-09 20:51:41,775] {dag.py:2280} INFO - Setting next_dagrun for example_branch_dop_operator_v3 to 2024-09-07 00:00:00+00:00
[2024-09-09 20:51:41,796] {scheduler_job.py:190} INFO - Processing /home/airflow/.local/lib/python3.6/site-packages/airflow/example_dags/example_branch_python_dop_operator_3.py took 0.120 seconds
[2024-09-09 20:52:12,072] {scheduler_job.py:182} INFO - Started process (PID=61) to work on /home/airflow/.local/lib/python3.6/site-packages/airflow/example_dags/example_branch_python_dop_operator_3.py
[2024-09-09 20:52:12,073] {scheduler_job.py:629} INFO - Processing file /home/airflow/.local/lib/python3.6/site-packages/airflow/example_dags/example_branch_python_dop_operator_3.py for tasks to queue
[2024-09-09 20:52:12,074] {logging_mixin.py:104} INFO - [2024-09-09 20:52:12,074] {dagbag.py:451} INFO - Filling up the DagBag from /home/airflow/.local/lib/python3.6/site-packages/airflow/example_dags/example_branch_python_dop_operator_3.py
[2024-09-09 20:52:12,092] {scheduler_job.py:639} INFO - DAG(s) dict_keys(['example_branch_dop_operator_v3']) retrieved from /home/airflow/.local/lib/python3.6/site-packages/airflow/example_dags/example_branch_python_dop_operator_3.py
[2024-09-09 20:52:12,116] {logging_mixin.py:104} INFO - [2024-09-09 20:52:12,116] {dag.py:1824} INFO - Sync 1 DAGs
[2024-09-09 20:52:12,155] {logging_mixin.py:104} INFO - [2024-09-09 20:52:12,155] {dag.py:2280} INFO - Setting next_dagrun for example_branch_dop_operator_v3 to 2024-09-07 00:00:00+00:00
[2024-09-09 20:52:12,168] {scheduler_job.py:190} INFO - Processing /home/airflow/.local/lib/python3.6/site-packages/airflow/example_dags/example_branch_python_dop_operator_3.py took 0.100 seconds
[2024-09-09 20:52:42,603] {scheduler_job.py:182} INFO - Started process (PID=91) to work on /home/airflow/.local/lib/python3.6/site-packages/airflow/example_dags/example_branch_python_dop_operator_3.py
[2024-09-09 20:52:42,604] {scheduler_job.py:629} INFO - Processing file /home/airflow/.local/lib/python3.6/site-packages/airflow/example_dags/example_branch_python_dop_operator_3.py for tasks to queue
[2024-09-09 20:52:42,605] {logging_mixin.py:104} INFO - [2024-09-09 20:52:42,605] {dagbag.py:451} INFO - Filling up the DagBag from /home/airflow/.local/lib/python3.6/site-packages/airflow/example_dags/example_branch_python_dop_operator_3.py
[2024-09-09 20:52:42,621] {scheduler_job.py:639} INFO - DAG(s) dict_keys(['example_branch_dop_operator_v3']) retrieved from /home/airflow/.local/lib/python3.6/site-packages/airflow/example_dags/example_branch_python_dop_operator_3.py
[2024-09-09 20:52:42,648] {logging_mixin.py:104} INFO - [2024-09-09 20:52:42,648] {dag.py:1824} INFO - Sync 1 DAGs
[2024-09-09 20:52:42,686] {logging_mixin.py:104} INFO - [2024-09-09 20:52:42,686] {dag.py:2280} INFO - Setting next_dagrun for example_branch_dop_operator_v3 to 2024-09-07 00:00:00+00:00
[2024-09-09 20:52:42,698] {scheduler_job.py:190} INFO - Processing /home/airflow/.local/lib/python3.6/site-packages/airflow/example_dags/example_branch_python_dop_operator_3.py took 0.099 seconds
[2024-09-09 20:53:13,242] {scheduler_job.py:182} INFO - Started process (PID=124) to work on /home/airflow/.local/lib/python3.6/site-packages/airflow/example_dags/example_branch_python_dop_operator_3.py
[2024-09-09 20:53:13,243] {scheduler_job.py:629} INFO - Processing file /home/airflow/.local/lib/python3.6/site-packages/airflow/example_dags/example_branch_python_dop_operator_3.py for tasks to queue
[2024-09-09 20:53:13,244] {logging_mixin.py:104} INFO - [2024-09-09 20:53:13,243] {dagbag.py:451} INFO - Filling up the DagBag from /home/airflow/.local/lib/python3.6/site-packages/airflow/example_dags/example_branch_python_dop_operator_3.py
[2024-09-09 20:53:13,260] {scheduler_job.py:639} INFO - DAG(s) dict_keys(['example_branch_dop_operator_v3']) retrieved from /home/airflow/.local/lib/python3.6/site-packages/airflow/example_dags/example_branch_python_dop_operator_3.py
[2024-09-09 20:53:13,287] {logging_mixin.py:104} INFO - [2024-09-09 20:53:13,287] {dag.py:1824} INFO - Sync 1 DAGs
[2024-09-09 20:53:13,321] {logging_mixin.py:104} INFO - [2024-09-09 20:53:13,321] {dag.py:2280} INFO - Setting next_dagrun for example_branch_dop_operator_v3 to 2024-09-07 00:00:00+00:00
[2024-09-09 20:53:13,333] {scheduler_job.py:190} INFO - Processing /home/airflow/.local/lib/python3.6/site-packages/airflow/example_dags/example_branch_python_dop_operator_3.py took 0.095 seconds
[2024-09-09 20:53:43,675] {scheduler_job.py:182} INFO - Started process (PID=152) to work on /home/airflow/.local/lib/python3.6/site-packages/airflow/example_dags/example_branch_python_dop_operator_3.py
[2024-09-09 20:53:43,676] {scheduler_job.py:629} INFO - Processing file /home/airflow/.local/lib/python3.6/site-packages/airflow/example_dags/example_branch_python_dop_operator_3.py for tasks to queue
[2024-09-09 20:53:43,677] {logging_mixin.py:104} INFO - [2024-09-09 20:53:43,677] {dagbag.py:451} INFO - Filling up the DagBag from /home/airflow/.local/lib/python3.6/site-packages/airflow/example_dags/example_branch_python_dop_operator_3.py
[2024-09-09 20:53:43,691] {scheduler_job.py:639} INFO - DAG(s) dict_keys(['example_branch_dop_operator_v3']) retrieved from /home/airflow/.local/lib/python3.6/site-packages/airflow/example_dags/example_branch_python_dop_operator_3.py
[2024-09-09 20:53:43,716] {logging_mixin.py:104} INFO - [2024-09-09 20:53:43,716] {dag.py:1824} INFO - Sync 1 DAGs
[2024-09-09 20:53:43,746] {logging_mixin.py:104} INFO - [2024-09-09 20:53:43,746] {dag.py:2280} INFO - Setting next_dagrun for example_branch_dop_operator_v3 to 2024-09-07 00:00:00+00:00
[2024-09-09 20:53:43,755] {scheduler_job.py:190} INFO - Processing /home/airflow/.local/lib/python3.6/site-packages/airflow/example_dags/example_branch_python_dop_operator_3.py took 0.084 seconds
[2024-09-09 20:54:14,302] {scheduler_job.py:182} INFO - Started process (PID=182) to work on /home/airflow/.local/lib/python3.6/site-packages/airflow/example_dags/example_branch_python_dop_operator_3.py
[2024-09-09 20:54:14,304] {scheduler_job.py:629} INFO - Processing file /home/airflow/.local/lib/python3.6/site-packages/airflow/example_dags/example_branch_python_dop_operator_3.py for tasks to queue
[2024-09-09 20:54:14,304] {logging_mixin.py:104} INFO - [2024-09-09 20:54:14,304] {dagbag.py:451} INFO - Filling up the DagBag from /home/airflow/.local/lib/python3.6/site-packages/airflow/example_dags/example_branch_python_dop_operator_3.py
[2024-09-09 20:54:14,320] {scheduler_job.py:639} INFO - DAG(s) dict_keys(['example_branch_dop_operator_v3']) retrieved from /home/airflow/.local/lib/python3.6/site-packages/airflow/example_dags/example_branch_python_dop_operator_3.py
[2024-09-09 20:54:14,348] {logging_mixin.py:104} INFO - [2024-09-09 20:54:14,347] {dag.py:1824} INFO - Sync 1 DAGs
[2024-09-09 20:54:14,379] {logging_mixin.py:104} INFO - [2024-09-09 20:54:14,379] {dag.py:2280} INFO - Setting next_dagrun for example_branch_dop_operator_v3 to 2024-09-07 00:00:00+00:00
[2024-09-09 20:54:14,390] {scheduler_job.py:190} INFO - Processing /home/airflow/.local/lib/python3.6/site-packages/airflow/example_dags/example_branch_python_dop_operator_3.py took 0.091 seconds
[2024-09-09 20:54:44,841] {scheduler_job.py:182} INFO - Started process (PID=210) to work on /home/airflow/.local/lib/python3.6/site-packages/airflow/example_dags/example_branch_python_dop_operator_3.py
[2024-09-09 20:54:44,842] {scheduler_job.py:629} INFO - Processing file /home/airflow/.local/lib/python3.6/site-packages/airflow/example_dags/example_branch_python_dop_operator_3.py for tasks to queue
[2024-09-09 20:54:44,843] {logging_mixin.py:104} INFO - [2024-09-09 20:54:44,843] {dagbag.py:451} INFO - Filling up the DagBag from /home/airflow/.local/lib/python3.6/site-packages/airflow/example_dags/example_branch_python_dop_operator_3.py
[2024-09-09 20:54:44,860] {scheduler_job.py:639} INFO - DAG(s) dict_keys(['example_branch_dop_operator_v3']) retrieved from /home/airflow/.local/lib/python3.6/site-packages/airflow/example_dags/example_branch_python_dop_operator_3.py
[2024-09-09 20:54:44,889] {logging_mixin.py:104} INFO - [2024-09-09 20:54:44,889] {dag.py:1824} INFO - Sync 1 DAGs
[2024-09-09 20:54:44,919] {logging_mixin.py:104} INFO - [2024-09-09 20:54:44,919] {dag.py:2280} INFO - Setting next_dagrun for example_branch_dop_operator_v3 to 2024-09-07 00:00:00+00:00
[2024-09-09 20:54:44,928] {scheduler_job.py:190} INFO - Processing /home/airflow/.local/lib/python3.6/site-packages/airflow/example_dags/example_branch_python_dop_operator_3.py took 0.090 seconds
[2024-09-09 20:55:15,575] {scheduler_job.py:182} INFO - Started process (PID=243) to work on /home/airflow/.local/lib/python3.6/site-packages/airflow/example_dags/example_branch_python_dop_operator_3.py
[2024-09-09 20:55:15,577] {scheduler_job.py:629} INFO - Processing file /home/airflow/.local/lib/python3.6/site-packages/airflow/example_dags/example_branch_python_dop_operator_3.py for tasks to queue
[2024-09-09 20:55:15,577] {logging_mixin.py:104} INFO - [2024-09-09 20:55:15,577] {dagbag.py:451} INFO - Filling up the DagBag from /home/airflow/.local/lib/python3.6/site-packages/airflow/example_dags/example_branch_python_dop_operator_3.py
[2024-09-09 20:55:15,593] {scheduler_job.py:639} INFO - DAG(s) dict_keys(['example_branch_dop_operator_v3']) retrieved from /home/airflow/.local/lib/python3.6/site-packages/airflow/example_dags/example_branch_python_dop_operator_3.py
[2024-09-09 20:55:15,620] {logging_mixin.py:104} INFO - [2024-09-09 20:55:15,619] {dag.py:1824} INFO - Sync 1 DAGs
[2024-09-09 20:55:15,649] {logging_mixin.py:104} INFO - [2024-09-09 20:55:15,649] {dag.py:2280} INFO - Setting next_dagrun for example_branch_dop_operator_v3 to 2024-09-07 00:00:00+00:00
[2024-09-09 20:55:15,660] {scheduler_job.py:190} INFO - Processing /home/airflow/.local/lib/python3.6/site-packages/airflow/example_dags/example_branch_python_dop_operator_3.py took 0.090 seconds
[2024-09-09 20:55:45,947] {scheduler_job.py:182} INFO - Started process (PID=272) to work on /home/airflow/.local/lib/python3.6/site-packages/airflow/example_dags/example_branch_python_dop_operator_3.py
[2024-09-09 20:55:45,949] {scheduler_job.py:629} INFO - Processing file /home/airflow/.local/lib/python3.6/site-packages/airflow/example_dags/example_branch_python_dop_operator_3.py for tasks to queue
[2024-09-09 20:55:45,950] {logging_mixin.py:104} INFO - [2024-09-09 20:55:45,950] {dagbag.py:451} INFO - Filling up the DagBag from /home/airflow/.local/lib/python3.6/site-packages/airflow/example_dags/example_branch_python_dop_operator_3.py
[2024-09-09 20:55:45,965] {scheduler_job.py:639} INFO - DAG(s) dict_keys(['example_branch_dop_operator_v3']) retrieved from /home/airflow/.local/lib/python3.6/site-packages/airflow/example_dags/example_branch_python_dop_operator_3.py
[2024-09-09 20:55:45,992] {logging_mixin.py:104} INFO - [2024-09-09 20:55:45,992] {dag.py:1824} INFO - Sync 1 DAGs
[2024-09-09 20:55:46,022] {logging_mixin.py:104} INFO - [2024-09-09 20:55:46,022] {dag.py:2280} INFO - Setting next_dagrun for example_branch_dop_operator_v3 to 2024-09-07 00:00:00+00:00
[2024-09-09 20:55:46,031] {scheduler_job.py:190} INFO - Processing /home/airflow/.local/lib/python3.6/site-packages/airflow/example_dags/example_branch_python_dop_operator_3.py took 0.088 seconds
[2024-09-09 20:56:16,126] {scheduler_job.py:182} INFO - Started process (PID=294) to work on /home/airflow/.local/lib/python3.6/site-packages/airflow/example_dags/example_branch_python_dop_operator_3.py
[2024-09-09 20:56:16,128] {scheduler_job.py:629} INFO - Processing file /home/airflow/.local/lib/python3.6/site-packages/airflow/example_dags/example_branch_python_dop_operator_3.py for tasks to queue
[2024-09-09 20:56:16,129] {logging_mixin.py:104} INFO - [2024-09-09 20:56:16,128] {dagbag.py:451} INFO - Filling up the DagBag from /home/airflow/.local/lib/python3.6/site-packages/airflow/example_dags/example_branch_python_dop_operator_3.py
[2024-09-09 20:56:16,151] {scheduler_job.py:639} INFO - DAG(s) dict_keys(['example_branch_dop_operator_v3']) retrieved from /home/airflow/.local/lib/python3.6/site-packages/airflow/example_dags/example_branch_python_dop_operator_3.py
[2024-09-09 20:56:16,172] {logging_mixin.py:104} INFO - [2024-09-09 20:56:16,172] {dag.py:1824} INFO - Sync 1 DAGs
[2024-09-09 20:56:16,202] {logging_mixin.py:104} INFO - [2024-09-09 20:56:16,202] {dag.py:2280} INFO - Setting next_dagrun for example_branch_dop_operator_v3 to 2024-09-07 00:00:00+00:00
[2024-09-09 20:56:16,211] {scheduler_job.py:190} INFO - Processing /home/airflow/.local/lib/python3.6/site-packages/airflow/example_dags/example_branch_python_dop_operator_3.py took 0.090 seconds
[2024-09-09 20:56:46,350] {scheduler_job.py:182} INFO - Started process (PID=317) to work on /home/airflow/.local/lib/python3.6/site-packages/airflow/example_dags/example_branch_python_dop_operator_3.py
[2024-09-09 20:56:46,352] {scheduler_job.py:629} INFO - Processing file /home/airflow/.local/lib/python3.6/site-packages/airflow/example_dags/example_branch_python_dop_operator_3.py for tasks to queue
[2024-09-09 20:56:46,353] {logging_mixin.py:104} INFO - [2024-09-09 20:56:46,353] {dagbag.py:451} INFO - Filling up the DagBag from /home/airflow/.local/lib/python3.6/site-packages/airflow/example_dags/example_branch_python_dop_operator_3.py
[2024-09-09 20:56:46,370] {scheduler_job.py:639} INFO - DAG(s) dict_keys(['example_branch_dop_operator_v3']) retrieved from /home/airflow/.local/lib/python3.6/site-packages/airflow/example_dags/example_branch_python_dop_operator_3.py
[2024-09-09 20:56:46,392] {logging_mixin.py:104} INFO - [2024-09-09 20:56:46,392] {dag.py:1824} INFO - Sync 1 DAGs
[2024-09-09 20:56:46,422] {logging_mixin.py:104} INFO - [2024-09-09 20:56:46,421] {dag.py:2280} INFO - Setting next_dagrun for example_branch_dop_operator_v3 to 2024-09-07 00:00:00+00:00
[2024-09-09 20:56:46,431] {scheduler_job.py:190} INFO - Processing /home/airflow/.local/lib/python3.6/site-packages/airflow/example_dags/example_branch_python_dop_operator_3.py took 0.085 seconds
[2024-09-09 20:57:17,103] {scheduler_job.py:182} INFO - Started process (PID=349) to work on /home/airflow/.local/lib/python3.6/site-packages/airflow/example_dags/example_branch_python_dop_operator_3.py
[2024-09-09 20:57:17,104] {scheduler_job.py:629} INFO - Processing file /home/airflow/.local/lib/python3.6/site-packages/airflow/example_dags/example_branch_python_dop_operator_3.py for tasks to queue
[2024-09-09 20:57:17,105] {logging_mixin.py:104} INFO - [2024-09-09 20:57:17,104] {dagbag.py:451} INFO - Filling up the DagBag from /home/airflow/.local/lib/python3.6/site-packages/airflow/example_dags/example_branch_python_dop_operator_3.py
[2024-09-09 20:57:17,126] {scheduler_job.py:639} INFO - DAG(s) dict_keys(['example_branch_dop_operator_v3']) retrieved from /home/airflow/.local/lib/python3.6/site-packages/airflow/example_dags/example_branch_python_dop_operator_3.py
[2024-09-09 20:57:17,151] {logging_mixin.py:104} INFO - [2024-09-09 20:57:17,151] {dag.py:1824} INFO - Sync 1 DAGs
[2024-09-09 20:57:17,186] {logging_mixin.py:104} INFO - [2024-09-09 20:57:17,186] {dag.py:2280} INFO - Setting next_dagrun for example_branch_dop_operator_v3 to 2024-09-07 00:00:00+00:00
[2024-09-09 20:57:17,197] {scheduler_job.py:190} INFO - Processing /home/airflow/.local/lib/python3.6/site-packages/airflow/example_dags/example_branch_python_dop_operator_3.py took 0.099 seconds
[2024-09-09 20:57:47,479] {scheduler_job.py:182} INFO - Started process (PID=373) to work on /home/airflow/.local/lib/python3.6/site-packages/airflow/example_dags/example_branch_python_dop_operator_3.py
[2024-09-09 20:57:47,480] {scheduler_job.py:629} INFO - Processing file /home/airflow/.local/lib/python3.6/site-packages/airflow/example_dags/example_branch_python_dop_operator_3.py for tasks to queue
[2024-09-09 20:57:47,480] {logging_mixin.py:104} INFO - [2024-09-09 20:57:47,480] {dagbag.py:451} INFO - Filling up the DagBag from /home/airflow/.local/lib/python3.6/site-packages/airflow/example_dags/example_branch_python_dop_operator_3.py
[2024-09-09 20:57:47,498] {scheduler_job.py:639} INFO - DAG(s) dict_keys(['example_branch_dop_operator_v3']) retrieved from /home/airflow/.local/lib/python3.6/site-packages/airflow/example_dags/example_branch_python_dop_operator_3.py
[2024-09-09 20:57:47,521] {logging_mixin.py:104} INFO - [2024-09-09 20:57:47,521] {dag.py:1824} INFO - Sync 1 DAGs
[2024-09-09 20:57:47,552] {logging_mixin.py:104} INFO - [2024-09-09 20:57:47,552] {dag.py:2280} INFO - Setting next_dagrun for example_branch_dop_operator_v3 to 2024-09-07 00:00:00+00:00
[2024-09-09 20:57:47,562] {scheduler_job.py:190} INFO - Processing /home/airflow/.local/lib/python3.6/site-packages/airflow/example_dags/example_branch_python_dop_operator_3.py took 0.085 seconds
[2024-09-09 20:58:17,720] {scheduler_job.py:182} INFO - Started process (PID=398) to work on /home/airflow/.local/lib/python3.6/site-packages/airflow/example_dags/example_branch_python_dop_operator_3.py
[2024-09-09 20:58:17,721] {scheduler_job.py:629} INFO - Processing file /home/airflow/.local/lib/python3.6/site-packages/airflow/example_dags/example_branch_python_dop_operator_3.py for tasks to queue
[2024-09-09 20:58:17,722] {logging_mixin.py:104} INFO - [2024-09-09 20:58:17,722] {dagbag.py:451} INFO - Filling up the DagBag from /home/airflow/.local/lib/python3.6/site-packages/airflow/example_dags/example_branch_python_dop_operator_3.py
[2024-09-09 20:58:17,739] {scheduler_job.py:639} INFO - DAG(s) dict_keys(['example_branch_dop_operator_v3']) retrieved from /home/airflow/.local/lib/python3.6/site-packages/airflow/example_dags/example_branch_python_dop_operator_3.py
[2024-09-09 20:58:17,761] {logging_mixin.py:104} INFO - [2024-09-09 20:58:17,761] {dag.py:1824} INFO - Sync 1 DAGs
[2024-09-09 20:58:17,792] {logging_mixin.py:104} INFO - [2024-09-09 20:58:17,792] {dag.py:2280} INFO - Setting next_dagrun for example_branch_dop_operator_v3 to 2024-09-07 00:00:00+00:00
[2024-09-09 20:58:17,802] {scheduler_job.py:190} INFO - Processing /home/airflow/.local/lib/python3.6/site-packages/airflow/example_dags/example_branch_python_dop_operator_3.py took 0.084 seconds
[2024-09-09 20:58:48,247] {scheduler_job.py:182} INFO - Started process (PID=427) to work on /home/airflow/.local/lib/python3.6/site-packages/airflow/example_dags/example_branch_python_dop_operator_3.py
[2024-09-09 20:58:48,253] {scheduler_job.py:629} INFO - Processing file /home/airflow/.local/lib/python3.6/site-packages/airflow/example_dags/example_branch_python_dop_operator_3.py for tasks to queue
[2024-09-09 20:58:48,253] {logging_mixin.py:104} INFO - [2024-09-09 20:58:48,253] {dagbag.py:451} INFO - Filling up the DagBag from /home/airflow/.local/lib/python3.6/site-packages/airflow/example_dags/example_branch_python_dop_operator_3.py
[2024-09-09 20:58:48,267] {scheduler_job.py:639} INFO - DAG(s) dict_keys(['example_branch_dop_operator_v3']) retrieved from /home/airflow/.local/lib/python3.6/site-packages/airflow/example_dags/example_branch_python_dop_operator_3.py
[2024-09-09 20:58:48,290] {logging_mixin.py:104} INFO - [2024-09-09 20:58:48,290] {dag.py:1824} INFO - Sync 1 DAGs
[2024-09-09 20:58:48,319] {logging_mixin.py:104} INFO - [2024-09-09 20:58:48,319] {dag.py:2280} INFO - Setting next_dagrun for example_branch_dop_operator_v3 to 2024-09-07 00:00:00+00:00
[2024-09-09 20:58:48,329] {scheduler_job.py:190} INFO - Processing /home/airflow/.local/lib/python3.6/site-packages/airflow/example_dags/example_branch_python_dop_operator_3.py took 0.084 seconds
[2024-09-09 20:59:18,546] {scheduler_job.py:182} INFO - Started process (PID=453) to work on /home/airflow/.local/lib/python3.6/site-packages/airflow/example_dags/example_branch_python_dop_operator_3.py
[2024-09-09 20:59:18,547] {scheduler_job.py:629} INFO - Processing file /home/airflow/.local/lib/python3.6/site-packages/airflow/example_dags/example_branch_python_dop_operator_3.py for tasks to queue
[2024-09-09 20:59:18,548] {logging_mixin.py:104} INFO - [2024-09-09 20:59:18,548] {dagbag.py:451} INFO - Filling up the DagBag from /home/airflow/.local/lib/python3.6/site-packages/airflow/example_dags/example_branch_python_dop_operator_3.py
[2024-09-09 20:59:18,563] {scheduler_job.py:639} INFO - DAG(s) dict_keys(['example_branch_dop_operator_v3']) retrieved from /home/airflow/.local/lib/python3.6/site-packages/airflow/example_dags/example_branch_python_dop_operator_3.py
[2024-09-09 20:59:18,585] {logging_mixin.py:104} INFO - [2024-09-09 20:59:18,585] {dag.py:1824} INFO - Sync 1 DAGs
[2024-09-09 20:59:18,616] {logging_mixin.py:104} INFO - [2024-09-09 20:59:18,616] {dag.py:2280} INFO - Setting next_dagrun for example_branch_dop_operator_v3 to 2024-09-07 00:00:00+00:00
[2024-09-09 20:59:18,627] {scheduler_job.py:190} INFO - Processing /home/airflow/.local/lib/python3.6/site-packages/airflow/example_dags/example_branch_python_dop_operator_3.py took 0.085 seconds
[2024-09-09 20:59:48,935] {scheduler_job.py:182} INFO - Started process (PID=481) to work on /home/airflow/.local/lib/python3.6/site-packages/airflow/example_dags/example_branch_python_dop_operator_3.py
[2024-09-09 20:59:48,936] {scheduler_job.py:629} INFO - Processing file /home/airflow/.local/lib/python3.6/site-packages/airflow/example_dags/example_branch_python_dop_operator_3.py for tasks to queue
[2024-09-09 20:59:48,937] {logging_mixin.py:104} INFO - [2024-09-09 20:59:48,937] {dagbag.py:451} INFO - Filling up the DagBag from /home/airflow/.local/lib/python3.6/site-packages/airflow/example_dags/example_branch_python_dop_operator_3.py
[2024-09-09 20:59:48,952] {scheduler_job.py:639} INFO - DAG(s) dict_keys(['example_branch_dop_operator_v3']) retrieved from /home/airflow/.local/lib/python3.6/site-packages/airflow/example_dags/example_branch_python_dop_operator_3.py
[2024-09-09 20:59:48,974] {logging_mixin.py:104} INFO - [2024-09-09 20:59:48,974] {dag.py:1824} INFO - Sync 1 DAGs
[2024-09-09 20:59:49,004] {logging_mixin.py:104} INFO - [2024-09-09 20:59:49,004] {dag.py:2280} INFO - Setting next_dagrun for example_branch_dop_operator_v3 to 2024-09-07 00:00:00+00:00
[2024-09-09 20:59:49,013] {scheduler_job.py:190} INFO - Processing /home/airflow/.local/lib/python3.6/site-packages/airflow/example_dags/example_branch_python_dop_operator_3.py took 0.082 seconds
[2024-09-09 21:00:19,254] {scheduler_job.py:182} INFO - Started process (PID=508) to work on /home/airflow/.local/lib/python3.6/site-packages/airflow/example_dags/example_branch_python_dop_operator_3.py
[2024-09-09 21:00:19,255] {scheduler_job.py:629} INFO - Processing file /home/airflow/.local/lib/python3.6/site-packages/airflow/example_dags/example_branch_python_dop_operator_3.py for tasks to queue
[2024-09-09 21:00:19,255] {logging_mixin.py:104} INFO - [2024-09-09 21:00:19,255] {dagbag.py:451} INFO - Filling up the DagBag from /home/airflow/.local/lib/python3.6/site-packages/airflow/example_dags/example_branch_python_dop_operator_3.py
[2024-09-09 21:00:19,269] {scheduler_job.py:639} INFO - DAG(s) dict_keys(['example_branch_dop_operator_v3']) retrieved from /home/airflow/.local/lib/python3.6/site-packages/airflow/example_dags/example_branch_python_dop_operator_3.py
[2024-09-09 21:00:19,291] {logging_mixin.py:104} INFO - [2024-09-09 21:00:19,290] {dag.py:1824} INFO - Sync 1 DAGs
[2024-09-09 21:00:19,322] {logging_mixin.py:104} INFO - [2024-09-09 21:00:19,321] {dag.py:2280} INFO - Setting next_dagrun for example_branch_dop_operator_v3 to 2024-09-07 00:00:00+00:00
[2024-09-09 21:00:19,332] {scheduler_job.py:190} INFO - Processing /home/airflow/.local/lib/python3.6/site-packages/airflow/example_dags/example_branch_python_dop_operator_3.py took 0.081 seconds
[2024-09-09 21:00:49,735] {scheduler_job.py:182} INFO - Started process (PID=537) to work on /home/airflow/.local/lib/python3.6/site-packages/airflow/example_dags/example_branch_python_dop_operator_3.py
[2024-09-09 21:00:49,736] {scheduler_job.py:629} INFO - Processing file /home/airflow/.local/lib/python3.6/site-packages/airflow/example_dags/example_branch_python_dop_operator_3.py for tasks to queue
[2024-09-09 21:00:49,737] {logging_mixin.py:104} INFO - [2024-09-09 21:00:49,737] {dagbag.py:451} INFO - Filling up the DagBag from /home/airflow/.local/lib/python3.6/site-packages/airflow/example_dags/example_branch_python_dop_operator_3.py
[2024-09-09 21:00:49,752] {scheduler_job.py:639} INFO - DAG(s) dict_keys(['example_branch_dop_operator_v3']) retrieved from /home/airflow/.local/lib/python3.6/site-packages/airflow/example_dags/example_branch_python_dop_operator_3.py
[2024-09-09 21:00:49,774] {logging_mixin.py:104} INFO - [2024-09-09 21:00:49,774] {dag.py:1824} INFO - Sync 1 DAGs
[2024-09-09 21:00:49,805] {logging_mixin.py:104} INFO - [2024-09-09 21:00:49,805] {dag.py:2280} INFO - Setting next_dagrun for example_branch_dop_operator_v3 to 2024-09-07 00:00:00+00:00
[2024-09-09 21:00:49,816] {scheduler_job.py:190} INFO - Processing /home/airflow/.local/lib/python3.6/site-packages/airflow/example_dags/example_branch_python_dop_operator_3.py took 0.084 seconds
[2024-09-09 21:01:20,237] {scheduler_job.py:182} INFO - Started process (PID=568) to work on /home/airflow/.local/lib/python3.6/site-packages/airflow/example_dags/example_branch_python_dop_operator_3.py
[2024-09-09 21:01:20,238] {scheduler_job.py:629} INFO - Processing file /home/airflow/.local/lib/python3.6/site-packages/airflow/example_dags/example_branch_python_dop_operator_3.py for tasks to queue
[2024-09-09 21:01:20,239] {logging_mixin.py:104} INFO - [2024-09-09 21:01:20,239] {dagbag.py:451} INFO - Filling up the DagBag from /home/airflow/.local/lib/python3.6/site-packages/airflow/example_dags/example_branch_python_dop_operator_3.py
[2024-09-09 21:01:20,253] {scheduler_job.py:639} INFO - DAG(s) dict_keys(['example_branch_dop_operator_v3']) retrieved from /home/airflow/.local/lib/python3.6/site-packages/airflow/example_dags/example_branch_python_dop_operator_3.py
[2024-09-09 21:01:20,275] {logging_mixin.py:104} INFO - [2024-09-09 21:01:20,275] {dag.py:1824} INFO - Sync 1 DAGs
[2024-09-09 21:01:20,307] {logging_mixin.py:104} INFO - [2024-09-09 21:01:20,307] {dag.py:2280} INFO - Setting next_dagrun for example_branch_dop_operator_v3 to 2024-09-07 00:00:00+00:00
[2024-09-09 21:01:20,316] {scheduler_job.py:190} INFO - Processing /home/airflow/.local/lib/python3.6/site-packages/airflow/example_dags/example_branch_python_dop_operator_3.py took 0.082 seconds
[2024-09-09 21:01:50,577] {scheduler_job.py:182} INFO - Started process (PID=596) to work on /home/airflow/.local/lib/python3.6/site-packages/airflow/example_dags/example_branch_python_dop_operator_3.py
[2024-09-09 21:01:50,579] {scheduler_job.py:629} INFO - Processing file /home/airflow/.local/lib/python3.6/site-packages/airflow/example_dags/example_branch_python_dop_operator_3.py for tasks to queue
[2024-09-09 21:01:50,580] {logging_mixin.py:104} INFO - [2024-09-09 21:01:50,579] {dagbag.py:451} INFO - Filling up the DagBag from /home/airflow/.local/lib/python3.6/site-packages/airflow/example_dags/example_branch_python_dop_operator_3.py
[2024-09-09 21:01:50,594] {scheduler_job.py:639} INFO - DAG(s) dict_keys(['example_branch_dop_operator_v3']) retrieved from /home/airflow/.local/lib/python3.6/site-packages/airflow/example_dags/example_branch_python_dop_operator_3.py
[2024-09-09 21:01:50,616] {logging_mixin.py:104} INFO - [2024-09-09 21:01:50,616] {dag.py:1824} INFO - Sync 1 DAGs
[2024-09-09 21:01:50,648] {logging_mixin.py:104} INFO - [2024-09-09 21:01:50,647] {dag.py:2280} INFO - Setting next_dagrun for example_branch_dop_operator_v3 to 2024-09-07 00:00:00+00:00
[2024-09-09 21:01:50,658] {scheduler_job.py:190} INFO - Processing /home/airflow/.local/lib/python3.6/site-packages/airflow/example_dags/example_branch_python_dop_operator_3.py took 0.085 seconds
[2024-09-09 21:02:20,745] {scheduler_job.py:182} INFO - Started process (PID=619) to work on /home/airflow/.local/lib/python3.6/site-packages/airflow/example_dags/example_branch_python_dop_operator_3.py
[2024-09-09 21:02:20,746] {scheduler_job.py:629} INFO - Processing file /home/airflow/.local/lib/python3.6/site-packages/airflow/example_dags/example_branch_python_dop_operator_3.py for tasks to queue
[2024-09-09 21:02:20,746] {logging_mixin.py:104} INFO - [2024-09-09 21:02:20,746] {dagbag.py:451} INFO - Filling up the DagBag from /home/airflow/.local/lib/python3.6/site-packages/airflow/example_dags/example_branch_python_dop_operator_3.py
[2024-09-09 21:02:20,761] {scheduler_job.py:639} INFO - DAG(s) dict_keys(['example_branch_dop_operator_v3']) retrieved from /home/airflow/.local/lib/python3.6/site-packages/airflow/example_dags/example_branch_python_dop_operator_3.py
[2024-09-09 21:02:20,792] {logging_mixin.py:104} INFO - [2024-09-09 21:02:20,792] {dag.py:1824} INFO - Sync 1 DAGs
[2024-09-09 21:02:20,828] {logging_mixin.py:104} INFO - [2024-09-09 21:02:20,828] {dag.py:2280} INFO - Setting next_dagrun for example_branch_dop_operator_v3 to 2024-09-07 00:00:00+00:00
[2024-09-09 21:02:20,841] {scheduler_job.py:190} INFO - Processing /home/airflow/.local/lib/python3.6/site-packages/airflow/example_dags/example_branch_python_dop_operator_3.py took 0.100 seconds
[2024-09-09 21:02:51,085] {scheduler_job.py:182} INFO - Started process (PID=646) to work on /home/airflow/.local/lib/python3.6/site-packages/airflow/example_dags/example_branch_python_dop_operator_3.py
[2024-09-09 21:02:51,086] {scheduler_job.py:629} INFO - Processing file /home/airflow/.local/lib/python3.6/site-packages/airflow/example_dags/example_branch_python_dop_operator_3.py for tasks to queue
[2024-09-09 21:02:51,087] {logging_mixin.py:104} INFO - [2024-09-09 21:02:51,087] {dagbag.py:451} INFO - Filling up the DagBag from /home/airflow/.local/lib/python3.6/site-packages/airflow/example_dags/example_branch_python_dop_operator_3.py
[2024-09-09 21:02:51,102] {scheduler_job.py:639} INFO - DAG(s) dict_keys(['example_branch_dop_operator_v3']) retrieved from /home/airflow/.local/lib/python3.6/site-packages/airflow/example_dags/example_branch_python_dop_operator_3.py
[2024-09-09 21:02:51,125] {logging_mixin.py:104} INFO - [2024-09-09 21:02:51,125] {dag.py:1824} INFO - Sync 1 DAGs
[2024-09-09 21:02:51,157] {logging_mixin.py:104} INFO - [2024-09-09 21:02:51,156] {dag.py:2280} INFO - Setting next_dagrun for example_branch_dop_operator_v3 to 2024-09-07 00:00:00+00:00
[2024-09-09 21:02:51,167] {scheduler_job.py:190} INFO - Processing /home/airflow/.local/lib/python3.6/site-packages/airflow/example_dags/example_branch_python_dop_operator_3.py took 0.084 seconds
[2024-09-09 21:03:21,543] {scheduler_job.py:182} INFO - Started process (PID=676) to work on /home/airflow/.local/lib/python3.6/site-packages/airflow/example_dags/example_branch_python_dop_operator_3.py
[2024-09-09 21:03:21,544] {scheduler_job.py:629} INFO - Processing file /home/airflow/.local/lib/python3.6/site-packages/airflow/example_dags/example_branch_python_dop_operator_3.py for tasks to queue
[2024-09-09 21:03:21,545] {logging_mixin.py:104} INFO - [2024-09-09 21:03:21,545] {dagbag.py:451} INFO - Filling up the DagBag from /home/airflow/.local/lib/python3.6/site-packages/airflow/example_dags/example_branch_python_dop_operator_3.py
[2024-09-09 21:03:21,559] {scheduler_job.py:639} INFO - DAG(s) dict_keys(['example_branch_dop_operator_v3']) retrieved from /home/airflow/.local/lib/python3.6/site-packages/airflow/example_dags/example_branch_python_dop_operator_3.py
[2024-09-09 21:03:21,584] {logging_mixin.py:104} INFO - [2024-09-09 21:03:21,584] {dag.py:1824} INFO - Sync 1 DAGs
[2024-09-09 21:03:21,615] {logging_mixin.py:104} INFO - [2024-09-09 21:03:21,615] {dag.py:2280} INFO - Setting next_dagrun for example_branch_dop_operator_v3 to 2024-09-07 00:00:00+00:00
[2024-09-09 21:03:21,625] {scheduler_job.py:190} INFO - Processing /home/airflow/.local/lib/python3.6/site-packages/airflow/example_dags/example_branch_python_dop_operator_3.py took 0.085 seconds
[2024-09-09 21:03:51,704] {scheduler_job.py:182} INFO - Started process (PID=697) to work on /home/airflow/.local/lib/python3.6/site-packages/airflow/example_dags/example_branch_python_dop_operator_3.py
[2024-09-09 21:03:51,705] {scheduler_job.py:629} INFO - Processing file /home/airflow/.local/lib/python3.6/site-packages/airflow/example_dags/example_branch_python_dop_operator_3.py for tasks to queue
[2024-09-09 21:03:51,706] {logging_mixin.py:104} INFO - [2024-09-09 21:03:51,706] {dagbag.py:451} INFO - Filling up the DagBag from /home/airflow/.local/lib/python3.6/site-packages/airflow/example_dags/example_branch_python_dop_operator_3.py
[2024-09-09 21:03:51,721] {scheduler_job.py:639} INFO - DAG(s) dict_keys(['example_branch_dop_operator_v3']) retrieved from /home/airflow/.local/lib/python3.6/site-packages/airflow/example_dags/example_branch_python_dop_operator_3.py
[2024-09-09 21:03:51,745] {logging_mixin.py:104} INFO - [2024-09-09 21:03:51,745] {dag.py:1824} INFO - Sync 1 DAGs
[2024-09-09 21:03:51,776] {logging_mixin.py:104} INFO - [2024-09-09 21:03:51,776] {dag.py:2280} INFO - Setting next_dagrun for example_branch_dop_operator_v3 to 2024-09-07 00:00:00+00:00
[2024-09-09 21:03:51,786] {scheduler_job.py:190} INFO - Processing /home/airflow/.local/lib/python3.6/site-packages/airflow/example_dags/example_branch_python_dop_operator_3.py took 0.086 seconds
[2024-09-09 21:04:22,093] {scheduler_job.py:182} INFO - Started process (PID=725) to work on /home/airflow/.local/lib/python3.6/site-packages/airflow/example_dags/example_branch_python_dop_operator_3.py
[2024-09-09 21:04:22,094] {scheduler_job.py:629} INFO - Processing file /home/airflow/.local/lib/python3.6/site-packages/airflow/example_dags/example_branch_python_dop_operator_3.py for tasks to queue
[2024-09-09 21:04:22,094] {logging_mixin.py:104} INFO - [2024-09-09 21:04:22,094] {dagbag.py:451} INFO - Filling up the DagBag from /home/airflow/.local/lib/python3.6/site-packages/airflow/example_dags/example_branch_python_dop_operator_3.py
[2024-09-09 21:04:22,108] {scheduler_job.py:639} INFO - DAG(s) dict_keys(['example_branch_dop_operator_v3']) retrieved from /home/airflow/.local/lib/python3.6/site-packages/airflow/example_dags/example_branch_python_dop_operator_3.py
[2024-09-09 21:04:22,132] {logging_mixin.py:104} INFO - [2024-09-09 21:04:22,132] {dag.py:1824} INFO - Sync 1 DAGs
[2024-09-09 21:04:22,163] {logging_mixin.py:104} INFO - [2024-09-09 21:04:22,163] {dag.py:2280} INFO - Setting next_dagrun for example_branch_dop_operator_v3 to 2024-09-07 00:00:00+00:00
[2024-09-09 21:04:22,173] {scheduler_job.py:190} INFO - Processing /home/airflow/.local/lib/python3.6/site-packages/airflow/example_dags/example_branch_python_dop_operator_3.py took 0.084 seconds
[2024-09-09 21:04:52,658] {scheduler_job.py:182} INFO - Started process (PID=757) to work on /home/airflow/.local/lib/python3.6/site-packages/airflow/example_dags/example_branch_python_dop_operator_3.py
[2024-09-09 21:04:52,659] {scheduler_job.py:629} INFO - Processing file /home/airflow/.local/lib/python3.6/site-packages/airflow/example_dags/example_branch_python_dop_operator_3.py for tasks to queue
[2024-09-09 21:04:52,660] {logging_mixin.py:104} INFO - [2024-09-09 21:04:52,660] {dagbag.py:451} INFO - Filling up the DagBag from /home/airflow/.local/lib/python3.6/site-packages/airflow/example_dags/example_branch_python_dop_operator_3.py
[2024-09-09 21:04:52,675] {scheduler_job.py:639} INFO - DAG(s) dict_keys(['example_branch_dop_operator_v3']) retrieved from /home/airflow/.local/lib/python3.6/site-packages/airflow/example_dags/example_branch_python_dop_operator_3.py
[2024-09-09 21:04:52,698] {logging_mixin.py:104} INFO - [2024-09-09 21:04:52,698] {dag.py:1824} INFO - Sync 1 DAGs
[2024-09-09 21:04:52,731] {logging_mixin.py:104} INFO - [2024-09-09 21:04:52,731] {dag.py:2280} INFO - Setting next_dagrun for example_branch_dop_operator_v3 to 2024-09-07 00:00:00+00:00
[2024-09-09 21:04:52,740] {scheduler_job.py:190} INFO - Processing /home/airflow/.local/lib/python3.6/site-packages/airflow/example_dags/example_branch_python_dop_operator_3.py took 0.085 seconds
[2024-09-09 21:11:39,247] {scheduler_job.py:182} INFO - Started process (PID=56) to work on /home/airflow/.local/lib/python3.6/site-packages/airflow/example_dags/example_branch_python_dop_operator_3.py
[2024-09-09 21:11:39,248] {scheduler_job.py:629} INFO - Processing file /home/airflow/.local/lib/python3.6/site-packages/airflow/example_dags/example_branch_python_dop_operator_3.py for tasks to queue
[2024-09-09 21:11:39,248] {logging_mixin.py:104} INFO - [2024-09-09 21:11:39,248] {dagbag.py:451} INFO - Filling up the DagBag from /home/airflow/.local/lib/python3.6/site-packages/airflow/example_dags/example_branch_python_dop_operator_3.py
[2024-09-09 21:11:39,260] {scheduler_job.py:639} INFO - DAG(s) dict_keys(['example_branch_dop_operator_v3']) retrieved from /home/airflow/.local/lib/python3.6/site-packages/airflow/example_dags/example_branch_python_dop_operator_3.py
[2024-09-09 21:11:39,279] {logging_mixin.py:104} INFO - [2024-09-09 21:11:39,279] {dag.py:1824} INFO - Sync 1 DAGs
[2024-09-09 21:11:39,306] {logging_mixin.py:104} INFO - [2024-09-09 21:11:39,306] {dag.py:2280} INFO - Setting next_dagrun for example_branch_dop_operator_v3 to 2024-09-07 00:00:00+00:00
[2024-09-09 21:11:39,314] {scheduler_job.py:190} INFO - Processing /home/airflow/.local/lib/python3.6/site-packages/airflow/example_dags/example_branch_python_dop_operator_3.py took 0.070 seconds
[2024-09-09 21:12:09,898] {scheduler_job.py:182} INFO - Started process (PID=85) to work on /home/airflow/.local/lib/python3.6/site-packages/airflow/example_dags/example_branch_python_dop_operator_3.py
[2024-09-09 21:12:09,899] {scheduler_job.py:629} INFO - Processing file /home/airflow/.local/lib/python3.6/site-packages/airflow/example_dags/example_branch_python_dop_operator_3.py for tasks to queue
[2024-09-09 21:12:09,900] {logging_mixin.py:104} INFO - [2024-09-09 21:12:09,900] {dagbag.py:451} INFO - Filling up the DagBag from /home/airflow/.local/lib/python3.6/site-packages/airflow/example_dags/example_branch_python_dop_operator_3.py
[2024-09-09 21:12:09,915] {scheduler_job.py:639} INFO - DAG(s) dict_keys(['example_branch_dop_operator_v3']) retrieved from /home/airflow/.local/lib/python3.6/site-packages/airflow/example_dags/example_branch_python_dop_operator_3.py
[2024-09-09 21:12:09,936] {logging_mixin.py:104} INFO - [2024-09-09 21:12:09,936] {dag.py:1824} INFO - Sync 1 DAGs
[2024-09-09 21:12:09,970] {logging_mixin.py:104} INFO - [2024-09-09 21:12:09,969] {dag.py:2280} INFO - Setting next_dagrun for example_branch_dop_operator_v3 to 2024-09-07 00:00:00+00:00
[2024-09-09 21:12:09,980] {scheduler_job.py:190} INFO - Processing /home/airflow/.local/lib/python3.6/site-packages/airflow/example_dags/example_branch_python_dop_operator_3.py took 0.085 seconds
[2024-09-09 21:12:40,023] {scheduler_job.py:182} INFO - Started process (PID=113) to work on /home/airflow/.local/lib/python3.6/site-packages/airflow/example_dags/example_branch_python_dop_operator_3.py
[2024-09-09 21:12:40,024] {scheduler_job.py:629} INFO - Processing file /home/airflow/.local/lib/python3.6/site-packages/airflow/example_dags/example_branch_python_dop_operator_3.py for tasks to queue
[2024-09-09 21:12:40,024] {logging_mixin.py:104} INFO - [2024-09-09 21:12:40,024] {dagbag.py:451} INFO - Filling up the DagBag from /home/airflow/.local/lib/python3.6/site-packages/airflow/example_dags/example_branch_python_dop_operator_3.py
[2024-09-09 21:12:40,038] {scheduler_job.py:639} INFO - DAG(s) dict_keys(['example_branch_dop_operator_v3']) retrieved from /home/airflow/.local/lib/python3.6/site-packages/airflow/example_dags/example_branch_python_dop_operator_3.py
[2024-09-09 21:12:40,055] {logging_mixin.py:104} INFO - [2024-09-09 21:12:40,055] {dag.py:1824} INFO - Sync 1 DAGs
[2024-09-09 21:12:40,082] {logging_mixin.py:104} INFO - [2024-09-09 21:12:40,082] {dag.py:2280} INFO - Setting next_dagrun for example_branch_dop_operator_v3 to 2024-09-07 00:00:00+00:00
[2024-09-09 21:12:40,090] {scheduler_job.py:190} INFO - Processing /home/airflow/.local/lib/python3.6/site-packages/airflow/example_dags/example_branch_python_dop_operator_3.py took 0.071 seconds
[2024-09-09 21:13:10,110] {scheduler_job.py:182} INFO - Started process (PID=135) to work on /home/airflow/.local/lib/python3.6/site-packages/airflow/example_dags/example_branch_python_dop_operator_3.py
[2024-09-09 21:13:10,111] {scheduler_job.py:629} INFO - Processing file /home/airflow/.local/lib/python3.6/site-packages/airflow/example_dags/example_branch_python_dop_operator_3.py for tasks to queue
[2024-09-09 21:13:10,112] {logging_mixin.py:104} INFO - [2024-09-09 21:13:10,112] {dagbag.py:451} INFO - Filling up the DagBag from /home/airflow/.local/lib/python3.6/site-packages/airflow/example_dags/example_branch_python_dop_operator_3.py
[2024-09-09 21:13:10,127] {scheduler_job.py:639} INFO - DAG(s) dict_keys(['example_branch_dop_operator_v3']) retrieved from /home/airflow/.local/lib/python3.6/site-packages/airflow/example_dags/example_branch_python_dop_operator_3.py
[2024-09-09 21:13:10,153] {logging_mixin.py:104} INFO - [2024-09-09 21:13:10,153] {dag.py:1824} INFO - Sync 1 DAGs
[2024-09-09 21:13:10,190] {logging_mixin.py:104} INFO - [2024-09-09 21:13:10,190] {dag.py:2280} INFO - Setting next_dagrun for example_branch_dop_operator_v3 to 2024-09-07 00:00:00+00:00
[2024-09-09 21:13:10,210] {scheduler_job.py:190} INFO - Processing /home/airflow/.local/lib/python3.6/site-packages/airflow/example_dags/example_branch_python_dop_operator_3.py took 0.103 seconds
[2024-09-09 21:13:40,462] {scheduler_job.py:182} INFO - Started process (PID=162) to work on /home/airflow/.local/lib/python3.6/site-packages/airflow/example_dags/example_branch_python_dop_operator_3.py
[2024-09-09 21:13:40,463] {scheduler_job.py:629} INFO - Processing file /home/airflow/.local/lib/python3.6/site-packages/airflow/example_dags/example_branch_python_dop_operator_3.py for tasks to queue
[2024-09-09 21:13:40,464] {logging_mixin.py:104} INFO - [2024-09-09 21:13:40,464] {dagbag.py:451} INFO - Filling up the DagBag from /home/airflow/.local/lib/python3.6/site-packages/airflow/example_dags/example_branch_python_dop_operator_3.py
[2024-09-09 21:13:40,478] {scheduler_job.py:639} INFO - DAG(s) dict_keys(['example_branch_dop_operator_v3']) retrieved from /home/airflow/.local/lib/python3.6/site-packages/airflow/example_dags/example_branch_python_dop_operator_3.py
[2024-09-09 21:13:40,502] {logging_mixin.py:104} INFO - [2024-09-09 21:13:40,502] {dag.py:1824} INFO - Sync 1 DAGs
[2024-09-09 21:13:40,539] {logging_mixin.py:104} INFO - [2024-09-09 21:13:40,539] {dag.py:2280} INFO - Setting next_dagrun for example_branch_dop_operator_v3 to 2024-09-07 00:00:00+00:00
[2024-09-09 21:13:40,550] {scheduler_job.py:190} INFO - Processing /home/airflow/.local/lib/python3.6/site-packages/airflow/example_dags/example_branch_python_dop_operator_3.py took 0.092 seconds
[2024-09-09 21:14:11,242] {scheduler_job.py:182} INFO - Started process (PID=190) to work on /home/airflow/.local/lib/python3.6/site-packages/airflow/example_dags/example_branch_python_dop_operator_3.py
[2024-09-09 21:14:11,244] {scheduler_job.py:629} INFO - Processing file /home/airflow/.local/lib/python3.6/site-packages/airflow/example_dags/example_branch_python_dop_operator_3.py for tasks to queue
[2024-09-09 21:14:11,244] {logging_mixin.py:104} INFO - [2024-09-09 21:14:11,244] {dagbag.py:451} INFO - Filling up the DagBag from /home/airflow/.local/lib/python3.6/site-packages/airflow/example_dags/example_branch_python_dop_operator_3.py
[2024-09-09 21:14:11,260] {scheduler_job.py:639} INFO - DAG(s) dict_keys(['example_branch_dop_operator_v3']) retrieved from /home/airflow/.local/lib/python3.6/site-packages/airflow/example_dags/example_branch_python_dop_operator_3.py
[2024-09-09 21:14:11,288] {logging_mixin.py:104} INFO - [2024-09-09 21:14:11,287] {dag.py:1824} INFO - Sync 1 DAGs
[2024-09-09 21:14:11,319] {logging_mixin.py:104} INFO - [2024-09-09 21:14:11,319] {dag.py:2280} INFO - Setting next_dagrun for example_branch_dop_operator_v3 to 2024-09-07 00:00:00+00:00
[2024-09-09 21:14:11,330] {scheduler_job.py:190} INFO - Processing /home/airflow/.local/lib/python3.6/site-packages/airflow/example_dags/example_branch_python_dop_operator_3.py took 0.091 seconds
[2024-09-09 21:14:41,597] {scheduler_job.py:182} INFO - Started process (PID=219) to work on /home/airflow/.local/lib/python3.6/site-packages/airflow/example_dags/example_branch_python_dop_operator_3.py
[2024-09-09 21:14:41,598] {scheduler_job.py:629} INFO - Processing file /home/airflow/.local/lib/python3.6/site-packages/airflow/example_dags/example_branch_python_dop_operator_3.py for tasks to queue
[2024-09-09 21:14:41,599] {logging_mixin.py:104} INFO - [2024-09-09 21:14:41,599] {dagbag.py:451} INFO - Filling up the DagBag from /home/airflow/.local/lib/python3.6/site-packages/airflow/example_dags/example_branch_python_dop_operator_3.py
[2024-09-09 21:14:41,616] {scheduler_job.py:639} INFO - DAG(s) dict_keys(['example_branch_dop_operator_v3']) retrieved from /home/airflow/.local/lib/python3.6/site-packages/airflow/example_dags/example_branch_python_dop_operator_3.py
[2024-09-09 21:14:41,646] {logging_mixin.py:104} INFO - [2024-09-09 21:14:41,646] {dag.py:1824} INFO - Sync 1 DAGs
[2024-09-09 21:14:41,679] {logging_mixin.py:104} INFO - [2024-09-09 21:14:41,679] {dag.py:2280} INFO - Setting next_dagrun for example_branch_dop_operator_v3 to 2024-09-07 00:00:00+00:00
[2024-09-09 21:14:41,691] {scheduler_job.py:190} INFO - Processing /home/airflow/.local/lib/python3.6/site-packages/airflow/example_dags/example_branch_python_dop_operator_3.py took 0.097 seconds
