[2024-09-09 09:52:25,851] {scheduler_job.py:182} INFO - Started process (PID=33) to work on /home/airflow/.local/lib/python3.6/site-packages/airflow/example_dags/example_latest_only.py
[2024-09-09 09:52:25,853] {scheduler_job.py:629} INFO - Processing file /home/airflow/.local/lib/python3.6/site-packages/airflow/example_dags/example_latest_only.py for tasks to queue
[2024-09-09 09:52:25,853] {logging_mixin.py:104} INFO - [2024-09-09 09:52:25,853] {dagbag.py:451} INFO - Filling up the DagBag from /home/airflow/.local/lib/python3.6/site-packages/airflow/example_dags/example_latest_only.py
[2024-09-09 09:52:25,917] {scheduler_job.py:639} INFO - DAG(s) dict_keys(['latest_only']) retrieved from /home/airflow/.local/lib/python3.6/site-packages/airflow/example_dags/example_latest_only.py
[2024-09-09 09:52:25,949] {logging_mixin.py:104} INFO - [2024-09-09 09:52:25,949] {dag.py:1824} INFO - Sync 1 DAGs
[2024-09-09 09:52:25,958] {logging_mixin.py:104} INFO - [2024-09-09 09:52:25,958] {dag.py:1843} INFO - Creating ORM DAG for latest_only
[2024-09-09 09:52:25,966] {logging_mixin.py:104} INFO - [2024-09-09 09:52:25,966] {dag.py:2280} INFO - Setting next_dagrun for latest_only to 2024-09-07 00:00:00+00:00
[2024-09-09 09:52:25,984] {scheduler_job.py:190} INFO - Processing /home/airflow/.local/lib/python3.6/site-packages/airflow/example_dags/example_latest_only.py took 0.141 seconds
[2024-09-09 09:52:56,086] {scheduler_job.py:182} INFO - Started process (PID=62) to work on /home/airflow/.local/lib/python3.6/site-packages/airflow/example_dags/example_latest_only.py
[2024-09-09 09:52:56,089] {scheduler_job.py:629} INFO - Processing file /home/airflow/.local/lib/python3.6/site-packages/airflow/example_dags/example_latest_only.py for tasks to queue
[2024-09-09 09:52:56,090] {logging_mixin.py:104} INFO - [2024-09-09 09:52:56,090] {dagbag.py:451} INFO - Filling up the DagBag from /home/airflow/.local/lib/python3.6/site-packages/airflow/example_dags/example_latest_only.py
[2024-09-09 09:52:56,101] {scheduler_job.py:639} INFO - DAG(s) dict_keys(['latest_only']) retrieved from /home/airflow/.local/lib/python3.6/site-packages/airflow/example_dags/example_latest_only.py
[2024-09-09 09:52:56,124] {logging_mixin.py:104} INFO - [2024-09-09 09:52:56,124] {dag.py:1824} INFO - Sync 1 DAGs
[2024-09-09 09:52:56,143] {logging_mixin.py:104} INFO - [2024-09-09 09:52:56,142] {dag.py:2280} INFO - Setting next_dagrun for latest_only to 2024-09-07 00:00:00+00:00
[2024-09-09 09:52:56,154] {scheduler_job.py:190} INFO - Processing /home/airflow/.local/lib/python3.6/site-packages/airflow/example_dags/example_latest_only.py took 0.071 seconds
[2024-09-09 20:51:41,853] {scheduler_job.py:182} INFO - Started process (PID=44) to work on /home/airflow/.local/lib/python3.6/site-packages/airflow/example_dags/example_latest_only.py
[2024-09-09 20:51:41,857] {scheduler_job.py:629} INFO - Processing file /home/airflow/.local/lib/python3.6/site-packages/airflow/example_dags/example_latest_only.py for tasks to queue
[2024-09-09 20:51:41,857] {logging_mixin.py:104} INFO - [2024-09-09 20:51:41,857] {dagbag.py:451} INFO - Filling up the DagBag from /home/airflow/.local/lib/python3.6/site-packages/airflow/example_dags/example_latest_only.py
[2024-09-09 20:51:41,878] {scheduler_job.py:639} INFO - DAG(s) dict_keys(['latest_only']) retrieved from /home/airflow/.local/lib/python3.6/site-packages/airflow/example_dags/example_latest_only.py
[2024-09-09 20:51:41,918] {logging_mixin.py:104} INFO - [2024-09-09 20:51:41,918] {dag.py:1824} INFO - Sync 1 DAGs
[2024-09-09 20:51:41,946] {logging_mixin.py:104} INFO - [2024-09-09 20:51:41,945] {dag.py:2280} INFO - Setting next_dagrun for latest_only to 2024-09-07 00:00:00+00:00
[2024-09-09 20:51:41,961] {scheduler_job.py:190} INFO - Processing /home/airflow/.local/lib/python3.6/site-packages/airflow/example_dags/example_latest_only.py took 0.114 seconds
[2024-09-09 20:52:12,584] {scheduler_job.py:182} INFO - Started process (PID=71) to work on /home/airflow/.local/lib/python3.6/site-packages/airflow/example_dags/example_latest_only.py
[2024-09-09 20:52:12,585] {scheduler_job.py:629} INFO - Processing file /home/airflow/.local/lib/python3.6/site-packages/airflow/example_dags/example_latest_only.py for tasks to queue
[2024-09-09 20:52:12,585] {logging_mixin.py:104} INFO - [2024-09-09 20:52:12,585] {dagbag.py:451} INFO - Filling up the DagBag from /home/airflow/.local/lib/python3.6/site-packages/airflow/example_dags/example_latest_only.py
[2024-09-09 20:52:12,595] {scheduler_job.py:639} INFO - DAG(s) dict_keys(['latest_only']) retrieved from /home/airflow/.local/lib/python3.6/site-packages/airflow/example_dags/example_latest_only.py
[2024-09-09 20:52:12,616] {logging_mixin.py:104} INFO - [2024-09-09 20:52:12,616] {dag.py:1824} INFO - Sync 1 DAGs
[2024-09-09 20:52:12,634] {logging_mixin.py:104} INFO - [2024-09-09 20:52:12,634] {dag.py:2280} INFO - Setting next_dagrun for latest_only to 2024-09-07 00:00:00+00:00
[2024-09-09 20:52:12,644] {scheduler_job.py:190} INFO - Processing /home/airflow/.local/lib/python3.6/site-packages/airflow/example_dags/example_latest_only.py took 0.063 seconds
[2024-09-09 20:52:42,722] {scheduler_job.py:182} INFO - Started process (PID=93) to work on /home/airflow/.local/lib/python3.6/site-packages/airflow/example_dags/example_latest_only.py
[2024-09-09 20:52:42,723] {scheduler_job.py:629} INFO - Processing file /home/airflow/.local/lib/python3.6/site-packages/airflow/example_dags/example_latest_only.py for tasks to queue
[2024-09-09 20:52:42,724] {logging_mixin.py:104} INFO - [2024-09-09 20:52:42,724] {dagbag.py:451} INFO - Filling up the DagBag from /home/airflow/.local/lib/python3.6/site-packages/airflow/example_dags/example_latest_only.py
[2024-09-09 20:52:42,736] {scheduler_job.py:639} INFO - DAG(s) dict_keys(['latest_only']) retrieved from /home/airflow/.local/lib/python3.6/site-packages/airflow/example_dags/example_latest_only.py
[2024-09-09 20:52:42,763] {logging_mixin.py:104} INFO - [2024-09-09 20:52:42,763] {dag.py:1824} INFO - Sync 1 DAGs
[2024-09-09 20:52:42,787] {logging_mixin.py:104} INFO - [2024-09-09 20:52:42,787] {dag.py:2280} INFO - Setting next_dagrun for latest_only to 2024-09-07 00:00:00+00:00
[2024-09-09 20:52:42,799] {scheduler_job.py:190} INFO - Processing /home/airflow/.local/lib/python3.6/site-packages/airflow/example_dags/example_latest_only.py took 0.081 seconds
[2024-09-09 20:53:13,065] {scheduler_job.py:182} INFO - Started process (PID=119) to work on /home/airflow/.local/lib/python3.6/site-packages/airflow/example_dags/example_latest_only.py
[2024-09-09 20:53:13,066] {scheduler_job.py:629} INFO - Processing file /home/airflow/.local/lib/python3.6/site-packages/airflow/example_dags/example_latest_only.py for tasks to queue
[2024-09-09 20:53:13,067] {logging_mixin.py:104} INFO - [2024-09-09 20:53:13,066] {dagbag.py:451} INFO - Filling up the DagBag from /home/airflow/.local/lib/python3.6/site-packages/airflow/example_dags/example_latest_only.py
[2024-09-09 20:53:13,077] {scheduler_job.py:639} INFO - DAG(s) dict_keys(['latest_only']) retrieved from /home/airflow/.local/lib/python3.6/site-packages/airflow/example_dags/example_latest_only.py
[2024-09-09 20:53:13,099] {logging_mixin.py:104} INFO - [2024-09-09 20:53:13,099] {dag.py:1824} INFO - Sync 1 DAGs
[2024-09-09 20:53:13,120] {logging_mixin.py:104} INFO - [2024-09-09 20:53:13,120] {dag.py:2280} INFO - Setting next_dagrun for latest_only to 2024-09-07 00:00:00+00:00
[2024-09-09 20:53:13,130] {scheduler_job.py:190} INFO - Processing /home/airflow/.local/lib/python3.6/site-packages/airflow/example_dags/example_latest_only.py took 0.070 seconds
[2024-09-09 20:53:43,417] {scheduler_job.py:182} INFO - Started process (PID=146) to work on /home/airflow/.local/lib/python3.6/site-packages/airflow/example_dags/example_latest_only.py
[2024-09-09 20:53:43,418] {scheduler_job.py:629} INFO - Processing file /home/airflow/.local/lib/python3.6/site-packages/airflow/example_dags/example_latest_only.py for tasks to queue
[2024-09-09 20:53:43,419] {logging_mixin.py:104} INFO - [2024-09-09 20:53:43,419] {dagbag.py:451} INFO - Filling up the DagBag from /home/airflow/.local/lib/python3.6/site-packages/airflow/example_dags/example_latest_only.py
[2024-09-09 20:53:43,432] {scheduler_job.py:639} INFO - DAG(s) dict_keys(['latest_only']) retrieved from /home/airflow/.local/lib/python3.6/site-packages/airflow/example_dags/example_latest_only.py
[2024-09-09 20:53:43,459] {logging_mixin.py:104} INFO - [2024-09-09 20:53:43,459] {dag.py:1824} INFO - Sync 1 DAGs
[2024-09-09 20:53:43,477] {logging_mixin.py:104} INFO - [2024-09-09 20:53:43,477] {dag.py:2280} INFO - Setting next_dagrun for latest_only to 2024-09-07 00:00:00+00:00
[2024-09-09 20:53:43,487] {scheduler_job.py:190} INFO - Processing /home/airflow/.local/lib/python3.6/site-packages/airflow/example_dags/example_latest_only.py took 0.073 seconds
[2024-09-09 20:54:13,673] {scheduler_job.py:182} INFO - Started process (PID=169) to work on /home/airflow/.local/lib/python3.6/site-packages/airflow/example_dags/example_latest_only.py
[2024-09-09 20:54:13,675] {scheduler_job.py:629} INFO - Processing file /home/airflow/.local/lib/python3.6/site-packages/airflow/example_dags/example_latest_only.py for tasks to queue
[2024-09-09 20:54:13,675] {logging_mixin.py:104} INFO - [2024-09-09 20:54:13,675] {dagbag.py:451} INFO - Filling up the DagBag from /home/airflow/.local/lib/python3.6/site-packages/airflow/example_dags/example_latest_only.py
[2024-09-09 20:54:13,685] {scheduler_job.py:639} INFO - DAG(s) dict_keys(['latest_only']) retrieved from /home/airflow/.local/lib/python3.6/site-packages/airflow/example_dags/example_latest_only.py
[2024-09-09 20:54:13,706] {logging_mixin.py:104} INFO - [2024-09-09 20:54:13,706] {dag.py:1824} INFO - Sync 1 DAGs
[2024-09-09 20:54:13,723] {logging_mixin.py:104} INFO - [2024-09-09 20:54:13,723] {dag.py:2280} INFO - Setting next_dagrun for latest_only to 2024-09-07 00:00:00+00:00
[2024-09-09 20:54:13,733] {scheduler_job.py:190} INFO - Processing /home/airflow/.local/lib/python3.6/site-packages/airflow/example_dags/example_latest_only.py took 0.063 seconds
[2024-09-09 20:54:44,152] {scheduler_job.py:182} INFO - Started process (PID=196) to work on /home/airflow/.local/lib/python3.6/site-packages/airflow/example_dags/example_latest_only.py
[2024-09-09 20:54:44,154] {scheduler_job.py:629} INFO - Processing file /home/airflow/.local/lib/python3.6/site-packages/airflow/example_dags/example_latest_only.py for tasks to queue
[2024-09-09 20:54:44,154] {logging_mixin.py:104} INFO - [2024-09-09 20:54:44,154] {dagbag.py:451} INFO - Filling up the DagBag from /home/airflow/.local/lib/python3.6/site-packages/airflow/example_dags/example_latest_only.py
[2024-09-09 20:54:44,166] {scheduler_job.py:639} INFO - DAG(s) dict_keys(['latest_only']) retrieved from /home/airflow/.local/lib/python3.6/site-packages/airflow/example_dags/example_latest_only.py
[2024-09-09 20:54:44,193] {logging_mixin.py:104} INFO - [2024-09-09 20:54:44,193] {dag.py:1824} INFO - Sync 1 DAGs
[2024-09-09 20:54:44,210] {logging_mixin.py:104} INFO - [2024-09-09 20:54:44,209] {dag.py:2280} INFO - Setting next_dagrun for latest_only to 2024-09-07 00:00:00+00:00
[2024-09-09 20:54:44,220] {scheduler_job.py:190} INFO - Processing /home/airflow/.local/lib/python3.6/site-packages/airflow/example_dags/example_latest_only.py took 0.071 seconds
[2024-09-09 20:55:14,564] {scheduler_job.py:182} INFO - Started process (PID=223) to work on /home/airflow/.local/lib/python3.6/site-packages/airflow/example_dags/example_latest_only.py
[2024-09-09 20:55:14,566] {scheduler_job.py:629} INFO - Processing file /home/airflow/.local/lib/python3.6/site-packages/airflow/example_dags/example_latest_only.py for tasks to queue
[2024-09-09 20:55:14,566] {logging_mixin.py:104} INFO - [2024-09-09 20:55:14,566] {dagbag.py:451} INFO - Filling up the DagBag from /home/airflow/.local/lib/python3.6/site-packages/airflow/example_dags/example_latest_only.py
[2024-09-09 20:55:14,576] {scheduler_job.py:639} INFO - DAG(s) dict_keys(['latest_only']) retrieved from /home/airflow/.local/lib/python3.6/site-packages/airflow/example_dags/example_latest_only.py
[2024-09-09 20:55:14,599] {logging_mixin.py:104} INFO - [2024-09-09 20:55:14,599] {dag.py:1824} INFO - Sync 1 DAGs
[2024-09-09 20:55:14,614] {logging_mixin.py:104} INFO - [2024-09-09 20:55:14,614] {dag.py:2280} INFO - Setting next_dagrun for latest_only to 2024-09-07 00:00:00+00:00
[2024-09-09 20:55:14,624] {scheduler_job.py:190} INFO - Processing /home/airflow/.local/lib/python3.6/site-packages/airflow/example_dags/example_latest_only.py took 0.063 seconds
[2024-09-09 20:55:45,015] {scheduler_job.py:182} INFO - Started process (PID=250) to work on /home/airflow/.local/lib/python3.6/site-packages/airflow/example_dags/example_latest_only.py
[2024-09-09 20:55:45,016] {scheduler_job.py:629} INFO - Processing file /home/airflow/.local/lib/python3.6/site-packages/airflow/example_dags/example_latest_only.py for tasks to queue
[2024-09-09 20:55:45,017] {logging_mixin.py:104} INFO - [2024-09-09 20:55:45,017] {dagbag.py:451} INFO - Filling up the DagBag from /home/airflow/.local/lib/python3.6/site-packages/airflow/example_dags/example_latest_only.py
[2024-09-09 20:55:45,026] {scheduler_job.py:639} INFO - DAG(s) dict_keys(['latest_only']) retrieved from /home/airflow/.local/lib/python3.6/site-packages/airflow/example_dags/example_latest_only.py
[2024-09-09 20:55:45,051] {logging_mixin.py:104} INFO - [2024-09-09 20:55:45,051] {dag.py:1824} INFO - Sync 1 DAGs
[2024-09-09 20:55:45,067] {logging_mixin.py:104} INFO - [2024-09-09 20:55:45,066] {dag.py:2280} INFO - Setting next_dagrun for latest_only to 2024-09-07 00:00:00+00:00
[2024-09-09 20:55:45,076] {scheduler_job.py:190} INFO - Processing /home/airflow/.local/lib/python3.6/site-packages/airflow/example_dags/example_latest_only.py took 0.063 seconds
[2024-09-09 20:56:15,291] {scheduler_job.py:182} INFO - Started process (PID=277) to work on /home/airflow/.local/lib/python3.6/site-packages/airflow/example_dags/example_latest_only.py
[2024-09-09 20:56:15,292] {scheduler_job.py:629} INFO - Processing file /home/airflow/.local/lib/python3.6/site-packages/airflow/example_dags/example_latest_only.py for tasks to queue
[2024-09-09 20:56:15,292] {logging_mixin.py:104} INFO - [2024-09-09 20:56:15,292] {dagbag.py:451} INFO - Filling up the DagBag from /home/airflow/.local/lib/python3.6/site-packages/airflow/example_dags/example_latest_only.py
[2024-09-09 20:56:15,303] {scheduler_job.py:639} INFO - DAG(s) dict_keys(['latest_only']) retrieved from /home/airflow/.local/lib/python3.6/site-packages/airflow/example_dags/example_latest_only.py
[2024-09-09 20:56:15,336] {logging_mixin.py:104} INFO - [2024-09-09 20:56:15,336] {dag.py:1824} INFO - Sync 1 DAGs
[2024-09-09 20:56:15,354] {logging_mixin.py:104} INFO - [2024-09-09 20:56:15,354] {dag.py:2280} INFO - Setting next_dagrun for latest_only to 2024-09-07 00:00:00+00:00
[2024-09-09 20:56:15,365] {scheduler_job.py:190} INFO - Processing /home/airflow/.local/lib/python3.6/site-packages/airflow/example_dags/example_latest_only.py took 0.078 seconds
[2024-09-09 20:56:45,732] {scheduler_job.py:182} INFO - Started process (PID=304) to work on /home/airflow/.local/lib/python3.6/site-packages/airflow/example_dags/example_latest_only.py
[2024-09-09 20:56:45,733] {scheduler_job.py:629} INFO - Processing file /home/airflow/.local/lib/python3.6/site-packages/airflow/example_dags/example_latest_only.py for tasks to queue
[2024-09-09 20:56:45,734] {logging_mixin.py:104} INFO - [2024-09-09 20:56:45,734] {dagbag.py:451} INFO - Filling up the DagBag from /home/airflow/.local/lib/python3.6/site-packages/airflow/example_dags/example_latest_only.py
[2024-09-09 20:56:45,747] {scheduler_job.py:639} INFO - DAG(s) dict_keys(['latest_only']) retrieved from /home/airflow/.local/lib/python3.6/site-packages/airflow/example_dags/example_latest_only.py
[2024-09-09 20:56:45,769] {logging_mixin.py:104} INFO - [2024-09-09 20:56:45,769] {dag.py:1824} INFO - Sync 1 DAGs
[2024-09-09 20:56:45,785] {logging_mixin.py:104} INFO - [2024-09-09 20:56:45,785] {dag.py:2280} INFO - Setting next_dagrun for latest_only to 2024-09-07 00:00:00+00:00
[2024-09-09 20:56:45,794] {scheduler_job.py:190} INFO - Processing /home/airflow/.local/lib/python3.6/site-packages/airflow/example_dags/example_latest_only.py took 0.065 seconds
[2024-09-09 20:57:16,093] {scheduler_job.py:182} INFO - Started process (PID=331) to work on /home/airflow/.local/lib/python3.6/site-packages/airflow/example_dags/example_latest_only.py
[2024-09-09 20:57:16,094] {scheduler_job.py:629} INFO - Processing file /home/airflow/.local/lib/python3.6/site-packages/airflow/example_dags/example_latest_only.py for tasks to queue
[2024-09-09 20:57:16,095] {logging_mixin.py:104} INFO - [2024-09-09 20:57:16,095] {dagbag.py:451} INFO - Filling up the DagBag from /home/airflow/.local/lib/python3.6/site-packages/airflow/example_dags/example_latest_only.py
[2024-09-09 20:57:16,111] {scheduler_job.py:639} INFO - DAG(s) dict_keys(['latest_only']) retrieved from /home/airflow/.local/lib/python3.6/site-packages/airflow/example_dags/example_latest_only.py
[2024-09-09 20:57:16,138] {logging_mixin.py:104} INFO - [2024-09-09 20:57:16,138] {dag.py:1824} INFO - Sync 1 DAGs
[2024-09-09 20:57:16,157] {logging_mixin.py:104} INFO - [2024-09-09 20:57:16,157] {dag.py:2280} INFO - Setting next_dagrun for latest_only to 2024-09-07 00:00:00+00:00
[2024-09-09 20:57:16,168] {scheduler_job.py:190} INFO - Processing /home/airflow/.local/lib/python3.6/site-packages/airflow/example_dags/example_latest_only.py took 0.079 seconds
[2024-09-09 20:57:46,622] {scheduler_job.py:182} INFO - Started process (PID=358) to work on /home/airflow/.local/lib/python3.6/site-packages/airflow/example_dags/example_latest_only.py
[2024-09-09 20:57:46,623] {scheduler_job.py:629} INFO - Processing file /home/airflow/.local/lib/python3.6/site-packages/airflow/example_dags/example_latest_only.py for tasks to queue
[2024-09-09 20:57:46,624] {logging_mixin.py:104} INFO - [2024-09-09 20:57:46,624] {dagbag.py:451} INFO - Filling up the DagBag from /home/airflow/.local/lib/python3.6/site-packages/airflow/example_dags/example_latest_only.py
[2024-09-09 20:57:46,640] {scheduler_job.py:639} INFO - DAG(s) dict_keys(['latest_only']) retrieved from /home/airflow/.local/lib/python3.6/site-packages/airflow/example_dags/example_latest_only.py
[2024-09-09 20:57:46,667] {logging_mixin.py:104} INFO - [2024-09-09 20:57:46,666] {dag.py:1824} INFO - Sync 1 DAGs
[2024-09-09 20:57:46,684] {logging_mixin.py:104} INFO - [2024-09-09 20:57:46,684] {dag.py:2280} INFO - Setting next_dagrun for latest_only to 2024-09-07 00:00:00+00:00
[2024-09-09 20:57:46,697] {scheduler_job.py:190} INFO - Processing /home/airflow/.local/lib/python3.6/site-packages/airflow/example_dags/example_latest_only.py took 0.078 seconds
[2024-09-09 20:58:17,074] {scheduler_job.py:182} INFO - Started process (PID=385) to work on /home/airflow/.local/lib/python3.6/site-packages/airflow/example_dags/example_latest_only.py
[2024-09-09 20:58:17,075] {scheduler_job.py:629} INFO - Processing file /home/airflow/.local/lib/python3.6/site-packages/airflow/example_dags/example_latest_only.py for tasks to queue
[2024-09-09 20:58:17,076] {logging_mixin.py:104} INFO - [2024-09-09 20:58:17,076] {dagbag.py:451} INFO - Filling up the DagBag from /home/airflow/.local/lib/python3.6/site-packages/airflow/example_dags/example_latest_only.py
[2024-09-09 20:58:17,089] {scheduler_job.py:639} INFO - DAG(s) dict_keys(['latest_only']) retrieved from /home/airflow/.local/lib/python3.6/site-packages/airflow/example_dags/example_latest_only.py
[2024-09-09 20:58:17,111] {logging_mixin.py:104} INFO - [2024-09-09 20:58:17,111] {dag.py:1824} INFO - Sync 1 DAGs
[2024-09-09 20:58:17,127] {logging_mixin.py:104} INFO - [2024-09-09 20:58:17,127] {dag.py:2280} INFO - Setting next_dagrun for latest_only to 2024-09-07 00:00:00+00:00
[2024-09-09 20:58:17,137] {scheduler_job.py:190} INFO - Processing /home/airflow/.local/lib/python3.6/site-packages/airflow/example_dags/example_latest_only.py took 0.066 seconds
[2024-09-09 20:58:47,475] {scheduler_job.py:182} INFO - Started process (PID=412) to work on /home/airflow/.local/lib/python3.6/site-packages/airflow/example_dags/example_latest_only.py
[2024-09-09 20:58:47,480] {scheduler_job.py:629} INFO - Processing file /home/airflow/.local/lib/python3.6/site-packages/airflow/example_dags/example_latest_only.py for tasks to queue
[2024-09-09 20:58:47,481] {logging_mixin.py:104} INFO - [2024-09-09 20:58:47,481] {dagbag.py:451} INFO - Filling up the DagBag from /home/airflow/.local/lib/python3.6/site-packages/airflow/example_dags/example_latest_only.py
[2024-09-09 20:58:47,491] {scheduler_job.py:639} INFO - DAG(s) dict_keys(['latest_only']) retrieved from /home/airflow/.local/lib/python3.6/site-packages/airflow/example_dags/example_latest_only.py
[2024-09-09 20:58:47,514] {logging_mixin.py:104} INFO - [2024-09-09 20:58:47,514] {dag.py:1824} INFO - Sync 1 DAGs
[2024-09-09 20:58:47,529] {logging_mixin.py:104} INFO - [2024-09-09 20:58:47,528] {dag.py:2280} INFO - Setting next_dagrun for latest_only to 2024-09-07 00:00:00+00:00
[2024-09-09 20:58:47,538] {scheduler_job.py:190} INFO - Processing /home/airflow/.local/lib/python3.6/site-packages/airflow/example_dags/example_latest_only.py took 0.065 seconds
[2024-09-09 20:59:17,859] {scheduler_job.py:182} INFO - Started process (PID=439) to work on /home/airflow/.local/lib/python3.6/site-packages/airflow/example_dags/example_latest_only.py
[2024-09-09 20:59:17,860] {scheduler_job.py:629} INFO - Processing file /home/airflow/.local/lib/python3.6/site-packages/airflow/example_dags/example_latest_only.py for tasks to queue
[2024-09-09 20:59:17,861] {logging_mixin.py:104} INFO - [2024-09-09 20:59:17,861] {dagbag.py:451} INFO - Filling up the DagBag from /home/airflow/.local/lib/python3.6/site-packages/airflow/example_dags/example_latest_only.py
[2024-09-09 20:59:17,875] {scheduler_job.py:639} INFO - DAG(s) dict_keys(['latest_only']) retrieved from /home/airflow/.local/lib/python3.6/site-packages/airflow/example_dags/example_latest_only.py
[2024-09-09 20:59:17,907] {logging_mixin.py:104} INFO - [2024-09-09 20:59:17,907] {dag.py:1824} INFO - Sync 1 DAGs
[2024-09-09 20:59:17,928] {logging_mixin.py:104} INFO - [2024-09-09 20:59:17,927] {dag.py:2280} INFO - Setting next_dagrun for latest_only to 2024-09-07 00:00:00+00:00
[2024-09-09 20:59:17,939] {scheduler_job.py:190} INFO - Processing /home/airflow/.local/lib/python3.6/site-packages/airflow/example_dags/example_latest_only.py took 0.084 seconds
[2024-09-09 20:59:48,212] {scheduler_job.py:182} INFO - Started process (PID=466) to work on /home/airflow/.local/lib/python3.6/site-packages/airflow/example_dags/example_latest_only.py
[2024-09-09 20:59:48,213] {scheduler_job.py:629} INFO - Processing file /home/airflow/.local/lib/python3.6/site-packages/airflow/example_dags/example_latest_only.py for tasks to queue
[2024-09-09 20:59:48,214] {logging_mixin.py:104} INFO - [2024-09-09 20:59:48,213] {dagbag.py:451} INFO - Filling up the DagBag from /home/airflow/.local/lib/python3.6/site-packages/airflow/example_dags/example_latest_only.py
[2024-09-09 20:59:48,223] {scheduler_job.py:639} INFO - DAG(s) dict_keys(['latest_only']) retrieved from /home/airflow/.local/lib/python3.6/site-packages/airflow/example_dags/example_latest_only.py
[2024-09-09 20:59:48,243] {logging_mixin.py:104} INFO - [2024-09-09 20:59:48,243] {dag.py:1824} INFO - Sync 1 DAGs
[2024-09-09 20:59:48,259] {logging_mixin.py:104} INFO - [2024-09-09 20:59:48,259] {dag.py:2280} INFO - Setting next_dagrun for latest_only to 2024-09-07 00:00:00+00:00
[2024-09-09 20:59:48,268] {scheduler_job.py:190} INFO - Processing /home/airflow/.local/lib/python3.6/site-packages/airflow/example_dags/example_latest_only.py took 0.059 seconds
[2024-09-09 21:00:18,533] {scheduler_job.py:182} INFO - Started process (PID=493) to work on /home/airflow/.local/lib/python3.6/site-packages/airflow/example_dags/example_latest_only.py
[2024-09-09 21:00:18,535] {scheduler_job.py:629} INFO - Processing file /home/airflow/.local/lib/python3.6/site-packages/airflow/example_dags/example_latest_only.py for tasks to queue
[2024-09-09 21:00:18,535] {logging_mixin.py:104} INFO - [2024-09-09 21:00:18,535] {dagbag.py:451} INFO - Filling up the DagBag from /home/airflow/.local/lib/python3.6/site-packages/airflow/example_dags/example_latest_only.py
[2024-09-09 21:00:18,545] {scheduler_job.py:639} INFO - DAG(s) dict_keys(['latest_only']) retrieved from /home/airflow/.local/lib/python3.6/site-packages/airflow/example_dags/example_latest_only.py
[2024-09-09 21:00:18,569] {logging_mixin.py:104} INFO - [2024-09-09 21:00:18,569] {dag.py:1824} INFO - Sync 1 DAGs
[2024-09-09 21:00:18,586] {logging_mixin.py:104} INFO - [2024-09-09 21:00:18,586] {dag.py:2280} INFO - Setting next_dagrun for latest_only to 2024-09-07 00:00:00+00:00
[2024-09-09 21:00:18,595] {scheduler_job.py:190} INFO - Processing /home/airflow/.local/lib/python3.6/site-packages/airflow/example_dags/example_latest_only.py took 0.066 seconds
[2024-09-09 21:00:48,887] {scheduler_job.py:182} INFO - Started process (PID=520) to work on /home/airflow/.local/lib/python3.6/site-packages/airflow/example_dags/example_latest_only.py
[2024-09-09 21:00:48,888] {scheduler_job.py:629} INFO - Processing file /home/airflow/.local/lib/python3.6/site-packages/airflow/example_dags/example_latest_only.py for tasks to queue
[2024-09-09 21:00:48,888] {logging_mixin.py:104} INFO - [2024-09-09 21:00:48,888] {dagbag.py:451} INFO - Filling up the DagBag from /home/airflow/.local/lib/python3.6/site-packages/airflow/example_dags/example_latest_only.py
[2024-09-09 21:00:48,898] {scheduler_job.py:639} INFO - DAG(s) dict_keys(['latest_only']) retrieved from /home/airflow/.local/lib/python3.6/site-packages/airflow/example_dags/example_latest_only.py
[2024-09-09 21:00:48,921] {logging_mixin.py:104} INFO - [2024-09-09 21:00:48,921] {dag.py:1824} INFO - Sync 1 DAGs
[2024-09-09 21:00:48,938] {logging_mixin.py:104} INFO - [2024-09-09 21:00:48,938] {dag.py:2280} INFO - Setting next_dagrun for latest_only to 2024-09-07 00:00:00+00:00
[2024-09-09 21:00:48,949] {scheduler_job.py:190} INFO - Processing /home/airflow/.local/lib/python3.6/site-packages/airflow/example_dags/example_latest_only.py took 0.066 seconds
[2024-09-09 21:01:19,262] {scheduler_job.py:182} INFO - Started process (PID=547) to work on /home/airflow/.local/lib/python3.6/site-packages/airflow/example_dags/example_latest_only.py
[2024-09-09 21:01:19,263] {scheduler_job.py:629} INFO - Processing file /home/airflow/.local/lib/python3.6/site-packages/airflow/example_dags/example_latest_only.py for tasks to queue
[2024-09-09 21:01:19,263] {logging_mixin.py:104} INFO - [2024-09-09 21:01:19,263] {dagbag.py:451} INFO - Filling up the DagBag from /home/airflow/.local/lib/python3.6/site-packages/airflow/example_dags/example_latest_only.py
[2024-09-09 21:01:19,275] {scheduler_job.py:639} INFO - DAG(s) dict_keys(['latest_only']) retrieved from /home/airflow/.local/lib/python3.6/site-packages/airflow/example_dags/example_latest_only.py
[2024-09-09 21:01:19,296] {logging_mixin.py:104} INFO - [2024-09-09 21:01:19,295] {dag.py:1824} INFO - Sync 1 DAGs
[2024-09-09 21:01:19,312] {logging_mixin.py:104} INFO - [2024-09-09 21:01:19,311] {dag.py:2280} INFO - Setting next_dagrun for latest_only to 2024-09-07 00:00:00+00:00
[2024-09-09 21:01:19,321] {scheduler_job.py:190} INFO - Processing /home/airflow/.local/lib/python3.6/site-packages/airflow/example_dags/example_latest_only.py took 0.063 seconds
[2024-09-09 21:01:49,652] {scheduler_job.py:182} INFO - Started process (PID=574) to work on /home/airflow/.local/lib/python3.6/site-packages/airflow/example_dags/example_latest_only.py
[2024-09-09 21:01:49,653] {scheduler_job.py:629} INFO - Processing file /home/airflow/.local/lib/python3.6/site-packages/airflow/example_dags/example_latest_only.py for tasks to queue
[2024-09-09 21:01:49,654] {logging_mixin.py:104} INFO - [2024-09-09 21:01:49,654] {dagbag.py:451} INFO - Filling up the DagBag from /home/airflow/.local/lib/python3.6/site-packages/airflow/example_dags/example_latest_only.py
[2024-09-09 21:01:49,665] {scheduler_job.py:639} INFO - DAG(s) dict_keys(['latest_only']) retrieved from /home/airflow/.local/lib/python3.6/site-packages/airflow/example_dags/example_latest_only.py
[2024-09-09 21:01:49,688] {logging_mixin.py:104} INFO - [2024-09-09 21:01:49,688] {dag.py:1824} INFO - Sync 1 DAGs
[2024-09-09 21:01:49,705] {logging_mixin.py:104} INFO - [2024-09-09 21:01:49,705] {dag.py:2280} INFO - Setting next_dagrun for latest_only to 2024-09-07 00:00:00+00:00
[2024-09-09 21:01:49,715] {scheduler_job.py:190} INFO - Processing /home/airflow/.local/lib/python3.6/site-packages/airflow/example_dags/example_latest_only.py took 0.066 seconds
[2024-09-09 21:02:19,949] {scheduler_job.py:182} INFO - Started process (PID=601) to work on /home/airflow/.local/lib/python3.6/site-packages/airflow/example_dags/example_latest_only.py
[2024-09-09 21:02:19,950] {scheduler_job.py:629} INFO - Processing file /home/airflow/.local/lib/python3.6/site-packages/airflow/example_dags/example_latest_only.py for tasks to queue
[2024-09-09 21:02:19,951] {logging_mixin.py:104} INFO - [2024-09-09 21:02:19,951] {dagbag.py:451} INFO - Filling up the DagBag from /home/airflow/.local/lib/python3.6/site-packages/airflow/example_dags/example_latest_only.py
[2024-09-09 21:02:19,964] {scheduler_job.py:639} INFO - DAG(s) dict_keys(['latest_only']) retrieved from /home/airflow/.local/lib/python3.6/site-packages/airflow/example_dags/example_latest_only.py
[2024-09-09 21:02:19,993] {logging_mixin.py:104} INFO - [2024-09-09 21:02:19,993] {dag.py:1824} INFO - Sync 1 DAGs
[2024-09-09 21:02:20,014] {logging_mixin.py:104} INFO - [2024-09-09 21:02:20,014] {dag.py:2280} INFO - Setting next_dagrun for latest_only to 2024-09-07 00:00:00+00:00
[2024-09-09 21:02:20,026] {scheduler_job.py:190} INFO - Processing /home/airflow/.local/lib/python3.6/site-packages/airflow/example_dags/example_latest_only.py took 0.083 seconds
[2024-09-09 21:02:50,278] {scheduler_job.py:182} INFO - Started process (PID=628) to work on /home/airflow/.local/lib/python3.6/site-packages/airflow/example_dags/example_latest_only.py
[2024-09-09 21:02:50,279] {scheduler_job.py:629} INFO - Processing file /home/airflow/.local/lib/python3.6/site-packages/airflow/example_dags/example_latest_only.py for tasks to queue
[2024-09-09 21:02:50,280] {logging_mixin.py:104} INFO - [2024-09-09 21:02:50,280] {dagbag.py:451} INFO - Filling up the DagBag from /home/airflow/.local/lib/python3.6/site-packages/airflow/example_dags/example_latest_only.py
[2024-09-09 21:02:50,291] {scheduler_job.py:639} INFO - DAG(s) dict_keys(['latest_only']) retrieved from /home/airflow/.local/lib/python3.6/site-packages/airflow/example_dags/example_latest_only.py
[2024-09-09 21:02:50,314] {logging_mixin.py:104} INFO - [2024-09-09 21:02:50,313] {dag.py:1824} INFO - Sync 1 DAGs
[2024-09-09 21:02:50,329] {logging_mixin.py:104} INFO - [2024-09-09 21:02:50,329] {dag.py:2280} INFO - Setting next_dagrun for latest_only to 2024-09-07 00:00:00+00:00
[2024-09-09 21:02:50,339] {scheduler_job.py:190} INFO - Processing /home/airflow/.local/lib/python3.6/site-packages/airflow/example_dags/example_latest_only.py took 0.064 seconds
[2024-09-09 21:03:20,596] {scheduler_job.py:182} INFO - Started process (PID=655) to work on /home/airflow/.local/lib/python3.6/site-packages/airflow/example_dags/example_latest_only.py
[2024-09-09 21:03:20,597] {scheduler_job.py:629} INFO - Processing file /home/airflow/.local/lib/python3.6/site-packages/airflow/example_dags/example_latest_only.py for tasks to queue
[2024-09-09 21:03:20,598] {logging_mixin.py:104} INFO - [2024-09-09 21:03:20,598] {dagbag.py:451} INFO - Filling up the DagBag from /home/airflow/.local/lib/python3.6/site-packages/airflow/example_dags/example_latest_only.py
[2024-09-09 21:03:20,608] {scheduler_job.py:639} INFO - DAG(s) dict_keys(['latest_only']) retrieved from /home/airflow/.local/lib/python3.6/site-packages/airflow/example_dags/example_latest_only.py
[2024-09-09 21:03:20,628] {logging_mixin.py:104} INFO - [2024-09-09 21:03:20,628] {dag.py:1824} INFO - Sync 1 DAGs
[2024-09-09 21:03:20,644] {logging_mixin.py:104} INFO - [2024-09-09 21:03:20,644] {dag.py:2280} INFO - Setting next_dagrun for latest_only to 2024-09-07 00:00:00+00:00
[2024-09-09 21:03:20,655] {scheduler_job.py:190} INFO - Processing /home/airflow/.local/lib/python3.6/site-packages/airflow/example_dags/example_latest_only.py took 0.061 seconds
[2024-09-09 21:03:50,940] {scheduler_job.py:182} INFO - Started process (PID=682) to work on /home/airflow/.local/lib/python3.6/site-packages/airflow/example_dags/example_latest_only.py
[2024-09-09 21:03:50,942] {scheduler_job.py:629} INFO - Processing file /home/airflow/.local/lib/python3.6/site-packages/airflow/example_dags/example_latest_only.py for tasks to queue
[2024-09-09 21:03:50,942] {logging_mixin.py:104} INFO - [2024-09-09 21:03:50,942] {dagbag.py:451} INFO - Filling up the DagBag from /home/airflow/.local/lib/python3.6/site-packages/airflow/example_dags/example_latest_only.py
[2024-09-09 21:03:50,954] {scheduler_job.py:639} INFO - DAG(s) dict_keys(['latest_only']) retrieved from /home/airflow/.local/lib/python3.6/site-packages/airflow/example_dags/example_latest_only.py
[2024-09-09 21:03:50,976] {logging_mixin.py:104} INFO - [2024-09-09 21:03:50,975] {dag.py:1824} INFO - Sync 1 DAGs
[2024-09-09 21:03:50,992] {logging_mixin.py:104} INFO - [2024-09-09 21:03:50,992] {dag.py:2280} INFO - Setting next_dagrun for latest_only to 2024-09-07 00:00:00+00:00
[2024-09-09 21:03:51,002] {scheduler_job.py:190} INFO - Processing /home/airflow/.local/lib/python3.6/site-packages/airflow/example_dags/example_latest_only.py took 0.067 seconds
[2024-09-09 21:04:21,337] {scheduler_job.py:182} INFO - Started process (PID=709) to work on /home/airflow/.local/lib/python3.6/site-packages/airflow/example_dags/example_latest_only.py
[2024-09-09 21:04:21,338] {scheduler_job.py:629} INFO - Processing file /home/airflow/.local/lib/python3.6/site-packages/airflow/example_dags/example_latest_only.py for tasks to queue
[2024-09-09 21:04:21,339] {logging_mixin.py:104} INFO - [2024-09-09 21:04:21,339] {dagbag.py:451} INFO - Filling up the DagBag from /home/airflow/.local/lib/python3.6/site-packages/airflow/example_dags/example_latest_only.py
[2024-09-09 21:04:21,349] {scheduler_job.py:639} INFO - DAG(s) dict_keys(['latest_only']) retrieved from /home/airflow/.local/lib/python3.6/site-packages/airflow/example_dags/example_latest_only.py
[2024-09-09 21:04:21,373] {logging_mixin.py:104} INFO - [2024-09-09 21:04:21,373] {dag.py:1824} INFO - Sync 1 DAGs
[2024-09-09 21:04:21,389] {logging_mixin.py:104} INFO - [2024-09-09 21:04:21,389] {dag.py:2280} INFO - Setting next_dagrun for latest_only to 2024-09-07 00:00:00+00:00
[2024-09-09 21:04:21,399] {scheduler_job.py:190} INFO - Processing /home/airflow/.local/lib/python3.6/site-packages/airflow/example_dags/example_latest_only.py took 0.066 seconds
[2024-09-09 21:04:51,690] {scheduler_job.py:182} INFO - Started process (PID=736) to work on /home/airflow/.local/lib/python3.6/site-packages/airflow/example_dags/example_latest_only.py
[2024-09-09 21:04:51,691] {scheduler_job.py:629} INFO - Processing file /home/airflow/.local/lib/python3.6/site-packages/airflow/example_dags/example_latest_only.py for tasks to queue
[2024-09-09 21:04:51,692] {logging_mixin.py:104} INFO - [2024-09-09 21:04:51,692] {dagbag.py:451} INFO - Filling up the DagBag from /home/airflow/.local/lib/python3.6/site-packages/airflow/example_dags/example_latest_only.py
[2024-09-09 21:04:51,702] {scheduler_job.py:639} INFO - DAG(s) dict_keys(['latest_only']) retrieved from /home/airflow/.local/lib/python3.6/site-packages/airflow/example_dags/example_latest_only.py
[2024-09-09 21:04:51,723] {logging_mixin.py:104} INFO - [2024-09-09 21:04:51,723] {dag.py:1824} INFO - Sync 1 DAGs
[2024-09-09 21:04:51,740] {logging_mixin.py:104} INFO - [2024-09-09 21:04:51,740] {dag.py:2280} INFO - Setting next_dagrun for latest_only to 2024-09-07 00:00:00+00:00
[2024-09-09 21:04:51,750] {scheduler_job.py:190} INFO - Processing /home/airflow/.local/lib/python3.6/site-packages/airflow/example_dags/example_latest_only.py took 0.062 seconds
[2024-09-09 21:11:38,262] {scheduler_job.py:182} INFO - Started process (PID=34) to work on /home/airflow/.local/lib/python3.6/site-packages/airflow/example_dags/example_latest_only.py
[2024-09-09 21:11:38,263] {scheduler_job.py:629} INFO - Processing file /home/airflow/.local/lib/python3.6/site-packages/airflow/example_dags/example_latest_only.py for tasks to queue
[2024-09-09 21:11:38,264] {logging_mixin.py:104} INFO - [2024-09-09 21:11:38,264] {dagbag.py:451} INFO - Filling up the DagBag from /home/airflow/.local/lib/python3.6/site-packages/airflow/example_dags/example_latest_only.py
[2024-09-09 21:11:38,274] {scheduler_job.py:639} INFO - DAG(s) dict_keys(['latest_only']) retrieved from /home/airflow/.local/lib/python3.6/site-packages/airflow/example_dags/example_latest_only.py
[2024-09-09 21:11:38,292] {logging_mixin.py:104} INFO - [2024-09-09 21:11:38,292] {dag.py:1824} INFO - Sync 1 DAGs
[2024-09-09 21:11:38,307] {logging_mixin.py:104} INFO - [2024-09-09 21:11:38,307] {dag.py:2280} INFO - Setting next_dagrun for latest_only to 2024-09-07 00:00:00+00:00
[2024-09-09 21:11:38,315] {scheduler_job.py:190} INFO - Processing /home/airflow/.local/lib/python3.6/site-packages/airflow/example_dags/example_latest_only.py took 0.055 seconds
[2024-09-09 21:12:08,656] {scheduler_job.py:182} INFO - Started process (PID=61) to work on /home/airflow/.local/lib/python3.6/site-packages/airflow/example_dags/example_latest_only.py
[2024-09-09 21:12:08,657] {scheduler_job.py:629} INFO - Processing file /home/airflow/.local/lib/python3.6/site-packages/airflow/example_dags/example_latest_only.py for tasks to queue
[2024-09-09 21:12:08,658] {logging_mixin.py:104} INFO - [2024-09-09 21:12:08,658] {dagbag.py:451} INFO - Filling up the DagBag from /home/airflow/.local/lib/python3.6/site-packages/airflow/example_dags/example_latest_only.py
[2024-09-09 21:12:08,675] {scheduler_job.py:639} INFO - DAG(s) dict_keys(['latest_only']) retrieved from /home/airflow/.local/lib/python3.6/site-packages/airflow/example_dags/example_latest_only.py
[2024-09-09 21:12:08,703] {logging_mixin.py:104} INFO - [2024-09-09 21:12:08,703] {dag.py:1824} INFO - Sync 1 DAGs
[2024-09-09 21:12:08,724] {logging_mixin.py:104} INFO - [2024-09-09 21:12:08,724] {dag.py:2280} INFO - Setting next_dagrun for latest_only to 2024-09-07 00:00:00+00:00
[2024-09-09 21:12:08,734] {scheduler_job.py:190} INFO - Processing /home/airflow/.local/lib/python3.6/site-packages/airflow/example_dags/example_latest_only.py took 0.083 seconds
[2024-09-09 21:12:39,020] {scheduler_job.py:182} INFO - Started process (PID=90) to work on /home/airflow/.local/lib/python3.6/site-packages/airflow/example_dags/example_latest_only.py
[2024-09-09 21:12:39,021] {scheduler_job.py:629} INFO - Processing file /home/airflow/.local/lib/python3.6/site-packages/airflow/example_dags/example_latest_only.py for tasks to queue
[2024-09-09 21:12:39,022] {logging_mixin.py:104} INFO - [2024-09-09 21:12:39,022] {dagbag.py:451} INFO - Filling up the DagBag from /home/airflow/.local/lib/python3.6/site-packages/airflow/example_dags/example_latest_only.py
[2024-09-09 21:12:39,030] {scheduler_job.py:639} INFO - DAG(s) dict_keys(['latest_only']) retrieved from /home/airflow/.local/lib/python3.6/site-packages/airflow/example_dags/example_latest_only.py
[2024-09-09 21:12:39,046] {logging_mixin.py:104} INFO - [2024-09-09 21:12:39,046] {dag.py:1824} INFO - Sync 1 DAGs
[2024-09-09 21:12:39,061] {logging_mixin.py:104} INFO - [2024-09-09 21:12:39,061] {dag.py:2280} INFO - Setting next_dagrun for latest_only to 2024-09-07 00:00:00+00:00
[2024-09-09 21:12:39,069] {scheduler_job.py:190} INFO - Processing /home/airflow/.local/lib/python3.6/site-packages/airflow/example_dags/example_latest_only.py took 0.051 seconds
[2024-09-09 21:13:09,259] {scheduler_job.py:182} INFO - Started process (PID=117) to work on /home/airflow/.local/lib/python3.6/site-packages/airflow/example_dags/example_latest_only.py
[2024-09-09 21:13:09,259] {scheduler_job.py:629} INFO - Processing file /home/airflow/.local/lib/python3.6/site-packages/airflow/example_dags/example_latest_only.py for tasks to queue
[2024-09-09 21:13:09,260] {logging_mixin.py:104} INFO - [2024-09-09 21:13:09,260] {dagbag.py:451} INFO - Filling up the DagBag from /home/airflow/.local/lib/python3.6/site-packages/airflow/example_dags/example_latest_only.py
[2024-09-09 21:13:09,271] {scheduler_job.py:639} INFO - DAG(s) dict_keys(['latest_only']) retrieved from /home/airflow/.local/lib/python3.6/site-packages/airflow/example_dags/example_latest_only.py
[2024-09-09 21:13:09,294] {logging_mixin.py:104} INFO - [2024-09-09 21:13:09,294] {dag.py:1824} INFO - Sync 1 DAGs
[2024-09-09 21:13:09,313] {logging_mixin.py:104} INFO - [2024-09-09 21:13:09,313] {dag.py:2280} INFO - Setting next_dagrun for latest_only to 2024-09-07 00:00:00+00:00
[2024-09-09 21:13:09,323] {scheduler_job.py:190} INFO - Processing /home/airflow/.local/lib/python3.6/site-packages/airflow/example_dags/example_latest_only.py took 0.069 seconds
[2024-09-09 21:13:39,622] {scheduler_job.py:182} INFO - Started process (PID=144) to work on /home/airflow/.local/lib/python3.6/site-packages/airflow/example_dags/example_latest_only.py
[2024-09-09 21:13:39,624] {scheduler_job.py:629} INFO - Processing file /home/airflow/.local/lib/python3.6/site-packages/airflow/example_dags/example_latest_only.py for tasks to queue
[2024-09-09 21:13:39,624] {logging_mixin.py:104} INFO - [2024-09-09 21:13:39,624] {dagbag.py:451} INFO - Filling up the DagBag from /home/airflow/.local/lib/python3.6/site-packages/airflow/example_dags/example_latest_only.py
[2024-09-09 21:13:39,637] {scheduler_job.py:639} INFO - DAG(s) dict_keys(['latest_only']) retrieved from /home/airflow/.local/lib/python3.6/site-packages/airflow/example_dags/example_latest_only.py
[2024-09-09 21:13:39,667] {logging_mixin.py:104} INFO - [2024-09-09 21:13:39,666] {dag.py:1824} INFO - Sync 1 DAGs
[2024-09-09 21:13:39,689] {logging_mixin.py:104} INFO - [2024-09-09 21:13:39,689] {dag.py:2280} INFO - Setting next_dagrun for latest_only to 2024-09-07 00:00:00+00:00
[2024-09-09 21:13:39,701] {scheduler_job.py:190} INFO - Processing /home/airflow/.local/lib/python3.6/site-packages/airflow/example_dags/example_latest_only.py took 0.082 seconds
[2024-09-09 21:14:09,971] {scheduler_job.py:182} INFO - Started process (PID=171) to work on /home/airflow/.local/lib/python3.6/site-packages/airflow/example_dags/example_latest_only.py
[2024-09-09 21:14:09,972] {scheduler_job.py:629} INFO - Processing file /home/airflow/.local/lib/python3.6/site-packages/airflow/example_dags/example_latest_only.py for tasks to queue
[2024-09-09 21:14:09,973] {logging_mixin.py:104} INFO - [2024-09-09 21:14:09,973] {dagbag.py:451} INFO - Filling up the DagBag from /home/airflow/.local/lib/python3.6/site-packages/airflow/example_dags/example_latest_only.py
[2024-09-09 21:14:09,983] {scheduler_job.py:639} INFO - DAG(s) dict_keys(['latest_only']) retrieved from /home/airflow/.local/lib/python3.6/site-packages/airflow/example_dags/example_latest_only.py
[2024-09-09 21:14:10,005] {logging_mixin.py:104} INFO - [2024-09-09 21:14:10,005] {dag.py:1824} INFO - Sync 1 DAGs
[2024-09-09 21:14:10,025] {logging_mixin.py:104} INFO - [2024-09-09 21:14:10,025] {dag.py:2280} INFO - Setting next_dagrun for latest_only to 2024-09-07 00:00:00+00:00
[2024-09-09 21:14:10,035] {scheduler_job.py:190} INFO - Processing /home/airflow/.local/lib/python3.6/site-packages/airflow/example_dags/example_latest_only.py took 0.067 seconds
[2024-09-09 21:14:40,663] {scheduler_job.py:182} INFO - Started process (PID=198) to work on /home/airflow/.local/lib/python3.6/site-packages/airflow/example_dags/example_latest_only.py
[2024-09-09 21:14:40,664] {scheduler_job.py:629} INFO - Processing file /home/airflow/.local/lib/python3.6/site-packages/airflow/example_dags/example_latest_only.py for tasks to queue
[2024-09-09 21:14:40,665] {logging_mixin.py:104} INFO - [2024-09-09 21:14:40,665] {dagbag.py:451} INFO - Filling up the DagBag from /home/airflow/.local/lib/python3.6/site-packages/airflow/example_dags/example_latest_only.py
[2024-09-09 21:14:40,676] {scheduler_job.py:639} INFO - DAG(s) dict_keys(['latest_only']) retrieved from /home/airflow/.local/lib/python3.6/site-packages/airflow/example_dags/example_latest_only.py
[2024-09-09 21:14:40,703] {logging_mixin.py:104} INFO - [2024-09-09 21:14:40,703] {dag.py:1824} INFO - Sync 1 DAGs
[2024-09-09 21:14:40,719] {logging_mixin.py:104} INFO - [2024-09-09 21:14:40,718] {dag.py:2280} INFO - Setting next_dagrun for latest_only to 2024-09-07 00:00:00+00:00
[2024-09-09 21:14:40,729] {scheduler_job.py:190} INFO - Processing /home/airflow/.local/lib/python3.6/site-packages/airflow/example_dags/example_latest_only.py took 0.069 seconds
