[2024-09-09 09:52:26,612] {scheduler_job.py:182} INFO - Started process (PID=43) to work on /home/airflow/.local/lib/python3.6/site-packages/airflow/example_dags/example_kubernetes_executor_config.py
[2024-09-09 09:52:26,613] {scheduler_job.py:629} INFO - Processing file /home/airflow/.local/lib/python3.6/site-packages/airflow/example_dags/example_kubernetes_executor_config.py for tasks to queue
[2024-09-09 09:52:26,614] {logging_mixin.py:104} INFO - [2024-09-09 09:52:26,613] {dagbag.py:451} INFO - Filling up the DagBag from /home/airflow/.local/lib/python3.6/site-packages/airflow/example_dags/example_kubernetes_executor_config.py
[2024-09-09 09:52:26,644] {scheduler_job.py:639} INFO - DAG(s) dict_keys(['example_kubernetes_executor_config']) retrieved from /home/airflow/.local/lib/python3.6/site-packages/airflow/example_dags/example_kubernetes_executor_config.py
[2024-09-09 09:52:26,692] {logging_mixin.py:104} INFO - [2024-09-09 09:52:26,692] {dag.py:1824} INFO - Sync 1 DAGs
[2024-09-09 09:52:26,705] {logging_mixin.py:104} INFO - [2024-09-09 09:52:26,705] {dag.py:1843} INFO - Creating ORM DAG for example_kubernetes_executor_config
[2024-09-09 09:52:26,713] {logging_mixin.py:104} INFO - [2024-09-09 09:52:26,713] {dag.py:2280} INFO - Setting next_dagrun for example_kubernetes_executor_config to None
[2024-09-09 09:52:26,734] {scheduler_job.py:190} INFO - Processing /home/airflow/.local/lib/python3.6/site-packages/airflow/example_dags/example_kubernetes_executor_config.py took 0.133 seconds
[2024-09-09 09:52:57,634] {scheduler_job.py:182} INFO - Started process (PID=73) to work on /home/airflow/.local/lib/python3.6/site-packages/airflow/example_dags/example_kubernetes_executor_config.py
[2024-09-09 09:52:57,636] {scheduler_job.py:629} INFO - Processing file /home/airflow/.local/lib/python3.6/site-packages/airflow/example_dags/example_kubernetes_executor_config.py for tasks to queue
[2024-09-09 09:52:57,637] {logging_mixin.py:104} INFO - [2024-09-09 09:52:57,637] {dagbag.py:451} INFO - Filling up the DagBag from /home/airflow/.local/lib/python3.6/site-packages/airflow/example_dags/example_kubernetes_executor_config.py
[2024-09-09 09:52:57,654] {scheduler_job.py:639} INFO - DAG(s) dict_keys(['example_kubernetes_executor_config']) retrieved from /home/airflow/.local/lib/python3.6/site-packages/airflow/example_dags/example_kubernetes_executor_config.py
[2024-09-09 09:52:57,686] {logging_mixin.py:104} INFO - [2024-09-09 09:52:57,686] {dag.py:1824} INFO - Sync 1 DAGs
[2024-09-09 09:52:57,706] {logging_mixin.py:104} INFO - [2024-09-09 09:52:57,706] {dag.py:2280} INFO - Setting next_dagrun for example_kubernetes_executor_config to None
[2024-09-09 09:52:57,719] {scheduler_job.py:190} INFO - Processing /home/airflow/.local/lib/python3.6/site-packages/airflow/example_dags/example_kubernetes_executor_config.py took 0.089 seconds
[2024-09-09 20:51:41,698] {scheduler_job.py:182} INFO - Started process (PID=42) to work on /home/airflow/.local/lib/python3.6/site-packages/airflow/example_dags/example_kubernetes_executor_config.py
[2024-09-09 20:51:41,700] {scheduler_job.py:629} INFO - Processing file /home/airflow/.local/lib/python3.6/site-packages/airflow/example_dags/example_kubernetes_executor_config.py for tasks to queue
[2024-09-09 20:51:41,701] {logging_mixin.py:104} INFO - [2024-09-09 20:51:41,701] {dagbag.py:451} INFO - Filling up the DagBag from /home/airflow/.local/lib/python3.6/site-packages/airflow/example_dags/example_kubernetes_executor_config.py
[2024-09-09 20:51:41,723] {scheduler_job.py:639} INFO - DAG(s) dict_keys(['example_kubernetes_executor_config']) retrieved from /home/airflow/.local/lib/python3.6/site-packages/airflow/example_dags/example_kubernetes_executor_config.py
[2024-09-09 20:51:41,761] {logging_mixin.py:104} INFO - [2024-09-09 20:51:41,760] {dag.py:1824} INFO - Sync 1 DAGs
[2024-09-09 20:51:41,783] {logging_mixin.py:104} INFO - [2024-09-09 20:51:41,783] {dag.py:2280} INFO - Setting next_dagrun for example_kubernetes_executor_config to None
[2024-09-09 20:51:41,805] {scheduler_job.py:190} INFO - Processing /home/airflow/.local/lib/python3.6/site-packages/airflow/example_dags/example_kubernetes_executor_config.py took 0.113 seconds
[2024-09-09 20:52:11,956] {scheduler_job.py:182} INFO - Started process (PID=59) to work on /home/airflow/.local/lib/python3.6/site-packages/airflow/example_dags/example_kubernetes_executor_config.py
[2024-09-09 20:52:11,958] {scheduler_job.py:629} INFO - Processing file /home/airflow/.local/lib/python3.6/site-packages/airflow/example_dags/example_kubernetes_executor_config.py for tasks to queue
[2024-09-09 20:52:11,959] {logging_mixin.py:104} INFO - [2024-09-09 20:52:11,959] {dagbag.py:451} INFO - Filling up the DagBag from /home/airflow/.local/lib/python3.6/site-packages/airflow/example_dags/example_kubernetes_executor_config.py
[2024-09-09 20:52:11,987] {scheduler_job.py:639} INFO - DAG(s) dict_keys(['example_kubernetes_executor_config']) retrieved from /home/airflow/.local/lib/python3.6/site-packages/airflow/example_dags/example_kubernetes_executor_config.py
[2024-09-09 20:52:12,015] {logging_mixin.py:104} INFO - [2024-09-09 20:52:12,015] {dag.py:1824} INFO - Sync 1 DAGs
[2024-09-09 20:52:12,037] {logging_mixin.py:104} INFO - [2024-09-09 20:52:12,037] {dag.py:2280} INFO - Setting next_dagrun for example_kubernetes_executor_config to None
[2024-09-09 20:52:12,049] {scheduler_job.py:190} INFO - Processing /home/airflow/.local/lib/python3.6/site-packages/airflow/example_dags/example_kubernetes_executor_config.py took 0.098 seconds
[2024-09-09 20:52:42,365] {scheduler_job.py:182} INFO - Started process (PID=86) to work on /home/airflow/.local/lib/python3.6/site-packages/airflow/example_dags/example_kubernetes_executor_config.py
[2024-09-09 20:52:42,367] {scheduler_job.py:629} INFO - Processing file /home/airflow/.local/lib/python3.6/site-packages/airflow/example_dags/example_kubernetes_executor_config.py for tasks to queue
[2024-09-09 20:52:42,368] {logging_mixin.py:104} INFO - [2024-09-09 20:52:42,367] {dagbag.py:451} INFO - Filling up the DagBag from /home/airflow/.local/lib/python3.6/site-packages/airflow/example_dags/example_kubernetes_executor_config.py
[2024-09-09 20:52:42,394] {scheduler_job.py:639} INFO - DAG(s) dict_keys(['example_kubernetes_executor_config']) retrieved from /home/airflow/.local/lib/python3.6/site-packages/airflow/example_dags/example_kubernetes_executor_config.py
[2024-09-09 20:52:42,428] {logging_mixin.py:104} INFO - [2024-09-09 20:52:42,427] {dag.py:1824} INFO - Sync 1 DAGs
[2024-09-09 20:52:42,448] {logging_mixin.py:104} INFO - [2024-09-09 20:52:42,447] {dag.py:2280} INFO - Setting next_dagrun for example_kubernetes_executor_config to None
[2024-09-09 20:52:42,461] {scheduler_job.py:190} INFO - Processing /home/airflow/.local/lib/python3.6/site-packages/airflow/example_dags/example_kubernetes_executor_config.py took 0.101 seconds
[2024-09-09 20:53:12,711] {scheduler_job.py:182} INFO - Started process (PID=113) to work on /home/airflow/.local/lib/python3.6/site-packages/airflow/example_dags/example_kubernetes_executor_config.py
[2024-09-09 20:53:12,712] {scheduler_job.py:629} INFO - Processing file /home/airflow/.local/lib/python3.6/site-packages/airflow/example_dags/example_kubernetes_executor_config.py for tasks to queue
[2024-09-09 20:53:12,713] {logging_mixin.py:104} INFO - [2024-09-09 20:53:12,713] {dagbag.py:451} INFO - Filling up the DagBag from /home/airflow/.local/lib/python3.6/site-packages/airflow/example_dags/example_kubernetes_executor_config.py
[2024-09-09 20:53:12,730] {scheduler_job.py:639} INFO - DAG(s) dict_keys(['example_kubernetes_executor_config']) retrieved from /home/airflow/.local/lib/python3.6/site-packages/airflow/example_dags/example_kubernetes_executor_config.py
[2024-09-09 20:53:12,762] {logging_mixin.py:104} INFO - [2024-09-09 20:53:12,762] {dag.py:1824} INFO - Sync 1 DAGs
[2024-09-09 20:53:12,781] {logging_mixin.py:104} INFO - [2024-09-09 20:53:12,781] {dag.py:2280} INFO - Setting next_dagrun for example_kubernetes_executor_config to None
[2024-09-09 20:53:12,792] {scheduler_job.py:190} INFO - Processing /home/airflow/.local/lib/python3.6/site-packages/airflow/example_dags/example_kubernetes_executor_config.py took 0.086 seconds
[2024-09-09 20:53:43,109] {scheduler_job.py:182} INFO - Started process (PID=140) to work on /home/airflow/.local/lib/python3.6/site-packages/airflow/example_dags/example_kubernetes_executor_config.py
[2024-09-09 20:53:43,110] {scheduler_job.py:629} INFO - Processing file /home/airflow/.local/lib/python3.6/site-packages/airflow/example_dags/example_kubernetes_executor_config.py for tasks to queue
[2024-09-09 20:53:43,111] {logging_mixin.py:104} INFO - [2024-09-09 20:53:43,111] {dagbag.py:451} INFO - Filling up the DagBag from /home/airflow/.local/lib/python3.6/site-packages/airflow/example_dags/example_kubernetes_executor_config.py
[2024-09-09 20:53:43,129] {scheduler_job.py:639} INFO - DAG(s) dict_keys(['example_kubernetes_executor_config']) retrieved from /home/airflow/.local/lib/python3.6/site-packages/airflow/example_dags/example_kubernetes_executor_config.py
[2024-09-09 20:53:43,162] {logging_mixin.py:104} INFO - [2024-09-09 20:53:43,162] {dag.py:1824} INFO - Sync 1 DAGs
[2024-09-09 20:53:43,182] {logging_mixin.py:104} INFO - [2024-09-09 20:53:43,182] {dag.py:2280} INFO - Setting next_dagrun for example_kubernetes_executor_config to None
[2024-09-09 20:53:43,193] {scheduler_job.py:190} INFO - Processing /home/airflow/.local/lib/python3.6/site-packages/airflow/example_dags/example_kubernetes_executor_config.py took 0.090 seconds
[2024-09-09 20:54:13,577] {scheduler_job.py:182} INFO - Started process (PID=167) to work on /home/airflow/.local/lib/python3.6/site-packages/airflow/example_dags/example_kubernetes_executor_config.py
[2024-09-09 20:54:13,579] {scheduler_job.py:629} INFO - Processing file /home/airflow/.local/lib/python3.6/site-packages/airflow/example_dags/example_kubernetes_executor_config.py for tasks to queue
[2024-09-09 20:54:13,579] {logging_mixin.py:104} INFO - [2024-09-09 20:54:13,579] {dagbag.py:451} INFO - Filling up the DagBag from /home/airflow/.local/lib/python3.6/site-packages/airflow/example_dags/example_kubernetes_executor_config.py
[2024-09-09 20:54:13,593] {scheduler_job.py:639} INFO - DAG(s) dict_keys(['example_kubernetes_executor_config']) retrieved from /home/airflow/.local/lib/python3.6/site-packages/airflow/example_dags/example_kubernetes_executor_config.py
[2024-09-09 20:54:13,624] {logging_mixin.py:104} INFO - [2024-09-09 20:54:13,624] {dag.py:1824} INFO - Sync 1 DAGs
[2024-09-09 20:54:13,643] {logging_mixin.py:104} INFO - [2024-09-09 20:54:13,643] {dag.py:2280} INFO - Setting next_dagrun for example_kubernetes_executor_config to None
[2024-09-09 20:54:13,654] {scheduler_job.py:190} INFO - Processing /home/airflow/.local/lib/python3.6/site-packages/airflow/example_dags/example_kubernetes_executor_config.py took 0.080 seconds
[2024-09-09 20:54:44,051] {scheduler_job.py:182} INFO - Started process (PID=194) to work on /home/airflow/.local/lib/python3.6/site-packages/airflow/example_dags/example_kubernetes_executor_config.py
[2024-09-09 20:54:44,053] {scheduler_job.py:629} INFO - Processing file /home/airflow/.local/lib/python3.6/site-packages/airflow/example_dags/example_kubernetes_executor_config.py for tasks to queue
[2024-09-09 20:54:44,054] {logging_mixin.py:104} INFO - [2024-09-09 20:54:44,053] {dagbag.py:451} INFO - Filling up the DagBag from /home/airflow/.local/lib/python3.6/site-packages/airflow/example_dags/example_kubernetes_executor_config.py
[2024-09-09 20:54:44,069] {scheduler_job.py:639} INFO - DAG(s) dict_keys(['example_kubernetes_executor_config']) retrieved from /home/airflow/.local/lib/python3.6/site-packages/airflow/example_dags/example_kubernetes_executor_config.py
[2024-09-09 20:54:44,099] {logging_mixin.py:104} INFO - [2024-09-09 20:54:44,099] {dag.py:1824} INFO - Sync 1 DAGs
[2024-09-09 20:54:44,113] {logging_mixin.py:104} INFO - [2024-09-09 20:54:44,113] {dag.py:2280} INFO - Setting next_dagrun for example_kubernetes_executor_config to None
[2024-09-09 20:54:44,132] {scheduler_job.py:190} INFO - Processing /home/airflow/.local/lib/python3.6/site-packages/airflow/example_dags/example_kubernetes_executor_config.py took 0.085 seconds
[2024-09-09 20:55:14,477] {scheduler_job.py:182} INFO - Started process (PID=221) to work on /home/airflow/.local/lib/python3.6/site-packages/airflow/example_dags/example_kubernetes_executor_config.py
[2024-09-09 20:55:14,479] {scheduler_job.py:629} INFO - Processing file /home/airflow/.local/lib/python3.6/site-packages/airflow/example_dags/example_kubernetes_executor_config.py for tasks to queue
[2024-09-09 20:55:14,479] {logging_mixin.py:104} INFO - [2024-09-09 20:55:14,479] {dagbag.py:451} INFO - Filling up the DagBag from /home/airflow/.local/lib/python3.6/site-packages/airflow/example_dags/example_kubernetes_executor_config.py
[2024-09-09 20:55:14,493] {scheduler_job.py:639} INFO - DAG(s) dict_keys(['example_kubernetes_executor_config']) retrieved from /home/airflow/.local/lib/python3.6/site-packages/airflow/example_dags/example_kubernetes_executor_config.py
[2024-09-09 20:55:14,520] {logging_mixin.py:104} INFO - [2024-09-09 20:55:14,520] {dag.py:1824} INFO - Sync 1 DAGs
[2024-09-09 20:55:14,536] {logging_mixin.py:104} INFO - [2024-09-09 20:55:14,536] {dag.py:2280} INFO - Setting next_dagrun for example_kubernetes_executor_config to None
[2024-09-09 20:55:14,547] {scheduler_job.py:190} INFO - Processing /home/airflow/.local/lib/python3.6/site-packages/airflow/example_dags/example_kubernetes_executor_config.py took 0.072 seconds
[2024-09-09 20:55:44,920] {scheduler_job.py:182} INFO - Started process (PID=248) to work on /home/airflow/.local/lib/python3.6/site-packages/airflow/example_dags/example_kubernetes_executor_config.py
[2024-09-09 20:55:44,921] {scheduler_job.py:629} INFO - Processing file /home/airflow/.local/lib/python3.6/site-packages/airflow/example_dags/example_kubernetes_executor_config.py for tasks to queue
[2024-09-09 20:55:44,922] {logging_mixin.py:104} INFO - [2024-09-09 20:55:44,922] {dagbag.py:451} INFO - Filling up the DagBag from /home/airflow/.local/lib/python3.6/site-packages/airflow/example_dags/example_kubernetes_executor_config.py
[2024-09-09 20:55:44,935] {scheduler_job.py:639} INFO - DAG(s) dict_keys(['example_kubernetes_executor_config']) retrieved from /home/airflow/.local/lib/python3.6/site-packages/airflow/example_dags/example_kubernetes_executor_config.py
[2024-09-09 20:55:44,962] {logging_mixin.py:104} INFO - [2024-09-09 20:55:44,962] {dag.py:1824} INFO - Sync 1 DAGs
[2024-09-09 20:55:44,978] {logging_mixin.py:104} INFO - [2024-09-09 20:55:44,977] {dag.py:2280} INFO - Setting next_dagrun for example_kubernetes_executor_config to None
[2024-09-09 20:55:44,998] {scheduler_job.py:190} INFO - Processing /home/airflow/.local/lib/python3.6/site-packages/airflow/example_dags/example_kubernetes_executor_config.py took 0.080 seconds
[2024-09-09 20:56:15,184] {scheduler_job.py:182} INFO - Started process (PID=275) to work on /home/airflow/.local/lib/python3.6/site-packages/airflow/example_dags/example_kubernetes_executor_config.py
[2024-09-09 20:56:15,185] {scheduler_job.py:629} INFO - Processing file /home/airflow/.local/lib/python3.6/site-packages/airflow/example_dags/example_kubernetes_executor_config.py for tasks to queue
[2024-09-09 20:56:15,186] {logging_mixin.py:104} INFO - [2024-09-09 20:56:15,186] {dagbag.py:451} INFO - Filling up the DagBag from /home/airflow/.local/lib/python3.6/site-packages/airflow/example_dags/example_kubernetes_executor_config.py
[2024-09-09 20:56:15,207] {scheduler_job.py:639} INFO - DAG(s) dict_keys(['example_kubernetes_executor_config']) retrieved from /home/airflow/.local/lib/python3.6/site-packages/airflow/example_dags/example_kubernetes_executor_config.py
[2024-09-09 20:56:15,236] {logging_mixin.py:104} INFO - [2024-09-09 20:56:15,236] {dag.py:1824} INFO - Sync 1 DAGs
[2024-09-09 20:56:15,256] {logging_mixin.py:104} INFO - [2024-09-09 20:56:15,256] {dag.py:2280} INFO - Setting next_dagrun for example_kubernetes_executor_config to None
[2024-09-09 20:56:15,268] {scheduler_job.py:190} INFO - Processing /home/airflow/.local/lib/python3.6/site-packages/airflow/example_dags/example_kubernetes_executor_config.py took 0.088 seconds
[2024-09-09 20:56:45,643] {scheduler_job.py:182} INFO - Started process (PID=302) to work on /home/airflow/.local/lib/python3.6/site-packages/airflow/example_dags/example_kubernetes_executor_config.py
[2024-09-09 20:56:45,645] {scheduler_job.py:629} INFO - Processing file /home/airflow/.local/lib/python3.6/site-packages/airflow/example_dags/example_kubernetes_executor_config.py for tasks to queue
[2024-09-09 20:56:45,646] {logging_mixin.py:104} INFO - [2024-09-09 20:56:45,645] {dagbag.py:451} INFO - Filling up the DagBag from /home/airflow/.local/lib/python3.6/site-packages/airflow/example_dags/example_kubernetes_executor_config.py
[2024-09-09 20:56:45,664] {scheduler_job.py:639} INFO - DAG(s) dict_keys(['example_kubernetes_executor_config']) retrieved from /home/airflow/.local/lib/python3.6/site-packages/airflow/example_dags/example_kubernetes_executor_config.py
[2024-09-09 20:56:45,687] {logging_mixin.py:104} INFO - [2024-09-09 20:56:45,687] {dag.py:1824} INFO - Sync 1 DAGs
[2024-09-09 20:56:45,702] {logging_mixin.py:104} INFO - [2024-09-09 20:56:45,702] {dag.py:2280} INFO - Setting next_dagrun for example_kubernetes_executor_config to None
[2024-09-09 20:56:45,714] {scheduler_job.py:190} INFO - Processing /home/airflow/.local/lib/python3.6/site-packages/airflow/example_dags/example_kubernetes_executor_config.py took 0.075 seconds
[2024-09-09 20:57:15,976] {scheduler_job.py:182} INFO - Started process (PID=329) to work on /home/airflow/.local/lib/python3.6/site-packages/airflow/example_dags/example_kubernetes_executor_config.py
[2024-09-09 20:57:15,977] {scheduler_job.py:629} INFO - Processing file /home/airflow/.local/lib/python3.6/site-packages/airflow/example_dags/example_kubernetes_executor_config.py for tasks to queue
[2024-09-09 20:57:15,978] {logging_mixin.py:104} INFO - [2024-09-09 20:57:15,978] {dagbag.py:451} INFO - Filling up the DagBag from /home/airflow/.local/lib/python3.6/site-packages/airflow/example_dags/example_kubernetes_executor_config.py
[2024-09-09 20:57:15,999] {scheduler_job.py:639} INFO - DAG(s) dict_keys(['example_kubernetes_executor_config']) retrieved from /home/airflow/.local/lib/python3.6/site-packages/airflow/example_dags/example_kubernetes_executor_config.py
[2024-09-09 20:57:16,026] {logging_mixin.py:104} INFO - [2024-09-09 20:57:16,026] {dag.py:1824} INFO - Sync 1 DAGs
[2024-09-09 20:57:16,045] {logging_mixin.py:104} INFO - [2024-09-09 20:57:16,045] {dag.py:2280} INFO - Setting next_dagrun for example_kubernetes_executor_config to None
[2024-09-09 20:57:16,068] {scheduler_job.py:190} INFO - Processing /home/airflow/.local/lib/python3.6/site-packages/airflow/example_dags/example_kubernetes_executor_config.py took 0.097 seconds
[2024-09-09 20:57:46,506] {scheduler_job.py:182} INFO - Started process (PID=356) to work on /home/airflow/.local/lib/python3.6/site-packages/airflow/example_dags/example_kubernetes_executor_config.py
[2024-09-09 20:57:46,508] {scheduler_job.py:629} INFO - Processing file /home/airflow/.local/lib/python3.6/site-packages/airflow/example_dags/example_kubernetes_executor_config.py for tasks to queue
[2024-09-09 20:57:46,509] {logging_mixin.py:104} INFO - [2024-09-09 20:57:46,509] {dagbag.py:451} INFO - Filling up the DagBag from /home/airflow/.local/lib/python3.6/site-packages/airflow/example_dags/example_kubernetes_executor_config.py
[2024-09-09 20:57:46,530] {scheduler_job.py:639} INFO - DAG(s) dict_keys(['example_kubernetes_executor_config']) retrieved from /home/airflow/.local/lib/python3.6/site-packages/airflow/example_dags/example_kubernetes_executor_config.py
[2024-09-09 20:57:46,559] {logging_mixin.py:104} INFO - [2024-09-09 20:57:46,559] {dag.py:1824} INFO - Sync 1 DAGs
[2024-09-09 20:57:46,578] {logging_mixin.py:104} INFO - [2024-09-09 20:57:46,578] {dag.py:2280} INFO - Setting next_dagrun for example_kubernetes_executor_config to None
[2024-09-09 20:57:46,600] {scheduler_job.py:190} INFO - Processing /home/airflow/.local/lib/python3.6/site-packages/airflow/example_dags/example_kubernetes_executor_config.py took 0.098 seconds
[2024-09-09 20:58:16,979] {scheduler_job.py:182} INFO - Started process (PID=383) to work on /home/airflow/.local/lib/python3.6/site-packages/airflow/example_dags/example_kubernetes_executor_config.py
[2024-09-09 20:58:16,981] {scheduler_job.py:629} INFO - Processing file /home/airflow/.local/lib/python3.6/site-packages/airflow/example_dags/example_kubernetes_executor_config.py for tasks to queue
[2024-09-09 20:58:16,981] {logging_mixin.py:104} INFO - [2024-09-09 20:58:16,981] {dagbag.py:451} INFO - Filling up the DagBag from /home/airflow/.local/lib/python3.6/site-packages/airflow/example_dags/example_kubernetes_executor_config.py
[2024-09-09 20:58:17,002] {scheduler_job.py:639} INFO - DAG(s) dict_keys(['example_kubernetes_executor_config']) retrieved from /home/airflow/.local/lib/python3.6/site-packages/airflow/example_dags/example_kubernetes_executor_config.py
[2024-09-09 20:58:17,028] {logging_mixin.py:104} INFO - [2024-09-09 20:58:17,028] {dag.py:1824} INFO - Sync 1 DAGs
[2024-09-09 20:58:17,045] {logging_mixin.py:104} INFO - [2024-09-09 20:58:17,045] {dag.py:2280} INFO - Setting next_dagrun for example_kubernetes_executor_config to None
[2024-09-09 20:58:17,057] {scheduler_job.py:190} INFO - Processing /home/airflow/.local/lib/python3.6/site-packages/airflow/example_dags/example_kubernetes_executor_config.py took 0.081 seconds
[2024-09-09 20:58:47,351] {scheduler_job.py:182} INFO - Started process (PID=410) to work on /home/airflow/.local/lib/python3.6/site-packages/airflow/example_dags/example_kubernetes_executor_config.py
[2024-09-09 20:58:47,364] {scheduler_job.py:629} INFO - Processing file /home/airflow/.local/lib/python3.6/site-packages/airflow/example_dags/example_kubernetes_executor_config.py for tasks to queue
[2024-09-09 20:58:47,365] {logging_mixin.py:104} INFO - [2024-09-09 20:58:47,365] {dagbag.py:451} INFO - Filling up the DagBag from /home/airflow/.local/lib/python3.6/site-packages/airflow/example_dags/example_kubernetes_executor_config.py
[2024-09-09 20:58:47,387] {scheduler_job.py:639} INFO - DAG(s) dict_keys(['example_kubernetes_executor_config']) retrieved from /home/airflow/.local/lib/python3.6/site-packages/airflow/example_dags/example_kubernetes_executor_config.py
[2024-09-09 20:58:47,423] {logging_mixin.py:104} INFO - [2024-09-09 20:58:47,423] {dag.py:1824} INFO - Sync 1 DAGs
[2024-09-09 20:58:47,447] {logging_mixin.py:104} INFO - [2024-09-09 20:58:47,447] {dag.py:2280} INFO - Setting next_dagrun for example_kubernetes_executor_config to None
[2024-09-09 20:58:47,458] {scheduler_job.py:190} INFO - Processing /home/airflow/.local/lib/python3.6/site-packages/airflow/example_dags/example_kubernetes_executor_config.py took 0.113 seconds
[2024-09-09 20:59:17,756] {scheduler_job.py:182} INFO - Started process (PID=437) to work on /home/airflow/.local/lib/python3.6/site-packages/airflow/example_dags/example_kubernetes_executor_config.py
[2024-09-09 20:59:17,758] {scheduler_job.py:629} INFO - Processing file /home/airflow/.local/lib/python3.6/site-packages/airflow/example_dags/example_kubernetes_executor_config.py for tasks to queue
[2024-09-09 20:59:17,759] {logging_mixin.py:104} INFO - [2024-09-09 20:59:17,759] {dagbag.py:451} INFO - Filling up the DagBag from /home/airflow/.local/lib/python3.6/site-packages/airflow/example_dags/example_kubernetes_executor_config.py
[2024-09-09 20:59:17,777] {scheduler_job.py:639} INFO - DAG(s) dict_keys(['example_kubernetes_executor_config']) retrieved from /home/airflow/.local/lib/python3.6/site-packages/airflow/example_dags/example_kubernetes_executor_config.py
[2024-09-09 20:59:17,806] {logging_mixin.py:104} INFO - [2024-09-09 20:59:17,805] {dag.py:1824} INFO - Sync 1 DAGs
[2024-09-09 20:59:17,825] {logging_mixin.py:104} INFO - [2024-09-09 20:59:17,825] {dag.py:2280} INFO - Setting next_dagrun for example_kubernetes_executor_config to None
[2024-09-09 20:59:17,836] {scheduler_job.py:190} INFO - Processing /home/airflow/.local/lib/python3.6/site-packages/airflow/example_dags/example_kubernetes_executor_config.py took 0.084 seconds
[2024-09-09 20:59:48,123] {scheduler_job.py:182} INFO - Started process (PID=464) to work on /home/airflow/.local/lib/python3.6/site-packages/airflow/example_dags/example_kubernetes_executor_config.py
[2024-09-09 20:59:48,124] {scheduler_job.py:629} INFO - Processing file /home/airflow/.local/lib/python3.6/site-packages/airflow/example_dags/example_kubernetes_executor_config.py for tasks to queue
[2024-09-09 20:59:48,125] {logging_mixin.py:104} INFO - [2024-09-09 20:59:48,125] {dagbag.py:451} INFO - Filling up the DagBag from /home/airflow/.local/lib/python3.6/site-packages/airflow/example_dags/example_kubernetes_executor_config.py
[2024-09-09 20:59:48,145] {scheduler_job.py:639} INFO - DAG(s) dict_keys(['example_kubernetes_executor_config']) retrieved from /home/airflow/.local/lib/python3.6/site-packages/airflow/example_dags/example_kubernetes_executor_config.py
[2024-09-09 20:59:48,168] {logging_mixin.py:104} INFO - [2024-09-09 20:59:48,168] {dag.py:1824} INFO - Sync 1 DAGs
[2024-09-09 20:59:48,186] {logging_mixin.py:104} INFO - [2024-09-09 20:59:48,186] {dag.py:2280} INFO - Setting next_dagrun for example_kubernetes_executor_config to None
[2024-09-09 20:59:48,195] {scheduler_job.py:190} INFO - Processing /home/airflow/.local/lib/python3.6/site-packages/airflow/example_dags/example_kubernetes_executor_config.py took 0.076 seconds
[2024-09-09 21:00:18,438] {scheduler_job.py:182} INFO - Started process (PID=491) to work on /home/airflow/.local/lib/python3.6/site-packages/airflow/example_dags/example_kubernetes_executor_config.py
[2024-09-09 21:00:18,439] {scheduler_job.py:629} INFO - Processing file /home/airflow/.local/lib/python3.6/site-packages/airflow/example_dags/example_kubernetes_executor_config.py for tasks to queue
[2024-09-09 21:00:18,440] {logging_mixin.py:104} INFO - [2024-09-09 21:00:18,440] {dagbag.py:451} INFO - Filling up the DagBag from /home/airflow/.local/lib/python3.6/site-packages/airflow/example_dags/example_kubernetes_executor_config.py
[2024-09-09 21:00:18,455] {scheduler_job.py:639} INFO - DAG(s) dict_keys(['example_kubernetes_executor_config']) retrieved from /home/airflow/.local/lib/python3.6/site-packages/airflow/example_dags/example_kubernetes_executor_config.py
[2024-09-09 21:00:18,480] {logging_mixin.py:104} INFO - [2024-09-09 21:00:18,480] {dag.py:1824} INFO - Sync 1 DAGs
[2024-09-09 21:00:18,499] {logging_mixin.py:104} INFO - [2024-09-09 21:00:18,498] {dag.py:2280} INFO - Setting next_dagrun for example_kubernetes_executor_config to None
[2024-09-09 21:00:18,517] {scheduler_job.py:190} INFO - Processing /home/airflow/.local/lib/python3.6/site-packages/airflow/example_dags/example_kubernetes_executor_config.py took 0.082 seconds
[2024-09-09 21:00:48,801] {scheduler_job.py:182} INFO - Started process (PID=518) to work on /home/airflow/.local/lib/python3.6/site-packages/airflow/example_dags/example_kubernetes_executor_config.py
[2024-09-09 21:00:48,802] {scheduler_job.py:629} INFO - Processing file /home/airflow/.local/lib/python3.6/site-packages/airflow/example_dags/example_kubernetes_executor_config.py for tasks to queue
[2024-09-09 21:00:48,803] {logging_mixin.py:104} INFO - [2024-09-09 21:00:48,802] {dagbag.py:451} INFO - Filling up the DagBag from /home/airflow/.local/lib/python3.6/site-packages/airflow/example_dags/example_kubernetes_executor_config.py
[2024-09-09 21:00:48,817] {scheduler_job.py:639} INFO - DAG(s) dict_keys(['example_kubernetes_executor_config']) retrieved from /home/airflow/.local/lib/python3.6/site-packages/airflow/example_dags/example_kubernetes_executor_config.py
[2024-09-09 21:00:48,842] {logging_mixin.py:104} INFO - [2024-09-09 21:00:48,842] {dag.py:1824} INFO - Sync 1 DAGs
[2024-09-09 21:00:48,858] {logging_mixin.py:104} INFO - [2024-09-09 21:00:48,858] {dag.py:2280} INFO - Setting next_dagrun for example_kubernetes_executor_config to None
[2024-09-09 21:00:48,871] {scheduler_job.py:190} INFO - Processing /home/airflow/.local/lib/python3.6/site-packages/airflow/example_dags/example_kubernetes_executor_config.py took 0.074 seconds
[2024-09-09 21:01:19,173] {scheduler_job.py:182} INFO - Started process (PID=545) to work on /home/airflow/.local/lib/python3.6/site-packages/airflow/example_dags/example_kubernetes_executor_config.py
[2024-09-09 21:01:19,175] {scheduler_job.py:629} INFO - Processing file /home/airflow/.local/lib/python3.6/site-packages/airflow/example_dags/example_kubernetes_executor_config.py for tasks to queue
[2024-09-09 21:01:19,176] {logging_mixin.py:104} INFO - [2024-09-09 21:01:19,175] {dagbag.py:451} INFO - Filling up the DagBag from /home/airflow/.local/lib/python3.6/site-packages/airflow/example_dags/example_kubernetes_executor_config.py
[2024-09-09 21:01:19,191] {scheduler_job.py:639} INFO - DAG(s) dict_keys(['example_kubernetes_executor_config']) retrieved from /home/airflow/.local/lib/python3.6/site-packages/airflow/example_dags/example_kubernetes_executor_config.py
[2024-09-09 21:01:19,215] {logging_mixin.py:104} INFO - [2024-09-09 21:01:19,215] {dag.py:1824} INFO - Sync 1 DAGs
[2024-09-09 21:01:19,231] {logging_mixin.py:104} INFO - [2024-09-09 21:01:19,231] {dag.py:2280} INFO - Setting next_dagrun for example_kubernetes_executor_config to None
[2024-09-09 21:01:19,242] {scheduler_job.py:190} INFO - Processing /home/airflow/.local/lib/python3.6/site-packages/airflow/example_dags/example_kubernetes_executor_config.py took 0.073 seconds
[2024-09-09 21:01:49,553] {scheduler_job.py:182} INFO - Started process (PID=572) to work on /home/airflow/.local/lib/python3.6/site-packages/airflow/example_dags/example_kubernetes_executor_config.py
[2024-09-09 21:01:49,554] {scheduler_job.py:629} INFO - Processing file /home/airflow/.local/lib/python3.6/site-packages/airflow/example_dags/example_kubernetes_executor_config.py for tasks to queue
[2024-09-09 21:01:49,554] {logging_mixin.py:104} INFO - [2024-09-09 21:01:49,554] {dagbag.py:451} INFO - Filling up the DagBag from /home/airflow/.local/lib/python3.6/site-packages/airflow/example_dags/example_kubernetes_executor_config.py
[2024-09-09 21:01:49,586] {scheduler_job.py:639} INFO - DAG(s) dict_keys(['example_kubernetes_executor_config']) retrieved from /home/airflow/.local/lib/python3.6/site-packages/airflow/example_dags/example_kubernetes_executor_config.py
[2024-09-09 21:01:49,615] {logging_mixin.py:104} INFO - [2024-09-09 21:01:49,615] {dag.py:1824} INFO - Sync 1 DAGs
[2024-09-09 21:01:49,632] {logging_mixin.py:104} INFO - [2024-09-09 21:01:49,632] {dag.py:2280} INFO - Setting next_dagrun for example_kubernetes_executor_config to None
[2024-09-09 21:01:49,643] {scheduler_job.py:190} INFO - Processing /home/airflow/.local/lib/python3.6/site-packages/airflow/example_dags/example_kubernetes_executor_config.py took 0.093 seconds
[2024-09-09 21:02:19,841] {scheduler_job.py:182} INFO - Started process (PID=599) to work on /home/airflow/.local/lib/python3.6/site-packages/airflow/example_dags/example_kubernetes_executor_config.py
[2024-09-09 21:02:19,843] {scheduler_job.py:629} INFO - Processing file /home/airflow/.local/lib/python3.6/site-packages/airflow/example_dags/example_kubernetes_executor_config.py for tasks to queue
[2024-09-09 21:02:19,843] {logging_mixin.py:104} INFO - [2024-09-09 21:02:19,843] {dagbag.py:451} INFO - Filling up the DagBag from /home/airflow/.local/lib/python3.6/site-packages/airflow/example_dags/example_kubernetes_executor_config.py
[2024-09-09 21:02:19,861] {scheduler_job.py:639} INFO - DAG(s) dict_keys(['example_kubernetes_executor_config']) retrieved from /home/airflow/.local/lib/python3.6/site-packages/airflow/example_dags/example_kubernetes_executor_config.py
[2024-09-09 21:02:19,891] {logging_mixin.py:104} INFO - [2024-09-09 21:02:19,891] {dag.py:1824} INFO - Sync 1 DAGs
[2024-09-09 21:02:19,909] {logging_mixin.py:104} INFO - [2024-09-09 21:02:19,909] {dag.py:2280} INFO - Setting next_dagrun for example_kubernetes_executor_config to None
[2024-09-09 21:02:19,921] {scheduler_job.py:190} INFO - Processing /home/airflow/.local/lib/python3.6/site-packages/airflow/example_dags/example_kubernetes_executor_config.py took 0.086 seconds
[2024-09-09 21:02:50,165] {scheduler_job.py:182} INFO - Started process (PID=626) to work on /home/airflow/.local/lib/python3.6/site-packages/airflow/example_dags/example_kubernetes_executor_config.py
[2024-09-09 21:02:50,167] {scheduler_job.py:629} INFO - Processing file /home/airflow/.local/lib/python3.6/site-packages/airflow/example_dags/example_kubernetes_executor_config.py for tasks to queue
[2024-09-09 21:02:50,168] {logging_mixin.py:104} INFO - [2024-09-09 21:02:50,167] {dagbag.py:451} INFO - Filling up the DagBag from /home/airflow/.local/lib/python3.6/site-packages/airflow/example_dags/example_kubernetes_executor_config.py
[2024-09-09 21:02:50,185] {scheduler_job.py:639} INFO - DAG(s) dict_keys(['example_kubernetes_executor_config']) retrieved from /home/airflow/.local/lib/python3.6/site-packages/airflow/example_dags/example_kubernetes_executor_config.py
[2024-09-09 21:02:50,215] {logging_mixin.py:104} INFO - [2024-09-09 21:02:50,215] {dag.py:1824} INFO - Sync 1 DAGs
[2024-09-09 21:02:50,234] {logging_mixin.py:104} INFO - [2024-09-09 21:02:50,234] {dag.py:2280} INFO - Setting next_dagrun for example_kubernetes_executor_config to None
[2024-09-09 21:02:50,256] {scheduler_job.py:190} INFO - Processing /home/airflow/.local/lib/python3.6/site-packages/airflow/example_dags/example_kubernetes_executor_config.py took 0.095 seconds
[2024-09-09 21:03:20,492] {scheduler_job.py:182} INFO - Started process (PID=653) to work on /home/airflow/.local/lib/python3.6/site-packages/airflow/example_dags/example_kubernetes_executor_config.py
[2024-09-09 21:03:20,493] {scheduler_job.py:629} INFO - Processing file /home/airflow/.local/lib/python3.6/site-packages/airflow/example_dags/example_kubernetes_executor_config.py for tasks to queue
[2024-09-09 21:03:20,494] {logging_mixin.py:104} INFO - [2024-09-09 21:03:20,494] {dagbag.py:451} INFO - Filling up the DagBag from /home/airflow/.local/lib/python3.6/site-packages/airflow/example_dags/example_kubernetes_executor_config.py
[2024-09-09 21:03:20,512] {scheduler_job.py:639} INFO - DAG(s) dict_keys(['example_kubernetes_executor_config']) retrieved from /home/airflow/.local/lib/python3.6/site-packages/airflow/example_dags/example_kubernetes_executor_config.py
[2024-09-09 21:03:20,541] {logging_mixin.py:104} INFO - [2024-09-09 21:03:20,541] {dag.py:1824} INFO - Sync 1 DAGs
[2024-09-09 21:03:20,559] {logging_mixin.py:104} INFO - [2024-09-09 21:03:20,559] {dag.py:2280} INFO - Setting next_dagrun for example_kubernetes_executor_config to None
[2024-09-09 21:03:20,579] {scheduler_job.py:190} INFO - Processing /home/airflow/.local/lib/python3.6/site-packages/airflow/example_dags/example_kubernetes_executor_config.py took 0.093 seconds
[2024-09-09 21:03:50,826] {scheduler_job.py:182} INFO - Started process (PID=680) to work on /home/airflow/.local/lib/python3.6/site-packages/airflow/example_dags/example_kubernetes_executor_config.py
[2024-09-09 21:03:50,828] {scheduler_job.py:629} INFO - Processing file /home/airflow/.local/lib/python3.6/site-packages/airflow/example_dags/example_kubernetes_executor_config.py for tasks to queue
[2024-09-09 21:03:50,829] {logging_mixin.py:104} INFO - [2024-09-09 21:03:50,829] {dagbag.py:451} INFO - Filling up the DagBag from /home/airflow/.local/lib/python3.6/site-packages/airflow/example_dags/example_kubernetes_executor_config.py
[2024-09-09 21:03:50,847] {scheduler_job.py:639} INFO - DAG(s) dict_keys(['example_kubernetes_executor_config']) retrieved from /home/airflow/.local/lib/python3.6/site-packages/airflow/example_dags/example_kubernetes_executor_config.py
[2024-09-09 21:03:50,877] {logging_mixin.py:104} INFO - [2024-09-09 21:03:50,877] {dag.py:1824} INFO - Sync 1 DAGs
[2024-09-09 21:03:50,896] {logging_mixin.py:104} INFO - [2024-09-09 21:03:50,896] {dag.py:2280} INFO - Setting next_dagrun for example_kubernetes_executor_config to None
[2024-09-09 21:03:50,917] {scheduler_job.py:190} INFO - Processing /home/airflow/.local/lib/python3.6/site-packages/airflow/example_dags/example_kubernetes_executor_config.py took 0.098 seconds
[2024-09-09 21:04:21,245] {scheduler_job.py:182} INFO - Started process (PID=707) to work on /home/airflow/.local/lib/python3.6/site-packages/airflow/example_dags/example_kubernetes_executor_config.py
[2024-09-09 21:04:21,247] {scheduler_job.py:629} INFO - Processing file /home/airflow/.local/lib/python3.6/site-packages/airflow/example_dags/example_kubernetes_executor_config.py for tasks to queue
[2024-09-09 21:04:21,247] {logging_mixin.py:104} INFO - [2024-09-09 21:04:21,247] {dagbag.py:451} INFO - Filling up the DagBag from /home/airflow/.local/lib/python3.6/site-packages/airflow/example_dags/example_kubernetes_executor_config.py
[2024-09-09 21:04:21,265] {scheduler_job.py:639} INFO - DAG(s) dict_keys(['example_kubernetes_executor_config']) retrieved from /home/airflow/.local/lib/python3.6/site-packages/airflow/example_dags/example_kubernetes_executor_config.py
[2024-09-09 21:04:21,292] {logging_mixin.py:104} INFO - [2024-09-09 21:04:21,292] {dag.py:1824} INFO - Sync 1 DAGs
[2024-09-09 21:04:21,309] {logging_mixin.py:104} INFO - [2024-09-09 21:04:21,309] {dag.py:2280} INFO - Setting next_dagrun for example_kubernetes_executor_config to None
[2024-09-09 21:04:21,320] {scheduler_job.py:190} INFO - Processing /home/airflow/.local/lib/python3.6/site-packages/airflow/example_dags/example_kubernetes_executor_config.py took 0.079 seconds
[2024-09-09 21:04:51,567] {scheduler_job.py:182} INFO - Started process (PID=734) to work on /home/airflow/.local/lib/python3.6/site-packages/airflow/example_dags/example_kubernetes_executor_config.py
[2024-09-09 21:04:51,569] {scheduler_job.py:629} INFO - Processing file /home/airflow/.local/lib/python3.6/site-packages/airflow/example_dags/example_kubernetes_executor_config.py for tasks to queue
[2024-09-09 21:04:51,570] {logging_mixin.py:104} INFO - [2024-09-09 21:04:51,570] {dagbag.py:451} INFO - Filling up the DagBag from /home/airflow/.local/lib/python3.6/site-packages/airflow/example_dags/example_kubernetes_executor_config.py
[2024-09-09 21:04:51,599] {scheduler_job.py:639} INFO - DAG(s) dict_keys(['example_kubernetes_executor_config']) retrieved from /home/airflow/.local/lib/python3.6/site-packages/airflow/example_dags/example_kubernetes_executor_config.py
[2024-09-09 21:04:51,638] {logging_mixin.py:104} INFO - [2024-09-09 21:04:51,637] {dag.py:1824} INFO - Sync 1 DAGs
[2024-09-09 21:04:51,661] {logging_mixin.py:104} INFO - [2024-09-09 21:04:51,661] {dag.py:2280} INFO - Setting next_dagrun for example_kubernetes_executor_config to None
[2024-09-09 21:04:51,672] {scheduler_job.py:190} INFO - Processing /home/airflow/.local/lib/python3.6/site-packages/airflow/example_dags/example_kubernetes_executor_config.py took 0.114 seconds
[2024-09-09 21:11:39,094] {scheduler_job.py:182} INFO - Started process (PID=52) to work on /home/airflow/.local/lib/python3.6/site-packages/airflow/example_dags/example_kubernetes_executor_config.py
[2024-09-09 21:11:39,095] {scheduler_job.py:629} INFO - Processing file /home/airflow/.local/lib/python3.6/site-packages/airflow/example_dags/example_kubernetes_executor_config.py for tasks to queue
[2024-09-09 21:11:39,096] {logging_mixin.py:104} INFO - [2024-09-09 21:11:39,096] {dagbag.py:451} INFO - Filling up the DagBag from /home/airflow/.local/lib/python3.6/site-packages/airflow/example_dags/example_kubernetes_executor_config.py
[2024-09-09 21:11:39,109] {scheduler_job.py:639} INFO - DAG(s) dict_keys(['example_kubernetes_executor_config']) retrieved from /home/airflow/.local/lib/python3.6/site-packages/airflow/example_dags/example_kubernetes_executor_config.py
[2024-09-09 21:11:39,129] {logging_mixin.py:104} INFO - [2024-09-09 21:11:39,128] {dag.py:1824} INFO - Sync 1 DAGs
[2024-09-09 21:11:39,144] {logging_mixin.py:104} INFO - [2024-09-09 21:11:39,144] {dag.py:2280} INFO - Setting next_dagrun for example_kubernetes_executor_config to None
[2024-09-09 21:11:39,152] {scheduler_job.py:190} INFO - Processing /home/airflow/.local/lib/python3.6/site-packages/airflow/example_dags/example_kubernetes_executor_config.py took 0.061 seconds
[2024-09-09 21:12:09,592] {scheduler_job.py:182} INFO - Started process (PID=79) to work on /home/airflow/.local/lib/python3.6/site-packages/airflow/example_dags/example_kubernetes_executor_config.py
[2024-09-09 21:12:09,594] {scheduler_job.py:629} INFO - Processing file /home/airflow/.local/lib/python3.6/site-packages/airflow/example_dags/example_kubernetes_executor_config.py for tasks to queue
[2024-09-09 21:12:09,594] {logging_mixin.py:104} INFO - [2024-09-09 21:12:09,594] {dagbag.py:451} INFO - Filling up the DagBag from /home/airflow/.local/lib/python3.6/site-packages/airflow/example_dags/example_kubernetes_executor_config.py
[2024-09-09 21:12:09,608] {scheduler_job.py:639} INFO - DAG(s) dict_keys(['example_kubernetes_executor_config']) retrieved from /home/airflow/.local/lib/python3.6/site-packages/airflow/example_dags/example_kubernetes_executor_config.py
[2024-09-09 21:12:09,640] {logging_mixin.py:104} INFO - [2024-09-09 21:12:09,639] {dag.py:1824} INFO - Sync 1 DAGs
[2024-09-09 21:12:09,668] {logging_mixin.py:104} INFO - [2024-09-09 21:12:09,667] {dag.py:2280} INFO - Setting next_dagrun for example_kubernetes_executor_config to None
[2024-09-09 21:12:09,678] {scheduler_job.py:190} INFO - Processing /home/airflow/.local/lib/python3.6/site-packages/airflow/example_dags/example_kubernetes_executor_config.py took 0.089 seconds
[2024-09-09 21:12:39,737] {scheduler_job.py:182} INFO - Started process (PID=107) to work on /home/airflow/.local/lib/python3.6/site-packages/airflow/example_dags/example_kubernetes_executor_config.py
[2024-09-09 21:12:39,739] {scheduler_job.py:629} INFO - Processing file /home/airflow/.local/lib/python3.6/site-packages/airflow/example_dags/example_kubernetes_executor_config.py for tasks to queue
[2024-09-09 21:12:39,739] {logging_mixin.py:104} INFO - [2024-09-09 21:12:39,739] {dagbag.py:451} INFO - Filling up the DagBag from /home/airflow/.local/lib/python3.6/site-packages/airflow/example_dags/example_kubernetes_executor_config.py
[2024-09-09 21:12:39,754] {scheduler_job.py:639} INFO - DAG(s) dict_keys(['example_kubernetes_executor_config']) retrieved from /home/airflow/.local/lib/python3.6/site-packages/airflow/example_dags/example_kubernetes_executor_config.py
[2024-09-09 21:12:39,782] {logging_mixin.py:104} INFO - [2024-09-09 21:12:39,782] {dag.py:1824} INFO - Sync 1 DAGs
[2024-09-09 21:12:39,796] {logging_mixin.py:104} INFO - [2024-09-09 21:12:39,796] {dag.py:2280} INFO - Setting next_dagrun for example_kubernetes_executor_config to None
[2024-09-09 21:12:39,805] {scheduler_job.py:190} INFO - Processing /home/airflow/.local/lib/python3.6/site-packages/airflow/example_dags/example_kubernetes_executor_config.py took 0.071 seconds
[2024-09-09 21:13:09,935] {scheduler_job.py:182} INFO - Started process (PID=133) to work on /home/airflow/.local/lib/python3.6/site-packages/airflow/example_dags/example_kubernetes_executor_config.py
[2024-09-09 21:13:09,936] {scheduler_job.py:629} INFO - Processing file /home/airflow/.local/lib/python3.6/site-packages/airflow/example_dags/example_kubernetes_executor_config.py for tasks to queue
[2024-09-09 21:13:09,936] {logging_mixin.py:104} INFO - [2024-09-09 21:13:09,936] {dagbag.py:451} INFO - Filling up the DagBag from /home/airflow/.local/lib/python3.6/site-packages/airflow/example_dags/example_kubernetes_executor_config.py
[2024-09-09 21:13:09,951] {scheduler_job.py:639} INFO - DAG(s) dict_keys(['example_kubernetes_executor_config']) retrieved from /home/airflow/.local/lib/python3.6/site-packages/airflow/example_dags/example_kubernetes_executor_config.py
[2024-09-09 21:13:09,978] {logging_mixin.py:104} INFO - [2024-09-09 21:13:09,977] {dag.py:1824} INFO - Sync 1 DAGs
[2024-09-09 21:13:09,993] {logging_mixin.py:104} INFO - [2024-09-09 21:13:09,993] {dag.py:2280} INFO - Setting next_dagrun for example_kubernetes_executor_config to None
[2024-09-09 21:13:10,002] {scheduler_job.py:190} INFO - Processing /home/airflow/.local/lib/python3.6/site-packages/airflow/example_dags/example_kubernetes_executor_config.py took 0.072 seconds
[2024-09-09 21:13:40,115] {scheduler_job.py:182} INFO - Started process (PID=156) to work on /home/airflow/.local/lib/python3.6/site-packages/airflow/example_dags/example_kubernetes_executor_config.py
[2024-09-09 21:13:40,116] {scheduler_job.py:629} INFO - Processing file /home/airflow/.local/lib/python3.6/site-packages/airflow/example_dags/example_kubernetes_executor_config.py for tasks to queue
[2024-09-09 21:13:40,116] {logging_mixin.py:104} INFO - [2024-09-09 21:13:40,116] {dagbag.py:451} INFO - Filling up the DagBag from /home/airflow/.local/lib/python3.6/site-packages/airflow/example_dags/example_kubernetes_executor_config.py
[2024-09-09 21:13:40,131] {scheduler_job.py:639} INFO - DAG(s) dict_keys(['example_kubernetes_executor_config']) retrieved from /home/airflow/.local/lib/python3.6/site-packages/airflow/example_dags/example_kubernetes_executor_config.py
[2024-09-09 21:13:40,160] {logging_mixin.py:104} INFO - [2024-09-09 21:13:40,160] {dag.py:1824} INFO - Sync 1 DAGs
[2024-09-09 21:13:40,175] {logging_mixin.py:104} INFO - [2024-09-09 21:13:40,175] {dag.py:2280} INFO - Setting next_dagrun for example_kubernetes_executor_config to None
[2024-09-09 21:13:40,186] {scheduler_job.py:190} INFO - Processing /home/airflow/.local/lib/python3.6/site-packages/airflow/example_dags/example_kubernetes_executor_config.py took 0.076 seconds
[2024-09-09 21:14:10,440] {scheduler_job.py:182} INFO - Started process (PID=179) to work on /home/airflow/.local/lib/python3.6/site-packages/airflow/example_dags/example_kubernetes_executor_config.py
[2024-09-09 21:14:10,441] {scheduler_job.py:629} INFO - Processing file /home/airflow/.local/lib/python3.6/site-packages/airflow/example_dags/example_kubernetes_executor_config.py for tasks to queue
[2024-09-09 21:14:10,442] {logging_mixin.py:104} INFO - [2024-09-09 21:14:10,442] {dagbag.py:451} INFO - Filling up the DagBag from /home/airflow/.local/lib/python3.6/site-packages/airflow/example_dags/example_kubernetes_executor_config.py
[2024-09-09 21:14:10,461] {scheduler_job.py:639} INFO - DAG(s) dict_keys(['example_kubernetes_executor_config']) retrieved from /home/airflow/.local/lib/python3.6/site-packages/airflow/example_dags/example_kubernetes_executor_config.py
[2024-09-09 21:14:10,498] {logging_mixin.py:104} INFO - [2024-09-09 21:14:10,498] {dag.py:1824} INFO - Sync 1 DAGs
[2024-09-09 21:14:10,524] {logging_mixin.py:104} INFO - [2024-09-09 21:14:10,524] {dag.py:2280} INFO - Setting next_dagrun for example_kubernetes_executor_config to None
[2024-09-09 21:14:10,536] {scheduler_job.py:190} INFO - Processing /home/airflow/.local/lib/python3.6/site-packages/airflow/example_dags/example_kubernetes_executor_config.py took 0.100 seconds
[2024-09-09 21:14:41,020] {scheduler_job.py:182} INFO - Started process (PID=206) to work on /home/airflow/.local/lib/python3.6/site-packages/airflow/example_dags/example_kubernetes_executor_config.py
[2024-09-09 21:14:41,022] {scheduler_job.py:629} INFO - Processing file /home/airflow/.local/lib/python3.6/site-packages/airflow/example_dags/example_kubernetes_executor_config.py for tasks to queue
[2024-09-09 21:14:41,022] {logging_mixin.py:104} INFO - [2024-09-09 21:14:41,022] {dagbag.py:451} INFO - Filling up the DagBag from /home/airflow/.local/lib/python3.6/site-packages/airflow/example_dags/example_kubernetes_executor_config.py
[2024-09-09 21:14:41,039] {scheduler_job.py:639} INFO - DAG(s) dict_keys(['example_kubernetes_executor_config']) retrieved from /home/airflow/.local/lib/python3.6/site-packages/airflow/example_dags/example_kubernetes_executor_config.py
[2024-09-09 21:14:41,071] {logging_mixin.py:104} INFO - [2024-09-09 21:14:41,071] {dag.py:1824} INFO - Sync 1 DAGs
[2024-09-09 21:14:41,089] {logging_mixin.py:104} INFO - [2024-09-09 21:14:41,089] {dag.py:2280} INFO - Setting next_dagrun for example_kubernetes_executor_config to None
[2024-09-09 21:14:41,100] {scheduler_job.py:190} INFO - Processing /home/airflow/.local/lib/python3.6/site-packages/airflow/example_dags/example_kubernetes_executor_config.py took 0.084 seconds
