[2024-09-09 09:52:26,354] {scheduler_job.py:182} INFO - Started process (PID=39) to work on /home/airflow/.local/lib/python3.6/site-packages/airflow/example_dags/example_complex.py
[2024-09-09 09:52:26,355] {scheduler_job.py:629} INFO - Processing file /home/airflow/.local/lib/python3.6/site-packages/airflow/example_dags/example_complex.py for tasks to queue
[2024-09-09 09:52:26,356] {logging_mixin.py:104} INFO - [2024-09-09 09:52:26,356] {dagbag.py:451} INFO - Filling up the DagBag from /home/airflow/.local/lib/python3.6/site-packages/airflow/example_dags/example_complex.py
[2024-09-09 09:52:26,378] {scheduler_job.py:639} INFO - DAG(s) dict_keys(['example_complex']) retrieved from /home/airflow/.local/lib/python3.6/site-packages/airflow/example_dags/example_complex.py
[2024-09-09 09:52:26,425] {logging_mixin.py:104} INFO - [2024-09-09 09:52:26,425] {dag.py:1824} INFO - Sync 1 DAGs
[2024-09-09 09:52:26,442] {logging_mixin.py:104} INFO - [2024-09-09 09:52:26,442] {dag.py:1843} INFO - Creating ORM DAG for example_complex
[2024-09-09 09:52:26,449] {logging_mixin.py:104} INFO - [2024-09-09 09:52:26,449] {dag.py:2280} INFO - Setting next_dagrun for example_complex to None
[2024-09-09 09:52:26,485] {scheduler_job.py:190} INFO - Processing /home/airflow/.local/lib/python3.6/site-packages/airflow/example_dags/example_complex.py took 0.134 seconds
[2024-09-09 09:52:57,461] {scheduler_job.py:182} INFO - Started process (PID=69) to work on /home/airflow/.local/lib/python3.6/site-packages/airflow/example_dags/example_complex.py
[2024-09-09 09:52:57,463] {scheduler_job.py:629} INFO - Processing file /home/airflow/.local/lib/python3.6/site-packages/airflow/example_dags/example_complex.py for tasks to queue
[2024-09-09 09:52:57,464] {logging_mixin.py:104} INFO - [2024-09-09 09:52:57,464] {dagbag.py:451} INFO - Filling up the DagBag from /home/airflow/.local/lib/python3.6/site-packages/airflow/example_dags/example_complex.py
[2024-09-09 09:52:57,488] {scheduler_job.py:639} INFO - DAG(s) dict_keys(['example_complex']) retrieved from /home/airflow/.local/lib/python3.6/site-packages/airflow/example_dags/example_complex.py
[2024-09-09 09:52:57,520] {logging_mixin.py:104} INFO - [2024-09-09 09:52:57,520] {dag.py:1824} INFO - Sync 1 DAGs
[2024-09-09 09:52:57,538] {logging_mixin.py:104} INFO - [2024-09-09 09:52:57,538] {dag.py:2280} INFO - Setting next_dagrun for example_complex to None
[2024-09-09 09:52:57,550] {scheduler_job.py:190} INFO - Processing /home/airflow/.local/lib/python3.6/site-packages/airflow/example_dags/example_complex.py took 0.095 seconds
[2024-09-09 20:51:42,661] {scheduler_job.py:182} INFO - Started process (PID=54) to work on /home/airflow/.local/lib/python3.6/site-packages/airflow/example_dags/example_complex.py
[2024-09-09 20:51:42,662] {scheduler_job.py:629} INFO - Processing file /home/airflow/.local/lib/python3.6/site-packages/airflow/example_dags/example_complex.py for tasks to queue
[2024-09-09 20:51:42,663] {logging_mixin.py:104} INFO - [2024-09-09 20:51:42,663] {dagbag.py:451} INFO - Filling up the DagBag from /home/airflow/.local/lib/python3.6/site-packages/airflow/example_dags/example_complex.py
[2024-09-09 20:51:42,686] {scheduler_job.py:639} INFO - DAG(s) dict_keys(['example_complex']) retrieved from /home/airflow/.local/lib/python3.6/site-packages/airflow/example_dags/example_complex.py
[2024-09-09 20:51:42,719] {logging_mixin.py:104} INFO - [2024-09-09 20:51:42,719] {dag.py:1824} INFO - Sync 1 DAGs
[2024-09-09 20:51:42,738] {logging_mixin.py:104} INFO - [2024-09-09 20:51:42,738] {dag.py:2280} INFO - Setting next_dagrun for example_complex to None
[2024-09-09 20:51:42,752] {scheduler_job.py:190} INFO - Processing /home/airflow/.local/lib/python3.6/site-packages/airflow/example_dags/example_complex.py took 0.095 seconds
[2024-09-09 20:52:12,980] {scheduler_job.py:182} INFO - Started process (PID=80) to work on /home/airflow/.local/lib/python3.6/site-packages/airflow/example_dags/example_complex.py
[2024-09-09 20:52:12,981] {scheduler_job.py:629} INFO - Processing file /home/airflow/.local/lib/python3.6/site-packages/airflow/example_dags/example_complex.py for tasks to queue
[2024-09-09 20:52:12,982] {logging_mixin.py:104} INFO - [2024-09-09 20:52:12,982] {dagbag.py:451} INFO - Filling up the DagBag from /home/airflow/.local/lib/python3.6/site-packages/airflow/example_dags/example_complex.py
[2024-09-09 20:52:12,999] {scheduler_job.py:639} INFO - DAG(s) dict_keys(['example_complex']) retrieved from /home/airflow/.local/lib/python3.6/site-packages/airflow/example_dags/example_complex.py
[2024-09-09 20:52:13,029] {logging_mixin.py:104} INFO - [2024-09-09 20:52:13,029] {dag.py:1824} INFO - Sync 1 DAGs
[2024-09-09 20:52:13,045] {logging_mixin.py:104} INFO - [2024-09-09 20:52:13,045] {dag.py:2280} INFO - Setting next_dagrun for example_complex to None
[2024-09-09 20:52:13,056] {scheduler_job.py:190} INFO - Processing /home/airflow/.local/lib/python3.6/site-packages/airflow/example_dags/example_complex.py took 0.078 seconds
[2024-09-09 20:52:43,343] {scheduler_job.py:182} INFO - Started process (PID=107) to work on /home/airflow/.local/lib/python3.6/site-packages/airflow/example_dags/example_complex.py
[2024-09-09 20:52:43,344] {scheduler_job.py:629} INFO - Processing file /home/airflow/.local/lib/python3.6/site-packages/airflow/example_dags/example_complex.py for tasks to queue
[2024-09-09 20:52:43,344] {logging_mixin.py:104} INFO - [2024-09-09 20:52:43,344] {dagbag.py:451} INFO - Filling up the DagBag from /home/airflow/.local/lib/python3.6/site-packages/airflow/example_dags/example_complex.py
[2024-09-09 20:52:43,362] {scheduler_job.py:639} INFO - DAG(s) dict_keys(['example_complex']) retrieved from /home/airflow/.local/lib/python3.6/site-packages/airflow/example_dags/example_complex.py
[2024-09-09 20:52:43,394] {logging_mixin.py:104} INFO - [2024-09-09 20:52:43,394] {dag.py:1824} INFO - Sync 1 DAGs
[2024-09-09 20:52:43,410] {logging_mixin.py:104} INFO - [2024-09-09 20:52:43,410] {dag.py:2280} INFO - Setting next_dagrun for example_complex to None
[2024-09-09 20:52:43,420] {scheduler_job.py:190} INFO - Processing /home/airflow/.local/lib/python3.6/site-packages/airflow/example_dags/example_complex.py took 0.080 seconds
[2024-09-09 20:53:13,628] {scheduler_job.py:182} INFO - Started process (PID=132) to work on /home/airflow/.local/lib/python3.6/site-packages/airflow/example_dags/example_complex.py
[2024-09-09 20:53:13,629] {scheduler_job.py:629} INFO - Processing file /home/airflow/.local/lib/python3.6/site-packages/airflow/example_dags/example_complex.py for tasks to queue
[2024-09-09 20:53:13,631] {logging_mixin.py:104} INFO - [2024-09-09 20:53:13,631] {dagbag.py:451} INFO - Filling up the DagBag from /home/airflow/.local/lib/python3.6/site-packages/airflow/example_dags/example_complex.py
[2024-09-09 20:53:13,666] {scheduler_job.py:639} INFO - DAG(s) dict_keys(['example_complex']) retrieved from /home/airflow/.local/lib/python3.6/site-packages/airflow/example_dags/example_complex.py
[2024-09-09 20:53:13,698] {logging_mixin.py:104} INFO - [2024-09-09 20:53:13,698] {dag.py:1824} INFO - Sync 1 DAGs
[2024-09-09 20:53:13,714] {logging_mixin.py:104} INFO - [2024-09-09 20:53:13,714] {dag.py:2280} INFO - Setting next_dagrun for example_complex to None
[2024-09-09 20:53:13,724] {scheduler_job.py:190} INFO - Processing /home/airflow/.local/lib/python3.6/site-packages/airflow/example_dags/example_complex.py took 0.101 seconds
[2024-09-09 20:53:44,033] {scheduler_job.py:182} INFO - Started process (PID=158) to work on /home/airflow/.local/lib/python3.6/site-packages/airflow/example_dags/example_complex.py
[2024-09-09 20:53:44,034] {scheduler_job.py:629} INFO - Processing file /home/airflow/.local/lib/python3.6/site-packages/airflow/example_dags/example_complex.py for tasks to queue
[2024-09-09 20:53:44,034] {logging_mixin.py:104} INFO - [2024-09-09 20:53:44,034] {dagbag.py:451} INFO - Filling up the DagBag from /home/airflow/.local/lib/python3.6/site-packages/airflow/example_dags/example_complex.py
[2024-09-09 20:53:44,052] {scheduler_job.py:639} INFO - DAG(s) dict_keys(['example_complex']) retrieved from /home/airflow/.local/lib/python3.6/site-packages/airflow/example_dags/example_complex.py
[2024-09-09 20:53:44,080] {logging_mixin.py:104} INFO - [2024-09-09 20:53:44,080] {dag.py:1824} INFO - Sync 1 DAGs
[2024-09-09 20:53:44,096] {logging_mixin.py:104} INFO - [2024-09-09 20:53:44,096] {dag.py:2280} INFO - Setting next_dagrun for example_complex to None
[2024-09-09 20:53:44,106] {scheduler_job.py:190} INFO - Processing /home/airflow/.local/lib/python3.6/site-packages/airflow/example_dags/example_complex.py took 0.076 seconds
[2024-09-09 20:54:14,399] {scheduler_job.py:182} INFO - Started process (PID=184) to work on /home/airflow/.local/lib/python3.6/site-packages/airflow/example_dags/example_complex.py
[2024-09-09 20:54:14,401] {scheduler_job.py:629} INFO - Processing file /home/airflow/.local/lib/python3.6/site-packages/airflow/example_dags/example_complex.py for tasks to queue
[2024-09-09 20:54:14,402] {logging_mixin.py:104} INFO - [2024-09-09 20:54:14,402] {dagbag.py:451} INFO - Filling up the DagBag from /home/airflow/.local/lib/python3.6/site-packages/airflow/example_dags/example_complex.py
[2024-09-09 20:54:14,423] {scheduler_job.py:639} INFO - DAG(s) dict_keys(['example_complex']) retrieved from /home/airflow/.local/lib/python3.6/site-packages/airflow/example_dags/example_complex.py
[2024-09-09 20:54:14,451] {logging_mixin.py:104} INFO - [2024-09-09 20:54:14,451] {dag.py:1824} INFO - Sync 1 DAGs
[2024-09-09 20:54:14,467] {logging_mixin.py:104} INFO - [2024-09-09 20:54:14,467] {dag.py:2280} INFO - Setting next_dagrun for example_complex to None
[2024-09-09 20:54:14,478] {scheduler_job.py:190} INFO - Processing /home/airflow/.local/lib/python3.6/site-packages/airflow/example_dags/example_complex.py took 0.082 seconds
[2024-09-09 20:54:45,050] {scheduler_job.py:182} INFO - Started process (PID=214) to work on /home/airflow/.local/lib/python3.6/site-packages/airflow/example_dags/example_complex.py
[2024-09-09 20:54:45,052] {scheduler_job.py:629} INFO - Processing file /home/airflow/.local/lib/python3.6/site-packages/airflow/example_dags/example_complex.py for tasks to queue
[2024-09-09 20:54:45,052] {logging_mixin.py:104} INFO - [2024-09-09 20:54:45,052] {dagbag.py:451} INFO - Filling up the DagBag from /home/airflow/.local/lib/python3.6/site-packages/airflow/example_dags/example_complex.py
[2024-09-09 20:54:45,074] {scheduler_job.py:639} INFO - DAG(s) dict_keys(['example_complex']) retrieved from /home/airflow/.local/lib/python3.6/site-packages/airflow/example_dags/example_complex.py
[2024-09-09 20:54:45,101] {logging_mixin.py:104} INFO - [2024-09-09 20:54:45,101] {dag.py:1824} INFO - Sync 1 DAGs
[2024-09-09 20:54:45,117] {logging_mixin.py:104} INFO - [2024-09-09 20:54:45,117] {dag.py:2280} INFO - Setting next_dagrun for example_complex to None
[2024-09-09 20:54:45,128] {scheduler_job.py:190} INFO - Processing /home/airflow/.local/lib/python3.6/site-packages/airflow/example_dags/example_complex.py took 0.081 seconds
[2024-09-09 20:55:15,298] {scheduler_job.py:182} INFO - Started process (PID=238) to work on /home/airflow/.local/lib/python3.6/site-packages/airflow/example_dags/example_complex.py
[2024-09-09 20:55:15,300] {scheduler_job.py:629} INFO - Processing file /home/airflow/.local/lib/python3.6/site-packages/airflow/example_dags/example_complex.py for tasks to queue
[2024-09-09 20:55:15,300] {logging_mixin.py:104} INFO - [2024-09-09 20:55:15,300] {dagbag.py:451} INFO - Filling up the DagBag from /home/airflow/.local/lib/python3.6/site-packages/airflow/example_dags/example_complex.py
[2024-09-09 20:55:15,322] {scheduler_job.py:639} INFO - DAG(s) dict_keys(['example_complex']) retrieved from /home/airflow/.local/lib/python3.6/site-packages/airflow/example_dags/example_complex.py
[2024-09-09 20:55:15,350] {logging_mixin.py:104} INFO - [2024-09-09 20:55:15,349] {dag.py:1824} INFO - Sync 1 DAGs
[2024-09-09 20:55:15,365] {logging_mixin.py:104} INFO - [2024-09-09 20:55:15,365] {dag.py:2280} INFO - Setting next_dagrun for example_complex to None
[2024-09-09 20:55:15,377] {scheduler_job.py:190} INFO - Processing /home/airflow/.local/lib/python3.6/site-packages/airflow/example_dags/example_complex.py took 0.083 seconds
[2024-09-09 20:55:45,610] {scheduler_job.py:182} INFO - Started process (PID=264) to work on /home/airflow/.local/lib/python3.6/site-packages/airflow/example_dags/example_complex.py
[2024-09-09 20:55:45,611] {scheduler_job.py:629} INFO - Processing file /home/airflow/.local/lib/python3.6/site-packages/airflow/example_dags/example_complex.py for tasks to queue
[2024-09-09 20:55:45,611] {logging_mixin.py:104} INFO - [2024-09-09 20:55:45,611] {dagbag.py:451} INFO - Filling up the DagBag from /home/airflow/.local/lib/python3.6/site-packages/airflow/example_dags/example_complex.py
[2024-09-09 20:55:45,634] {scheduler_job.py:639} INFO - DAG(s) dict_keys(['example_complex']) retrieved from /home/airflow/.local/lib/python3.6/site-packages/airflow/example_dags/example_complex.py
[2024-09-09 20:55:45,660] {logging_mixin.py:104} INFO - [2024-09-09 20:55:45,660] {dag.py:1824} INFO - Sync 1 DAGs
[2024-09-09 20:55:45,676] {logging_mixin.py:104} INFO - [2024-09-09 20:55:45,676] {dag.py:2280} INFO - Setting next_dagrun for example_complex to None
[2024-09-09 20:55:45,686] {scheduler_job.py:190} INFO - Processing /home/airflow/.local/lib/python3.6/site-packages/airflow/example_dags/example_complex.py took 0.080 seconds
[2024-09-09 20:56:15,815] {scheduler_job.py:182} INFO - Started process (PID=287) to work on /home/airflow/.local/lib/python3.6/site-packages/airflow/example_dags/example_complex.py
[2024-09-09 20:56:15,815] {scheduler_job.py:629} INFO - Processing file /home/airflow/.local/lib/python3.6/site-packages/airflow/example_dags/example_complex.py for tasks to queue
[2024-09-09 20:56:15,816] {logging_mixin.py:104} INFO - [2024-09-09 20:56:15,816] {dagbag.py:451} INFO - Filling up the DagBag from /home/airflow/.local/lib/python3.6/site-packages/airflow/example_dags/example_complex.py
[2024-09-09 20:56:15,837] {scheduler_job.py:639} INFO - DAG(s) dict_keys(['example_complex']) retrieved from /home/airflow/.local/lib/python3.6/site-packages/airflow/example_dags/example_complex.py
[2024-09-09 20:56:15,862] {logging_mixin.py:104} INFO - [2024-09-09 20:56:15,862] {dag.py:1824} INFO - Sync 1 DAGs
[2024-09-09 20:56:15,879] {logging_mixin.py:104} INFO - [2024-09-09 20:56:15,879] {dag.py:2280} INFO - Setting next_dagrun for example_complex to None
[2024-09-09 20:56:15,889] {scheduler_job.py:190} INFO - Processing /home/airflow/.local/lib/python3.6/site-packages/airflow/example_dags/example_complex.py took 0.078 seconds
[2024-09-09 20:56:46,270] {scheduler_job.py:182} INFO - Started process (PID=315) to work on /home/airflow/.local/lib/python3.6/site-packages/airflow/example_dags/example_complex.py
[2024-09-09 20:56:46,272] {scheduler_job.py:629} INFO - Processing file /home/airflow/.local/lib/python3.6/site-packages/airflow/example_dags/example_complex.py for tasks to queue
[2024-09-09 20:56:46,273] {logging_mixin.py:104} INFO - [2024-09-09 20:56:46,272] {dagbag.py:451} INFO - Filling up the DagBag from /home/airflow/.local/lib/python3.6/site-packages/airflow/example_dags/example_complex.py
[2024-09-09 20:56:46,294] {scheduler_job.py:639} INFO - DAG(s) dict_keys(['example_complex']) retrieved from /home/airflow/.local/lib/python3.6/site-packages/airflow/example_dags/example_complex.py
[2024-09-09 20:56:46,320] {logging_mixin.py:104} INFO - [2024-09-09 20:56:46,320] {dag.py:1824} INFO - Sync 1 DAGs
[2024-09-09 20:56:46,335] {logging_mixin.py:104} INFO - [2024-09-09 20:56:46,335] {dag.py:2280} INFO - Setting next_dagrun for example_complex to None
[2024-09-09 20:56:46,346] {scheduler_job.py:190} INFO - Processing /home/airflow/.local/lib/python3.6/site-packages/airflow/example_dags/example_complex.py took 0.079 seconds
[2024-09-09 20:57:16,877] {scheduler_job.py:182} INFO - Started process (PID=344) to work on /home/airflow/.local/lib/python3.6/site-packages/airflow/example_dags/example_complex.py
[2024-09-09 20:57:16,878] {scheduler_job.py:629} INFO - Processing file /home/airflow/.local/lib/python3.6/site-packages/airflow/example_dags/example_complex.py for tasks to queue
[2024-09-09 20:57:16,879] {logging_mixin.py:104} INFO - [2024-09-09 20:57:16,879] {dagbag.py:451} INFO - Filling up the DagBag from /home/airflow/.local/lib/python3.6/site-packages/airflow/example_dags/example_complex.py
[2024-09-09 20:57:16,902] {scheduler_job.py:639} INFO - DAG(s) dict_keys(['example_complex']) retrieved from /home/airflow/.local/lib/python3.6/site-packages/airflow/example_dags/example_complex.py
[2024-09-09 20:57:16,932] {logging_mixin.py:104} INFO - [2024-09-09 20:57:16,932] {dag.py:1824} INFO - Sync 1 DAGs
[2024-09-09 20:57:16,947] {logging_mixin.py:104} INFO - [2024-09-09 20:57:16,947] {dag.py:2280} INFO - Setting next_dagrun for example_complex to None
[2024-09-09 20:57:16,957] {scheduler_job.py:190} INFO - Processing /home/airflow/.local/lib/python3.6/site-packages/airflow/example_dags/example_complex.py took 0.085 seconds
[2024-09-09 20:57:47,304] {scheduler_job.py:182} INFO - Started process (PID=370) to work on /home/airflow/.local/lib/python3.6/site-packages/airflow/example_dags/example_complex.py
[2024-09-09 20:57:47,305] {scheduler_job.py:629} INFO - Processing file /home/airflow/.local/lib/python3.6/site-packages/airflow/example_dags/example_complex.py for tasks to queue
[2024-09-09 20:57:47,306] {logging_mixin.py:104} INFO - [2024-09-09 20:57:47,306] {dagbag.py:451} INFO - Filling up the DagBag from /home/airflow/.local/lib/python3.6/site-packages/airflow/example_dags/example_complex.py
[2024-09-09 20:57:47,327] {scheduler_job.py:639} INFO - DAG(s) dict_keys(['example_complex']) retrieved from /home/airflow/.local/lib/python3.6/site-packages/airflow/example_dags/example_complex.py
[2024-09-09 20:57:47,358] {logging_mixin.py:104} INFO - [2024-09-09 20:57:47,358] {dag.py:1824} INFO - Sync 1 DAGs
[2024-09-09 20:57:47,374] {logging_mixin.py:104} INFO - [2024-09-09 20:57:47,374] {dag.py:2280} INFO - Setting next_dagrun for example_complex to None
[2024-09-09 20:57:47,388] {scheduler_job.py:190} INFO - Processing /home/airflow/.local/lib/python3.6/site-packages/airflow/example_dags/example_complex.py took 0.087 seconds
[2024-09-09 20:58:17,701] {scheduler_job.py:182} INFO - Started process (PID=397) to work on /home/airflow/.local/lib/python3.6/site-packages/airflow/example_dags/example_complex.py
[2024-09-09 20:58:17,702] {scheduler_job.py:629} INFO - Processing file /home/airflow/.local/lib/python3.6/site-packages/airflow/example_dags/example_complex.py for tasks to queue
[2024-09-09 20:58:17,703] {logging_mixin.py:104} INFO - [2024-09-09 20:58:17,702] {dagbag.py:451} INFO - Filling up the DagBag from /home/airflow/.local/lib/python3.6/site-packages/airflow/example_dags/example_complex.py
[2024-09-09 20:58:17,725] {scheduler_job.py:639} INFO - DAG(s) dict_keys(['example_complex']) retrieved from /home/airflow/.local/lib/python3.6/site-packages/airflow/example_dags/example_complex.py
[2024-09-09 20:58:17,750] {logging_mixin.py:104} INFO - [2024-09-09 20:58:17,750] {dag.py:1824} INFO - Sync 1 DAGs
[2024-09-09 20:58:17,767] {logging_mixin.py:104} INFO - [2024-09-09 20:58:17,766] {dag.py:2280} INFO - Setting next_dagrun for example_complex to None
[2024-09-09 20:58:17,778] {scheduler_job.py:190} INFO - Processing /home/airflow/.local/lib/python3.6/site-packages/airflow/example_dags/example_complex.py took 0.080 seconds
[2024-09-09 20:58:48,049] {scheduler_job.py:182} INFO - Started process (PID=423) to work on /home/airflow/.local/lib/python3.6/site-packages/airflow/example_dags/example_complex.py
[2024-09-09 20:58:48,054] {scheduler_job.py:629} INFO - Processing file /home/airflow/.local/lib/python3.6/site-packages/airflow/example_dags/example_complex.py for tasks to queue
[2024-09-09 20:58:48,055] {logging_mixin.py:104} INFO - [2024-09-09 20:58:48,055] {dagbag.py:451} INFO - Filling up the DagBag from /home/airflow/.local/lib/python3.6/site-packages/airflow/example_dags/example_complex.py
[2024-09-09 20:58:48,073] {scheduler_job.py:639} INFO - DAG(s) dict_keys(['example_complex']) retrieved from /home/airflow/.local/lib/python3.6/site-packages/airflow/example_dags/example_complex.py
[2024-09-09 20:58:48,098] {logging_mixin.py:104} INFO - [2024-09-09 20:58:48,098] {dag.py:1824} INFO - Sync 1 DAGs
[2024-09-09 20:58:48,125] {logging_mixin.py:104} INFO - [2024-09-09 20:58:48,125] {dag.py:2280} INFO - Setting next_dagrun for example_complex to None
[2024-09-09 20:58:48,138] {scheduler_job.py:190} INFO - Processing /home/airflow/.local/lib/python3.6/site-packages/airflow/example_dags/example_complex.py took 0.093 seconds
[2024-09-09 20:59:18,394] {scheduler_job.py:182} INFO - Started process (PID=450) to work on /home/airflow/.local/lib/python3.6/site-packages/airflow/example_dags/example_complex.py
[2024-09-09 20:59:18,395] {scheduler_job.py:629} INFO - Processing file /home/airflow/.local/lib/python3.6/site-packages/airflow/example_dags/example_complex.py for tasks to queue
[2024-09-09 20:59:18,396] {logging_mixin.py:104} INFO - [2024-09-09 20:59:18,395] {dagbag.py:451} INFO - Filling up the DagBag from /home/airflow/.local/lib/python3.6/site-packages/airflow/example_dags/example_complex.py
[2024-09-09 20:59:18,413] {scheduler_job.py:639} INFO - DAG(s) dict_keys(['example_complex']) retrieved from /home/airflow/.local/lib/python3.6/site-packages/airflow/example_dags/example_complex.py
[2024-09-09 20:59:18,440] {logging_mixin.py:104} INFO - [2024-09-09 20:59:18,439] {dag.py:1824} INFO - Sync 1 DAGs
[2024-09-09 20:59:18,457] {logging_mixin.py:104} INFO - [2024-09-09 20:59:18,456] {dag.py:2280} INFO - Setting next_dagrun for example_complex to None
[2024-09-09 20:59:18,468] {scheduler_job.py:190} INFO - Processing /home/airflow/.local/lib/python3.6/site-packages/airflow/example_dags/example_complex.py took 0.077 seconds
[2024-09-09 20:59:48,649] {scheduler_job.py:182} INFO - Started process (PID=475) to work on /home/airflow/.local/lib/python3.6/site-packages/airflow/example_dags/example_complex.py
[2024-09-09 20:59:48,650] {scheduler_job.py:629} INFO - Processing file /home/airflow/.local/lib/python3.6/site-packages/airflow/example_dags/example_complex.py for tasks to queue
[2024-09-09 20:59:48,651] {logging_mixin.py:104} INFO - [2024-09-09 20:59:48,651] {dagbag.py:451} INFO - Filling up the DagBag from /home/airflow/.local/lib/python3.6/site-packages/airflow/example_dags/example_complex.py
[2024-09-09 20:59:48,671] {scheduler_job.py:639} INFO - DAG(s) dict_keys(['example_complex']) retrieved from /home/airflow/.local/lib/python3.6/site-packages/airflow/example_dags/example_complex.py
[2024-09-09 20:59:48,699] {logging_mixin.py:104} INFO - [2024-09-09 20:59:48,699] {dag.py:1824} INFO - Sync 1 DAGs
[2024-09-09 20:59:48,716] {logging_mixin.py:104} INFO - [2024-09-09 20:59:48,716] {dag.py:2280} INFO - Setting next_dagrun for example_complex to None
[2024-09-09 20:59:48,726] {scheduler_job.py:190} INFO - Processing /home/airflow/.local/lib/python3.6/site-packages/airflow/example_dags/example_complex.py took 0.082 seconds
[2024-09-09 21:00:19,031] {scheduler_job.py:182} INFO - Started process (PID=503) to work on /home/airflow/.local/lib/python3.6/site-packages/airflow/example_dags/example_complex.py
[2024-09-09 21:00:19,032] {scheduler_job.py:629} INFO - Processing file /home/airflow/.local/lib/python3.6/site-packages/airflow/example_dags/example_complex.py for tasks to queue
[2024-09-09 21:00:19,032] {logging_mixin.py:104} INFO - [2024-09-09 21:00:19,032] {dagbag.py:451} INFO - Filling up the DagBag from /home/airflow/.local/lib/python3.6/site-packages/airflow/example_dags/example_complex.py
[2024-09-09 21:00:19,051] {scheduler_job.py:639} INFO - DAG(s) dict_keys(['example_complex']) retrieved from /home/airflow/.local/lib/python3.6/site-packages/airflow/example_dags/example_complex.py
[2024-09-09 21:00:19,076] {logging_mixin.py:104} INFO - [2024-09-09 21:00:19,076] {dag.py:1824} INFO - Sync 1 DAGs
[2024-09-09 21:00:19,093] {logging_mixin.py:104} INFO - [2024-09-09 21:00:19,093] {dag.py:2280} INFO - Setting next_dagrun for example_complex to None
[2024-09-09 21:00:19,104] {scheduler_job.py:190} INFO - Processing /home/airflow/.local/lib/python3.6/site-packages/airflow/example_dags/example_complex.py took 0.076 seconds
[2024-09-09 21:00:49,146] {scheduler_job.py:182} INFO - Started process (PID=525) to work on /home/airflow/.local/lib/python3.6/site-packages/airflow/example_dags/example_complex.py
[2024-09-09 21:00:49,147] {scheduler_job.py:629} INFO - Processing file /home/airflow/.local/lib/python3.6/site-packages/airflow/example_dags/example_complex.py for tasks to queue
[2024-09-09 21:00:49,148] {logging_mixin.py:104} INFO - [2024-09-09 21:00:49,148] {dagbag.py:451} INFO - Filling up the DagBag from /home/airflow/.local/lib/python3.6/site-packages/airflow/example_dags/example_complex.py
[2024-09-09 21:00:49,166] {scheduler_job.py:639} INFO - DAG(s) dict_keys(['example_complex']) retrieved from /home/airflow/.local/lib/python3.6/site-packages/airflow/example_dags/example_complex.py
[2024-09-09 21:00:49,194] {logging_mixin.py:104} INFO - [2024-09-09 21:00:49,193] {dag.py:1824} INFO - Sync 1 DAGs
[2024-09-09 21:00:49,211] {logging_mixin.py:104} INFO - [2024-09-09 21:00:49,211] {dag.py:2280} INFO - Setting next_dagrun for example_complex to None
[2024-09-09 21:00:49,223] {scheduler_job.py:190} INFO - Processing /home/airflow/.local/lib/python3.6/site-packages/airflow/example_dags/example_complex.py took 0.080 seconds
[2024-09-09 21:01:19,700] {scheduler_job.py:182} INFO - Started process (PID=556) to work on /home/airflow/.local/lib/python3.6/site-packages/airflow/example_dags/example_complex.py
[2024-09-09 21:01:19,701] {scheduler_job.py:629} INFO - Processing file /home/airflow/.local/lib/python3.6/site-packages/airflow/example_dags/example_complex.py for tasks to queue
[2024-09-09 21:01:19,702] {logging_mixin.py:104} INFO - [2024-09-09 21:01:19,702] {dagbag.py:451} INFO - Filling up the DagBag from /home/airflow/.local/lib/python3.6/site-packages/airflow/example_dags/example_complex.py
[2024-09-09 21:01:19,720] {scheduler_job.py:639} INFO - DAG(s) dict_keys(['example_complex']) retrieved from /home/airflow/.local/lib/python3.6/site-packages/airflow/example_dags/example_complex.py
[2024-09-09 21:01:19,747] {logging_mixin.py:104} INFO - [2024-09-09 21:01:19,747] {dag.py:1824} INFO - Sync 1 DAGs
[2024-09-09 21:01:19,764] {logging_mixin.py:104} INFO - [2024-09-09 21:01:19,764] {dag.py:2280} INFO - Setting next_dagrun for example_complex to None
[2024-09-09 21:01:19,775] {scheduler_job.py:190} INFO - Processing /home/airflow/.local/lib/python3.6/site-packages/airflow/example_dags/example_complex.py took 0.078 seconds
[2024-09-09 21:01:49,835] {scheduler_job.py:182} INFO - Started process (PID=579) to work on /home/airflow/.local/lib/python3.6/site-packages/airflow/example_dags/example_complex.py
[2024-09-09 21:01:49,836] {scheduler_job.py:629} INFO - Processing file /home/airflow/.local/lib/python3.6/site-packages/airflow/example_dags/example_complex.py for tasks to queue
[2024-09-09 21:01:49,837] {logging_mixin.py:104} INFO - [2024-09-09 21:01:49,837] {dagbag.py:451} INFO - Filling up the DagBag from /home/airflow/.local/lib/python3.6/site-packages/airflow/example_dags/example_complex.py
[2024-09-09 21:01:49,856] {scheduler_job.py:639} INFO - DAG(s) dict_keys(['example_complex']) retrieved from /home/airflow/.local/lib/python3.6/site-packages/airflow/example_dags/example_complex.py
[2024-09-09 21:01:49,884] {logging_mixin.py:104} INFO - [2024-09-09 21:01:49,884] {dag.py:1824} INFO - Sync 1 DAGs
[2024-09-09 21:01:49,902] {logging_mixin.py:104} INFO - [2024-09-09 21:01:49,902] {dag.py:2280} INFO - Setting next_dagrun for example_complex to None
[2024-09-09 21:01:49,912] {scheduler_job.py:190} INFO - Processing /home/airflow/.local/lib/python3.6/site-packages/airflow/example_dags/example_complex.py took 0.082 seconds
[2024-09-09 21:02:20,158] {scheduler_job.py:182} INFO - Started process (PID=606) to work on /home/airflow/.local/lib/python3.6/site-packages/airflow/example_dags/example_complex.py
[2024-09-09 21:02:20,160] {scheduler_job.py:629} INFO - Processing file /home/airflow/.local/lib/python3.6/site-packages/airflow/example_dags/example_complex.py for tasks to queue
[2024-09-09 21:02:20,160] {logging_mixin.py:104} INFO - [2024-09-09 21:02:20,160] {dagbag.py:451} INFO - Filling up the DagBag from /home/airflow/.local/lib/python3.6/site-packages/airflow/example_dags/example_complex.py
[2024-09-09 21:02:20,179] {scheduler_job.py:639} INFO - DAG(s) dict_keys(['example_complex']) retrieved from /home/airflow/.local/lib/python3.6/site-packages/airflow/example_dags/example_complex.py
[2024-09-09 21:02:20,207] {logging_mixin.py:104} INFO - [2024-09-09 21:02:20,207] {dag.py:1824} INFO - Sync 1 DAGs
[2024-09-09 21:02:20,225] {logging_mixin.py:104} INFO - [2024-09-09 21:02:20,225] {dag.py:2280} INFO - Setting next_dagrun for example_complex to None
[2024-09-09 21:02:20,237] {scheduler_job.py:190} INFO - Processing /home/airflow/.local/lib/python3.6/site-packages/airflow/example_dags/example_complex.py took 0.084 seconds
[2024-09-09 21:02:50,529] {scheduler_job.py:182} INFO - Started process (PID=633) to work on /home/airflow/.local/lib/python3.6/site-packages/airflow/example_dags/example_complex.py
[2024-09-09 21:02:50,530] {scheduler_job.py:629} INFO - Processing file /home/airflow/.local/lib/python3.6/site-packages/airflow/example_dags/example_complex.py for tasks to queue
[2024-09-09 21:02:50,530] {logging_mixin.py:104} INFO - [2024-09-09 21:02:50,530] {dagbag.py:451} INFO - Filling up the DagBag from /home/airflow/.local/lib/python3.6/site-packages/airflow/example_dags/example_complex.py
[2024-09-09 21:02:50,549] {scheduler_job.py:639} INFO - DAG(s) dict_keys(['example_complex']) retrieved from /home/airflow/.local/lib/python3.6/site-packages/airflow/example_dags/example_complex.py
[2024-09-09 21:02:50,577] {logging_mixin.py:104} INFO - [2024-09-09 21:02:50,577] {dag.py:1824} INFO - Sync 1 DAGs
[2024-09-09 21:02:50,594] {logging_mixin.py:104} INFO - [2024-09-09 21:02:50,594] {dag.py:2280} INFO - Setting next_dagrun for example_complex to None
[2024-09-09 21:02:50,604] {scheduler_job.py:190} INFO - Processing /home/airflow/.local/lib/python3.6/site-packages/airflow/example_dags/example_complex.py took 0.079 seconds
[2024-09-09 21:03:20,855] {scheduler_job.py:182} INFO - Started process (PID=660) to work on /home/airflow/.local/lib/python3.6/site-packages/airflow/example_dags/example_complex.py
[2024-09-09 21:03:20,856] {scheduler_job.py:629} INFO - Processing file /home/airflow/.local/lib/python3.6/site-packages/airflow/example_dags/example_complex.py for tasks to queue
[2024-09-09 21:03:20,858] {logging_mixin.py:104} INFO - [2024-09-09 21:03:20,857] {dagbag.py:451} INFO - Filling up the DagBag from /home/airflow/.local/lib/python3.6/site-packages/airflow/example_dags/example_complex.py
[2024-09-09 21:03:20,877] {scheduler_job.py:639} INFO - DAG(s) dict_keys(['example_complex']) retrieved from /home/airflow/.local/lib/python3.6/site-packages/airflow/example_dags/example_complex.py
[2024-09-09 21:03:20,906] {logging_mixin.py:104} INFO - [2024-09-09 21:03:20,906] {dag.py:1824} INFO - Sync 1 DAGs
[2024-09-09 21:03:20,923] {logging_mixin.py:104} INFO - [2024-09-09 21:03:20,923] {dag.py:2280} INFO - Setting next_dagrun for example_complex to None
[2024-09-09 21:03:20,934] {scheduler_job.py:190} INFO - Processing /home/airflow/.local/lib/python3.6/site-packages/airflow/example_dags/example_complex.py took 0.083 seconds
[2024-09-09 21:03:51,193] {scheduler_job.py:182} INFO - Started process (PID=687) to work on /home/airflow/.local/lib/python3.6/site-packages/airflow/example_dags/example_complex.py
[2024-09-09 21:03:51,194] {scheduler_job.py:629} INFO - Processing file /home/airflow/.local/lib/python3.6/site-packages/airflow/example_dags/example_complex.py for tasks to queue
[2024-09-09 21:03:51,195] {logging_mixin.py:104} INFO - [2024-09-09 21:03:51,195] {dagbag.py:451} INFO - Filling up the DagBag from /home/airflow/.local/lib/python3.6/site-packages/airflow/example_dags/example_complex.py
[2024-09-09 21:03:51,212] {scheduler_job.py:639} INFO - DAG(s) dict_keys(['example_complex']) retrieved from /home/airflow/.local/lib/python3.6/site-packages/airflow/example_dags/example_complex.py
[2024-09-09 21:03:51,241] {logging_mixin.py:104} INFO - [2024-09-09 21:03:51,241] {dag.py:1824} INFO - Sync 1 DAGs
[2024-09-09 21:03:51,262] {logging_mixin.py:104} INFO - [2024-09-09 21:03:51,262] {dag.py:2280} INFO - Setting next_dagrun for example_complex to None
[2024-09-09 21:03:51,273] {scheduler_job.py:190} INFO - Processing /home/airflow/.local/lib/python3.6/site-packages/airflow/example_dags/example_complex.py took 0.083 seconds
[2024-09-09 21:04:21,586] {scheduler_job.py:182} INFO - Started process (PID=714) to work on /home/airflow/.local/lib/python3.6/site-packages/airflow/example_dags/example_complex.py
[2024-09-09 21:04:21,587] {scheduler_job.py:629} INFO - Processing file /home/airflow/.local/lib/python3.6/site-packages/airflow/example_dags/example_complex.py for tasks to queue
[2024-09-09 21:04:21,588] {logging_mixin.py:104} INFO - [2024-09-09 21:04:21,588] {dagbag.py:451} INFO - Filling up the DagBag from /home/airflow/.local/lib/python3.6/site-packages/airflow/example_dags/example_complex.py
[2024-09-09 21:04:21,606] {scheduler_job.py:639} INFO - DAG(s) dict_keys(['example_complex']) retrieved from /home/airflow/.local/lib/python3.6/site-packages/airflow/example_dags/example_complex.py
[2024-09-09 21:04:21,633] {logging_mixin.py:104} INFO - [2024-09-09 21:04:21,633] {dag.py:1824} INFO - Sync 1 DAGs
[2024-09-09 21:04:21,649] {logging_mixin.py:104} INFO - [2024-09-09 21:04:21,649] {dag.py:2280} INFO - Setting next_dagrun for example_complex to None
[2024-09-09 21:04:21,659] {scheduler_job.py:190} INFO - Processing /home/airflow/.local/lib/python3.6/site-packages/airflow/example_dags/example_complex.py took 0.076 seconds
[2024-09-09 21:04:51,936] {scheduler_job.py:182} INFO - Started process (PID=741) to work on /home/airflow/.local/lib/python3.6/site-packages/airflow/example_dags/example_complex.py
[2024-09-09 21:04:51,937] {scheduler_job.py:629} INFO - Processing file /home/airflow/.local/lib/python3.6/site-packages/airflow/example_dags/example_complex.py for tasks to queue
[2024-09-09 21:04:51,937] {logging_mixin.py:104} INFO - [2024-09-09 21:04:51,937] {dagbag.py:451} INFO - Filling up the DagBag from /home/airflow/.local/lib/python3.6/site-packages/airflow/example_dags/example_complex.py
[2024-09-09 21:04:51,956] {scheduler_job.py:639} INFO - DAG(s) dict_keys(['example_complex']) retrieved from /home/airflow/.local/lib/python3.6/site-packages/airflow/example_dags/example_complex.py
[2024-09-09 21:04:51,983] {logging_mixin.py:104} INFO - [2024-09-09 21:04:51,983] {dag.py:1824} INFO - Sync 1 DAGs
[2024-09-09 21:04:51,999] {logging_mixin.py:104} INFO - [2024-09-09 21:04:51,998] {dag.py:2280} INFO - Setting next_dagrun for example_complex to None
[2024-09-09 21:04:52,009] {scheduler_job.py:190} INFO - Processing /home/airflow/.local/lib/python3.6/site-packages/airflow/example_dags/example_complex.py took 0.077 seconds
[2024-09-09 21:11:38,592] {scheduler_job.py:182} INFO - Started process (PID=42) to work on /home/airflow/.local/lib/python3.6/site-packages/airflow/example_dags/example_complex.py
[2024-09-09 21:11:38,593] {scheduler_job.py:629} INFO - Processing file /home/airflow/.local/lib/python3.6/site-packages/airflow/example_dags/example_complex.py for tasks to queue
[2024-09-09 21:11:38,594] {logging_mixin.py:104} INFO - [2024-09-09 21:11:38,594] {dagbag.py:451} INFO - Filling up the DagBag from /home/airflow/.local/lib/python3.6/site-packages/airflow/example_dags/example_complex.py
[2024-09-09 21:11:38,609] {scheduler_job.py:639} INFO - DAG(s) dict_keys(['example_complex']) retrieved from /home/airflow/.local/lib/python3.6/site-packages/airflow/example_dags/example_complex.py
[2024-09-09 21:11:38,639] {logging_mixin.py:104} INFO - [2024-09-09 21:11:38,639] {dag.py:1824} INFO - Sync 1 DAGs
[2024-09-09 21:11:38,660] {logging_mixin.py:104} INFO - [2024-09-09 21:11:38,660] {dag.py:2280} INFO - Setting next_dagrun for example_complex to None
[2024-09-09 21:11:38,673] {scheduler_job.py:190} INFO - Processing /home/airflow/.local/lib/python3.6/site-packages/airflow/example_dags/example_complex.py took 0.085 seconds
[2024-09-09 21:12:09,138] {scheduler_job.py:182} INFO - Started process (PID=71) to work on /home/airflow/.local/lib/python3.6/site-packages/airflow/example_dags/example_complex.py
[2024-09-09 21:12:09,139] {scheduler_job.py:629} INFO - Processing file /home/airflow/.local/lib/python3.6/site-packages/airflow/example_dags/example_complex.py for tasks to queue
[2024-09-09 21:12:09,140] {logging_mixin.py:104} INFO - [2024-09-09 21:12:09,140] {dagbag.py:451} INFO - Filling up the DagBag from /home/airflow/.local/lib/python3.6/site-packages/airflow/example_dags/example_complex.py
[2024-09-09 21:12:09,159] {scheduler_job.py:639} INFO - DAG(s) dict_keys(['example_complex']) retrieved from /home/airflow/.local/lib/python3.6/site-packages/airflow/example_dags/example_complex.py
[2024-09-09 21:12:09,188] {logging_mixin.py:104} INFO - [2024-09-09 21:12:09,188] {dag.py:1824} INFO - Sync 1 DAGs
[2024-09-09 21:12:09,203] {logging_mixin.py:104} INFO - [2024-09-09 21:12:09,203] {dag.py:2280} INFO - Setting next_dagrun for example_complex to None
[2024-09-09 21:12:09,214] {scheduler_job.py:190} INFO - Processing /home/airflow/.local/lib/python3.6/site-packages/airflow/example_dags/example_complex.py took 0.080 seconds
[2024-09-09 21:12:39,362] {scheduler_job.py:182} INFO - Started process (PID=100) to work on /home/airflow/.local/lib/python3.6/site-packages/airflow/example_dags/example_complex.py
[2024-09-09 21:12:39,364] {scheduler_job.py:629} INFO - Processing file /home/airflow/.local/lib/python3.6/site-packages/airflow/example_dags/example_complex.py for tasks to queue
[2024-09-09 21:12:39,365] {logging_mixin.py:104} INFO - [2024-09-09 21:12:39,364] {dagbag.py:451} INFO - Filling up the DagBag from /home/airflow/.local/lib/python3.6/site-packages/airflow/example_dags/example_complex.py
[2024-09-09 21:12:39,380] {scheduler_job.py:639} INFO - DAG(s) dict_keys(['example_complex']) retrieved from /home/airflow/.local/lib/python3.6/site-packages/airflow/example_dags/example_complex.py
[2024-09-09 21:12:39,409] {logging_mixin.py:104} INFO - [2024-09-09 21:12:39,409] {dag.py:1824} INFO - Sync 1 DAGs
[2024-09-09 21:12:39,425] {logging_mixin.py:104} INFO - [2024-09-09 21:12:39,425] {dag.py:2280} INFO - Setting next_dagrun for example_complex to None
[2024-09-09 21:12:39,436] {scheduler_job.py:190} INFO - Processing /home/airflow/.local/lib/python3.6/site-packages/airflow/example_dags/example_complex.py took 0.078 seconds
[2024-09-09 21:13:09,748] {scheduler_job.py:182} INFO - Started process (PID=129) to work on /home/airflow/.local/lib/python3.6/site-packages/airflow/example_dags/example_complex.py
[2024-09-09 21:13:09,749] {scheduler_job.py:629} INFO - Processing file /home/airflow/.local/lib/python3.6/site-packages/airflow/example_dags/example_complex.py for tasks to queue
[2024-09-09 21:13:09,750] {logging_mixin.py:104} INFO - [2024-09-09 21:13:09,750] {dagbag.py:451} INFO - Filling up the DagBag from /home/airflow/.local/lib/python3.6/site-packages/airflow/example_dags/example_complex.py
[2024-09-09 21:13:09,768] {scheduler_job.py:639} INFO - DAG(s) dict_keys(['example_complex']) retrieved from /home/airflow/.local/lib/python3.6/site-packages/airflow/example_dags/example_complex.py
[2024-09-09 21:13:09,800] {logging_mixin.py:104} INFO - [2024-09-09 21:13:09,800] {dag.py:1824} INFO - Sync 1 DAGs
[2024-09-09 21:13:09,816] {logging_mixin.py:104} INFO - [2024-09-09 21:13:09,816] {dag.py:2280} INFO - Setting next_dagrun for example_complex to None
[2024-09-09 21:13:09,829] {scheduler_job.py:190} INFO - Processing /home/airflow/.local/lib/python3.6/site-packages/airflow/example_dags/example_complex.py took 0.083 seconds
[2024-09-09 21:13:40,295] {scheduler_job.py:182} INFO - Started process (PID=159) to work on /home/airflow/.local/lib/python3.6/site-packages/airflow/example_dags/example_complex.py
[2024-09-09 21:13:40,296] {scheduler_job.py:629} INFO - Processing file /home/airflow/.local/lib/python3.6/site-packages/airflow/example_dags/example_complex.py for tasks to queue
[2024-09-09 21:13:40,297] {logging_mixin.py:104} INFO - [2024-09-09 21:13:40,297] {dagbag.py:451} INFO - Filling up the DagBag from /home/airflow/.local/lib/python3.6/site-packages/airflow/example_dags/example_complex.py
[2024-09-09 21:13:40,316] {scheduler_job.py:639} INFO - DAG(s) dict_keys(['example_complex']) retrieved from /home/airflow/.local/lib/python3.6/site-packages/airflow/example_dags/example_complex.py
[2024-09-09 21:13:40,347] {logging_mixin.py:104} INFO - [2024-09-09 21:13:40,346] {dag.py:1824} INFO - Sync 1 DAGs
[2024-09-09 21:13:40,362] {logging_mixin.py:104} INFO - [2024-09-09 21:13:40,362] {dag.py:2280} INFO - Setting next_dagrun for example_complex to None
[2024-09-09 21:13:40,373] {scheduler_job.py:190} INFO - Processing /home/airflow/.local/lib/python3.6/site-packages/airflow/example_dags/example_complex.py took 0.081 seconds
[2024-09-09 21:14:11,347] {scheduler_job.py:182} INFO - Started process (PID=192) to work on /home/airflow/.local/lib/python3.6/site-packages/airflow/example_dags/example_complex.py
[2024-09-09 21:14:11,349] {scheduler_job.py:629} INFO - Processing file /home/airflow/.local/lib/python3.6/site-packages/airflow/example_dags/example_complex.py for tasks to queue
[2024-09-09 21:14:11,350] {logging_mixin.py:104} INFO - [2024-09-09 21:14:11,350] {dagbag.py:451} INFO - Filling up the DagBag from /home/airflow/.local/lib/python3.6/site-packages/airflow/example_dags/example_complex.py
[2024-09-09 21:14:11,373] {scheduler_job.py:639} INFO - DAG(s) dict_keys(['example_complex']) retrieved from /home/airflow/.local/lib/python3.6/site-packages/airflow/example_dags/example_complex.py
[2024-09-09 21:14:11,401] {logging_mixin.py:104} INFO - [2024-09-09 21:14:11,400] {dag.py:1824} INFO - Sync 1 DAGs
[2024-09-09 21:14:11,416] {logging_mixin.py:104} INFO - [2024-09-09 21:14:11,416] {dag.py:2280} INFO - Setting next_dagrun for example_complex to None
[2024-09-09 21:14:11,427] {scheduler_job.py:190} INFO - Processing /home/airflow/.local/lib/python3.6/site-packages/airflow/example_dags/example_complex.py took 0.083 seconds
[2024-09-09 21:14:41,494] {scheduler_job.py:182} INFO - Started process (PID=217) to work on /home/airflow/.local/lib/python3.6/site-packages/airflow/example_dags/example_complex.py
[2024-09-09 21:14:41,495] {scheduler_job.py:629} INFO - Processing file /home/airflow/.local/lib/python3.6/site-packages/airflow/example_dags/example_complex.py for tasks to queue
[2024-09-09 21:14:41,495] {logging_mixin.py:104} INFO - [2024-09-09 21:14:41,495] {dagbag.py:451} INFO - Filling up the DagBag from /home/airflow/.local/lib/python3.6/site-packages/airflow/example_dags/example_complex.py
[2024-09-09 21:14:41,519] {scheduler_job.py:639} INFO - DAG(s) dict_keys(['example_complex']) retrieved from /home/airflow/.local/lib/python3.6/site-packages/airflow/example_dags/example_complex.py
[2024-09-09 21:14:41,549] {logging_mixin.py:104} INFO - [2024-09-09 21:14:41,549] {dag.py:1824} INFO - Sync 1 DAGs
[2024-09-09 21:14:41,566] {logging_mixin.py:104} INFO - [2024-09-09 21:14:41,566] {dag.py:2280} INFO - Setting next_dagrun for example_complex to None
[2024-09-09 21:14:41,577] {scheduler_job.py:190} INFO - Processing /home/airflow/.local/lib/python3.6/site-packages/airflow/example_dags/example_complex.py took 0.087 seconds
