[2024-09-09 09:52:26,687] {scheduler_job.py:182} INFO - Started process (PID=44) to work on /home/airflow/.local/lib/python3.6/site-packages/airflow/example_dags/example_nested_branch_dag.py
[2024-09-09 09:52:26,688] {scheduler_job.py:629} INFO - Processing file /home/airflow/.local/lib/python3.6/site-packages/airflow/example_dags/example_nested_branch_dag.py for tasks to queue
[2024-09-09 09:52:26,689] {logging_mixin.py:104} INFO - [2024-09-09 09:52:26,689] {dagbag.py:451} INFO - Filling up the DagBag from /home/airflow/.local/lib/python3.6/site-packages/airflow/example_dags/example_nested_branch_dag.py
[2024-09-09 09:52:26,707] {scheduler_job.py:639} INFO - DAG(s) dict_keys(['example_nested_branch_dag']) retrieved from /home/airflow/.local/lib/python3.6/site-packages/airflow/example_dags/example_nested_branch_dag.py
[2024-09-09 09:52:26,737] {logging_mixin.py:104} INFO - [2024-09-09 09:52:26,737] {dag.py:1824} INFO - Sync 1 DAGs
[2024-09-09 09:52:26,748] {logging_mixin.py:104} INFO - [2024-09-09 09:52:26,747] {dag.py:1843} INFO - Creating ORM DAG for example_nested_branch_dag
[2024-09-09 09:52:26,766] {logging_mixin.py:104} INFO - [2024-09-09 09:52:26,766] {dag.py:2280} INFO - Setting next_dagrun for example_nested_branch_dag to 2024-09-07 00:00:00+00:00
[2024-09-09 09:52:26,787] {scheduler_job.py:190} INFO - Processing /home/airflow/.local/lib/python3.6/site-packages/airflow/example_dags/example_nested_branch_dag.py took 0.104 seconds
[2024-09-09 09:52:57,715] {scheduler_job.py:182} INFO - Started process (PID=74) to work on /home/airflow/.local/lib/python3.6/site-packages/airflow/example_dags/example_nested_branch_dag.py
[2024-09-09 09:52:57,716] {scheduler_job.py:629} INFO - Processing file /home/airflow/.local/lib/python3.6/site-packages/airflow/example_dags/example_nested_branch_dag.py for tasks to queue
[2024-09-09 09:52:57,717] {logging_mixin.py:104} INFO - [2024-09-09 09:52:57,717] {dagbag.py:451} INFO - Filling up the DagBag from /home/airflow/.local/lib/python3.6/site-packages/airflow/example_dags/example_nested_branch_dag.py
[2024-09-09 09:52:57,736] {scheduler_job.py:639} INFO - DAG(s) dict_keys(['example_nested_branch_dag']) retrieved from /home/airflow/.local/lib/python3.6/site-packages/airflow/example_dags/example_nested_branch_dag.py
[2024-09-09 09:52:57,761] {logging_mixin.py:104} INFO - [2024-09-09 09:52:57,761] {dag.py:1824} INFO - Sync 1 DAGs
[2024-09-09 09:52:57,784] {logging_mixin.py:104} INFO - [2024-09-09 09:52:57,784] {dag.py:2280} INFO - Setting next_dagrun for example_nested_branch_dag to 2024-09-07 00:00:00+00:00
[2024-09-09 09:52:57,795] {scheduler_job.py:190} INFO - Processing /home/airflow/.local/lib/python3.6/site-packages/airflow/example_dags/example_nested_branch_dag.py took 0.084 seconds
[2024-09-09 20:51:42,861] {scheduler_job.py:182} INFO - Started process (PID=58) to work on /home/airflow/.local/lib/python3.6/site-packages/airflow/example_dags/example_nested_branch_dag.py
[2024-09-09 20:51:42,862] {scheduler_job.py:629} INFO - Processing file /home/airflow/.local/lib/python3.6/site-packages/airflow/example_dags/example_nested_branch_dag.py for tasks to queue
[2024-09-09 20:51:42,862] {logging_mixin.py:104} INFO - [2024-09-09 20:51:42,862] {dagbag.py:451} INFO - Filling up the DagBag from /home/airflow/.local/lib/python3.6/site-packages/airflow/example_dags/example_nested_branch_dag.py
[2024-09-09 20:51:42,876] {scheduler_job.py:639} INFO - DAG(s) dict_keys(['example_nested_branch_dag']) retrieved from /home/airflow/.local/lib/python3.6/site-packages/airflow/example_dags/example_nested_branch_dag.py
[2024-09-09 20:51:42,897] {logging_mixin.py:104} INFO - [2024-09-09 20:51:42,897] {dag.py:1824} INFO - Sync 1 DAGs
[2024-09-09 20:51:42,921] {logging_mixin.py:104} INFO - [2024-09-09 20:51:42,921] {dag.py:2280} INFO - Setting next_dagrun for example_nested_branch_dag to 2024-09-07 00:00:00+00:00
[2024-09-09 20:51:42,933] {scheduler_job.py:190} INFO - Processing /home/airflow/.local/lib/python3.6/site-packages/airflow/example_dags/example_nested_branch_dag.py took 0.075 seconds
[2024-09-09 20:52:13,265] {scheduler_job.py:182} INFO - Started process (PID=85) to work on /home/airflow/.local/lib/python3.6/site-packages/airflow/example_dags/example_nested_branch_dag.py
[2024-09-09 20:52:13,267] {scheduler_job.py:629} INFO - Processing file /home/airflow/.local/lib/python3.6/site-packages/airflow/example_dags/example_nested_branch_dag.py for tasks to queue
[2024-09-09 20:52:13,268] {logging_mixin.py:104} INFO - [2024-09-09 20:52:13,267] {dagbag.py:451} INFO - Filling up the DagBag from /home/airflow/.local/lib/python3.6/site-packages/airflow/example_dags/example_nested_branch_dag.py
[2024-09-09 20:52:13,283] {scheduler_job.py:639} INFO - DAG(s) dict_keys(['example_nested_branch_dag']) retrieved from /home/airflow/.local/lib/python3.6/site-packages/airflow/example_dags/example_nested_branch_dag.py
[2024-09-09 20:52:13,304] {logging_mixin.py:104} INFO - [2024-09-09 20:52:13,304] {dag.py:1824} INFO - Sync 1 DAGs
[2024-09-09 20:52:13,328] {logging_mixin.py:104} INFO - [2024-09-09 20:52:13,328] {dag.py:2280} INFO - Setting next_dagrun for example_nested_branch_dag to 2024-09-07 00:00:00+00:00
[2024-09-09 20:52:13,337] {scheduler_job.py:190} INFO - Processing /home/airflow/.local/lib/python3.6/site-packages/airflow/example_dags/example_nested_branch_dag.py took 0.076 seconds
[2024-09-09 20:52:43,554] {scheduler_job.py:182} INFO - Started process (PID=112) to work on /home/airflow/.local/lib/python3.6/site-packages/airflow/example_dags/example_nested_branch_dag.py
[2024-09-09 20:52:43,555] {scheduler_job.py:629} INFO - Processing file /home/airflow/.local/lib/python3.6/site-packages/airflow/example_dags/example_nested_branch_dag.py for tasks to queue
[2024-09-09 20:52:43,556] {logging_mixin.py:104} INFO - [2024-09-09 20:52:43,556] {dagbag.py:451} INFO - Filling up the DagBag from /home/airflow/.local/lib/python3.6/site-packages/airflow/example_dags/example_nested_branch_dag.py
[2024-09-09 20:52:43,571] {scheduler_job.py:639} INFO - DAG(s) dict_keys(['example_nested_branch_dag']) retrieved from /home/airflow/.local/lib/python3.6/site-packages/airflow/example_dags/example_nested_branch_dag.py
[2024-09-09 20:52:43,594] {logging_mixin.py:104} INFO - [2024-09-09 20:52:43,593] {dag.py:1824} INFO - Sync 1 DAGs
[2024-09-09 20:52:43,618] {logging_mixin.py:104} INFO - [2024-09-09 20:52:43,618] {dag.py:2280} INFO - Setting next_dagrun for example_nested_branch_dag to 2024-09-07 00:00:00+00:00
[2024-09-09 20:52:43,628] {scheduler_job.py:190} INFO - Processing /home/airflow/.local/lib/python3.6/site-packages/airflow/example_dags/example_nested_branch_dag.py took 0.076 seconds
[2024-09-09 20:53:14,009] {scheduler_job.py:182} INFO - Started process (PID=139) to work on /home/airflow/.local/lib/python3.6/site-packages/airflow/example_dags/example_nested_branch_dag.py
[2024-09-09 20:53:14,010] {scheduler_job.py:629} INFO - Processing file /home/airflow/.local/lib/python3.6/site-packages/airflow/example_dags/example_nested_branch_dag.py for tasks to queue
[2024-09-09 20:53:14,010] {logging_mixin.py:104} INFO - [2024-09-09 20:53:14,010] {dagbag.py:451} INFO - Filling up the DagBag from /home/airflow/.local/lib/python3.6/site-packages/airflow/example_dags/example_nested_branch_dag.py
[2024-09-09 20:53:14,025] {scheduler_job.py:639} INFO - DAG(s) dict_keys(['example_nested_branch_dag']) retrieved from /home/airflow/.local/lib/python3.6/site-packages/airflow/example_dags/example_nested_branch_dag.py
[2024-09-09 20:53:14,052] {logging_mixin.py:104} INFO - [2024-09-09 20:53:14,051] {dag.py:1824} INFO - Sync 1 DAGs
[2024-09-09 20:53:14,073] {logging_mixin.py:104} INFO - [2024-09-09 20:53:14,073] {dag.py:2280} INFO - Setting next_dagrun for example_nested_branch_dag to 2024-09-07 00:00:00+00:00
[2024-09-09 20:53:14,083] {scheduler_job.py:190} INFO - Processing /home/airflow/.local/lib/python3.6/site-packages/airflow/example_dags/example_nested_branch_dag.py took 0.077 seconds
[2024-09-09 20:53:44,489] {scheduler_job.py:182} INFO - Started process (PID=166) to work on /home/airflow/.local/lib/python3.6/site-packages/airflow/example_dags/example_nested_branch_dag.py
[2024-09-09 20:53:44,490] {scheduler_job.py:629} INFO - Processing file /home/airflow/.local/lib/python3.6/site-packages/airflow/example_dags/example_nested_branch_dag.py for tasks to queue
[2024-09-09 20:53:44,491] {logging_mixin.py:104} INFO - [2024-09-09 20:53:44,491] {dagbag.py:451} INFO - Filling up the DagBag from /home/airflow/.local/lib/python3.6/site-packages/airflow/example_dags/example_nested_branch_dag.py
[2024-09-09 20:53:44,505] {scheduler_job.py:639} INFO - DAG(s) dict_keys(['example_nested_branch_dag']) retrieved from /home/airflow/.local/lib/python3.6/site-packages/airflow/example_dags/example_nested_branch_dag.py
[2024-09-09 20:53:44,528] {logging_mixin.py:104} INFO - [2024-09-09 20:53:44,528] {dag.py:1824} INFO - Sync 1 DAGs
[2024-09-09 20:53:44,549] {logging_mixin.py:104} INFO - [2024-09-09 20:53:44,549] {dag.py:2280} INFO - Setting next_dagrun for example_nested_branch_dag to 2024-09-07 00:00:00+00:00
[2024-09-09 20:53:44,559] {scheduler_job.py:190} INFO - Processing /home/airflow/.local/lib/python3.6/site-packages/airflow/example_dags/example_nested_branch_dag.py took 0.072 seconds
[2024-09-09 20:54:14,862] {scheduler_job.py:182} INFO - Started process (PID=193) to work on /home/airflow/.local/lib/python3.6/site-packages/airflow/example_dags/example_nested_branch_dag.py
[2024-09-09 20:54:14,864] {scheduler_job.py:629} INFO - Processing file /home/airflow/.local/lib/python3.6/site-packages/airflow/example_dags/example_nested_branch_dag.py for tasks to queue
[2024-09-09 20:54:14,865] {logging_mixin.py:104} INFO - [2024-09-09 20:54:14,864] {dagbag.py:451} INFO - Filling up the DagBag from /home/airflow/.local/lib/python3.6/site-packages/airflow/example_dags/example_nested_branch_dag.py
[2024-09-09 20:54:14,887] {scheduler_job.py:639} INFO - DAG(s) dict_keys(['example_nested_branch_dag']) retrieved from /home/airflow/.local/lib/python3.6/site-packages/airflow/example_dags/example_nested_branch_dag.py
[2024-09-09 20:54:14,943] {logging_mixin.py:104} INFO - [2024-09-09 20:54:14,942] {dag.py:1824} INFO - Sync 1 DAGs
[2024-09-09 20:54:14,970] {logging_mixin.py:104} INFO - [2024-09-09 20:54:14,970] {dag.py:2280} INFO - Setting next_dagrun for example_nested_branch_dag to 2024-09-07 00:00:00+00:00
[2024-09-09 20:54:14,985] {scheduler_job.py:190} INFO - Processing /home/airflow/.local/lib/python3.6/site-packages/airflow/example_dags/example_nested_branch_dag.py took 0.127 seconds
[2024-09-09 20:54:45,327] {scheduler_job.py:182} INFO - Started process (PID=220) to work on /home/airflow/.local/lib/python3.6/site-packages/airflow/example_dags/example_nested_branch_dag.py
[2024-09-09 20:54:45,328] {scheduler_job.py:629} INFO - Processing file /home/airflow/.local/lib/python3.6/site-packages/airflow/example_dags/example_nested_branch_dag.py for tasks to queue
[2024-09-09 20:54:45,329] {logging_mixin.py:104} INFO - [2024-09-09 20:54:45,329] {dagbag.py:451} INFO - Filling up the DagBag from /home/airflow/.local/lib/python3.6/site-packages/airflow/example_dags/example_nested_branch_dag.py
[2024-09-09 20:54:45,343] {scheduler_job.py:639} INFO - DAG(s) dict_keys(['example_nested_branch_dag']) retrieved from /home/airflow/.local/lib/python3.6/site-packages/airflow/example_dags/example_nested_branch_dag.py
[2024-09-09 20:54:45,371] {logging_mixin.py:104} INFO - [2024-09-09 20:54:45,371] {dag.py:1824} INFO - Sync 1 DAGs
[2024-09-09 20:54:45,393] {logging_mixin.py:104} INFO - [2024-09-09 20:54:45,393] {dag.py:2280} INFO - Setting next_dagrun for example_nested_branch_dag to 2024-09-07 00:00:00+00:00
[2024-09-09 20:54:45,403] {scheduler_job.py:190} INFO - Processing /home/airflow/.local/lib/python3.6/site-packages/airflow/example_dags/example_nested_branch_dag.py took 0.079 seconds
[2024-09-09 20:55:15,746] {scheduler_job.py:182} INFO - Started process (PID=246) to work on /home/airflow/.local/lib/python3.6/site-packages/airflow/example_dags/example_nested_branch_dag.py
[2024-09-09 20:55:15,748] {scheduler_job.py:629} INFO - Processing file /home/airflow/.local/lib/python3.6/site-packages/airflow/example_dags/example_nested_branch_dag.py for tasks to queue
[2024-09-09 20:55:15,749] {logging_mixin.py:104} INFO - [2024-09-09 20:55:15,749] {dagbag.py:451} INFO - Filling up the DagBag from /home/airflow/.local/lib/python3.6/site-packages/airflow/example_dags/example_nested_branch_dag.py
[2024-09-09 20:55:15,764] {scheduler_job.py:639} INFO - DAG(s) dict_keys(['example_nested_branch_dag']) retrieved from /home/airflow/.local/lib/python3.6/site-packages/airflow/example_dags/example_nested_branch_dag.py
[2024-09-09 20:55:15,790] {logging_mixin.py:104} INFO - [2024-09-09 20:55:15,789] {dag.py:1824} INFO - Sync 1 DAGs
[2024-09-09 20:55:15,812] {logging_mixin.py:104} INFO - [2024-09-09 20:55:15,811] {dag.py:2280} INFO - Setting next_dagrun for example_nested_branch_dag to 2024-09-07 00:00:00+00:00
[2024-09-09 20:55:15,823] {scheduler_job.py:190} INFO - Processing /home/airflow/.local/lib/python3.6/site-packages/airflow/example_dags/example_nested_branch_dag.py took 0.080 seconds
[2024-09-09 20:55:46,050] {scheduler_job.py:182} INFO - Started process (PID=274) to work on /home/airflow/.local/lib/python3.6/site-packages/airflow/example_dags/example_nested_branch_dag.py
[2024-09-09 20:55:46,051] {scheduler_job.py:629} INFO - Processing file /home/airflow/.local/lib/python3.6/site-packages/airflow/example_dags/example_nested_branch_dag.py for tasks to queue
[2024-09-09 20:55:46,052] {logging_mixin.py:104} INFO - [2024-09-09 20:55:46,052] {dagbag.py:451} INFO - Filling up the DagBag from /home/airflow/.local/lib/python3.6/site-packages/airflow/example_dags/example_nested_branch_dag.py
[2024-09-09 20:55:46,071] {scheduler_job.py:639} INFO - DAG(s) dict_keys(['example_nested_branch_dag']) retrieved from /home/airflow/.local/lib/python3.6/site-packages/airflow/example_dags/example_nested_branch_dag.py
[2024-09-09 20:55:46,093] {logging_mixin.py:104} INFO - [2024-09-09 20:55:46,093] {dag.py:1824} INFO - Sync 1 DAGs
[2024-09-09 20:55:46,115] {logging_mixin.py:104} INFO - [2024-09-09 20:55:46,115] {dag.py:2280} INFO - Setting next_dagrun for example_nested_branch_dag to 2024-09-07 00:00:00+00:00
[2024-09-09 20:55:46,124] {scheduler_job.py:190} INFO - Processing /home/airflow/.local/lib/python3.6/site-packages/airflow/example_dags/example_nested_branch_dag.py took 0.079 seconds
[2024-09-09 20:56:16,479] {scheduler_job.py:182} INFO - Started process (PID=301) to work on /home/airflow/.local/lib/python3.6/site-packages/airflow/example_dags/example_nested_branch_dag.py
[2024-09-09 20:56:16,480] {scheduler_job.py:629} INFO - Processing file /home/airflow/.local/lib/python3.6/site-packages/airflow/example_dags/example_nested_branch_dag.py for tasks to queue
[2024-09-09 20:56:16,481] {logging_mixin.py:104} INFO - [2024-09-09 20:56:16,481] {dagbag.py:451} INFO - Filling up the DagBag from /home/airflow/.local/lib/python3.6/site-packages/airflow/example_dags/example_nested_branch_dag.py
[2024-09-09 20:56:16,500] {scheduler_job.py:639} INFO - DAG(s) dict_keys(['example_nested_branch_dag']) retrieved from /home/airflow/.local/lib/python3.6/site-packages/airflow/example_dags/example_nested_branch_dag.py
[2024-09-09 20:56:16,521] {logging_mixin.py:104} INFO - [2024-09-09 20:56:16,521] {dag.py:1824} INFO - Sync 1 DAGs
[2024-09-09 20:56:16,542] {logging_mixin.py:104} INFO - [2024-09-09 20:56:16,542] {dag.py:2280} INFO - Setting next_dagrun for example_nested_branch_dag to 2024-09-07 00:00:00+00:00
[2024-09-09 20:56:16,552] {scheduler_job.py:190} INFO - Processing /home/airflow/.local/lib/python3.6/site-packages/airflow/example_dags/example_nested_branch_dag.py took 0.077 seconds
[2024-09-09 20:56:46,824] {scheduler_job.py:182} INFO - Started process (PID=328) to work on /home/airflow/.local/lib/python3.6/site-packages/airflow/example_dags/example_nested_branch_dag.py
[2024-09-09 20:56:46,825] {scheduler_job.py:629} INFO - Processing file /home/airflow/.local/lib/python3.6/site-packages/airflow/example_dags/example_nested_branch_dag.py for tasks to queue
[2024-09-09 20:56:46,826] {logging_mixin.py:104} INFO - [2024-09-09 20:56:46,826] {dagbag.py:451} INFO - Filling up the DagBag from /home/airflow/.local/lib/python3.6/site-packages/airflow/example_dags/example_nested_branch_dag.py
[2024-09-09 20:56:46,846] {scheduler_job.py:639} INFO - DAG(s) dict_keys(['example_nested_branch_dag']) retrieved from /home/airflow/.local/lib/python3.6/site-packages/airflow/example_dags/example_nested_branch_dag.py
[2024-09-09 20:56:46,866] {logging_mixin.py:104} INFO - [2024-09-09 20:56:46,866] {dag.py:1824} INFO - Sync 1 DAGs
[2024-09-09 20:56:46,888] {logging_mixin.py:104} INFO - [2024-09-09 20:56:46,887] {dag.py:2280} INFO - Setting next_dagrun for example_nested_branch_dag to 2024-09-07 00:00:00+00:00
[2024-09-09 20:56:46,903] {scheduler_job.py:190} INFO - Processing /home/airflow/.local/lib/python3.6/site-packages/airflow/example_dags/example_nested_branch_dag.py took 0.083 seconds
[2024-09-09 20:57:17,349] {scheduler_job.py:182} INFO - Started process (PID=355) to work on /home/airflow/.local/lib/python3.6/site-packages/airflow/example_dags/example_nested_branch_dag.py
[2024-09-09 20:57:17,350] {scheduler_job.py:629} INFO - Processing file /home/airflow/.local/lib/python3.6/site-packages/airflow/example_dags/example_nested_branch_dag.py for tasks to queue
[2024-09-09 20:57:17,351] {logging_mixin.py:104} INFO - [2024-09-09 20:57:17,351] {dagbag.py:451} INFO - Filling up the DagBag from /home/airflow/.local/lib/python3.6/site-packages/airflow/example_dags/example_nested_branch_dag.py
[2024-09-09 20:57:17,369] {scheduler_job.py:639} INFO - DAG(s) dict_keys(['example_nested_branch_dag']) retrieved from /home/airflow/.local/lib/python3.6/site-packages/airflow/example_dags/example_nested_branch_dag.py
[2024-09-09 20:57:17,389] {logging_mixin.py:104} INFO - [2024-09-09 20:57:17,389] {dag.py:1824} INFO - Sync 1 DAGs
[2024-09-09 20:57:17,411] {logging_mixin.py:104} INFO - [2024-09-09 20:57:17,410] {dag.py:2280} INFO - Setting next_dagrun for example_nested_branch_dag to 2024-09-07 00:00:00+00:00
[2024-09-09 20:57:17,420] {scheduler_job.py:190} INFO - Processing /home/airflow/.local/lib/python3.6/site-packages/airflow/example_dags/example_nested_branch_dag.py took 0.074 seconds
[2024-09-09 20:57:47,580] {scheduler_job.py:182} INFO - Started process (PID=375) to work on /home/airflow/.local/lib/python3.6/site-packages/airflow/example_dags/example_nested_branch_dag.py
[2024-09-09 20:57:47,582] {scheduler_job.py:629} INFO - Processing file /home/airflow/.local/lib/python3.6/site-packages/airflow/example_dags/example_nested_branch_dag.py for tasks to queue
[2024-09-09 20:57:47,582] {logging_mixin.py:104} INFO - [2024-09-09 20:57:47,582] {dagbag.py:451} INFO - Filling up the DagBag from /home/airflow/.local/lib/python3.6/site-packages/airflow/example_dags/example_nested_branch_dag.py
[2024-09-09 20:57:47,600] {scheduler_job.py:639} INFO - DAG(s) dict_keys(['example_nested_branch_dag']) retrieved from /home/airflow/.local/lib/python3.6/site-packages/airflow/example_dags/example_nested_branch_dag.py
[2024-09-09 20:57:47,622] {logging_mixin.py:104} INFO - [2024-09-09 20:57:47,622] {dag.py:1824} INFO - Sync 1 DAGs
[2024-09-09 20:57:47,644] {logging_mixin.py:104} INFO - [2024-09-09 20:57:47,644] {dag.py:2280} INFO - Setting next_dagrun for example_nested_branch_dag to 2024-09-07 00:00:00+00:00
[2024-09-09 20:57:47,657] {scheduler_job.py:190} INFO - Processing /home/airflow/.local/lib/python3.6/site-packages/airflow/example_dags/example_nested_branch_dag.py took 0.081 seconds
[2024-09-09 20:58:18,146] {scheduler_job.py:182} INFO - Started process (PID=408) to work on /home/airflow/.local/lib/python3.6/site-packages/airflow/example_dags/example_nested_branch_dag.py
[2024-09-09 20:58:18,147] {scheduler_job.py:629} INFO - Processing file /home/airflow/.local/lib/python3.6/site-packages/airflow/example_dags/example_nested_branch_dag.py for tasks to queue
[2024-09-09 20:58:18,148] {logging_mixin.py:104} INFO - [2024-09-09 20:58:18,148] {dagbag.py:451} INFO - Filling up the DagBag from /home/airflow/.local/lib/python3.6/site-packages/airflow/example_dags/example_nested_branch_dag.py
[2024-09-09 20:58:18,170] {scheduler_job.py:639} INFO - DAG(s) dict_keys(['example_nested_branch_dag']) retrieved from /home/airflow/.local/lib/python3.6/site-packages/airflow/example_dags/example_nested_branch_dag.py
[2024-09-09 20:58:18,192] {logging_mixin.py:104} INFO - [2024-09-09 20:58:18,192] {dag.py:1824} INFO - Sync 1 DAGs
[2024-09-09 20:58:18,213] {logging_mixin.py:104} INFO - [2024-09-09 20:58:18,213] {dag.py:2280} INFO - Setting next_dagrun for example_nested_branch_dag to 2024-09-07 00:00:00+00:00
[2024-09-09 20:58:18,223] {scheduler_job.py:190} INFO - Processing /home/airflow/.local/lib/python3.6/site-packages/airflow/example_dags/example_nested_branch_dag.py took 0.081 seconds
[2024-09-09 20:58:48,565] {scheduler_job.py:182} INFO - Started process (PID=435) to work on /home/airflow/.local/lib/python3.6/site-packages/airflow/example_dags/example_nested_branch_dag.py
[2024-09-09 20:58:48,570] {scheduler_job.py:629} INFO - Processing file /home/airflow/.local/lib/python3.6/site-packages/airflow/example_dags/example_nested_branch_dag.py for tasks to queue
[2024-09-09 20:58:48,571] {logging_mixin.py:104} INFO - [2024-09-09 20:58:48,571] {dagbag.py:451} INFO - Filling up the DagBag from /home/airflow/.local/lib/python3.6/site-packages/airflow/example_dags/example_nested_branch_dag.py
[2024-09-09 20:58:48,585] {scheduler_job.py:639} INFO - DAG(s) dict_keys(['example_nested_branch_dag']) retrieved from /home/airflow/.local/lib/python3.6/site-packages/airflow/example_dags/example_nested_branch_dag.py
[2024-09-09 20:58:48,609] {logging_mixin.py:104} INFO - [2024-09-09 20:58:48,609] {dag.py:1824} INFO - Sync 1 DAGs
[2024-09-09 20:58:48,631] {logging_mixin.py:104} INFO - [2024-09-09 20:58:48,631] {dag.py:2280} INFO - Setting next_dagrun for example_nested_branch_dag to 2024-09-07 00:00:00+00:00
[2024-09-09 20:58:48,641] {scheduler_job.py:190} INFO - Processing /home/airflow/.local/lib/python3.6/site-packages/airflow/example_dags/example_nested_branch_dag.py took 0.079 seconds
[2024-09-09 20:59:18,944] {scheduler_job.py:182} INFO - Started process (PID=462) to work on /home/airflow/.local/lib/python3.6/site-packages/airflow/example_dags/example_nested_branch_dag.py
[2024-09-09 20:59:18,945] {scheduler_job.py:629} INFO - Processing file /home/airflow/.local/lib/python3.6/site-packages/airflow/example_dags/example_nested_branch_dag.py for tasks to queue
[2024-09-09 20:59:18,946] {logging_mixin.py:104} INFO - [2024-09-09 20:59:18,945] {dagbag.py:451} INFO - Filling up the DagBag from /home/airflow/.local/lib/python3.6/site-packages/airflow/example_dags/example_nested_branch_dag.py
[2024-09-09 20:59:18,961] {scheduler_job.py:639} INFO - DAG(s) dict_keys(['example_nested_branch_dag']) retrieved from /home/airflow/.local/lib/python3.6/site-packages/airflow/example_dags/example_nested_branch_dag.py
[2024-09-09 20:59:18,980] {logging_mixin.py:104} INFO - [2024-09-09 20:59:18,980] {dag.py:1824} INFO - Sync 1 DAGs
[2024-09-09 20:59:19,002] {logging_mixin.py:104} INFO - [2024-09-09 20:59:19,001] {dag.py:2280} INFO - Setting next_dagrun for example_nested_branch_dag to 2024-09-07 00:00:00+00:00
[2024-09-09 20:59:19,011] {scheduler_job.py:190} INFO - Processing /home/airflow/.local/lib/python3.6/site-packages/airflow/example_dags/example_nested_branch_dag.py took 0.071 seconds
[2024-09-09 20:59:49,254] {scheduler_job.py:182} INFO - Started process (PID=489) to work on /home/airflow/.local/lib/python3.6/site-packages/airflow/example_dags/example_nested_branch_dag.py
[2024-09-09 20:59:49,255] {scheduler_job.py:629} INFO - Processing file /home/airflow/.local/lib/python3.6/site-packages/airflow/example_dags/example_nested_branch_dag.py for tasks to queue
[2024-09-09 20:59:49,256] {logging_mixin.py:104} INFO - [2024-09-09 20:59:49,256] {dagbag.py:451} INFO - Filling up the DagBag from /home/airflow/.local/lib/python3.6/site-packages/airflow/example_dags/example_nested_branch_dag.py
[2024-09-09 20:59:49,272] {scheduler_job.py:639} INFO - DAG(s) dict_keys(['example_nested_branch_dag']) retrieved from /home/airflow/.local/lib/python3.6/site-packages/airflow/example_dags/example_nested_branch_dag.py
[2024-09-09 20:59:49,299] {logging_mixin.py:104} INFO - [2024-09-09 20:59:49,299] {dag.py:1824} INFO - Sync 1 DAGs
[2024-09-09 20:59:49,324] {logging_mixin.py:104} INFO - [2024-09-09 20:59:49,324] {dag.py:2280} INFO - Setting next_dagrun for example_nested_branch_dag to 2024-09-07 00:00:00+00:00
[2024-09-09 20:59:49,336] {scheduler_job.py:190} INFO - Processing /home/airflow/.local/lib/python3.6/site-packages/airflow/example_dags/example_nested_branch_dag.py took 0.085 seconds
[2024-09-09 21:00:19,675] {scheduler_job.py:182} INFO - Started process (PID=517) to work on /home/airflow/.local/lib/python3.6/site-packages/airflow/example_dags/example_nested_branch_dag.py
[2024-09-09 21:00:19,676] {scheduler_job.py:629} INFO - Processing file /home/airflow/.local/lib/python3.6/site-packages/airflow/example_dags/example_nested_branch_dag.py for tasks to queue
[2024-09-09 21:00:19,677] {logging_mixin.py:104} INFO - [2024-09-09 21:00:19,677] {dagbag.py:451} INFO - Filling up the DagBag from /home/airflow/.local/lib/python3.6/site-packages/airflow/example_dags/example_nested_branch_dag.py
[2024-09-09 21:00:19,692] {scheduler_job.py:639} INFO - DAG(s) dict_keys(['example_nested_branch_dag']) retrieved from /home/airflow/.local/lib/python3.6/site-packages/airflow/example_dags/example_nested_branch_dag.py
[2024-09-09 21:00:19,715] {logging_mixin.py:104} INFO - [2024-09-09 21:00:19,715] {dag.py:1824} INFO - Sync 1 DAGs
[2024-09-09 21:00:19,737] {logging_mixin.py:104} INFO - [2024-09-09 21:00:19,737] {dag.py:2280} INFO - Setting next_dagrun for example_nested_branch_dag to 2024-09-07 00:00:00+00:00
[2024-09-09 21:00:19,746] {scheduler_job.py:190} INFO - Processing /home/airflow/.local/lib/python3.6/site-packages/airflow/example_dags/example_nested_branch_dag.py took 0.074 seconds
[2024-09-09 21:00:50,065] {scheduler_job.py:182} INFO - Started process (PID=544) to work on /home/airflow/.local/lib/python3.6/site-packages/airflow/example_dags/example_nested_branch_dag.py
[2024-09-09 21:00:50,067] {scheduler_job.py:629} INFO - Processing file /home/airflow/.local/lib/python3.6/site-packages/airflow/example_dags/example_nested_branch_dag.py for tasks to queue
[2024-09-09 21:00:50,067] {logging_mixin.py:104} INFO - [2024-09-09 21:00:50,067] {dagbag.py:451} INFO - Filling up the DagBag from /home/airflow/.local/lib/python3.6/site-packages/airflow/example_dags/example_nested_branch_dag.py
[2024-09-09 21:00:50,087] {scheduler_job.py:639} INFO - DAG(s) dict_keys(['example_nested_branch_dag']) retrieved from /home/airflow/.local/lib/python3.6/site-packages/airflow/example_dags/example_nested_branch_dag.py
[2024-09-09 21:00:50,114] {logging_mixin.py:104} INFO - [2024-09-09 21:00:50,114] {dag.py:1824} INFO - Sync 1 DAGs
[2024-09-09 21:00:50,141] {logging_mixin.py:104} INFO - [2024-09-09 21:00:50,141] {dag.py:2280} INFO - Setting next_dagrun for example_nested_branch_dag to 2024-09-07 00:00:00+00:00
[2024-09-09 21:00:50,158] {scheduler_job.py:190} INFO - Processing /home/airflow/.local/lib/python3.6/site-packages/airflow/example_dags/example_nested_branch_dag.py took 0.098 seconds
[2024-09-09 21:01:20,414] {scheduler_job.py:182} INFO - Started process (PID=571) to work on /home/airflow/.local/lib/python3.6/site-packages/airflow/example_dags/example_nested_branch_dag.py
[2024-09-09 21:01:20,415] {scheduler_job.py:629} INFO - Processing file /home/airflow/.local/lib/python3.6/site-packages/airflow/example_dags/example_nested_branch_dag.py for tasks to queue
[2024-09-09 21:01:20,416] {logging_mixin.py:104} INFO - [2024-09-09 21:01:20,416] {dagbag.py:451} INFO - Filling up the DagBag from /home/airflow/.local/lib/python3.6/site-packages/airflow/example_dags/example_nested_branch_dag.py
[2024-09-09 21:01:20,431] {scheduler_job.py:639} INFO - DAG(s) dict_keys(['example_nested_branch_dag']) retrieved from /home/airflow/.local/lib/python3.6/site-packages/airflow/example_dags/example_nested_branch_dag.py
[2024-09-09 21:01:20,452] {logging_mixin.py:104} INFO - [2024-09-09 21:01:20,452] {dag.py:1824} INFO - Sync 1 DAGs
[2024-09-09 21:01:20,474] {logging_mixin.py:104} INFO - [2024-09-09 21:01:20,474] {dag.py:2280} INFO - Setting next_dagrun for example_nested_branch_dag to 2024-09-07 00:00:00+00:00
[2024-09-09 21:01:20,484] {scheduler_job.py:190} INFO - Processing /home/airflow/.local/lib/python3.6/site-packages/airflow/example_dags/example_nested_branch_dag.py took 0.072 seconds
[2024-09-09 21:01:50,657] {scheduler_job.py:182} INFO - Started process (PID=597) to work on /home/airflow/.local/lib/python3.6/site-packages/airflow/example_dags/example_nested_branch_dag.py
[2024-09-09 21:01:50,658] {scheduler_job.py:629} INFO - Processing file /home/airflow/.local/lib/python3.6/site-packages/airflow/example_dags/example_nested_branch_dag.py for tasks to queue
[2024-09-09 21:01:50,658] {logging_mixin.py:104} INFO - [2024-09-09 21:01:50,658] {dagbag.py:451} INFO - Filling up the DagBag from /home/airflow/.local/lib/python3.6/site-packages/airflow/example_dags/example_nested_branch_dag.py
[2024-09-09 21:01:50,675] {scheduler_job.py:639} INFO - DAG(s) dict_keys(['example_nested_branch_dag']) retrieved from /home/airflow/.local/lib/python3.6/site-packages/airflow/example_dags/example_nested_branch_dag.py
[2024-09-09 21:01:50,697] {logging_mixin.py:104} INFO - [2024-09-09 21:01:50,697] {dag.py:1824} INFO - Sync 1 DAGs
[2024-09-09 21:01:50,721] {logging_mixin.py:104} INFO - [2024-09-09 21:01:50,721] {dag.py:2280} INFO - Setting next_dagrun for example_nested_branch_dag to 2024-09-07 00:00:00+00:00
[2024-09-09 21:01:50,731] {scheduler_job.py:190} INFO - Processing /home/airflow/.local/lib/python3.6/site-packages/airflow/example_dags/example_nested_branch_dag.py took 0.077 seconds
[2024-09-09 21:02:21,033] {scheduler_job.py:182} INFO - Started process (PID=625) to work on /home/airflow/.local/lib/python3.6/site-packages/airflow/example_dags/example_nested_branch_dag.py
[2024-09-09 21:02:21,034] {scheduler_job.py:629} INFO - Processing file /home/airflow/.local/lib/python3.6/site-packages/airflow/example_dags/example_nested_branch_dag.py for tasks to queue
[2024-09-09 21:02:21,034] {logging_mixin.py:104} INFO - [2024-09-09 21:02:21,034] {dagbag.py:451} INFO - Filling up the DagBag from /home/airflow/.local/lib/python3.6/site-packages/airflow/example_dags/example_nested_branch_dag.py
[2024-09-09 21:02:21,050] {scheduler_job.py:639} INFO - DAG(s) dict_keys(['example_nested_branch_dag']) retrieved from /home/airflow/.local/lib/python3.6/site-packages/airflow/example_dags/example_nested_branch_dag.py
[2024-09-09 21:02:21,071] {logging_mixin.py:104} INFO - [2024-09-09 21:02:21,071] {dag.py:1824} INFO - Sync 1 DAGs
[2024-09-09 21:02:21,091] {logging_mixin.py:104} INFO - [2024-09-09 21:02:21,091] {dag.py:2280} INFO - Setting next_dagrun for example_nested_branch_dag to 2024-09-07 00:00:00+00:00
[2024-09-09 21:02:21,100] {scheduler_job.py:190} INFO - Processing /home/airflow/.local/lib/python3.6/site-packages/airflow/example_dags/example_nested_branch_dag.py took 0.071 seconds
[2024-09-09 21:02:51,362] {scheduler_job.py:182} INFO - Started process (PID=652) to work on /home/airflow/.local/lib/python3.6/site-packages/airflow/example_dags/example_nested_branch_dag.py
[2024-09-09 21:02:51,363] {scheduler_job.py:629} INFO - Processing file /home/airflow/.local/lib/python3.6/site-packages/airflow/example_dags/example_nested_branch_dag.py for tasks to queue
[2024-09-09 21:02:51,364] {logging_mixin.py:104} INFO - [2024-09-09 21:02:51,364] {dagbag.py:451} INFO - Filling up the DagBag from /home/airflow/.local/lib/python3.6/site-packages/airflow/example_dags/example_nested_branch_dag.py
[2024-09-09 21:02:51,380] {scheduler_job.py:639} INFO - DAG(s) dict_keys(['example_nested_branch_dag']) retrieved from /home/airflow/.local/lib/python3.6/site-packages/airflow/example_dags/example_nested_branch_dag.py
[2024-09-09 21:02:51,404] {logging_mixin.py:104} INFO - [2024-09-09 21:02:51,404] {dag.py:1824} INFO - Sync 1 DAGs
[2024-09-09 21:02:51,426] {logging_mixin.py:104} INFO - [2024-09-09 21:02:51,426] {dag.py:2280} INFO - Setting next_dagrun for example_nested_branch_dag to 2024-09-07 00:00:00+00:00
[2024-09-09 21:02:51,436] {scheduler_job.py:190} INFO - Processing /home/airflow/.local/lib/python3.6/site-packages/airflow/example_dags/example_nested_branch_dag.py took 0.077 seconds
[2024-09-09 21:03:21,724] {scheduler_job.py:182} INFO - Started process (PID=679) to work on /home/airflow/.local/lib/python3.6/site-packages/airflow/example_dags/example_nested_branch_dag.py
[2024-09-09 21:03:21,725] {scheduler_job.py:629} INFO - Processing file /home/airflow/.local/lib/python3.6/site-packages/airflow/example_dags/example_nested_branch_dag.py for tasks to queue
[2024-09-09 21:03:21,725] {logging_mixin.py:104} INFO - [2024-09-09 21:03:21,725] {dagbag.py:451} INFO - Filling up the DagBag from /home/airflow/.local/lib/python3.6/site-packages/airflow/example_dags/example_nested_branch_dag.py
[2024-09-09 21:03:21,740] {scheduler_job.py:639} INFO - DAG(s) dict_keys(['example_nested_branch_dag']) retrieved from /home/airflow/.local/lib/python3.6/site-packages/airflow/example_dags/example_nested_branch_dag.py
[2024-09-09 21:03:21,762] {logging_mixin.py:104} INFO - [2024-09-09 21:03:21,762] {dag.py:1824} INFO - Sync 1 DAGs
[2024-09-09 21:03:21,785] {logging_mixin.py:104} INFO - [2024-09-09 21:03:21,785] {dag.py:2280} INFO - Setting next_dagrun for example_nested_branch_dag to 2024-09-07 00:00:00+00:00
[2024-09-09 21:03:21,795] {scheduler_job.py:190} INFO - Processing /home/airflow/.local/lib/python3.6/site-packages/airflow/example_dags/example_nested_branch_dag.py took 0.074 seconds
[2024-09-09 21:03:52,098] {scheduler_job.py:182} INFO - Started process (PID=706) to work on /home/airflow/.local/lib/python3.6/site-packages/airflow/example_dags/example_nested_branch_dag.py
[2024-09-09 21:03:52,100] {scheduler_job.py:629} INFO - Processing file /home/airflow/.local/lib/python3.6/site-packages/airflow/example_dags/example_nested_branch_dag.py for tasks to queue
[2024-09-09 21:03:52,100] {logging_mixin.py:104} INFO - [2024-09-09 21:03:52,100] {dagbag.py:451} INFO - Filling up the DagBag from /home/airflow/.local/lib/python3.6/site-packages/airflow/example_dags/example_nested_branch_dag.py
[2024-09-09 21:03:52,115] {scheduler_job.py:639} INFO - DAG(s) dict_keys(['example_nested_branch_dag']) retrieved from /home/airflow/.local/lib/python3.6/site-packages/airflow/example_dags/example_nested_branch_dag.py
[2024-09-09 21:03:52,137] {logging_mixin.py:104} INFO - [2024-09-09 21:03:52,137] {dag.py:1824} INFO - Sync 1 DAGs
[2024-09-09 21:03:52,159] {logging_mixin.py:104} INFO - [2024-09-09 21:03:52,159] {dag.py:2280} INFO - Setting next_dagrun for example_nested_branch_dag to 2024-09-07 00:00:00+00:00
[2024-09-09 21:03:52,169] {scheduler_job.py:190} INFO - Processing /home/airflow/.local/lib/python3.6/site-packages/airflow/example_dags/example_nested_branch_dag.py took 0.074 seconds
[2024-09-09 21:04:22,411] {scheduler_job.py:182} INFO - Started process (PID=733) to work on /home/airflow/.local/lib/python3.6/site-packages/airflow/example_dags/example_nested_branch_dag.py
[2024-09-09 21:04:22,412] {scheduler_job.py:629} INFO - Processing file /home/airflow/.local/lib/python3.6/site-packages/airflow/example_dags/example_nested_branch_dag.py for tasks to queue
[2024-09-09 21:04:22,413] {logging_mixin.py:104} INFO - [2024-09-09 21:04:22,413] {dagbag.py:451} INFO - Filling up the DagBag from /home/airflow/.local/lib/python3.6/site-packages/airflow/example_dags/example_nested_branch_dag.py
[2024-09-09 21:04:22,428] {scheduler_job.py:639} INFO - DAG(s) dict_keys(['example_nested_branch_dag']) retrieved from /home/airflow/.local/lib/python3.6/site-packages/airflow/example_dags/example_nested_branch_dag.py
[2024-09-09 21:04:22,451] {logging_mixin.py:104} INFO - [2024-09-09 21:04:22,451] {dag.py:1824} INFO - Sync 1 DAGs
[2024-09-09 21:04:22,474] {logging_mixin.py:104} INFO - [2024-09-09 21:04:22,474] {dag.py:2280} INFO - Setting next_dagrun for example_nested_branch_dag to 2024-09-07 00:00:00+00:00
[2024-09-09 21:04:22,484] {scheduler_job.py:190} INFO - Processing /home/airflow/.local/lib/python3.6/site-packages/airflow/example_dags/example_nested_branch_dag.py took 0.075 seconds
[2024-09-09 21:04:52,835] {scheduler_job.py:182} INFO - Started process (PID=760) to work on /home/airflow/.local/lib/python3.6/site-packages/airflow/example_dags/example_nested_branch_dag.py
[2024-09-09 21:04:52,836] {scheduler_job.py:629} INFO - Processing file /home/airflow/.local/lib/python3.6/site-packages/airflow/example_dags/example_nested_branch_dag.py for tasks to queue
[2024-09-09 21:04:52,836] {logging_mixin.py:104} INFO - [2024-09-09 21:04:52,836] {dagbag.py:451} INFO - Filling up the DagBag from /home/airflow/.local/lib/python3.6/site-packages/airflow/example_dags/example_nested_branch_dag.py
[2024-09-09 21:04:52,851] {scheduler_job.py:639} INFO - DAG(s) dict_keys(['example_nested_branch_dag']) retrieved from /home/airflow/.local/lib/python3.6/site-packages/airflow/example_dags/example_nested_branch_dag.py
[2024-09-09 21:04:52,873] {logging_mixin.py:104} INFO - [2024-09-09 21:04:52,873] {dag.py:1824} INFO - Sync 1 DAGs
[2024-09-09 21:04:52,895] {logging_mixin.py:104} INFO - [2024-09-09 21:04:52,895] {dag.py:2280} INFO - Setting next_dagrun for example_nested_branch_dag to 2024-09-07 00:00:00+00:00
[2024-09-09 21:04:52,905] {scheduler_job.py:190} INFO - Processing /home/airflow/.local/lib/python3.6/site-packages/airflow/example_dags/example_nested_branch_dag.py took 0.073 seconds
[2024-09-09 21:11:38,926] {scheduler_job.py:182} INFO - Started process (PID=49) to work on /home/airflow/.local/lib/python3.6/site-packages/airflow/example_dags/example_nested_branch_dag.py
[2024-09-09 21:11:38,927] {scheduler_job.py:629} INFO - Processing file /home/airflow/.local/lib/python3.6/site-packages/airflow/example_dags/example_nested_branch_dag.py for tasks to queue
[2024-09-09 21:11:38,928] {logging_mixin.py:104} INFO - [2024-09-09 21:11:38,928] {dagbag.py:451} INFO - Filling up the DagBag from /home/airflow/.local/lib/python3.6/site-packages/airflow/example_dags/example_nested_branch_dag.py
[2024-09-09 21:11:38,943] {scheduler_job.py:639} INFO - DAG(s) dict_keys(['example_nested_branch_dag']) retrieved from /home/airflow/.local/lib/python3.6/site-packages/airflow/example_dags/example_nested_branch_dag.py
[2024-09-09 21:11:38,966] {logging_mixin.py:104} INFO - [2024-09-09 21:11:38,966] {dag.py:1824} INFO - Sync 1 DAGs
[2024-09-09 21:11:38,992] {logging_mixin.py:104} INFO - [2024-09-09 21:11:38,992] {dag.py:2280} INFO - Setting next_dagrun for example_nested_branch_dag to 2024-09-07 00:00:00+00:00
[2024-09-09 21:11:39,001] {scheduler_job.py:190} INFO - Processing /home/airflow/.local/lib/python3.6/site-packages/airflow/example_dags/example_nested_branch_dag.py took 0.078 seconds
[2024-09-09 21:12:09,542] {scheduler_job.py:182} INFO - Started process (PID=78) to work on /home/airflow/.local/lib/python3.6/site-packages/airflow/example_dags/example_nested_branch_dag.py
[2024-09-09 21:12:09,544] {scheduler_job.py:629} INFO - Processing file /home/airflow/.local/lib/python3.6/site-packages/airflow/example_dags/example_nested_branch_dag.py for tasks to queue
[2024-09-09 21:12:09,544] {logging_mixin.py:104} INFO - [2024-09-09 21:12:09,544] {dagbag.py:451} INFO - Filling up the DagBag from /home/airflow/.local/lib/python3.6/site-packages/airflow/example_dags/example_nested_branch_dag.py
[2024-09-09 21:12:09,561] {scheduler_job.py:639} INFO - DAG(s) dict_keys(['example_nested_branch_dag']) retrieved from /home/airflow/.local/lib/python3.6/site-packages/airflow/example_dags/example_nested_branch_dag.py
[2024-09-09 21:12:09,587] {logging_mixin.py:104} INFO - [2024-09-09 21:12:09,586] {dag.py:1824} INFO - Sync 1 DAGs
[2024-09-09 21:12:09,612] {logging_mixin.py:104} INFO - [2024-09-09 21:12:09,612] {dag.py:2280} INFO - Setting next_dagrun for example_nested_branch_dag to 2024-09-07 00:00:00+00:00
[2024-09-09 21:12:09,624] {scheduler_job.py:190} INFO - Processing /home/airflow/.local/lib/python3.6/site-packages/airflow/example_dags/example_nested_branch_dag.py took 0.084 seconds
[2024-09-09 21:12:39,661] {scheduler_job.py:182} INFO - Started process (PID=106) to work on /home/airflow/.local/lib/python3.6/site-packages/airflow/example_dags/example_nested_branch_dag.py
[2024-09-09 21:12:39,662] {scheduler_job.py:629} INFO - Processing file /home/airflow/.local/lib/python3.6/site-packages/airflow/example_dags/example_nested_branch_dag.py for tasks to queue
[2024-09-09 21:12:39,662] {logging_mixin.py:104} INFO - [2024-09-09 21:12:39,662] {dagbag.py:451} INFO - Filling up the DagBag from /home/airflow/.local/lib/python3.6/site-packages/airflow/example_dags/example_nested_branch_dag.py
[2024-09-09 21:12:39,674] {scheduler_job.py:639} INFO - DAG(s) dict_keys(['example_nested_branch_dag']) retrieved from /home/airflow/.local/lib/python3.6/site-packages/airflow/example_dags/example_nested_branch_dag.py
[2024-09-09 21:12:39,695] {logging_mixin.py:104} INFO - [2024-09-09 21:12:39,695] {dag.py:1824} INFO - Sync 1 DAGs
[2024-09-09 21:12:39,717] {logging_mixin.py:104} INFO - [2024-09-09 21:12:39,716] {dag.py:2280} INFO - Setting next_dagrun for example_nested_branch_dag to 2024-09-07 00:00:00+00:00
[2024-09-09 21:12:39,733] {scheduler_job.py:190} INFO - Processing /home/airflow/.local/lib/python3.6/site-packages/airflow/example_dags/example_nested_branch_dag.py took 0.075 seconds
[2024-09-09 21:13:10,021] {scheduler_job.py:182} INFO - Started process (PID=134) to work on /home/airflow/.local/lib/python3.6/site-packages/airflow/example_dags/example_nested_branch_dag.py
[2024-09-09 21:13:10,021] {scheduler_job.py:629} INFO - Processing file /home/airflow/.local/lib/python3.6/site-packages/airflow/example_dags/example_nested_branch_dag.py for tasks to queue
[2024-09-09 21:13:10,022] {logging_mixin.py:104} INFO - [2024-09-09 21:13:10,022] {dagbag.py:451} INFO - Filling up the DagBag from /home/airflow/.local/lib/python3.6/site-packages/airflow/example_dags/example_nested_branch_dag.py
[2024-09-09 21:13:10,037] {scheduler_job.py:639} INFO - DAG(s) dict_keys(['example_nested_branch_dag']) retrieved from /home/airflow/.local/lib/python3.6/site-packages/airflow/example_dags/example_nested_branch_dag.py
[2024-09-09 21:13:10,061] {logging_mixin.py:104} INFO - [2024-09-09 21:13:10,061] {dag.py:1824} INFO - Sync 1 DAGs
[2024-09-09 21:13:10,082] {logging_mixin.py:104} INFO - [2024-09-09 21:13:10,082] {dag.py:2280} INFO - Setting next_dagrun for example_nested_branch_dag to 2024-09-07 00:00:00+00:00
[2024-09-09 21:13:10,091] {scheduler_job.py:190} INFO - Processing /home/airflow/.local/lib/python3.6/site-packages/airflow/example_dags/example_nested_branch_dag.py took 0.074 seconds
[2024-09-09 21:13:40,392] {scheduler_job.py:182} INFO - Started process (PID=161) to work on /home/airflow/.local/lib/python3.6/site-packages/airflow/example_dags/example_nested_branch_dag.py
[2024-09-09 21:13:40,393] {scheduler_job.py:629} INFO - Processing file /home/airflow/.local/lib/python3.6/site-packages/airflow/example_dags/example_nested_branch_dag.py for tasks to queue
[2024-09-09 21:13:40,394] {logging_mixin.py:104} INFO - [2024-09-09 21:13:40,393] {dagbag.py:451} INFO - Filling up the DagBag from /home/airflow/.local/lib/python3.6/site-packages/airflow/example_dags/example_nested_branch_dag.py
[2024-09-09 21:13:40,410] {scheduler_job.py:639} INFO - DAG(s) dict_keys(['example_nested_branch_dag']) retrieved from /home/airflow/.local/lib/python3.6/site-packages/airflow/example_dags/example_nested_branch_dag.py
[2024-09-09 21:13:40,437] {logging_mixin.py:104} INFO - [2024-09-09 21:13:40,437] {dag.py:1824} INFO - Sync 1 DAGs
[2024-09-09 21:13:40,459] {logging_mixin.py:104} INFO - [2024-09-09 21:13:40,459] {dag.py:2280} INFO - Setting next_dagrun for example_nested_branch_dag to 2024-09-07 00:00:00+00:00
[2024-09-09 21:13:40,469] {scheduler_job.py:190} INFO - Processing /home/airflow/.local/lib/python3.6/site-packages/airflow/example_dags/example_nested_branch_dag.py took 0.081 seconds
[2024-09-09 21:14:11,122] {scheduler_job.py:182} INFO - Started process (PID=187) to work on /home/airflow/.local/lib/python3.6/site-packages/airflow/example_dags/example_nested_branch_dag.py
[2024-09-09 21:14:11,123] {scheduler_job.py:629} INFO - Processing file /home/airflow/.local/lib/python3.6/site-packages/airflow/example_dags/example_nested_branch_dag.py for tasks to queue
[2024-09-09 21:14:11,124] {logging_mixin.py:104} INFO - [2024-09-09 21:14:11,124] {dagbag.py:451} INFO - Filling up the DagBag from /home/airflow/.local/lib/python3.6/site-packages/airflow/example_dags/example_nested_branch_dag.py
[2024-09-09 21:14:11,141] {scheduler_job.py:639} INFO - DAG(s) dict_keys(['example_nested_branch_dag']) retrieved from /home/airflow/.local/lib/python3.6/site-packages/airflow/example_dags/example_nested_branch_dag.py
[2024-09-09 21:14:11,170] {logging_mixin.py:104} INFO - [2024-09-09 21:14:11,170] {dag.py:1824} INFO - Sync 1 DAGs
[2024-09-09 21:14:11,192] {logging_mixin.py:104} INFO - [2024-09-09 21:14:11,192] {dag.py:2280} INFO - Setting next_dagrun for example_nested_branch_dag to 2024-09-07 00:00:00+00:00
[2024-09-09 21:14:11,203] {scheduler_job.py:190} INFO - Processing /home/airflow/.local/lib/python3.6/site-packages/airflow/example_dags/example_nested_branch_dag.py took 0.085 seconds
[2024-09-09 21:14:41,392] {scheduler_job.py:182} INFO - Started process (PID=215) to work on /home/airflow/.local/lib/python3.6/site-packages/airflow/example_dags/example_nested_branch_dag.py
[2024-09-09 21:14:41,393] {scheduler_job.py:629} INFO - Processing file /home/airflow/.local/lib/python3.6/site-packages/airflow/example_dags/example_nested_branch_dag.py for tasks to queue
[2024-09-09 21:14:41,394] {logging_mixin.py:104} INFO - [2024-09-09 21:14:41,394] {dagbag.py:451} INFO - Filling up the DagBag from /home/airflow/.local/lib/python3.6/site-packages/airflow/example_dags/example_nested_branch_dag.py
[2024-09-09 21:14:41,410] {scheduler_job.py:639} INFO - DAG(s) dict_keys(['example_nested_branch_dag']) retrieved from /home/airflow/.local/lib/python3.6/site-packages/airflow/example_dags/example_nested_branch_dag.py
[2024-09-09 21:14:41,439] {logging_mixin.py:104} INFO - [2024-09-09 21:14:41,439] {dag.py:1824} INFO - Sync 1 DAGs
[2024-09-09 21:14:41,462] {logging_mixin.py:104} INFO - [2024-09-09 21:14:41,462] {dag.py:2280} INFO - Setting next_dagrun for example_nested_branch_dag to 2024-09-07 00:00:00+00:00
[2024-09-09 21:14:41,473] {scheduler_job.py:190} INFO - Processing /home/airflow/.local/lib/python3.6/site-packages/airflow/example_dags/example_nested_branch_dag.py took 0.084 seconds
