[2024-09-09 09:52:27,424] {scheduler_job.py:182} INFO - Started process (PID=54) to work on /home/airflow/.local/lib/python3.6/site-packages/airflow/example_dags/example_trigger_target_dag.py
[2024-09-09 09:52:27,425] {scheduler_job.py:629} INFO - Processing file /home/airflow/.local/lib/python3.6/site-packages/airflow/example_dags/example_trigger_target_dag.py for tasks to queue
[2024-09-09 09:52:27,426] {logging_mixin.py:104} INFO - [2024-09-09 09:52:27,426] {dagbag.py:451} INFO - Filling up the DagBag from /home/airflow/.local/lib/python3.6/site-packages/airflow/example_dags/example_trigger_target_dag.py
[2024-09-09 09:52:27,439] {scheduler_job.py:639} INFO - DAG(s) dict_keys(['example_trigger_target_dag']) retrieved from /home/airflow/.local/lib/python3.6/site-packages/airflow/example_dags/example_trigger_target_dag.py
[2024-09-09 09:52:27,481] {logging_mixin.py:104} INFO - [2024-09-09 09:52:27,481] {dag.py:1824} INFO - Sync 1 DAGs
[2024-09-09 09:52:27,502] {logging_mixin.py:104} INFO - [2024-09-09 09:52:27,501] {dag.py:1843} INFO - Creating ORM DAG for example_trigger_target_dag
[2024-09-09 09:52:27,511] {logging_mixin.py:104} INFO - [2024-09-09 09:52:27,511] {dag.py:2280} INFO - Setting next_dagrun for example_trigger_target_dag to None
[2024-09-09 09:52:27,545] {scheduler_job.py:190} INFO - Processing /home/airflow/.local/lib/python3.6/site-packages/airflow/example_dags/example_trigger_target_dag.py took 0.125 seconds
[2024-09-09 09:52:58,180] {scheduler_job.py:182} INFO - Started process (PID=83) to work on /home/airflow/.local/lib/python3.6/site-packages/airflow/example_dags/example_trigger_target_dag.py
[2024-09-09 09:52:58,181] {scheduler_job.py:629} INFO - Processing file /home/airflow/.local/lib/python3.6/site-packages/airflow/example_dags/example_trigger_target_dag.py for tasks to queue
[2024-09-09 09:52:58,182] {logging_mixin.py:104} INFO - [2024-09-09 09:52:58,182] {dagbag.py:451} INFO - Filling up the DagBag from /home/airflow/.local/lib/python3.6/site-packages/airflow/example_dags/example_trigger_target_dag.py
[2024-09-09 09:52:58,199] {scheduler_job.py:639} INFO - DAG(s) dict_keys(['example_trigger_target_dag']) retrieved from /home/airflow/.local/lib/python3.6/site-packages/airflow/example_dags/example_trigger_target_dag.py
[2024-09-09 09:52:58,228] {logging_mixin.py:104} INFO - [2024-09-09 09:52:58,228] {dag.py:1824} INFO - Sync 1 DAGs
[2024-09-09 09:52:58,252] {logging_mixin.py:104} INFO - [2024-09-09 09:52:58,251] {dag.py:2280} INFO - Setting next_dagrun for example_trigger_target_dag to None
[2024-09-09 09:52:58,268] {scheduler_job.py:190} INFO - Processing /home/airflow/.local/lib/python3.6/site-packages/airflow/example_dags/example_trigger_target_dag.py took 0.092 seconds
[2024-09-09 20:51:41,976] {scheduler_job.py:182} INFO - Started process (PID=45) to work on /home/airflow/.local/lib/python3.6/site-packages/airflow/example_dags/example_trigger_target_dag.py
[2024-09-09 20:51:41,977] {scheduler_job.py:629} INFO - Processing file /home/airflow/.local/lib/python3.6/site-packages/airflow/example_dags/example_trigger_target_dag.py for tasks to queue
[2024-09-09 20:51:41,978] {logging_mixin.py:104} INFO - [2024-09-09 20:51:41,978] {dagbag.py:451} INFO - Filling up the DagBag from /home/airflow/.local/lib/python3.6/site-packages/airflow/example_dags/example_trigger_target_dag.py
[2024-09-09 20:51:41,991] {scheduler_job.py:639} INFO - DAG(s) dict_keys(['example_trigger_target_dag']) retrieved from /home/airflow/.local/lib/python3.6/site-packages/airflow/example_dags/example_trigger_target_dag.py
[2024-09-09 20:51:42,014] {logging_mixin.py:104} INFO - [2024-09-09 20:51:42,014] {dag.py:1824} INFO - Sync 1 DAGs
[2024-09-09 20:51:42,034] {logging_mixin.py:104} INFO - [2024-09-09 20:51:42,033] {dag.py:2280} INFO - Setting next_dagrun for example_trigger_target_dag to None
[2024-09-09 20:51:42,044] {scheduler_job.py:190} INFO - Processing /home/airflow/.local/lib/python3.6/site-packages/airflow/example_dags/example_trigger_target_dag.py took 0.072 seconds
[2024-09-09 20:52:12,831] {scheduler_job.py:182} INFO - Started process (PID=77) to work on /home/airflow/.local/lib/python3.6/site-packages/airflow/example_dags/example_trigger_target_dag.py
[2024-09-09 20:52:12,832] {scheduler_job.py:629} INFO - Processing file /home/airflow/.local/lib/python3.6/site-packages/airflow/example_dags/example_trigger_target_dag.py for tasks to queue
[2024-09-09 20:52:12,833] {logging_mixin.py:104} INFO - [2024-09-09 20:52:12,833] {dagbag.py:451} INFO - Filling up the DagBag from /home/airflow/.local/lib/python3.6/site-packages/airflow/example_dags/example_trigger_target_dag.py
[2024-09-09 20:52:12,844] {scheduler_job.py:639} INFO - DAG(s) dict_keys(['example_trigger_target_dag']) retrieved from /home/airflow/.local/lib/python3.6/site-packages/airflow/example_dags/example_trigger_target_dag.py
[2024-09-09 20:52:12,867] {logging_mixin.py:104} INFO - [2024-09-09 20:52:12,867] {dag.py:1824} INFO - Sync 1 DAGs
[2024-09-09 20:52:12,887] {logging_mixin.py:104} INFO - [2024-09-09 20:52:12,887] {dag.py:2280} INFO - Setting next_dagrun for example_trigger_target_dag to None
[2024-09-09 20:52:12,899] {scheduler_job.py:190} INFO - Processing /home/airflow/.local/lib/python3.6/site-packages/airflow/example_dags/example_trigger_target_dag.py took 0.072 seconds
[2024-09-09 20:52:43,230] {scheduler_job.py:182} INFO - Started process (PID=104) to work on /home/airflow/.local/lib/python3.6/site-packages/airflow/example_dags/example_trigger_target_dag.py
[2024-09-09 20:52:43,231] {scheduler_job.py:629} INFO - Processing file /home/airflow/.local/lib/python3.6/site-packages/airflow/example_dags/example_trigger_target_dag.py for tasks to queue
[2024-09-09 20:52:43,231] {logging_mixin.py:104} INFO - [2024-09-09 20:52:43,231] {dagbag.py:451} INFO - Filling up the DagBag from /home/airflow/.local/lib/python3.6/site-packages/airflow/example_dags/example_trigger_target_dag.py
[2024-09-09 20:52:43,242] {scheduler_job.py:639} INFO - DAG(s) dict_keys(['example_trigger_target_dag']) retrieved from /home/airflow/.local/lib/python3.6/site-packages/airflow/example_dags/example_trigger_target_dag.py
[2024-09-09 20:52:43,263] {logging_mixin.py:104} INFO - [2024-09-09 20:52:43,263] {dag.py:1824} INFO - Sync 1 DAGs
[2024-09-09 20:52:43,281] {logging_mixin.py:104} INFO - [2024-09-09 20:52:43,281] {dag.py:2280} INFO - Setting next_dagrun for example_trigger_target_dag to None
[2024-09-09 20:52:43,290] {scheduler_job.py:190} INFO - Processing /home/airflow/.local/lib/python3.6/site-packages/airflow/example_dags/example_trigger_target_dag.py took 0.063 seconds
[2024-09-09 20:53:13,826] {scheduler_job.py:182} INFO - Started process (PID=136) to work on /home/airflow/.local/lib/python3.6/site-packages/airflow/example_dags/example_trigger_target_dag.py
[2024-09-09 20:53:13,827] {scheduler_job.py:629} INFO - Processing file /home/airflow/.local/lib/python3.6/site-packages/airflow/example_dags/example_trigger_target_dag.py for tasks to queue
[2024-09-09 20:53:13,828] {logging_mixin.py:104} INFO - [2024-09-09 20:53:13,828] {dagbag.py:451} INFO - Filling up the DagBag from /home/airflow/.local/lib/python3.6/site-packages/airflow/example_dags/example_trigger_target_dag.py
[2024-09-09 20:53:13,840] {scheduler_job.py:639} INFO - DAG(s) dict_keys(['example_trigger_target_dag']) retrieved from /home/airflow/.local/lib/python3.6/site-packages/airflow/example_dags/example_trigger_target_dag.py
[2024-09-09 20:53:13,863] {logging_mixin.py:104} INFO - [2024-09-09 20:53:13,863] {dag.py:1824} INFO - Sync 1 DAGs
[2024-09-09 20:53:13,884] {logging_mixin.py:104} INFO - [2024-09-09 20:53:13,884] {dag.py:2280} INFO - Setting next_dagrun for example_trigger_target_dag to None
[2024-09-09 20:53:13,895] {scheduler_job.py:190} INFO - Processing /home/airflow/.local/lib/python3.6/site-packages/airflow/example_dags/example_trigger_target_dag.py took 0.073 seconds
[2024-09-09 20:53:44,210] {scheduler_job.py:182} INFO - Started process (PID=161) to work on /home/airflow/.local/lib/python3.6/site-packages/airflow/example_dags/example_trigger_target_dag.py
[2024-09-09 20:53:44,211] {scheduler_job.py:629} INFO - Processing file /home/airflow/.local/lib/python3.6/site-packages/airflow/example_dags/example_trigger_target_dag.py for tasks to queue
[2024-09-09 20:53:44,212] {logging_mixin.py:104} INFO - [2024-09-09 20:53:44,212] {dagbag.py:451} INFO - Filling up the DagBag from /home/airflow/.local/lib/python3.6/site-packages/airflow/example_dags/example_trigger_target_dag.py
[2024-09-09 20:53:44,223] {scheduler_job.py:639} INFO - DAG(s) dict_keys(['example_trigger_target_dag']) retrieved from /home/airflow/.local/lib/python3.6/site-packages/airflow/example_dags/example_trigger_target_dag.py
[2024-09-09 20:53:44,245] {logging_mixin.py:104} INFO - [2024-09-09 20:53:44,245] {dag.py:1824} INFO - Sync 1 DAGs
[2024-09-09 20:53:44,267] {logging_mixin.py:104} INFO - [2024-09-09 20:53:44,267] {dag.py:2280} INFO - Setting next_dagrun for example_trigger_target_dag to None
[2024-09-09 20:53:44,281] {scheduler_job.py:190} INFO - Processing /home/airflow/.local/lib/python3.6/site-packages/airflow/example_dags/example_trigger_target_dag.py took 0.074 seconds
[2024-09-09 20:54:14,583] {scheduler_job.py:182} INFO - Started process (PID=188) to work on /home/airflow/.local/lib/python3.6/site-packages/airflow/example_dags/example_trigger_target_dag.py
[2024-09-09 20:54:14,585] {scheduler_job.py:629} INFO - Processing file /home/airflow/.local/lib/python3.6/site-packages/airflow/example_dags/example_trigger_target_dag.py for tasks to queue
[2024-09-09 20:54:14,586] {logging_mixin.py:104} INFO - [2024-09-09 20:54:14,586] {dagbag.py:451} INFO - Filling up the DagBag from /home/airflow/.local/lib/python3.6/site-packages/airflow/example_dags/example_trigger_target_dag.py
[2024-09-09 20:54:14,601] {scheduler_job.py:639} INFO - DAG(s) dict_keys(['example_trigger_target_dag']) retrieved from /home/airflow/.local/lib/python3.6/site-packages/airflow/example_dags/example_trigger_target_dag.py
[2024-09-09 20:54:14,630] {logging_mixin.py:104} INFO - [2024-09-09 20:54:14,630] {dag.py:1824} INFO - Sync 1 DAGs
[2024-09-09 20:54:14,646] {logging_mixin.py:104} INFO - [2024-09-09 20:54:14,646] {dag.py:2280} INFO - Setting next_dagrun for example_trigger_target_dag to None
[2024-09-09 20:54:14,656] {scheduler_job.py:190} INFO - Processing /home/airflow/.local/lib/python3.6/site-packages/airflow/example_dags/example_trigger_target_dag.py took 0.077 seconds
[2024-09-09 20:54:45,247] {scheduler_job.py:182} INFO - Started process (PID=218) to work on /home/airflow/.local/lib/python3.6/site-packages/airflow/example_dags/example_trigger_target_dag.py
[2024-09-09 20:54:45,248] {scheduler_job.py:629} INFO - Processing file /home/airflow/.local/lib/python3.6/site-packages/airflow/example_dags/example_trigger_target_dag.py for tasks to queue
[2024-09-09 20:54:45,249] {logging_mixin.py:104} INFO - [2024-09-09 20:54:45,248] {dagbag.py:451} INFO - Filling up the DagBag from /home/airflow/.local/lib/python3.6/site-packages/airflow/example_dags/example_trigger_target_dag.py
[2024-09-09 20:54:45,260] {scheduler_job.py:639} INFO - DAG(s) dict_keys(['example_trigger_target_dag']) retrieved from /home/airflow/.local/lib/python3.6/site-packages/airflow/example_dags/example_trigger_target_dag.py
[2024-09-09 20:54:45,283] {logging_mixin.py:104} INFO - [2024-09-09 20:54:45,283] {dag.py:1824} INFO - Sync 1 DAGs
[2024-09-09 20:54:45,298] {logging_mixin.py:104} INFO - [2024-09-09 20:54:45,298] {dag.py:2280} INFO - Setting next_dagrun for example_trigger_target_dag to None
[2024-09-09 20:54:45,308] {scheduler_job.py:190} INFO - Processing /home/airflow/.local/lib/python3.6/site-packages/airflow/example_dags/example_trigger_target_dag.py took 0.064 seconds
[2024-09-09 20:55:15,766] {scheduler_job.py:182} INFO - Started process (PID=247) to work on /home/airflow/.local/lib/python3.6/site-packages/airflow/example_dags/example_trigger_target_dag.py
[2024-09-09 20:55:15,767] {scheduler_job.py:629} INFO - Processing file /home/airflow/.local/lib/python3.6/site-packages/airflow/example_dags/example_trigger_target_dag.py for tasks to queue
[2024-09-09 20:55:15,768] {logging_mixin.py:104} INFO - [2024-09-09 20:55:15,768] {dagbag.py:451} INFO - Filling up the DagBag from /home/airflow/.local/lib/python3.6/site-packages/airflow/example_dags/example_trigger_target_dag.py
[2024-09-09 20:55:15,779] {scheduler_job.py:639} INFO - DAG(s) dict_keys(['example_trigger_target_dag']) retrieved from /home/airflow/.local/lib/python3.6/site-packages/airflow/example_dags/example_trigger_target_dag.py
[2024-09-09 20:55:15,802] {logging_mixin.py:104} INFO - [2024-09-09 20:55:15,802] {dag.py:1824} INFO - Sync 1 DAGs
[2024-09-09 20:55:15,817] {logging_mixin.py:104} INFO - [2024-09-09 20:55:15,817] {dag.py:2280} INFO - Setting next_dagrun for example_trigger_target_dag to None
[2024-09-09 20:55:15,827] {scheduler_job.py:190} INFO - Processing /home/airflow/.local/lib/python3.6/site-packages/airflow/example_dags/example_trigger_target_dag.py took 0.064 seconds
[2024-09-09 20:55:46,007] {scheduler_job.py:182} INFO - Started process (PID=273) to work on /home/airflow/.local/lib/python3.6/site-packages/airflow/example_dags/example_trigger_target_dag.py
[2024-09-09 20:55:46,009] {scheduler_job.py:629} INFO - Processing file /home/airflow/.local/lib/python3.6/site-packages/airflow/example_dags/example_trigger_target_dag.py for tasks to queue
[2024-09-09 20:55:46,009] {logging_mixin.py:104} INFO - [2024-09-09 20:55:46,009] {dagbag.py:451} INFO - Filling up the DagBag from /home/airflow/.local/lib/python3.6/site-packages/airflow/example_dags/example_trigger_target_dag.py
[2024-09-09 20:55:46,022] {scheduler_job.py:639} INFO - DAG(s) dict_keys(['example_trigger_target_dag']) retrieved from /home/airflow/.local/lib/python3.6/site-packages/airflow/example_dags/example_trigger_target_dag.py
[2024-09-09 20:55:46,046] {logging_mixin.py:104} INFO - [2024-09-09 20:55:46,046] {dag.py:1824} INFO - Sync 1 DAGs
[2024-09-09 20:55:46,062] {logging_mixin.py:104} INFO - [2024-09-09 20:55:46,062] {dag.py:2280} INFO - Setting next_dagrun for example_trigger_target_dag to None
[2024-09-09 20:55:46,072] {scheduler_job.py:190} INFO - Processing /home/airflow/.local/lib/python3.6/site-packages/airflow/example_dags/example_trigger_target_dag.py took 0.069 seconds
[2024-09-09 20:56:16,384] {scheduler_job.py:182} INFO - Started process (PID=300) to work on /home/airflow/.local/lib/python3.6/site-packages/airflow/example_dags/example_trigger_target_dag.py
[2024-09-09 20:56:16,385] {scheduler_job.py:629} INFO - Processing file /home/airflow/.local/lib/python3.6/site-packages/airflow/example_dags/example_trigger_target_dag.py for tasks to queue
[2024-09-09 20:56:16,386] {logging_mixin.py:104} INFO - [2024-09-09 20:56:16,386] {dagbag.py:451} INFO - Filling up the DagBag from /home/airflow/.local/lib/python3.6/site-packages/airflow/example_dags/example_trigger_target_dag.py
[2024-09-09 20:56:16,406] {scheduler_job.py:639} INFO - DAG(s) dict_keys(['example_trigger_target_dag']) retrieved from /home/airflow/.local/lib/python3.6/site-packages/airflow/example_dags/example_trigger_target_dag.py
[2024-09-09 20:56:16,449] {logging_mixin.py:104} INFO - [2024-09-09 20:56:16,449] {dag.py:1824} INFO - Sync 1 DAGs
[2024-09-09 20:56:16,467] {logging_mixin.py:104} INFO - [2024-09-09 20:56:16,467] {dag.py:2280} INFO - Setting next_dagrun for example_trigger_target_dag to None
[2024-09-09 20:56:16,483] {scheduler_job.py:190} INFO - Processing /home/airflow/.local/lib/python3.6/site-packages/airflow/example_dags/example_trigger_target_dag.py took 0.103 seconds
[2024-09-09 20:56:46,615] {scheduler_job.py:182} INFO - Started process (PID=323) to work on /home/airflow/.local/lib/python3.6/site-packages/airflow/example_dags/example_trigger_target_dag.py
[2024-09-09 20:56:46,616] {scheduler_job.py:629} INFO - Processing file /home/airflow/.local/lib/python3.6/site-packages/airflow/example_dags/example_trigger_target_dag.py for tasks to queue
[2024-09-09 20:56:46,617] {logging_mixin.py:104} INFO - [2024-09-09 20:56:46,617] {dagbag.py:451} INFO - Filling up the DagBag from /home/airflow/.local/lib/python3.6/site-packages/airflow/example_dags/example_trigger_target_dag.py
[2024-09-09 20:56:46,632] {scheduler_job.py:639} INFO - DAG(s) dict_keys(['example_trigger_target_dag']) retrieved from /home/airflow/.local/lib/python3.6/site-packages/airflow/example_dags/example_trigger_target_dag.py
[2024-09-09 20:56:46,652] {logging_mixin.py:104} INFO - [2024-09-09 20:56:46,652] {dag.py:1824} INFO - Sync 1 DAGs
[2024-09-09 20:56:46,667] {logging_mixin.py:104} INFO - [2024-09-09 20:56:46,667] {dag.py:2280} INFO - Setting next_dagrun for example_trigger_target_dag to None
[2024-09-09 20:56:46,676] {scheduler_job.py:190} INFO - Processing /home/airflow/.local/lib/python3.6/site-packages/airflow/example_dags/example_trigger_target_dag.py took 0.065 seconds
[2024-09-09 20:57:17,154] {scheduler_job.py:182} INFO - Started process (PID=350) to work on /home/airflow/.local/lib/python3.6/site-packages/airflow/example_dags/example_trigger_target_dag.py
[2024-09-09 20:57:17,156] {scheduler_job.py:629} INFO - Processing file /home/airflow/.local/lib/python3.6/site-packages/airflow/example_dags/example_trigger_target_dag.py for tasks to queue
[2024-09-09 20:57:17,157] {logging_mixin.py:104} INFO - [2024-09-09 20:57:17,157] {dagbag.py:451} INFO - Filling up the DagBag from /home/airflow/.local/lib/python3.6/site-packages/airflow/example_dags/example_trigger_target_dag.py
[2024-09-09 20:57:17,175] {scheduler_job.py:639} INFO - DAG(s) dict_keys(['example_trigger_target_dag']) retrieved from /home/airflow/.local/lib/python3.6/site-packages/airflow/example_dags/example_trigger_target_dag.py
[2024-09-09 20:57:17,197] {logging_mixin.py:104} INFO - [2024-09-09 20:57:17,197] {dag.py:1824} INFO - Sync 1 DAGs
[2024-09-09 20:57:17,213] {logging_mixin.py:104} INFO - [2024-09-09 20:57:17,213] {dag.py:2280} INFO - Setting next_dagrun for example_trigger_target_dag to None
[2024-09-09 20:57:17,223] {scheduler_job.py:190} INFO - Processing /home/airflow/.local/lib/python3.6/site-packages/airflow/example_dags/example_trigger_target_dag.py took 0.072 seconds
[2024-09-09 20:57:47,889] {scheduler_job.py:182} INFO - Started process (PID=382) to work on /home/airflow/.local/lib/python3.6/site-packages/airflow/example_dags/example_trigger_target_dag.py
[2024-09-09 20:57:47,890] {scheduler_job.py:629} INFO - Processing file /home/airflow/.local/lib/python3.6/site-packages/airflow/example_dags/example_trigger_target_dag.py for tasks to queue
[2024-09-09 20:57:47,891] {logging_mixin.py:104} INFO - [2024-09-09 20:57:47,890] {dagbag.py:451} INFO - Filling up the DagBag from /home/airflow/.local/lib/python3.6/site-packages/airflow/example_dags/example_trigger_target_dag.py
[2024-09-09 20:57:47,905] {scheduler_job.py:639} INFO - DAG(s) dict_keys(['example_trigger_target_dag']) retrieved from /home/airflow/.local/lib/python3.6/site-packages/airflow/example_dags/example_trigger_target_dag.py
[2024-09-09 20:57:47,926] {logging_mixin.py:104} INFO - [2024-09-09 20:57:47,926] {dag.py:1824} INFO - Sync 1 DAGs
[2024-09-09 20:57:47,940] {logging_mixin.py:104} INFO - [2024-09-09 20:57:47,940] {dag.py:2280} INFO - Setting next_dagrun for example_trigger_target_dag to None
[2024-09-09 20:57:47,951] {scheduler_job.py:190} INFO - Processing /home/airflow/.local/lib/python3.6/site-packages/airflow/example_dags/example_trigger_target_dag.py took 0.065 seconds
[2024-09-09 20:58:18,233] {scheduler_job.py:182} INFO - Started process (PID=409) to work on /home/airflow/.local/lib/python3.6/site-packages/airflow/example_dags/example_trigger_target_dag.py
[2024-09-09 20:58:18,234] {scheduler_job.py:629} INFO - Processing file /home/airflow/.local/lib/python3.6/site-packages/airflow/example_dags/example_trigger_target_dag.py for tasks to queue
[2024-09-09 20:58:18,235] {logging_mixin.py:104} INFO - [2024-09-09 20:58:18,235] {dagbag.py:451} INFO - Filling up the DagBag from /home/airflow/.local/lib/python3.6/site-packages/airflow/example_dags/example_trigger_target_dag.py
[2024-09-09 20:58:18,249] {scheduler_job.py:639} INFO - DAG(s) dict_keys(['example_trigger_target_dag']) retrieved from /home/airflow/.local/lib/python3.6/site-packages/airflow/example_dags/example_trigger_target_dag.py
[2024-09-09 20:58:18,271] {logging_mixin.py:104} INFO - [2024-09-09 20:58:18,271] {dag.py:1824} INFO - Sync 1 DAGs
[2024-09-09 20:58:18,291] {logging_mixin.py:104} INFO - [2024-09-09 20:58:18,291] {dag.py:2280} INFO - Setting next_dagrun for example_trigger_target_dag to None
[2024-09-09 20:58:18,300] {scheduler_job.py:190} INFO - Processing /home/airflow/.local/lib/python3.6/site-packages/airflow/example_dags/example_trigger_target_dag.py took 0.070 seconds
[2024-09-09 20:58:48,644] {scheduler_job.py:182} INFO - Started process (PID=436) to work on /home/airflow/.local/lib/python3.6/site-packages/airflow/example_dags/example_trigger_target_dag.py
[2024-09-09 20:58:48,649] {scheduler_job.py:629} INFO - Processing file /home/airflow/.local/lib/python3.6/site-packages/airflow/example_dags/example_trigger_target_dag.py for tasks to queue
[2024-09-09 20:58:48,650] {logging_mixin.py:104} INFO - [2024-09-09 20:58:48,650] {dagbag.py:451} INFO - Filling up the DagBag from /home/airflow/.local/lib/python3.6/site-packages/airflow/example_dags/example_trigger_target_dag.py
[2024-09-09 20:58:48,661] {scheduler_job.py:639} INFO - DAG(s) dict_keys(['example_trigger_target_dag']) retrieved from /home/airflow/.local/lib/python3.6/site-packages/airflow/example_dags/example_trigger_target_dag.py
[2024-09-09 20:58:48,684] {logging_mixin.py:104} INFO - [2024-09-09 20:58:48,684] {dag.py:1824} INFO - Sync 1 DAGs
[2024-09-09 20:58:48,700] {logging_mixin.py:104} INFO - [2024-09-09 20:58:48,699] {dag.py:2280} INFO - Setting next_dagrun for example_trigger_target_dag to None
[2024-09-09 20:58:48,709] {scheduler_job.py:190} INFO - Processing /home/airflow/.local/lib/python3.6/site-packages/airflow/example_dags/example_trigger_target_dag.py took 0.068 seconds
[2024-09-09 20:59:19,030] {scheduler_job.py:182} INFO - Started process (PID=463) to work on /home/airflow/.local/lib/python3.6/site-packages/airflow/example_dags/example_trigger_target_dag.py
[2024-09-09 20:59:19,031] {scheduler_job.py:629} INFO - Processing file /home/airflow/.local/lib/python3.6/site-packages/airflow/example_dags/example_trigger_target_dag.py for tasks to queue
[2024-09-09 20:59:19,032] {logging_mixin.py:104} INFO - [2024-09-09 20:59:19,032] {dagbag.py:451} INFO - Filling up the DagBag from /home/airflow/.local/lib/python3.6/site-packages/airflow/example_dags/example_trigger_target_dag.py
[2024-09-09 20:59:19,044] {scheduler_job.py:639} INFO - DAG(s) dict_keys(['example_trigger_target_dag']) retrieved from /home/airflow/.local/lib/python3.6/site-packages/airflow/example_dags/example_trigger_target_dag.py
[2024-09-09 20:59:19,067] {logging_mixin.py:104} INFO - [2024-09-09 20:59:19,067] {dag.py:1824} INFO - Sync 1 DAGs
[2024-09-09 20:59:19,083] {logging_mixin.py:104} INFO - [2024-09-09 20:59:19,083] {dag.py:2280} INFO - Setting next_dagrun for example_trigger_target_dag to None
[2024-09-09 20:59:19,092] {scheduler_job.py:190} INFO - Processing /home/airflow/.local/lib/python3.6/site-packages/airflow/example_dags/example_trigger_target_dag.py took 0.067 seconds
[2024-09-09 20:59:49,341] {scheduler_job.py:182} INFO - Started process (PID=490) to work on /home/airflow/.local/lib/python3.6/site-packages/airflow/example_dags/example_trigger_target_dag.py
[2024-09-09 20:59:49,342] {scheduler_job.py:629} INFO - Processing file /home/airflow/.local/lib/python3.6/site-packages/airflow/example_dags/example_trigger_target_dag.py for tasks to queue
[2024-09-09 20:59:49,343] {logging_mixin.py:104} INFO - [2024-09-09 20:59:49,342] {dagbag.py:451} INFO - Filling up the DagBag from /home/airflow/.local/lib/python3.6/site-packages/airflow/example_dags/example_trigger_target_dag.py
[2024-09-09 20:59:49,354] {scheduler_job.py:639} INFO - DAG(s) dict_keys(['example_trigger_target_dag']) retrieved from /home/airflow/.local/lib/python3.6/site-packages/airflow/example_dags/example_trigger_target_dag.py
[2024-09-09 20:59:49,377] {logging_mixin.py:104} INFO - [2024-09-09 20:59:49,377] {dag.py:1824} INFO - Sync 1 DAGs
[2024-09-09 20:59:49,393] {logging_mixin.py:104} INFO - [2024-09-09 20:59:49,393] {dag.py:2280} INFO - Setting next_dagrun for example_trigger_target_dag to None
[2024-09-09 20:59:49,403] {scheduler_job.py:190} INFO - Processing /home/airflow/.local/lib/python3.6/site-packages/airflow/example_dags/example_trigger_target_dag.py took 0.066 seconds
[2024-09-09 21:00:19,592] {scheduler_job.py:182} INFO - Started process (PID=515) to work on /home/airflow/.local/lib/python3.6/site-packages/airflow/example_dags/example_trigger_target_dag.py
[2024-09-09 21:00:19,593] {scheduler_job.py:629} INFO - Processing file /home/airflow/.local/lib/python3.6/site-packages/airflow/example_dags/example_trigger_target_dag.py for tasks to queue
[2024-09-09 21:00:19,594] {logging_mixin.py:104} INFO - [2024-09-09 21:00:19,594] {dagbag.py:451} INFO - Filling up the DagBag from /home/airflow/.local/lib/python3.6/site-packages/airflow/example_dags/example_trigger_target_dag.py
[2024-09-09 21:00:19,606] {scheduler_job.py:639} INFO - DAG(s) dict_keys(['example_trigger_target_dag']) retrieved from /home/airflow/.local/lib/python3.6/site-packages/airflow/example_dags/example_trigger_target_dag.py
[2024-09-09 21:00:19,629] {logging_mixin.py:104} INFO - [2024-09-09 21:00:19,629] {dag.py:1824} INFO - Sync 1 DAGs
[2024-09-09 21:00:19,646] {logging_mixin.py:104} INFO - [2024-09-09 21:00:19,646] {dag.py:2280} INFO - Setting next_dagrun for example_trigger_target_dag to None
[2024-09-09 21:00:19,657] {scheduler_job.py:190} INFO - Processing /home/airflow/.local/lib/python3.6/site-packages/airflow/example_dags/example_trigger_target_dag.py took 0.068 seconds
[2024-09-09 21:00:49,972] {scheduler_job.py:182} INFO - Started process (PID=543) to work on /home/airflow/.local/lib/python3.6/site-packages/airflow/example_dags/example_trigger_target_dag.py
[2024-09-09 21:00:49,973] {scheduler_job.py:629} INFO - Processing file /home/airflow/.local/lib/python3.6/site-packages/airflow/example_dags/example_trigger_target_dag.py for tasks to queue
[2024-09-09 21:00:49,974] {logging_mixin.py:104} INFO - [2024-09-09 21:00:49,974] {dagbag.py:451} INFO - Filling up the DagBag from /home/airflow/.local/lib/python3.6/site-packages/airflow/example_dags/example_trigger_target_dag.py
[2024-09-09 21:00:49,989] {scheduler_job.py:639} INFO - DAG(s) dict_keys(['example_trigger_target_dag']) retrieved from /home/airflow/.local/lib/python3.6/site-packages/airflow/example_dags/example_trigger_target_dag.py
[2024-09-09 21:00:50,032] {logging_mixin.py:104} INFO - [2024-09-09 21:00:50,032] {dag.py:1824} INFO - Sync 1 DAGs
[2024-09-09 21:00:50,057] {logging_mixin.py:104} INFO - [2024-09-09 21:00:50,056] {dag.py:2280} INFO - Setting next_dagrun for example_trigger_target_dag to None
[2024-09-09 21:00:50,071] {scheduler_job.py:190} INFO - Processing /home/airflow/.local/lib/python3.6/site-packages/airflow/example_dags/example_trigger_target_dag.py took 0.102 seconds
[2024-09-09 21:01:20,333] {scheduler_job.py:182} INFO - Started process (PID=569) to work on /home/airflow/.local/lib/python3.6/site-packages/airflow/example_dags/example_trigger_target_dag.py
[2024-09-09 21:01:20,334] {scheduler_job.py:629} INFO - Processing file /home/airflow/.local/lib/python3.6/site-packages/airflow/example_dags/example_trigger_target_dag.py for tasks to queue
[2024-09-09 21:01:20,335] {logging_mixin.py:104} INFO - [2024-09-09 21:01:20,335] {dagbag.py:451} INFO - Filling up the DagBag from /home/airflow/.local/lib/python3.6/site-packages/airflow/example_dags/example_trigger_target_dag.py
[2024-09-09 21:01:20,348] {scheduler_job.py:639} INFO - DAG(s) dict_keys(['example_trigger_target_dag']) retrieved from /home/airflow/.local/lib/python3.6/site-packages/airflow/example_dags/example_trigger_target_dag.py
[2024-09-09 21:01:20,371] {logging_mixin.py:104} INFO - [2024-09-09 21:01:20,371] {dag.py:1824} INFO - Sync 1 DAGs
[2024-09-09 21:01:20,388] {logging_mixin.py:104} INFO - [2024-09-09 21:01:20,388] {dag.py:2280} INFO - Setting next_dagrun for example_trigger_target_dag to None
[2024-09-09 21:01:20,397] {scheduler_job.py:190} INFO - Processing /home/airflow/.local/lib/python3.6/site-packages/airflow/example_dags/example_trigger_target_dag.py took 0.067 seconds
[2024-09-09 21:01:50,678] {scheduler_job.py:182} INFO - Started process (PID=598) to work on /home/airflow/.local/lib/python3.6/site-packages/airflow/example_dags/example_trigger_target_dag.py
[2024-09-09 21:01:50,679] {scheduler_job.py:629} INFO - Processing file /home/airflow/.local/lib/python3.6/site-packages/airflow/example_dags/example_trigger_target_dag.py for tasks to queue
[2024-09-09 21:01:50,679] {logging_mixin.py:104} INFO - [2024-09-09 21:01:50,679] {dagbag.py:451} INFO - Filling up the DagBag from /home/airflow/.local/lib/python3.6/site-packages/airflow/example_dags/example_trigger_target_dag.py
[2024-09-09 21:01:50,692] {scheduler_job.py:639} INFO - DAG(s) dict_keys(['example_trigger_target_dag']) retrieved from /home/airflow/.local/lib/python3.6/site-packages/airflow/example_dags/example_trigger_target_dag.py
[2024-09-09 21:01:50,714] {logging_mixin.py:104} INFO - [2024-09-09 21:01:50,714] {dag.py:1824} INFO - Sync 1 DAGs
[2024-09-09 21:01:50,730] {logging_mixin.py:104} INFO - [2024-09-09 21:01:50,730] {dag.py:2280} INFO - Setting next_dagrun for example_trigger_target_dag to None
[2024-09-09 21:01:50,740] {scheduler_job.py:190} INFO - Processing /home/airflow/.local/lib/python3.6/site-packages/airflow/example_dags/example_trigger_target_dag.py took 0.066 seconds
[2024-09-09 21:02:20,989] {scheduler_job.py:182} INFO - Started process (PID=624) to work on /home/airflow/.local/lib/python3.6/site-packages/airflow/example_dags/example_trigger_target_dag.py
[2024-09-09 21:02:20,990] {scheduler_job.py:629} INFO - Processing file /home/airflow/.local/lib/python3.6/site-packages/airflow/example_dags/example_trigger_target_dag.py for tasks to queue
[2024-09-09 21:02:20,991] {logging_mixin.py:104} INFO - [2024-09-09 21:02:20,991] {dagbag.py:451} INFO - Filling up the DagBag from /home/airflow/.local/lib/python3.6/site-packages/airflow/example_dags/example_trigger_target_dag.py
[2024-09-09 21:02:21,005] {scheduler_job.py:639} INFO - DAG(s) dict_keys(['example_trigger_target_dag']) retrieved from /home/airflow/.local/lib/python3.6/site-packages/airflow/example_dags/example_trigger_target_dag.py
[2024-09-09 21:02:21,026] {logging_mixin.py:104} INFO - [2024-09-09 21:02:21,026] {dag.py:1824} INFO - Sync 1 DAGs
[2024-09-09 21:02:21,044] {logging_mixin.py:104} INFO - [2024-09-09 21:02:21,044] {dag.py:2280} INFO - Setting next_dagrun for example_trigger_target_dag to None
[2024-09-09 21:02:21,053] {scheduler_job.py:190} INFO - Processing /home/airflow/.local/lib/python3.6/site-packages/airflow/example_dags/example_trigger_target_dag.py took 0.069 seconds
[2024-09-09 21:02:51,312] {scheduler_job.py:182} INFO - Started process (PID=651) to work on /home/airflow/.local/lib/python3.6/site-packages/airflow/example_dags/example_trigger_target_dag.py
[2024-09-09 21:02:51,313] {scheduler_job.py:629} INFO - Processing file /home/airflow/.local/lib/python3.6/site-packages/airflow/example_dags/example_trigger_target_dag.py for tasks to queue
[2024-09-09 21:02:51,314] {logging_mixin.py:104} INFO - [2024-09-09 21:02:51,314] {dagbag.py:451} INFO - Filling up the DagBag from /home/airflow/.local/lib/python3.6/site-packages/airflow/example_dags/example_trigger_target_dag.py
[2024-09-09 21:02:51,328] {scheduler_job.py:639} INFO - DAG(s) dict_keys(['example_trigger_target_dag']) retrieved from /home/airflow/.local/lib/python3.6/site-packages/airflow/example_dags/example_trigger_target_dag.py
[2024-09-09 21:02:51,349] {logging_mixin.py:104} INFO - [2024-09-09 21:02:51,349] {dag.py:1824} INFO - Sync 1 DAGs
[2024-09-09 21:02:51,367] {logging_mixin.py:104} INFO - [2024-09-09 21:02:51,367] {dag.py:2280} INFO - Setting next_dagrun for example_trigger_target_dag to None
[2024-09-09 21:02:51,377] {scheduler_job.py:190} INFO - Processing /home/airflow/.local/lib/python3.6/site-packages/airflow/example_dags/example_trigger_target_dag.py took 0.069 seconds
[2024-09-09 21:03:21,570] {scheduler_job.py:182} INFO - Started process (PID=677) to work on /home/airflow/.local/lib/python3.6/site-packages/airflow/example_dags/example_trigger_target_dag.py
[2024-09-09 21:03:21,571] {scheduler_job.py:629} INFO - Processing file /home/airflow/.local/lib/python3.6/site-packages/airflow/example_dags/example_trigger_target_dag.py for tasks to queue
[2024-09-09 21:03:21,571] {logging_mixin.py:104} INFO - [2024-09-09 21:03:21,571] {dagbag.py:451} INFO - Filling up the DagBag from /home/airflow/.local/lib/python3.6/site-packages/airflow/example_dags/example_trigger_target_dag.py
[2024-09-09 21:03:21,583] {scheduler_job.py:639} INFO - DAG(s) dict_keys(['example_trigger_target_dag']) retrieved from /home/airflow/.local/lib/python3.6/site-packages/airflow/example_dags/example_trigger_target_dag.py
[2024-09-09 21:03:21,606] {logging_mixin.py:104} INFO - [2024-09-09 21:03:21,605] {dag.py:1824} INFO - Sync 1 DAGs
[2024-09-09 21:03:21,621] {logging_mixin.py:104} INFO - [2024-09-09 21:03:21,621] {dag.py:2280} INFO - Setting next_dagrun for example_trigger_target_dag to None
[2024-09-09 21:03:21,631] {scheduler_job.py:190} INFO - Processing /home/airflow/.local/lib/python3.6/site-packages/airflow/example_dags/example_trigger_target_dag.py took 0.064 seconds
[2024-09-09 21:03:52,020] {scheduler_job.py:182} INFO - Started process (PID=704) to work on /home/airflow/.local/lib/python3.6/site-packages/airflow/example_dags/example_trigger_target_dag.py
[2024-09-09 21:03:52,021] {scheduler_job.py:629} INFO - Processing file /home/airflow/.local/lib/python3.6/site-packages/airflow/example_dags/example_trigger_target_dag.py for tasks to queue
[2024-09-09 21:03:52,022] {logging_mixin.py:104} INFO - [2024-09-09 21:03:52,022] {dagbag.py:451} INFO - Filling up the DagBag from /home/airflow/.local/lib/python3.6/site-packages/airflow/example_dags/example_trigger_target_dag.py
[2024-09-09 21:03:52,033] {scheduler_job.py:639} INFO - DAG(s) dict_keys(['example_trigger_target_dag']) retrieved from /home/airflow/.local/lib/python3.6/site-packages/airflow/example_dags/example_trigger_target_dag.py
[2024-09-09 21:03:52,057] {logging_mixin.py:104} INFO - [2024-09-09 21:03:52,057] {dag.py:1824} INFO - Sync 1 DAGs
[2024-09-09 21:03:52,072] {logging_mixin.py:104} INFO - [2024-09-09 21:03:52,072] {dag.py:2280} INFO - Setting next_dagrun for example_trigger_target_dag to None
[2024-09-09 21:03:52,081] {scheduler_job.py:190} INFO - Processing /home/airflow/.local/lib/python3.6/site-packages/airflow/example_dags/example_trigger_target_dag.py took 0.064 seconds
[2024-09-09 21:04:22,330] {scheduler_job.py:182} INFO - Started process (PID=731) to work on /home/airflow/.local/lib/python3.6/site-packages/airflow/example_dags/example_trigger_target_dag.py
[2024-09-09 21:04:22,331] {scheduler_job.py:629} INFO - Processing file /home/airflow/.local/lib/python3.6/site-packages/airflow/example_dags/example_trigger_target_dag.py for tasks to queue
[2024-09-09 21:04:22,332] {logging_mixin.py:104} INFO - [2024-09-09 21:04:22,331] {dagbag.py:451} INFO - Filling up the DagBag from /home/airflow/.local/lib/python3.6/site-packages/airflow/example_dags/example_trigger_target_dag.py
[2024-09-09 21:04:22,343] {scheduler_job.py:639} INFO - DAG(s) dict_keys(['example_trigger_target_dag']) retrieved from /home/airflow/.local/lib/python3.6/site-packages/airflow/example_dags/example_trigger_target_dag.py
[2024-09-09 21:04:22,364] {logging_mixin.py:104} INFO - [2024-09-09 21:04:22,364] {dag.py:1824} INFO - Sync 1 DAGs
[2024-09-09 21:04:22,382] {logging_mixin.py:104} INFO - [2024-09-09 21:04:22,382] {dag.py:2280} INFO - Setting next_dagrun for example_trigger_target_dag to None
[2024-09-09 21:04:22,392] {scheduler_job.py:190} INFO - Processing /home/airflow/.local/lib/python3.6/site-packages/airflow/example_dags/example_trigger_target_dag.py took 0.066 seconds
[2024-09-09 21:04:52,676] {scheduler_job.py:182} INFO - Started process (PID=758) to work on /home/airflow/.local/lib/python3.6/site-packages/airflow/example_dags/example_trigger_target_dag.py
[2024-09-09 21:04:52,677] {scheduler_job.py:629} INFO - Processing file /home/airflow/.local/lib/python3.6/site-packages/airflow/example_dags/example_trigger_target_dag.py for tasks to queue
[2024-09-09 21:04:52,677] {logging_mixin.py:104} INFO - [2024-09-09 21:04:52,677] {dagbag.py:451} INFO - Filling up the DagBag from /home/airflow/.local/lib/python3.6/site-packages/airflow/example_dags/example_trigger_target_dag.py
[2024-09-09 21:04:52,689] {scheduler_job.py:639} INFO - DAG(s) dict_keys(['example_trigger_target_dag']) retrieved from /home/airflow/.local/lib/python3.6/site-packages/airflow/example_dags/example_trigger_target_dag.py
[2024-09-09 21:04:52,714] {logging_mixin.py:104} INFO - [2024-09-09 21:04:52,714] {dag.py:1824} INFO - Sync 1 DAGs
[2024-09-09 21:04:52,730] {logging_mixin.py:104} INFO - [2024-09-09 21:04:52,730] {dag.py:2280} INFO - Setting next_dagrun for example_trigger_target_dag to None
[2024-09-09 21:04:52,740] {scheduler_job.py:190} INFO - Processing /home/airflow/.local/lib/python3.6/site-packages/airflow/example_dags/example_trigger_target_dag.py took 0.067 seconds
[2024-09-09 21:11:39,331] {scheduler_job.py:182} INFO - Started process (PID=58) to work on /home/airflow/.local/lib/python3.6/site-packages/airflow/example_dags/example_trigger_target_dag.py
[2024-09-09 21:11:39,332] {scheduler_job.py:629} INFO - Processing file /home/airflow/.local/lib/python3.6/site-packages/airflow/example_dags/example_trigger_target_dag.py for tasks to queue
[2024-09-09 21:11:39,332] {logging_mixin.py:104} INFO - [2024-09-09 21:11:39,332] {dagbag.py:451} INFO - Filling up the DagBag from /home/airflow/.local/lib/python3.6/site-packages/airflow/example_dags/example_trigger_target_dag.py
[2024-09-09 21:11:39,342] {scheduler_job.py:639} INFO - DAG(s) dict_keys(['example_trigger_target_dag']) retrieved from /home/airflow/.local/lib/python3.6/site-packages/airflow/example_dags/example_trigger_target_dag.py
[2024-09-09 21:11:39,361] {logging_mixin.py:104} INFO - [2024-09-09 21:11:39,361] {dag.py:1824} INFO - Sync 1 DAGs
[2024-09-09 21:11:39,375] {logging_mixin.py:104} INFO - [2024-09-09 21:11:39,375] {dag.py:2280} INFO - Setting next_dagrun for example_trigger_target_dag to None
[2024-09-09 21:11:39,384] {scheduler_job.py:190} INFO - Processing /home/airflow/.local/lib/python3.6/site-packages/airflow/example_dags/example_trigger_target_dag.py took 0.056 seconds
[2024-09-09 21:12:09,853] {scheduler_job.py:182} INFO - Started process (PID=84) to work on /home/airflow/.local/lib/python3.6/site-packages/airflow/example_dags/example_trigger_target_dag.py
[2024-09-09 21:12:09,854] {scheduler_job.py:629} INFO - Processing file /home/airflow/.local/lib/python3.6/site-packages/airflow/example_dags/example_trigger_target_dag.py for tasks to queue
[2024-09-09 21:12:09,855] {logging_mixin.py:104} INFO - [2024-09-09 21:12:09,855] {dagbag.py:451} INFO - Filling up the DagBag from /home/airflow/.local/lib/python3.6/site-packages/airflow/example_dags/example_trigger_target_dag.py
[2024-09-09 21:12:09,866] {scheduler_job.py:639} INFO - DAG(s) dict_keys(['example_trigger_target_dag']) retrieved from /home/airflow/.local/lib/python3.6/site-packages/airflow/example_dags/example_trigger_target_dag.py
[2024-09-09 21:12:09,889] {logging_mixin.py:104} INFO - [2024-09-09 21:12:09,889] {dag.py:1824} INFO - Sync 1 DAGs
[2024-09-09 21:12:09,909] {logging_mixin.py:104} INFO - [2024-09-09 21:12:09,909] {dag.py:2280} INFO - Setting next_dagrun for example_trigger_target_dag to None
[2024-09-09 21:12:09,919] {scheduler_job.py:190} INFO - Processing /home/airflow/.local/lib/python3.6/site-packages/airflow/example_dags/example_trigger_target_dag.py took 0.069 seconds
[2024-09-09 21:12:40,000] {scheduler_job.py:182} INFO - Started process (PID=112) to work on /home/airflow/.local/lib/python3.6/site-packages/airflow/example_dags/example_trigger_target_dag.py
[2024-09-09 21:12:40,001] {scheduler_job.py:629} INFO - Processing file /home/airflow/.local/lib/python3.6/site-packages/airflow/example_dags/example_trigger_target_dag.py for tasks to queue
[2024-09-09 21:12:40,002] {logging_mixin.py:104} INFO - [2024-09-09 21:12:40,001] {dagbag.py:451} INFO - Filling up the DagBag from /home/airflow/.local/lib/python3.6/site-packages/airflow/example_dags/example_trigger_target_dag.py
[2024-09-09 21:12:40,012] {scheduler_job.py:639} INFO - DAG(s) dict_keys(['example_trigger_target_dag']) retrieved from /home/airflow/.local/lib/python3.6/site-packages/airflow/example_dags/example_trigger_target_dag.py
[2024-09-09 21:12:40,033] {logging_mixin.py:104} INFO - [2024-09-09 21:12:40,033] {dag.py:1824} INFO - Sync 1 DAGs
[2024-09-09 21:12:40,049] {logging_mixin.py:104} INFO - [2024-09-09 21:12:40,049] {dag.py:2280} INFO - Setting next_dagrun for example_trigger_target_dag to None
[2024-09-09 21:12:40,058] {scheduler_job.py:190} INFO - Processing /home/airflow/.local/lib/python3.6/site-packages/airflow/example_dags/example_trigger_target_dag.py took 0.061 seconds
[2024-09-09 21:13:10,244] {scheduler_job.py:182} INFO - Started process (PID=138) to work on /home/airflow/.local/lib/python3.6/site-packages/airflow/example_dags/example_trigger_target_dag.py
[2024-09-09 21:13:10,245] {scheduler_job.py:629} INFO - Processing file /home/airflow/.local/lib/python3.6/site-packages/airflow/example_dags/example_trigger_target_dag.py for tasks to queue
[2024-09-09 21:13:10,246] {logging_mixin.py:104} INFO - [2024-09-09 21:13:10,246] {dagbag.py:451} INFO - Filling up the DagBag from /home/airflow/.local/lib/python3.6/site-packages/airflow/example_dags/example_trigger_target_dag.py
[2024-09-09 21:13:10,257] {scheduler_job.py:639} INFO - DAG(s) dict_keys(['example_trigger_target_dag']) retrieved from /home/airflow/.local/lib/python3.6/site-packages/airflow/example_dags/example_trigger_target_dag.py
[2024-09-09 21:13:10,279] {logging_mixin.py:104} INFO - [2024-09-09 21:13:10,279] {dag.py:1824} INFO - Sync 1 DAGs
[2024-09-09 21:13:10,299] {logging_mixin.py:104} INFO - [2024-09-09 21:13:10,299] {dag.py:2280} INFO - Setting next_dagrun for example_trigger_target_dag to None
[2024-09-09 21:13:10,310] {scheduler_job.py:190} INFO - Processing /home/airflow/.local/lib/python3.6/site-packages/airflow/example_dags/example_trigger_target_dag.py took 0.068 seconds
[2024-09-09 21:13:40,605] {scheduler_job.py:182} INFO - Started process (PID=165) to work on /home/airflow/.local/lib/python3.6/site-packages/airflow/example_dags/example_trigger_target_dag.py
[2024-09-09 21:13:40,606] {scheduler_job.py:629} INFO - Processing file /home/airflow/.local/lib/python3.6/site-packages/airflow/example_dags/example_trigger_target_dag.py for tasks to queue
[2024-09-09 21:13:40,607] {logging_mixin.py:104} INFO - [2024-09-09 21:13:40,606] {dagbag.py:451} INFO - Filling up the DagBag from /home/airflow/.local/lib/python3.6/site-packages/airflow/example_dags/example_trigger_target_dag.py
[2024-09-09 21:13:40,619] {scheduler_job.py:639} INFO - DAG(s) dict_keys(['example_trigger_target_dag']) retrieved from /home/airflow/.local/lib/python3.6/site-packages/airflow/example_dags/example_trigger_target_dag.py
[2024-09-09 21:13:40,639] {logging_mixin.py:104} INFO - [2024-09-09 21:13:40,639] {dag.py:1824} INFO - Sync 1 DAGs
[2024-09-09 21:13:40,659] {logging_mixin.py:104} INFO - [2024-09-09 21:13:40,659] {dag.py:2280} INFO - Setting next_dagrun for example_trigger_target_dag to None
[2024-09-09 21:13:40,669] {scheduler_job.py:190} INFO - Processing /home/airflow/.local/lib/python3.6/site-packages/airflow/example_dags/example_trigger_target_dag.py took 0.067 seconds
[2024-09-09 21:14:11,402] {scheduler_job.py:182} INFO - Started process (PID=193) to work on /home/airflow/.local/lib/python3.6/site-packages/airflow/example_dags/example_trigger_target_dag.py
[2024-09-09 21:14:11,404] {scheduler_job.py:629} INFO - Processing file /home/airflow/.local/lib/python3.6/site-packages/airflow/example_dags/example_trigger_target_dag.py for tasks to queue
[2024-09-09 21:14:11,405] {logging_mixin.py:104} INFO - [2024-09-09 21:14:11,405] {dagbag.py:451} INFO - Filling up the DagBag from /home/airflow/.local/lib/python3.6/site-packages/airflow/example_dags/example_trigger_target_dag.py
[2024-09-09 21:14:11,417] {scheduler_job.py:639} INFO - DAG(s) dict_keys(['example_trigger_target_dag']) retrieved from /home/airflow/.local/lib/python3.6/site-packages/airflow/example_dags/example_trigger_target_dag.py
[2024-09-09 21:14:11,442] {logging_mixin.py:104} INFO - [2024-09-09 21:14:11,442] {dag.py:1824} INFO - Sync 1 DAGs
[2024-09-09 21:14:11,459] {logging_mixin.py:104} INFO - [2024-09-09 21:14:11,458] {dag.py:2280} INFO - Setting next_dagrun for example_trigger_target_dag to None
[2024-09-09 21:14:11,469] {scheduler_job.py:190} INFO - Processing /home/airflow/.local/lib/python3.6/site-packages/airflow/example_dags/example_trigger_target_dag.py took 0.069 seconds
[2024-09-09 21:14:41,688] {scheduler_job.py:182} INFO - Started process (PID=220) to work on /home/airflow/.local/lib/python3.6/site-packages/airflow/example_dags/example_trigger_target_dag.py
[2024-09-09 21:14:41,689] {scheduler_job.py:629} INFO - Processing file /home/airflow/.local/lib/python3.6/site-packages/airflow/example_dags/example_trigger_target_dag.py for tasks to queue
[2024-09-09 21:14:41,690] {logging_mixin.py:104} INFO - [2024-09-09 21:14:41,690] {dagbag.py:451} INFO - Filling up the DagBag from /home/airflow/.local/lib/python3.6/site-packages/airflow/example_dags/example_trigger_target_dag.py
[2024-09-09 21:14:41,705] {scheduler_job.py:639} INFO - DAG(s) dict_keys(['example_trigger_target_dag']) retrieved from /home/airflow/.local/lib/python3.6/site-packages/airflow/example_dags/example_trigger_target_dag.py
[2024-09-09 21:14:41,734] {logging_mixin.py:104} INFO - [2024-09-09 21:14:41,734] {dag.py:1824} INFO - Sync 1 DAGs
[2024-09-09 21:14:41,750] {logging_mixin.py:104} INFO - [2024-09-09 21:14:41,750] {dag.py:2280} INFO - Setting next_dagrun for example_trigger_target_dag to None
[2024-09-09 21:14:41,760] {scheduler_job.py:190} INFO - Processing /home/airflow/.local/lib/python3.6/site-packages/airflow/example_dags/example_trigger_target_dag.py took 0.076 seconds
