[2024-09-09 09:52:27,716] {scheduler_job.py:182} INFO - Started process (PID=58) to work on /home/airflow/.local/lib/python3.6/site-packages/airflow/example_dags/tutorial.py
[2024-09-09 09:52:27,718] {scheduler_job.py:629} INFO - Processing file /home/airflow/.local/lib/python3.6/site-packages/airflow/example_dags/tutorial.py for tasks to queue
[2024-09-09 09:52:27,719] {logging_mixin.py:104} INFO - [2024-09-09 09:52:27,718] {dagbag.py:451} INFO - Filling up the DagBag from /home/airflow/.local/lib/python3.6/site-packages/airflow/example_dags/tutorial.py
[2024-09-09 09:52:27,730] {scheduler_job.py:639} INFO - DAG(s) dict_keys(['tutorial']) retrieved from /home/airflow/.local/lib/python3.6/site-packages/airflow/example_dags/tutorial.py
[2024-09-09 09:52:27,758] {logging_mixin.py:104} INFO - [2024-09-09 09:52:27,758] {dag.py:1824} INFO - Sync 1 DAGs
[2024-09-09 09:52:27,769] {logging_mixin.py:104} INFO - [2024-09-09 09:52:27,769] {dag.py:1843} INFO - Creating ORM DAG for tutorial
[2024-09-09 09:52:27,774] {logging_mixin.py:104} INFO - [2024-09-09 09:52:27,774] {dag.py:2280} INFO - Setting next_dagrun for tutorial to 2024-09-07 00:00:00+00:00
[2024-09-09 09:52:27,795] {scheduler_job.py:190} INFO - Processing /home/airflow/.local/lib/python3.6/site-packages/airflow/example_dags/tutorial.py took 0.082 seconds
[2024-09-09 09:52:58,384] {scheduler_job.py:182} INFO - Started process (PID=86) to work on /home/airflow/.local/lib/python3.6/site-packages/airflow/example_dags/tutorial.py
[2024-09-09 09:52:58,390] {scheduler_job.py:629} INFO - Processing file /home/airflow/.local/lib/python3.6/site-packages/airflow/example_dags/tutorial.py for tasks to queue
[2024-09-09 09:52:58,392] {logging_mixin.py:104} INFO - [2024-09-09 09:52:58,392] {dagbag.py:451} INFO - Filling up the DagBag from /home/airflow/.local/lib/python3.6/site-packages/airflow/example_dags/tutorial.py
[2024-09-09 09:52:58,413] {scheduler_job.py:639} INFO - DAG(s) dict_keys(['tutorial']) retrieved from /home/airflow/.local/lib/python3.6/site-packages/airflow/example_dags/tutorial.py
[2024-09-09 09:52:58,459] {logging_mixin.py:104} INFO - [2024-09-09 09:52:58,459] {dag.py:1824} INFO - Sync 1 DAGs
[2024-09-09 09:52:58,483] {logging_mixin.py:104} INFO - [2024-09-09 09:52:58,483] {dag.py:2280} INFO - Setting next_dagrun for tutorial to 2024-09-07 00:00:00+00:00
[2024-09-09 09:52:58,500] {scheduler_job.py:190} INFO - Processing /home/airflow/.local/lib/python3.6/site-packages/airflow/example_dags/tutorial.py took 0.125 seconds
[2024-09-09 20:51:42,673] {scheduler_job.py:182} INFO - Started process (PID=55) to work on /home/airflow/.local/lib/python3.6/site-packages/airflow/example_dags/tutorial.py
[2024-09-09 20:51:42,675] {scheduler_job.py:629} INFO - Processing file /home/airflow/.local/lib/python3.6/site-packages/airflow/example_dags/tutorial.py for tasks to queue
[2024-09-09 20:51:42,675] {logging_mixin.py:104} INFO - [2024-09-09 20:51:42,675] {dagbag.py:451} INFO - Filling up the DagBag from /home/airflow/.local/lib/python3.6/site-packages/airflow/example_dags/tutorial.py
[2024-09-09 20:51:42,686] {scheduler_job.py:639} INFO - DAG(s) dict_keys(['tutorial']) retrieved from /home/airflow/.local/lib/python3.6/site-packages/airflow/example_dags/tutorial.py
[2024-09-09 20:51:42,710] {logging_mixin.py:104} INFO - [2024-09-09 20:51:42,710] {dag.py:1824} INFO - Sync 1 DAGs
[2024-09-09 20:51:42,731] {logging_mixin.py:104} INFO - [2024-09-09 20:51:42,731] {dag.py:2280} INFO - Setting next_dagrun for tutorial to 2024-09-07 00:00:00+00:00
[2024-09-09 20:51:42,744] {scheduler_job.py:190} INFO - Processing /home/airflow/.local/lib/python3.6/site-packages/airflow/example_dags/tutorial.py took 0.074 seconds
[2024-09-09 20:52:12,899] {scheduler_job.py:182} INFO - Started process (PID=78) to work on /home/airflow/.local/lib/python3.6/site-packages/airflow/example_dags/tutorial.py
[2024-09-09 20:52:12,900] {scheduler_job.py:629} INFO - Processing file /home/airflow/.local/lib/python3.6/site-packages/airflow/example_dags/tutorial.py for tasks to queue
[2024-09-09 20:52:12,901] {logging_mixin.py:104} INFO - [2024-09-09 20:52:12,901] {dagbag.py:451} INFO - Filling up the DagBag from /home/airflow/.local/lib/python3.6/site-packages/airflow/example_dags/tutorial.py
[2024-09-09 20:52:12,910] {scheduler_job.py:639} INFO - DAG(s) dict_keys(['tutorial']) retrieved from /home/airflow/.local/lib/python3.6/site-packages/airflow/example_dags/tutorial.py
[2024-09-09 20:52:12,933] {logging_mixin.py:104} INFO - [2024-09-09 20:52:12,933] {dag.py:1824} INFO - Sync 1 DAGs
[2024-09-09 20:52:12,954] {logging_mixin.py:104} INFO - [2024-09-09 20:52:12,954] {dag.py:2280} INFO - Setting next_dagrun for tutorial to 2024-09-07 00:00:00+00:00
[2024-09-09 20:52:12,964] {scheduler_job.py:190} INFO - Processing /home/airflow/.local/lib/python3.6/site-packages/airflow/example_dags/tutorial.py took 0.069 seconds
[2024-09-09 20:52:43,262] {scheduler_job.py:182} INFO - Started process (PID=105) to work on /home/airflow/.local/lib/python3.6/site-packages/airflow/example_dags/tutorial.py
[2024-09-09 20:52:43,263] {scheduler_job.py:629} INFO - Processing file /home/airflow/.local/lib/python3.6/site-packages/airflow/example_dags/tutorial.py for tasks to queue
[2024-09-09 20:52:43,264] {logging_mixin.py:104} INFO - [2024-09-09 20:52:43,264] {dagbag.py:451} INFO - Filling up the DagBag from /home/airflow/.local/lib/python3.6/site-packages/airflow/example_dags/tutorial.py
[2024-09-09 20:52:43,273] {scheduler_job.py:639} INFO - DAG(s) dict_keys(['tutorial']) retrieved from /home/airflow/.local/lib/python3.6/site-packages/airflow/example_dags/tutorial.py
[2024-09-09 20:52:43,296] {logging_mixin.py:104} INFO - [2024-09-09 20:52:43,296] {dag.py:1824} INFO - Sync 1 DAGs
[2024-09-09 20:52:43,315] {logging_mixin.py:104} INFO - [2024-09-09 20:52:43,315] {dag.py:2280} INFO - Setting next_dagrun for tutorial to 2024-09-07 00:00:00+00:00
[2024-09-09 20:52:43,325] {scheduler_job.py:190} INFO - Processing /home/airflow/.local/lib/python3.6/site-packages/airflow/example_dags/tutorial.py took 0.065 seconds
[2024-09-09 20:53:13,545] {scheduler_job.py:182} INFO - Started process (PID=130) to work on /home/airflow/.local/lib/python3.6/site-packages/airflow/example_dags/tutorial.py
[2024-09-09 20:53:13,546] {scheduler_job.py:629} INFO - Processing file /home/airflow/.local/lib/python3.6/site-packages/airflow/example_dags/tutorial.py for tasks to queue
[2024-09-09 20:53:13,547] {logging_mixin.py:104} INFO - [2024-09-09 20:53:13,547] {dagbag.py:451} INFO - Filling up the DagBag from /home/airflow/.local/lib/python3.6/site-packages/airflow/example_dags/tutorial.py
[2024-09-09 20:53:13,557] {scheduler_job.py:639} INFO - DAG(s) dict_keys(['tutorial']) retrieved from /home/airflow/.local/lib/python3.6/site-packages/airflow/example_dags/tutorial.py
[2024-09-09 20:53:13,579] {logging_mixin.py:104} INFO - [2024-09-09 20:53:13,579] {dag.py:1824} INFO - Sync 1 DAGs
[2024-09-09 20:53:13,597] {logging_mixin.py:104} INFO - [2024-09-09 20:53:13,597] {dag.py:2280} INFO - Setting next_dagrun for tutorial to 2024-09-07 00:00:00+00:00
[2024-09-09 20:53:13,607] {scheduler_job.py:190} INFO - Processing /home/airflow/.local/lib/python3.6/site-packages/airflow/example_dags/tutorial.py took 0.065 seconds
[2024-09-09 20:53:44,126] {scheduler_job.py:182} INFO - Started process (PID=159) to work on /home/airflow/.local/lib/python3.6/site-packages/airflow/example_dags/tutorial.py
[2024-09-09 20:53:44,127] {scheduler_job.py:629} INFO - Processing file /home/airflow/.local/lib/python3.6/site-packages/airflow/example_dags/tutorial.py for tasks to queue
[2024-09-09 20:53:44,128] {logging_mixin.py:104} INFO - [2024-09-09 20:53:44,128] {dagbag.py:451} INFO - Filling up the DagBag from /home/airflow/.local/lib/python3.6/site-packages/airflow/example_dags/tutorial.py
[2024-09-09 20:53:44,138] {scheduler_job.py:639} INFO - DAG(s) dict_keys(['tutorial']) retrieved from /home/airflow/.local/lib/python3.6/site-packages/airflow/example_dags/tutorial.py
[2024-09-09 20:53:44,163] {logging_mixin.py:104} INFO - [2024-09-09 20:53:44,163] {dag.py:1824} INFO - Sync 1 DAGs
[2024-09-09 20:53:44,182] {logging_mixin.py:104} INFO - [2024-09-09 20:53:44,182] {dag.py:2280} INFO - Setting next_dagrun for tutorial to 2024-09-07 00:00:00+00:00
[2024-09-09 20:53:44,192] {scheduler_job.py:190} INFO - Processing /home/airflow/.local/lib/python3.6/site-packages/airflow/example_dags/tutorial.py took 0.070 seconds
[2024-09-09 20:54:14,497] {scheduler_job.py:182} INFO - Started process (PID=186) to work on /home/airflow/.local/lib/python3.6/site-packages/airflow/example_dags/tutorial.py
[2024-09-09 20:54:14,499] {scheduler_job.py:629} INFO - Processing file /home/airflow/.local/lib/python3.6/site-packages/airflow/example_dags/tutorial.py for tasks to queue
[2024-09-09 20:54:14,500] {logging_mixin.py:104} INFO - [2024-09-09 20:54:14,499] {dagbag.py:451} INFO - Filling up the DagBag from /home/airflow/.local/lib/python3.6/site-packages/airflow/example_dags/tutorial.py
[2024-09-09 20:54:14,509] {scheduler_job.py:639} INFO - DAG(s) dict_keys(['tutorial']) retrieved from /home/airflow/.local/lib/python3.6/site-packages/airflow/example_dags/tutorial.py
[2024-09-09 20:54:14,532] {logging_mixin.py:104} INFO - [2024-09-09 20:54:14,532] {dag.py:1824} INFO - Sync 1 DAGs
[2024-09-09 20:54:14,552] {logging_mixin.py:104} INFO - [2024-09-09 20:54:14,552] {dag.py:2280} INFO - Setting next_dagrun for tutorial to 2024-09-07 00:00:00+00:00
[2024-09-09 20:54:14,562] {scheduler_job.py:190} INFO - Processing /home/airflow/.local/lib/python3.6/site-packages/airflow/example_dags/tutorial.py took 0.070 seconds
[2024-09-09 20:54:45,137] {scheduler_job.py:182} INFO - Started process (PID=215) to work on /home/airflow/.local/lib/python3.6/site-packages/airflow/example_dags/tutorial.py
[2024-09-09 20:54:45,138] {scheduler_job.py:629} INFO - Processing file /home/airflow/.local/lib/python3.6/site-packages/airflow/example_dags/tutorial.py for tasks to queue
[2024-09-09 20:54:45,139] {logging_mixin.py:104} INFO - [2024-09-09 20:54:45,138] {dagbag.py:451} INFO - Filling up the DagBag from /home/airflow/.local/lib/python3.6/site-packages/airflow/example_dags/tutorial.py
[2024-09-09 20:54:45,150] {scheduler_job.py:639} INFO - DAG(s) dict_keys(['tutorial']) retrieved from /home/airflow/.local/lib/python3.6/site-packages/airflow/example_dags/tutorial.py
[2024-09-09 20:54:45,182] {logging_mixin.py:104} INFO - [2024-09-09 20:54:45,182] {dag.py:1824} INFO - Sync 1 DAGs
[2024-09-09 20:54:45,199] {logging_mixin.py:104} INFO - [2024-09-09 20:54:45,198] {dag.py:2280} INFO - Setting next_dagrun for tutorial to 2024-09-07 00:00:00+00:00
[2024-09-09 20:54:45,208] {scheduler_job.py:190} INFO - Processing /home/airflow/.local/lib/python3.6/site-packages/airflow/example_dags/tutorial.py took 0.074 seconds
[2024-09-09 20:55:15,292] {scheduler_job.py:182} INFO - Started process (PID=237) to work on /home/airflow/.local/lib/python3.6/site-packages/airflow/example_dags/tutorial.py
[2024-09-09 20:55:15,293] {scheduler_job.py:629} INFO - Processing file /home/airflow/.local/lib/python3.6/site-packages/airflow/example_dags/tutorial.py for tasks to queue
[2024-09-09 20:55:15,293] {logging_mixin.py:104} INFO - [2024-09-09 20:55:15,293] {dagbag.py:451} INFO - Filling up the DagBag from /home/airflow/.local/lib/python3.6/site-packages/airflow/example_dags/tutorial.py
[2024-09-09 20:55:15,303] {scheduler_job.py:639} INFO - DAG(s) dict_keys(['tutorial']) retrieved from /home/airflow/.local/lib/python3.6/site-packages/airflow/example_dags/tutorial.py
[2024-09-09 20:55:15,329] {logging_mixin.py:104} INFO - [2024-09-09 20:55:15,329] {dag.py:1824} INFO - Sync 1 DAGs
[2024-09-09 20:55:15,345] {logging_mixin.py:104} INFO - [2024-09-09 20:55:15,345] {dag.py:2280} INFO - Setting next_dagrun for tutorial to 2024-09-07 00:00:00+00:00
[2024-09-09 20:55:15,355] {scheduler_job.py:190} INFO - Processing /home/airflow/.local/lib/python3.6/site-packages/airflow/example_dags/tutorial.py took 0.068 seconds
[2024-09-09 20:55:45,586] {scheduler_job.py:182} INFO - Started process (PID=263) to work on /home/airflow/.local/lib/python3.6/site-packages/airflow/example_dags/tutorial.py
[2024-09-09 20:55:45,587] {scheduler_job.py:629} INFO - Processing file /home/airflow/.local/lib/python3.6/site-packages/airflow/example_dags/tutorial.py for tasks to queue
[2024-09-09 20:55:45,588] {logging_mixin.py:104} INFO - [2024-09-09 20:55:45,587] {dagbag.py:451} INFO - Filling up the DagBag from /home/airflow/.local/lib/python3.6/site-packages/airflow/example_dags/tutorial.py
[2024-09-09 20:55:45,597] {scheduler_job.py:639} INFO - DAG(s) dict_keys(['tutorial']) retrieved from /home/airflow/.local/lib/python3.6/site-packages/airflow/example_dags/tutorial.py
[2024-09-09 20:55:45,623] {logging_mixin.py:104} INFO - [2024-09-09 20:55:45,623] {dag.py:1824} INFO - Sync 1 DAGs
[2024-09-09 20:55:45,640] {logging_mixin.py:104} INFO - [2024-09-09 20:55:45,640] {dag.py:2280} INFO - Setting next_dagrun for tutorial to 2024-09-07 00:00:00+00:00
[2024-09-09 20:55:45,651] {scheduler_job.py:190} INFO - Processing /home/airflow/.local/lib/python3.6/site-packages/airflow/example_dags/tutorial.py took 0.068 seconds
[2024-09-09 20:56:16,040] {scheduler_job.py:182} INFO - Started process (PID=292) to work on /home/airflow/.local/lib/python3.6/site-packages/airflow/example_dags/tutorial.py
[2024-09-09 20:56:16,041] {scheduler_job.py:629} INFO - Processing file /home/airflow/.local/lib/python3.6/site-packages/airflow/example_dags/tutorial.py for tasks to queue
[2024-09-09 20:56:16,041] {logging_mixin.py:104} INFO - [2024-09-09 20:56:16,041] {dagbag.py:451} INFO - Filling up the DagBag from /home/airflow/.local/lib/python3.6/site-packages/airflow/example_dags/tutorial.py
[2024-09-09 20:56:16,050] {scheduler_job.py:639} INFO - DAG(s) dict_keys(['tutorial']) retrieved from /home/airflow/.local/lib/python3.6/site-packages/airflow/example_dags/tutorial.py
[2024-09-09 20:56:16,075] {logging_mixin.py:104} INFO - [2024-09-09 20:56:16,074] {dag.py:1824} INFO - Sync 1 DAGs
[2024-09-09 20:56:16,090] {logging_mixin.py:104} INFO - [2024-09-09 20:56:16,090] {dag.py:2280} INFO - Setting next_dagrun for tutorial to 2024-09-07 00:00:00+00:00
[2024-09-09 20:56:16,099] {scheduler_job.py:190} INFO - Processing /home/airflow/.local/lib/python3.6/site-packages/airflow/example_dags/tutorial.py took 0.062 seconds
[2024-09-09 20:56:46,529] {scheduler_job.py:182} INFO - Started process (PID=321) to work on /home/airflow/.local/lib/python3.6/site-packages/airflow/example_dags/tutorial.py
[2024-09-09 20:56:46,530] {scheduler_job.py:629} INFO - Processing file /home/airflow/.local/lib/python3.6/site-packages/airflow/example_dags/tutorial.py for tasks to queue
[2024-09-09 20:56:46,531] {logging_mixin.py:104} INFO - [2024-09-09 20:56:46,531] {dagbag.py:451} INFO - Filling up the DagBag from /home/airflow/.local/lib/python3.6/site-packages/airflow/example_dags/tutorial.py
[2024-09-09 20:56:46,545] {scheduler_job.py:639} INFO - DAG(s) dict_keys(['tutorial']) retrieved from /home/airflow/.local/lib/python3.6/site-packages/airflow/example_dags/tutorial.py
[2024-09-09 20:56:46,570] {logging_mixin.py:104} INFO - [2024-09-09 20:56:46,570] {dag.py:1824} INFO - Sync 1 DAGs
[2024-09-09 20:56:46,586] {logging_mixin.py:104} INFO - [2024-09-09 20:56:46,585] {dag.py:2280} INFO - Setting next_dagrun for tutorial to 2024-09-07 00:00:00+00:00
[2024-09-09 20:56:46,595] {scheduler_job.py:190} INFO - Processing /home/airflow/.local/lib/python3.6/site-packages/airflow/example_dags/tutorial.py took 0.071 seconds
[2024-09-09 20:57:17,060] {scheduler_job.py:182} INFO - Started process (PID=348) to work on /home/airflow/.local/lib/python3.6/site-packages/airflow/example_dags/tutorial.py
[2024-09-09 20:57:17,061] {scheduler_job.py:629} INFO - Processing file /home/airflow/.local/lib/python3.6/site-packages/airflow/example_dags/tutorial.py for tasks to queue
[2024-09-09 20:57:17,061] {logging_mixin.py:104} INFO - [2024-09-09 20:57:17,061] {dagbag.py:451} INFO - Filling up the DagBag from /home/airflow/.local/lib/python3.6/site-packages/airflow/example_dags/tutorial.py
[2024-09-09 20:57:17,074] {scheduler_job.py:639} INFO - DAG(s) dict_keys(['tutorial']) retrieved from /home/airflow/.local/lib/python3.6/site-packages/airflow/example_dags/tutorial.py
[2024-09-09 20:57:17,099] {logging_mixin.py:104} INFO - [2024-09-09 20:57:17,098] {dag.py:1824} INFO - Sync 1 DAGs
[2024-09-09 20:57:17,122] {logging_mixin.py:104} INFO - [2024-09-09 20:57:17,122] {dag.py:2280} INFO - Setting next_dagrun for tutorial to 2024-09-07 00:00:00+00:00
[2024-09-09 20:57:17,133] {scheduler_job.py:190} INFO - Processing /home/airflow/.local/lib/python3.6/site-packages/airflow/example_dags/tutorial.py took 0.075 seconds
[2024-09-09 20:57:47,682] {scheduler_job.py:182} INFO - Started process (PID=378) to work on /home/airflow/.local/lib/python3.6/site-packages/airflow/example_dags/tutorial.py
[2024-09-09 20:57:47,683] {scheduler_job.py:629} INFO - Processing file /home/airflow/.local/lib/python3.6/site-packages/airflow/example_dags/tutorial.py for tasks to queue
[2024-09-09 20:57:47,684] {logging_mixin.py:104} INFO - [2024-09-09 20:57:47,684] {dagbag.py:451} INFO - Filling up the DagBag from /home/airflow/.local/lib/python3.6/site-packages/airflow/example_dags/tutorial.py
[2024-09-09 20:57:47,701] {scheduler_job.py:639} INFO - DAG(s) dict_keys(['tutorial']) retrieved from /home/airflow/.local/lib/python3.6/site-packages/airflow/example_dags/tutorial.py
[2024-09-09 20:57:47,727] {logging_mixin.py:104} INFO - [2024-09-09 20:57:47,726] {dag.py:1824} INFO - Sync 1 DAGs
[2024-09-09 20:57:47,742] {logging_mixin.py:104} INFO - [2024-09-09 20:57:47,742] {dag.py:2280} INFO - Setting next_dagrun for tutorial to 2024-09-07 00:00:00+00:00
[2024-09-09 20:57:47,751] {scheduler_job.py:190} INFO - Processing /home/airflow/.local/lib/python3.6/site-packages/airflow/example_dags/tutorial.py took 0.073 seconds
[2024-09-09 20:58:18,007] {scheduler_job.py:182} INFO - Started process (PID=404) to work on /home/airflow/.local/lib/python3.6/site-packages/airflow/example_dags/tutorial.py
[2024-09-09 20:58:18,008] {scheduler_job.py:629} INFO - Processing file /home/airflow/.local/lib/python3.6/site-packages/airflow/example_dags/tutorial.py for tasks to queue
[2024-09-09 20:58:18,009] {logging_mixin.py:104} INFO - [2024-09-09 20:58:18,009] {dagbag.py:451} INFO - Filling up the DagBag from /home/airflow/.local/lib/python3.6/site-packages/airflow/example_dags/tutorial.py
[2024-09-09 20:58:18,023] {scheduler_job.py:639} INFO - DAG(s) dict_keys(['tutorial']) retrieved from /home/airflow/.local/lib/python3.6/site-packages/airflow/example_dags/tutorial.py
[2024-09-09 20:58:18,044] {logging_mixin.py:104} INFO - [2024-09-09 20:58:18,044] {dag.py:1824} INFO - Sync 1 DAGs
[2024-09-09 20:58:18,061] {logging_mixin.py:104} INFO - [2024-09-09 20:58:18,060] {dag.py:2280} INFO - Setting next_dagrun for tutorial to 2024-09-07 00:00:00+00:00
[2024-09-09 20:58:18,071] {scheduler_job.py:190} INFO - Processing /home/airflow/.local/lib/python3.6/site-packages/airflow/example_dags/tutorial.py took 0.066 seconds
[2024-09-09 20:58:48,432] {scheduler_job.py:182} INFO - Started process (PID=431) to work on /home/airflow/.local/lib/python3.6/site-packages/airflow/example_dags/tutorial.py
[2024-09-09 20:58:48,437] {scheduler_job.py:629} INFO - Processing file /home/airflow/.local/lib/python3.6/site-packages/airflow/example_dags/tutorial.py for tasks to queue
[2024-09-09 20:58:48,438] {logging_mixin.py:104} INFO - [2024-09-09 20:58:48,438] {dagbag.py:451} INFO - Filling up the DagBag from /home/airflow/.local/lib/python3.6/site-packages/airflow/example_dags/tutorial.py
[2024-09-09 20:58:48,447] {scheduler_job.py:639} INFO - DAG(s) dict_keys(['tutorial']) retrieved from /home/airflow/.local/lib/python3.6/site-packages/airflow/example_dags/tutorial.py
[2024-09-09 20:58:48,469] {logging_mixin.py:104} INFO - [2024-09-09 20:58:48,469] {dag.py:1824} INFO - Sync 1 DAGs
[2024-09-09 20:58:48,485] {logging_mixin.py:104} INFO - [2024-09-09 20:58:48,485] {dag.py:2280} INFO - Setting next_dagrun for tutorial to 2024-09-07 00:00:00+00:00
[2024-09-09 20:58:48,494] {scheduler_job.py:190} INFO - Processing /home/airflow/.local/lib/python3.6/site-packages/airflow/example_dags/tutorial.py took 0.065 seconds
[2024-09-09 20:59:18,743] {scheduler_job.py:182} INFO - Started process (PID=458) to work on /home/airflow/.local/lib/python3.6/site-packages/airflow/example_dags/tutorial.py
[2024-09-09 20:59:18,744] {scheduler_job.py:629} INFO - Processing file /home/airflow/.local/lib/python3.6/site-packages/airflow/example_dags/tutorial.py for tasks to queue
[2024-09-09 20:59:18,745] {logging_mixin.py:104} INFO - [2024-09-09 20:59:18,745] {dagbag.py:451} INFO - Filling up the DagBag from /home/airflow/.local/lib/python3.6/site-packages/airflow/example_dags/tutorial.py
[2024-09-09 20:59:18,755] {scheduler_job.py:639} INFO - DAG(s) dict_keys(['tutorial']) retrieved from /home/airflow/.local/lib/python3.6/site-packages/airflow/example_dags/tutorial.py
[2024-09-09 20:59:18,777] {logging_mixin.py:104} INFO - [2024-09-09 20:59:18,777] {dag.py:1824} INFO - Sync 1 DAGs
[2024-09-09 20:59:18,794] {logging_mixin.py:104} INFO - [2024-09-09 20:59:18,794] {dag.py:2280} INFO - Setting next_dagrun for tutorial to 2024-09-07 00:00:00+00:00
[2024-09-09 20:59:18,804] {scheduler_job.py:190} INFO - Processing /home/airflow/.local/lib/python3.6/site-packages/airflow/example_dags/tutorial.py took 0.064 seconds
[2024-09-09 20:59:48,858] {scheduler_job.py:182} INFO - Started process (PID=480) to work on /home/airflow/.local/lib/python3.6/site-packages/airflow/example_dags/tutorial.py
[2024-09-09 20:59:48,859] {scheduler_job.py:629} INFO - Processing file /home/airflow/.local/lib/python3.6/site-packages/airflow/example_dags/tutorial.py for tasks to queue
[2024-09-09 20:59:48,860] {logging_mixin.py:104} INFO - [2024-09-09 20:59:48,860] {dagbag.py:451} INFO - Filling up the DagBag from /home/airflow/.local/lib/python3.6/site-packages/airflow/example_dags/tutorial.py
[2024-09-09 20:59:48,870] {scheduler_job.py:639} INFO - DAG(s) dict_keys(['tutorial']) retrieved from /home/airflow/.local/lib/python3.6/site-packages/airflow/example_dags/tutorial.py
[2024-09-09 20:59:48,892] {logging_mixin.py:104} INFO - [2024-09-09 20:59:48,892] {dag.py:1824} INFO - Sync 1 DAGs
[2024-09-09 20:59:48,909] {logging_mixin.py:104} INFO - [2024-09-09 20:59:48,909] {dag.py:2280} INFO - Setting next_dagrun for tutorial to 2024-09-07 00:00:00+00:00
[2024-09-09 20:59:48,919] {scheduler_job.py:190} INFO - Processing /home/airflow/.local/lib/python3.6/site-packages/airflow/example_dags/tutorial.py took 0.063 seconds
[2024-09-09 21:00:18,989] {scheduler_job.py:182} INFO - Started process (PID=502) to work on /home/airflow/.local/lib/python3.6/site-packages/airflow/example_dags/tutorial.py
[2024-09-09 21:00:18,991] {scheduler_job.py:629} INFO - Processing file /home/airflow/.local/lib/python3.6/site-packages/airflow/example_dags/tutorial.py for tasks to queue
[2024-09-09 21:00:18,991] {logging_mixin.py:104} INFO - [2024-09-09 21:00:18,991] {dagbag.py:451} INFO - Filling up the DagBag from /home/airflow/.local/lib/python3.6/site-packages/airflow/example_dags/tutorial.py
[2024-09-09 21:00:19,002] {scheduler_job.py:639} INFO - DAG(s) dict_keys(['tutorial']) retrieved from /home/airflow/.local/lib/python3.6/site-packages/airflow/example_dags/tutorial.py
[2024-09-09 21:00:19,025] {logging_mixin.py:104} INFO - [2024-09-09 21:00:19,025] {dag.py:1824} INFO - Sync 1 DAGs
[2024-09-09 21:00:19,042] {logging_mixin.py:104} INFO - [2024-09-09 21:00:19,041] {dag.py:2280} INFO - Setting next_dagrun for tutorial to 2024-09-07 00:00:00+00:00
[2024-09-09 21:00:19,051] {scheduler_job.py:190} INFO - Processing /home/airflow/.local/lib/python3.6/site-packages/airflow/example_dags/tutorial.py took 0.066 seconds
[2024-09-09 21:00:49,406] {scheduler_job.py:182} INFO - Started process (PID=530) to work on /home/airflow/.local/lib/python3.6/site-packages/airflow/example_dags/tutorial.py
[2024-09-09 21:00:49,407] {scheduler_job.py:629} INFO - Processing file /home/airflow/.local/lib/python3.6/site-packages/airflow/example_dags/tutorial.py for tasks to queue
[2024-09-09 21:00:49,408] {logging_mixin.py:104} INFO - [2024-09-09 21:00:49,408] {dagbag.py:451} INFO - Filling up the DagBag from /home/airflow/.local/lib/python3.6/site-packages/airflow/example_dags/tutorial.py
[2024-09-09 21:00:49,418] {scheduler_job.py:639} INFO - DAG(s) dict_keys(['tutorial']) retrieved from /home/airflow/.local/lib/python3.6/site-packages/airflow/example_dags/tutorial.py
[2024-09-09 21:00:49,441] {logging_mixin.py:104} INFO - [2024-09-09 21:00:49,441] {dag.py:1824} INFO - Sync 1 DAGs
[2024-09-09 21:00:49,458] {logging_mixin.py:104} INFO - [2024-09-09 21:00:49,457] {dag.py:2280} INFO - Setting next_dagrun for tutorial to 2024-09-07 00:00:00+00:00
[2024-09-09 21:00:49,468] {scheduler_job.py:190} INFO - Processing /home/airflow/.local/lib/python3.6/site-packages/airflow/example_dags/tutorial.py took 0.065 seconds
[2024-09-09 21:01:19,796] {scheduler_job.py:182} INFO - Started process (PID=558) to work on /home/airflow/.local/lib/python3.6/site-packages/airflow/example_dags/tutorial.py
[2024-09-09 21:01:19,798] {scheduler_job.py:629} INFO - Processing file /home/airflow/.local/lib/python3.6/site-packages/airflow/example_dags/tutorial.py for tasks to queue
[2024-09-09 21:01:19,798] {logging_mixin.py:104} INFO - [2024-09-09 21:01:19,798] {dagbag.py:451} INFO - Filling up the DagBag from /home/airflow/.local/lib/python3.6/site-packages/airflow/example_dags/tutorial.py
[2024-09-09 21:01:19,810] {scheduler_job.py:639} INFO - DAG(s) dict_keys(['tutorial']) retrieved from /home/airflow/.local/lib/python3.6/site-packages/airflow/example_dags/tutorial.py
[2024-09-09 21:01:19,833] {logging_mixin.py:104} INFO - [2024-09-09 21:01:19,833] {dag.py:1824} INFO - Sync 1 DAGs
[2024-09-09 21:01:19,850] {logging_mixin.py:104} INFO - [2024-09-09 21:01:19,850] {dag.py:2280} INFO - Setting next_dagrun for tutorial to 2024-09-07 00:00:00+00:00
[2024-09-09 21:01:19,861] {scheduler_job.py:190} INFO - Processing /home/airflow/.local/lib/python3.6/site-packages/airflow/example_dags/tutorial.py took 0.069 seconds
[2024-09-09 21:01:50,289] {scheduler_job.py:182} INFO - Started process (PID=589) to work on /home/airflow/.local/lib/python3.6/site-packages/airflow/example_dags/tutorial.py
[2024-09-09 21:01:50,290] {scheduler_job.py:629} INFO - Processing file /home/airflow/.local/lib/python3.6/site-packages/airflow/example_dags/tutorial.py for tasks to queue
[2024-09-09 21:01:50,291] {logging_mixin.py:104} INFO - [2024-09-09 21:01:50,291] {dagbag.py:451} INFO - Filling up the DagBag from /home/airflow/.local/lib/python3.6/site-packages/airflow/example_dags/tutorial.py
[2024-09-09 21:01:50,301] {scheduler_job.py:639} INFO - DAG(s) dict_keys(['tutorial']) retrieved from /home/airflow/.local/lib/python3.6/site-packages/airflow/example_dags/tutorial.py
[2024-09-09 21:01:50,325] {logging_mixin.py:104} INFO - [2024-09-09 21:01:50,325] {dag.py:1824} INFO - Sync 1 DAGs
[2024-09-09 21:01:50,342] {logging_mixin.py:104} INFO - [2024-09-09 21:01:50,342] {dag.py:2280} INFO - Setting next_dagrun for tutorial to 2024-09-07 00:00:00+00:00
[2024-09-09 21:01:50,352] {scheduler_job.py:190} INFO - Processing /home/airflow/.local/lib/python3.6/site-packages/airflow/example_dags/tutorial.py took 0.068 seconds
[2024-09-09 21:02:20,436] {scheduler_job.py:182} INFO - Started process (PID=612) to work on /home/airflow/.local/lib/python3.6/site-packages/airflow/example_dags/tutorial.py
[2024-09-09 21:02:20,437] {scheduler_job.py:629} INFO - Processing file /home/airflow/.local/lib/python3.6/site-packages/airflow/example_dags/tutorial.py for tasks to queue
[2024-09-09 21:02:20,437] {logging_mixin.py:104} INFO - [2024-09-09 21:02:20,437] {dagbag.py:451} INFO - Filling up the DagBag from /home/airflow/.local/lib/python3.6/site-packages/airflow/example_dags/tutorial.py
[2024-09-09 21:02:20,448] {scheduler_job.py:639} INFO - DAG(s) dict_keys(['tutorial']) retrieved from /home/airflow/.local/lib/python3.6/site-packages/airflow/example_dags/tutorial.py
[2024-09-09 21:02:20,472] {logging_mixin.py:104} INFO - [2024-09-09 21:02:20,471] {dag.py:1824} INFO - Sync 1 DAGs
[2024-09-09 21:02:20,488] {logging_mixin.py:104} INFO - [2024-09-09 21:02:20,488] {dag.py:2280} INFO - Setting next_dagrun for tutorial to 2024-09-07 00:00:00+00:00
[2024-09-09 21:02:20,498] {scheduler_job.py:190} INFO - Processing /home/airflow/.local/lib/python3.6/site-packages/airflow/example_dags/tutorial.py took 0.065 seconds
[2024-09-09 21:02:50,774] {scheduler_job.py:182} INFO - Started process (PID=639) to work on /home/airflow/.local/lib/python3.6/site-packages/airflow/example_dags/tutorial.py
[2024-09-09 21:02:50,775] {scheduler_job.py:629} INFO - Processing file /home/airflow/.local/lib/python3.6/site-packages/airflow/example_dags/tutorial.py for tasks to queue
[2024-09-09 21:02:50,776] {logging_mixin.py:104} INFO - [2024-09-09 21:02:50,776] {dagbag.py:451} INFO - Filling up the DagBag from /home/airflow/.local/lib/python3.6/site-packages/airflow/example_dags/tutorial.py
[2024-09-09 21:02:50,786] {scheduler_job.py:639} INFO - DAG(s) dict_keys(['tutorial']) retrieved from /home/airflow/.local/lib/python3.6/site-packages/airflow/example_dags/tutorial.py
[2024-09-09 21:02:50,809] {logging_mixin.py:104} INFO - [2024-09-09 21:02:50,809] {dag.py:1824} INFO - Sync 1 DAGs
[2024-09-09 21:02:50,826] {logging_mixin.py:104} INFO - [2024-09-09 21:02:50,826] {dag.py:2280} INFO - Setting next_dagrun for tutorial to 2024-09-07 00:00:00+00:00
[2024-09-09 21:02:50,836] {scheduler_job.py:190} INFO - Processing /home/airflow/.local/lib/python3.6/site-packages/airflow/example_dags/tutorial.py took 0.066 seconds
[2024-09-09 21:03:21,043] {scheduler_job.py:182} INFO - Started process (PID=664) to work on /home/airflow/.local/lib/python3.6/site-packages/airflow/example_dags/tutorial.py
[2024-09-09 21:03:21,044] {scheduler_job.py:629} INFO - Processing file /home/airflow/.local/lib/python3.6/site-packages/airflow/example_dags/tutorial.py for tasks to queue
[2024-09-09 21:03:21,045] {logging_mixin.py:104} INFO - [2024-09-09 21:03:21,045] {dagbag.py:451} INFO - Filling up the DagBag from /home/airflow/.local/lib/python3.6/site-packages/airflow/example_dags/tutorial.py
[2024-09-09 21:03:21,057] {scheduler_job.py:639} INFO - DAG(s) dict_keys(['tutorial']) retrieved from /home/airflow/.local/lib/python3.6/site-packages/airflow/example_dags/tutorial.py
[2024-09-09 21:03:21,081] {logging_mixin.py:104} INFO - [2024-09-09 21:03:21,081] {dag.py:1824} INFO - Sync 1 DAGs
[2024-09-09 21:03:21,098] {logging_mixin.py:104} INFO - [2024-09-09 21:03:21,097] {dag.py:2280} INFO - Setting next_dagrun for tutorial to 2024-09-07 00:00:00+00:00
[2024-09-09 21:03:21,108] {scheduler_job.py:190} INFO - Processing /home/airflow/.local/lib/python3.6/site-packages/airflow/example_dags/tutorial.py took 0.070 seconds
[2024-09-09 21:03:51,373] {scheduler_job.py:182} INFO - Started process (PID=690) to work on /home/airflow/.local/lib/python3.6/site-packages/airflow/example_dags/tutorial.py
[2024-09-09 21:03:51,374] {scheduler_job.py:629} INFO - Processing file /home/airflow/.local/lib/python3.6/site-packages/airflow/example_dags/tutorial.py for tasks to queue
[2024-09-09 21:03:51,375] {logging_mixin.py:104} INFO - [2024-09-09 21:03:51,375] {dagbag.py:451} INFO - Filling up the DagBag from /home/airflow/.local/lib/python3.6/site-packages/airflow/example_dags/tutorial.py
[2024-09-09 21:03:51,385] {scheduler_job.py:639} INFO - DAG(s) dict_keys(['tutorial']) retrieved from /home/airflow/.local/lib/python3.6/site-packages/airflow/example_dags/tutorial.py
[2024-09-09 21:03:51,408] {logging_mixin.py:104} INFO - [2024-09-09 21:03:51,407] {dag.py:1824} INFO - Sync 1 DAGs
[2024-09-09 21:03:51,425] {logging_mixin.py:104} INFO - [2024-09-09 21:03:51,425] {dag.py:2280} INFO - Setting next_dagrun for tutorial to 2024-09-07 00:00:00+00:00
[2024-09-09 21:03:51,435] {scheduler_job.py:190} INFO - Processing /home/airflow/.local/lib/python3.6/site-packages/airflow/example_dags/tutorial.py took 0.066 seconds
[2024-09-09 21:04:21,827] {scheduler_job.py:182} INFO - Started process (PID=719) to work on /home/airflow/.local/lib/python3.6/site-packages/airflow/example_dags/tutorial.py
[2024-09-09 21:04:21,828] {scheduler_job.py:629} INFO - Processing file /home/airflow/.local/lib/python3.6/site-packages/airflow/example_dags/tutorial.py for tasks to queue
[2024-09-09 21:04:21,828] {logging_mixin.py:104} INFO - [2024-09-09 21:04:21,828] {dagbag.py:451} INFO - Filling up the DagBag from /home/airflow/.local/lib/python3.6/site-packages/airflow/example_dags/tutorial.py
[2024-09-09 21:04:21,838] {scheduler_job.py:639} INFO - DAG(s) dict_keys(['tutorial']) retrieved from /home/airflow/.local/lib/python3.6/site-packages/airflow/example_dags/tutorial.py
[2024-09-09 21:04:21,867] {logging_mixin.py:104} INFO - [2024-09-09 21:04:21,867] {dag.py:1824} INFO - Sync 1 DAGs
[2024-09-09 21:04:21,884] {logging_mixin.py:104} INFO - [2024-09-09 21:04:21,884] {dag.py:2280} INFO - Setting next_dagrun for tutorial to 2024-09-07 00:00:00+00:00
[2024-09-09 21:04:21,896] {scheduler_job.py:190} INFO - Processing /home/airflow/.local/lib/python3.6/site-packages/airflow/example_dags/tutorial.py took 0.072 seconds
[2024-09-09 21:04:52,135] {scheduler_job.py:182} INFO - Started process (PID=745) to work on /home/airflow/.local/lib/python3.6/site-packages/airflow/example_dags/tutorial.py
[2024-09-09 21:04:52,136] {scheduler_job.py:629} INFO - Processing file /home/airflow/.local/lib/python3.6/site-packages/airflow/example_dags/tutorial.py for tasks to queue
[2024-09-09 21:04:52,137] {logging_mixin.py:104} INFO - [2024-09-09 21:04:52,137] {dagbag.py:451} INFO - Filling up the DagBag from /home/airflow/.local/lib/python3.6/site-packages/airflow/example_dags/tutorial.py
[2024-09-09 21:04:52,147] {scheduler_job.py:639} INFO - DAG(s) dict_keys(['tutorial']) retrieved from /home/airflow/.local/lib/python3.6/site-packages/airflow/example_dags/tutorial.py
[2024-09-09 21:04:52,171] {logging_mixin.py:104} INFO - [2024-09-09 21:04:52,171] {dag.py:1824} INFO - Sync 1 DAGs
[2024-09-09 21:04:52,189] {logging_mixin.py:104} INFO - [2024-09-09 21:04:52,189] {dag.py:2280} INFO - Setting next_dagrun for tutorial to 2024-09-07 00:00:00+00:00
[2024-09-09 21:04:52,198] {scheduler_job.py:190} INFO - Processing /home/airflow/.local/lib/python3.6/site-packages/airflow/example_dags/tutorial.py took 0.066 seconds
[2024-09-09 21:11:38,514] {scheduler_job.py:182} INFO - Started process (PID=41) to work on /home/airflow/.local/lib/python3.6/site-packages/airflow/example_dags/tutorial.py
[2024-09-09 21:11:38,515] {scheduler_job.py:629} INFO - Processing file /home/airflow/.local/lib/python3.6/site-packages/airflow/example_dags/tutorial.py for tasks to queue
[2024-09-09 21:11:38,516] {logging_mixin.py:104} INFO - [2024-09-09 21:11:38,516] {dagbag.py:451} INFO - Filling up the DagBag from /home/airflow/.local/lib/python3.6/site-packages/airflow/example_dags/tutorial.py
[2024-09-09 21:11:38,524] {scheduler_job.py:639} INFO - DAG(s) dict_keys(['tutorial']) retrieved from /home/airflow/.local/lib/python3.6/site-packages/airflow/example_dags/tutorial.py
[2024-09-09 21:11:38,544] {logging_mixin.py:104} INFO - [2024-09-09 21:11:38,543] {dag.py:1824} INFO - Sync 1 DAGs
[2024-09-09 21:11:38,562] {logging_mixin.py:104} INFO - [2024-09-09 21:11:38,562] {dag.py:2280} INFO - Setting next_dagrun for tutorial to 2024-09-07 00:00:00+00:00
[2024-09-09 21:11:38,572] {scheduler_job.py:190} INFO - Processing /home/airflow/.local/lib/python3.6/site-packages/airflow/example_dags/tutorial.py took 0.060 seconds
[2024-09-09 21:12:09,054] {scheduler_job.py:182} INFO - Started process (PID=70) to work on /home/airflow/.local/lib/python3.6/site-packages/airflow/example_dags/tutorial.py
[2024-09-09 21:12:09,055] {scheduler_job.py:629} INFO - Processing file /home/airflow/.local/lib/python3.6/site-packages/airflow/example_dags/tutorial.py for tasks to queue
[2024-09-09 21:12:09,056] {logging_mixin.py:104} INFO - [2024-09-09 21:12:09,056] {dagbag.py:451} INFO - Filling up the DagBag from /home/airflow/.local/lib/python3.6/site-packages/airflow/example_dags/tutorial.py
[2024-09-09 21:12:09,066] {scheduler_job.py:639} INFO - DAG(s) dict_keys(['tutorial']) retrieved from /home/airflow/.local/lib/python3.6/site-packages/airflow/example_dags/tutorial.py
[2024-09-09 21:12:09,088] {logging_mixin.py:104} INFO - [2024-09-09 21:12:09,088] {dag.py:1824} INFO - Sync 1 DAGs
[2024-09-09 21:12:09,107] {logging_mixin.py:104} INFO - [2024-09-09 21:12:09,106] {dag.py:2280} INFO - Setting next_dagrun for tutorial to 2024-09-07 00:00:00+00:00
[2024-09-09 21:12:09,118] {scheduler_job.py:190} INFO - Processing /home/airflow/.local/lib/python3.6/site-packages/airflow/example_dags/tutorial.py took 0.067 seconds
[2024-09-09 21:12:39,167] {scheduler_job.py:182} INFO - Started process (PID=95) to work on /home/airflow/.local/lib/python3.6/site-packages/airflow/example_dags/tutorial.py
[2024-09-09 21:12:39,168] {scheduler_job.py:629} INFO - Processing file /home/airflow/.local/lib/python3.6/site-packages/airflow/example_dags/tutorial.py for tasks to queue
[2024-09-09 21:12:39,168] {logging_mixin.py:104} INFO - [2024-09-09 21:12:39,168] {dagbag.py:451} INFO - Filling up the DagBag from /home/airflow/.local/lib/python3.6/site-packages/airflow/example_dags/tutorial.py
[2024-09-09 21:12:39,179] {scheduler_job.py:639} INFO - DAG(s) dict_keys(['tutorial']) retrieved from /home/airflow/.local/lib/python3.6/site-packages/airflow/example_dags/tutorial.py
[2024-09-09 21:12:39,204] {logging_mixin.py:104} INFO - [2024-09-09 21:12:39,204] {dag.py:1824} INFO - Sync 1 DAGs
[2024-09-09 21:12:39,223] {logging_mixin.py:104} INFO - [2024-09-09 21:12:39,223] {dag.py:2280} INFO - Setting next_dagrun for tutorial to 2024-09-07 00:00:00+00:00
[2024-09-09 21:12:39,234] {scheduler_job.py:190} INFO - Processing /home/airflow/.local/lib/python3.6/site-packages/airflow/example_dags/tutorial.py took 0.070 seconds
[2024-09-09 21:13:09,516] {scheduler_job.py:182} INFO - Started process (PID=123) to work on /home/airflow/.local/lib/python3.6/site-packages/airflow/example_dags/tutorial.py
[2024-09-09 21:13:09,517] {scheduler_job.py:629} INFO - Processing file /home/airflow/.local/lib/python3.6/site-packages/airflow/example_dags/tutorial.py for tasks to queue
[2024-09-09 21:13:09,517] {logging_mixin.py:104} INFO - [2024-09-09 21:13:09,517] {dagbag.py:451} INFO - Filling up the DagBag from /home/airflow/.local/lib/python3.6/site-packages/airflow/example_dags/tutorial.py
[2024-09-09 21:13:09,527] {scheduler_job.py:639} INFO - DAG(s) dict_keys(['tutorial']) retrieved from /home/airflow/.local/lib/python3.6/site-packages/airflow/example_dags/tutorial.py
[2024-09-09 21:13:09,551] {logging_mixin.py:104} INFO - [2024-09-09 21:13:09,551] {dag.py:1824} INFO - Sync 1 DAGs
[2024-09-09 21:13:09,569] {logging_mixin.py:104} INFO - [2024-09-09 21:13:09,569] {dag.py:2280} INFO - Setting next_dagrun for tutorial to 2024-09-07 00:00:00+00:00
[2024-09-09 21:13:09,579] {scheduler_job.py:190} INFO - Processing /home/airflow/.local/lib/python3.6/site-packages/airflow/example_dags/tutorial.py took 0.067 seconds
[2024-09-09 21:13:40,029] {scheduler_job.py:182} INFO - Started process (PID=154) to work on /home/airflow/.local/lib/python3.6/site-packages/airflow/example_dags/tutorial.py
[2024-09-09 21:13:40,030] {scheduler_job.py:629} INFO - Processing file /home/airflow/.local/lib/python3.6/site-packages/airflow/example_dags/tutorial.py for tasks to queue
[2024-09-09 21:13:40,030] {logging_mixin.py:104} INFO - [2024-09-09 21:13:40,030] {dagbag.py:451} INFO - Filling up the DagBag from /home/airflow/.local/lib/python3.6/site-packages/airflow/example_dags/tutorial.py
[2024-09-09 21:13:40,040] {scheduler_job.py:639} INFO - DAG(s) dict_keys(['tutorial']) retrieved from /home/airflow/.local/lib/python3.6/site-packages/airflow/example_dags/tutorial.py
[2024-09-09 21:13:40,063] {logging_mixin.py:104} INFO - [2024-09-09 21:13:40,063] {dag.py:1824} INFO - Sync 1 DAGs
[2024-09-09 21:13:40,082] {logging_mixin.py:104} INFO - [2024-09-09 21:13:40,082] {dag.py:2280} INFO - Setting next_dagrun for tutorial to 2024-09-07 00:00:00+00:00
[2024-09-09 21:13:40,092] {scheduler_job.py:190} INFO - Processing /home/airflow/.local/lib/python3.6/site-packages/airflow/example_dags/tutorial.py took 0.067 seconds
[2024-09-09 21:14:10,608] {scheduler_job.py:182} INFO - Started process (PID=182) to work on /home/airflow/.local/lib/python3.6/site-packages/airflow/example_dags/tutorial.py
[2024-09-09 21:14:10,609] {scheduler_job.py:629} INFO - Processing file /home/airflow/.local/lib/python3.6/site-packages/airflow/example_dags/tutorial.py for tasks to queue
[2024-09-09 21:14:10,610] {logging_mixin.py:104} INFO - [2024-09-09 21:14:10,610] {dagbag.py:451} INFO - Filling up the DagBag from /home/airflow/.local/lib/python3.6/site-packages/airflow/example_dags/tutorial.py
[2024-09-09 21:14:10,624] {scheduler_job.py:639} INFO - DAG(s) dict_keys(['tutorial']) retrieved from /home/airflow/.local/lib/python3.6/site-packages/airflow/example_dags/tutorial.py
[2024-09-09 21:14:10,655] {logging_mixin.py:104} INFO - [2024-09-09 21:14:10,655] {dag.py:1824} INFO - Sync 1 DAGs
[2024-09-09 21:14:10,681] {logging_mixin.py:104} INFO - [2024-09-09 21:14:10,681] {dag.py:2280} INFO - Setting next_dagrun for tutorial to 2024-09-07 00:00:00+00:00
[2024-09-09 21:14:10,694] {scheduler_job.py:190} INFO - Processing /home/airflow/.local/lib/python3.6/site-packages/airflow/example_dags/tutorial.py took 0.090 seconds
[2024-09-09 21:14:41,119] {scheduler_job.py:182} INFO - Started process (PID=208) to work on /home/airflow/.local/lib/python3.6/site-packages/airflow/example_dags/tutorial.py
[2024-09-09 21:14:41,121] {scheduler_job.py:629} INFO - Processing file /home/airflow/.local/lib/python3.6/site-packages/airflow/example_dags/tutorial.py for tasks to queue
[2024-09-09 21:14:41,121] {logging_mixin.py:104} INFO - [2024-09-09 21:14:41,121] {dagbag.py:451} INFO - Filling up the DagBag from /home/airflow/.local/lib/python3.6/site-packages/airflow/example_dags/tutorial.py
[2024-09-09 21:14:41,132] {scheduler_job.py:639} INFO - DAG(s) dict_keys(['tutorial']) retrieved from /home/airflow/.local/lib/python3.6/site-packages/airflow/example_dags/tutorial.py
[2024-09-09 21:14:41,158] {logging_mixin.py:104} INFO - [2024-09-09 21:14:41,158] {dag.py:1824} INFO - Sync 1 DAGs
[2024-09-09 21:14:41,176] {logging_mixin.py:104} INFO - [2024-09-09 21:14:41,176] {dag.py:2280} INFO - Setting next_dagrun for tutorial to 2024-09-07 00:00:00+00:00
[2024-09-09 21:14:41,186] {scheduler_job.py:190} INFO - Processing /home/airflow/.local/lib/python3.6/site-packages/airflow/example_dags/tutorial.py took 0.070 seconds
