[2024-09-16 19:55:54,626] {processor.py:153} INFO - Started process (PID=87) to work on /home/airflow/.local/lib/python3.7/site-packages/airflow/example_dags/example_dag_decorator.py
[2024-09-16 19:55:54,627] {processor.py:641} INFO - Processing file /home/airflow/.local/lib/python3.7/site-packages/airflow/example_dags/example_dag_decorator.py for tasks to queue
[2024-09-16 19:55:54,627] {logging_mixin.py:115} INFO - [2024-09-16 19:55:54,627] {dagbag.py:507} INFO - Filling up the DagBag from /home/airflow/.local/lib/python3.7/site-packages/airflow/example_dags/example_dag_decorator.py
[2024-09-16 19:55:54,675] {processor.py:651} INFO - DAG(s) dict_keys(['example_dag_decorator']) retrieved from /home/airflow/.local/lib/python3.7/site-packages/airflow/example_dags/example_dag_decorator.py
[2024-09-16 19:55:54,856] {logging_mixin.py:115} INFO - [2024-09-16 19:55:54,855] {dag.py:2379} INFO - Sync 1 DAGs
[2024-09-16 19:55:55,319] {logging_mixin.py:115} INFO - [2024-09-16 19:55:55,319] {dag.py:2927} INFO - Setting next_dagrun for example_dag_decorator to None, run_after=None
[2024-09-16 19:55:55,345] {processor.py:161} INFO - Processing /home/airflow/.local/lib/python3.7/site-packages/airflow/example_dags/example_dag_decorator.py took 0.726 seconds
[2024-09-16 19:56:26,252] {processor.py:153} INFO - Started process (PID=153) to work on /home/airflow/.local/lib/python3.7/site-packages/airflow/example_dags/example_dag_decorator.py
[2024-09-16 19:56:26,253] {processor.py:641} INFO - Processing file /home/airflow/.local/lib/python3.7/site-packages/airflow/example_dags/example_dag_decorator.py for tasks to queue
[2024-09-16 19:56:26,254] {logging_mixin.py:115} INFO - [2024-09-16 19:56:26,254] {dagbag.py:507} INFO - Filling up the DagBag from /home/airflow/.local/lib/python3.7/site-packages/airflow/example_dags/example_dag_decorator.py
[2024-09-16 19:56:26,283] {processor.py:651} INFO - DAG(s) dict_keys(['example_dag_decorator']) retrieved from /home/airflow/.local/lib/python3.7/site-packages/airflow/example_dags/example_dag_decorator.py
[2024-09-16 19:56:26,368] {logging_mixin.py:115} INFO - [2024-09-16 19:56:26,368] {dag.py:2379} INFO - Sync 1 DAGs
[2024-09-16 19:56:26,590] {logging_mixin.py:115} INFO - [2024-09-16 19:56:26,590] {dag.py:2927} INFO - Setting next_dagrun for example_dag_decorator to None, run_after=None
[2024-09-16 19:56:26,628] {processor.py:161} INFO - Processing /home/airflow/.local/lib/python3.7/site-packages/airflow/example_dags/example_dag_decorator.py took 0.380 seconds
[2024-09-16 19:56:56,879] {processor.py:153} INFO - Started process (PID=195) to work on /home/airflow/.local/lib/python3.7/site-packages/airflow/example_dags/example_dag_decorator.py
[2024-09-16 19:56:56,880] {processor.py:641} INFO - Processing file /home/airflow/.local/lib/python3.7/site-packages/airflow/example_dags/example_dag_decorator.py for tasks to queue
[2024-09-16 19:56:56,881] {logging_mixin.py:115} INFO - [2024-09-16 19:56:56,881] {dagbag.py:507} INFO - Filling up the DagBag from /home/airflow/.local/lib/python3.7/site-packages/airflow/example_dags/example_dag_decorator.py
[2024-09-16 19:56:56,913] {processor.py:651} INFO - DAG(s) dict_keys(['example_dag_decorator']) retrieved from /home/airflow/.local/lib/python3.7/site-packages/airflow/example_dags/example_dag_decorator.py
[2024-09-16 19:56:56,995] {logging_mixin.py:115} INFO - [2024-09-16 19:56:56,995] {dag.py:2379} INFO - Sync 1 DAGs
[2024-09-16 19:56:57,162] {logging_mixin.py:115} INFO - [2024-09-16 19:56:57,162] {dag.py:2927} INFO - Setting next_dagrun for example_dag_decorator to None, run_after=None
[2024-09-16 19:56:57,177] {processor.py:161} INFO - Processing /home/airflow/.local/lib/python3.7/site-packages/airflow/example_dags/example_dag_decorator.py took 0.303 seconds
[2024-09-16 19:57:27,223] {processor.py:153} INFO - Started process (PID=237) to work on /home/airflow/.local/lib/python3.7/site-packages/airflow/example_dags/example_dag_decorator.py
[2024-09-16 19:57:27,233] {processor.py:641} INFO - Processing file /home/airflow/.local/lib/python3.7/site-packages/airflow/example_dags/example_dag_decorator.py for tasks to queue
[2024-09-16 19:57:27,234] {logging_mixin.py:115} INFO - [2024-09-16 19:57:27,234] {dagbag.py:507} INFO - Filling up the DagBag from /home/airflow/.local/lib/python3.7/site-packages/airflow/example_dags/example_dag_decorator.py
[2024-09-16 19:57:27,265] {processor.py:651} INFO - DAG(s) dict_keys(['example_dag_decorator']) retrieved from /home/airflow/.local/lib/python3.7/site-packages/airflow/example_dags/example_dag_decorator.py
[2024-09-16 19:57:27,344] {logging_mixin.py:115} INFO - [2024-09-16 19:57:27,344] {dag.py:2379} INFO - Sync 1 DAGs
[2024-09-16 19:57:27,502] {logging_mixin.py:115} INFO - [2024-09-16 19:57:27,502] {dag.py:2927} INFO - Setting next_dagrun for example_dag_decorator to None, run_after=None
[2024-09-16 19:57:27,526] {processor.py:161} INFO - Processing /home/airflow/.local/lib/python3.7/site-packages/airflow/example_dags/example_dag_decorator.py took 0.308 seconds
[2024-09-16 19:57:58,105] {processor.py:153} INFO - Started process (PID=279) to work on /home/airflow/.local/lib/python3.7/site-packages/airflow/example_dags/example_dag_decorator.py
[2024-09-16 19:57:58,106] {processor.py:641} INFO - Processing file /home/airflow/.local/lib/python3.7/site-packages/airflow/example_dags/example_dag_decorator.py for tasks to queue
[2024-09-16 19:57:58,107] {logging_mixin.py:115} INFO - [2024-09-16 19:57:58,107] {dagbag.py:507} INFO - Filling up the DagBag from /home/airflow/.local/lib/python3.7/site-packages/airflow/example_dags/example_dag_decorator.py
[2024-09-16 19:57:58,133] {processor.py:651} INFO - DAG(s) dict_keys(['example_dag_decorator']) retrieved from /home/airflow/.local/lib/python3.7/site-packages/airflow/example_dags/example_dag_decorator.py
[2024-09-16 19:57:58,213] {logging_mixin.py:115} INFO - [2024-09-16 19:57:58,213] {dag.py:2379} INFO - Sync 1 DAGs
[2024-09-16 19:57:58,382] {logging_mixin.py:115} INFO - [2024-09-16 19:57:58,382] {dag.py:2927} INFO - Setting next_dagrun for example_dag_decorator to None, run_after=None
[2024-09-16 19:57:58,401] {processor.py:161} INFO - Processing /home/airflow/.local/lib/python3.7/site-packages/airflow/example_dags/example_dag_decorator.py took 0.300 seconds
[2024-09-16 19:58:28,885] {processor.py:153} INFO - Started process (PID=321) to work on /home/airflow/.local/lib/python3.7/site-packages/airflow/example_dags/example_dag_decorator.py
[2024-09-16 19:58:28,886] {processor.py:641} INFO - Processing file /home/airflow/.local/lib/python3.7/site-packages/airflow/example_dags/example_dag_decorator.py for tasks to queue
[2024-09-16 19:58:28,887] {logging_mixin.py:115} INFO - [2024-09-16 19:58:28,887] {dagbag.py:507} INFO - Filling up the DagBag from /home/airflow/.local/lib/python3.7/site-packages/airflow/example_dags/example_dag_decorator.py
[2024-09-16 19:58:28,913] {processor.py:651} INFO - DAG(s) dict_keys(['example_dag_decorator']) retrieved from /home/airflow/.local/lib/python3.7/site-packages/airflow/example_dags/example_dag_decorator.py
[2024-09-16 19:58:28,942] {logging_mixin.py:115} INFO - [2024-09-16 19:58:28,942] {dag.py:2379} INFO - Sync 1 DAGs
[2024-09-16 19:58:28,968] {logging_mixin.py:115} INFO - [2024-09-16 19:58:28,968] {dag.py:2927} INFO - Setting next_dagrun for example_dag_decorator to None, run_after=None
[2024-09-16 19:58:28,982] {processor.py:161} INFO - Processing /home/airflow/.local/lib/python3.7/site-packages/airflow/example_dags/example_dag_decorator.py took 0.101 seconds
[2024-09-16 19:58:59,830] {processor.py:153} INFO - Started process (PID=363) to work on /home/airflow/.local/lib/python3.7/site-packages/airflow/example_dags/example_dag_decorator.py
[2024-09-16 19:58:59,840] {processor.py:641} INFO - Processing file /home/airflow/.local/lib/python3.7/site-packages/airflow/example_dags/example_dag_decorator.py for tasks to queue
[2024-09-16 19:58:59,841] {logging_mixin.py:115} INFO - [2024-09-16 19:58:59,841] {dagbag.py:507} INFO - Filling up the DagBag from /home/airflow/.local/lib/python3.7/site-packages/airflow/example_dags/example_dag_decorator.py
[2024-09-16 19:58:59,871] {processor.py:651} INFO - DAG(s) dict_keys(['example_dag_decorator']) retrieved from /home/airflow/.local/lib/python3.7/site-packages/airflow/example_dags/example_dag_decorator.py
[2024-09-16 19:58:59,952] {logging_mixin.py:115} INFO - [2024-09-16 19:58:59,952] {dag.py:2379} INFO - Sync 1 DAGs
[2024-09-16 19:59:00,176] {logging_mixin.py:115} INFO - [2024-09-16 19:59:00,176] {dag.py:2927} INFO - Setting next_dagrun for example_dag_decorator to None, run_after=None
[2024-09-16 19:59:00,200] {processor.py:161} INFO - Processing /home/airflow/.local/lib/python3.7/site-packages/airflow/example_dags/example_dag_decorator.py took 0.374 seconds
[2024-09-16 19:59:30,677] {processor.py:153} INFO - Started process (PID=405) to work on /home/airflow/.local/lib/python3.7/site-packages/airflow/example_dags/example_dag_decorator.py
[2024-09-16 19:59:30,677] {processor.py:641} INFO - Processing file /home/airflow/.local/lib/python3.7/site-packages/airflow/example_dags/example_dag_decorator.py for tasks to queue
[2024-09-16 19:59:30,678] {logging_mixin.py:115} INFO - [2024-09-16 19:59:30,678] {dagbag.py:507} INFO - Filling up the DagBag from /home/airflow/.local/lib/python3.7/site-packages/airflow/example_dags/example_dag_decorator.py
[2024-09-16 19:59:30,705] {processor.py:651} INFO - DAG(s) dict_keys(['example_dag_decorator']) retrieved from /home/airflow/.local/lib/python3.7/site-packages/airflow/example_dags/example_dag_decorator.py
[2024-09-16 19:59:30,787] {logging_mixin.py:115} INFO - [2024-09-16 19:59:30,787] {dag.py:2379} INFO - Sync 1 DAGs
[2024-09-16 19:59:30,944] {logging_mixin.py:115} INFO - [2024-09-16 19:59:30,944] {dag.py:2927} INFO - Setting next_dagrun for example_dag_decorator to None, run_after=None
[2024-09-16 19:59:30,970] {processor.py:161} INFO - Processing /home/airflow/.local/lib/python3.7/site-packages/airflow/example_dags/example_dag_decorator.py took 0.298 seconds
[2024-09-16 20:00:01,115] {processor.py:153} INFO - Started process (PID=447) to work on /home/airflow/.local/lib/python3.7/site-packages/airflow/example_dags/example_dag_decorator.py
[2024-09-16 20:00:01,115] {processor.py:641} INFO - Processing file /home/airflow/.local/lib/python3.7/site-packages/airflow/example_dags/example_dag_decorator.py for tasks to queue
[2024-09-16 20:00:01,116] {logging_mixin.py:115} INFO - [2024-09-16 20:00:01,116] {dagbag.py:507} INFO - Filling up the DagBag from /home/airflow/.local/lib/python3.7/site-packages/airflow/example_dags/example_dag_decorator.py
[2024-09-16 20:00:01,152] {processor.py:651} INFO - DAG(s) dict_keys(['example_dag_decorator']) retrieved from /home/airflow/.local/lib/python3.7/site-packages/airflow/example_dags/example_dag_decorator.py
[2024-09-16 20:00:01,239] {logging_mixin.py:115} INFO - [2024-09-16 20:00:01,239] {dag.py:2379} INFO - Sync 1 DAGs
[2024-09-16 20:00:01,461] {logging_mixin.py:115} INFO - [2024-09-16 20:00:01,461] {dag.py:2927} INFO - Setting next_dagrun for example_dag_decorator to None, run_after=None
[2024-09-16 20:00:01,476] {processor.py:161} INFO - Processing /home/airflow/.local/lib/python3.7/site-packages/airflow/example_dags/example_dag_decorator.py took 0.368 seconds
[2024-09-16 20:00:31,724] {processor.py:153} INFO - Started process (PID=489) to work on /home/airflow/.local/lib/python3.7/site-packages/airflow/example_dags/example_dag_decorator.py
[2024-09-16 20:00:31,725] {processor.py:641} INFO - Processing file /home/airflow/.local/lib/python3.7/site-packages/airflow/example_dags/example_dag_decorator.py for tasks to queue
[2024-09-16 20:00:31,726] {logging_mixin.py:115} INFO - [2024-09-16 20:00:31,725] {dagbag.py:507} INFO - Filling up the DagBag from /home/airflow/.local/lib/python3.7/site-packages/airflow/example_dags/example_dag_decorator.py
[2024-09-16 20:00:31,755] {processor.py:651} INFO - DAG(s) dict_keys(['example_dag_decorator']) retrieved from /home/airflow/.local/lib/python3.7/site-packages/airflow/example_dags/example_dag_decorator.py
[2024-09-16 20:00:31,840] {logging_mixin.py:115} INFO - [2024-09-16 20:00:31,840] {dag.py:2379} INFO - Sync 1 DAGs
[2024-09-16 20:00:32,029] {logging_mixin.py:115} INFO - [2024-09-16 20:00:32,029] {dag.py:2927} INFO - Setting next_dagrun for example_dag_decorator to None, run_after=None
[2024-09-16 20:00:32,044] {processor.py:161} INFO - Processing /home/airflow/.local/lib/python3.7/site-packages/airflow/example_dags/example_dag_decorator.py took 0.325 seconds
[2024-09-16 20:01:02,465] {processor.py:153} INFO - Started process (PID=531) to work on /home/airflow/.local/lib/python3.7/site-packages/airflow/example_dags/example_dag_decorator.py
[2024-09-16 20:01:02,466] {processor.py:641} INFO - Processing file /home/airflow/.local/lib/python3.7/site-packages/airflow/example_dags/example_dag_decorator.py for tasks to queue
[2024-09-16 20:01:02,467] {logging_mixin.py:115} INFO - [2024-09-16 20:01:02,467] {dagbag.py:507} INFO - Filling up the DagBag from /home/airflow/.local/lib/python3.7/site-packages/airflow/example_dags/example_dag_decorator.py
[2024-09-16 20:01:02,492] {processor.py:651} INFO - DAG(s) dict_keys(['example_dag_decorator']) retrieved from /home/airflow/.local/lib/python3.7/site-packages/airflow/example_dags/example_dag_decorator.py
[2024-09-16 20:01:02,729] {logging_mixin.py:115} INFO - [2024-09-16 20:01:02,729] {dag.py:2379} INFO - Sync 1 DAGs
[2024-09-16 20:01:02,753] {logging_mixin.py:115} INFO - [2024-09-16 20:01:02,753] {dag.py:2927} INFO - Setting next_dagrun for example_dag_decorator to None, run_after=None
[2024-09-16 20:01:02,769] {processor.py:161} INFO - Processing /home/airflow/.local/lib/python3.7/site-packages/airflow/example_dags/example_dag_decorator.py took 0.307 seconds
[2024-09-16 20:01:33,312] {processor.py:153} INFO - Started process (PID=571) to work on /home/airflow/.local/lib/python3.7/site-packages/airflow/example_dags/example_dag_decorator.py
[2024-09-16 20:01:33,313] {processor.py:641} INFO - Processing file /home/airflow/.local/lib/python3.7/site-packages/airflow/example_dags/example_dag_decorator.py for tasks to queue
[2024-09-16 20:01:33,314] {logging_mixin.py:115} INFO - [2024-09-16 20:01:33,313] {dagbag.py:507} INFO - Filling up the DagBag from /home/airflow/.local/lib/python3.7/site-packages/airflow/example_dags/example_dag_decorator.py
[2024-09-16 20:01:33,350] {processor.py:651} INFO - DAG(s) dict_keys(['example_dag_decorator']) retrieved from /home/airflow/.local/lib/python3.7/site-packages/airflow/example_dags/example_dag_decorator.py
[2024-09-16 20:01:33,588] {logging_mixin.py:115} INFO - [2024-09-16 20:01:33,587] {dag.py:2379} INFO - Sync 1 DAGs
[2024-09-16 20:01:33,611] {logging_mixin.py:115} INFO - [2024-09-16 20:01:33,610] {dag.py:2927} INFO - Setting next_dagrun for example_dag_decorator to None, run_after=None
[2024-09-16 20:01:33,636] {processor.py:161} INFO - Processing /home/airflow/.local/lib/python3.7/site-packages/airflow/example_dags/example_dag_decorator.py took 0.329 seconds
[2024-09-16 20:02:04,621] {processor.py:153} INFO - Started process (PID=615) to work on /home/airflow/.local/lib/python3.7/site-packages/airflow/example_dags/example_dag_decorator.py
[2024-09-16 20:02:04,622] {processor.py:641} INFO - Processing file /home/airflow/.local/lib/python3.7/site-packages/airflow/example_dags/example_dag_decorator.py for tasks to queue
[2024-09-16 20:02:04,623] {logging_mixin.py:115} INFO - [2024-09-16 20:02:04,623] {dagbag.py:507} INFO - Filling up the DagBag from /home/airflow/.local/lib/python3.7/site-packages/airflow/example_dags/example_dag_decorator.py
[2024-09-16 20:02:04,651] {processor.py:651} INFO - DAG(s) dict_keys(['example_dag_decorator']) retrieved from /home/airflow/.local/lib/python3.7/site-packages/airflow/example_dags/example_dag_decorator.py
[2024-09-16 20:02:04,883] {logging_mixin.py:115} INFO - [2024-09-16 20:02:04,883] {dag.py:2379} INFO - Sync 1 DAGs
[2024-09-16 20:02:04,908] {logging_mixin.py:115} INFO - [2024-09-16 20:02:04,907] {dag.py:2927} INFO - Setting next_dagrun for example_dag_decorator to None, run_after=None
[2024-09-16 20:02:04,934] {processor.py:161} INFO - Processing /home/airflow/.local/lib/python3.7/site-packages/airflow/example_dags/example_dag_decorator.py took 0.317 seconds
[2024-09-16 20:02:34,985] {processor.py:153} INFO - Started process (PID=657) to work on /home/airflow/.local/lib/python3.7/site-packages/airflow/example_dags/example_dag_decorator.py
[2024-09-16 20:02:34,986] {processor.py:641} INFO - Processing file /home/airflow/.local/lib/python3.7/site-packages/airflow/example_dags/example_dag_decorator.py for tasks to queue
[2024-09-16 20:02:34,986] {logging_mixin.py:115} INFO - [2024-09-16 20:02:34,986] {dagbag.py:507} INFO - Filling up the DagBag from /home/airflow/.local/lib/python3.7/site-packages/airflow/example_dags/example_dag_decorator.py
[2024-09-16 20:02:35,011] {processor.py:651} INFO - DAG(s) dict_keys(['example_dag_decorator']) retrieved from /home/airflow/.local/lib/python3.7/site-packages/airflow/example_dags/example_dag_decorator.py
[2024-09-16 20:02:35,040] {logging_mixin.py:115} INFO - [2024-09-16 20:02:35,039] {dag.py:2379} INFO - Sync 1 DAGs
[2024-09-16 20:02:35,066] {logging_mixin.py:115} INFO - [2024-09-16 20:02:35,065] {dag.py:2927} INFO - Setting next_dagrun for example_dag_decorator to None, run_after=None
[2024-09-16 20:02:35,079] {processor.py:161} INFO - Processing /home/airflow/.local/lib/python3.7/site-packages/airflow/example_dags/example_dag_decorator.py took 0.097 seconds
[2024-09-16 20:03:05,870] {processor.py:153} INFO - Started process (PID=699) to work on /home/airflow/.local/lib/python3.7/site-packages/airflow/example_dags/example_dag_decorator.py
[2024-09-16 20:03:05,871] {processor.py:641} INFO - Processing file /home/airflow/.local/lib/python3.7/site-packages/airflow/example_dags/example_dag_decorator.py for tasks to queue
[2024-09-16 20:03:05,872] {logging_mixin.py:115} INFO - [2024-09-16 20:03:05,871] {dagbag.py:507} INFO - Filling up the DagBag from /home/airflow/.local/lib/python3.7/site-packages/airflow/example_dags/example_dag_decorator.py
[2024-09-16 20:03:05,897] {processor.py:651} INFO - DAG(s) dict_keys(['example_dag_decorator']) retrieved from /home/airflow/.local/lib/python3.7/site-packages/airflow/example_dags/example_dag_decorator.py
[2024-09-16 20:03:06,114] {logging_mixin.py:115} INFO - [2024-09-16 20:03:06,114] {dag.py:2379} INFO - Sync 1 DAGs
[2024-09-16 20:03:06,137] {logging_mixin.py:115} INFO - [2024-09-16 20:03:06,137] {dag.py:2927} INFO - Setting next_dagrun for example_dag_decorator to None, run_after=None
[2024-09-16 20:03:06,151] {processor.py:161} INFO - Processing /home/airflow/.local/lib/python3.7/site-packages/airflow/example_dags/example_dag_decorator.py took 0.286 seconds
[2024-09-16 20:03:36,654] {processor.py:153} INFO - Started process (PID=741) to work on /home/airflow/.local/lib/python3.7/site-packages/airflow/example_dags/example_dag_decorator.py
[2024-09-16 20:03:36,664] {processor.py:641} INFO - Processing file /home/airflow/.local/lib/python3.7/site-packages/airflow/example_dags/example_dag_decorator.py for tasks to queue
[2024-09-16 20:03:36,665] {logging_mixin.py:115} INFO - [2024-09-16 20:03:36,665] {dagbag.py:507} INFO - Filling up the DagBag from /home/airflow/.local/lib/python3.7/site-packages/airflow/example_dags/example_dag_decorator.py
[2024-09-16 20:03:36,695] {processor.py:651} INFO - DAG(s) dict_keys(['example_dag_decorator']) retrieved from /home/airflow/.local/lib/python3.7/site-packages/airflow/example_dags/example_dag_decorator.py
[2024-09-16 20:03:36,724] {logging_mixin.py:115} INFO - [2024-09-16 20:03:36,724] {dag.py:2379} INFO - Sync 1 DAGs
[2024-09-16 20:03:36,750] {logging_mixin.py:115} INFO - [2024-09-16 20:03:36,750] {dag.py:2927} INFO - Setting next_dagrun for example_dag_decorator to None, run_after=None
[2024-09-16 20:03:36,763] {processor.py:161} INFO - Processing /home/airflow/.local/lib/python3.7/site-packages/airflow/example_dags/example_dag_decorator.py took 0.114 seconds
[2024-09-16 20:04:07,357] {processor.py:153} INFO - Started process (PID=782) to work on /home/airflow/.local/lib/python3.7/site-packages/airflow/example_dags/example_dag_decorator.py
[2024-09-16 20:04:07,360] {processor.py:641} INFO - Processing file /home/airflow/.local/lib/python3.7/site-packages/airflow/example_dags/example_dag_decorator.py for tasks to queue
[2024-09-16 20:04:07,361] {logging_mixin.py:115} INFO - [2024-09-16 20:04:07,361] {dagbag.py:507} INFO - Filling up the DagBag from /home/airflow/.local/lib/python3.7/site-packages/airflow/example_dags/example_dag_decorator.py
[2024-09-16 20:04:07,387] {processor.py:651} INFO - DAG(s) dict_keys(['example_dag_decorator']) retrieved from /home/airflow/.local/lib/python3.7/site-packages/airflow/example_dags/example_dag_decorator.py
[2024-09-16 20:04:07,603] {logging_mixin.py:115} INFO - [2024-09-16 20:04:07,603] {dag.py:2379} INFO - Sync 1 DAGs
[2024-09-16 20:04:07,627] {logging_mixin.py:115} INFO - [2024-09-16 20:04:07,627] {dag.py:2927} INFO - Setting next_dagrun for example_dag_decorator to None, run_after=None
[2024-09-16 20:04:07,643] {processor.py:161} INFO - Processing /home/airflow/.local/lib/python3.7/site-packages/airflow/example_dags/example_dag_decorator.py took 0.290 seconds
[2024-09-16 20:04:37,969] {processor.py:153} INFO - Started process (PID=824) to work on /home/airflow/.local/lib/python3.7/site-packages/airflow/example_dags/example_dag_decorator.py
[2024-09-16 20:04:37,979] {processor.py:641} INFO - Processing file /home/airflow/.local/lib/python3.7/site-packages/airflow/example_dags/example_dag_decorator.py for tasks to queue
[2024-09-16 20:04:37,980] {logging_mixin.py:115} INFO - [2024-09-16 20:04:37,980] {dagbag.py:507} INFO - Filling up the DagBag from /home/airflow/.local/lib/python3.7/site-packages/airflow/example_dags/example_dag_decorator.py
[2024-09-16 20:04:38,009] {processor.py:651} INFO - DAG(s) dict_keys(['example_dag_decorator']) retrieved from /home/airflow/.local/lib/python3.7/site-packages/airflow/example_dags/example_dag_decorator.py
[2024-09-16 20:04:38,039] {logging_mixin.py:115} INFO - [2024-09-16 20:04:38,039] {dag.py:2379} INFO - Sync 1 DAGs
[2024-09-16 20:04:38,065] {logging_mixin.py:115} INFO - [2024-09-16 20:04:38,065] {dag.py:2927} INFO - Setting next_dagrun for example_dag_decorator to None, run_after=None
[2024-09-16 20:04:38,078] {processor.py:161} INFO - Processing /home/airflow/.local/lib/python3.7/site-packages/airflow/example_dags/example_dag_decorator.py took 0.114 seconds
[2024-09-16 20:05:08,660] {processor.py:153} INFO - Started process (PID=872) to work on /home/airflow/.local/lib/python3.7/site-packages/airflow/example_dags/example_dag_decorator.py
[2024-09-16 20:05:08,661] {processor.py:641} INFO - Processing file /home/airflow/.local/lib/python3.7/site-packages/airflow/example_dags/example_dag_decorator.py for tasks to queue
[2024-09-16 20:05:08,661] {logging_mixin.py:115} INFO - [2024-09-16 20:05:08,661] {dagbag.py:507} INFO - Filling up the DagBag from /home/airflow/.local/lib/python3.7/site-packages/airflow/example_dags/example_dag_decorator.py
[2024-09-16 20:05:08,687] {processor.py:651} INFO - DAG(s) dict_keys(['example_dag_decorator']) retrieved from /home/airflow/.local/lib/python3.7/site-packages/airflow/example_dags/example_dag_decorator.py
[2024-09-16 20:05:08,718] {logging_mixin.py:115} INFO - [2024-09-16 20:05:08,718] {dag.py:2379} INFO - Sync 1 DAGs
[2024-09-16 20:05:08,743] {logging_mixin.py:115} INFO - [2024-09-16 20:05:08,743] {dag.py:2927} INFO - Setting next_dagrun for example_dag_decorator to None, run_after=None
[2024-09-16 20:05:08,756] {processor.py:161} INFO - Processing /home/airflow/.local/lib/python3.7/site-packages/airflow/example_dags/example_dag_decorator.py took 0.099 seconds
[2024-09-16 20:05:39,326] {processor.py:153} INFO - Started process (PID=913) to work on /home/airflow/.local/lib/python3.7/site-packages/airflow/example_dags/example_dag_decorator.py
[2024-09-16 20:05:39,327] {processor.py:641} INFO - Processing file /home/airflow/.local/lib/python3.7/site-packages/airflow/example_dags/example_dag_decorator.py for tasks to queue
[2024-09-16 20:05:39,327] {logging_mixin.py:115} INFO - [2024-09-16 20:05:39,327] {dagbag.py:507} INFO - Filling up the DagBag from /home/airflow/.local/lib/python3.7/site-packages/airflow/example_dags/example_dag_decorator.py
[2024-09-16 20:05:39,354] {processor.py:651} INFO - DAG(s) dict_keys(['example_dag_decorator']) retrieved from /home/airflow/.local/lib/python3.7/site-packages/airflow/example_dags/example_dag_decorator.py
[2024-09-16 20:05:39,383] {logging_mixin.py:115} INFO - [2024-09-16 20:05:39,383] {dag.py:2379} INFO - Sync 1 DAGs
[2024-09-16 20:05:39,410] {logging_mixin.py:115} INFO - [2024-09-16 20:05:39,410] {dag.py:2927} INFO - Setting next_dagrun for example_dag_decorator to None, run_after=None
[2024-09-16 20:05:39,423] {processor.py:161} INFO - Processing /home/airflow/.local/lib/python3.7/site-packages/airflow/example_dags/example_dag_decorator.py took 0.100 seconds
[2024-09-16 20:06:09,498] {processor.py:153} INFO - Started process (PID=955) to work on /home/airflow/.local/lib/python3.7/site-packages/airflow/example_dags/example_dag_decorator.py
[2024-09-16 20:06:09,498] {processor.py:641} INFO - Processing file /home/airflow/.local/lib/python3.7/site-packages/airflow/example_dags/example_dag_decorator.py for tasks to queue
[2024-09-16 20:06:09,499] {logging_mixin.py:115} INFO - [2024-09-16 20:06:09,499] {dagbag.py:507} INFO - Filling up the DagBag from /home/airflow/.local/lib/python3.7/site-packages/airflow/example_dags/example_dag_decorator.py
[2024-09-16 20:06:09,525] {processor.py:651} INFO - DAG(s) dict_keys(['example_dag_decorator']) retrieved from /home/airflow/.local/lib/python3.7/site-packages/airflow/example_dags/example_dag_decorator.py
[2024-09-16 20:06:09,781] {logging_mixin.py:115} INFO - [2024-09-16 20:06:09,781] {dag.py:2379} INFO - Sync 1 DAGs
[2024-09-16 20:06:09,806] {logging_mixin.py:115} INFO - [2024-09-16 20:06:09,806] {dag.py:2927} INFO - Setting next_dagrun for example_dag_decorator to None, run_after=None
[2024-09-16 20:06:09,822] {processor.py:161} INFO - Processing /home/airflow/.local/lib/python3.7/site-packages/airflow/example_dags/example_dag_decorator.py took 0.328 seconds
[2024-09-16 20:06:40,390] {processor.py:153} INFO - Started process (PID=995) to work on /home/airflow/.local/lib/python3.7/site-packages/airflow/example_dags/example_dag_decorator.py
[2024-09-16 20:06:40,391] {processor.py:641} INFO - Processing file /home/airflow/.local/lib/python3.7/site-packages/airflow/example_dags/example_dag_decorator.py for tasks to queue
[2024-09-16 20:06:40,392] {logging_mixin.py:115} INFO - [2024-09-16 20:06:40,392] {dagbag.py:507} INFO - Filling up the DagBag from /home/airflow/.local/lib/python3.7/site-packages/airflow/example_dags/example_dag_decorator.py
[2024-09-16 20:06:40,417] {processor.py:651} INFO - DAG(s) dict_keys(['example_dag_decorator']) retrieved from /home/airflow/.local/lib/python3.7/site-packages/airflow/example_dags/example_dag_decorator.py
[2024-09-16 20:06:40,636] {logging_mixin.py:115} INFO - [2024-09-16 20:06:40,636] {dag.py:2379} INFO - Sync 1 DAGs
[2024-09-16 20:06:40,659] {logging_mixin.py:115} INFO - [2024-09-16 20:06:40,659] {dag.py:2927} INFO - Setting next_dagrun for example_dag_decorator to None, run_after=None
[2024-09-16 20:06:40,685] {processor.py:161} INFO - Processing /home/airflow/.local/lib/python3.7/site-packages/airflow/example_dags/example_dag_decorator.py took 0.300 seconds
[2024-09-16 20:07:11,278] {processor.py:153} INFO - Started process (PID=1038) to work on /home/airflow/.local/lib/python3.7/site-packages/airflow/example_dags/example_dag_decorator.py
[2024-09-16 20:07:11,279] {processor.py:641} INFO - Processing file /home/airflow/.local/lib/python3.7/site-packages/airflow/example_dags/example_dag_decorator.py for tasks to queue
[2024-09-16 20:07:11,279] {logging_mixin.py:115} INFO - [2024-09-16 20:07:11,279] {dagbag.py:507} INFO - Filling up the DagBag from /home/airflow/.local/lib/python3.7/site-packages/airflow/example_dags/example_dag_decorator.py
[2024-09-16 20:07:11,306] {processor.py:651} INFO - DAG(s) dict_keys(['example_dag_decorator']) retrieved from /home/airflow/.local/lib/python3.7/site-packages/airflow/example_dags/example_dag_decorator.py
[2024-09-16 20:07:11,523] {logging_mixin.py:115} INFO - [2024-09-16 20:07:11,523] {dag.py:2379} INFO - Sync 1 DAGs
[2024-09-16 20:07:11,547] {logging_mixin.py:115} INFO - [2024-09-16 20:07:11,547] {dag.py:2927} INFO - Setting next_dagrun for example_dag_decorator to None, run_after=None
[2024-09-16 20:07:11,562] {processor.py:161} INFO - Processing /home/airflow/.local/lib/python3.7/site-packages/airflow/example_dags/example_dag_decorator.py took 0.288 seconds
[2024-09-16 20:07:42,490] {processor.py:153} INFO - Started process (PID=1080) to work on /home/airflow/.local/lib/python3.7/site-packages/airflow/example_dags/example_dag_decorator.py
[2024-09-16 20:07:42,491] {processor.py:641} INFO - Processing file /home/airflow/.local/lib/python3.7/site-packages/airflow/example_dags/example_dag_decorator.py for tasks to queue
[2024-09-16 20:07:42,492] {logging_mixin.py:115} INFO - [2024-09-16 20:07:42,491] {dagbag.py:507} INFO - Filling up the DagBag from /home/airflow/.local/lib/python3.7/site-packages/airflow/example_dags/example_dag_decorator.py
[2024-09-16 20:07:42,518] {processor.py:651} INFO - DAG(s) dict_keys(['example_dag_decorator']) retrieved from /home/airflow/.local/lib/python3.7/site-packages/airflow/example_dags/example_dag_decorator.py
[2024-09-16 20:07:42,750] {logging_mixin.py:115} INFO - [2024-09-16 20:07:42,750] {dag.py:2379} INFO - Sync 1 DAGs
[2024-09-16 20:07:42,774] {logging_mixin.py:115} INFO - [2024-09-16 20:07:42,774] {dag.py:2927} INFO - Setting next_dagrun for example_dag_decorator to None, run_after=None
[2024-09-16 20:07:42,788] {processor.py:161} INFO - Processing /home/airflow/.local/lib/python3.7/site-packages/airflow/example_dags/example_dag_decorator.py took 0.301 seconds
[2024-09-16 20:08:12,871] {processor.py:153} INFO - Started process (PID=1121) to work on /home/airflow/.local/lib/python3.7/site-packages/airflow/example_dags/example_dag_decorator.py
[2024-09-16 20:08:12,872] {processor.py:641} INFO - Processing file /home/airflow/.local/lib/python3.7/site-packages/airflow/example_dags/example_dag_decorator.py for tasks to queue
[2024-09-16 20:08:12,872] {logging_mixin.py:115} INFO - [2024-09-16 20:08:12,872] {dagbag.py:507} INFO - Filling up the DagBag from /home/airflow/.local/lib/python3.7/site-packages/airflow/example_dags/example_dag_decorator.py
[2024-09-16 20:08:12,898] {processor.py:651} INFO - DAG(s) dict_keys(['example_dag_decorator']) retrieved from /home/airflow/.local/lib/python3.7/site-packages/airflow/example_dags/example_dag_decorator.py
[2024-09-16 20:08:12,929] {logging_mixin.py:115} INFO - [2024-09-16 20:08:12,929] {dag.py:2379} INFO - Sync 1 DAGs
[2024-09-16 20:08:12,955] {logging_mixin.py:115} INFO - [2024-09-16 20:08:12,955] {dag.py:2927} INFO - Setting next_dagrun for example_dag_decorator to None, run_after=None
[2024-09-16 20:08:12,969] {processor.py:161} INFO - Processing /home/airflow/.local/lib/python3.7/site-packages/airflow/example_dags/example_dag_decorator.py took 0.101 seconds
[2024-09-16 20:11:31,170] {processor.py:153} INFO - Started process (PID=87) to work on /home/airflow/.local/lib/python3.7/site-packages/airflow/example_dags/example_dag_decorator.py
[2024-09-16 20:11:31,174] {processor.py:641} INFO - Processing file /home/airflow/.local/lib/python3.7/site-packages/airflow/example_dags/example_dag_decorator.py for tasks to queue
[2024-09-16 20:11:31,175] {logging_mixin.py:115} INFO - [2024-09-16 20:11:31,174] {dagbag.py:507} INFO - Filling up the DagBag from /home/airflow/.local/lib/python3.7/site-packages/airflow/example_dags/example_dag_decorator.py
[2024-09-16 20:11:31,255] {processor.py:651} INFO - DAG(s) dict_keys(['example_dag_decorator']) retrieved from /home/airflow/.local/lib/python3.7/site-packages/airflow/example_dags/example_dag_decorator.py
[2024-09-16 20:11:31,512] {logging_mixin.py:115} INFO - [2024-09-16 20:11:31,512] {dag.py:2379} INFO - Sync 1 DAGs
[2024-09-16 20:11:32,036] {logging_mixin.py:115} INFO - [2024-09-16 20:11:32,035] {dag.py:2927} INFO - Setting next_dagrun for example_dag_decorator to None, run_after=None
[2024-09-16 20:11:32,085] {processor.py:161} INFO - Processing /home/airflow/.local/lib/python3.7/site-packages/airflow/example_dags/example_dag_decorator.py took 0.926 seconds
[2024-09-16 20:12:02,718] {processor.py:153} INFO - Started process (PID=144) to work on /home/airflow/.local/lib/python3.7/site-packages/airflow/example_dags/example_dag_decorator.py
[2024-09-16 20:12:02,718] {processor.py:641} INFO - Processing file /home/airflow/.local/lib/python3.7/site-packages/airflow/example_dags/example_dag_decorator.py for tasks to queue
[2024-09-16 20:12:02,719] {logging_mixin.py:115} INFO - [2024-09-16 20:12:02,719] {dagbag.py:507} INFO - Filling up the DagBag from /home/airflow/.local/lib/python3.7/site-packages/airflow/example_dags/example_dag_decorator.py
[2024-09-16 20:12:02,747] {processor.py:651} INFO - DAG(s) dict_keys(['example_dag_decorator']) retrieved from /home/airflow/.local/lib/python3.7/site-packages/airflow/example_dags/example_dag_decorator.py
[2024-09-16 20:12:02,831] {logging_mixin.py:115} INFO - [2024-09-16 20:12:02,831] {dag.py:2379} INFO - Sync 1 DAGs
[2024-09-16 20:12:03,056] {logging_mixin.py:115} INFO - [2024-09-16 20:12:03,056] {dag.py:2927} INFO - Setting next_dagrun for example_dag_decorator to None, run_after=None
[2024-09-16 20:12:03,076] {processor.py:161} INFO - Processing /home/airflow/.local/lib/python3.7/site-packages/airflow/example_dags/example_dag_decorator.py took 0.362 seconds
[2024-09-16 20:12:33,793] {processor.py:153} INFO - Started process (PID=186) to work on /home/airflow/.local/lib/python3.7/site-packages/airflow/example_dags/example_dag_decorator.py
[2024-09-16 20:12:33,794] {processor.py:641} INFO - Processing file /home/airflow/.local/lib/python3.7/site-packages/airflow/example_dags/example_dag_decorator.py for tasks to queue
[2024-09-16 20:12:33,794] {logging_mixin.py:115} INFO - [2024-09-16 20:12:33,794] {dagbag.py:507} INFO - Filling up the DagBag from /home/airflow/.local/lib/python3.7/site-packages/airflow/example_dags/example_dag_decorator.py
[2024-09-16 20:12:33,823] {processor.py:651} INFO - DAG(s) dict_keys(['example_dag_decorator']) retrieved from /home/airflow/.local/lib/python3.7/site-packages/airflow/example_dags/example_dag_decorator.py
[2024-09-16 20:12:33,913] {logging_mixin.py:115} INFO - [2024-09-16 20:12:33,913] {dag.py:2379} INFO - Sync 1 DAGs
[2024-09-16 20:12:34,380] {logging_mixin.py:115} INFO - [2024-09-16 20:12:34,380] {dag.py:2927} INFO - Setting next_dagrun for example_dag_decorator to None, run_after=None
[2024-09-16 20:12:34,395] {processor.py:161} INFO - Processing /home/airflow/.local/lib/python3.7/site-packages/airflow/example_dags/example_dag_decorator.py took 0.606 seconds
[2024-09-16 20:13:04,547] {processor.py:153} INFO - Started process (PID=228) to work on /home/airflow/.local/lib/python3.7/site-packages/airflow/example_dags/example_dag_decorator.py
[2024-09-16 20:13:04,547] {processor.py:641} INFO - Processing file /home/airflow/.local/lib/python3.7/site-packages/airflow/example_dags/example_dag_decorator.py for tasks to queue
[2024-09-16 20:13:04,548] {logging_mixin.py:115} INFO - [2024-09-16 20:13:04,548] {dagbag.py:507} INFO - Filling up the DagBag from /home/airflow/.local/lib/python3.7/site-packages/airflow/example_dags/example_dag_decorator.py
[2024-09-16 20:13:04,573] {processor.py:651} INFO - DAG(s) dict_keys(['example_dag_decorator']) retrieved from /home/airflow/.local/lib/python3.7/site-packages/airflow/example_dags/example_dag_decorator.py
[2024-09-16 20:13:04,657] {logging_mixin.py:115} INFO - [2024-09-16 20:13:04,657] {dag.py:2379} INFO - Sync 1 DAGs
[2024-09-16 20:13:04,818] {logging_mixin.py:115} INFO - [2024-09-16 20:13:04,817] {dag.py:2927} INFO - Setting next_dagrun for example_dag_decorator to None, run_after=None
[2024-09-16 20:13:04,833] {processor.py:161} INFO - Processing /home/airflow/.local/lib/python3.7/site-packages/airflow/example_dags/example_dag_decorator.py took 0.290 seconds
[2024-09-16 20:13:35,111] {processor.py:153} INFO - Started process (PID=269) to work on /home/airflow/.local/lib/python3.7/site-packages/airflow/example_dags/example_dag_decorator.py
[2024-09-16 20:13:35,112] {processor.py:641} INFO - Processing file /home/airflow/.local/lib/python3.7/site-packages/airflow/example_dags/example_dag_decorator.py for tasks to queue
[2024-09-16 20:13:35,113] {logging_mixin.py:115} INFO - [2024-09-16 20:13:35,112] {dagbag.py:507} INFO - Filling up the DagBag from /home/airflow/.local/lib/python3.7/site-packages/airflow/example_dags/example_dag_decorator.py
[2024-09-16 20:13:35,139] {processor.py:651} INFO - DAG(s) dict_keys(['example_dag_decorator']) retrieved from /home/airflow/.local/lib/python3.7/site-packages/airflow/example_dags/example_dag_decorator.py
[2024-09-16 20:13:35,220] {logging_mixin.py:115} INFO - [2024-09-16 20:13:35,220] {dag.py:2379} INFO - Sync 1 DAGs
[2024-09-16 20:13:35,374] {logging_mixin.py:115} INFO - [2024-09-16 20:13:35,374] {dag.py:2927} INFO - Setting next_dagrun for example_dag_decorator to None, run_after=None
[2024-09-16 20:13:35,393] {processor.py:161} INFO - Processing /home/airflow/.local/lib/python3.7/site-packages/airflow/example_dags/example_dag_decorator.py took 0.287 seconds
[2024-09-16 20:14:05,688] {processor.py:153} INFO - Started process (PID=311) to work on /home/airflow/.local/lib/python3.7/site-packages/airflow/example_dags/example_dag_decorator.py
[2024-09-16 20:14:05,689] {processor.py:641} INFO - Processing file /home/airflow/.local/lib/python3.7/site-packages/airflow/example_dags/example_dag_decorator.py for tasks to queue
[2024-09-16 20:14:05,690] {logging_mixin.py:115} INFO - [2024-09-16 20:14:05,690] {dagbag.py:507} INFO - Filling up the DagBag from /home/airflow/.local/lib/python3.7/site-packages/airflow/example_dags/example_dag_decorator.py
[2024-09-16 20:14:05,715] {processor.py:651} INFO - DAG(s) dict_keys(['example_dag_decorator']) retrieved from /home/airflow/.local/lib/python3.7/site-packages/airflow/example_dags/example_dag_decorator.py
[2024-09-16 20:14:05,797] {logging_mixin.py:115} INFO - [2024-09-16 20:14:05,797] {dag.py:2379} INFO - Sync 1 DAGs
[2024-09-16 20:14:05,959] {logging_mixin.py:115} INFO - [2024-09-16 20:14:05,959] {dag.py:2927} INFO - Setting next_dagrun for example_dag_decorator to None, run_after=None
[2024-09-16 20:14:05,975] {processor.py:161} INFO - Processing /home/airflow/.local/lib/python3.7/site-packages/airflow/example_dags/example_dag_decorator.py took 0.290 seconds
[2024-09-16 20:14:36,071] {processor.py:153} INFO - Started process (PID=353) to work on /home/airflow/.local/lib/python3.7/site-packages/airflow/example_dags/example_dag_decorator.py
[2024-09-16 20:14:36,082] {processor.py:641} INFO - Processing file /home/airflow/.local/lib/python3.7/site-packages/airflow/example_dags/example_dag_decorator.py for tasks to queue
[2024-09-16 20:14:36,083] {logging_mixin.py:115} INFO - [2024-09-16 20:14:36,083] {dagbag.py:507} INFO - Filling up the DagBag from /home/airflow/.local/lib/python3.7/site-packages/airflow/example_dags/example_dag_decorator.py
[2024-09-16 20:14:36,115] {processor.py:651} INFO - DAG(s) dict_keys(['example_dag_decorator']) retrieved from /home/airflow/.local/lib/python3.7/site-packages/airflow/example_dags/example_dag_decorator.py
[2024-09-16 20:14:36,196] {logging_mixin.py:115} INFO - [2024-09-16 20:14:36,196] {dag.py:2379} INFO - Sync 1 DAGs
[2024-09-16 20:14:36,370] {logging_mixin.py:115} INFO - [2024-09-16 20:14:36,370] {dag.py:2927} INFO - Setting next_dagrun for example_dag_decorator to None, run_after=None
[2024-09-16 20:14:36,385] {processor.py:161} INFO - Processing /home/airflow/.local/lib/python3.7/site-packages/airflow/example_dags/example_dag_decorator.py took 0.319 seconds
[2024-09-16 20:15:06,684] {processor.py:153} INFO - Started process (PID=395) to work on /home/airflow/.local/lib/python3.7/site-packages/airflow/example_dags/example_dag_decorator.py
[2024-09-16 20:15:06,684] {processor.py:641} INFO - Processing file /home/airflow/.local/lib/python3.7/site-packages/airflow/example_dags/example_dag_decorator.py for tasks to queue
[2024-09-16 20:15:06,685] {logging_mixin.py:115} INFO - [2024-09-16 20:15:06,685] {dagbag.py:507} INFO - Filling up the DagBag from /home/airflow/.local/lib/python3.7/site-packages/airflow/example_dags/example_dag_decorator.py
[2024-09-16 20:15:06,712] {processor.py:651} INFO - DAG(s) dict_keys(['example_dag_decorator']) retrieved from /home/airflow/.local/lib/python3.7/site-packages/airflow/example_dags/example_dag_decorator.py
[2024-09-16 20:15:06,792] {logging_mixin.py:115} INFO - [2024-09-16 20:15:06,792] {dag.py:2379} INFO - Sync 1 DAGs
[2024-09-16 20:15:06,949] {logging_mixin.py:115} INFO - [2024-09-16 20:15:06,949] {dag.py:2927} INFO - Setting next_dagrun for example_dag_decorator to None, run_after=None
[2024-09-16 20:15:06,964] {processor.py:161} INFO - Processing /home/airflow/.local/lib/python3.7/site-packages/airflow/example_dags/example_dag_decorator.py took 0.286 seconds
[2024-09-16 20:15:37,472] {processor.py:153} INFO - Started process (PID=436) to work on /home/airflow/.local/lib/python3.7/site-packages/airflow/example_dags/example_dag_decorator.py
[2024-09-16 20:15:37,482] {processor.py:641} INFO - Processing file /home/airflow/.local/lib/python3.7/site-packages/airflow/example_dags/example_dag_decorator.py for tasks to queue
[2024-09-16 20:15:37,483] {logging_mixin.py:115} INFO - [2024-09-16 20:15:37,483] {dagbag.py:507} INFO - Filling up the DagBag from /home/airflow/.local/lib/python3.7/site-packages/airflow/example_dags/example_dag_decorator.py
[2024-09-16 20:15:37,508] {processor.py:651} INFO - DAG(s) dict_keys(['example_dag_decorator']) retrieved from /home/airflow/.local/lib/python3.7/site-packages/airflow/example_dags/example_dag_decorator.py
[2024-09-16 20:15:37,593] {logging_mixin.py:115} INFO - [2024-09-16 20:15:37,593] {dag.py:2379} INFO - Sync 1 DAGs
[2024-09-16 20:15:37,771] {logging_mixin.py:115} INFO - [2024-09-16 20:15:37,771] {dag.py:2927} INFO - Setting next_dagrun for example_dag_decorator to None, run_after=None
[2024-09-16 20:15:37,797] {processor.py:161} INFO - Processing /home/airflow/.local/lib/python3.7/site-packages/airflow/example_dags/example_dag_decorator.py took 0.331 seconds
[2024-09-16 20:16:08,002] {processor.py:153} INFO - Started process (PID=478) to work on /home/airflow/.local/lib/python3.7/site-packages/airflow/example_dags/example_dag_decorator.py
[2024-09-16 20:16:08,003] {processor.py:641} INFO - Processing file /home/airflow/.local/lib/python3.7/site-packages/airflow/example_dags/example_dag_decorator.py for tasks to queue
[2024-09-16 20:16:08,003] {logging_mixin.py:115} INFO - [2024-09-16 20:16:08,003] {dagbag.py:507} INFO - Filling up the DagBag from /home/airflow/.local/lib/python3.7/site-packages/airflow/example_dags/example_dag_decorator.py
[2024-09-16 20:16:08,030] {processor.py:651} INFO - DAG(s) dict_keys(['example_dag_decorator']) retrieved from /home/airflow/.local/lib/python3.7/site-packages/airflow/example_dags/example_dag_decorator.py
[2024-09-16 20:16:08,116] {logging_mixin.py:115} INFO - [2024-09-16 20:16:08,116] {dag.py:2379} INFO - Sync 1 DAGs
[2024-09-16 20:16:08,294] {logging_mixin.py:115} INFO - [2024-09-16 20:16:08,294] {dag.py:2927} INFO - Setting next_dagrun for example_dag_decorator to None, run_after=None
[2024-09-16 20:16:08,322] {processor.py:161} INFO - Processing /home/airflow/.local/lib/python3.7/site-packages/airflow/example_dags/example_dag_decorator.py took 0.324 seconds
[2024-09-16 20:16:38,721] {processor.py:153} INFO - Started process (PID=519) to work on /home/airflow/.local/lib/python3.7/site-packages/airflow/example_dags/example_dag_decorator.py
[2024-09-16 20:16:38,721] {processor.py:641} INFO - Processing file /home/airflow/.local/lib/python3.7/site-packages/airflow/example_dags/example_dag_decorator.py for tasks to queue
[2024-09-16 20:16:38,722] {logging_mixin.py:115} INFO - [2024-09-16 20:16:38,722] {dagbag.py:507} INFO - Filling up the DagBag from /home/airflow/.local/lib/python3.7/site-packages/airflow/example_dags/example_dag_decorator.py
[2024-09-16 20:16:38,749] {processor.py:651} INFO - DAG(s) dict_keys(['example_dag_decorator']) retrieved from /home/airflow/.local/lib/python3.7/site-packages/airflow/example_dags/example_dag_decorator.py
[2024-09-16 20:16:38,961] {logging_mixin.py:115} INFO - [2024-09-16 20:16:38,961] {dag.py:2379} INFO - Sync 1 DAGs
[2024-09-16 20:16:38,985] {logging_mixin.py:115} INFO - [2024-09-16 20:16:38,985] {dag.py:2927} INFO - Setting next_dagrun for example_dag_decorator to None, run_after=None
[2024-09-16 20:16:38,999] {processor.py:161} INFO - Processing /home/airflow/.local/lib/python3.7/site-packages/airflow/example_dags/example_dag_decorator.py took 0.283 seconds
[2024-09-16 20:17:09,324] {processor.py:153} INFO - Started process (PID=561) to work on /home/airflow/.local/lib/python3.7/site-packages/airflow/example_dags/example_dag_decorator.py
[2024-09-16 20:17:09,325] {processor.py:641} INFO - Processing file /home/airflow/.local/lib/python3.7/site-packages/airflow/example_dags/example_dag_decorator.py for tasks to queue
[2024-09-16 20:17:09,326] {logging_mixin.py:115} INFO - [2024-09-16 20:17:09,326] {dagbag.py:507} INFO - Filling up the DagBag from /home/airflow/.local/lib/python3.7/site-packages/airflow/example_dags/example_dag_decorator.py
[2024-09-16 20:17:09,358] {processor.py:651} INFO - DAG(s) dict_keys(['example_dag_decorator']) retrieved from /home/airflow/.local/lib/python3.7/site-packages/airflow/example_dags/example_dag_decorator.py
[2024-09-16 20:17:09,394] {logging_mixin.py:115} INFO - [2024-09-16 20:17:09,394] {dag.py:2379} INFO - Sync 1 DAGs
[2024-09-16 20:17:09,425] {logging_mixin.py:115} INFO - [2024-09-16 20:17:09,425] {dag.py:2927} INFO - Setting next_dagrun for example_dag_decorator to None, run_after=None
[2024-09-16 20:17:09,441] {processor.py:161} INFO - Processing /home/airflow/.local/lib/python3.7/site-packages/airflow/example_dags/example_dag_decorator.py took 0.122 seconds
[2024-09-16 20:17:39,901] {processor.py:153} INFO - Started process (PID=603) to work on /home/airflow/.local/lib/python3.7/site-packages/airflow/example_dags/example_dag_decorator.py
[2024-09-16 20:17:39,911] {processor.py:641} INFO - Processing file /home/airflow/.local/lib/python3.7/site-packages/airflow/example_dags/example_dag_decorator.py for tasks to queue
[2024-09-16 20:17:39,912] {logging_mixin.py:115} INFO - [2024-09-16 20:17:39,912] {dagbag.py:507} INFO - Filling up the DagBag from /home/airflow/.local/lib/python3.7/site-packages/airflow/example_dags/example_dag_decorator.py
[2024-09-16 20:17:39,942] {processor.py:651} INFO - DAG(s) dict_keys(['example_dag_decorator']) retrieved from /home/airflow/.local/lib/python3.7/site-packages/airflow/example_dags/example_dag_decorator.py
[2024-09-16 20:17:40,239] {logging_mixin.py:115} INFO - [2024-09-16 20:17:40,239] {dag.py:2379} INFO - Sync 1 DAGs
[2024-09-16 20:17:40,265] {logging_mixin.py:115} INFO - [2024-09-16 20:17:40,265] {dag.py:2927} INFO - Setting next_dagrun for example_dag_decorator to None, run_after=None
[2024-09-16 20:17:40,280] {processor.py:161} INFO - Processing /home/airflow/.local/lib/python3.7/site-packages/airflow/example_dags/example_dag_decorator.py took 0.384 seconds
[2024-09-16 20:18:10,473] {processor.py:153} INFO - Started process (PID=645) to work on /home/airflow/.local/lib/python3.7/site-packages/airflow/example_dags/example_dag_decorator.py
[2024-09-16 20:18:10,474] {processor.py:641} INFO - Processing file /home/airflow/.local/lib/python3.7/site-packages/airflow/example_dags/example_dag_decorator.py for tasks to queue
[2024-09-16 20:18:10,474] {logging_mixin.py:115} INFO - [2024-09-16 20:18:10,474] {dagbag.py:507} INFO - Filling up the DagBag from /home/airflow/.local/lib/python3.7/site-packages/airflow/example_dags/example_dag_decorator.py
[2024-09-16 20:18:10,505] {processor.py:651} INFO - DAG(s) dict_keys(['example_dag_decorator']) retrieved from /home/airflow/.local/lib/python3.7/site-packages/airflow/example_dags/example_dag_decorator.py
[2024-09-16 20:18:10,723] {logging_mixin.py:115} INFO - [2024-09-16 20:18:10,723] {dag.py:2379} INFO - Sync 1 DAGs
[2024-09-16 20:18:10,746] {logging_mixin.py:115} INFO - [2024-09-16 20:18:10,746] {dag.py:2927} INFO - Setting next_dagrun for example_dag_decorator to None, run_after=None
[2024-09-16 20:18:10,773] {processor.py:161} INFO - Processing /home/airflow/.local/lib/python3.7/site-packages/airflow/example_dags/example_dag_decorator.py took 0.305 seconds
[2024-09-16 20:18:41,020] {processor.py:153} INFO - Started process (PID=687) to work on /home/airflow/.local/lib/python3.7/site-packages/airflow/example_dags/example_dag_decorator.py
[2024-09-16 20:18:41,030] {processor.py:641} INFO - Processing file /home/airflow/.local/lib/python3.7/site-packages/airflow/example_dags/example_dag_decorator.py for tasks to queue
[2024-09-16 20:18:41,031] {logging_mixin.py:115} INFO - [2024-09-16 20:18:41,031] {dagbag.py:507} INFO - Filling up the DagBag from /home/airflow/.local/lib/python3.7/site-packages/airflow/example_dags/example_dag_decorator.py
[2024-09-16 20:18:41,056] {processor.py:651} INFO - DAG(s) dict_keys(['example_dag_decorator']) retrieved from /home/airflow/.local/lib/python3.7/site-packages/airflow/example_dags/example_dag_decorator.py
[2024-09-16 20:18:41,086] {logging_mixin.py:115} INFO - [2024-09-16 20:18:41,086] {dag.py:2379} INFO - Sync 1 DAGs
[2024-09-16 20:18:41,113] {logging_mixin.py:115} INFO - [2024-09-16 20:18:41,113] {dag.py:2927} INFO - Setting next_dagrun for example_dag_decorator to None, run_after=None
[2024-09-16 20:18:41,126] {processor.py:161} INFO - Processing /home/airflow/.local/lib/python3.7/site-packages/airflow/example_dags/example_dag_decorator.py took 0.111 seconds
[2024-09-16 20:19:11,592] {processor.py:153} INFO - Started process (PID=728) to work on /home/airflow/.local/lib/python3.7/site-packages/airflow/example_dags/example_dag_decorator.py
[2024-09-16 20:19:11,603] {processor.py:641} INFO - Processing file /home/airflow/.local/lib/python3.7/site-packages/airflow/example_dags/example_dag_decorator.py for tasks to queue
[2024-09-16 20:19:11,604] {logging_mixin.py:115} INFO - [2024-09-16 20:19:11,604] {dagbag.py:507} INFO - Filling up the DagBag from /home/airflow/.local/lib/python3.7/site-packages/airflow/example_dags/example_dag_decorator.py
[2024-09-16 20:19:11,634] {processor.py:651} INFO - DAG(s) dict_keys(['example_dag_decorator']) retrieved from /home/airflow/.local/lib/python3.7/site-packages/airflow/example_dags/example_dag_decorator.py
[2024-09-16 20:19:11,946] {logging_mixin.py:115} INFO - [2024-09-16 20:19:11,946] {dag.py:2379} INFO - Sync 1 DAGs
[2024-09-16 20:19:11,971] {logging_mixin.py:115} INFO - [2024-09-16 20:19:11,971] {dag.py:2927} INFO - Setting next_dagrun for example_dag_decorator to None, run_after=None
[2024-09-16 20:19:11,996] {processor.py:161} INFO - Processing /home/airflow/.local/lib/python3.7/site-packages/airflow/example_dags/example_dag_decorator.py took 0.409 seconds
[2024-09-16 20:19:42,247] {processor.py:153} INFO - Started process (PID=770) to work on /home/airflow/.local/lib/python3.7/site-packages/airflow/example_dags/example_dag_decorator.py
[2024-09-16 20:19:42,257] {processor.py:641} INFO - Processing file /home/airflow/.local/lib/python3.7/site-packages/airflow/example_dags/example_dag_decorator.py for tasks to queue
[2024-09-16 20:19:42,258] {logging_mixin.py:115} INFO - [2024-09-16 20:19:42,258] {dagbag.py:507} INFO - Filling up the DagBag from /home/airflow/.local/lib/python3.7/site-packages/airflow/example_dags/example_dag_decorator.py
[2024-09-16 20:19:42,292] {processor.py:651} INFO - DAG(s) dict_keys(['example_dag_decorator']) retrieved from /home/airflow/.local/lib/python3.7/site-packages/airflow/example_dags/example_dag_decorator.py
[2024-09-16 20:19:42,551] {logging_mixin.py:115} INFO - [2024-09-16 20:19:42,551] {dag.py:2379} INFO - Sync 1 DAGs
[2024-09-16 20:19:42,574] {logging_mixin.py:115} INFO - [2024-09-16 20:19:42,574] {dag.py:2927} INFO - Setting next_dagrun for example_dag_decorator to None, run_after=None
[2024-09-16 20:19:42,600] {processor.py:161} INFO - Processing /home/airflow/.local/lib/python3.7/site-packages/airflow/example_dags/example_dag_decorator.py took 0.359 seconds
[2024-09-16 20:20:12,767] {processor.py:153} INFO - Started process (PID=812) to work on /home/airflow/.local/lib/python3.7/site-packages/airflow/example_dags/example_dag_decorator.py
[2024-09-16 20:20:12,777] {processor.py:641} INFO - Processing file /home/airflow/.local/lib/python3.7/site-packages/airflow/example_dags/example_dag_decorator.py for tasks to queue
[2024-09-16 20:20:12,778] {logging_mixin.py:115} INFO - [2024-09-16 20:20:12,778] {dagbag.py:507} INFO - Filling up the DagBag from /home/airflow/.local/lib/python3.7/site-packages/airflow/example_dags/example_dag_decorator.py
[2024-09-16 20:20:12,810] {processor.py:651} INFO - DAG(s) dict_keys(['example_dag_decorator']) retrieved from /home/airflow/.local/lib/python3.7/site-packages/airflow/example_dags/example_dag_decorator.py
[2024-09-16 20:20:13,027] {logging_mixin.py:115} INFO - [2024-09-16 20:20:13,027] {dag.py:2379} INFO - Sync 1 DAGs
[2024-09-16 20:20:13,050] {logging_mixin.py:115} INFO - [2024-09-16 20:20:13,050] {dag.py:2927} INFO - Setting next_dagrun for example_dag_decorator to None, run_after=None
[2024-09-16 20:20:13,075] {processor.py:161} INFO - Processing /home/airflow/.local/lib/python3.7/site-packages/airflow/example_dags/example_dag_decorator.py took 0.313 seconds
[2024-09-16 20:20:43,461] {processor.py:153} INFO - Started process (PID=854) to work on /home/airflow/.local/lib/python3.7/site-packages/airflow/example_dags/example_dag_decorator.py
[2024-09-16 20:20:43,462] {processor.py:641} INFO - Processing file /home/airflow/.local/lib/python3.7/site-packages/airflow/example_dags/example_dag_decorator.py for tasks to queue
[2024-09-16 20:20:43,462] {logging_mixin.py:115} INFO - [2024-09-16 20:20:43,462] {dagbag.py:507} INFO - Filling up the DagBag from /home/airflow/.local/lib/python3.7/site-packages/airflow/example_dags/example_dag_decorator.py
[2024-09-16 20:20:43,487] {processor.py:651} INFO - DAG(s) dict_keys(['example_dag_decorator']) retrieved from /home/airflow/.local/lib/python3.7/site-packages/airflow/example_dags/example_dag_decorator.py
[2024-09-16 20:20:43,517] {logging_mixin.py:115} INFO - [2024-09-16 20:20:43,517] {dag.py:2379} INFO - Sync 1 DAGs
[2024-09-16 20:20:43,545] {logging_mixin.py:115} INFO - [2024-09-16 20:20:43,545] {dag.py:2927} INFO - Setting next_dagrun for example_dag_decorator to None, run_after=None
[2024-09-16 20:20:43,558] {processor.py:161} INFO - Processing /home/airflow/.local/lib/python3.7/site-packages/airflow/example_dags/example_dag_decorator.py took 0.100 seconds
[2024-09-16 20:21:13,855] {processor.py:153} INFO - Started process (PID=896) to work on /home/airflow/.local/lib/python3.7/site-packages/airflow/example_dags/example_dag_decorator.py
[2024-09-16 20:21:13,865] {processor.py:641} INFO - Processing file /home/airflow/.local/lib/python3.7/site-packages/airflow/example_dags/example_dag_decorator.py for tasks to queue
[2024-09-16 20:21:13,866] {logging_mixin.py:115} INFO - [2024-09-16 20:21:13,866] {dagbag.py:507} INFO - Filling up the DagBag from /home/airflow/.local/lib/python3.7/site-packages/airflow/example_dags/example_dag_decorator.py
[2024-09-16 20:21:13,900] {processor.py:651} INFO - DAG(s) dict_keys(['example_dag_decorator']) retrieved from /home/airflow/.local/lib/python3.7/site-packages/airflow/example_dags/example_dag_decorator.py
[2024-09-16 20:21:13,934] {logging_mixin.py:115} INFO - [2024-09-16 20:21:13,934] {dag.py:2379} INFO - Sync 1 DAGs
[2024-09-16 20:21:13,964] {logging_mixin.py:115} INFO - [2024-09-16 20:21:13,964] {dag.py:2927} INFO - Setting next_dagrun for example_dag_decorator to None, run_after=None
[2024-09-16 20:21:13,991] {processor.py:161} INFO - Processing /home/airflow/.local/lib/python3.7/site-packages/airflow/example_dags/example_dag_decorator.py took 0.141 seconds
[2024-09-16 20:21:44,678] {processor.py:153} INFO - Started process (PID=938) to work on /home/airflow/.local/lib/python3.7/site-packages/airflow/example_dags/example_dag_decorator.py
[2024-09-16 20:21:44,688] {processor.py:641} INFO - Processing file /home/airflow/.local/lib/python3.7/site-packages/airflow/example_dags/example_dag_decorator.py for tasks to queue
[2024-09-16 20:21:44,689] {logging_mixin.py:115} INFO - [2024-09-16 20:21:44,689] {dagbag.py:507} INFO - Filling up the DagBag from /home/airflow/.local/lib/python3.7/site-packages/airflow/example_dags/example_dag_decorator.py
[2024-09-16 20:21:44,720] {processor.py:651} INFO - DAG(s) dict_keys(['example_dag_decorator']) retrieved from /home/airflow/.local/lib/python3.7/site-packages/airflow/example_dags/example_dag_decorator.py
[2024-09-16 20:21:44,942] {logging_mixin.py:115} INFO - [2024-09-16 20:21:44,942] {dag.py:2379} INFO - Sync 1 DAGs
[2024-09-16 20:21:44,966] {logging_mixin.py:115} INFO - [2024-09-16 20:21:44,966] {dag.py:2927} INFO - Setting next_dagrun for example_dag_decorator to None, run_after=None
[2024-09-16 20:21:44,983] {processor.py:161} INFO - Processing /home/airflow/.local/lib/python3.7/site-packages/airflow/example_dags/example_dag_decorator.py took 0.310 seconds
[2024-09-16 20:22:15,402] {processor.py:153} INFO - Started process (PID=980) to work on /home/airflow/.local/lib/python3.7/site-packages/airflow/example_dags/example_dag_decorator.py
[2024-09-16 20:22:15,403] {processor.py:641} INFO - Processing file /home/airflow/.local/lib/python3.7/site-packages/airflow/example_dags/example_dag_decorator.py for tasks to queue
[2024-09-16 20:22:15,404] {logging_mixin.py:115} INFO - [2024-09-16 20:22:15,403] {dagbag.py:507} INFO - Filling up the DagBag from /home/airflow/.local/lib/python3.7/site-packages/airflow/example_dags/example_dag_decorator.py
[2024-09-16 20:22:15,431] {processor.py:651} INFO - DAG(s) dict_keys(['example_dag_decorator']) retrieved from /home/airflow/.local/lib/python3.7/site-packages/airflow/example_dags/example_dag_decorator.py
[2024-09-16 20:22:15,656] {logging_mixin.py:115} INFO - [2024-09-16 20:22:15,656] {dag.py:2379} INFO - Sync 1 DAGs
[2024-09-16 20:22:15,679] {logging_mixin.py:115} INFO - [2024-09-16 20:22:15,679] {dag.py:2927} INFO - Setting next_dagrun for example_dag_decorator to None, run_after=None
[2024-09-16 20:22:15,695] {processor.py:161} INFO - Processing /home/airflow/.local/lib/python3.7/site-packages/airflow/example_dags/example_dag_decorator.py took 0.296 seconds
[2024-09-16 20:22:46,195] {processor.py:153} INFO - Started process (PID=1022) to work on /home/airflow/.local/lib/python3.7/site-packages/airflow/example_dags/example_dag_decorator.py
[2024-09-16 20:22:46,206] {processor.py:641} INFO - Processing file /home/airflow/.local/lib/python3.7/site-packages/airflow/example_dags/example_dag_decorator.py for tasks to queue
[2024-09-16 20:22:46,206] {logging_mixin.py:115} INFO - [2024-09-16 20:22:46,206] {dagbag.py:507} INFO - Filling up the DagBag from /home/airflow/.local/lib/python3.7/site-packages/airflow/example_dags/example_dag_decorator.py
[2024-09-16 20:22:46,240] {processor.py:651} INFO - DAG(s) dict_keys(['example_dag_decorator']) retrieved from /home/airflow/.local/lib/python3.7/site-packages/airflow/example_dags/example_dag_decorator.py
[2024-09-16 20:22:46,451] {logging_mixin.py:115} INFO - [2024-09-16 20:22:46,451] {dag.py:2379} INFO - Sync 1 DAGs
[2024-09-16 20:22:46,474] {logging_mixin.py:115} INFO - [2024-09-16 20:22:46,474] {dag.py:2927} INFO - Setting next_dagrun for example_dag_decorator to None, run_after=None
[2024-09-16 20:22:46,489] {processor.py:161} INFO - Processing /home/airflow/.local/lib/python3.7/site-packages/airflow/example_dags/example_dag_decorator.py took 0.299 seconds
[2024-09-16 20:23:16,802] {processor.py:153} INFO - Started process (PID=1064) to work on /home/airflow/.local/lib/python3.7/site-packages/airflow/example_dags/example_dag_decorator.py
[2024-09-16 20:23:16,802] {processor.py:641} INFO - Processing file /home/airflow/.local/lib/python3.7/site-packages/airflow/example_dags/example_dag_decorator.py for tasks to queue
[2024-09-16 20:23:16,803] {logging_mixin.py:115} INFO - [2024-09-16 20:23:16,803] {dagbag.py:507} INFO - Filling up the DagBag from /home/airflow/.local/lib/python3.7/site-packages/airflow/example_dags/example_dag_decorator.py
[2024-09-16 20:23:16,835] {processor.py:651} INFO - DAG(s) dict_keys(['example_dag_decorator']) retrieved from /home/airflow/.local/lib/python3.7/site-packages/airflow/example_dags/example_dag_decorator.py
[2024-09-16 20:23:17,049] {logging_mixin.py:115} INFO - [2024-09-16 20:23:17,049] {dag.py:2379} INFO - Sync 1 DAGs
[2024-09-16 20:23:17,072] {logging_mixin.py:115} INFO - [2024-09-16 20:23:17,072] {dag.py:2927} INFO - Setting next_dagrun for example_dag_decorator to None, run_after=None
[2024-09-16 20:23:17,096] {processor.py:161} INFO - Processing /home/airflow/.local/lib/python3.7/site-packages/airflow/example_dags/example_dag_decorator.py took 0.300 seconds
[2024-09-16 20:23:47,429] {processor.py:153} INFO - Started process (PID=1106) to work on /home/airflow/.local/lib/python3.7/site-packages/airflow/example_dags/example_dag_decorator.py
[2024-09-16 20:23:47,440] {processor.py:641} INFO - Processing file /home/airflow/.local/lib/python3.7/site-packages/airflow/example_dags/example_dag_decorator.py for tasks to queue
[2024-09-16 20:23:47,440] {logging_mixin.py:115} INFO - [2024-09-16 20:23:47,440] {dagbag.py:507} INFO - Filling up the DagBag from /home/airflow/.local/lib/python3.7/site-packages/airflow/example_dags/example_dag_decorator.py
[2024-09-16 20:23:47,468] {processor.py:651} INFO - DAG(s) dict_keys(['example_dag_decorator']) retrieved from /home/airflow/.local/lib/python3.7/site-packages/airflow/example_dags/example_dag_decorator.py
[2024-09-16 20:23:47,686] {logging_mixin.py:115} INFO - [2024-09-16 20:23:47,686] {dag.py:2379} INFO - Sync 1 DAGs
[2024-09-16 20:23:47,710] {logging_mixin.py:115} INFO - [2024-09-16 20:23:47,710] {dag.py:2927} INFO - Setting next_dagrun for example_dag_decorator to None, run_after=None
[2024-09-16 20:23:47,725] {processor.py:161} INFO - Processing /home/airflow/.local/lib/python3.7/site-packages/airflow/example_dags/example_dag_decorator.py took 0.300 seconds
[2024-09-16 20:24:18,091] {processor.py:153} INFO - Started process (PID=1155) to work on /home/airflow/.local/lib/python3.7/site-packages/airflow/example_dags/example_dag_decorator.py
[2024-09-16 20:24:18,091] {processor.py:641} INFO - Processing file /home/airflow/.local/lib/python3.7/site-packages/airflow/example_dags/example_dag_decorator.py for tasks to queue
[2024-09-16 20:24:18,092] {logging_mixin.py:115} INFO - [2024-09-16 20:24:18,092] {dagbag.py:507} INFO - Filling up the DagBag from /home/airflow/.local/lib/python3.7/site-packages/airflow/example_dags/example_dag_decorator.py
[2024-09-16 20:24:18,119] {processor.py:651} INFO - DAG(s) dict_keys(['example_dag_decorator']) retrieved from /home/airflow/.local/lib/python3.7/site-packages/airflow/example_dags/example_dag_decorator.py
[2024-09-16 20:24:18,338] {logging_mixin.py:115} INFO - [2024-09-16 20:24:18,338] {dag.py:2379} INFO - Sync 1 DAGs
[2024-09-16 20:24:18,361] {logging_mixin.py:115} INFO - [2024-09-16 20:24:18,361] {dag.py:2927} INFO - Setting next_dagrun for example_dag_decorator to None, run_after=None
[2024-09-16 20:24:18,377] {processor.py:161} INFO - Processing /home/airflow/.local/lib/python3.7/site-packages/airflow/example_dags/example_dag_decorator.py took 0.290 seconds
[2024-09-16 20:24:48,658] {processor.py:153} INFO - Started process (PID=1197) to work on /home/airflow/.local/lib/python3.7/site-packages/airflow/example_dags/example_dag_decorator.py
[2024-09-16 20:24:48,668] {processor.py:641} INFO - Processing file /home/airflow/.local/lib/python3.7/site-packages/airflow/example_dags/example_dag_decorator.py for tasks to queue
[2024-09-16 20:24:48,668] {logging_mixin.py:115} INFO - [2024-09-16 20:24:48,668] {dagbag.py:507} INFO - Filling up the DagBag from /home/airflow/.local/lib/python3.7/site-packages/airflow/example_dags/example_dag_decorator.py
[2024-09-16 20:24:48,700] {processor.py:651} INFO - DAG(s) dict_keys(['example_dag_decorator']) retrieved from /home/airflow/.local/lib/python3.7/site-packages/airflow/example_dags/example_dag_decorator.py
[2024-09-16 20:24:48,730] {logging_mixin.py:115} INFO - [2024-09-16 20:24:48,730] {dag.py:2379} INFO - Sync 1 DAGs
[2024-09-16 20:24:48,757] {logging_mixin.py:115} INFO - [2024-09-16 20:24:48,756] {dag.py:2927} INFO - Setting next_dagrun for example_dag_decorator to None, run_after=None
[2024-09-16 20:24:48,769] {processor.py:161} INFO - Processing /home/airflow/.local/lib/python3.7/site-packages/airflow/example_dags/example_dag_decorator.py took 0.116 seconds
[2024-09-16 20:25:19,174] {processor.py:153} INFO - Started process (PID=1238) to work on /home/airflow/.local/lib/python3.7/site-packages/airflow/example_dags/example_dag_decorator.py
[2024-09-16 20:25:19,184] {processor.py:641} INFO - Processing file /home/airflow/.local/lib/python3.7/site-packages/airflow/example_dags/example_dag_decorator.py for tasks to queue
[2024-09-16 20:25:19,185] {logging_mixin.py:115} INFO - [2024-09-16 20:25:19,185] {dagbag.py:507} INFO - Filling up the DagBag from /home/airflow/.local/lib/python3.7/site-packages/airflow/example_dags/example_dag_decorator.py
[2024-09-16 20:25:19,220] {processor.py:651} INFO - DAG(s) dict_keys(['example_dag_decorator']) retrieved from /home/airflow/.local/lib/python3.7/site-packages/airflow/example_dags/example_dag_decorator.py
[2024-09-16 20:25:19,439] {logging_mixin.py:115} INFO - [2024-09-16 20:25:19,439] {dag.py:2379} INFO - Sync 1 DAGs
[2024-09-16 20:25:19,462] {logging_mixin.py:115} INFO - [2024-09-16 20:25:19,462] {dag.py:2927} INFO - Setting next_dagrun for example_dag_decorator to None, run_after=None
[2024-09-16 20:25:19,477] {processor.py:161} INFO - Processing /home/airflow/.local/lib/python3.7/site-packages/airflow/example_dags/example_dag_decorator.py took 0.309 seconds
[2024-09-16 20:25:49,911] {processor.py:153} INFO - Started process (PID=1280) to work on /home/airflow/.local/lib/python3.7/site-packages/airflow/example_dags/example_dag_decorator.py
[2024-09-16 20:25:49,921] {processor.py:641} INFO - Processing file /home/airflow/.local/lib/python3.7/site-packages/airflow/example_dags/example_dag_decorator.py for tasks to queue
[2024-09-16 20:25:49,922] {logging_mixin.py:115} INFO - [2024-09-16 20:25:49,922] {dagbag.py:507} INFO - Filling up the DagBag from /home/airflow/.local/lib/python3.7/site-packages/airflow/example_dags/example_dag_decorator.py
[2024-09-16 20:25:49,948] {processor.py:651} INFO - DAG(s) dict_keys(['example_dag_decorator']) retrieved from /home/airflow/.local/lib/python3.7/site-packages/airflow/example_dags/example_dag_decorator.py
[2024-09-16 20:25:50,187] {logging_mixin.py:115} INFO - [2024-09-16 20:25:50,187] {dag.py:2379} INFO - Sync 1 DAGs
[2024-09-16 20:25:50,214] {logging_mixin.py:115} INFO - [2024-09-16 20:25:50,214] {dag.py:2927} INFO - Setting next_dagrun for example_dag_decorator to None, run_after=None
[2024-09-16 20:25:50,232] {processor.py:161} INFO - Processing /home/airflow/.local/lib/python3.7/site-packages/airflow/example_dags/example_dag_decorator.py took 0.325 seconds
[2024-09-16 20:26:20,410] {processor.py:153} INFO - Started process (PID=1321) to work on /home/airflow/.local/lib/python3.7/site-packages/airflow/example_dags/example_dag_decorator.py
[2024-09-16 20:26:20,420] {processor.py:641} INFO - Processing file /home/airflow/.local/lib/python3.7/site-packages/airflow/example_dags/example_dag_decorator.py for tasks to queue
[2024-09-16 20:26:20,421] {logging_mixin.py:115} INFO - [2024-09-16 20:26:20,421] {dagbag.py:507} INFO - Filling up the DagBag from /home/airflow/.local/lib/python3.7/site-packages/airflow/example_dags/example_dag_decorator.py
[2024-09-16 20:26:20,452] {processor.py:651} INFO - DAG(s) dict_keys(['example_dag_decorator']) retrieved from /home/airflow/.local/lib/python3.7/site-packages/airflow/example_dags/example_dag_decorator.py
[2024-09-16 20:26:20,673] {logging_mixin.py:115} INFO - [2024-09-16 20:26:20,673] {dag.py:2379} INFO - Sync 1 DAGs
[2024-09-16 20:26:20,697] {logging_mixin.py:115} INFO - [2024-09-16 20:26:20,696] {dag.py:2927} INFO - Setting next_dagrun for example_dag_decorator to None, run_after=None
[2024-09-16 20:26:20,723] {processor.py:161} INFO - Processing /home/airflow/.local/lib/python3.7/site-packages/airflow/example_dags/example_dag_decorator.py took 0.316 seconds
[2024-09-16 20:26:51,332] {processor.py:153} INFO - Started process (PID=1363) to work on /home/airflow/.local/lib/python3.7/site-packages/airflow/example_dags/example_dag_decorator.py
[2024-09-16 20:26:51,342] {processor.py:641} INFO - Processing file /home/airflow/.local/lib/python3.7/site-packages/airflow/example_dags/example_dag_decorator.py for tasks to queue
[2024-09-16 20:26:51,343] {logging_mixin.py:115} INFO - [2024-09-16 20:26:51,343] {dagbag.py:507} INFO - Filling up the DagBag from /home/airflow/.local/lib/python3.7/site-packages/airflow/example_dags/example_dag_decorator.py
[2024-09-16 20:26:51,376] {processor.py:651} INFO - DAG(s) dict_keys(['example_dag_decorator']) retrieved from /home/airflow/.local/lib/python3.7/site-packages/airflow/example_dags/example_dag_decorator.py
[2024-09-16 20:26:51,610] {logging_mixin.py:115} INFO - [2024-09-16 20:26:51,610] {dag.py:2379} INFO - Sync 1 DAGs
[2024-09-16 20:26:51,633] {logging_mixin.py:115} INFO - [2024-09-16 20:26:51,633] {dag.py:2927} INFO - Setting next_dagrun for example_dag_decorator to None, run_after=None
[2024-09-16 20:26:51,647] {processor.py:161} INFO - Processing /home/airflow/.local/lib/python3.7/site-packages/airflow/example_dags/example_dag_decorator.py took 0.321 seconds
[2024-09-16 20:27:21,677] {processor.py:153} INFO - Started process (PID=1404) to work on /home/airflow/.local/lib/python3.7/site-packages/airflow/example_dags/example_dag_decorator.py
[2024-09-16 20:27:21,678] {processor.py:641} INFO - Processing file /home/airflow/.local/lib/python3.7/site-packages/airflow/example_dags/example_dag_decorator.py for tasks to queue
[2024-09-16 20:27:21,679] {logging_mixin.py:115} INFO - [2024-09-16 20:27:21,679] {dagbag.py:507} INFO - Filling up the DagBag from /home/airflow/.local/lib/python3.7/site-packages/airflow/example_dags/example_dag_decorator.py
[2024-09-16 20:27:21,705] {processor.py:651} INFO - DAG(s) dict_keys(['example_dag_decorator']) retrieved from /home/airflow/.local/lib/python3.7/site-packages/airflow/example_dags/example_dag_decorator.py
[2024-09-16 20:27:21,916] {logging_mixin.py:115} INFO - [2024-09-16 20:27:21,916] {dag.py:2379} INFO - Sync 1 DAGs
[2024-09-16 20:27:21,941] {logging_mixin.py:115} INFO - [2024-09-16 20:27:21,941] {dag.py:2927} INFO - Setting next_dagrun for example_dag_decorator to None, run_after=None
[2024-09-16 20:27:21,966] {processor.py:161} INFO - Processing /home/airflow/.local/lib/python3.7/site-packages/airflow/example_dags/example_dag_decorator.py took 0.294 seconds
[2024-09-16 20:27:52,125] {processor.py:153} INFO - Started process (PID=1446) to work on /home/airflow/.local/lib/python3.7/site-packages/airflow/example_dags/example_dag_decorator.py
[2024-09-16 20:27:52,126] {processor.py:641} INFO - Processing file /home/airflow/.local/lib/python3.7/site-packages/airflow/example_dags/example_dag_decorator.py for tasks to queue
[2024-09-16 20:27:52,127] {logging_mixin.py:115} INFO - [2024-09-16 20:27:52,127] {dagbag.py:507} INFO - Filling up the DagBag from /home/airflow/.local/lib/python3.7/site-packages/airflow/example_dags/example_dag_decorator.py
[2024-09-16 20:27:52,153] {processor.py:651} INFO - DAG(s) dict_keys(['example_dag_decorator']) retrieved from /home/airflow/.local/lib/python3.7/site-packages/airflow/example_dags/example_dag_decorator.py
[2024-09-16 20:27:52,373] {logging_mixin.py:115} INFO - [2024-09-16 20:27:52,373] {dag.py:2379} INFO - Sync 1 DAGs
[2024-09-16 20:27:52,397] {logging_mixin.py:115} INFO - [2024-09-16 20:27:52,397] {dag.py:2927} INFO - Setting next_dagrun for example_dag_decorator to None, run_after=None
[2024-09-16 20:27:52,423] {processor.py:161} INFO - Processing /home/airflow/.local/lib/python3.7/site-packages/airflow/example_dags/example_dag_decorator.py took 0.302 seconds
[2024-09-16 20:28:22,530] {processor.py:153} INFO - Started process (PID=1487) to work on /home/airflow/.local/lib/python3.7/site-packages/airflow/example_dags/example_dag_decorator.py
[2024-09-16 20:28:22,541] {processor.py:641} INFO - Processing file /home/airflow/.local/lib/python3.7/site-packages/airflow/example_dags/example_dag_decorator.py for tasks to queue
[2024-09-16 20:28:22,542] {logging_mixin.py:115} INFO - [2024-09-16 20:28:22,541] {dagbag.py:507} INFO - Filling up the DagBag from /home/airflow/.local/lib/python3.7/site-packages/airflow/example_dags/example_dag_decorator.py
[2024-09-16 20:28:22,572] {processor.py:651} INFO - DAG(s) dict_keys(['example_dag_decorator']) retrieved from /home/airflow/.local/lib/python3.7/site-packages/airflow/example_dags/example_dag_decorator.py
[2024-09-16 20:28:22,782] {logging_mixin.py:115} INFO - [2024-09-16 20:28:22,782] {dag.py:2379} INFO - Sync 1 DAGs
[2024-09-16 20:28:22,806] {logging_mixin.py:115} INFO - [2024-09-16 20:28:22,805] {dag.py:2927} INFO - Setting next_dagrun for example_dag_decorator to None, run_after=None
[2024-09-16 20:28:22,820] {processor.py:161} INFO - Processing /home/airflow/.local/lib/python3.7/site-packages/airflow/example_dags/example_dag_decorator.py took 0.295 seconds
[2024-09-16 20:28:53,322] {processor.py:153} INFO - Started process (PID=1528) to work on /home/airflow/.local/lib/python3.7/site-packages/airflow/example_dags/example_dag_decorator.py
[2024-09-16 20:28:53,332] {processor.py:641} INFO - Processing file /home/airflow/.local/lib/python3.7/site-packages/airflow/example_dags/example_dag_decorator.py for tasks to queue
[2024-09-16 20:28:53,333] {logging_mixin.py:115} INFO - [2024-09-16 20:28:53,333] {dagbag.py:507} INFO - Filling up the DagBag from /home/airflow/.local/lib/python3.7/site-packages/airflow/example_dags/example_dag_decorator.py
[2024-09-16 20:28:53,362] {processor.py:651} INFO - DAG(s) dict_keys(['example_dag_decorator']) retrieved from /home/airflow/.local/lib/python3.7/site-packages/airflow/example_dags/example_dag_decorator.py
[2024-09-16 20:28:53,581] {logging_mixin.py:115} INFO - [2024-09-16 20:28:53,581] {dag.py:2379} INFO - Sync 1 DAGs
[2024-09-16 20:28:53,604] {logging_mixin.py:115} INFO - [2024-09-16 20:28:53,604] {dag.py:2927} INFO - Setting next_dagrun for example_dag_decorator to None, run_after=None
[2024-09-16 20:28:53,620] {processor.py:161} INFO - Processing /home/airflow/.local/lib/python3.7/site-packages/airflow/example_dags/example_dag_decorator.py took 0.302 seconds
[2024-09-16 20:29:23,656] {processor.py:153} INFO - Started process (PID=1570) to work on /home/airflow/.local/lib/python3.7/site-packages/airflow/example_dags/example_dag_decorator.py
[2024-09-16 20:29:23,657] {processor.py:641} INFO - Processing file /home/airflow/.local/lib/python3.7/site-packages/airflow/example_dags/example_dag_decorator.py for tasks to queue
[2024-09-16 20:29:23,657] {logging_mixin.py:115} INFO - [2024-09-16 20:29:23,657] {dagbag.py:507} INFO - Filling up the DagBag from /home/airflow/.local/lib/python3.7/site-packages/airflow/example_dags/example_dag_decorator.py
[2024-09-16 20:29:23,683] {processor.py:651} INFO - DAG(s) dict_keys(['example_dag_decorator']) retrieved from /home/airflow/.local/lib/python3.7/site-packages/airflow/example_dags/example_dag_decorator.py
[2024-09-16 20:29:23,712] {logging_mixin.py:115} INFO - [2024-09-16 20:29:23,712] {dag.py:2379} INFO - Sync 1 DAGs
[2024-09-16 20:29:23,739] {logging_mixin.py:115} INFO - [2024-09-16 20:29:23,739] {dag.py:2927} INFO - Setting next_dagrun for example_dag_decorator to None, run_after=None
[2024-09-16 20:29:23,754] {processor.py:161} INFO - Processing /home/airflow/.local/lib/python3.7/site-packages/airflow/example_dags/example_dag_decorator.py took 0.103 seconds
[2024-09-16 20:29:54,556] {processor.py:153} INFO - Started process (PID=1612) to work on /home/airflow/.local/lib/python3.7/site-packages/airflow/example_dags/example_dag_decorator.py
[2024-09-16 20:29:54,567] {processor.py:641} INFO - Processing file /home/airflow/.local/lib/python3.7/site-packages/airflow/example_dags/example_dag_decorator.py for tasks to queue
[2024-09-16 20:29:54,567] {logging_mixin.py:115} INFO - [2024-09-16 20:29:54,567] {dagbag.py:507} INFO - Filling up the DagBag from /home/airflow/.local/lib/python3.7/site-packages/airflow/example_dags/example_dag_decorator.py
[2024-09-16 20:29:54,598] {processor.py:651} INFO - DAG(s) dict_keys(['example_dag_decorator']) retrieved from /home/airflow/.local/lib/python3.7/site-packages/airflow/example_dags/example_dag_decorator.py
[2024-09-16 20:29:54,627] {logging_mixin.py:115} INFO - [2024-09-16 20:29:54,627] {dag.py:2379} INFO - Sync 1 DAGs
[2024-09-16 20:29:54,654] {logging_mixin.py:115} INFO - [2024-09-16 20:29:54,654] {dag.py:2927} INFO - Setting next_dagrun for example_dag_decorator to None, run_after=None
[2024-09-16 20:29:54,668] {processor.py:161} INFO - Processing /home/airflow/.local/lib/python3.7/site-packages/airflow/example_dags/example_dag_decorator.py took 0.117 seconds
[2024-09-16 20:30:25,112] {processor.py:153} INFO - Started process (PID=1654) to work on /home/airflow/.local/lib/python3.7/site-packages/airflow/example_dags/example_dag_decorator.py
[2024-09-16 20:30:25,113] {processor.py:641} INFO - Processing file /home/airflow/.local/lib/python3.7/site-packages/airflow/example_dags/example_dag_decorator.py for tasks to queue
[2024-09-16 20:30:25,114] {logging_mixin.py:115} INFO - [2024-09-16 20:30:25,114] {dagbag.py:507} INFO - Filling up the DagBag from /home/airflow/.local/lib/python3.7/site-packages/airflow/example_dags/example_dag_decorator.py
[2024-09-16 20:30:25,144] {processor.py:651} INFO - DAG(s) dict_keys(['example_dag_decorator']) retrieved from /home/airflow/.local/lib/python3.7/site-packages/airflow/example_dags/example_dag_decorator.py
[2024-09-16 20:30:25,178] {logging_mixin.py:115} INFO - [2024-09-16 20:30:25,178] {dag.py:2379} INFO - Sync 1 DAGs
[2024-09-16 20:30:25,207] {logging_mixin.py:115} INFO - [2024-09-16 20:30:25,207] {dag.py:2927} INFO - Setting next_dagrun for example_dag_decorator to None, run_after=None
[2024-09-16 20:30:25,224] {processor.py:161} INFO - Processing /home/airflow/.local/lib/python3.7/site-packages/airflow/example_dags/example_dag_decorator.py took 0.117 seconds
[2024-09-16 20:30:55,553] {processor.py:153} INFO - Started process (PID=1695) to work on /home/airflow/.local/lib/python3.7/site-packages/airflow/example_dags/example_dag_decorator.py
[2024-09-16 20:30:55,554] {processor.py:641} INFO - Processing file /home/airflow/.local/lib/python3.7/site-packages/airflow/example_dags/example_dag_decorator.py for tasks to queue
[2024-09-16 20:30:55,555] {logging_mixin.py:115} INFO - [2024-09-16 20:30:55,555] {dagbag.py:507} INFO - Filling up the DagBag from /home/airflow/.local/lib/python3.7/site-packages/airflow/example_dags/example_dag_decorator.py
[2024-09-16 20:30:55,581] {processor.py:651} INFO - DAG(s) dict_keys(['example_dag_decorator']) retrieved from /home/airflow/.local/lib/python3.7/site-packages/airflow/example_dags/example_dag_decorator.py
[2024-09-16 20:30:55,804] {logging_mixin.py:115} INFO - [2024-09-16 20:30:55,804] {dag.py:2379} INFO - Sync 1 DAGs
[2024-09-16 20:30:55,826] {logging_mixin.py:115} INFO - [2024-09-16 20:30:55,826] {dag.py:2927} INFO - Setting next_dagrun for example_dag_decorator to None, run_after=None
[2024-09-16 20:30:55,851] {processor.py:161} INFO - Processing /home/airflow/.local/lib/python3.7/site-packages/airflow/example_dags/example_dag_decorator.py took 0.303 seconds
[2024-09-16 20:31:26,022] {processor.py:153} INFO - Started process (PID=1737) to work on /home/airflow/.local/lib/python3.7/site-packages/airflow/example_dags/example_dag_decorator.py
[2024-09-16 20:31:26,022] {processor.py:641} INFO - Processing file /home/airflow/.local/lib/python3.7/site-packages/airflow/example_dags/example_dag_decorator.py for tasks to queue
[2024-09-16 20:31:26,023] {logging_mixin.py:115} INFO - [2024-09-16 20:31:26,023] {dagbag.py:507} INFO - Filling up the DagBag from /home/airflow/.local/lib/python3.7/site-packages/airflow/example_dags/example_dag_decorator.py
[2024-09-16 20:31:26,053] {processor.py:651} INFO - DAG(s) dict_keys(['example_dag_decorator']) retrieved from /home/airflow/.local/lib/python3.7/site-packages/airflow/example_dags/example_dag_decorator.py
[2024-09-16 20:31:26,265] {logging_mixin.py:115} INFO - [2024-09-16 20:31:26,265] {dag.py:2379} INFO - Sync 1 DAGs
[2024-09-16 20:31:26,288] {logging_mixin.py:115} INFO - [2024-09-16 20:31:26,288] {dag.py:2927} INFO - Setting next_dagrun for example_dag_decorator to None, run_after=None
[2024-09-16 20:31:26,314] {processor.py:161} INFO - Processing /home/airflow/.local/lib/python3.7/site-packages/airflow/example_dags/example_dag_decorator.py took 0.297 seconds
[2024-09-16 20:31:56,752] {processor.py:153} INFO - Started process (PID=1779) to work on /home/airflow/.local/lib/python3.7/site-packages/airflow/example_dags/example_dag_decorator.py
[2024-09-16 20:31:56,762] {processor.py:641} INFO - Processing file /home/airflow/.local/lib/python3.7/site-packages/airflow/example_dags/example_dag_decorator.py for tasks to queue
[2024-09-16 20:31:56,763] {logging_mixin.py:115} INFO - [2024-09-16 20:31:56,763] {dagbag.py:507} INFO - Filling up the DagBag from /home/airflow/.local/lib/python3.7/site-packages/airflow/example_dags/example_dag_decorator.py
[2024-09-16 20:31:56,796] {processor.py:651} INFO - DAG(s) dict_keys(['example_dag_decorator']) retrieved from /home/airflow/.local/lib/python3.7/site-packages/airflow/example_dags/example_dag_decorator.py
[2024-09-16 20:31:57,012] {logging_mixin.py:115} INFO - [2024-09-16 20:31:57,012] {dag.py:2379} INFO - Sync 1 DAGs
[2024-09-16 20:31:57,036] {logging_mixin.py:115} INFO - [2024-09-16 20:31:57,036] {dag.py:2927} INFO - Setting next_dagrun for example_dag_decorator to None, run_after=None
[2024-09-16 20:31:57,062] {processor.py:161} INFO - Processing /home/airflow/.local/lib/python3.7/site-packages/airflow/example_dags/example_dag_decorator.py took 0.315 seconds
[2024-09-16 20:32:27,130] {processor.py:153} INFO - Started process (PID=1821) to work on /home/airflow/.local/lib/python3.7/site-packages/airflow/example_dags/example_dag_decorator.py
[2024-09-16 20:32:27,130] {processor.py:641} INFO - Processing file /home/airflow/.local/lib/python3.7/site-packages/airflow/example_dags/example_dag_decorator.py for tasks to queue
[2024-09-16 20:32:27,131] {logging_mixin.py:115} INFO - [2024-09-16 20:32:27,131] {dagbag.py:507} INFO - Filling up the DagBag from /home/airflow/.local/lib/python3.7/site-packages/airflow/example_dags/example_dag_decorator.py
[2024-09-16 20:32:27,157] {processor.py:651} INFO - DAG(s) dict_keys(['example_dag_decorator']) retrieved from /home/airflow/.local/lib/python3.7/site-packages/airflow/example_dags/example_dag_decorator.py
[2024-09-16 20:32:27,396] {logging_mixin.py:115} INFO - [2024-09-16 20:32:27,395] {dag.py:2379} INFO - Sync 1 DAGs
[2024-09-16 20:32:27,420] {logging_mixin.py:115} INFO - [2024-09-16 20:32:27,419] {dag.py:2927} INFO - Setting next_dagrun for example_dag_decorator to None, run_after=None
[2024-09-16 20:32:27,435] {processor.py:161} INFO - Processing /home/airflow/.local/lib/python3.7/site-packages/airflow/example_dags/example_dag_decorator.py took 0.308 seconds
[2024-09-16 20:32:57,771] {processor.py:153} INFO - Started process (PID=1863) to work on /home/airflow/.local/lib/python3.7/site-packages/airflow/example_dags/example_dag_decorator.py
[2024-09-16 20:32:57,781] {processor.py:641} INFO - Processing file /home/airflow/.local/lib/python3.7/site-packages/airflow/example_dags/example_dag_decorator.py for tasks to queue
[2024-09-16 20:32:57,782] {logging_mixin.py:115} INFO - [2024-09-16 20:32:57,782] {dagbag.py:507} INFO - Filling up the DagBag from /home/airflow/.local/lib/python3.7/site-packages/airflow/example_dags/example_dag_decorator.py
[2024-09-16 20:32:57,814] {processor.py:651} INFO - DAG(s) dict_keys(['example_dag_decorator']) retrieved from /home/airflow/.local/lib/python3.7/site-packages/airflow/example_dags/example_dag_decorator.py
[2024-09-16 20:32:57,842] {logging_mixin.py:115} INFO - [2024-09-16 20:32:57,842] {dag.py:2379} INFO - Sync 1 DAGs
[2024-09-16 20:32:57,870] {logging_mixin.py:115} INFO - [2024-09-16 20:32:57,869] {dag.py:2927} INFO - Setting next_dagrun for example_dag_decorator to None, run_after=None
[2024-09-16 20:32:57,883] {processor.py:161} INFO - Processing /home/airflow/.local/lib/python3.7/site-packages/airflow/example_dags/example_dag_decorator.py took 0.117 seconds
[2024-09-16 20:33:28,093] {processor.py:153} INFO - Started process (PID=1905) to work on /home/airflow/.local/lib/python3.7/site-packages/airflow/example_dags/example_dag_decorator.py
[2024-09-16 20:33:28,094] {processor.py:641} INFO - Processing file /home/airflow/.local/lib/python3.7/site-packages/airflow/example_dags/example_dag_decorator.py for tasks to queue
[2024-09-16 20:33:28,095] {logging_mixin.py:115} INFO - [2024-09-16 20:33:28,094] {dagbag.py:507} INFO - Filling up the DagBag from /home/airflow/.local/lib/python3.7/site-packages/airflow/example_dags/example_dag_decorator.py
[2024-09-16 20:33:28,132] {processor.py:651} INFO - DAG(s) dict_keys(['example_dag_decorator']) retrieved from /home/airflow/.local/lib/python3.7/site-packages/airflow/example_dags/example_dag_decorator.py
[2024-09-16 20:33:28,378] {logging_mixin.py:115} INFO - [2024-09-16 20:33:28,378] {dag.py:2379} INFO - Sync 1 DAGs
[2024-09-16 20:33:28,402] {logging_mixin.py:115} INFO - [2024-09-16 20:33:28,402] {dag.py:2927} INFO - Setting next_dagrun for example_dag_decorator to None, run_after=None
[2024-09-16 20:33:28,420] {processor.py:161} INFO - Processing /home/airflow/.local/lib/python3.7/site-packages/airflow/example_dags/example_dag_decorator.py took 0.332 seconds
[2024-09-16 20:33:58,662] {processor.py:153} INFO - Started process (PID=1946) to work on /home/airflow/.local/lib/python3.7/site-packages/airflow/example_dags/example_dag_decorator.py
[2024-09-16 20:33:58,663] {processor.py:641} INFO - Processing file /home/airflow/.local/lib/python3.7/site-packages/airflow/example_dags/example_dag_decorator.py for tasks to queue
[2024-09-16 20:33:58,664] {logging_mixin.py:115} INFO - [2024-09-16 20:33:58,664] {dagbag.py:507} INFO - Filling up the DagBag from /home/airflow/.local/lib/python3.7/site-packages/airflow/example_dags/example_dag_decorator.py
[2024-09-16 20:33:58,702] {processor.py:651} INFO - DAG(s) dict_keys(['example_dag_decorator']) retrieved from /home/airflow/.local/lib/python3.7/site-packages/airflow/example_dags/example_dag_decorator.py
[2024-09-16 20:33:59,017] {logging_mixin.py:115} INFO - [2024-09-16 20:33:59,016] {dag.py:2379} INFO - Sync 1 DAGs
[2024-09-16 20:33:59,040] {logging_mixin.py:115} INFO - [2024-09-16 20:33:59,040] {dag.py:2927} INFO - Setting next_dagrun for example_dag_decorator to None, run_after=None
[2024-09-16 20:33:59,059] {processor.py:161} INFO - Processing /home/airflow/.local/lib/python3.7/site-packages/airflow/example_dags/example_dag_decorator.py took 0.400 seconds
[2024-09-16 20:34:29,369] {processor.py:153} INFO - Started process (PID=1988) to work on /home/airflow/.local/lib/python3.7/site-packages/airflow/example_dags/example_dag_decorator.py
[2024-09-16 20:34:29,369] {processor.py:641} INFO - Processing file /home/airflow/.local/lib/python3.7/site-packages/airflow/example_dags/example_dag_decorator.py for tasks to queue
[2024-09-16 20:34:29,370] {logging_mixin.py:115} INFO - [2024-09-16 20:34:29,370] {dagbag.py:507} INFO - Filling up the DagBag from /home/airflow/.local/lib/python3.7/site-packages/airflow/example_dags/example_dag_decorator.py
[2024-09-16 20:34:29,407] {processor.py:651} INFO - DAG(s) dict_keys(['example_dag_decorator']) retrieved from /home/airflow/.local/lib/python3.7/site-packages/airflow/example_dags/example_dag_decorator.py
[2024-09-16 20:34:29,470] {logging_mixin.py:115} INFO - [2024-09-16 20:34:29,469] {dag.py:2379} INFO - Sync 1 DAGs
[2024-09-16 20:34:29,501] {logging_mixin.py:115} INFO - [2024-09-16 20:34:29,501] {dag.py:2927} INFO - Setting next_dagrun for example_dag_decorator to None, run_after=None
[2024-09-16 20:34:29,517] {processor.py:161} INFO - Processing /home/airflow/.local/lib/python3.7/site-packages/airflow/example_dags/example_dag_decorator.py took 0.152 seconds
[2024-09-16 20:34:59,686] {processor.py:153} INFO - Started process (PID=2028) to work on /home/airflow/.local/lib/python3.7/site-packages/airflow/example_dags/example_dag_decorator.py
[2024-09-16 20:34:59,686] {processor.py:641} INFO - Processing file /home/airflow/.local/lib/python3.7/site-packages/airflow/example_dags/example_dag_decorator.py for tasks to queue
[2024-09-16 20:34:59,687] {logging_mixin.py:115} INFO - [2024-09-16 20:34:59,687] {dagbag.py:507} INFO - Filling up the DagBag from /home/airflow/.local/lib/python3.7/site-packages/airflow/example_dags/example_dag_decorator.py
[2024-09-16 20:34:59,731] {processor.py:651} INFO - DAG(s) dict_keys(['example_dag_decorator']) retrieved from /home/airflow/.local/lib/python3.7/site-packages/airflow/example_dags/example_dag_decorator.py
[2024-09-16 20:34:59,768] {logging_mixin.py:115} INFO - [2024-09-16 20:34:59,768] {dag.py:2379} INFO - Sync 1 DAGs
[2024-09-16 20:34:59,798] {logging_mixin.py:115} INFO - [2024-09-16 20:34:59,798] {dag.py:2927} INFO - Setting next_dagrun for example_dag_decorator to None, run_after=None
[2024-09-16 20:34:59,811] {processor.py:161} INFO - Processing /home/airflow/.local/lib/python3.7/site-packages/airflow/example_dags/example_dag_decorator.py took 0.130 seconds
[2024-09-16 20:35:31,174] {processor.py:153} INFO - Started process (PID=2070) to work on /home/airflow/.local/lib/python3.7/site-packages/airflow/example_dags/example_dag_decorator.py
[2024-09-16 20:35:31,174] {processor.py:641} INFO - Processing file /home/airflow/.local/lib/python3.7/site-packages/airflow/example_dags/example_dag_decorator.py for tasks to queue
[2024-09-16 20:35:31,175] {logging_mixin.py:115} INFO - [2024-09-16 20:35:31,175] {dagbag.py:507} INFO - Filling up the DagBag from /home/airflow/.local/lib/python3.7/site-packages/airflow/example_dags/example_dag_decorator.py
[2024-09-16 20:35:31,209] {processor.py:651} INFO - DAG(s) dict_keys(['example_dag_decorator']) retrieved from /home/airflow/.local/lib/python3.7/site-packages/airflow/example_dags/example_dag_decorator.py
[2024-09-16 20:35:31,466] {logging_mixin.py:115} INFO - [2024-09-16 20:35:31,466] {dag.py:2379} INFO - Sync 1 DAGs
[2024-09-16 20:35:31,489] {logging_mixin.py:115} INFO - [2024-09-16 20:35:31,489] {dag.py:2927} INFO - Setting next_dagrun for example_dag_decorator to None, run_after=None
[2024-09-16 20:35:31,505] {processor.py:161} INFO - Processing /home/airflow/.local/lib/python3.7/site-packages/airflow/example_dags/example_dag_decorator.py took 0.335 seconds
[2024-09-16 20:36:01,827] {processor.py:153} INFO - Started process (PID=2112) to work on /home/airflow/.local/lib/python3.7/site-packages/airflow/example_dags/example_dag_decorator.py
[2024-09-16 20:36:01,828] {processor.py:641} INFO - Processing file /home/airflow/.local/lib/python3.7/site-packages/airflow/example_dags/example_dag_decorator.py for tasks to queue
[2024-09-16 20:36:01,828] {logging_mixin.py:115} INFO - [2024-09-16 20:36:01,828] {dagbag.py:507} INFO - Filling up the DagBag from /home/airflow/.local/lib/python3.7/site-packages/airflow/example_dags/example_dag_decorator.py
[2024-09-16 20:36:01,863] {processor.py:651} INFO - DAG(s) dict_keys(['example_dag_decorator']) retrieved from /home/airflow/.local/lib/python3.7/site-packages/airflow/example_dags/example_dag_decorator.py
[2024-09-16 20:36:02,121] {logging_mixin.py:115} INFO - [2024-09-16 20:36:02,121] {dag.py:2379} INFO - Sync 1 DAGs
[2024-09-16 20:36:02,146] {logging_mixin.py:115} INFO - [2024-09-16 20:36:02,145] {dag.py:2927} INFO - Setting next_dagrun for example_dag_decorator to None, run_after=None
[2024-09-16 20:36:02,163] {processor.py:161} INFO - Processing /home/airflow/.local/lib/python3.7/site-packages/airflow/example_dags/example_dag_decorator.py took 0.340 seconds
[2024-09-16 20:36:32,461] {processor.py:153} INFO - Started process (PID=2154) to work on /home/airflow/.local/lib/python3.7/site-packages/airflow/example_dags/example_dag_decorator.py
[2024-09-16 20:36:32,462] {processor.py:641} INFO - Processing file /home/airflow/.local/lib/python3.7/site-packages/airflow/example_dags/example_dag_decorator.py for tasks to queue
[2024-09-16 20:36:32,463] {logging_mixin.py:115} INFO - [2024-09-16 20:36:32,463] {dagbag.py:507} INFO - Filling up the DagBag from /home/airflow/.local/lib/python3.7/site-packages/airflow/example_dags/example_dag_decorator.py
[2024-09-16 20:36:32,495] {processor.py:651} INFO - DAG(s) dict_keys(['example_dag_decorator']) retrieved from /home/airflow/.local/lib/python3.7/site-packages/airflow/example_dags/example_dag_decorator.py
[2024-09-16 20:36:32,733] {logging_mixin.py:115} INFO - [2024-09-16 20:36:32,733] {dag.py:2379} INFO - Sync 1 DAGs
[2024-09-16 20:36:32,756] {logging_mixin.py:115} INFO - [2024-09-16 20:36:32,756] {dag.py:2927} INFO - Setting next_dagrun for example_dag_decorator to None, run_after=None
[2024-09-16 20:36:32,772] {processor.py:161} INFO - Processing /home/airflow/.local/lib/python3.7/site-packages/airflow/example_dags/example_dag_decorator.py took 0.314 seconds
[2024-09-16 20:37:02,906] {processor.py:153} INFO - Started process (PID=2195) to work on /home/airflow/.local/lib/python3.7/site-packages/airflow/example_dags/example_dag_decorator.py
[2024-09-16 20:37:02,907] {processor.py:641} INFO - Processing file /home/airflow/.local/lib/python3.7/site-packages/airflow/example_dags/example_dag_decorator.py for tasks to queue
[2024-09-16 20:37:02,907] {logging_mixin.py:115} INFO - [2024-09-16 20:37:02,907] {dagbag.py:507} INFO - Filling up the DagBag from /home/airflow/.local/lib/python3.7/site-packages/airflow/example_dags/example_dag_decorator.py
[2024-09-16 20:37:02,936] {processor.py:651} INFO - DAG(s) dict_keys(['example_dag_decorator']) retrieved from /home/airflow/.local/lib/python3.7/site-packages/airflow/example_dags/example_dag_decorator.py
[2024-09-16 20:37:03,190] {logging_mixin.py:115} INFO - [2024-09-16 20:37:03,190] {dag.py:2379} INFO - Sync 1 DAGs
[2024-09-16 20:37:03,213] {logging_mixin.py:115} INFO - [2024-09-16 20:37:03,213] {dag.py:2927} INFO - Setting next_dagrun for example_dag_decorator to None, run_after=None
[2024-09-16 20:37:03,228] {processor.py:161} INFO - Processing /home/airflow/.local/lib/python3.7/site-packages/airflow/example_dags/example_dag_decorator.py took 0.326 seconds
[2024-09-16 20:37:33,703] {processor.py:153} INFO - Started process (PID=2237) to work on /home/airflow/.local/lib/python3.7/site-packages/airflow/example_dags/example_dag_decorator.py
[2024-09-16 20:37:33,704] {processor.py:641} INFO - Processing file /home/airflow/.local/lib/python3.7/site-packages/airflow/example_dags/example_dag_decorator.py for tasks to queue
[2024-09-16 20:37:33,704] {logging_mixin.py:115} INFO - [2024-09-16 20:37:33,704] {dagbag.py:507} INFO - Filling up the DagBag from /home/airflow/.local/lib/python3.7/site-packages/airflow/example_dags/example_dag_decorator.py
[2024-09-16 20:37:33,736] {processor.py:651} INFO - DAG(s) dict_keys(['example_dag_decorator']) retrieved from /home/airflow/.local/lib/python3.7/site-packages/airflow/example_dags/example_dag_decorator.py
[2024-09-16 20:37:33,983] {logging_mixin.py:115} INFO - [2024-09-16 20:37:33,983] {dag.py:2379} INFO - Sync 1 DAGs
[2024-09-16 20:37:34,007] {logging_mixin.py:115} INFO - [2024-09-16 20:37:34,007] {dag.py:2927} INFO - Setting next_dagrun for example_dag_decorator to None, run_after=None
[2024-09-16 20:37:34,025] {processor.py:161} INFO - Processing /home/airflow/.local/lib/python3.7/site-packages/airflow/example_dags/example_dag_decorator.py took 0.326 seconds
[2024-09-16 20:38:04,564] {processor.py:153} INFO - Started process (PID=2278) to work on /home/airflow/.local/lib/python3.7/site-packages/airflow/example_dags/example_dag_decorator.py
[2024-09-16 20:38:04,565] {processor.py:641} INFO - Processing file /home/airflow/.local/lib/python3.7/site-packages/airflow/example_dags/example_dag_decorator.py for tasks to queue
[2024-09-16 20:38:04,565] {logging_mixin.py:115} INFO - [2024-09-16 20:38:04,565] {dagbag.py:507} INFO - Filling up the DagBag from /home/airflow/.local/lib/python3.7/site-packages/airflow/example_dags/example_dag_decorator.py
[2024-09-16 20:38:04,605] {processor.py:651} INFO - DAG(s) dict_keys(['example_dag_decorator']) retrieved from /home/airflow/.local/lib/python3.7/site-packages/airflow/example_dags/example_dag_decorator.py
[2024-09-16 20:38:04,838] {logging_mixin.py:115} INFO - [2024-09-16 20:38:04,838] {dag.py:2379} INFO - Sync 1 DAGs
[2024-09-16 20:38:04,863] {logging_mixin.py:115} INFO - [2024-09-16 20:38:04,863] {dag.py:2927} INFO - Setting next_dagrun for example_dag_decorator to None, run_after=None
[2024-09-16 20:38:04,880] {processor.py:161} INFO - Processing /home/airflow/.local/lib/python3.7/site-packages/airflow/example_dags/example_dag_decorator.py took 0.321 seconds
[2024-09-16 20:38:35,423] {processor.py:153} INFO - Started process (PID=2319) to work on /home/airflow/.local/lib/python3.7/site-packages/airflow/example_dags/example_dag_decorator.py
[2024-09-16 20:38:35,424] {processor.py:641} INFO - Processing file /home/airflow/.local/lib/python3.7/site-packages/airflow/example_dags/example_dag_decorator.py for tasks to queue
[2024-09-16 20:38:35,426] {logging_mixin.py:115} INFO - [2024-09-16 20:38:35,425] {dagbag.py:507} INFO - Filling up the DagBag from /home/airflow/.local/lib/python3.7/site-packages/airflow/example_dags/example_dag_decorator.py
[2024-09-16 20:38:35,469] {processor.py:651} INFO - DAG(s) dict_keys(['example_dag_decorator']) retrieved from /home/airflow/.local/lib/python3.7/site-packages/airflow/example_dags/example_dag_decorator.py
[2024-09-16 20:38:35,745] {logging_mixin.py:115} INFO - [2024-09-16 20:38:35,744] {dag.py:2379} INFO - Sync 1 DAGs
[2024-09-16 20:38:35,773] {logging_mixin.py:115} INFO - [2024-09-16 20:38:35,773] {dag.py:2927} INFO - Setting next_dagrun for example_dag_decorator to None, run_after=None
[2024-09-16 20:38:35,793] {processor.py:161} INFO - Processing /home/airflow/.local/lib/python3.7/site-packages/airflow/example_dags/example_dag_decorator.py took 0.375 seconds
