[2024-09-16 19:55:49,009] {processor.py:153} INFO - Started process (PID=52) to work on /home/airflow/.local/lib/python3.7/site-packages/airflow/example_dags/tutorial_etl_dag.py
[2024-09-16 19:55:49,010] {processor.py:641} INFO - Processing file /home/airflow/.local/lib/python3.7/site-packages/airflow/example_dags/tutorial_etl_dag.py for tasks to queue
[2024-09-16 19:55:49,011] {logging_mixin.py:115} INFO - [2024-09-16 19:55:49,011] {dagbag.py:507} INFO - Filling up the DagBag from /home/airflow/.local/lib/python3.7/site-packages/airflow/example_dags/tutorial_etl_dag.py
[2024-09-16 19:55:49,020] {processor.py:651} INFO - DAG(s) dict_keys(['tutorial_etl_dag']) retrieved from /home/airflow/.local/lib/python3.7/site-packages/airflow/example_dags/tutorial_etl_dag.py
[2024-09-16 19:55:49,162] {logging_mixin.py:115} INFO - [2024-09-16 19:55:49,162] {dag.py:2379} INFO - Sync 1 DAGs
[2024-09-16 19:55:49,250] {logging_mixin.py:115} INFO - [2024-09-16 19:55:49,249] {dag.py:2927} INFO - Setting next_dagrun for tutorial_etl_dag to None, run_after=None
[2024-09-16 19:55:49,314] {processor.py:161} INFO - Processing /home/airflow/.local/lib/python3.7/site-packages/airflow/example_dags/tutorial_etl_dag.py took 0.308 seconds
[2024-09-16 19:56:19,575] {processor.py:153} INFO - Started process (PID=122) to work on /home/airflow/.local/lib/python3.7/site-packages/airflow/example_dags/tutorial_etl_dag.py
[2024-09-16 19:56:19,575] {processor.py:641} INFO - Processing file /home/airflow/.local/lib/python3.7/site-packages/airflow/example_dags/tutorial_etl_dag.py for tasks to queue
[2024-09-16 19:56:19,576] {logging_mixin.py:115} INFO - [2024-09-16 19:56:19,576] {dagbag.py:507} INFO - Filling up the DagBag from /home/airflow/.local/lib/python3.7/site-packages/airflow/example_dags/tutorial_etl_dag.py
[2024-09-16 19:56:19,584] {processor.py:651} INFO - DAG(s) dict_keys(['tutorial_etl_dag']) retrieved from /home/airflow/.local/lib/python3.7/site-packages/airflow/example_dags/tutorial_etl_dag.py
[2024-09-16 19:56:19,613] {logging_mixin.py:115} INFO - [2024-09-16 19:56:19,613] {dag.py:2379} INFO - Sync 1 DAGs
[2024-09-16 19:56:19,637] {logging_mixin.py:115} INFO - [2024-09-16 19:56:19,637] {dag.py:2927} INFO - Setting next_dagrun for tutorial_etl_dag to None, run_after=None
[2024-09-16 19:56:19,648] {processor.py:161} INFO - Processing /home/airflow/.local/lib/python3.7/site-packages/airflow/example_dags/tutorial_etl_dag.py took 0.077 seconds
[2024-09-16 19:56:49,898] {processor.py:153} INFO - Started process (PID=164) to work on /home/airflow/.local/lib/python3.7/site-packages/airflow/example_dags/tutorial_etl_dag.py
[2024-09-16 19:56:49,898] {processor.py:641} INFO - Processing file /home/airflow/.local/lib/python3.7/site-packages/airflow/example_dags/tutorial_etl_dag.py for tasks to queue
[2024-09-16 19:56:49,899] {logging_mixin.py:115} INFO - [2024-09-16 19:56:49,899] {dagbag.py:507} INFO - Filling up the DagBag from /home/airflow/.local/lib/python3.7/site-packages/airflow/example_dags/tutorial_etl_dag.py
[2024-09-16 19:56:49,907] {processor.py:651} INFO - DAG(s) dict_keys(['tutorial_etl_dag']) retrieved from /home/airflow/.local/lib/python3.7/site-packages/airflow/example_dags/tutorial_etl_dag.py
[2024-09-16 19:56:49,941] {logging_mixin.py:115} INFO - [2024-09-16 19:56:49,941] {dag.py:2379} INFO - Sync 1 DAGs
[2024-09-16 19:56:49,972] {logging_mixin.py:115} INFO - [2024-09-16 19:56:49,971] {dag.py:2927} INFO - Setting next_dagrun for tutorial_etl_dag to None, run_after=None
[2024-09-16 19:56:49,985] {processor.py:161} INFO - Processing /home/airflow/.local/lib/python3.7/site-packages/airflow/example_dags/tutorial_etl_dag.py took 0.091 seconds
[2024-09-16 19:57:20,436] {processor.py:153} INFO - Started process (PID=206) to work on /home/airflow/.local/lib/python3.7/site-packages/airflow/example_dags/tutorial_etl_dag.py
[2024-09-16 19:57:20,437] {processor.py:641} INFO - Processing file /home/airflow/.local/lib/python3.7/site-packages/airflow/example_dags/tutorial_etl_dag.py for tasks to queue
[2024-09-16 19:57:20,438] {logging_mixin.py:115} INFO - [2024-09-16 19:57:20,437] {dagbag.py:507} INFO - Filling up the DagBag from /home/airflow/.local/lib/python3.7/site-packages/airflow/example_dags/tutorial_etl_dag.py
[2024-09-16 19:57:20,450] {processor.py:651} INFO - DAG(s) dict_keys(['tutorial_etl_dag']) retrieved from /home/airflow/.local/lib/python3.7/site-packages/airflow/example_dags/tutorial_etl_dag.py
[2024-09-16 19:57:20,488] {logging_mixin.py:115} INFO - [2024-09-16 19:57:20,488] {dag.py:2379} INFO - Sync 1 DAGs
[2024-09-16 19:57:20,524] {logging_mixin.py:115} INFO - [2024-09-16 19:57:20,524] {dag.py:2927} INFO - Setting next_dagrun for tutorial_etl_dag to None, run_after=None
[2024-09-16 19:57:20,539] {processor.py:161} INFO - Processing /home/airflow/.local/lib/python3.7/site-packages/airflow/example_dags/tutorial_etl_dag.py took 0.108 seconds
[2024-09-16 19:57:50,726] {processor.py:153} INFO - Started process (PID=248) to work on /home/airflow/.local/lib/python3.7/site-packages/airflow/example_dags/tutorial_etl_dag.py
[2024-09-16 19:57:50,727] {processor.py:641} INFO - Processing file /home/airflow/.local/lib/python3.7/site-packages/airflow/example_dags/tutorial_etl_dag.py for tasks to queue
[2024-09-16 19:57:50,727] {logging_mixin.py:115} INFO - [2024-09-16 19:57:50,727] {dagbag.py:507} INFO - Filling up the DagBag from /home/airflow/.local/lib/python3.7/site-packages/airflow/example_dags/tutorial_etl_dag.py
[2024-09-16 19:57:50,735] {processor.py:651} INFO - DAG(s) dict_keys(['tutorial_etl_dag']) retrieved from /home/airflow/.local/lib/python3.7/site-packages/airflow/example_dags/tutorial_etl_dag.py
[2024-09-16 19:57:50,767] {logging_mixin.py:115} INFO - [2024-09-16 19:57:50,766] {dag.py:2379} INFO - Sync 1 DAGs
[2024-09-16 19:57:50,795] {logging_mixin.py:115} INFO - [2024-09-16 19:57:50,794] {dag.py:2927} INFO - Setting next_dagrun for tutorial_etl_dag to None, run_after=None
[2024-09-16 19:57:50,808] {processor.py:161} INFO - Processing /home/airflow/.local/lib/python3.7/site-packages/airflow/example_dags/tutorial_etl_dag.py took 0.086 seconds
[2024-09-16 19:58:21,310] {processor.py:153} INFO - Started process (PID=290) to work on /home/airflow/.local/lib/python3.7/site-packages/airflow/example_dags/tutorial_etl_dag.py
[2024-09-16 19:58:21,311] {processor.py:641} INFO - Processing file /home/airflow/.local/lib/python3.7/site-packages/airflow/example_dags/tutorial_etl_dag.py for tasks to queue
[2024-09-16 19:58:21,311] {logging_mixin.py:115} INFO - [2024-09-16 19:58:21,311] {dagbag.py:507} INFO - Filling up the DagBag from /home/airflow/.local/lib/python3.7/site-packages/airflow/example_dags/tutorial_etl_dag.py
[2024-09-16 19:58:21,320] {processor.py:651} INFO - DAG(s) dict_keys(['tutorial_etl_dag']) retrieved from /home/airflow/.local/lib/python3.7/site-packages/airflow/example_dags/tutorial_etl_dag.py
[2024-09-16 19:58:21,351] {logging_mixin.py:115} INFO - [2024-09-16 19:58:21,351] {dag.py:2379} INFO - Sync 1 DAGs
[2024-09-16 19:58:21,380] {logging_mixin.py:115} INFO - [2024-09-16 19:58:21,380] {dag.py:2927} INFO - Setting next_dagrun for tutorial_etl_dag to None, run_after=None
[2024-09-16 19:58:21,394] {processor.py:161} INFO - Processing /home/airflow/.local/lib/python3.7/site-packages/airflow/example_dags/tutorial_etl_dag.py took 0.087 seconds
[2024-09-16 19:58:52,199] {processor.py:153} INFO - Started process (PID=332) to work on /home/airflow/.local/lib/python3.7/site-packages/airflow/example_dags/tutorial_etl_dag.py
[2024-09-16 19:58:52,199] {processor.py:641} INFO - Processing file /home/airflow/.local/lib/python3.7/site-packages/airflow/example_dags/tutorial_etl_dag.py for tasks to queue
[2024-09-16 19:58:52,200] {logging_mixin.py:115} INFO - [2024-09-16 19:58:52,200] {dagbag.py:507} INFO - Filling up the DagBag from /home/airflow/.local/lib/python3.7/site-packages/airflow/example_dags/tutorial_etl_dag.py
[2024-09-16 19:58:52,209] {processor.py:651} INFO - DAG(s) dict_keys(['tutorial_etl_dag']) retrieved from /home/airflow/.local/lib/python3.7/site-packages/airflow/example_dags/tutorial_etl_dag.py
[2024-09-16 19:58:52,250] {logging_mixin.py:115} INFO - [2024-09-16 19:58:52,250] {dag.py:2379} INFO - Sync 1 DAGs
[2024-09-16 19:58:52,278] {logging_mixin.py:115} INFO - [2024-09-16 19:58:52,278] {dag.py:2927} INFO - Setting next_dagrun for tutorial_etl_dag to None, run_after=None
[2024-09-16 19:58:52,292] {processor.py:161} INFO - Processing /home/airflow/.local/lib/python3.7/site-packages/airflow/example_dags/tutorial_etl_dag.py took 0.104 seconds
[2024-09-16 19:59:22,436] {processor.py:153} INFO - Started process (PID=374) to work on /home/airflow/.local/lib/python3.7/site-packages/airflow/example_dags/tutorial_etl_dag.py
[2024-09-16 19:59:22,436] {processor.py:641} INFO - Processing file /home/airflow/.local/lib/python3.7/site-packages/airflow/example_dags/tutorial_etl_dag.py for tasks to queue
[2024-09-16 19:59:22,437] {logging_mixin.py:115} INFO - [2024-09-16 19:59:22,437] {dagbag.py:507} INFO - Filling up the DagBag from /home/airflow/.local/lib/python3.7/site-packages/airflow/example_dags/tutorial_etl_dag.py
[2024-09-16 19:59:22,446] {processor.py:651} INFO - DAG(s) dict_keys(['tutorial_etl_dag']) retrieved from /home/airflow/.local/lib/python3.7/site-packages/airflow/example_dags/tutorial_etl_dag.py
[2024-09-16 19:59:22,478] {logging_mixin.py:115} INFO - [2024-09-16 19:59:22,477] {dag.py:2379} INFO - Sync 1 DAGs
[2024-09-16 19:59:22,507] {logging_mixin.py:115} INFO - [2024-09-16 19:59:22,506] {dag.py:2927} INFO - Setting next_dagrun for tutorial_etl_dag to None, run_after=None
[2024-09-16 19:59:22,521] {processor.py:161} INFO - Processing /home/airflow/.local/lib/python3.7/site-packages/airflow/example_dags/tutorial_etl_dag.py took 0.088 seconds
[2024-09-16 19:59:52,899] {processor.py:153} INFO - Started process (PID=416) to work on /home/airflow/.local/lib/python3.7/site-packages/airflow/example_dags/tutorial_etl_dag.py
[2024-09-16 19:59:52,900] {processor.py:641} INFO - Processing file /home/airflow/.local/lib/python3.7/site-packages/airflow/example_dags/tutorial_etl_dag.py for tasks to queue
[2024-09-16 19:59:52,900] {logging_mixin.py:115} INFO - [2024-09-16 19:59:52,900] {dagbag.py:507} INFO - Filling up the DagBag from /home/airflow/.local/lib/python3.7/site-packages/airflow/example_dags/tutorial_etl_dag.py
[2024-09-16 19:59:52,909] {processor.py:651} INFO - DAG(s) dict_keys(['tutorial_etl_dag']) retrieved from /home/airflow/.local/lib/python3.7/site-packages/airflow/example_dags/tutorial_etl_dag.py
[2024-09-16 19:59:52,948] {logging_mixin.py:115} INFO - [2024-09-16 19:59:52,948] {dag.py:2379} INFO - Sync 1 DAGs
[2024-09-16 19:59:52,975] {logging_mixin.py:115} INFO - [2024-09-16 19:59:52,975] {dag.py:2927} INFO - Setting next_dagrun for tutorial_etl_dag to None, run_after=None
[2024-09-16 19:59:52,989] {processor.py:161} INFO - Processing /home/airflow/.local/lib/python3.7/site-packages/airflow/example_dags/tutorial_etl_dag.py took 0.094 seconds
[2024-09-16 20:00:23,343] {processor.py:153} INFO - Started process (PID=458) to work on /home/airflow/.local/lib/python3.7/site-packages/airflow/example_dags/tutorial_etl_dag.py
[2024-09-16 20:00:23,344] {processor.py:641} INFO - Processing file /home/airflow/.local/lib/python3.7/site-packages/airflow/example_dags/tutorial_etl_dag.py for tasks to queue
[2024-09-16 20:00:23,344] {logging_mixin.py:115} INFO - [2024-09-16 20:00:23,344] {dagbag.py:507} INFO - Filling up the DagBag from /home/airflow/.local/lib/python3.7/site-packages/airflow/example_dags/tutorial_etl_dag.py
[2024-09-16 20:00:23,353] {processor.py:651} INFO - DAG(s) dict_keys(['tutorial_etl_dag']) retrieved from /home/airflow/.local/lib/python3.7/site-packages/airflow/example_dags/tutorial_etl_dag.py
[2024-09-16 20:00:23,385] {logging_mixin.py:115} INFO - [2024-09-16 20:00:23,385] {dag.py:2379} INFO - Sync 1 DAGs
[2024-09-16 20:00:23,413] {logging_mixin.py:115} INFO - [2024-09-16 20:00:23,413] {dag.py:2927} INFO - Setting next_dagrun for tutorial_etl_dag to None, run_after=None
[2024-09-16 20:00:23,427] {processor.py:161} INFO - Processing /home/airflow/.local/lib/python3.7/site-packages/airflow/example_dags/tutorial_etl_dag.py took 0.087 seconds
[2024-09-16 20:00:53,957] {processor.py:153} INFO - Started process (PID=500) to work on /home/airflow/.local/lib/python3.7/site-packages/airflow/example_dags/tutorial_etl_dag.py
[2024-09-16 20:00:53,958] {processor.py:641} INFO - Processing file /home/airflow/.local/lib/python3.7/site-packages/airflow/example_dags/tutorial_etl_dag.py for tasks to queue
[2024-09-16 20:00:53,959] {logging_mixin.py:115} INFO - [2024-09-16 20:00:53,958] {dagbag.py:507} INFO - Filling up the DagBag from /home/airflow/.local/lib/python3.7/site-packages/airflow/example_dags/tutorial_etl_dag.py
[2024-09-16 20:00:53,968] {processor.py:651} INFO - DAG(s) dict_keys(['tutorial_etl_dag']) retrieved from /home/airflow/.local/lib/python3.7/site-packages/airflow/example_dags/tutorial_etl_dag.py
[2024-09-16 20:00:53,997] {logging_mixin.py:115} INFO - [2024-09-16 20:00:53,996] {dag.py:2379} INFO - Sync 1 DAGs
[2024-09-16 20:00:54,024] {logging_mixin.py:115} INFO - [2024-09-16 20:00:54,024] {dag.py:2927} INFO - Setting next_dagrun for tutorial_etl_dag to None, run_after=None
[2024-09-16 20:00:54,037] {processor.py:161} INFO - Processing /home/airflow/.local/lib/python3.7/site-packages/airflow/example_dags/tutorial_etl_dag.py took 0.085 seconds
[2024-09-16 20:01:24,676] {processor.py:153} INFO - Started process (PID=542) to work on /home/airflow/.local/lib/python3.7/site-packages/airflow/example_dags/tutorial_etl_dag.py
[2024-09-16 20:01:24,677] {processor.py:641} INFO - Processing file /home/airflow/.local/lib/python3.7/site-packages/airflow/example_dags/tutorial_etl_dag.py for tasks to queue
[2024-09-16 20:01:24,677] {logging_mixin.py:115} INFO - [2024-09-16 20:01:24,677] {dagbag.py:507} INFO - Filling up the DagBag from /home/airflow/.local/lib/python3.7/site-packages/airflow/example_dags/tutorial_etl_dag.py
[2024-09-16 20:01:24,684] {processor.py:651} INFO - DAG(s) dict_keys(['tutorial_etl_dag']) retrieved from /home/airflow/.local/lib/python3.7/site-packages/airflow/example_dags/tutorial_etl_dag.py
[2024-09-16 20:01:24,722] {logging_mixin.py:115} INFO - [2024-09-16 20:01:24,721] {dag.py:2379} INFO - Sync 1 DAGs
[2024-09-16 20:01:24,750] {logging_mixin.py:115} INFO - [2024-09-16 20:01:24,750] {dag.py:2927} INFO - Setting next_dagrun for tutorial_etl_dag to None, run_after=None
[2024-09-16 20:01:24,764] {processor.py:161} INFO - Processing /home/airflow/.local/lib/python3.7/site-packages/airflow/example_dags/tutorial_etl_dag.py took 0.091 seconds
[2024-09-16 20:01:54,831] {processor.py:153} INFO - Started process (PID=584) to work on /home/airflow/.local/lib/python3.7/site-packages/airflow/example_dags/tutorial_etl_dag.py
[2024-09-16 20:01:54,832] {processor.py:641} INFO - Processing file /home/airflow/.local/lib/python3.7/site-packages/airflow/example_dags/tutorial_etl_dag.py for tasks to queue
[2024-09-16 20:01:54,832] {logging_mixin.py:115} INFO - [2024-09-16 20:01:54,832] {dagbag.py:507} INFO - Filling up the DagBag from /home/airflow/.local/lib/python3.7/site-packages/airflow/example_dags/tutorial_etl_dag.py
[2024-09-16 20:01:54,840] {processor.py:651} INFO - DAG(s) dict_keys(['tutorial_etl_dag']) retrieved from /home/airflow/.local/lib/python3.7/site-packages/airflow/example_dags/tutorial_etl_dag.py
[2024-09-16 20:01:54,869] {logging_mixin.py:115} INFO - [2024-09-16 20:01:54,869] {dag.py:2379} INFO - Sync 1 DAGs
[2024-09-16 20:01:54,896] {logging_mixin.py:115} INFO - [2024-09-16 20:01:54,896] {dag.py:2927} INFO - Setting next_dagrun for tutorial_etl_dag to None, run_after=None
[2024-09-16 20:01:54,910] {processor.py:161} INFO - Processing /home/airflow/.local/lib/python3.7/site-packages/airflow/example_dags/tutorial_etl_dag.py took 0.083 seconds
[2024-09-16 20:02:25,163] {processor.py:153} INFO - Started process (PID=626) to work on /home/airflow/.local/lib/python3.7/site-packages/airflow/example_dags/tutorial_etl_dag.py
[2024-09-16 20:02:25,164] {processor.py:641} INFO - Processing file /home/airflow/.local/lib/python3.7/site-packages/airflow/example_dags/tutorial_etl_dag.py for tasks to queue
[2024-09-16 20:02:25,165] {logging_mixin.py:115} INFO - [2024-09-16 20:02:25,164] {dagbag.py:507} INFO - Filling up the DagBag from /home/airflow/.local/lib/python3.7/site-packages/airflow/example_dags/tutorial_etl_dag.py
[2024-09-16 20:02:25,173] {processor.py:651} INFO - DAG(s) dict_keys(['tutorial_etl_dag']) retrieved from /home/airflow/.local/lib/python3.7/site-packages/airflow/example_dags/tutorial_etl_dag.py
[2024-09-16 20:02:25,207] {logging_mixin.py:115} INFO - [2024-09-16 20:02:25,207] {dag.py:2379} INFO - Sync 1 DAGs
[2024-09-16 20:02:25,238] {logging_mixin.py:115} INFO - [2024-09-16 20:02:25,238] {dag.py:2927} INFO - Setting next_dagrun for tutorial_etl_dag to None, run_after=None
[2024-09-16 20:02:25,254] {processor.py:161} INFO - Processing /home/airflow/.local/lib/python3.7/site-packages/airflow/example_dags/tutorial_etl_dag.py took 0.095 seconds
[2024-09-16 20:02:55,292] {processor.py:153} INFO - Started process (PID=668) to work on /home/airflow/.local/lib/python3.7/site-packages/airflow/example_dags/tutorial_etl_dag.py
[2024-09-16 20:02:55,292] {processor.py:641} INFO - Processing file /home/airflow/.local/lib/python3.7/site-packages/airflow/example_dags/tutorial_etl_dag.py for tasks to queue
[2024-09-16 20:02:55,293] {logging_mixin.py:115} INFO - [2024-09-16 20:02:55,293] {dagbag.py:507} INFO - Filling up the DagBag from /home/airflow/.local/lib/python3.7/site-packages/airflow/example_dags/tutorial_etl_dag.py
[2024-09-16 20:02:55,300] {processor.py:651} INFO - DAG(s) dict_keys(['tutorial_etl_dag']) retrieved from /home/airflow/.local/lib/python3.7/site-packages/airflow/example_dags/tutorial_etl_dag.py
[2024-09-16 20:02:55,330] {logging_mixin.py:115} INFO - [2024-09-16 20:02:55,330] {dag.py:2379} INFO - Sync 1 DAGs
[2024-09-16 20:02:55,357] {logging_mixin.py:115} INFO - [2024-09-16 20:02:55,357] {dag.py:2927} INFO - Setting next_dagrun for tutorial_etl_dag to None, run_after=None
[2024-09-16 20:02:55,371] {processor.py:161} INFO - Processing /home/airflow/.local/lib/python3.7/site-packages/airflow/example_dags/tutorial_etl_dag.py took 0.083 seconds
[2024-09-16 20:03:25,466] {processor.py:153} INFO - Started process (PID=710) to work on /home/airflow/.local/lib/python3.7/site-packages/airflow/example_dags/tutorial_etl_dag.py
[2024-09-16 20:03:25,467] {processor.py:641} INFO - Processing file /home/airflow/.local/lib/python3.7/site-packages/airflow/example_dags/tutorial_etl_dag.py for tasks to queue
[2024-09-16 20:03:25,467] {logging_mixin.py:115} INFO - [2024-09-16 20:03:25,467] {dagbag.py:507} INFO - Filling up the DagBag from /home/airflow/.local/lib/python3.7/site-packages/airflow/example_dags/tutorial_etl_dag.py
[2024-09-16 20:03:25,475] {processor.py:651} INFO - DAG(s) dict_keys(['tutorial_etl_dag']) retrieved from /home/airflow/.local/lib/python3.7/site-packages/airflow/example_dags/tutorial_etl_dag.py
[2024-09-16 20:03:25,505] {logging_mixin.py:115} INFO - [2024-09-16 20:03:25,505] {dag.py:2379} INFO - Sync 1 DAGs
[2024-09-16 20:03:25,533] {logging_mixin.py:115} INFO - [2024-09-16 20:03:25,532] {dag.py:2927} INFO - Setting next_dagrun for tutorial_etl_dag to None, run_after=None
[2024-09-16 20:03:25,547] {processor.py:161} INFO - Processing /home/airflow/.local/lib/python3.7/site-packages/airflow/example_dags/tutorial_etl_dag.py took 0.085 seconds
[2024-09-16 20:03:55,888] {processor.py:153} INFO - Started process (PID=751) to work on /home/airflow/.local/lib/python3.7/site-packages/airflow/example_dags/tutorial_etl_dag.py
[2024-09-16 20:03:55,888] {processor.py:641} INFO - Processing file /home/airflow/.local/lib/python3.7/site-packages/airflow/example_dags/tutorial_etl_dag.py for tasks to queue
[2024-09-16 20:03:55,889] {logging_mixin.py:115} INFO - [2024-09-16 20:03:55,889] {dagbag.py:507} INFO - Filling up the DagBag from /home/airflow/.local/lib/python3.7/site-packages/airflow/example_dags/tutorial_etl_dag.py
[2024-09-16 20:03:55,896] {processor.py:651} INFO - DAG(s) dict_keys(['tutorial_etl_dag']) retrieved from /home/airflow/.local/lib/python3.7/site-packages/airflow/example_dags/tutorial_etl_dag.py
[2024-09-16 20:03:55,926] {logging_mixin.py:115} INFO - [2024-09-16 20:03:55,926] {dag.py:2379} INFO - Sync 1 DAGs
[2024-09-16 20:03:55,953] {logging_mixin.py:115} INFO - [2024-09-16 20:03:55,953] {dag.py:2927} INFO - Setting next_dagrun for tutorial_etl_dag to None, run_after=None
[2024-09-16 20:03:55,967] {processor.py:161} INFO - Processing /home/airflow/.local/lib/python3.7/site-packages/airflow/example_dags/tutorial_etl_dag.py took 0.082 seconds
[2024-09-16 20:04:26,573] {processor.py:153} INFO - Started process (PID=793) to work on /home/airflow/.local/lib/python3.7/site-packages/airflow/example_dags/tutorial_etl_dag.py
[2024-09-16 20:04:26,573] {processor.py:641} INFO - Processing file /home/airflow/.local/lib/python3.7/site-packages/airflow/example_dags/tutorial_etl_dag.py for tasks to queue
[2024-09-16 20:04:26,574] {logging_mixin.py:115} INFO - [2024-09-16 20:04:26,574] {dagbag.py:507} INFO - Filling up the DagBag from /home/airflow/.local/lib/python3.7/site-packages/airflow/example_dags/tutorial_etl_dag.py
[2024-09-16 20:04:26,582] {processor.py:651} INFO - DAG(s) dict_keys(['tutorial_etl_dag']) retrieved from /home/airflow/.local/lib/python3.7/site-packages/airflow/example_dags/tutorial_etl_dag.py
[2024-09-16 20:04:26,614] {logging_mixin.py:115} INFO - [2024-09-16 20:04:26,614] {dag.py:2379} INFO - Sync 1 DAGs
[2024-09-16 20:04:26,641] {logging_mixin.py:115} INFO - [2024-09-16 20:04:26,641] {dag.py:2927} INFO - Setting next_dagrun for tutorial_etl_dag to None, run_after=None
[2024-09-16 20:04:26,654] {processor.py:161} INFO - Processing /home/airflow/.local/lib/python3.7/site-packages/airflow/example_dags/tutorial_etl_dag.py took 0.085 seconds
[2024-09-16 20:04:57,283] {processor.py:153} INFO - Started process (PID=835) to work on /home/airflow/.local/lib/python3.7/site-packages/airflow/example_dags/tutorial_etl_dag.py
[2024-09-16 20:04:57,284] {processor.py:641} INFO - Processing file /home/airflow/.local/lib/python3.7/site-packages/airflow/example_dags/tutorial_etl_dag.py for tasks to queue
[2024-09-16 20:04:57,285] {logging_mixin.py:115} INFO - [2024-09-16 20:04:57,284] {dagbag.py:507} INFO - Filling up the DagBag from /home/airflow/.local/lib/python3.7/site-packages/airflow/example_dags/tutorial_etl_dag.py
[2024-09-16 20:04:57,294] {processor.py:651} INFO - DAG(s) dict_keys(['tutorial_etl_dag']) retrieved from /home/airflow/.local/lib/python3.7/site-packages/airflow/example_dags/tutorial_etl_dag.py
[2024-09-16 20:04:57,325] {logging_mixin.py:115} INFO - [2024-09-16 20:04:57,325] {dag.py:2379} INFO - Sync 1 DAGs
[2024-09-16 20:04:57,354] {logging_mixin.py:115} INFO - [2024-09-16 20:04:57,354] {dag.py:2927} INFO - Setting next_dagrun for tutorial_etl_dag to None, run_after=None
[2024-09-16 20:04:57,367] {processor.py:161} INFO - Processing /home/airflow/.local/lib/python3.7/site-packages/airflow/example_dags/tutorial_etl_dag.py took 0.089 seconds
[2024-09-16 20:05:27,865] {processor.py:153} INFO - Started process (PID=876) to work on /home/airflow/.local/lib/python3.7/site-packages/airflow/example_dags/tutorial_etl_dag.py
[2024-09-16 20:05:27,865] {processor.py:641} INFO - Processing file /home/airflow/.local/lib/python3.7/site-packages/airflow/example_dags/tutorial_etl_dag.py for tasks to queue
[2024-09-16 20:05:27,866] {logging_mixin.py:115} INFO - [2024-09-16 20:05:27,866] {dagbag.py:507} INFO - Filling up the DagBag from /home/airflow/.local/lib/python3.7/site-packages/airflow/example_dags/tutorial_etl_dag.py
[2024-09-16 20:05:27,874] {processor.py:651} INFO - DAG(s) dict_keys(['tutorial_etl_dag']) retrieved from /home/airflow/.local/lib/python3.7/site-packages/airflow/example_dags/tutorial_etl_dag.py
[2024-09-16 20:05:27,904] {logging_mixin.py:115} INFO - [2024-09-16 20:05:27,904] {dag.py:2379} INFO - Sync 1 DAGs
[2024-09-16 20:05:27,931] {logging_mixin.py:115} INFO - [2024-09-16 20:05:27,931] {dag.py:2927} INFO - Setting next_dagrun for tutorial_etl_dag to None, run_after=None
[2024-09-16 20:05:27,945] {processor.py:161} INFO - Processing /home/airflow/.local/lib/python3.7/site-packages/airflow/example_dags/tutorial_etl_dag.py took 0.083 seconds
[2024-09-16 20:05:58,587] {processor.py:153} INFO - Started process (PID=917) to work on /home/airflow/.local/lib/python3.7/site-packages/airflow/example_dags/tutorial_etl_dag.py
[2024-09-16 20:05:58,588] {processor.py:641} INFO - Processing file /home/airflow/.local/lib/python3.7/site-packages/airflow/example_dags/tutorial_etl_dag.py for tasks to queue
[2024-09-16 20:05:58,588] {logging_mixin.py:115} INFO - [2024-09-16 20:05:58,588] {dagbag.py:507} INFO - Filling up the DagBag from /home/airflow/.local/lib/python3.7/site-packages/airflow/example_dags/tutorial_etl_dag.py
[2024-09-16 20:05:58,596] {processor.py:651} INFO - DAG(s) dict_keys(['tutorial_etl_dag']) retrieved from /home/airflow/.local/lib/python3.7/site-packages/airflow/example_dags/tutorial_etl_dag.py
[2024-09-16 20:05:58,630] {logging_mixin.py:115} INFO - [2024-09-16 20:05:58,630] {dag.py:2379} INFO - Sync 1 DAGs
[2024-09-16 20:05:58,657] {logging_mixin.py:115} INFO - [2024-09-16 20:05:58,657] {dag.py:2927} INFO - Setting next_dagrun for tutorial_etl_dag to None, run_after=None
[2024-09-16 20:05:58,671] {processor.py:161} INFO - Processing /home/airflow/.local/lib/python3.7/site-packages/airflow/example_dags/tutorial_etl_dag.py took 0.088 seconds
[2024-09-16 20:06:28,817] {processor.py:153} INFO - Started process (PID=959) to work on /home/airflow/.local/lib/python3.7/site-packages/airflow/example_dags/tutorial_etl_dag.py
[2024-09-16 20:06:28,818] {processor.py:641} INFO - Processing file /home/airflow/.local/lib/python3.7/site-packages/airflow/example_dags/tutorial_etl_dag.py for tasks to queue
[2024-09-16 20:06:28,818] {logging_mixin.py:115} INFO - [2024-09-16 20:06:28,818] {dagbag.py:507} INFO - Filling up the DagBag from /home/airflow/.local/lib/python3.7/site-packages/airflow/example_dags/tutorial_etl_dag.py
[2024-09-16 20:06:28,826] {processor.py:651} INFO - DAG(s) dict_keys(['tutorial_etl_dag']) retrieved from /home/airflow/.local/lib/python3.7/site-packages/airflow/example_dags/tutorial_etl_dag.py
[2024-09-16 20:06:28,857] {logging_mixin.py:115} INFO - [2024-09-16 20:06:28,857] {dag.py:2379} INFO - Sync 1 DAGs
[2024-09-16 20:06:28,884] {logging_mixin.py:115} INFO - [2024-09-16 20:06:28,884] {dag.py:2927} INFO - Setting next_dagrun for tutorial_etl_dag to None, run_after=None
[2024-09-16 20:06:28,897] {processor.py:161} INFO - Processing /home/airflow/.local/lib/python3.7/site-packages/airflow/example_dags/tutorial_etl_dag.py took 0.083 seconds
[2024-09-16 20:06:59,000] {processor.py:153} INFO - Started process (PID=1001) to work on /home/airflow/.local/lib/python3.7/site-packages/airflow/example_dags/tutorial_etl_dag.py
[2024-09-16 20:06:59,001] {processor.py:641} INFO - Processing file /home/airflow/.local/lib/python3.7/site-packages/airflow/example_dags/tutorial_etl_dag.py for tasks to queue
[2024-09-16 20:06:59,002] {logging_mixin.py:115} INFO - [2024-09-16 20:06:59,002] {dagbag.py:507} INFO - Filling up the DagBag from /home/airflow/.local/lib/python3.7/site-packages/airflow/example_dags/tutorial_etl_dag.py
[2024-09-16 20:06:59,010] {processor.py:651} INFO - DAG(s) dict_keys(['tutorial_etl_dag']) retrieved from /home/airflow/.local/lib/python3.7/site-packages/airflow/example_dags/tutorial_etl_dag.py
[2024-09-16 20:06:59,040] {logging_mixin.py:115} INFO - [2024-09-16 20:06:59,040] {dag.py:2379} INFO - Sync 1 DAGs
[2024-09-16 20:06:59,067] {logging_mixin.py:115} INFO - [2024-09-16 20:06:59,067] {dag.py:2927} INFO - Setting next_dagrun for tutorial_etl_dag to None, run_after=None
[2024-09-16 20:06:59,081] {processor.py:161} INFO - Processing /home/airflow/.local/lib/python3.7/site-packages/airflow/example_dags/tutorial_etl_dag.py took 0.086 seconds
[2024-09-16 20:07:29,574] {processor.py:153} INFO - Started process (PID=1042) to work on /home/airflow/.local/lib/python3.7/site-packages/airflow/example_dags/tutorial_etl_dag.py
[2024-09-16 20:07:29,575] {processor.py:641} INFO - Processing file /home/airflow/.local/lib/python3.7/site-packages/airflow/example_dags/tutorial_etl_dag.py for tasks to queue
[2024-09-16 20:07:29,575] {logging_mixin.py:115} INFO - [2024-09-16 20:07:29,575] {dagbag.py:507} INFO - Filling up the DagBag from /home/airflow/.local/lib/python3.7/site-packages/airflow/example_dags/tutorial_etl_dag.py
[2024-09-16 20:07:29,585] {processor.py:651} INFO - DAG(s) dict_keys(['tutorial_etl_dag']) retrieved from /home/airflow/.local/lib/python3.7/site-packages/airflow/example_dags/tutorial_etl_dag.py
[2024-09-16 20:07:29,616] {logging_mixin.py:115} INFO - [2024-09-16 20:07:29,616] {dag.py:2379} INFO - Sync 1 DAGs
[2024-09-16 20:07:29,643] {logging_mixin.py:115} INFO - [2024-09-16 20:07:29,643] {dag.py:2927} INFO - Setting next_dagrun for tutorial_etl_dag to None, run_after=None
[2024-09-16 20:07:29,657] {processor.py:161} INFO - Processing /home/airflow/.local/lib/python3.7/site-packages/airflow/example_dags/tutorial_etl_dag.py took 0.088 seconds
[2024-09-16 20:07:59,884] {processor.py:153} INFO - Started process (PID=1084) to work on /home/airflow/.local/lib/python3.7/site-packages/airflow/example_dags/tutorial_etl_dag.py
[2024-09-16 20:07:59,885] {processor.py:641} INFO - Processing file /home/airflow/.local/lib/python3.7/site-packages/airflow/example_dags/tutorial_etl_dag.py for tasks to queue
[2024-09-16 20:07:59,885] {logging_mixin.py:115} INFO - [2024-09-16 20:07:59,885] {dagbag.py:507} INFO - Filling up the DagBag from /home/airflow/.local/lib/python3.7/site-packages/airflow/example_dags/tutorial_etl_dag.py
[2024-09-16 20:07:59,896] {processor.py:651} INFO - DAG(s) dict_keys(['tutorial_etl_dag']) retrieved from /home/airflow/.local/lib/python3.7/site-packages/airflow/example_dags/tutorial_etl_dag.py
[2024-09-16 20:07:59,934] {logging_mixin.py:115} INFO - [2024-09-16 20:07:59,933] {dag.py:2379} INFO - Sync 1 DAGs
[2024-09-16 20:07:59,971] {logging_mixin.py:115} INFO - [2024-09-16 20:07:59,971] {dag.py:2927} INFO - Setting next_dagrun for tutorial_etl_dag to None, run_after=None
[2024-09-16 20:07:59,992] {processor.py:161} INFO - Processing /home/airflow/.local/lib/python3.7/site-packages/airflow/example_dags/tutorial_etl_dag.py took 0.113 seconds
[2024-09-16 20:11:26,150] {processor.py:153} INFO - Started process (PID=52) to work on /home/airflow/.local/lib/python3.7/site-packages/airflow/example_dags/tutorial_etl_dag.py
[2024-09-16 20:11:26,151] {processor.py:641} INFO - Processing file /home/airflow/.local/lib/python3.7/site-packages/airflow/example_dags/tutorial_etl_dag.py for tasks to queue
[2024-09-16 20:11:26,152] {logging_mixin.py:115} INFO - [2024-09-16 20:11:26,152] {dagbag.py:507} INFO - Filling up the DagBag from /home/airflow/.local/lib/python3.7/site-packages/airflow/example_dags/tutorial_etl_dag.py
[2024-09-16 20:11:26,178] {processor.py:651} INFO - DAG(s) dict_keys(['tutorial_etl_dag']) retrieved from /home/airflow/.local/lib/python3.7/site-packages/airflow/example_dags/tutorial_etl_dag.py
[2024-09-16 20:11:26,232] {logging_mixin.py:115} INFO - [2024-09-16 20:11:26,232] {dag.py:2379} INFO - Sync 1 DAGs
[2024-09-16 20:11:26,260] {logging_mixin.py:115} INFO - [2024-09-16 20:11:26,260] {dag.py:2927} INFO - Setting next_dagrun for tutorial_etl_dag to None, run_after=None
[2024-09-16 20:11:26,279] {processor.py:161} INFO - Processing /home/airflow/.local/lib/python3.7/site-packages/airflow/example_dags/tutorial_etl_dag.py took 0.138 seconds
[2024-09-16 20:11:56,662] {processor.py:153} INFO - Started process (PID=114) to work on /home/airflow/.local/lib/python3.7/site-packages/airflow/example_dags/tutorial_etl_dag.py
[2024-09-16 20:11:56,664] {processor.py:641} INFO - Processing file /home/airflow/.local/lib/python3.7/site-packages/airflow/example_dags/tutorial_etl_dag.py for tasks to queue
[2024-09-16 20:11:56,668] {logging_mixin.py:115} INFO - [2024-09-16 20:11:56,665] {dagbag.py:507} INFO - Filling up the DagBag from /home/airflow/.local/lib/python3.7/site-packages/airflow/example_dags/tutorial_etl_dag.py
[2024-09-16 20:11:56,693] {processor.py:651} INFO - DAG(s) dict_keys(['tutorial_etl_dag']) retrieved from /home/airflow/.local/lib/python3.7/site-packages/airflow/example_dags/tutorial_etl_dag.py
[2024-09-16 20:11:56,738] {logging_mixin.py:115} INFO - [2024-09-16 20:11:56,738] {dag.py:2379} INFO - Sync 1 DAGs
[2024-09-16 20:11:56,767] {logging_mixin.py:115} INFO - [2024-09-16 20:11:56,767] {dag.py:2927} INFO - Setting next_dagrun for tutorial_etl_dag to None, run_after=None
[2024-09-16 20:11:56,785] {processor.py:161} INFO - Processing /home/airflow/.local/lib/python3.7/site-packages/airflow/example_dags/tutorial_etl_dag.py took 0.130 seconds
[2024-09-16 20:12:26,930] {processor.py:153} INFO - Started process (PID=155) to work on /home/airflow/.local/lib/python3.7/site-packages/airflow/example_dags/tutorial_etl_dag.py
[2024-09-16 20:12:26,931] {processor.py:641} INFO - Processing file /home/airflow/.local/lib/python3.7/site-packages/airflow/example_dags/tutorial_etl_dag.py for tasks to queue
[2024-09-16 20:12:26,932] {logging_mixin.py:115} INFO - [2024-09-16 20:12:26,932] {dagbag.py:507} INFO - Filling up the DagBag from /home/airflow/.local/lib/python3.7/site-packages/airflow/example_dags/tutorial_etl_dag.py
[2024-09-16 20:12:26,939] {processor.py:651} INFO - DAG(s) dict_keys(['tutorial_etl_dag']) retrieved from /home/airflow/.local/lib/python3.7/site-packages/airflow/example_dags/tutorial_etl_dag.py
[2024-09-16 20:12:26,973] {logging_mixin.py:115} INFO - [2024-09-16 20:12:26,973] {dag.py:2379} INFO - Sync 1 DAGs
[2024-09-16 20:12:26,996] {logging_mixin.py:115} INFO - [2024-09-16 20:12:26,996] {dag.py:2927} INFO - Setting next_dagrun for tutorial_etl_dag to None, run_after=None
[2024-09-16 20:12:27,007] {processor.py:161} INFO - Processing /home/airflow/.local/lib/python3.7/site-packages/airflow/example_dags/tutorial_etl_dag.py took 0.080 seconds
[2024-09-16 20:12:57,624] {processor.py:153} INFO - Started process (PID=197) to work on /home/airflow/.local/lib/python3.7/site-packages/airflow/example_dags/tutorial_etl_dag.py
[2024-09-16 20:12:57,625] {processor.py:641} INFO - Processing file /home/airflow/.local/lib/python3.7/site-packages/airflow/example_dags/tutorial_etl_dag.py for tasks to queue
[2024-09-16 20:12:57,625] {logging_mixin.py:115} INFO - [2024-09-16 20:12:57,625] {dagbag.py:507} INFO - Filling up the DagBag from /home/airflow/.local/lib/python3.7/site-packages/airflow/example_dags/tutorial_etl_dag.py
[2024-09-16 20:12:57,633] {processor.py:651} INFO - DAG(s) dict_keys(['tutorial_etl_dag']) retrieved from /home/airflow/.local/lib/python3.7/site-packages/airflow/example_dags/tutorial_etl_dag.py
[2024-09-16 20:12:57,667] {logging_mixin.py:115} INFO - [2024-09-16 20:12:57,667] {dag.py:2379} INFO - Sync 1 DAGs
[2024-09-16 20:12:57,696] {logging_mixin.py:115} INFO - [2024-09-16 20:12:57,695] {dag.py:2927} INFO - Setting next_dagrun for tutorial_etl_dag to None, run_after=None
[2024-09-16 20:12:57,709] {processor.py:161} INFO - Processing /home/airflow/.local/lib/python3.7/site-packages/airflow/example_dags/tutorial_etl_dag.py took 0.089 seconds
[2024-09-16 20:13:27,868] {processor.py:153} INFO - Started process (PID=238) to work on /home/airflow/.local/lib/python3.7/site-packages/airflow/example_dags/tutorial_etl_dag.py
[2024-09-16 20:13:27,870] {processor.py:641} INFO - Processing file /home/airflow/.local/lib/python3.7/site-packages/airflow/example_dags/tutorial_etl_dag.py for tasks to queue
[2024-09-16 20:13:27,873] {logging_mixin.py:115} INFO - [2024-09-16 20:13:27,871] {dagbag.py:507} INFO - Filling up the DagBag from /home/airflow/.local/lib/python3.7/site-packages/airflow/example_dags/tutorial_etl_dag.py
[2024-09-16 20:13:27,898] {processor.py:651} INFO - DAG(s) dict_keys(['tutorial_etl_dag']) retrieved from /home/airflow/.local/lib/python3.7/site-packages/airflow/example_dags/tutorial_etl_dag.py
[2024-09-16 20:13:27,968] {logging_mixin.py:115} INFO - [2024-09-16 20:13:27,968] {dag.py:2379} INFO - Sync 1 DAGs
[2024-09-16 20:13:27,999] {logging_mixin.py:115} INFO - [2024-09-16 20:13:27,999] {dag.py:2927} INFO - Setting next_dagrun for tutorial_etl_dag to None, run_after=None
[2024-09-16 20:13:28,019] {processor.py:161} INFO - Processing /home/airflow/.local/lib/python3.7/site-packages/airflow/example_dags/tutorial_etl_dag.py took 0.158 seconds
[2024-09-16 20:13:58,431] {processor.py:153} INFO - Started process (PID=280) to work on /home/airflow/.local/lib/python3.7/site-packages/airflow/example_dags/tutorial_etl_dag.py
[2024-09-16 20:13:58,432] {processor.py:641} INFO - Processing file /home/airflow/.local/lib/python3.7/site-packages/airflow/example_dags/tutorial_etl_dag.py for tasks to queue
[2024-09-16 20:13:58,433] {logging_mixin.py:115} INFO - [2024-09-16 20:13:58,432] {dagbag.py:507} INFO - Filling up the DagBag from /home/airflow/.local/lib/python3.7/site-packages/airflow/example_dags/tutorial_etl_dag.py
[2024-09-16 20:13:58,442] {processor.py:651} INFO - DAG(s) dict_keys(['tutorial_etl_dag']) retrieved from /home/airflow/.local/lib/python3.7/site-packages/airflow/example_dags/tutorial_etl_dag.py
[2024-09-16 20:13:58,476] {logging_mixin.py:115} INFO - [2024-09-16 20:13:58,476] {dag.py:2379} INFO - Sync 1 DAGs
[2024-09-16 20:13:58,505] {logging_mixin.py:115} INFO - [2024-09-16 20:13:58,505] {dag.py:2927} INFO - Setting next_dagrun for tutorial_etl_dag to None, run_after=None
[2024-09-16 20:13:58,520] {processor.py:161} INFO - Processing /home/airflow/.local/lib/python3.7/site-packages/airflow/example_dags/tutorial_etl_dag.py took 0.092 seconds
[2024-09-16 20:14:29,009] {processor.py:153} INFO - Started process (PID=322) to work on /home/airflow/.local/lib/python3.7/site-packages/airflow/example_dags/tutorial_etl_dag.py
[2024-09-16 20:14:29,011] {processor.py:641} INFO - Processing file /home/airflow/.local/lib/python3.7/site-packages/airflow/example_dags/tutorial_etl_dag.py for tasks to queue
[2024-09-16 20:14:29,011] {logging_mixin.py:115} INFO - [2024-09-16 20:14:29,011] {dagbag.py:507} INFO - Filling up the DagBag from /home/airflow/.local/lib/python3.7/site-packages/airflow/example_dags/tutorial_etl_dag.py
[2024-09-16 20:14:29,020] {processor.py:651} INFO - DAG(s) dict_keys(['tutorial_etl_dag']) retrieved from /home/airflow/.local/lib/python3.7/site-packages/airflow/example_dags/tutorial_etl_dag.py
[2024-09-16 20:14:29,053] {logging_mixin.py:115} INFO - [2024-09-16 20:14:29,053] {dag.py:2379} INFO - Sync 1 DAGs
[2024-09-16 20:14:29,081] {logging_mixin.py:115} INFO - [2024-09-16 20:14:29,081] {dag.py:2927} INFO - Setting next_dagrun for tutorial_etl_dag to None, run_after=None
[2024-09-16 20:14:29,097] {processor.py:161} INFO - Processing /home/airflow/.local/lib/python3.7/site-packages/airflow/example_dags/tutorial_etl_dag.py took 0.093 seconds
[2024-09-16 20:14:59,310] {processor.py:153} INFO - Started process (PID=364) to work on /home/airflow/.local/lib/python3.7/site-packages/airflow/example_dags/tutorial_etl_dag.py
[2024-09-16 20:14:59,311] {processor.py:641} INFO - Processing file /home/airflow/.local/lib/python3.7/site-packages/airflow/example_dags/tutorial_etl_dag.py for tasks to queue
[2024-09-16 20:14:59,312] {logging_mixin.py:115} INFO - [2024-09-16 20:14:59,312] {dagbag.py:507} INFO - Filling up the DagBag from /home/airflow/.local/lib/python3.7/site-packages/airflow/example_dags/tutorial_etl_dag.py
[2024-09-16 20:14:59,321] {processor.py:651} INFO - DAG(s) dict_keys(['tutorial_etl_dag']) retrieved from /home/airflow/.local/lib/python3.7/site-packages/airflow/example_dags/tutorial_etl_dag.py
[2024-09-16 20:14:59,353] {logging_mixin.py:115} INFO - [2024-09-16 20:14:59,352] {dag.py:2379} INFO - Sync 1 DAGs
[2024-09-16 20:14:59,381] {logging_mixin.py:115} INFO - [2024-09-16 20:14:59,381] {dag.py:2927} INFO - Setting next_dagrun for tutorial_etl_dag to None, run_after=None
[2024-09-16 20:14:59,395] {processor.py:161} INFO - Processing /home/airflow/.local/lib/python3.7/site-packages/airflow/example_dags/tutorial_etl_dag.py took 0.091 seconds
[2024-09-16 20:15:30,026] {processor.py:153} INFO - Started process (PID=405) to work on /home/airflow/.local/lib/python3.7/site-packages/airflow/example_dags/tutorial_etl_dag.py
[2024-09-16 20:15:30,027] {processor.py:641} INFO - Processing file /home/airflow/.local/lib/python3.7/site-packages/airflow/example_dags/tutorial_etl_dag.py for tasks to queue
[2024-09-16 20:15:30,027] {logging_mixin.py:115} INFO - [2024-09-16 20:15:30,027] {dagbag.py:507} INFO - Filling up the DagBag from /home/airflow/.local/lib/python3.7/site-packages/airflow/example_dags/tutorial_etl_dag.py
[2024-09-16 20:15:30,037] {processor.py:651} INFO - DAG(s) dict_keys(['tutorial_etl_dag']) retrieved from /home/airflow/.local/lib/python3.7/site-packages/airflow/example_dags/tutorial_etl_dag.py
[2024-09-16 20:15:30,081] {logging_mixin.py:115} INFO - [2024-09-16 20:15:30,080] {dag.py:2379} INFO - Sync 1 DAGs
[2024-09-16 20:15:30,111] {logging_mixin.py:115} INFO - [2024-09-16 20:15:30,110] {dag.py:2927} INFO - Setting next_dagrun for tutorial_etl_dag to None, run_after=None
[2024-09-16 20:15:30,125] {processor.py:161} INFO - Processing /home/airflow/.local/lib/python3.7/site-packages/airflow/example_dags/tutorial_etl_dag.py took 0.103 seconds
[2024-09-16 20:16:00,784] {processor.py:153} INFO - Started process (PID=447) to work on /home/airflow/.local/lib/python3.7/site-packages/airflow/example_dags/tutorial_etl_dag.py
[2024-09-16 20:16:00,785] {processor.py:641} INFO - Processing file /home/airflow/.local/lib/python3.7/site-packages/airflow/example_dags/tutorial_etl_dag.py for tasks to queue
[2024-09-16 20:16:00,786] {logging_mixin.py:115} INFO - [2024-09-16 20:16:00,786] {dagbag.py:507} INFO - Filling up the DagBag from /home/airflow/.local/lib/python3.7/site-packages/airflow/example_dags/tutorial_etl_dag.py
[2024-09-16 20:16:00,795] {processor.py:651} INFO - DAG(s) dict_keys(['tutorial_etl_dag']) retrieved from /home/airflow/.local/lib/python3.7/site-packages/airflow/example_dags/tutorial_etl_dag.py
[2024-09-16 20:16:00,828] {logging_mixin.py:115} INFO - [2024-09-16 20:16:00,828] {dag.py:2379} INFO - Sync 1 DAGs
[2024-09-16 20:16:00,861] {logging_mixin.py:115} INFO - [2024-09-16 20:16:00,861] {dag.py:2927} INFO - Setting next_dagrun for tutorial_etl_dag to None, run_after=None
[2024-09-16 20:16:00,877] {processor.py:161} INFO - Processing /home/airflow/.local/lib/python3.7/site-packages/airflow/example_dags/tutorial_etl_dag.py took 0.096 seconds
[2024-09-16 20:16:31,389] {processor.py:153} INFO - Started process (PID=488) to work on /home/airflow/.local/lib/python3.7/site-packages/airflow/example_dags/tutorial_etl_dag.py
[2024-09-16 20:16:31,390] {processor.py:641} INFO - Processing file /home/airflow/.local/lib/python3.7/site-packages/airflow/example_dags/tutorial_etl_dag.py for tasks to queue
[2024-09-16 20:16:31,391] {logging_mixin.py:115} INFO - [2024-09-16 20:16:31,391] {dagbag.py:507} INFO - Filling up the DagBag from /home/airflow/.local/lib/python3.7/site-packages/airflow/example_dags/tutorial_etl_dag.py
[2024-09-16 20:16:31,402] {processor.py:651} INFO - DAG(s) dict_keys(['tutorial_etl_dag']) retrieved from /home/airflow/.local/lib/python3.7/site-packages/airflow/example_dags/tutorial_etl_dag.py
[2024-09-16 20:16:31,438] {logging_mixin.py:115} INFO - [2024-09-16 20:16:31,438] {dag.py:2379} INFO - Sync 1 DAGs
[2024-09-16 20:16:31,465] {logging_mixin.py:115} INFO - [2024-09-16 20:16:31,465] {dag.py:2927} INFO - Setting next_dagrun for tutorial_etl_dag to None, run_after=None
[2024-09-16 20:16:31,478] {processor.py:161} INFO - Processing /home/airflow/.local/lib/python3.7/site-packages/airflow/example_dags/tutorial_etl_dag.py took 0.093 seconds
[2024-09-16 20:17:02,039] {processor.py:153} INFO - Started process (PID=530) to work on /home/airflow/.local/lib/python3.7/site-packages/airflow/example_dags/tutorial_etl_dag.py
[2024-09-16 20:17:02,040] {processor.py:641} INFO - Processing file /home/airflow/.local/lib/python3.7/site-packages/airflow/example_dags/tutorial_etl_dag.py for tasks to queue
[2024-09-16 20:17:02,041] {logging_mixin.py:115} INFO - [2024-09-16 20:17:02,041] {dagbag.py:507} INFO - Filling up the DagBag from /home/airflow/.local/lib/python3.7/site-packages/airflow/example_dags/tutorial_etl_dag.py
[2024-09-16 20:17:02,049] {processor.py:651} INFO - DAG(s) dict_keys(['tutorial_etl_dag']) retrieved from /home/airflow/.local/lib/python3.7/site-packages/airflow/example_dags/tutorial_etl_dag.py
[2024-09-16 20:17:02,080] {logging_mixin.py:115} INFO - [2024-09-16 20:17:02,079] {dag.py:2379} INFO - Sync 1 DAGs
[2024-09-16 20:17:02,108] {logging_mixin.py:115} INFO - [2024-09-16 20:17:02,107] {dag.py:2927} INFO - Setting next_dagrun for tutorial_etl_dag to None, run_after=None
[2024-09-16 20:17:02,121] {processor.py:161} INFO - Processing /home/airflow/.local/lib/python3.7/site-packages/airflow/example_dags/tutorial_etl_dag.py took 0.087 seconds
[2024-09-16 20:17:32,693] {processor.py:153} INFO - Started process (PID=572) to work on /home/airflow/.local/lib/python3.7/site-packages/airflow/example_dags/tutorial_etl_dag.py
[2024-09-16 20:17:32,694] {processor.py:641} INFO - Processing file /home/airflow/.local/lib/python3.7/site-packages/airflow/example_dags/tutorial_etl_dag.py for tasks to queue
[2024-09-16 20:17:32,694] {logging_mixin.py:115} INFO - [2024-09-16 20:17:32,694] {dagbag.py:507} INFO - Filling up the DagBag from /home/airflow/.local/lib/python3.7/site-packages/airflow/example_dags/tutorial_etl_dag.py
[2024-09-16 20:17:32,704] {processor.py:651} INFO - DAG(s) dict_keys(['tutorial_etl_dag']) retrieved from /home/airflow/.local/lib/python3.7/site-packages/airflow/example_dags/tutorial_etl_dag.py
[2024-09-16 20:17:32,740] {logging_mixin.py:115} INFO - [2024-09-16 20:17:32,739] {dag.py:2379} INFO - Sync 1 DAGs
[2024-09-16 20:17:32,768] {logging_mixin.py:115} INFO - [2024-09-16 20:17:32,768] {dag.py:2927} INFO - Setting next_dagrun for tutorial_etl_dag to None, run_after=None
[2024-09-16 20:17:32,782] {processor.py:161} INFO - Processing /home/airflow/.local/lib/python3.7/site-packages/airflow/example_dags/tutorial_etl_dag.py took 0.094 seconds
[2024-09-16 20:18:03,207] {processor.py:153} INFO - Started process (PID=614) to work on /home/airflow/.local/lib/python3.7/site-packages/airflow/example_dags/tutorial_etl_dag.py
[2024-09-16 20:18:03,207] {processor.py:641} INFO - Processing file /home/airflow/.local/lib/python3.7/site-packages/airflow/example_dags/tutorial_etl_dag.py for tasks to queue
[2024-09-16 20:18:03,208] {logging_mixin.py:115} INFO - [2024-09-16 20:18:03,208] {dagbag.py:507} INFO - Filling up the DagBag from /home/airflow/.local/lib/python3.7/site-packages/airflow/example_dags/tutorial_etl_dag.py
[2024-09-16 20:18:03,215] {processor.py:651} INFO - DAG(s) dict_keys(['tutorial_etl_dag']) retrieved from /home/airflow/.local/lib/python3.7/site-packages/airflow/example_dags/tutorial_etl_dag.py
[2024-09-16 20:18:03,246] {logging_mixin.py:115} INFO - [2024-09-16 20:18:03,246] {dag.py:2379} INFO - Sync 1 DAGs
[2024-09-16 20:18:03,274] {logging_mixin.py:115} INFO - [2024-09-16 20:18:03,274] {dag.py:2927} INFO - Setting next_dagrun for tutorial_etl_dag to None, run_after=None
[2024-09-16 20:18:03,288] {processor.py:161} INFO - Processing /home/airflow/.local/lib/python3.7/site-packages/airflow/example_dags/tutorial_etl_dag.py took 0.084 seconds
[2024-09-16 20:18:33,687] {processor.py:153} INFO - Started process (PID=656) to work on /home/airflow/.local/lib/python3.7/site-packages/airflow/example_dags/tutorial_etl_dag.py
[2024-09-16 20:18:33,688] {processor.py:641} INFO - Processing file /home/airflow/.local/lib/python3.7/site-packages/airflow/example_dags/tutorial_etl_dag.py for tasks to queue
[2024-09-16 20:18:33,689] {logging_mixin.py:115} INFO - [2024-09-16 20:18:33,688] {dagbag.py:507} INFO - Filling up the DagBag from /home/airflow/.local/lib/python3.7/site-packages/airflow/example_dags/tutorial_etl_dag.py
[2024-09-16 20:18:33,696] {processor.py:651} INFO - DAG(s) dict_keys(['tutorial_etl_dag']) retrieved from /home/airflow/.local/lib/python3.7/site-packages/airflow/example_dags/tutorial_etl_dag.py
[2024-09-16 20:18:33,726] {logging_mixin.py:115} INFO - [2024-09-16 20:18:33,726] {dag.py:2379} INFO - Sync 1 DAGs
[2024-09-16 20:18:33,753] {logging_mixin.py:115} INFO - [2024-09-16 20:18:33,753] {dag.py:2927} INFO - Setting next_dagrun for tutorial_etl_dag to None, run_after=None
[2024-09-16 20:18:33,766] {processor.py:161} INFO - Processing /home/airflow/.local/lib/python3.7/site-packages/airflow/example_dags/tutorial_etl_dag.py took 0.082 seconds
[2024-09-16 20:19:04,287] {processor.py:153} INFO - Started process (PID=697) to work on /home/airflow/.local/lib/python3.7/site-packages/airflow/example_dags/tutorial_etl_dag.py
[2024-09-16 20:19:04,288] {processor.py:641} INFO - Processing file /home/airflow/.local/lib/python3.7/site-packages/airflow/example_dags/tutorial_etl_dag.py for tasks to queue
[2024-09-16 20:19:04,289] {logging_mixin.py:115} INFO - [2024-09-16 20:19:04,288] {dagbag.py:507} INFO - Filling up the DagBag from /home/airflow/.local/lib/python3.7/site-packages/airflow/example_dags/tutorial_etl_dag.py
[2024-09-16 20:19:04,297] {processor.py:651} INFO - DAG(s) dict_keys(['tutorial_etl_dag']) retrieved from /home/airflow/.local/lib/python3.7/site-packages/airflow/example_dags/tutorial_etl_dag.py
[2024-09-16 20:19:04,330] {logging_mixin.py:115} INFO - [2024-09-16 20:19:04,329] {dag.py:2379} INFO - Sync 1 DAGs
[2024-09-16 20:19:04,357] {logging_mixin.py:115} INFO - [2024-09-16 20:19:04,357] {dag.py:2927} INFO - Setting next_dagrun for tutorial_etl_dag to None, run_after=None
[2024-09-16 20:19:04,371] {processor.py:161} INFO - Processing /home/airflow/.local/lib/python3.7/site-packages/airflow/example_dags/tutorial_etl_dag.py took 0.088 seconds
[2024-09-16 20:19:34,974] {processor.py:153} INFO - Started process (PID=739) to work on /home/airflow/.local/lib/python3.7/site-packages/airflow/example_dags/tutorial_etl_dag.py
[2024-09-16 20:19:34,975] {processor.py:641} INFO - Processing file /home/airflow/.local/lib/python3.7/site-packages/airflow/example_dags/tutorial_etl_dag.py for tasks to queue
[2024-09-16 20:19:34,976] {logging_mixin.py:115} INFO - [2024-09-16 20:19:34,976] {dagbag.py:507} INFO - Filling up the DagBag from /home/airflow/.local/lib/python3.7/site-packages/airflow/example_dags/tutorial_etl_dag.py
[2024-09-16 20:19:34,985] {processor.py:651} INFO - DAG(s) dict_keys(['tutorial_etl_dag']) retrieved from /home/airflow/.local/lib/python3.7/site-packages/airflow/example_dags/tutorial_etl_dag.py
[2024-09-16 20:19:35,029] {logging_mixin.py:115} INFO - [2024-09-16 20:19:35,029] {dag.py:2379} INFO - Sync 1 DAGs
[2024-09-16 20:19:35,061] {logging_mixin.py:115} INFO - [2024-09-16 20:19:35,061] {dag.py:2927} INFO - Setting next_dagrun for tutorial_etl_dag to None, run_after=None
[2024-09-16 20:19:35,075] {processor.py:161} INFO - Processing /home/airflow/.local/lib/python3.7/site-packages/airflow/example_dags/tutorial_etl_dag.py took 0.106 seconds
[2024-09-16 20:20:05,485] {processor.py:153} INFO - Started process (PID=781) to work on /home/airflow/.local/lib/python3.7/site-packages/airflow/example_dags/tutorial_etl_dag.py
[2024-09-16 20:20:05,486] {processor.py:641} INFO - Processing file /home/airflow/.local/lib/python3.7/site-packages/airflow/example_dags/tutorial_etl_dag.py for tasks to queue
[2024-09-16 20:20:05,486] {logging_mixin.py:115} INFO - [2024-09-16 20:20:05,486] {dagbag.py:507} INFO - Filling up the DagBag from /home/airflow/.local/lib/python3.7/site-packages/airflow/example_dags/tutorial_etl_dag.py
[2024-09-16 20:20:05,494] {processor.py:651} INFO - DAG(s) dict_keys(['tutorial_etl_dag']) retrieved from /home/airflow/.local/lib/python3.7/site-packages/airflow/example_dags/tutorial_etl_dag.py
[2024-09-16 20:20:05,523] {logging_mixin.py:115} INFO - [2024-09-16 20:20:05,523] {dag.py:2379} INFO - Sync 1 DAGs
[2024-09-16 20:20:05,551] {logging_mixin.py:115} INFO - [2024-09-16 20:20:05,550] {dag.py:2927} INFO - Setting next_dagrun for tutorial_etl_dag to None, run_after=None
[2024-09-16 20:20:05,564] {processor.py:161} INFO - Processing /home/airflow/.local/lib/python3.7/site-packages/airflow/example_dags/tutorial_etl_dag.py took 0.082 seconds
[2024-09-16 20:20:36,022] {processor.py:153} INFO - Started process (PID=823) to work on /home/airflow/.local/lib/python3.7/site-packages/airflow/example_dags/tutorial_etl_dag.py
[2024-09-16 20:20:36,024] {processor.py:641} INFO - Processing file /home/airflow/.local/lib/python3.7/site-packages/airflow/example_dags/tutorial_etl_dag.py for tasks to queue
[2024-09-16 20:20:36,025] {logging_mixin.py:115} INFO - [2024-09-16 20:20:36,025] {dagbag.py:507} INFO - Filling up the DagBag from /home/airflow/.local/lib/python3.7/site-packages/airflow/example_dags/tutorial_etl_dag.py
[2024-09-16 20:20:36,042] {processor.py:651} INFO - DAG(s) dict_keys(['tutorial_etl_dag']) retrieved from /home/airflow/.local/lib/python3.7/site-packages/airflow/example_dags/tutorial_etl_dag.py
[2024-09-16 20:20:36,071] {logging_mixin.py:115} INFO - [2024-09-16 20:20:36,071] {dag.py:2379} INFO - Sync 1 DAGs
[2024-09-16 20:20:36,098] {logging_mixin.py:115} INFO - [2024-09-16 20:20:36,097] {dag.py:2927} INFO - Setting next_dagrun for tutorial_etl_dag to None, run_after=None
[2024-09-16 20:20:36,111] {processor.py:161} INFO - Processing /home/airflow/.local/lib/python3.7/site-packages/airflow/example_dags/tutorial_etl_dag.py took 0.093 seconds
[2024-09-16 20:21:06,718] {processor.py:153} INFO - Started process (PID=865) to work on /home/airflow/.local/lib/python3.7/site-packages/airflow/example_dags/tutorial_etl_dag.py
[2024-09-16 20:21:06,719] {processor.py:641} INFO - Processing file /home/airflow/.local/lib/python3.7/site-packages/airflow/example_dags/tutorial_etl_dag.py for tasks to queue
[2024-09-16 20:21:06,719] {logging_mixin.py:115} INFO - [2024-09-16 20:21:06,719] {dagbag.py:507} INFO - Filling up the DagBag from /home/airflow/.local/lib/python3.7/site-packages/airflow/example_dags/tutorial_etl_dag.py
[2024-09-16 20:21:06,730] {processor.py:651} INFO - DAG(s) dict_keys(['tutorial_etl_dag']) retrieved from /home/airflow/.local/lib/python3.7/site-packages/airflow/example_dags/tutorial_etl_dag.py
[2024-09-16 20:21:06,767] {logging_mixin.py:115} INFO - [2024-09-16 20:21:06,767] {dag.py:2379} INFO - Sync 1 DAGs
[2024-09-16 20:21:06,798] {logging_mixin.py:115} INFO - [2024-09-16 20:21:06,798] {dag.py:2927} INFO - Setting next_dagrun for tutorial_etl_dag to None, run_after=None
[2024-09-16 20:21:06,814] {processor.py:161} INFO - Processing /home/airflow/.local/lib/python3.7/site-packages/airflow/example_dags/tutorial_etl_dag.py took 0.100 seconds
[2024-09-16 20:21:37,156] {processor.py:153} INFO - Started process (PID=907) to work on /home/airflow/.local/lib/python3.7/site-packages/airflow/example_dags/tutorial_etl_dag.py
[2024-09-16 20:21:37,157] {processor.py:641} INFO - Processing file /home/airflow/.local/lib/python3.7/site-packages/airflow/example_dags/tutorial_etl_dag.py for tasks to queue
[2024-09-16 20:21:37,158] {logging_mixin.py:115} INFO - [2024-09-16 20:21:37,158] {dagbag.py:507} INFO - Filling up the DagBag from /home/airflow/.local/lib/python3.7/site-packages/airflow/example_dags/tutorial_etl_dag.py
[2024-09-16 20:21:37,168] {processor.py:651} INFO - DAG(s) dict_keys(['tutorial_etl_dag']) retrieved from /home/airflow/.local/lib/python3.7/site-packages/airflow/example_dags/tutorial_etl_dag.py
[2024-09-16 20:21:37,204] {logging_mixin.py:115} INFO - [2024-09-16 20:21:37,204] {dag.py:2379} INFO - Sync 1 DAGs
[2024-09-16 20:21:37,236] {logging_mixin.py:115} INFO - [2024-09-16 20:21:37,235] {dag.py:2927} INFO - Setting next_dagrun for tutorial_etl_dag to None, run_after=None
[2024-09-16 20:21:37,252] {processor.py:161} INFO - Processing /home/airflow/.local/lib/python3.7/site-packages/airflow/example_dags/tutorial_etl_dag.py took 0.100 seconds
[2024-09-16 20:22:08,052] {processor.py:153} INFO - Started process (PID=949) to work on /home/airflow/.local/lib/python3.7/site-packages/airflow/example_dags/tutorial_etl_dag.py
[2024-09-16 20:22:08,053] {processor.py:641} INFO - Processing file /home/airflow/.local/lib/python3.7/site-packages/airflow/example_dags/tutorial_etl_dag.py for tasks to queue
[2024-09-16 20:22:08,054] {logging_mixin.py:115} INFO - [2024-09-16 20:22:08,053] {dagbag.py:507} INFO - Filling up the DagBag from /home/airflow/.local/lib/python3.7/site-packages/airflow/example_dags/tutorial_etl_dag.py
[2024-09-16 20:22:08,064] {processor.py:651} INFO - DAG(s) dict_keys(['tutorial_etl_dag']) retrieved from /home/airflow/.local/lib/python3.7/site-packages/airflow/example_dags/tutorial_etl_dag.py
[2024-09-16 20:22:08,101] {logging_mixin.py:115} INFO - [2024-09-16 20:22:08,101] {dag.py:2379} INFO - Sync 1 DAGs
[2024-09-16 20:22:08,132] {logging_mixin.py:115} INFO - [2024-09-16 20:22:08,132] {dag.py:2927} INFO - Setting next_dagrun for tutorial_etl_dag to None, run_after=None
[2024-09-16 20:22:08,147] {processor.py:161} INFO - Processing /home/airflow/.local/lib/python3.7/site-packages/airflow/example_dags/tutorial_etl_dag.py took 0.100 seconds
[2024-09-16 20:22:38,613] {processor.py:153} INFO - Started process (PID=991) to work on /home/airflow/.local/lib/python3.7/site-packages/airflow/example_dags/tutorial_etl_dag.py
[2024-09-16 20:22:38,614] {processor.py:641} INFO - Processing file /home/airflow/.local/lib/python3.7/site-packages/airflow/example_dags/tutorial_etl_dag.py for tasks to queue
[2024-09-16 20:22:38,614] {logging_mixin.py:115} INFO - [2024-09-16 20:22:38,614] {dagbag.py:507} INFO - Filling up the DagBag from /home/airflow/.local/lib/python3.7/site-packages/airflow/example_dags/tutorial_etl_dag.py
[2024-09-16 20:22:38,624] {processor.py:651} INFO - DAG(s) dict_keys(['tutorial_etl_dag']) retrieved from /home/airflow/.local/lib/python3.7/site-packages/airflow/example_dags/tutorial_etl_dag.py
[2024-09-16 20:22:38,653] {logging_mixin.py:115} INFO - [2024-09-16 20:22:38,653] {dag.py:2379} INFO - Sync 1 DAGs
[2024-09-16 20:22:38,680] {logging_mixin.py:115} INFO - [2024-09-16 20:22:38,680] {dag.py:2927} INFO - Setting next_dagrun for tutorial_etl_dag to None, run_after=None
[2024-09-16 20:22:38,694] {processor.py:161} INFO - Processing /home/airflow/.local/lib/python3.7/site-packages/airflow/example_dags/tutorial_etl_dag.py took 0.084 seconds
[2024-09-16 20:23:09,533] {processor.py:153} INFO - Started process (PID=1033) to work on /home/airflow/.local/lib/python3.7/site-packages/airflow/example_dags/tutorial_etl_dag.py
[2024-09-16 20:23:09,533] {processor.py:641} INFO - Processing file /home/airflow/.local/lib/python3.7/site-packages/airflow/example_dags/tutorial_etl_dag.py for tasks to queue
[2024-09-16 20:23:09,534] {logging_mixin.py:115} INFO - [2024-09-16 20:23:09,534] {dagbag.py:507} INFO - Filling up the DagBag from /home/airflow/.local/lib/python3.7/site-packages/airflow/example_dags/tutorial_etl_dag.py
[2024-09-16 20:23:09,542] {processor.py:651} INFO - DAG(s) dict_keys(['tutorial_etl_dag']) retrieved from /home/airflow/.local/lib/python3.7/site-packages/airflow/example_dags/tutorial_etl_dag.py
[2024-09-16 20:23:09,572] {logging_mixin.py:115} INFO - [2024-09-16 20:23:09,572] {dag.py:2379} INFO - Sync 1 DAGs
[2024-09-16 20:23:09,599] {logging_mixin.py:115} INFO - [2024-09-16 20:23:09,599] {dag.py:2927} INFO - Setting next_dagrun for tutorial_etl_dag to None, run_after=None
[2024-09-16 20:23:09,613] {processor.py:161} INFO - Processing /home/airflow/.local/lib/python3.7/site-packages/airflow/example_dags/tutorial_etl_dag.py took 0.084 seconds
[2024-09-16 20:23:40,179] {processor.py:153} INFO - Started process (PID=1075) to work on /home/airflow/.local/lib/python3.7/site-packages/airflow/example_dags/tutorial_etl_dag.py
[2024-09-16 20:23:40,180] {processor.py:641} INFO - Processing file /home/airflow/.local/lib/python3.7/site-packages/airflow/example_dags/tutorial_etl_dag.py for tasks to queue
[2024-09-16 20:23:40,181] {logging_mixin.py:115} INFO - [2024-09-16 20:23:40,181] {dagbag.py:507} INFO - Filling up the DagBag from /home/airflow/.local/lib/python3.7/site-packages/airflow/example_dags/tutorial_etl_dag.py
[2024-09-16 20:23:40,190] {processor.py:651} INFO - DAG(s) dict_keys(['tutorial_etl_dag']) retrieved from /home/airflow/.local/lib/python3.7/site-packages/airflow/example_dags/tutorial_etl_dag.py
[2024-09-16 20:23:40,224] {logging_mixin.py:115} INFO - [2024-09-16 20:23:40,224] {dag.py:2379} INFO - Sync 1 DAGs
[2024-09-16 20:23:40,253] {logging_mixin.py:115} INFO - [2024-09-16 20:23:40,252] {dag.py:2927} INFO - Setting next_dagrun for tutorial_etl_dag to None, run_after=None
[2024-09-16 20:23:40,267] {processor.py:161} INFO - Processing /home/airflow/.local/lib/python3.7/site-packages/airflow/example_dags/tutorial_etl_dag.py took 0.092 seconds
[2024-09-16 20:24:10,722] {processor.py:153} INFO - Started process (PID=1117) to work on /home/airflow/.local/lib/python3.7/site-packages/airflow/example_dags/tutorial_etl_dag.py
[2024-09-16 20:24:10,723] {processor.py:641} INFO - Processing file /home/airflow/.local/lib/python3.7/site-packages/airflow/example_dags/tutorial_etl_dag.py for tasks to queue
[2024-09-16 20:24:10,724] {logging_mixin.py:115} INFO - [2024-09-16 20:24:10,724] {dagbag.py:507} INFO - Filling up the DagBag from /home/airflow/.local/lib/python3.7/site-packages/airflow/example_dags/tutorial_etl_dag.py
[2024-09-16 20:24:10,734] {processor.py:651} INFO - DAG(s) dict_keys(['tutorial_etl_dag']) retrieved from /home/airflow/.local/lib/python3.7/site-packages/airflow/example_dags/tutorial_etl_dag.py
[2024-09-16 20:24:10,768] {logging_mixin.py:115} INFO - [2024-09-16 20:24:10,768] {dag.py:2379} INFO - Sync 1 DAGs
[2024-09-16 20:24:10,801] {logging_mixin.py:115} INFO - [2024-09-16 20:24:10,801] {dag.py:2927} INFO - Setting next_dagrun for tutorial_etl_dag to None, run_after=None
[2024-09-16 20:24:10,818] {processor.py:161} INFO - Processing /home/airflow/.local/lib/python3.7/site-packages/airflow/example_dags/tutorial_etl_dag.py took 0.100 seconds
[2024-09-16 20:24:41,444] {processor.py:153} INFO - Started process (PID=1159) to work on /home/airflow/.local/lib/python3.7/site-packages/airflow/example_dags/tutorial_etl_dag.py
[2024-09-16 20:24:41,445] {processor.py:641} INFO - Processing file /home/airflow/.local/lib/python3.7/site-packages/airflow/example_dags/tutorial_etl_dag.py for tasks to queue
[2024-09-16 20:24:41,445] {logging_mixin.py:115} INFO - [2024-09-16 20:24:41,445] {dagbag.py:507} INFO - Filling up the DagBag from /home/airflow/.local/lib/python3.7/site-packages/airflow/example_dags/tutorial_etl_dag.py
[2024-09-16 20:24:41,455] {processor.py:651} INFO - DAG(s) dict_keys(['tutorial_etl_dag']) retrieved from /home/airflow/.local/lib/python3.7/site-packages/airflow/example_dags/tutorial_etl_dag.py
[2024-09-16 20:24:41,491] {logging_mixin.py:115} INFO - [2024-09-16 20:24:41,491] {dag.py:2379} INFO - Sync 1 DAGs
[2024-09-16 20:24:41,519] {logging_mixin.py:115} INFO - [2024-09-16 20:24:41,519] {dag.py:2927} INFO - Setting next_dagrun for tutorial_etl_dag to None, run_after=None
[2024-09-16 20:24:41,532] {processor.py:161} INFO - Processing /home/airflow/.local/lib/python3.7/site-packages/airflow/example_dags/tutorial_etl_dag.py took 0.094 seconds
[2024-09-16 20:25:11,902] {processor.py:153} INFO - Started process (PID=1201) to work on /home/airflow/.local/lib/python3.7/site-packages/airflow/example_dags/tutorial_etl_dag.py
[2024-09-16 20:25:11,903] {processor.py:641} INFO - Processing file /home/airflow/.local/lib/python3.7/site-packages/airflow/example_dags/tutorial_etl_dag.py for tasks to queue
[2024-09-16 20:25:11,903] {logging_mixin.py:115} INFO - [2024-09-16 20:25:11,903] {dagbag.py:507} INFO - Filling up the DagBag from /home/airflow/.local/lib/python3.7/site-packages/airflow/example_dags/tutorial_etl_dag.py
[2024-09-16 20:25:11,913] {processor.py:651} INFO - DAG(s) dict_keys(['tutorial_etl_dag']) retrieved from /home/airflow/.local/lib/python3.7/site-packages/airflow/example_dags/tutorial_etl_dag.py
[2024-09-16 20:25:11,951] {logging_mixin.py:115} INFO - [2024-09-16 20:25:11,951] {dag.py:2379} INFO - Sync 1 DAGs
[2024-09-16 20:25:11,982] {logging_mixin.py:115} INFO - [2024-09-16 20:25:11,982] {dag.py:2927} INFO - Setting next_dagrun for tutorial_etl_dag to None, run_after=None
[2024-09-16 20:25:11,998] {processor.py:161} INFO - Processing /home/airflow/.local/lib/python3.7/site-packages/airflow/example_dags/tutorial_etl_dag.py took 0.100 seconds
[2024-09-16 20:25:42,421] {processor.py:153} INFO - Started process (PID=1242) to work on /home/airflow/.local/lib/python3.7/site-packages/airflow/example_dags/tutorial_etl_dag.py
[2024-09-16 20:25:42,422] {processor.py:641} INFO - Processing file /home/airflow/.local/lib/python3.7/site-packages/airflow/example_dags/tutorial_etl_dag.py for tasks to queue
[2024-09-16 20:25:42,423] {logging_mixin.py:115} INFO - [2024-09-16 20:25:42,423] {dagbag.py:507} INFO - Filling up the DagBag from /home/airflow/.local/lib/python3.7/site-packages/airflow/example_dags/tutorial_etl_dag.py
[2024-09-16 20:25:42,432] {processor.py:651} INFO - DAG(s) dict_keys(['tutorial_etl_dag']) retrieved from /home/airflow/.local/lib/python3.7/site-packages/airflow/example_dags/tutorial_etl_dag.py
[2024-09-16 20:25:42,465] {logging_mixin.py:115} INFO - [2024-09-16 20:25:42,465] {dag.py:2379} INFO - Sync 1 DAGs
[2024-09-16 20:25:42,492] {logging_mixin.py:115} INFO - [2024-09-16 20:25:42,492] {dag.py:2927} INFO - Setting next_dagrun for tutorial_etl_dag to None, run_after=None
[2024-09-16 20:25:42,507] {processor.py:161} INFO - Processing /home/airflow/.local/lib/python3.7/site-packages/airflow/example_dags/tutorial_etl_dag.py took 0.092 seconds
[2024-09-16 20:26:13,237] {processor.py:153} INFO - Started process (PID=1284) to work on /home/airflow/.local/lib/python3.7/site-packages/airflow/example_dags/tutorial_etl_dag.py
[2024-09-16 20:26:13,238] {processor.py:641} INFO - Processing file /home/airflow/.local/lib/python3.7/site-packages/airflow/example_dags/tutorial_etl_dag.py for tasks to queue
[2024-09-16 20:26:13,239] {logging_mixin.py:115} INFO - [2024-09-16 20:26:13,239] {dagbag.py:507} INFO - Filling up the DagBag from /home/airflow/.local/lib/python3.7/site-packages/airflow/example_dags/tutorial_etl_dag.py
[2024-09-16 20:26:13,250] {processor.py:651} INFO - DAG(s) dict_keys(['tutorial_etl_dag']) retrieved from /home/airflow/.local/lib/python3.7/site-packages/airflow/example_dags/tutorial_etl_dag.py
[2024-09-16 20:26:13,281] {logging_mixin.py:115} INFO - [2024-09-16 20:26:13,281] {dag.py:2379} INFO - Sync 1 DAGs
[2024-09-16 20:26:13,311] {logging_mixin.py:115} INFO - [2024-09-16 20:26:13,311] {dag.py:2927} INFO - Setting next_dagrun for tutorial_etl_dag to None, run_after=None
[2024-09-16 20:26:13,325] {processor.py:161} INFO - Processing /home/airflow/.local/lib/python3.7/site-packages/airflow/example_dags/tutorial_etl_dag.py took 0.093 seconds
[2024-09-16 20:26:43,671] {processor.py:153} INFO - Started process (PID=1325) to work on /home/airflow/.local/lib/python3.7/site-packages/airflow/example_dags/tutorial_etl_dag.py
[2024-09-16 20:26:43,672] {processor.py:641} INFO - Processing file /home/airflow/.local/lib/python3.7/site-packages/airflow/example_dags/tutorial_etl_dag.py for tasks to queue
[2024-09-16 20:26:43,673] {logging_mixin.py:115} INFO - [2024-09-16 20:26:43,673] {dagbag.py:507} INFO - Filling up the DagBag from /home/airflow/.local/lib/python3.7/site-packages/airflow/example_dags/tutorial_etl_dag.py
[2024-09-16 20:26:43,682] {processor.py:651} INFO - DAG(s) dict_keys(['tutorial_etl_dag']) retrieved from /home/airflow/.local/lib/python3.7/site-packages/airflow/example_dags/tutorial_etl_dag.py
[2024-09-16 20:26:43,715] {logging_mixin.py:115} INFO - [2024-09-16 20:26:43,715] {dag.py:2379} INFO - Sync 1 DAGs
[2024-09-16 20:26:43,744] {logging_mixin.py:115} INFO - [2024-09-16 20:26:43,744] {dag.py:2927} INFO - Setting next_dagrun for tutorial_etl_dag to None, run_after=None
[2024-09-16 20:26:43,759] {processor.py:161} INFO - Processing /home/airflow/.local/lib/python3.7/site-packages/airflow/example_dags/tutorial_etl_dag.py took 0.091 seconds
[2024-09-16 20:27:13,984] {processor.py:153} INFO - Started process (PID=1367) to work on /home/airflow/.local/lib/python3.7/site-packages/airflow/example_dags/tutorial_etl_dag.py
[2024-09-16 20:27:13,985] {processor.py:641} INFO - Processing file /home/airflow/.local/lib/python3.7/site-packages/airflow/example_dags/tutorial_etl_dag.py for tasks to queue
[2024-09-16 20:27:13,985] {logging_mixin.py:115} INFO - [2024-09-16 20:27:13,985] {dagbag.py:507} INFO - Filling up the DagBag from /home/airflow/.local/lib/python3.7/site-packages/airflow/example_dags/tutorial_etl_dag.py
[2024-09-16 20:27:13,992] {processor.py:651} INFO - DAG(s) dict_keys(['tutorial_etl_dag']) retrieved from /home/airflow/.local/lib/python3.7/site-packages/airflow/example_dags/tutorial_etl_dag.py
[2024-09-16 20:27:14,021] {logging_mixin.py:115} INFO - [2024-09-16 20:27:14,021] {dag.py:2379} INFO - Sync 1 DAGs
[2024-09-16 20:27:14,048] {logging_mixin.py:115} INFO - [2024-09-16 20:27:14,048] {dag.py:2927} INFO - Setting next_dagrun for tutorial_etl_dag to None, run_after=None
[2024-09-16 20:27:14,063] {processor.py:161} INFO - Processing /home/airflow/.local/lib/python3.7/site-packages/airflow/example_dags/tutorial_etl_dag.py took 0.083 seconds
[2024-09-16 20:27:44,208] {processor.py:153} INFO - Started process (PID=1408) to work on /home/airflow/.local/lib/python3.7/site-packages/airflow/example_dags/tutorial_etl_dag.py
[2024-09-16 20:27:44,208] {processor.py:641} INFO - Processing file /home/airflow/.local/lib/python3.7/site-packages/airflow/example_dags/tutorial_etl_dag.py for tasks to queue
[2024-09-16 20:27:44,209] {logging_mixin.py:115} INFO - [2024-09-16 20:27:44,209] {dagbag.py:507} INFO - Filling up the DagBag from /home/airflow/.local/lib/python3.7/site-packages/airflow/example_dags/tutorial_etl_dag.py
[2024-09-16 20:27:44,218] {processor.py:651} INFO - DAG(s) dict_keys(['tutorial_etl_dag']) retrieved from /home/airflow/.local/lib/python3.7/site-packages/airflow/example_dags/tutorial_etl_dag.py
[2024-09-16 20:27:44,256] {logging_mixin.py:115} INFO - [2024-09-16 20:27:44,256] {dag.py:2379} INFO - Sync 1 DAGs
[2024-09-16 20:27:44,287] {logging_mixin.py:115} INFO - [2024-09-16 20:27:44,287] {dag.py:2927} INFO - Setting next_dagrun for tutorial_etl_dag to None, run_after=None
[2024-09-16 20:27:44,304] {processor.py:161} INFO - Processing /home/airflow/.local/lib/python3.7/site-packages/airflow/example_dags/tutorial_etl_dag.py took 0.100 seconds
[2024-09-16 20:28:15,231] {processor.py:153} INFO - Started process (PID=1450) to work on /home/airflow/.local/lib/python3.7/site-packages/airflow/example_dags/tutorial_etl_dag.py
[2024-09-16 20:28:15,234] {processor.py:641} INFO - Processing file /home/airflow/.local/lib/python3.7/site-packages/airflow/example_dags/tutorial_etl_dag.py for tasks to queue
[2024-09-16 20:28:15,235] {logging_mixin.py:115} INFO - [2024-09-16 20:28:15,235] {dagbag.py:507} INFO - Filling up the DagBag from /home/airflow/.local/lib/python3.7/site-packages/airflow/example_dags/tutorial_etl_dag.py
[2024-09-16 20:28:15,244] {processor.py:651} INFO - DAG(s) dict_keys(['tutorial_etl_dag']) retrieved from /home/airflow/.local/lib/python3.7/site-packages/airflow/example_dags/tutorial_etl_dag.py
[2024-09-16 20:28:15,276] {logging_mixin.py:115} INFO - [2024-09-16 20:28:15,276] {dag.py:2379} INFO - Sync 1 DAGs
[2024-09-16 20:28:15,304] {logging_mixin.py:115} INFO - [2024-09-16 20:28:15,303] {dag.py:2927} INFO - Setting next_dagrun for tutorial_etl_dag to None, run_after=None
[2024-09-16 20:28:15,317] {processor.py:161} INFO - Processing /home/airflow/.local/lib/python3.7/site-packages/airflow/example_dags/tutorial_etl_dag.py took 0.091 seconds
[2024-09-16 20:28:45,776] {processor.py:153} INFO - Started process (PID=1491) to work on /home/airflow/.local/lib/python3.7/site-packages/airflow/example_dags/tutorial_etl_dag.py
[2024-09-16 20:28:45,777] {processor.py:641} INFO - Processing file /home/airflow/.local/lib/python3.7/site-packages/airflow/example_dags/tutorial_etl_dag.py for tasks to queue
[2024-09-16 20:28:45,778] {logging_mixin.py:115} INFO - [2024-09-16 20:28:45,778] {dagbag.py:507} INFO - Filling up the DagBag from /home/airflow/.local/lib/python3.7/site-packages/airflow/example_dags/tutorial_etl_dag.py
[2024-09-16 20:28:45,788] {processor.py:651} INFO - DAG(s) dict_keys(['tutorial_etl_dag']) retrieved from /home/airflow/.local/lib/python3.7/site-packages/airflow/example_dags/tutorial_etl_dag.py
[2024-09-16 20:28:45,826] {logging_mixin.py:115} INFO - [2024-09-16 20:28:45,825] {dag.py:2379} INFO - Sync 1 DAGs
[2024-09-16 20:28:45,857] {logging_mixin.py:115} INFO - [2024-09-16 20:28:45,857] {dag.py:2927} INFO - Setting next_dagrun for tutorial_etl_dag to None, run_after=None
[2024-09-16 20:28:45,873] {processor.py:161} INFO - Processing /home/airflow/.local/lib/python3.7/site-packages/airflow/example_dags/tutorial_etl_dag.py took 0.104 seconds
[2024-09-16 20:29:16,545] {processor.py:153} INFO - Started process (PID=1532) to work on /home/airflow/.local/lib/python3.7/site-packages/airflow/example_dags/tutorial_etl_dag.py
[2024-09-16 20:29:16,547] {processor.py:641} INFO - Processing file /home/airflow/.local/lib/python3.7/site-packages/airflow/example_dags/tutorial_etl_dag.py for tasks to queue
[2024-09-16 20:29:16,547] {logging_mixin.py:115} INFO - [2024-09-16 20:29:16,547] {dagbag.py:507} INFO - Filling up the DagBag from /home/airflow/.local/lib/python3.7/site-packages/airflow/example_dags/tutorial_etl_dag.py
[2024-09-16 20:29:16,556] {processor.py:651} INFO - DAG(s) dict_keys(['tutorial_etl_dag']) retrieved from /home/airflow/.local/lib/python3.7/site-packages/airflow/example_dags/tutorial_etl_dag.py
[2024-09-16 20:29:16,595] {logging_mixin.py:115} INFO - [2024-09-16 20:29:16,595] {dag.py:2379} INFO - Sync 1 DAGs
[2024-09-16 20:29:16,628] {logging_mixin.py:115} INFO - [2024-09-16 20:29:16,628] {dag.py:2927} INFO - Setting next_dagrun for tutorial_etl_dag to None, run_after=None
[2024-09-16 20:29:16,644] {processor.py:161} INFO - Processing /home/airflow/.local/lib/python3.7/site-packages/airflow/example_dags/tutorial_etl_dag.py took 0.105 seconds
[2024-09-16 20:29:46,918] {processor.py:153} INFO - Started process (PID=1574) to work on /home/airflow/.local/lib/python3.7/site-packages/airflow/example_dags/tutorial_etl_dag.py
[2024-09-16 20:29:46,919] {processor.py:641} INFO - Processing file /home/airflow/.local/lib/python3.7/site-packages/airflow/example_dags/tutorial_etl_dag.py for tasks to queue
[2024-09-16 20:29:46,920] {logging_mixin.py:115} INFO - [2024-09-16 20:29:46,920] {dagbag.py:507} INFO - Filling up the DagBag from /home/airflow/.local/lib/python3.7/site-packages/airflow/example_dags/tutorial_etl_dag.py
[2024-09-16 20:29:46,933] {processor.py:651} INFO - DAG(s) dict_keys(['tutorial_etl_dag']) retrieved from /home/airflow/.local/lib/python3.7/site-packages/airflow/example_dags/tutorial_etl_dag.py
[2024-09-16 20:29:46,990] {logging_mixin.py:115} INFO - [2024-09-16 20:29:46,990] {dag.py:2379} INFO - Sync 1 DAGs
[2024-09-16 20:29:47,032] {logging_mixin.py:115} INFO - [2024-09-16 20:29:47,032] {dag.py:2927} INFO - Setting next_dagrun for tutorial_etl_dag to None, run_after=None
[2024-09-16 20:29:47,055] {processor.py:161} INFO - Processing /home/airflow/.local/lib/python3.7/site-packages/airflow/example_dags/tutorial_etl_dag.py took 0.144 seconds
[2024-09-16 20:30:17,786] {processor.py:153} INFO - Started process (PID=1616) to work on /home/airflow/.local/lib/python3.7/site-packages/airflow/example_dags/tutorial_etl_dag.py
[2024-09-16 20:30:17,786] {processor.py:641} INFO - Processing file /home/airflow/.local/lib/python3.7/site-packages/airflow/example_dags/tutorial_etl_dag.py for tasks to queue
[2024-09-16 20:30:17,787] {logging_mixin.py:115} INFO - [2024-09-16 20:30:17,787] {dagbag.py:507} INFO - Filling up the DagBag from /home/airflow/.local/lib/python3.7/site-packages/airflow/example_dags/tutorial_etl_dag.py
[2024-09-16 20:30:17,796] {processor.py:651} INFO - DAG(s) dict_keys(['tutorial_etl_dag']) retrieved from /home/airflow/.local/lib/python3.7/site-packages/airflow/example_dags/tutorial_etl_dag.py
[2024-09-16 20:30:17,827] {logging_mixin.py:115} INFO - [2024-09-16 20:30:17,827] {dag.py:2379} INFO - Sync 1 DAGs
[2024-09-16 20:30:17,856] {logging_mixin.py:115} INFO - [2024-09-16 20:30:17,856] {dag.py:2927} INFO - Setting next_dagrun for tutorial_etl_dag to None, run_after=None
[2024-09-16 20:30:17,870] {processor.py:161} INFO - Processing /home/airflow/.local/lib/python3.7/site-packages/airflow/example_dags/tutorial_etl_dag.py took 0.090 seconds
[2024-09-16 20:30:48,314] {processor.py:153} INFO - Started process (PID=1658) to work on /home/airflow/.local/lib/python3.7/site-packages/airflow/example_dags/tutorial_etl_dag.py
[2024-09-16 20:30:48,315] {processor.py:641} INFO - Processing file /home/airflow/.local/lib/python3.7/site-packages/airflow/example_dags/tutorial_etl_dag.py for tasks to queue
[2024-09-16 20:30:48,316] {logging_mixin.py:115} INFO - [2024-09-16 20:30:48,316] {dagbag.py:507} INFO - Filling up the DagBag from /home/airflow/.local/lib/python3.7/site-packages/airflow/example_dags/tutorial_etl_dag.py
[2024-09-16 20:30:48,324] {processor.py:651} INFO - DAG(s) dict_keys(['tutorial_etl_dag']) retrieved from /home/airflow/.local/lib/python3.7/site-packages/airflow/example_dags/tutorial_etl_dag.py
[2024-09-16 20:30:48,358] {logging_mixin.py:115} INFO - [2024-09-16 20:30:48,358] {dag.py:2379} INFO - Sync 1 DAGs
[2024-09-16 20:30:48,387] {logging_mixin.py:115} INFO - [2024-09-16 20:30:48,387] {dag.py:2927} INFO - Setting next_dagrun for tutorial_etl_dag to None, run_after=None
[2024-09-16 20:30:48,403] {processor.py:161} INFO - Processing /home/airflow/.local/lib/python3.7/site-packages/airflow/example_dags/tutorial_etl_dag.py took 0.093 seconds
[2024-09-16 20:31:18,825] {processor.py:153} INFO - Started process (PID=1706) to work on /home/airflow/.local/lib/python3.7/site-packages/airflow/example_dags/tutorial_etl_dag.py
[2024-09-16 20:31:18,827] {processor.py:641} INFO - Processing file /home/airflow/.local/lib/python3.7/site-packages/airflow/example_dags/tutorial_etl_dag.py for tasks to queue
[2024-09-16 20:31:18,827] {logging_mixin.py:115} INFO - [2024-09-16 20:31:18,827] {dagbag.py:507} INFO - Filling up the DagBag from /home/airflow/.local/lib/python3.7/site-packages/airflow/example_dags/tutorial_etl_dag.py
[2024-09-16 20:31:18,835] {processor.py:651} INFO - DAG(s) dict_keys(['tutorial_etl_dag']) retrieved from /home/airflow/.local/lib/python3.7/site-packages/airflow/example_dags/tutorial_etl_dag.py
[2024-09-16 20:31:18,867] {logging_mixin.py:115} INFO - [2024-09-16 20:31:18,867] {dag.py:2379} INFO - Sync 1 DAGs
[2024-09-16 20:31:18,896] {logging_mixin.py:115} INFO - [2024-09-16 20:31:18,896] {dag.py:2927} INFO - Setting next_dagrun for tutorial_etl_dag to None, run_after=None
[2024-09-16 20:31:18,912] {processor.py:161} INFO - Processing /home/airflow/.local/lib/python3.7/site-packages/airflow/example_dags/tutorial_etl_dag.py took 0.090 seconds
[2024-09-16 20:31:49,363] {processor.py:153} INFO - Started process (PID=1748) to work on /home/airflow/.local/lib/python3.7/site-packages/airflow/example_dags/tutorial_etl_dag.py
[2024-09-16 20:31:49,366] {processor.py:641} INFO - Processing file /home/airflow/.local/lib/python3.7/site-packages/airflow/example_dags/tutorial_etl_dag.py for tasks to queue
[2024-09-16 20:31:49,367] {logging_mixin.py:115} INFO - [2024-09-16 20:31:49,367] {dagbag.py:507} INFO - Filling up the DagBag from /home/airflow/.local/lib/python3.7/site-packages/airflow/example_dags/tutorial_etl_dag.py
[2024-09-16 20:31:49,376] {processor.py:651} INFO - DAG(s) dict_keys(['tutorial_etl_dag']) retrieved from /home/airflow/.local/lib/python3.7/site-packages/airflow/example_dags/tutorial_etl_dag.py
[2024-09-16 20:31:49,409] {logging_mixin.py:115} INFO - [2024-09-16 20:31:49,409] {dag.py:2379} INFO - Sync 1 DAGs
[2024-09-16 20:31:49,436] {logging_mixin.py:115} INFO - [2024-09-16 20:31:49,436] {dag.py:2927} INFO - Setting next_dagrun for tutorial_etl_dag to None, run_after=None
[2024-09-16 20:31:49,450] {processor.py:161} INFO - Processing /home/airflow/.local/lib/python3.7/site-packages/airflow/example_dags/tutorial_etl_dag.py took 0.092 seconds
[2024-09-16 20:32:19,979] {processor.py:153} INFO - Started process (PID=1790) to work on /home/airflow/.local/lib/python3.7/site-packages/airflow/example_dags/tutorial_etl_dag.py
[2024-09-16 20:32:19,980] {processor.py:641} INFO - Processing file /home/airflow/.local/lib/python3.7/site-packages/airflow/example_dags/tutorial_etl_dag.py for tasks to queue
[2024-09-16 20:32:19,980] {logging_mixin.py:115} INFO - [2024-09-16 20:32:19,980] {dagbag.py:507} INFO - Filling up the DagBag from /home/airflow/.local/lib/python3.7/site-packages/airflow/example_dags/tutorial_etl_dag.py
[2024-09-16 20:32:19,990] {processor.py:651} INFO - DAG(s) dict_keys(['tutorial_etl_dag']) retrieved from /home/airflow/.local/lib/python3.7/site-packages/airflow/example_dags/tutorial_etl_dag.py
[2024-09-16 20:32:20,020] {logging_mixin.py:115} INFO - [2024-09-16 20:32:20,020] {dag.py:2379} INFO - Sync 1 DAGs
[2024-09-16 20:32:20,047] {logging_mixin.py:115} INFO - [2024-09-16 20:32:20,047] {dag.py:2927} INFO - Setting next_dagrun for tutorial_etl_dag to None, run_after=None
[2024-09-16 20:32:20,063] {processor.py:161} INFO - Processing /home/airflow/.local/lib/python3.7/site-packages/airflow/example_dags/tutorial_etl_dag.py took 0.089 seconds
[2024-09-16 20:32:50,358] {processor.py:153} INFO - Started process (PID=1832) to work on /home/airflow/.local/lib/python3.7/site-packages/airflow/example_dags/tutorial_etl_dag.py
[2024-09-16 20:32:50,360] {processor.py:641} INFO - Processing file /home/airflow/.local/lib/python3.7/site-packages/airflow/example_dags/tutorial_etl_dag.py for tasks to queue
[2024-09-16 20:32:50,361] {logging_mixin.py:115} INFO - [2024-09-16 20:32:50,361] {dagbag.py:507} INFO - Filling up the DagBag from /home/airflow/.local/lib/python3.7/site-packages/airflow/example_dags/tutorial_etl_dag.py
[2024-09-16 20:32:50,372] {processor.py:651} INFO - DAG(s) dict_keys(['tutorial_etl_dag']) retrieved from /home/airflow/.local/lib/python3.7/site-packages/airflow/example_dags/tutorial_etl_dag.py
[2024-09-16 20:32:50,418] {logging_mixin.py:115} INFO - [2024-09-16 20:32:50,417] {dag.py:2379} INFO - Sync 1 DAGs
[2024-09-16 20:32:50,447] {logging_mixin.py:115} INFO - [2024-09-16 20:32:50,447] {dag.py:2927} INFO - Setting next_dagrun for tutorial_etl_dag to None, run_after=None
[2024-09-16 20:32:50,463] {processor.py:161} INFO - Processing /home/airflow/.local/lib/python3.7/site-packages/airflow/example_dags/tutorial_etl_dag.py took 0.109 seconds
[2024-09-16 20:33:21,000] {processor.py:153} INFO - Started process (PID=1874) to work on /home/airflow/.local/lib/python3.7/site-packages/airflow/example_dags/tutorial_etl_dag.py
[2024-09-16 20:33:21,000] {processor.py:641} INFO - Processing file /home/airflow/.local/lib/python3.7/site-packages/airflow/example_dags/tutorial_etl_dag.py for tasks to queue
[2024-09-16 20:33:21,001] {logging_mixin.py:115} INFO - [2024-09-16 20:33:21,001] {dagbag.py:507} INFO - Filling up the DagBag from /home/airflow/.local/lib/python3.7/site-packages/airflow/example_dags/tutorial_etl_dag.py
[2024-09-16 20:33:21,010] {processor.py:651} INFO - DAG(s) dict_keys(['tutorial_etl_dag']) retrieved from /home/airflow/.local/lib/python3.7/site-packages/airflow/example_dags/tutorial_etl_dag.py
[2024-09-16 20:33:21,044] {logging_mixin.py:115} INFO - [2024-09-16 20:33:21,043] {dag.py:2379} INFO - Sync 1 DAGs
[2024-09-16 20:33:21,077] {logging_mixin.py:115} INFO - [2024-09-16 20:33:21,077] {dag.py:2927} INFO - Setting next_dagrun for tutorial_etl_dag to None, run_after=None
[2024-09-16 20:33:21,094] {processor.py:161} INFO - Processing /home/airflow/.local/lib/python3.7/site-packages/airflow/example_dags/tutorial_etl_dag.py took 0.098 seconds
[2024-09-16 20:33:51,278] {processor.py:153} INFO - Started process (PID=1916) to work on /home/airflow/.local/lib/python3.7/site-packages/airflow/example_dags/tutorial_etl_dag.py
[2024-09-16 20:33:51,279] {processor.py:641} INFO - Processing file /home/airflow/.local/lib/python3.7/site-packages/airflow/example_dags/tutorial_etl_dag.py for tasks to queue
[2024-09-16 20:33:51,279] {logging_mixin.py:115} INFO - [2024-09-16 20:33:51,279] {dagbag.py:507} INFO - Filling up the DagBag from /home/airflow/.local/lib/python3.7/site-packages/airflow/example_dags/tutorial_etl_dag.py
[2024-09-16 20:33:51,289] {processor.py:651} INFO - DAG(s) dict_keys(['tutorial_etl_dag']) retrieved from /home/airflow/.local/lib/python3.7/site-packages/airflow/example_dags/tutorial_etl_dag.py
[2024-09-16 20:33:51,334] {logging_mixin.py:115} INFO - [2024-09-16 20:33:51,334] {dag.py:2379} INFO - Sync 1 DAGs
[2024-09-16 20:33:51,362] {logging_mixin.py:115} INFO - [2024-09-16 20:33:51,362] {dag.py:2927} INFO - Setting next_dagrun for tutorial_etl_dag to None, run_after=None
[2024-09-16 20:33:51,376] {processor.py:161} INFO - Processing /home/airflow/.local/lib/python3.7/site-packages/airflow/example_dags/tutorial_etl_dag.py took 0.102 seconds
[2024-09-16 20:34:22,171] {processor.py:153} INFO - Started process (PID=1958) to work on /home/airflow/.local/lib/python3.7/site-packages/airflow/example_dags/tutorial_etl_dag.py
[2024-09-16 20:34:22,172] {processor.py:641} INFO - Processing file /home/airflow/.local/lib/python3.7/site-packages/airflow/example_dags/tutorial_etl_dag.py for tasks to queue
[2024-09-16 20:34:22,173] {logging_mixin.py:115} INFO - [2024-09-16 20:34:22,173] {dagbag.py:507} INFO - Filling up the DagBag from /home/airflow/.local/lib/python3.7/site-packages/airflow/example_dags/tutorial_etl_dag.py
[2024-09-16 20:34:22,186] {processor.py:651} INFO - DAG(s) dict_keys(['tutorial_etl_dag']) retrieved from /home/airflow/.local/lib/python3.7/site-packages/airflow/example_dags/tutorial_etl_dag.py
[2024-09-16 20:34:22,243] {logging_mixin.py:115} INFO - [2024-09-16 20:34:22,243] {dag.py:2379} INFO - Sync 1 DAGs
[2024-09-16 20:34:22,285] {logging_mixin.py:115} INFO - [2024-09-16 20:34:22,285] {dag.py:2927} INFO - Setting next_dagrun for tutorial_etl_dag to None, run_after=None
[2024-09-16 20:34:22,305] {processor.py:161} INFO - Processing /home/airflow/.local/lib/python3.7/site-packages/airflow/example_dags/tutorial_etl_dag.py took 0.140 seconds
[2024-09-16 20:34:52,722] {processor.py:153} INFO - Started process (PID=1999) to work on /home/airflow/.local/lib/python3.7/site-packages/airflow/example_dags/tutorial_etl_dag.py
[2024-09-16 20:34:52,723] {processor.py:641} INFO - Processing file /home/airflow/.local/lib/python3.7/site-packages/airflow/example_dags/tutorial_etl_dag.py for tasks to queue
[2024-09-16 20:34:52,723] {logging_mixin.py:115} INFO - [2024-09-16 20:34:52,723] {dagbag.py:507} INFO - Filling up the DagBag from /home/airflow/.local/lib/python3.7/site-packages/airflow/example_dags/tutorial_etl_dag.py
[2024-09-16 20:34:52,736] {processor.py:651} INFO - DAG(s) dict_keys(['tutorial_etl_dag']) retrieved from /home/airflow/.local/lib/python3.7/site-packages/airflow/example_dags/tutorial_etl_dag.py
[2024-09-16 20:34:52,790] {logging_mixin.py:115} INFO - [2024-09-16 20:34:52,790] {dag.py:2379} INFO - Sync 1 DAGs
[2024-09-16 20:34:52,818] {logging_mixin.py:115} INFO - [2024-09-16 20:34:52,818] {dag.py:2927} INFO - Setting next_dagrun for tutorial_etl_dag to None, run_after=None
[2024-09-16 20:34:52,831] {processor.py:161} INFO - Processing /home/airflow/.local/lib/python3.7/site-packages/airflow/example_dags/tutorial_etl_dag.py took 0.113 seconds
[2024-09-16 20:35:23,027] {processor.py:153} INFO - Started process (PID=2041) to work on /home/airflow/.local/lib/python3.7/site-packages/airflow/example_dags/tutorial_etl_dag.py
[2024-09-16 20:35:23,028] {processor.py:641} INFO - Processing file /home/airflow/.local/lib/python3.7/site-packages/airflow/example_dags/tutorial_etl_dag.py for tasks to queue
[2024-09-16 20:35:23,029] {logging_mixin.py:115} INFO - [2024-09-16 20:35:23,029] {dagbag.py:507} INFO - Filling up the DagBag from /home/airflow/.local/lib/python3.7/site-packages/airflow/example_dags/tutorial_etl_dag.py
[2024-09-16 20:35:23,038] {processor.py:651} INFO - DAG(s) dict_keys(['tutorial_etl_dag']) retrieved from /home/airflow/.local/lib/python3.7/site-packages/airflow/example_dags/tutorial_etl_dag.py
[2024-09-16 20:35:23,078] {logging_mixin.py:115} INFO - [2024-09-16 20:35:23,078] {dag.py:2379} INFO - Sync 1 DAGs
[2024-09-16 20:35:23,108] {logging_mixin.py:115} INFO - [2024-09-16 20:35:23,108] {dag.py:2927} INFO - Setting next_dagrun for tutorial_etl_dag to None, run_after=None
[2024-09-16 20:35:23,123] {processor.py:161} INFO - Processing /home/airflow/.local/lib/python3.7/site-packages/airflow/example_dags/tutorial_etl_dag.py took 0.099 seconds
[2024-09-16 20:35:53,670] {processor.py:153} INFO - Started process (PID=2083) to work on /home/airflow/.local/lib/python3.7/site-packages/airflow/example_dags/tutorial_etl_dag.py
[2024-09-16 20:35:53,671] {processor.py:641} INFO - Processing file /home/airflow/.local/lib/python3.7/site-packages/airflow/example_dags/tutorial_etl_dag.py for tasks to queue
[2024-09-16 20:35:53,672] {logging_mixin.py:115} INFO - [2024-09-16 20:35:53,672] {dagbag.py:507} INFO - Filling up the DagBag from /home/airflow/.local/lib/python3.7/site-packages/airflow/example_dags/tutorial_etl_dag.py
[2024-09-16 20:35:53,687] {processor.py:651} INFO - DAG(s) dict_keys(['tutorial_etl_dag']) retrieved from /home/airflow/.local/lib/python3.7/site-packages/airflow/example_dags/tutorial_etl_dag.py
[2024-09-16 20:35:53,751] {logging_mixin.py:115} INFO - [2024-09-16 20:35:53,751] {dag.py:2379} INFO - Sync 1 DAGs
[2024-09-16 20:35:53,780] {logging_mixin.py:115} INFO - [2024-09-16 20:35:53,780] {dag.py:2927} INFO - Setting next_dagrun for tutorial_etl_dag to None, run_after=None
[2024-09-16 20:35:53,796] {processor.py:161} INFO - Processing /home/airflow/.local/lib/python3.7/site-packages/airflow/example_dags/tutorial_etl_dag.py took 0.130 seconds
[2024-09-16 20:36:24,267] {processor.py:153} INFO - Started process (PID=2125) to work on /home/airflow/.local/lib/python3.7/site-packages/airflow/example_dags/tutorial_etl_dag.py
[2024-09-16 20:36:24,271] {processor.py:641} INFO - Processing file /home/airflow/.local/lib/python3.7/site-packages/airflow/example_dags/tutorial_etl_dag.py for tasks to queue
[2024-09-16 20:36:24,271] {logging_mixin.py:115} INFO - [2024-09-16 20:36:24,271] {dagbag.py:507} INFO - Filling up the DagBag from /home/airflow/.local/lib/python3.7/site-packages/airflow/example_dags/tutorial_etl_dag.py
[2024-09-16 20:36:24,288] {processor.py:651} INFO - DAG(s) dict_keys(['tutorial_etl_dag']) retrieved from /home/airflow/.local/lib/python3.7/site-packages/airflow/example_dags/tutorial_etl_dag.py
[2024-09-16 20:36:24,326] {logging_mixin.py:115} INFO - [2024-09-16 20:36:24,326] {dag.py:2379} INFO - Sync 1 DAGs
[2024-09-16 20:36:24,356] {logging_mixin.py:115} INFO - [2024-09-16 20:36:24,355] {dag.py:2927} INFO - Setting next_dagrun for tutorial_etl_dag to None, run_after=None
[2024-09-16 20:36:24,373] {processor.py:161} INFO - Processing /home/airflow/.local/lib/python3.7/site-packages/airflow/example_dags/tutorial_etl_dag.py took 0.112 seconds
[2024-09-16 20:36:54,951] {processor.py:153} INFO - Started process (PID=2166) to work on /home/airflow/.local/lib/python3.7/site-packages/airflow/example_dags/tutorial_etl_dag.py
[2024-09-16 20:36:54,951] {processor.py:641} INFO - Processing file /home/airflow/.local/lib/python3.7/site-packages/airflow/example_dags/tutorial_etl_dag.py for tasks to queue
[2024-09-16 20:36:54,952] {logging_mixin.py:115} INFO - [2024-09-16 20:36:54,952] {dagbag.py:507} INFO - Filling up the DagBag from /home/airflow/.local/lib/python3.7/site-packages/airflow/example_dags/tutorial_etl_dag.py
[2024-09-16 20:36:54,960] {processor.py:651} INFO - DAG(s) dict_keys(['tutorial_etl_dag']) retrieved from /home/airflow/.local/lib/python3.7/site-packages/airflow/example_dags/tutorial_etl_dag.py
[2024-09-16 20:36:54,993] {logging_mixin.py:115} INFO - [2024-09-16 20:36:54,993] {dag.py:2379} INFO - Sync 1 DAGs
[2024-09-16 20:36:55,023] {logging_mixin.py:115} INFO - [2024-09-16 20:36:55,022] {dag.py:2927} INFO - Setting next_dagrun for tutorial_etl_dag to None, run_after=None
[2024-09-16 20:36:55,038] {processor.py:161} INFO - Processing /home/airflow/.local/lib/python3.7/site-packages/airflow/example_dags/tutorial_etl_dag.py took 0.090 seconds
[2024-09-16 20:37:25,413] {processor.py:153} INFO - Started process (PID=2208) to work on /home/airflow/.local/lib/python3.7/site-packages/airflow/example_dags/tutorial_etl_dag.py
[2024-09-16 20:37:25,416] {processor.py:641} INFO - Processing file /home/airflow/.local/lib/python3.7/site-packages/airflow/example_dags/tutorial_etl_dag.py for tasks to queue
[2024-09-16 20:37:25,417] {logging_mixin.py:115} INFO - [2024-09-16 20:37:25,417] {dagbag.py:507} INFO - Filling up the DagBag from /home/airflow/.local/lib/python3.7/site-packages/airflow/example_dags/tutorial_etl_dag.py
[2024-09-16 20:37:25,426] {processor.py:651} INFO - DAG(s) dict_keys(['tutorial_etl_dag']) retrieved from /home/airflow/.local/lib/python3.7/site-packages/airflow/example_dags/tutorial_etl_dag.py
[2024-09-16 20:37:25,458] {logging_mixin.py:115} INFO - [2024-09-16 20:37:25,458] {dag.py:2379} INFO - Sync 1 DAGs
[2024-09-16 20:37:25,486] {logging_mixin.py:115} INFO - [2024-09-16 20:37:25,486] {dag.py:2927} INFO - Setting next_dagrun for tutorial_etl_dag to None, run_after=None
[2024-09-16 20:37:25,499] {processor.py:161} INFO - Processing /home/airflow/.local/lib/python3.7/site-packages/airflow/example_dags/tutorial_etl_dag.py took 0.091 seconds
[2024-09-16 20:37:56,277] {processor.py:153} INFO - Started process (PID=2249) to work on /home/airflow/.local/lib/python3.7/site-packages/airflow/example_dags/tutorial_etl_dag.py
[2024-09-16 20:37:56,278] {processor.py:641} INFO - Processing file /home/airflow/.local/lib/python3.7/site-packages/airflow/example_dags/tutorial_etl_dag.py for tasks to queue
[2024-09-16 20:37:56,279] {logging_mixin.py:115} INFO - [2024-09-16 20:37:56,279] {dagbag.py:507} INFO - Filling up the DagBag from /home/airflow/.local/lib/python3.7/site-packages/airflow/example_dags/tutorial_etl_dag.py
[2024-09-16 20:37:56,288] {processor.py:651} INFO - DAG(s) dict_keys(['tutorial_etl_dag']) retrieved from /home/airflow/.local/lib/python3.7/site-packages/airflow/example_dags/tutorial_etl_dag.py
[2024-09-16 20:37:56,320] {logging_mixin.py:115} INFO - [2024-09-16 20:37:56,320] {dag.py:2379} INFO - Sync 1 DAGs
[2024-09-16 20:37:56,347] {logging_mixin.py:115} INFO - [2024-09-16 20:37:56,347] {dag.py:2927} INFO - Setting next_dagrun for tutorial_etl_dag to None, run_after=None
[2024-09-16 20:37:56,361] {processor.py:161} INFO - Processing /home/airflow/.local/lib/python3.7/site-packages/airflow/example_dags/tutorial_etl_dag.py took 0.089 seconds
[2024-09-16 20:38:27,081] {processor.py:153} INFO - Started process (PID=2290) to work on /home/airflow/.local/lib/python3.7/site-packages/airflow/example_dags/tutorial_etl_dag.py
[2024-09-16 20:38:27,081] {processor.py:641} INFO - Processing file /home/airflow/.local/lib/python3.7/site-packages/airflow/example_dags/tutorial_etl_dag.py for tasks to queue
[2024-09-16 20:38:27,082] {logging_mixin.py:115} INFO - [2024-09-16 20:38:27,082] {dagbag.py:507} INFO - Filling up the DagBag from /home/airflow/.local/lib/python3.7/site-packages/airflow/example_dags/tutorial_etl_dag.py
[2024-09-16 20:38:27,092] {processor.py:651} INFO - DAG(s) dict_keys(['tutorial_etl_dag']) retrieved from /home/airflow/.local/lib/python3.7/site-packages/airflow/example_dags/tutorial_etl_dag.py
[2024-09-16 20:38:27,124] {logging_mixin.py:115} INFO - [2024-09-16 20:38:27,124] {dag.py:2379} INFO - Sync 1 DAGs
[2024-09-16 20:38:27,155] {logging_mixin.py:115} INFO - [2024-09-16 20:38:27,155] {dag.py:2927} INFO - Setting next_dagrun for tutorial_etl_dag to None, run_after=None
[2024-09-16 20:38:27,170] {processor.py:161} INFO - Processing /home/airflow/.local/lib/python3.7/site-packages/airflow/example_dags/tutorial_etl_dag.py took 0.093 seconds
[2024-09-16 20:38:58,077] {processor.py:153} INFO - Started process (PID=2332) to work on /home/airflow/.local/lib/python3.7/site-packages/airflow/example_dags/tutorial_etl_dag.py
[2024-09-16 20:38:58,078] {processor.py:641} INFO - Processing file /home/airflow/.local/lib/python3.7/site-packages/airflow/example_dags/tutorial_etl_dag.py for tasks to queue
[2024-09-16 20:38:58,078] {logging_mixin.py:115} INFO - [2024-09-16 20:38:58,078] {dagbag.py:507} INFO - Filling up the DagBag from /home/airflow/.local/lib/python3.7/site-packages/airflow/example_dags/tutorial_etl_dag.py
[2024-09-16 20:38:58,087] {processor.py:651} INFO - DAG(s) dict_keys(['tutorial_etl_dag']) retrieved from /home/airflow/.local/lib/python3.7/site-packages/airflow/example_dags/tutorial_etl_dag.py
[2024-09-16 20:38:58,120] {logging_mixin.py:115} INFO - [2024-09-16 20:38:58,119] {dag.py:2379} INFO - Sync 1 DAGs
[2024-09-16 20:38:58,147] {logging_mixin.py:115} INFO - [2024-09-16 20:38:58,147] {dag.py:2927} INFO - Setting next_dagrun for tutorial_etl_dag to None, run_after=None
[2024-09-16 20:38:58,161] {processor.py:161} INFO - Processing /home/airflow/.local/lib/python3.7/site-packages/airflow/example_dags/tutorial_etl_dag.py took 0.088 seconds
