[2024-09-10 14:29:39,558] {processor.py:153} INFO - Started process (PID=42) to work on /opt/airflow/dags/stream.py
[2024-09-10 14:29:39,559] {processor.py:641} INFO - Processing file /opt/airflow/dags/stream.py for tasks to queue
[2024-09-10 14:29:39,559] {logging_mixin.py:115} INFO - [2024-09-10 14:29:39,559] {dagbag.py:507} INFO - Filling up the DagBag from /opt/airflow/dags/stream.py
[2024-09-10 14:29:40,191] {processor.py:651} INFO - DAG(s) dict_keys(['scrapy_spiders_dag']) retrieved from /opt/airflow/dags/stream.py
[2024-09-10 14:29:40,301] {logging_mixin.py:115} INFO - [2024-09-10 14:29:40,300] {manager.py:508} INFO - Created Permission View: can delete on DAG:scrapy_spiders_dag
[2024-09-10 14:29:40,332] {logging_mixin.py:115} INFO - [2024-09-10 14:29:40,332] {dag.py:2379} INFO - Sync 1 DAGs
[2024-09-10 14:29:40,380] {logging_mixin.py:115} INFO - [2024-09-10 14:29:40,379] {dag.py:2927} INFO - Setting next_dagrun for scrapy_spiders_dag to 2024-09-10T13:29:40.379717+00:00, run_after=2024-09-10T14:29:40.379717+00:00
[2024-09-10 14:29:40,407] {processor.py:161} INFO - Processing /opt/airflow/dags/stream.py took 0.852 seconds
[2024-09-10 14:30:10,835] {processor.py:153} INFO - Started process (PID=114) to work on /opt/airflow/dags/stream.py
[2024-09-10 14:30:10,836] {processor.py:641} INFO - Processing file /opt/airflow/dags/stream.py for tasks to queue
[2024-09-10 14:30:10,836] {logging_mixin.py:115} INFO - [2024-09-10 14:30:10,836] {dagbag.py:507} INFO - Filling up the DagBag from /opt/airflow/dags/stream.py
[2024-09-10 14:30:11,245] {processor.py:651} INFO - DAG(s) dict_keys(['scrapy_spiders_dag']) retrieved from /opt/airflow/dags/stream.py
[2024-09-10 14:30:11,274] {logging_mixin.py:115} INFO - [2024-09-10 14:30:11,273] {dag.py:2379} INFO - Sync 1 DAGs
[2024-09-10 14:30:11,300] {logging_mixin.py:115} INFO - [2024-09-10 14:30:11,300] {dag.py:2927} INFO - Setting next_dagrun for scrapy_spiders_dag to 2024-09-10T14:29:40.379717+00:00, run_after=2024-09-10T15:29:40.379717+00:00
[2024-09-10 14:30:11,314] {processor.py:161} INFO - Processing /opt/airflow/dags/stream.py took 0.482 seconds
[2024-09-10 14:30:41,441] {processor.py:153} INFO - Started process (PID=159) to work on /opt/airflow/dags/stream.py
[2024-09-10 14:30:41,442] {processor.py:641} INFO - Processing file /opt/airflow/dags/stream.py for tasks to queue
[2024-09-10 14:30:41,443] {logging_mixin.py:115} INFO - [2024-09-10 14:30:41,443] {dagbag.py:507} INFO - Filling up the DagBag from /opt/airflow/dags/stream.py
[2024-09-10 14:30:42,043] {processor.py:651} INFO - DAG(s) dict_keys(['scrapy_spiders_dag']) retrieved from /opt/airflow/dags/stream.py
[2024-09-10 14:30:42,145] {logging_mixin.py:115} INFO - [2024-09-10 14:30:42,145] {dag.py:2379} INFO - Sync 1 DAGs
[2024-09-10 14:30:42,177] {logging_mixin.py:115} INFO - [2024-09-10 14:30:42,177] {dag.py:2927} INFO - Setting next_dagrun for scrapy_spiders_dag to 2024-09-10T14:29:40.379717+00:00, run_after=2024-09-10T15:29:40.379717+00:00
[2024-09-10 14:30:42,195] {processor.py:161} INFO - Processing /opt/airflow/dags/stream.py took 0.764 seconds
[2024-09-10 14:31:12,452] {processor.py:153} INFO - Started process (PID=201) to work on /opt/airflow/dags/stream.py
[2024-09-10 14:31:12,453] {processor.py:641} INFO - Processing file /opt/airflow/dags/stream.py for tasks to queue
[2024-09-10 14:31:12,454] {logging_mixin.py:115} INFO - [2024-09-10 14:31:12,453] {dagbag.py:507} INFO - Filling up the DagBag from /opt/airflow/dags/stream.py
[2024-09-10 14:31:12,915] {processor.py:651} INFO - DAG(s) dict_keys(['scrapy_spiders_dag']) retrieved from /opt/airflow/dags/stream.py
[2024-09-10 14:31:12,966] {logging_mixin.py:115} INFO - [2024-09-10 14:31:12,966] {dag.py:2379} INFO - Sync 1 DAGs
[2024-09-10 14:31:12,991] {logging_mixin.py:115} INFO - [2024-09-10 14:31:12,991] {dag.py:2927} INFO - Setting next_dagrun for scrapy_spiders_dag to 2024-09-10T14:29:40.379717+00:00, run_after=2024-09-10T15:29:40.379717+00:00
[2024-09-10 14:31:13,003] {processor.py:161} INFO - Processing /opt/airflow/dags/stream.py took 0.557 seconds
[2024-09-10 14:31:43,983] {processor.py:153} INFO - Started process (PID=244) to work on /opt/airflow/dags/stream.py
[2024-09-10 14:31:43,984] {processor.py:641} INFO - Processing file /opt/airflow/dags/stream.py for tasks to queue
[2024-09-10 14:31:43,985] {logging_mixin.py:115} INFO - [2024-09-10 14:31:43,985] {dagbag.py:507} INFO - Filling up the DagBag from /opt/airflow/dags/stream.py
[2024-09-10 14:31:44,364] {processor.py:651} INFO - DAG(s) dict_keys(['scrapy_spiders_dag']) retrieved from /opt/airflow/dags/stream.py
[2024-09-10 14:31:44,402] {logging_mixin.py:115} INFO - [2024-09-10 14:31:44,402] {dag.py:2379} INFO - Sync 1 DAGs
[2024-09-10 14:31:44,427] {logging_mixin.py:115} INFO - [2024-09-10 14:31:44,427] {dag.py:2927} INFO - Setting next_dagrun for scrapy_spiders_dag to 2024-09-10T14:29:40.379717+00:00, run_after=2024-09-10T15:29:40.379717+00:00
[2024-09-10 14:31:44,439] {processor.py:161} INFO - Processing /opt/airflow/dags/stream.py took 0.462 seconds
[2024-09-10 14:31:59,505] {processor.py:153} INFO - Started process (PID=276) to work on /opt/airflow/dags/stream.py
[2024-09-10 14:31:59,506] {processor.py:641} INFO - Processing file /opt/airflow/dags/stream.py for tasks to queue
[2024-09-10 14:31:59,506] {logging_mixin.py:115} INFO - [2024-09-10 14:31:59,506] {dagbag.py:507} INFO - Filling up the DagBag from /opt/airflow/dags/stream.py
[2024-09-10 14:31:59,878] {processor.py:651} INFO - DAG(s) dict_keys(['scrapy_spiders_dag']) retrieved from /opt/airflow/dags/stream.py
[2024-09-10 14:31:59,922] {logging_mixin.py:115} INFO - [2024-09-10 14:31:59,922] {dag.py:2379} INFO - Sync 1 DAGs
[2024-09-10 14:31:59,942] {logging_mixin.py:115} INFO - [2024-09-10 14:31:59,942] {dag.py:2927} INFO - Setting next_dagrun for scrapy_spiders_dag to 2024-09-10T14:29:40.379717+00:00, run_after=2024-09-10T15:29:40.379717+00:00
[2024-09-10 14:31:59,954] {processor.py:161} INFO - Processing /opt/airflow/dags/stream.py took 0.452 seconds
[2024-09-10 14:32:02,991] {processor.py:153} INFO - Started process (PID=284) to work on /opt/airflow/dags/stream.py
[2024-09-10 14:32:02,991] {processor.py:641} INFO - Processing file /opt/airflow/dags/stream.py for tasks to queue
[2024-09-10 14:32:02,992] {logging_mixin.py:115} INFO - [2024-09-10 14:32:02,992] {dagbag.py:507} INFO - Filling up the DagBag from /opt/airflow/dags/stream.py
[2024-09-10 14:32:03,341] {processor.py:651} INFO - DAG(s) dict_keys(['scrapy_spiders_dag']) retrieved from /opt/airflow/dags/stream.py
[2024-09-10 14:32:03,391] {logging_mixin.py:115} INFO - [2024-09-10 14:32:03,391] {dag.py:2379} INFO - Sync 1 DAGs
[2024-09-10 14:32:03,419] {logging_mixin.py:115} INFO - [2024-09-10 14:32:03,418] {dag.py:2927} INFO - Setting next_dagrun for scrapy_spiders_dag to 2024-09-10T14:29:40.379717+00:00, run_after=2024-09-10T15:29:40.379717+00:00
[2024-09-10 14:32:03,435] {processor.py:161} INFO - Processing /opt/airflow/dags/stream.py took 0.448 seconds
[2024-09-10 14:32:34,119] {processor.py:153} INFO - Started process (PID=326) to work on /opt/airflow/dags/stream.py
[2024-09-10 14:32:34,120] {processor.py:641} INFO - Processing file /opt/airflow/dags/stream.py for tasks to queue
[2024-09-10 14:32:34,120] {logging_mixin.py:115} INFO - [2024-09-10 14:32:34,120] {dagbag.py:507} INFO - Filling up the DagBag from /opt/airflow/dags/stream.py
[2024-09-10 14:32:34,491] {processor.py:651} INFO - DAG(s) dict_keys(['scrapy_spiders_dag']) retrieved from /opt/airflow/dags/stream.py
[2024-09-10 14:32:34,583] {logging_mixin.py:115} INFO - [2024-09-10 14:32:34,583] {dag.py:2379} INFO - Sync 1 DAGs
[2024-09-10 14:32:34,605] {logging_mixin.py:115} INFO - [2024-09-10 14:32:34,605] {dag.py:2927} INFO - Setting next_dagrun for scrapy_spiders_dag to 2024-09-10T14:29:40.379717+00:00, run_after=2024-09-10T15:29:40.379717+00:00
[2024-09-10 14:32:34,617] {processor.py:161} INFO - Processing /opt/airflow/dags/stream.py took 0.501 seconds
[2024-09-10 14:33:04,872] {processor.py:153} INFO - Started process (PID=368) to work on /opt/airflow/dags/stream.py
[2024-09-10 14:33:04,872] {processor.py:641} INFO - Processing file /opt/airflow/dags/stream.py for tasks to queue
[2024-09-10 14:33:04,873] {logging_mixin.py:115} INFO - [2024-09-10 14:33:04,873] {dagbag.py:507} INFO - Filling up the DagBag from /opt/airflow/dags/stream.py
[2024-09-10 14:33:05,212] {processor.py:651} INFO - DAG(s) dict_keys(['scrapy_spiders_dag']) retrieved from /opt/airflow/dags/stream.py
[2024-09-10 14:33:05,268] {logging_mixin.py:115} INFO - [2024-09-10 14:33:05,267] {dag.py:2379} INFO - Sync 1 DAGs
[2024-09-10 14:33:05,295] {logging_mixin.py:115} INFO - [2024-09-10 14:33:05,295] {dag.py:2927} INFO - Setting next_dagrun for scrapy_spiders_dag to 2024-09-10T14:29:40.379717+00:00, run_after=2024-09-10T15:29:40.379717+00:00
[2024-09-10 14:33:05,307] {processor.py:161} INFO - Processing /opt/airflow/dags/stream.py took 0.439 seconds
[2024-09-10 14:33:14,999] {processor.py:153} INFO - Started process (PID=372) to work on /opt/airflow/dags/stream.py
[2024-09-10 14:33:15,000] {processor.py:641} INFO - Processing file /opt/airflow/dags/stream.py for tasks to queue
[2024-09-10 14:33:15,000] {logging_mixin.py:115} INFO - [2024-09-10 14:33:15,000] {dagbag.py:507} INFO - Filling up the DagBag from /opt/airflow/dags/stream.py
[2024-09-10 14:33:15,430] {processor.py:651} INFO - DAG(s) dict_keys(['scrapy_spiders_dag']) retrieved from /opt/airflow/dags/stream.py
[2024-09-10 14:33:15,464] {logging_mixin.py:115} INFO - [2024-09-10 14:33:15,464] {dag.py:2379} INFO - Sync 1 DAGs
[2024-09-10 14:33:15,488] {logging_mixin.py:115} INFO - [2024-09-10 14:33:15,488] {dag.py:2927} INFO - Setting next_dagrun for scrapy_spiders_dag to 2024-09-10T14:29:40.379717+00:00, run_after=2024-09-10T15:29:40.379717+00:00
[2024-09-10 14:33:15,501] {processor.py:161} INFO - Processing /opt/airflow/dags/stream.py took 0.507 seconds
[2024-09-10 14:33:20,733] {processor.py:153} INFO - Started process (PID=387) to work on /opt/airflow/dags/stream.py
[2024-09-10 14:33:20,734] {processor.py:641} INFO - Processing file /opt/airflow/dags/stream.py for tasks to queue
[2024-09-10 14:33:20,734] {logging_mixin.py:115} INFO - [2024-09-10 14:33:20,734] {dagbag.py:507} INFO - Filling up the DagBag from /opt/airflow/dags/stream.py
[2024-09-10 14:33:21,120] {processor.py:651} INFO - DAG(s) dict_keys(['scrapy_spiders_dag']) retrieved from /opt/airflow/dags/stream.py
[2024-09-10 14:33:21,151] {logging_mixin.py:115} INFO - [2024-09-10 14:33:21,151] {dag.py:2379} INFO - Sync 1 DAGs
[2024-09-10 14:33:21,183] {logging_mixin.py:115} INFO - [2024-09-10 14:33:21,183] {dag.py:2927} INFO - Setting next_dagrun for scrapy_spiders_dag to 2024-09-10T14:29:40.379717+00:00, run_after=2024-09-10T15:29:40.379717+00:00
[2024-09-10 14:33:21,199] {processor.py:161} INFO - Processing /opt/airflow/dags/stream.py took 0.470 seconds
[2024-09-10 14:33:27,864] {processor.py:153} INFO - Started process (PID=399) to work on /opt/airflow/dags/stream.py
[2024-09-10 14:33:27,865] {processor.py:641} INFO - Processing file /opt/airflow/dags/stream.py for tasks to queue
[2024-09-10 14:33:27,865] {logging_mixin.py:115} INFO - [2024-09-10 14:33:27,865] {dagbag.py:507} INFO - Filling up the DagBag from /opt/airflow/dags/stream.py
[2024-09-10 14:33:28,481] {processor.py:651} INFO - DAG(s) dict_keys(['scrapy_spiders_dag']) retrieved from /opt/airflow/dags/stream.py
[2024-09-10 14:33:28,550] {logging_mixin.py:115} INFO - [2024-09-10 14:33:28,550] {dag.py:2379} INFO - Sync 1 DAGs
[2024-09-10 14:33:28,587] {logging_mixin.py:115} INFO - [2024-09-10 14:33:28,586] {dag.py:2927} INFO - Setting next_dagrun for scrapy_spiders_dag to 2024-09-10T14:29:40.379717+00:00, run_after=2024-09-10T15:29:40.379717+00:00
[2024-09-10 14:33:28,621] {processor.py:161} INFO - Processing /opt/airflow/dags/stream.py took 0.761 seconds
[2024-09-10 14:33:58,973] {processor.py:153} INFO - Started process (PID=441) to work on /opt/airflow/dags/stream.py
[2024-09-10 14:33:58,974] {processor.py:641} INFO - Processing file /opt/airflow/dags/stream.py for tasks to queue
[2024-09-10 14:33:58,975] {logging_mixin.py:115} INFO - [2024-09-10 14:33:58,975] {dagbag.py:507} INFO - Filling up the DagBag from /opt/airflow/dags/stream.py
[2024-09-10 14:33:59,313] {processor.py:651} INFO - DAG(s) dict_keys(['scrapy_spiders_dag']) retrieved from /opt/airflow/dags/stream.py
[2024-09-10 14:33:59,336] {logging_mixin.py:115} INFO - [2024-09-10 14:33:59,336] {dag.py:2379} INFO - Sync 1 DAGs
[2024-09-10 14:33:59,361] {logging_mixin.py:115} INFO - [2024-09-10 14:33:59,361] {dag.py:2927} INFO - Setting next_dagrun for scrapy_spiders_dag to 2024-09-10T14:29:40.379717+00:00, run_after=2024-09-10T15:29:40.379717+00:00
[2024-09-10 14:33:59,373] {processor.py:161} INFO - Processing /opt/airflow/dags/stream.py took 0.405 seconds
[2024-09-10 14:34:29,485] {processor.py:153} INFO - Started process (PID=483) to work on /opt/airflow/dags/stream.py
[2024-09-10 14:34:29,486] {processor.py:641} INFO - Processing file /opt/airflow/dags/stream.py for tasks to queue
[2024-09-10 14:34:29,487] {logging_mixin.py:115} INFO - [2024-09-10 14:34:29,487] {dagbag.py:507} INFO - Filling up the DagBag from /opt/airflow/dags/stream.py
[2024-09-10 14:34:29,829] {processor.py:651} INFO - DAG(s) dict_keys(['scrapy_spiders_dag']) retrieved from /opt/airflow/dags/stream.py
[2024-09-10 14:34:29,854] {logging_mixin.py:115} INFO - [2024-09-10 14:34:29,854] {dag.py:2379} INFO - Sync 1 DAGs
[2024-09-10 14:34:29,880] {logging_mixin.py:115} INFO - [2024-09-10 14:34:29,880] {dag.py:2927} INFO - Setting next_dagrun for scrapy_spiders_dag to 2024-09-10T14:29:40.379717+00:00, run_after=2024-09-10T15:29:40.379717+00:00
[2024-09-10 14:34:29,895] {processor.py:161} INFO - Processing /opt/airflow/dags/stream.py took 0.414 seconds
[2024-09-10 14:35:12,192] {processor.py:153} INFO - Started process (PID=514) to work on /opt/airflow/dags/stream.py
[2024-09-10 14:35:12,193] {processor.py:641} INFO - Processing file /opt/airflow/dags/stream.py for tasks to queue
[2024-09-10 14:35:12,195] {logging_mixin.py:115} INFO - [2024-09-10 14:35:12,194] {dagbag.py:507} INFO - Filling up the DagBag from /opt/airflow/dags/stream.py
[2024-09-10 14:35:12,855] {processor.py:651} INFO - DAG(s) dict_keys(['scrapy_spiders_dag']) retrieved from /opt/airflow/dags/stream.py
[2024-09-10 14:35:12,893] {logging_mixin.py:115} INFO - [2024-09-10 14:35:12,893] {dag.py:2379} INFO - Sync 1 DAGs
[2024-09-10 14:35:12,917] {logging_mixin.py:115} INFO - [2024-09-10 14:35:12,917] {dag.py:2927} INFO - Setting next_dagrun for scrapy_spiders_dag to 2024-09-10T14:29:40.379717+00:00, run_after=2024-09-10T15:29:40.379717+00:00
[2024-09-10 14:35:12,933] {processor.py:161} INFO - Processing /opt/airflow/dags/stream.py took 0.746 seconds
